---------------------
Profiling information

Pipeline: ants registrationSyN
NTHREAD: 1

DATASET: ds004513
SUBJECT_ID: s028

SIF_IMG: /mnt/lustre/mathdugre/containers/ants-debug.simg
DATA_DIR: /mnt/lustre/mathdugre/mri-bottleneck/datasets/ds004513

PROJECT_DIR: /mnt/lustre/mathdugre/mri-bottleneck
PROFILING_DIR: /mnt/lustre/mathdugre/mri-bottleneck/vtune_output/1-threads/ants/registrationSyN/ds004513/sub-s028/0bj6sZlFQCEj9FHmL1s6YIfvJ2BDin10
---------------------

Command to profile: bash tmp-scripts/0bj6sZlFQCEj9FHmL1s6YIfvJ2BDin10.sh

--------------------------------------------------------------------------------------
 Mapping parameters
--------------------------------------------------------------------------------------
 ANTSPATH is /opt/ants/bin

 Dimensionality:           3
 Output name prefix:       /data/derivatives/ants/registrationSyN/sub-s028/ses-open/anat/
 Fixed images:             /templateflow/tpl-MNI152NLin2009cAsym//tpl-MNI152NLin2009cAsym_res-01_desc-brain_T1w.nii.gz
 Moving images:            /data/derivatives/fsl/fast/sub-s028/ses-open/anat/BrainExtractionBrain_seg.nii.gz
 Mask images:              
 Initial transforms:       
 Number of threads:        1
 Spline distance:          26
 SyN gradient step:        0.1
 Transform type:           s
 CC radius:                4
 Precision:                d
 Use histogram matching    0
 Repro                     0
======================================================================================
 antsRegistration call:
--------------------------------------------------------------------------------------
/opt/ants/bin/antsRegistration --verbose 1 --dimensionality 3 --float 0 --collapse-output-transforms 1 --output [ /data/derivatives/ants/registrationSyN/sub-s028/ses-open/anat/,/data/derivatives/ants/registrationSyN/sub-s028/ses-open/anat/Warped.nii.gz,/data/derivatives/ants/registrationSyN/sub-s028/ses-open/anat/InverseWarped.nii.gz ] --interpolation Linear --use-histogram-matching 0 --winsorize-image-intensities [ 0.005,0.995 ] --initial-moving-transform [ /templateflow/tpl-MNI152NLin2009cAsym//tpl-MNI152NLin2009cAsym_res-01_desc-brain_T1w.nii.gz,/data/derivatives/fsl/fast/sub-s028/ses-open/anat/BrainExtractionBrain_seg.nii.gz,1 ] --transform Rigid[ 0.1 ] --metric MI[ /templateflow/tpl-MNI152NLin2009cAsym//tpl-MNI152NLin2009cAsym_res-01_desc-brain_T1w.nii.gz,/data/derivatives/fsl/fast/sub-s028/ses-open/anat/BrainExtractionBrain_seg.nii.gz,1,32,Regular,0.25 ] --convergence [ 1000x500x250x100,1e-6,10 ] --shrink-factors 8x4x2x1 --smoothing-sigmas 3x2x1x0vox --transform Affine[ 0.1 ] --metric MI[ /templateflow/tpl-MNI152NLin2009cAsym//tpl-MNI152NLin2009cAsym_res-01_desc-brain_T1w.nii.gz,/data/derivatives/fsl/fast/sub-s028/ses-open/anat/BrainExtractionBrain_seg.nii.gz,1,32,Regular,0.25 ] --convergence [ 1000x500x250x100,1e-6,10 ] --shrink-factors 8x4x2x1 --smoothing-sigmas 3x2x1x0vox --transform SyN[ 0.1,3,0 ] --metric CC[ /templateflow/tpl-MNI152NLin2009cAsym//tpl-MNI152NLin2009cAsym_res-01_desc-brain_T1w.nii.gz,/data/derivatives/fsl/fast/sub-s028/ses-open/anat/BrainExtractionBrain_seg.nii.gz,1,4 ] --convergence [ 100x70x50x20,1e-6,10 ] --shrink-factors 8x4x2x1 --smoothing-sigmas 3x2x1x0vox
--------------------------------------------------------------------------------------
All_Command_lines_OK
Using double precision for computations.
=============================================================================
The composite transform comprises the following transforms (in order): 
  1. Center of mass alignment using fixed image: /templateflow/tpl-MNI152NLin2009cAsym//tpl-MNI152NLin2009cAsym_res-01_desc-brain_T1w.nii.gz and moving image: /data/derivatives/fsl/fast/sub-s028/ses-open/anat/BrainExtractionBrain_seg.nii.gz (type = Euler3DTransform)
=============================================================================
  number of levels = 4
  number of levels = 4
  number of levels = 4
  fixed image: /templateflow/tpl-MNI152NLin2009cAsym//tpl-MNI152NLin2009cAsym_res-01_desc-brain_T1w.nii.gz
  moving image: /data/derivatives/fsl/fast/sub-s028/ses-open/anat/BrainExtractionBrain_seg.nii.gz
  fixed image: /templateflow/tpl-MNI152NLin2009cAsym//tpl-MNI152NLin2009cAsym_res-01_desc-brain_T1w.nii.gz
  moving image: /data/derivatives/fsl/fast/sub-s028/ses-open/anat/BrainExtractionBrain_seg.nii.gz
  fixed image: /templateflow/tpl-MNI152NLin2009cAsym//tpl-MNI152NLin2009cAsym_res-01_desc-brain_T1w.nii.gz
  moving image: /data/derivatives/fsl/fast/sub-s028/ses-open/anat/BrainExtractionBrain_seg.nii.gz
Dimension = 3
Number of stages = 3
Use histogram matching = false
Winsorize image intensities = true
  Lower quantile = 0.005
  Upper quantile = 0.995


Stage 1 State
   Image metric = Mattes
     Fixed image = Image (0x556c1f1985b0)
  RTTI typeinfo:   itk::Image<double, 3u>
  Reference Count: 2
  Modified Time: 1717
  Debug: Off
  Object Name: 
  Observers: 
    none
  Source: (none)
  Source output name: (none)
  Release Data: Off
  Data Released: False
  Global Release Data: Off
  PipelineMTime: 0
  UpdateMTime: 1502
  RealTimeStamp: 0 seconds 
  LargestPossibleRegion: 
    Dimension: 3
    Index: [0, 0, 0]
    Size: [193, 229, 193]
  BufferedRegion: 
    Dimension: 3
    Index: [0, 0, 0]
    Size: [193, 229, 193]
  RequestedRegion: 
    Dimension: 3
    Index: [0, 0, 0]
    Size: [193, 229, 193]
  Spacing: [1, 1, 1]
  Origin: [96, 132, -78]
  Direction: 
-1 0 0
0 -1 0
0 0 1

  IndexToPointMatrix: 
-1 0 0
0 -1 0
0 0 1

  PointToIndexMatrix: 
-1 0 0
0 -1 0
0 0 1

  Inverse Direction: 
-1 0 0
0 -1 0
0 0 1

  PixelContainer: 
    ImportImageContainer (0x556c1f1a1160)
      RTTI typeinfo:   itk::ImportImageContainer<unsigned long, double>
      Reference Count: 1
      Modified Time: 1499
      Debug: Off
      Object Name: 
      Observers: 
        none
      Pointer: 0x7f7506f0d010
      Container manages memory: true
      Size: 8530021
      Capacity: 8530021

     Moving image = Image (0x556c1f1a40a0)
  RTTI typeinfo:   itk::Image<double, 3u>
  Reference Count: 2
  Modified Time: 1718
  Debug: Off
  Object Name: 
  Observers: 
    none
  Source: (none)
  Source output name: (none)
  Release Data: Off
  Data Released: False
  Global Release Data: Off
  PipelineMTime: 0
  UpdateMTime: 1715
  RealTimeStamp: 0 seconds 
  LargestPossibleRegion: 
    Dimension: 3
    Index: [0, 0, 0]
    Size: [160, 240, 256]
  BufferedRegion: 
    Dimension: 3
    Index: [0, 0, 0]
    Size: [160, 240, 256]
  RequestedRegion: 
    Dimension: 3
    Index: [0, 0, 0]
    Size: [160, 240, 256]
  Spacing: [1, 1, 1]
  Origin: [89.0741, 91.3517, -127]
  Direction: 
-0.99863 -0.052336 0
0.052336 -0.99863 0
0 0 1

  IndexToPointMatrix: 
-0.99863 -0.052336 0
0.052336 -0.99863 0
0 0 1

  PointToIndexMatrix: 
-0.99863 0.052336 0
-0.052336 -0.99863 0
0 0 1

  Inverse Direction: 
-0.99863 0.052336 0
-0.052336 -0.99863 0
0 0 1

  PixelContainer: 
    ImportImageContainer (0x556c1f21bf50)
      RTTI typeinfo:   itk::ImportImageContainer<unsigned long, double>
      Reference Count: 1
      Modified Time: 1712
      Debug: Off
      Object Name: 
      Observers: 
        none
      Pointer: 0x7f750240c010
      Container manages memory: true
      Size: 9830400
      Capacity: 9830400

     Weighting = 1
     Sampling strategy = regular
     Number of bins = 32
     Radius = 4
     Sampling percentage  = 0.25
   Transform = Rigid
     Gradient step = 0.1
     Update field sigma (voxel space) = 0
     Total field sigma (voxel space) = 0
     Update field time sigma = 0
     Total field time sigma  = 0
     Number of time indices = 0
     Number of time point samples = 0
Stage 2 State
   Image metric = Mattes
     Fixed image = Image (0x556c1f1f34a0)
  RTTI typeinfo:   itk::Image<double, 3u>
  Reference Count: 2
  Modified Time: 2145
  Debug: Off
  Object Name: 
  Observers: 
    none
  Source: (none)
  Source output name: (none)
  Release Data: Off
  Data Released: False
  Global Release Data: Off
  PipelineMTime: 0
  UpdateMTime: 1930
  RealTimeStamp: 0 seconds 
  LargestPossibleRegion: 
    Dimension: 3
    Index: [0, 0, 0]
    Size: [193, 229, 193]
  BufferedRegion: 
    Dimension: 3
    Index: [0, 0, 0]
    Size: [193, 229, 193]
  RequestedRegion: 
    Dimension: 3
    Index: [0, 0, 0]
    Size: [193, 229, 193]
  Spacing: [1, 1, 1]
  Origin: [96, 132, -78]
  Direction: 
-1 0 0
0 -1 0
0 0 1

  IndexToPointMatrix: 
-1 0 0
0 -1 0
0 0 1

  PointToIndexMatrix: 
-1 0 0
0 -1 0
0 0 1

  Inverse Direction: 
-1 0 0
0 -1 0
0 0 1

  PixelContainer: 
    ImportImageContainer (0x556c1f27c050)
      RTTI typeinfo:   itk::ImportImageContainer<unsigned long, double>
      Reference Count: 1
      Modified Time: 1927
      Debug: Off
      Object Name: 
      Observers: 
        none
      Pointer: 0x7f74fe2f7010
      Container manages memory: true
      Size: 8530021
      Capacity: 8530021

     Moving image = Image (0x556c1f1f3760)
  RTTI typeinfo:   itk::Image<double, 3u>
  Reference Count: 2
  Modified Time: 2146
  Debug: Off
  Object Name: 
  Observers: 
    none
  Source: (none)
  Source output name: (none)
  Release Data: Off
  Data Released: False
  Global Release Data: Off
  PipelineMTime: 0
  UpdateMTime: 2143
  RealTimeStamp: 0 seconds 
  LargestPossibleRegion: 
    Dimension: 3
    Index: [0, 0, 0]
    Size: [160, 240, 256]
  BufferedRegion: 
    Dimension: 3
    Index: [0, 0, 0]
    Size: [160, 240, 256]
  RequestedRegion: 
    Dimension: 3
    Index: [0, 0, 0]
    Size: [160, 240, 256]
  Spacing: [1, 1, 1]
  Origin: [89.0741, 91.3517, -127]
  Direction: 
-0.99863 -0.052336 0
0.052336 -0.99863 0
0 0 1

  IndexToPointMatrix: 
-0.99863 -0.052336 0
0.052336 -0.99863 0
0 0 1

  PointToIndexMatrix: 
-0.99863 0.052336 0
-0.052336 -0.99863 0
0 0 1

  Inverse Direction: 
-0.99863 0.052336 0
-0.052336 -0.99863 0
0 0 1

  PixelContainer: 
    ImportImageContainer (0x556c1f31c1d0)
      RTTI typeinfo:   itk::ImportImageContainer<unsigned long, double>
      Reference Count: 1
      Modified Time: 2140
      Debug: Off
      Object Name: 
      Observers: 
        none
      Pointer: 0x7f74f97f6010
      Container manages memory: true
      Size: 9830400
      Capacity: 9830400

     Weighting = 1
     Sampling strategy = regular
     Number of bins = 32
     Radius = 4
     Sampling percentage  = 0.25
   Transform = Affine
     Gradient step = 0.1
     Update field sigma (voxel space) = 0
     Total field sigma (voxel space) = 0
     Update field time sigma = 0
     Total field time sigma  = 0
     Number of time indices = 0
     Number of time point samples = 0
Stage 3 State
   Image metric = CC
     Fixed image = Image (0x556c1f1fb1a0)
  RTTI typeinfo:   itk::Image<double, 3u>
  Reference Count: 2
  Modified Time: 2573
  Debug: Off
  Object Name: 
  Observers: 
    none
  Source: (none)
  Source output name: (none)
  Release Data: Off
  Data Released: False
  Global Release Data: Off
  PipelineMTime: 0
  UpdateMTime: 2358
  RealTimeStamp: 0 seconds 
  LargestPossibleRegion: 
    Dimension: 3
    Index: [0, 0, 0]
    Size: [193, 229, 193]
  BufferedRegion: 
    Dimension: 3
    Index: [0, 0, 0]
    Size: [193, 229, 193]
  RequestedRegion: 
    Dimension: 3
    Index: [0, 0, 0]
    Size: [193, 229, 193]
  Spacing: [1, 1, 1]
  Origin: [96, 132, -78]
  Direction: 
-1 0 0
0 -1 0
0 0 1

  IndexToPointMatrix: 
-1 0 0
0 -1 0
0 0 1

  PointToIndexMatrix: 
-1 0 0
0 -1 0
0 0 1

  Inverse Direction: 
-1 0 0
0 -1 0
0 0 1

  PixelContainer: 
    ImportImageContainer (0x556c1f2bc150)
      RTTI typeinfo:   itk::ImportImageContainer<unsigned long, double>
      Reference Count: 1
      Modified Time: 2355
      Debug: Off
      Object Name: 
      Observers: 
        none
      Pointer: 0x7f74f56e1010
      Container manages memory: true
      Size: 8530021
      Capacity: 8530021

     Moving image = Image (0x556c1f1eff70)
  RTTI typeinfo:   itk::Image<double, 3u>
  Reference Count: 2
  Modified Time: 2574
  Debug: Off
  Object Name: 
  Observers: 
    none
  Source: (none)
  Source output name: (none)
  Release Data: Off
  Data Released: False
  Global Release Data: Off
  PipelineMTime: 0
  UpdateMTime: 2571
  RealTimeStamp: 0 seconds 
  LargestPossibleRegion: 
    Dimension: 3
    Index: [0, 0, 0]
    Size: [160, 240, 256]
  BufferedRegion: 
    Dimension: 3
    Index: [0, 0, 0]
    Size: [160, 240, 256]
  RequestedRegion: 
    Dimension: 3
    Index: [0, 0, 0]
    Size: [160, 240, 256]
  Spacing: [1, 1, 1]
  Origin: [89.0741, 91.3517, -127]
  Direction: 
-0.99863 -0.052336 0
0.052336 -0.99863 0
0 0 1

  IndexToPointMatrix: 
-0.99863 -0.052336 0
0.052336 -0.99863 0
0 0 1

  PointToIndexMatrix: 
-0.99863 0.052336 0
-0.052336 -0.99863 0
0 0 1

  Inverse Direction: 
-0.99863 0.052336 0
-0.052336 -0.99863 0
0 0 1

  PixelContainer: 
    ImportImageContainer (0x556c1f1f6100)
      RTTI typeinfo:   itk::ImportImageContainer<unsigned long, double>
      Reference Count: 1
      Modified Time: 2568
      Debug: Off
      Object Name: 
      Observers: 
        none
      Pointer: 0x7f74f0be0010
      Container manages memory: true
      Size: 9830400
      Capacity: 9830400

     Weighting = 1
     Sampling strategy = none
     Number of bins = 32
     Radius = 4
     Sampling percentage  = 1
   Transform = SyN
     Gradient step = 0.1
     Update field sigma (voxel space) = 3
     Total field sigma (voxel space) = 0
     Update field time sigma = 0
     Total field time sigma  = 0
     Number of time indices = 0
     Number of time point samples = 0
Registration using 3 total stages.

Stage 0
  iterations = 1000x500x250x100
  convergence threshold = 1e-06
  convergence window size = 10
  number of levels = 4
  using the Mattes MI metric (number of bins = 32, weight = 1, use gradient filter = 0)
  preprocessing:  winsorizing the image intensities
  Shrink factors (level 1 out of 4): [8, 8, 8]
  Shrink factors (level 2 out of 4): [4, 4, 4]
  Shrink factors (level 3 out of 4): [2, 2, 2]
  Shrink factors (level 4 out of 4): [1, 1, 1]
  smoothing sigmas per level: [3, 2, 1, 0]
  regular sampling (percentage = 0.25)

*** Running Euler3DTransform registration ***

DIAGNOSTIC,Iteration,metricValue,convergenceValue,ITERATION_TIME_INDEX,SINCE_LAST
 2DIAGNOSTIC,     1, -6.114792129359e-01, 1.797693134862e+308, 1.3532e+00, 1.3532e+00, 
 2DIAGNOSTIC,     2, -6.140140135390e-01, 1.797693134862e+308, 1.3674e+00, 1.4207e-02, 
 2DIAGNOSTIC,     3, -6.178920682797e-01, 1.797693134862e+308, 1.3856e+00, 1.8170e-02, 
 2DIAGNOSTIC,     4, -6.220454133906e-01, 1.797693134862e+308, 1.3950e+00, 9.4070e-03, 
 2DIAGNOSTIC,     5, -6.256956773427e-01, 1.797693134862e+308, 1.4024e+00, 7.3791e-03, 
 2DIAGNOSTIC,     6, -6.339477249783e-01, 1.797693134862e+308, 1.4205e+00, 1.8149e-02, 
 2DIAGNOSTIC,     7, -6.456647502642e-01, 1.797693134862e+308, 1.4536e+00, 3.3050e-02, 
 2DIAGNOSTIC,     8, -6.464556611708e-01, 1.797693134862e+308, 1.4607e+00, 7.1220e-03, 
 2DIAGNOSTIC,     9, -6.476315227007e-01, 1.797693134862e+308, 1.4696e+00, 8.8699e-03, 
 2DIAGNOSTIC,    10, -6.501304550661e-01, 4.524664783765e-03, 1.4817e+00, 1.2086e-02, 
 2DIAGNOSTIC,    11, -6.509424117360e-01, 3.866035317639e-03, 1.4897e+00, 7.9961e-03, 
 2DIAGNOSTIC,    12, -6.537502279841e-01, 3.164855912537e-03, 1.4979e+00, 8.2381e-03, 
 2DIAGNOSTIC,    13, -6.555203801155e-01, 2.482016070706e-03, 1.5060e+00, 8.0972e-03, 
 2DIAGNOSTIC,    14, -6.573839881561e-01, 1.870555958623e-03, 1.5172e+00, 1.1223e-02, 
 2DIAGNOSTIC,    15, -6.582631934378e-01, 1.303322066045e-03, 1.5242e+00, 7.0031e-03, 
 2DIAGNOSTIC,    16, -6.633250593575e-01, 1.049797614320e-03, 1.5321e+00, 7.9319e-03, 
 2DIAGNOSTIC,    17, -6.665239317153e-01, 1.115443227223e-03, 1.5391e+00, 6.9392e-03, 
 2DIAGNOSTIC,    18, -6.677230853378e-01, 1.118255060378e-03, 1.5474e+00, 8.2929e-03, 
 2DIAGNOSTIC,    19, -6.697412845609e-01, 1.092070854073e-03, 1.5564e+00, 9.0499e-03, 
 2DIAGNOSTIC,    20, -6.740066164528e-01, 1.115971328954e-03, 1.5741e+00, 1.7720e-02, 
 2DIAGNOSTIC,    21, -6.743140673560e-01, 1.052927100492e-03, 1.5810e+00, 6.8429e-03, 
 2DIAGNOSTIC,    22, -6.754680811103e-01, 9.763027572251e-04, 1.5889e+00, 7.8950e-03, 
 2DIAGNOSTIC,    23, -6.768147198103e-01, 8.754594718894e-04, 1.5958e+00, 6.8741e-03, 
 2DIAGNOSTIC,    24, -6.781212403929e-01, 7.593646137219e-04, 1.6025e+00, 6.7310e-03, 
 2DIAGNOSTIC,    25, -6.794804250133e-01, 6.178378216101e-04, 1.6094e+00, 6.9079e-03, 
 2DIAGNOSTIC,    26, -6.816211753512e-01, 5.489184215031e-04, 1.6164e+00, 6.9528e-03, 
 2DIAGNOSTIC,    27, -6.873150617110e-01, 5.767425780649e-04, 1.6233e+00, 6.9010e-03, 
 2DIAGNOSTIC,    28, -6.915645432893e-01, 6.301406314407e-04, 1.6314e+00, 8.1770e-03, 
 2DIAGNOSTIC,    29, -6.928783402604e-01, 6.677546408572e-04, 1.6403e+00, 8.8429e-03, 
 2DIAGNOSTIC,    30, -6.942054565768e-01, 7.215934538981e-04, 1.6482e+00, 7.9288e-03, 
 2DIAGNOSTIC,    31, -6.967867333600e-01, 7.435776975844e-04, 1.6550e+00, 6.7980e-03, 
 2DIAGNOSTIC,    32, -7.008259794928e-01, 7.613803011110e-04, 1.6628e+00, 7.7870e-03, 
 2DIAGNOSTIC,    33, -7.009941330725e-01, 7.238294578520e-04, 1.6701e+00, 7.2720e-03, 
 2DIAGNOSTIC,    34, -7.010488649340e-01, 6.387938365649e-04, 1.6779e+00, 7.8790e-03, 
 2DIAGNOSTIC,    35, -7.014928680701e-01, 5.216869056865e-04, 1.6856e+00, 7.6981e-03, 
 2DIAGNOSTIC,    36, -7.030148055542e-01, 4.034581399781e-04, 1.6927e+00, 7.1108e-03, 
 2DIAGNOSTIC,    37, -7.066870623565e-01, 3.592530688534e-04, 1.7020e+00, 9.2459e-03, 
 2DIAGNOSTIC,    38, -7.103811481610e-01, 3.714615594398e-04, 1.7141e+00, 1.2080e-02, 
 2DIAGNOSTIC,    39, -7.171823756329e-01, 4.362174377811e-04, 1.7236e+00, 9.5642e-03, 
 2DIAGNOSTIC,    40, -7.173653225893e-01, 4.707270164467e-04, 1.7312e+00, 7.5622e-03, 
 2DIAGNOSTIC,    41, -7.173379039383e-01, 4.848557787293e-04, 1.7383e+00, 7.1440e-03, 
 2DIAGNOSTIC,    42, -7.173291013641e-01, 4.930217000757e-04, 1.7452e+00, 6.8080e-03, 
 2DIAGNOSTIC,    43, -7.173000361481e-01, 4.545052852742e-04, 1.7518e+00, 6.6369e-03, 
 2DIAGNOSTIC,    44, -7.173491376942e-01, 3.749274164732e-04, 1.7589e+00, 7.1268e-03, 
 2DIAGNOSTIC,    45, -7.174240695140e-01, 2.685036014274e-04, 1.7666e+00, 7.6561e-03, 
 2DIAGNOSTIC,    46, -7.176252000379e-01, 1.575704427637e-04, 1.7746e+00, 8.0149e-03, 
 2DIAGNOSTIC,    47, -7.177817303798e-01, 7.059662805361e-05, 1.7942e+00, 1.9602e-02, 
 2DIAGNOSTIC,    48, -7.178383631964e-01, 1.182093978523e-05, 1.8033e+00, 9.1529e-03, 
 2DIAGNOSTIC,    49, -7.182384363500e-01, 1.599282073171e-05, 1.8130e+00, 9.6970e-03, 
 2DIAGNOSTIC,    50, -7.183193332957e-01, 2.064318452245e-05, 1.8321e+00, 1.9097e-02, 
 2DIAGNOSTIC,    51, -7.184025462640e-01, 2.364364681636e-05, 1.8416e+00, 9.4829e-03, 
 2DIAGNOSTIC,    52, -7.183173208598e-01, 2.359889570565e-05, 1.8492e+00, 7.5610e-03, 
 2DIAGNOSTIC,    53, -7.183498462306e-01, 2.141769359834e-05, 1.8570e+00, 7.7791e-03, 
 2DIAGNOSTIC,    54, -7.184143548158e-01, 1.816484639388e-05, 1.8639e+00, 6.9611e-03, 
 2DIAGNOSTIC,    55, -7.185536134080e-01, 1.490448617562e-05, 1.8715e+00, 7.5960e-03, 
 2DIAGNOSTIC,    56, -7.189735520997e-01, 1.499190793464e-05, 1.8811e+00, 9.5830e-03, 
 2DIAGNOSTIC,    57, -7.189370358498e-01, 1.454064493553e-05, 1.8971e+00, 1.6047e-02, 
 2DIAGNOSTIC,    58, -7.186759677116e-01, 1.129480843201e-05, 1.9087e+00, 1.1567e-02, 
 2DIAGNOSTIC,    59, -7.186003185392e-01, 9.479336038769e-06, 1.9172e+00, 8.5361e-03, 
 2DIAGNOSTIC,    60, -7.186388899578e-01, 7.635369099084e-06, 1.9242e+00, 6.9659e-03, 
 2DIAGNOSTIC,    61, -7.188827244357e-01, 7.325407045747e-06, 1.9326e+00, 8.3840e-03, 
 2DIAGNOSTIC,    62, -7.194626889931e-01, 9.635419539990e-06, 1.9409e+00, 8.2619e-03, 
 2DIAGNOSTIC,    63, -7.200245176319e-01, 1.488082205610e-05, 1.9520e+00, 1.1133e-02, 
 2DIAGNOSTIC,    64, -7.206119360919e-01, 2.276231198355e-05, 1.9660e+00, 1.4032e-02, 
 2DIAGNOSTIC,    65, -7.214617798055e-01, 3.440794449606e-05, 1.9764e+00, 1.0380e-02, 
 2DIAGNOSTIC,    66, -7.215315303434e-01, 4.536826988276e-05, 1.9887e+00, 1.2300e-02, 
 2DIAGNOSTIC,    67, -7.215319386064e-01, 5.151957025102e-05, 1.9955e+00, 6.8431e-03, 
 2DIAGNOSTIC,    68, -7.215986838696e-01, 5.143609730569e-05, 2.0033e+00, 7.7701e-03, 
 2DIAGNOSTIC,    69, -7.216429240651e-01, 4.623186412146e-05, 2.0108e+00, 7.5140e-03, 
 2DIAGNOSTIC,    70, -7.215818262237e-01, 3.659472706048e-05, 2.0187e+00, 7.8671e-03, 
 2DIAGNOSTIC,    71, -7.215011495125e-01, 2.469638945313e-05, 2.0255e+00, 6.8221e-03, 
 2DIAGNOSTIC,    72, -7.214370669323e-01, 1.378680525419e-05, 2.0322e+00, 6.6419e-03, 
 2DIAGNOSTIC,    73, -7.215054753089e-01, 5.408002347508e-06, 2.0501e+00, 1.7918e-02, 
DIAGNOSTIC,Iteration,metricValue,convergenceValue,ITERATION_TIME_INDEX,SINCE_LAST
 2DIAGNOSTIC,     1, -5.803078991537e-01, 1.797693134862e+308, 3.4890e+00, 1.4389e+00, 
 2DIAGNOSTIC,     2, -5.812524420374e-01, 1.797693134862e+308, 3.5647e+00, 7.5753e-02, 
 2DIAGNOSTIC,     3, -5.823570757339e-01, 1.797693134862e+308, 3.6263e+00, 6.1532e-02, 
 2DIAGNOSTIC,     4, -5.833437433868e-01, 1.797693134862e+308, 3.6898e+00, 6.3542e-02, 
 2DIAGNOSTIC,     5, -5.840420039236e-01, 1.797693134862e+308, 3.7523e+00, 6.2473e-02, 
 2DIAGNOSTIC,     6, -5.844141884618e-01, 1.797693134862e+308, 3.8144e+00, 6.2172e-02, 
 2DIAGNOSTIC,     7, -5.851814096835e-01, 1.797693134862e+308, 3.8817e+00, 6.7233e-02, 
 2DIAGNOSTIC,     8, -5.870123837228e-01, 1.797693134862e+308, 3.9658e+00, 8.4140e-02, 
 2DIAGNOSTIC,     9, -5.880077814311e-01, 1.797693134862e+308, 4.0628e+00, 9.6967e-02, 
 2DIAGNOSTIC,    10, -5.882379997676e-01, 8.795027895448e-04, 4.1379e+00, 7.5117e-02, 
 2DIAGNOSTIC,    11, -5.885576334248e-01, 7.641928134887e-04, 4.2222e+00, 8.4271e-02, 
 2DIAGNOSTIC,    12, -5.885769517940e-01, 6.382046849814e-04, 4.2977e+00, 7.5533e-02, 
 2DIAGNOSTIC,    13, -5.885924226895e-01, 5.145268405890e-04, 4.3905e+00, 9.2796e-02, 
 2DIAGNOSTIC,    14, -5.885909971801e-01, 3.954879264048e-04, 4.4659e+00, 7.5396e-02, 
 2DIAGNOSTIC,    15, -5.885615023101e-01, 2.787947969366e-04, 4.5409e+00, 7.4975e-02, 
 2DIAGNOSTIC,    16, -5.885501981936e-01, 1.626647192519e-04, 4.6155e+00, 7.4652e-02, 
 2DIAGNOSTIC,    17, -5.885558479600e-01, 6.641565418375e-05, 4.6819e+00, 6.6348e-02, 
 2DIAGNOSTIC,    18, -5.885650729786e-01, 2.391981165354e-05, 4.7562e+00, 7.4293e-02, 
 2DIAGNOSTIC,    19, -5.885756227947e-01, 9.453707724788e-06, 4.8294e+00, 7.3249e-02, 
 2DIAGNOSTIC,    20, -5.885725787534e-01, 1.021984861752e-06, 4.9039e+00, 7.4513e-02, 
DIAGNOSTIC,Iteration,metricValue,convergenceValue,ITERATION_TIME_INDEX,SINCE_LAST
 2DIAGNOSTIC,     1, -5.153316159153e-01, 1.797693134862e+308, 6.7750e+00, 1.8711e+00, 
 2DIAGNOSTIC,     2, -5.156586965839e-01, 1.797693134862e+308, 7.2995e+00, 5.2454e-01, 
 2DIAGNOSTIC,     3, -5.159716195879e-01, 1.797693134862e+308, 7.8229e+00, 5.2337e-01, 
 2DIAGNOSTIC,     4, -5.162282141189e-01, 1.797693134862e+308, 8.3435e+00, 5.2061e-01, 
 2DIAGNOSTIC,     5, -5.163162650918e-01, 1.797693134862e+308, 8.8693e+00, 5.2579e-01, 
 2DIAGNOSTIC,     6, -5.166304149584e-01, 1.797693134862e+308, 9.3909e+00, 5.2166e-01, 
 2DIAGNOSTIC,     7, -5.169427389685e-01, 1.797693134862e+308, 9.9159e+00, 5.2496e-01, 
 2DIAGNOSTIC,     8, -5.175052087326e-01, 1.797693134862e+308, 1.0444e+01, 5.2821e-01, 
 2DIAGNOSTIC,     9, -5.199262830170e-01, 1.797693134862e+308, 1.1121e+01, 6.7662e-01, 
 2DIAGNOSTIC,    10, -5.200697556273e-01, 5.489099451345e-04, 1.1714e+01, 5.9368e-01, 
 2DIAGNOSTIC,    11, -5.202486934897e-01, 5.709046154573e-04, 1.2309e+01, 5.9460e-01, 
 2DIAGNOSTIC,    12, -5.209507474697e-01, 5.863886610230e-04, 1.3003e+01, 6.9363e-01, 
 2DIAGNOSTIC,    13, -5.211403705123e-01, 5.664527260133e-04, 1.3608e+01, 6.0585e-01, 
 2DIAGNOSTIC,    14, -5.212928323276e-01, 5.129715056818e-04, 1.4212e+01, 6.0398e-01, 
 2DIAGNOSTIC,    15, -5.215141187508e-01, 4.313918315781e-04, 1.4736e+01, 5.2393e-01, 
 2DIAGNOSTIC,    16, -5.218063038692e-01, 3.424927569883e-04, 1.5264e+01, 5.2730e-01, 
 2DIAGNOSTIC,    17, -5.222892278496e-01, 2.583579421585e-04, 1.6033e+01, 7.6970e-01, 
 2DIAGNOSTIC,    18, -5.226041623719e-01, 1.842626239258e-04, 1.6624e+01, 5.9089e-01, 
 2DIAGNOSTIC,    19, -5.226345239256e-01, 1.719388211363e-04, 1.7216e+01, 5.9162e-01, 
 2DIAGNOSTIC,    20, -5.226629412435e-01, 1.500653425494e-04, 1.7731e+01, 5.1478e-01, 
 2DIAGNOSTIC,    21, -5.227094192794e-01, 1.218569690738e-04, 1.8243e+01, 5.1253e-01, 
 2DIAGNOSTIC,    22, -5.229331899331e-01, 1.077365966330e-04, 1.8846e+01, 6.0304e-01, 
 2DIAGNOSTIC,    23, -5.230337980669e-01, 9.158106036192e-05, 1.9612e+01, 7.6537e-01, 
 2DIAGNOSTIC,    24, -5.230570148452e-01, 7.241545691630e-05, 2.0146e+01, 5.3410e-01, 
 2DIAGNOSTIC,    25, -5.231156694021e-01, 5.436854727866e-05, 2.0750e+01, 6.0395e-01, 
 2DIAGNOSTIC,    26, -5.231821692585e-01, 4.003000710345e-05, 2.1276e+01, 5.2601e-01, 
 2DIAGNOSTIC,    27, -5.232301787698e-01, 3.357616076493e-05, 2.1803e+01, 5.2731e-01, 
 2DIAGNOSTIC,    28, -5.233281139399e-01, 3.254405642859e-05, 2.2635e+01, 8.3193e-01, 
 2DIAGNOSTIC,    29, -5.233685914707e-01, 2.997584654042e-05, 2.3461e+01, 8.2588e-01, 
 2DIAGNOSTIC,    30, -5.233716188029e-01, 2.546751975332e-05, 2.4134e+01, 6.7292e-01, 
 2DIAGNOSTIC,    31, -5.233707740172e-01, 1.966888340188e-05, 2.4750e+01, 6.1612e-01, 
 2DIAGNOSTIC,    32, -5.233702521533e-01, 1.623563954495e-05, 2.5475e+01, 7.2499e-01, 
 2DIAGNOSTIC,    33, -5.233669451859e-01, 1.316197140864e-05, 2.6083e+01, 6.0784e-01, 
 2DIAGNOSTIC,    34, -5.233655352411e-01, 9.444979035794e-06, 2.6675e+01, 5.9202e-01, 
 2DIAGNOSTIC,    35, -5.233639361381e-01, 6.023465317997e-06, 2.7361e+01, 6.8585e-01, 
 2DIAGNOSTIC,    36, -5.233621510324e-01, 3.294105897687e-06, 2.7961e+01, 6.0045e-01, 
 2DIAGNOSTIC,    37, -5.233613399843e-01, 1.146568739337e-06, 2.8473e+01, 5.1215e-01, 
DIAGNOSTIC,Iteration,metricValue,convergenceValue,ITERATION_TIME_INDEX,SINCE_LAST
 2DIAGNOSTIC,     1, -4.777113228302e-01, 1.797693134862e+308, 3.2395e+01, 3.9223e+00, 
 2DIAGNOSTIC,     2, -4.778845610094e-01, 1.797693134862e+308, 3.5489e+01, 3.0936e+00, 
 2DIAGNOSTIC,     3, -4.779949870039e-01, 1.797693134862e+308, 3.9040e+01, 3.5507e+00, 
 2DIAGNOSTIC,     4, -4.780159490451e-01, 1.797693134862e+308, 4.4702e+01, 5.6624e+00, 
 2DIAGNOSTIC,     5, -4.780155149891e-01, 1.797693134862e+308, 4.9460e+01, 4.7583e+00, 
 2DIAGNOSTIC,     6, -4.780156626617e-01, 1.797693134862e+308, 5.2927e+01, 3.4663e+00, 
 2DIAGNOSTIC,     7, -4.780155555253e-01, 1.797693134862e+308, 5.6858e+01, 3.9312e+00, 
 2DIAGNOSTIC,     8, -4.780155987421e-01, 1.797693134862e+308, 6.0405e+01, 3.5466e+00, 
 2DIAGNOSTIC,     9, -4.780155345877e-01, 1.797693134862e+308, 6.3926e+01, 3.5212e+00, 
 2DIAGNOSTIC,    10, -4.780154773135e-01, 2.892102522542e-05, 6.7054e+01, 3.1286e+00, 
 2DIAGNOSTIC,    11, -4.780148396608e-01, 1.088732734958e-05, 7.0545e+01, 3.4904e+00, 
 2DIAGNOSTIC,    12, -4.780149154799e-01, 3.586575190090e-06, 7.4017e+01, 3.4721e+00, 
 2DIAGNOSTIC,    13, -4.780147883985e-01, 2.341465191513e-06, 7.7537e+01, 3.5203e+00, 
 2DIAGNOSTIC,    14, -4.780145320190e-01, 2.163569688657e-06, 8.0654e+01, 3.1173e+00, 
 2DIAGNOSTIC,    15, -4.780144123582e-01, 1.997602200321e-06, 8.4126e+01, 3.4714e+00, 
 2DIAGNOSTIC,    16, -4.780144859407e-01, 1.872327995797e-06, 8.7624e+01, 3.4985e+00, 
 2DIAGNOSTIC,    17, -4.780145589076e-01, 1.770950739506e-06, 9.0732e+01, 3.1073e+00, 
 2DIAGNOSTIC,    18, -4.780145428899e-01, 1.690688268677e-06, 9.4263e+01, 3.5313e+00, 
 2DIAGNOSTIC,    19, -4.780144225967e-01, 1.620296331578e-06, 9.7786e+01, 3.5232e+00, 
 2DIAGNOSTIC,    20, -4.780141782973e-01, 1.553717319226e-06, 1.0134e+02, 3.5540e+00, 
 2DIAGNOSTIC,    21, -4.780141297921e-01, 1.477380636834e-06, 1.0482e+02, 3.4765e+00, 
 2DIAGNOSTIC,    22, -4.780140666612e-01, 1.411651121545e-06, 1.0792e+02, 3.0988e+00, 
 2DIAGNOSTIC,    23, -4.780140291872e-01, 1.350718063779e-06, 1.1147e+02, 3.5501e+00, 
 2DIAGNOSTIC,    24, -4.780141177310e-01, 1.293938972094e-06, 1.1496e+02, 3.4912e+00, 
 2DIAGNOSTIC,    25, -4.780142443228e-01, 1.244809518450e-06, 1.1934e+02, 4.3814e+00, 
 2DIAGNOSTIC,    26, -4.780142746279e-01, 1.204309829382e-06, 1.2289e+02, 3.5529e+00, 
 2DIAGNOSTIC,    27, -4.780141922422e-01, 1.168377884567e-06, 1.2644e+02, 3.5491e+00, 
 2DIAGNOSTIC,    28, -4.780141047531e-01, 1.133846627394e-06, 1.2955e+02, 3.1130e+00, 
 2DIAGNOSTIC,    29, -4.780140271484e-01, 1.097966998424e-06, 1.3262e+02, 3.0691e+00, 
 2DIAGNOSTIC,    30, -4.780136614262e-01, 1.052236949871e-06, 1.3609e+02, 3.4672e+00, 
 2DIAGNOSTIC,    31, -4.780136921080e-01, 1.010080700116e-06, 1.3956e+02, 3.4735e+00, 
  Elapsed time (stage 0): 1.4152e+02


Stage 1
  iterations = 1000x500x250x100
  convergence threshold = 1.0000e-06
  convergence window size = 10
  number of levels = 4
  using the Mattes MI metric (number of bins = 32, weight = 1.0000e+00, use gradient filter = 0)
  preprocessing:  winsorizing the image intensities
  Shrink factors (level 1 out of 4): [8, 8, 8]
  Shrink factors (level 2 out of 4): [4, 4, 4]
  Shrink factors (level 3 out of 4): [2, 2, 2]
  Shrink factors (level 4 out of 4): [1, 1, 1]
  smoothing sigmas per level: [3, 2, 1, 0]
  regular sampling (percentage = 2.5000e-01)

*** Running AffineTransform registration ***

DIAGNOSTIC,Iteration,metricValue,convergenceValue,ITERATION_TIME_INDEX,SINCE_LAST
 2DIAGNOSTIC,     1, -7.055335937887e-01, 1.797693134862e+308, 1.2347e+00, 1.2347e+00, 
 2DIAGNOSTIC,     2, -7.080694550465e-01, 1.797693134862e+308, 1.2427e+00, 8.0709e-03, 
 2DIAGNOSTIC,     3, -7.121477183070e-01, 1.797693134862e+308, 1.2507e+00, 7.9169e-03, 
 2DIAGNOSTIC,     4, -7.189340088412e-01, 1.797693134862e+308, 1.2586e+00, 7.9019e-03, 
 2DIAGNOSTIC,     5, -7.596473874832e-01, 1.797693134862e+308, 1.2677e+00, 9.1670e-03, 
 2DIAGNOSTIC,     6, -8.060709618001e-01, 1.797693134862e+308, 1.2901e+00, 2.2397e-02, 
 2DIAGNOSTIC,     7, -8.057541367780e-01, 1.797693134862e+308, 1.2980e+00, 7.8959e-03, 
 2DIAGNOSTIC,     8, -8.057677169997e-01, 1.797693134862e+308, 1.3067e+00, 8.6761e-03, 
 2DIAGNOSTIC,     9, -8.057905806394e-01, 1.797693134862e+308, 1.3145e+00, 7.8058e-03, 
 2DIAGNOSTIC,    10, -8.057071089103e-01, 1.115344348195e-02, 1.3224e+00, 7.8609e-03, 
 2DIAGNOSTIC,    11, -8.057725498868e-01, 8.823082631069e-03, 1.3303e+00, 7.9851e-03, 
 2DIAGNOSTIC,    12, -8.058828163105e-01, 6.206727153115e-03, 1.3384e+00, 8.0991e-03, 
 2DIAGNOSTIC,    13, -8.060677506781e-01, 3.601937071661e-03, 1.3464e+00, 7.9410e-03, 
 2DIAGNOSTIC,    14, -8.066232131166e-01, 1.233978866998e-03, 1.3542e+00, 7.7839e-03, 
 2DIAGNOSTIC,    15, -8.074944012102e-01, 6.181899361629e-05, 1.3622e+00, 7.9949e-03, 
 2DIAGNOSTIC,    16, -8.083605640967e-01, 1.133820674683e-04, 1.3701e+00, 7.9410e-03, 
 2DIAGNOSTIC,    17, -8.093291838044e-01, 1.621735891480e-04, 1.3781e+00, 7.9870e-03, 
 2DIAGNOSTIC,    18, -8.106167865477e-01, 2.166210602555e-04, 1.3860e+00, 7.9291e-03, 
 2DIAGNOSTIC,    19, -8.118718623321e-01, 2.692540286938e-04, 1.3941e+00, 8.0302e-03, 
 2DIAGNOSTIC,    20, -8.134361691286e-01, 3.179769009918e-04, 1.4037e+00, 9.6929e-03, 
 2DIAGNOSTIC,    21, -8.134795537487e-01, 3.339764330934e-04, 1.4127e+00, 8.9540e-03, 
 2DIAGNOSTIC,    22, -8.134961388204e-01, 3.200419609207e-04, 1.4227e+00, 9.9781e-03, 
 2DIAGNOSTIC,    23, -8.129390590848e-01, 2.718421116058e-04, 1.4324e+00, 9.7558e-03, 
 2DIAGNOSTIC,    24, -8.129910408298e-01, 2.113479537259e-04, 1.4414e+00, 8.9691e-03, 
 2DIAGNOSTIC,    25, -8.130350780354e-01, 1.488263638657e-04, 1.4494e+00, 8.0202e-03, 
 2DIAGNOSTIC,    26, -8.130567214596e-01, 8.951753660635e-05, 1.4603e+00, 1.0864e-02, 
 2DIAGNOSTIC,    27, -8.131229348875e-01, 4.022530707225e-05, 1.4693e+00, 9.0280e-03, 
 2DIAGNOSTIC,    28, -8.129234160146e-01, 4.673229999787e-06, 1.4773e+00, 7.9410e-03, 
DIAGNOSTIC,Iteration,metricValue,convergenceValue,ITERATION_TIME_INDEX,SINCE_LAST
 2DIAGNOSTIC,     1, -6.525516630896e-01, 1.797693134862e+308, 2.8287e+00, 1.3515e+00, 
 2DIAGNOSTIC,     2, -6.533318636246e-01, 1.797693134862e+308, 2.9069e+00, 7.8103e-02, 
 2DIAGNOSTIC,     3, -6.545330450463e-01, 1.797693134862e+308, 2.9862e+00, 7.9347e-02, 
 2DIAGNOSTIC,     4, -6.560700374220e-01, 1.797693134862e+308, 3.0655e+00, 7.9254e-02, 
 2DIAGNOSTIC,     5, -6.578152791848e-01, 1.797693134862e+308, 3.1440e+00, 7.8560e-02, 
 2DIAGNOSTIC,     6, -6.597393169134e-01, 1.797693134862e+308, 3.2452e+00, 1.0116e-01, 
 2DIAGNOSTIC,     7, -6.625406640419e-01, 1.797693134862e+308, 3.3653e+00, 1.2009e-01, 
 2DIAGNOSTIC,     8, -6.628900644614e-01, 1.797693134862e+308, 3.4433e+00, 7.8028e-02, 
 2DIAGNOSTIC,     9, -6.640270333394e-01, 1.797693134862e+308, 3.5308e+00, 8.7558e-02, 
 2DIAGNOSTIC,    10, -6.645276375677e-01, 1.320061613703e-03, 3.6107e+00, 7.9836e-02, 
 2DIAGNOSTIC,    11, -6.649401173940e-01, 1.129806380347e-03, 3.6915e+00, 8.0835e-02, 
 2DIAGNOSTIC,    12, -6.672355216662e-01, 9.795518805029e-04, 3.7850e+00, 9.3512e-02, 
 2DIAGNOSTIC,    13, -6.706730464589e-01, 9.155218100564e-04, 3.8998e+00, 1.1474e-01, 
 2DIAGNOSTIC,    14, -6.757632433654e-01, 9.786769822693e-04, 3.9899e+00, 9.0167e-02, 
 2DIAGNOSTIC,    15, -6.766282395938e-01, 1.015995286241e-03, 4.0704e+00, 8.0509e-02, 
 2DIAGNOSTIC,    16, -6.790575488699e-01, 1.072433099149e-03, 4.1543e+00, 8.3846e-02, 
 2DIAGNOSTIC,    17, -6.898799460267e-01, 1.364534429962e-03, 4.2901e+00, 1.3577e-01, 
 2DIAGNOSTIC,    18, -7.008046773928e-01, 1.753994119707e-03, 4.4483e+00, 1.5827e-01, 
 2DIAGNOSTIC,    19, -7.013929555575e-01, 1.972213976348e-03, 4.5445e+00, 9.6129e-02, 
 2DIAGNOSTIC,    20, -7.028059516259e-01, 2.032057462794e-03, 4.6265e+00, 8.2040e-02, 
 2DIAGNOSTIC,    21, -7.037007627024e-01, 1.925798393018e-03, 4.7079e+00, 8.1396e-02, 
 2DIAGNOSTIC,    22, -7.048820724486e-01, 1.711973755563e-03, 4.7892e+00, 8.1294e-02, 
 2DIAGNOSTIC,    23, -7.074880274931e-01, 1.462278759000e-03, 4.8808e+00, 9.1646e-02, 
 2DIAGNOSTIC,    24, -7.078545647707e-01, 1.194517884875e-03, 4.9833e+00, 1.0250e-01, 
 2DIAGNOSTIC,    25, -7.081262889760e-01, 8.605252532384e-04, 5.0966e+00, 1.1330e-01, 
 2DIAGNOSTIC,    26, -7.082166431471e-01, 5.107108777574e-04, 5.1780e+00, 8.1359e-02, 
 2DIAGNOSTIC,    27, -7.086157219018e-01, 3.088212284942e-04, 5.2591e+00, 8.1127e-02, 
 2DIAGNOSTIC,    28, -7.087913112729e-01, 2.577433971158e-04, 5.3402e+00, 8.1073e-02, 
 2DIAGNOSTIC,    29, -7.089470975228e-01, 1.964398706949e-04, 5.4202e+00, 8.0055e-02, 
 2DIAGNOSTIC,    30, -7.090256107793e-01, 1.420218372637e-04, 5.5114e+00, 9.1189e-02, 
 2DIAGNOSTIC,    31, -7.091054992441e-01, 9.101192494056e-05, 5.6342e+00, 1.2279e-01, 
 2DIAGNOSTIC,    32, -7.090994585308e-01, 4.909528590936e-05, 5.7246e+00, 9.0338e-02, 
 2DIAGNOSTIC,    33, -7.090778399915e-01, 3.761786170257e-05, 5.8159e+00, 9.1332e-02, 
 2DIAGNOSTIC,    34, -7.090625489695e-01, 2.762055292899e-05, 5.8975e+00, 8.1580e-02, 
 2DIAGNOSTIC,    35, -7.090487217302e-01, 1.876690035040e-05, 5.9792e+00, 8.1747e-02, 
 2DIAGNOSTIC,    36, -7.090547335198e-01, 9.735184644498e-06, 6.0704e+00, 9.1137e-02, 
 2DIAGNOSTIC,    37, -7.090411337444e-01, 4.642456171117e-06, 6.1616e+00, 9.1260e-02, 
 2DIAGNOSTIC,    38, -7.090524943975e-01, 1.482218704229e-06, 6.2420e+00, 8.0374e-02, 
DIAGNOSTIC,Iteration,metricValue,convergenceValue,ITERATION_TIME_INDEX,SINCE_LAST
 2DIAGNOSTIC,     1, -5.947284734968e-01, 1.797693134862e+308, 8.1972e+00, 1.9552e+00, 
 2DIAGNOSTIC,     2, -5.954259096519e-01, 1.797693134862e+308, 8.8132e+00, 6.1601e-01, 
 2DIAGNOSTIC,     3, -5.962951485183e-01, 1.797693134862e+308, 9.4253e+00, 6.1213e-01, 
 2DIAGNOSTIC,     4, -5.973804997524e-01, 1.797693134862e+308, 1.0055e+01, 6.3016e-01, 
 2DIAGNOSTIC,     5, -5.985723912633e-01, 1.797693134862e+308, 1.0666e+01, 6.1040e-01, 
 2DIAGNOSTIC,     6, -5.994773156560e-01, 1.797693134862e+308, 1.1441e+01, 7.7507e-01, 
 2DIAGNOSTIC,     7, -5.995544263681e-01, 1.797693134862e+308, 1.2300e+01, 8.5928e-01, 
 2DIAGNOSTIC,     8, -5.996080273973e-01, 1.797693134862e+308, 1.2994e+01, 6.9387e-01, 
 2DIAGNOSTIC,     9, -5.996858445028e-01, 1.797693134862e+308, 1.3618e+01, 6.2385e-01, 
 2DIAGNOSTIC,    10, -6.000337931561e-01, 5.980115738385e-04, 1.4250e+01, 6.3188e-01, 
 2DIAGNOSTIC,    11, -6.005101626581e-01, 4.548287882475e-04, 1.5610e+01, 1.3600e+00, 
 2DIAGNOSTIC,    12, -6.005089516167e-01, 3.224173146615e-04, 1.6307e+01, 6.9766e-01, 
 2DIAGNOSTIC,    13, -6.005136117686e-01, 2.137822210018e-04, 1.7168e+01, 8.6017e-01, 
 2DIAGNOSTIC,    14, -6.005122739334e-01, 1.376897241637e-04, 1.7862e+01, 6.9429e-01, 
 2DIAGNOSTIC,    15, -6.005117612157e-01, 9.608954788530e-05, 1.8570e+01, 7.0771e-01, 
 2DIAGNOSTIC,    16, -6.005100204657e-01, 7.758813416783e-05, 1.9183e+01, 6.1366e-01, 
 2DIAGNOSTIC,    17, -6.005099800215e-01, 5.655334874127e-05, 1.9881e+01, 6.9755e-01, 
 2DIAGNOSTIC,    18, -6.005107359985e-01, 3.449692850249e-05, 2.0581e+01, 7.0066e-01, 
 2DIAGNOSTIC,    19, -6.005087712188e-01, 1.352115485791e-05, 2.1193e+01, 6.1122e-01, 
 2DIAGNOSTIC,    20, -6.005083588435e-01, 1.467120028693e-06, 2.1890e+01, 6.9734e-01, 
 2DIAGNOSTIC,    21, -6.005091633786e-01, 1.352353482476e-06, 2.2601e+01, 7.1138e-01, 
 2DIAGNOSTIC,    22, -6.005073004952e-01, 1.192618814039e-06, 2.3233e+01, 6.3161e-01, 
 2DIAGNOSTIC,    23, -6.005058329265e-01, 1.137687251990e-06, 2.3858e+01, 6.2514e-01, 
 2DIAGNOSTIC,    24, -6.005062423430e-01, 1.093363725072e-06, 2.4555e+01, 6.9651e-01, 
 2DIAGNOSTIC,    25, -6.005060547793e-01, 1.061564590253e-06, 2.5351e+01, 7.9676e-01, 
 2DIAGNOSTIC,    26, -6.005052422428e-01, 1.004951003324e-06, 2.6055e+01, 7.0321e-01, 
DIAGNOSTIC,Iteration,metricValue,convergenceValue,ITERATION_TIME_INDEX,SINCE_LAST
 2DIAGNOSTIC,     1, -5.261284227952e-01, 1.797693134862e+308, 3.0854e+01, 4.7989e+00, 
 2DIAGNOSTIC,     2, -5.265532049322e-01, 1.797693134862e+308, 3.4696e+01, 3.8425e+00, 
 2DIAGNOSTIC,     3, -5.269516334207e-01, 1.797693134862e+308, 3.8566e+01, 3.8702e+00, 
 2DIAGNOSTIC,     4, -5.274187592276e-01, 1.797693134862e+308, 4.2405e+01, 3.8388e+00, 
 2DIAGNOSTIC,     5, -5.280696657314e-01, 1.797693134862e+308, 4.7641e+01, 5.2359e+00, 
 2DIAGNOSTIC,     6, -5.281186117062e-01, 1.797693134862e+308, 5.7071e+01, 9.4300e+00, 
 2DIAGNOSTIC,     7, -5.281187442289e-01, 1.797693134862e+308, 6.1446e+01, 4.3751e+00, 
 2DIAGNOSTIC,     8, -5.281184080093e-01, 1.797693134862e+308, 6.5797e+01, 4.3508e+00, 
 2DIAGNOSTIC,     9, -5.281182992135e-01, 1.797693134862e+308, 7.0192e+01, 4.3952e+00, 
 2DIAGNOSTIC,    10, -5.281182490938e-01, 2.462051389974e-04, 7.4565e+01, 4.3731e+00, 
 2DIAGNOSTIC,    11, -5.281180545291e-01, 1.545995774299e-04, 7.8448e+01, 3.8828e+00, 
 2DIAGNOSTIC,    12, -5.281179799612e-01, 8.394474152908e-05, 8.4631e+01, 6.1833e+00, 
 2DIAGNOSTIC,    13, -5.281180177647e-01, 3.314085057365e-05, 8.8515e+01, 3.8841e+00, 
 2DIAGNOSTIC,    14, -5.281177111988e-01, 4.074774215629e-06, 9.2848e+01, 4.3328e+00, 
 2DIAGNOSTIC,    15, -5.281176287405e-01, 2.038096262993e-06, 9.7214e+01, 4.3658e+00, 
 2DIAGNOSTIC,    16, -5.281175539912e-01, 1.908490512362e-06, 1.0162e+02, 4.4042e+00, 
 2DIAGNOSTIC,    17, -5.281172531539e-01, 1.796434171683e-06, 1.0551e+02, 3.8942e+00, 
 2DIAGNOSTIC,    18, -5.281171233762e-01, 1.690099353399e-06, 1.1033e+02, 4.8150e+00, 
 2DIAGNOSTIC,    19, -5.281170528829e-01, 1.597182110992e-06, 1.1516e+02, 4.8290e+00, 
 2DIAGNOSTIC,    20, -5.281168270411e-01, 1.513473034259e-06, 1.2000e+02, 4.8477e+00, 
 2DIAGNOSTIC,    21, -5.281168355909e-01, 1.440319718854e-06, 1.2442e+02, 4.4171e+00, 
 2DIAGNOSTIC,    22, -5.281167206849e-01, 1.376094968461e-06, 1.2835e+02, 3.9280e+00, 
 2DIAGNOSTIC,    23, -5.281164882148e-01, 1.319726924888e-06, 1.3274e+02, 4.3916e+00, 
 2DIAGNOSTIC,    24, -5.281164975519e-01, 1.267484167657e-06, 1.3662e+02, 3.8746e+00, 
 2DIAGNOSTIC,    25, -5.281163898869e-01, 1.220724516381e-06, 1.4101e+02, 4.3946e+00, 
 2DIAGNOSTIC,    26, -5.281164124146e-01, 1.181524671233e-06, 1.4493e+02, 3.9210e+00, 
 2DIAGNOSTIC,    27, -5.281163270140e-01, 1.141527428430e-06, 1.4929e+02, 4.3566e+00, 
 2DIAGNOSTIC,    28, -5.281163649977e-01, 1.106210064800e-06, 1.5359e+02, 4.2990e+00, 
 2DIAGNOSTIC,    29, -5.281161426015e-01, 1.070827406559e-06, 1.5747e+02, 3.8788e+00, 
 2DIAGNOSTIC,    30, -5.281159370887e-01, 1.032595977266e-06, 1.6182e+02, 4.3555e+00, 
 2DIAGNOSTIC,    31, -5.281159863924e-01, 1.000579808487e-06, 1.6615e+02, 4.3312e+00, 
  Elapsed time (stage 1): 1.6865e+02


Stage 2
  iterations = 100x70x50x20
  convergence threshold = 1.0000e-06
  convergence window size = 10
  number of levels = 4
  using the CC metric (radius = 4, weight = 1.0000e+00, use gradient filter = 0)
  preprocessing:  winsorizing the image intensities
  Shrink factors (level 1 out of 4): [8, 8, 8]
  Shrink factors (level 2 out of 4): [4, 4, 4]
  Shrink factors (level 3 out of 4): [2, 2, 2]
  Shrink factors (level 4 out of 4): [1, 1, 1]
  smoothing sigmas per level: [3, 2, 1, 0]
  Using default NONE metricSamplingStrategy 

*** Running SyN registration (varianceForUpdateField = 3.0000e+00, varianceForTotalField = 0.0000e+00) ***

XXDIAGNOSTIC,Iteration,metricValue,convergenceValue,ITERATION_TIME_INDEX,SINCE_LAST
 1DIAGNOSTIC,     1, -8.912029501444e-01, 1.797693134862e+308, 1.8061e+00, 1.8061e+00, 
 1DIAGNOSTIC,     2, -8.985219519565e-01, 1.797693134862e+308, 2.4465e+00, 6.4047e-01, 
 1DIAGNOSTIC,     3, -9.036609620590e-01, 1.797693134862e+308, 3.0728e+00, 6.2624e-01, 
 1DIAGNOSTIC,     4, -9.073093828103e-01, 1.797693134862e+308, 3.6982e+00, 6.2539e-01, 
 1DIAGNOSTIC,     5, -9.099090875003e-01, 1.797693134862e+308, 4.3203e+00, 6.2217e-01, 
 1DIAGNOSTIC,     6, -9.119735117764e-01, 1.797693134862e+308, 4.9791e+00, 6.5873e-01, 
 1DIAGNOSTIC,     7, -9.137405023036e-01, 1.797693134862e+308, 5.6039e+00, 6.2482e-01, 
 1DIAGNOSTIC,     8, -9.152346337472e-01, 1.797693134862e+308, 6.2414e+00, 6.3752e-01, 
 1DIAGNOSTIC,     9, -9.165165306755e-01, 1.797693134862e+308, 6.8671e+00, 6.2572e-01, 
 1DIAGNOSTIC,    10, -9.175653880141e-01, 1.678357794930e-03, 7.5268e+00, 6.5969e-01, 
 1DIAGNOSTIC,    11, -9.184060698516e-01, 1.175465028966e-03, 8.1726e+00, 6.4576e-01, 
 1DIAGNOSTIC,    12, -9.191372191644e-01, 8.590425010791e-04, 8.8112e+00, 6.3862e-01, 
 1DIAGNOSTIC,    13, -9.197825323961e-01, 6.515792621573e-04, 9.4372e+00, 6.2603e-01, 
 1DIAGNOSTIC,    14, -9.203452703034e-01, 5.077876063456e-04, 1.0065e+01, 6.2740e-01, 
 1DIAGNOSTIC,    15, -9.208445710705e-01, 4.008307678769e-04, 1.0692e+01, 6.2734e-01, 
 1DIAGNOSTIC,    16, -9.212605816808e-01, 3.185050354205e-04, 1.1320e+01, 6.2806e-01, 
 1DIAGNOSTIC,    17, -9.216571062147e-01, 2.559665342393e-04, 1.1948e+01, 6.2790e-01, 
 1DIAGNOSTIC,    18, -9.220083926664e-01, 2.084368492823e-04, 1.2576e+01, 6.2809e-01, 
 1DIAGNOSTIC,    19, -9.223219027547e-01, 1.725786595055e-04, 1.3213e+01, 6.3651e-01, 
 1DIAGNOSTIC,    20, -9.226346229491e-01, 1.453787298418e-04, 1.3845e+01, 6.3261e-01, 
 1DIAGNOSTIC,    21, -9.228885596183e-01, 1.233852020449e-04, 1.4473e+01, 6.2816e-01, 
 1DIAGNOSTIC,    22, -9.231173694743e-01, 1.054166237526e-04, 1.5127e+01, 6.5354e-01, 
 1DIAGNOSTIC,    23, -9.233244588940e-01, 9.066136448567e-05, 1.5754e+01, 6.2707e-01, 
 1DIAGNOSTIC,    24, -9.235259584160e-01, 7.853369879821e-05, 1.6382e+01, 6.2827e-01, 
 1DIAGNOSTIC,    25, -9.236973415952e-01, 6.835264778831e-05, 1.7024e+01, 6.4202e-01, 
 1DIAGNOSTIC,    26, -9.238552177733e-01, 5.940852930368e-05, 1.7655e+01, 6.3107e-01, 
 1DIAGNOSTIC,    27, -9.240026079533e-01, 5.182885605005e-05, 1.8276e+01, 6.2088e-01, 
 1DIAGNOSTIC,    28, -9.241395436646e-01, 4.535857609165e-05, 1.8896e+01, 6.2036e-01, 
 1DIAGNOSTIC,    29, -9.242664873174e-01, 3.979767174247e-05, 1.9516e+01, 6.1928e-01, 
 1DIAGNOSTIC,    30, -9.243832401081e-01, 3.533452819100e-05, 2.0136e+01, 6.1996e-01, 
 1DIAGNOSTIC,    31, -9.244907392735e-01, 3.148610493511e-05, 2.0756e+01, 6.2017e-01, 
 1DIAGNOSTIC,    32, -9.245898919355e-01, 2.812946995842e-05, 2.1392e+01, 6.3610e-01, 
 1DIAGNOSTIC,    33, -9.246806490379e-01, 2.515961876547e-05, 2.2035e+01, 6.4274e-01, 
 1DIAGNOSTIC,    34, -9.247638261254e-01, 2.262977042670e-05, 2.2657e+01, 6.2231e-01, 
 1DIAGNOSTIC,    35, -9.248406487582e-01, 2.035197638504e-05, 2.3277e+01, 6.2019e-01, 
 1DIAGNOSTIC,    36, -9.249115400062e-01, 1.829444458140e-05, 2.3898e+01, 6.2026e-01, 
 1DIAGNOSTIC,    37, -9.249768656882e-01, 1.644829002103e-05, 2.4529e+01, 6.3162e-01, 
 1DIAGNOSTIC,    38, -9.250366493988e-01, 1.479661001127e-05, 2.5159e+01, 6.2988e-01, 
 1DIAGNOSTIC,    39, -9.250921823080e-01, 1.332911716215e-05, 2.5798e+01, 6.3864e-01, 
 1DIAGNOSTIC,    40, -9.251443316700e-01, 1.203172046490e-05, 2.6418e+01, 6.2061e-01, 
 1DIAGNOSTIC,    41, -9.251932108572e-01, 1.089017503228e-05, 2.7052e+01, 6.3364e-01, 
 1DIAGNOSTIC,    42, -9.252388485896e-01, 9.890061321953e-06, 2.7682e+01, 6.2994e-01, 
 1DIAGNOSTIC,    43, -9.252819916289e-01, 9.015077218000e-06, 2.8311e+01, 6.2922e-01, 
 1DIAGNOSTIC,    44, -9.253227444655e-01, 8.248900308139e-06, 2.8941e+01, 6.2974e-01, 
 1DIAGNOSTIC,    45, -9.253605448143e-01, 7.574495751776e-06, 2.9571e+01, 6.2997e-01, 
 1DIAGNOSTIC,    46, -9.253959148638e-01, 6.977394201427e-06, 3.0222e+01, 6.5164e-01, 
 1DIAGNOSTIC,    47, -9.254288827635e-01, 6.442409275966e-06, 3.0850e+01, 6.2724e-01, 
 1DIAGNOSTIC,    48, -9.254597777713e-01, 5.954126480502e-06, 3.1480e+01, 6.2991e-01, 
 1DIAGNOSTIC,    49, -9.254889469542e-01, 5.506225893279e-06, 3.2109e+01, 6.2933e-01, 
 1DIAGNOSTIC,    50, -9.255164520114e-01, 5.096747550441e-06, 3.2738e+01, 6.2916e-01, 
 1DIAGNOSTIC,    51, -9.255423940154e-01, 4.723291740692e-06, 3.3368e+01, 6.2984e-01, 
 1DIAGNOSTIC,    52, -9.255667973267e-01, 4.381876569492e-06, 3.4014e+01, 6.4639e-01, 
 1DIAGNOSTIC,    53, -9.255906231067e-01, 4.077037955533e-06, 3.4636e+01, 6.2146e-01, 
 1DIAGNOSTIC,    54, -9.256130157393e-01, 3.806356559687e-06, 3.5272e+01, 6.3598e-01, 
 1DIAGNOSTIC,    55, -9.256342287185e-01, 3.563803737960e-06, 3.5922e+01, 6.4992e-01, 
 1DIAGNOSTIC,    56, -9.256543066797e-01, 3.345181175174e-06, 3.6548e+01, 6.2673e-01, 
 1DIAGNOSTIC,    57, -9.256727431119e-01, 3.142421621562e-06, 3.7176e+01, 6.2760e-01, 
 1DIAGNOSTIC,    58, -9.256897273449e-01, 2.949982772203e-06, 3.7802e+01, 6.2554e-01, 
 1DIAGNOSTIC,    59, -9.257055124690e-01, 2.765514510429e-06, 3.8427e+01, 6.2516e-01, 
 1DIAGNOSTIC,    60, -9.257202314882e-01, 2.587681428703e-06, 3.9052e+01, 6.2559e-01, 
 1DIAGNOSTIC,    61, -9.257338966986e-01, 2.415762316892e-06, 3.9681e+01, 6.2866e-01, 
 1DIAGNOSTIC,    62, -9.257465277010e-01, 2.249192690221e-06, 4.0308e+01, 6.2753e-01, 
 1DIAGNOSTIC,    63, -9.257586483337e-01, 2.094869692701e-06, 4.0940e+01, 6.3203e-01, 
 1DIAGNOSTIC,    64, -9.257705773760e-01, 1.955834564103e-06, 4.1580e+01, 6.3977e-01, 
 1DIAGNOSTIC,    65, -9.257814013931e-01, 1.830757037576e-06, 4.2221e+01, 6.4091e-01, 
 1DIAGNOSTIC,    66, -9.257913790603e-01, 1.719147791110e-06, 4.2842e+01, 6.2110e-01, 
 1DIAGNOSTIC,    67, -9.258009981411e-01, 1.619456932177e-06, 4.3463e+01, 6.2031e-01, 
 1DIAGNOSTIC,    68, -9.258099618379e-01, 1.528725622226e-06, 4.4082e+01, 6.1972e-01, 
 1DIAGNOSTIC,    69, -9.258186235607e-01, 1.446347224914e-06, 4.4703e+01, 6.2036e-01, 
 1DIAGNOSTIC,    70, -9.258266468156e-01, 1.370373333587e-06, 4.5337e+01, 6.3463e-01, 
 1DIAGNOSTIC,    71, -9.258342440011e-01, 1.299626093651e-06, 4.5975e+01, 6.3787e-01, 
 1DIAGNOSTIC,    72, -9.258415822072e-01, 1.233330583302e-06, 4.6596e+01, 6.2063e-01, 
 1DIAGNOSTIC,    73, -9.258487535634e-01, 1.173023561517e-06, 4.7216e+01, 6.2015e-01, 
 1DIAGNOSTIC,    74, -9.258560304267e-01, 1.122370183853e-06, 4.7867e+01, 6.5132e-01, 
 1DIAGNOSTIC,    75, -9.258629287470e-01, 1.078296325587e-06, 4.8488e+01, 6.2073e-01, 
 1DIAGNOSTIC,    76, -9.258662358276e-01, 1.025426166746e-06, 4.9108e+01, 6.1978e-01, 
 1DIAGNOSTIC,    77, -9.258730520220e-01, 9.808838179522e-07, 4.9729e+01, 6.2083e-01, 
XXDIAGNOSTIC,Iteration,metricValue,convergenceValue,ITERATION_TIME_INDEX,SINCE_LAST
 1DIAGNOSTIC,     1, -8.484763335111e-01, 1.797693134862e+308, 5.6136e+01, 6.4077e+00, 
 1DIAGNOSTIC,     2, -8.518337379591e-01, 1.797693134862e+308, 6.1209e+01, 5.0730e+00, 
 1DIAGNOSTIC,     3, -8.548417714520e-01, 1.797693134862e+308, 6.6325e+01, 5.1157e+00, 
 1DIAGNOSTIC,     4, -8.576653547017e-01, 1.797693134862e+308, 7.1399e+01, 5.0735e+00, 
 1DIAGNOSTIC,     5, -8.601724201123e-01, 1.797693134862e+308, 7.6479e+01, 5.0802e+00, 
 1DIAGNOSTIC,     6, -8.624213576540e-01, 1.797693134862e+308, 8.1522e+01, 5.0436e+00, 
 1DIAGNOSTIC,     7, -8.644840196837e-01, 1.797693134862e+308, 8.6625e+01, 5.1029e+00, 
 1DIAGNOSTIC,     8, -8.662461115387e-01, 1.797693134862e+308, 9.1675e+01, 5.0493e+00, 
 1DIAGNOSTIC,     9, -8.678511298885e-01, 1.797693134862e+308, 9.6779e+01, 5.1044e+00, 
 1DIAGNOSTIC,    10, -8.693057429321e-01, 1.535486337216e-03, 1.0189e+02, 5.1110e+00, 
 1DIAGNOSTIC,    11, -8.706485322154e-01, 1.256212729610e-03, 1.0700e+02, 5.1127e+00, 
 1DIAGNOSTIC,    12, -8.717441829345e-01, 1.032372735950e-03, 1.1208e+02, 5.0725e+00, 
 1DIAGNOSTIC,    13, -8.727850332004e-01, 8.516925730051e-04, 1.1718e+02, 5.1070e+00, 
 1DIAGNOSTIC,    14, -8.737536595949e-01, 7.080479248028e-04, 1.2230e+02, 5.1178e+00, 
 1DIAGNOSTIC,    15, -8.746829526449e-01, 5.937018927463e-04, 1.2741e+02, 5.1091e+00, 
 1DIAGNOSTIC,    16, -8.755696068511e-01, 5.030901292168e-04, 1.3251e+02, 5.0973e+00, 
 1DIAGNOSTIC,    17, -8.764294298610e-01, 4.329272110908e-04, 1.3763e+02, 5.1274e+00, 
 1DIAGNOSTIC,    18, -8.773006689387e-01, 3.782670806939e-04, 1.4272e+02, 5.0837e+00, 
 1DIAGNOSTIC,    19, -8.781343761277e-01, 3.360774815599e-04, 1.4785e+02, 5.1315e+00, 
 1DIAGNOSTIC,    20, -8.789461600692e-01, 3.037146364632e-04, 1.5293e+02, 5.0834e+00, 
 1DIAGNOSTIC,    21, -8.797499997239e-01, 2.794257745413e-04, 1.5803e+02, 5.1007e+00, 
 1DIAGNOSTIC,    22, -8.805118134531e-01, 2.586987680497e-04, 1.6322e+02, 5.1886e+00, 
 1DIAGNOSTIC,    23, -8.812668123195e-01, 2.409484265752e-04, 1.6832e+02, 5.0992e+00, 
 1DIAGNOSTIC,    24, -8.819891985958e-01, 2.249732721905e-04, 1.7343e+02, 5.1057e+00, 
 1DIAGNOSTIC,    25, -8.826608628813e-01, 2.099507240583e-04, 1.7855e+02, 5.1244e+00, 
 1DIAGNOSTIC,    26, -8.832912951438e-01, 1.952930203426e-04, 1.8365e+02, 5.1010e+00, 
 1DIAGNOSTIC,    27, -8.838908409058e-01, 1.808681291105e-04, 1.8874e+02, 5.0906e+00, 
 1DIAGNOSTIC,    28, -8.844636855794e-01, 1.671497477716e-04, 1.9383e+02, 5.0840e+00, 
 1DIAGNOSTIC,    29, -8.849694531325e-01, 1.535699897257e-04, 1.9893e+02, 5.1063e+00, 
 1DIAGNOSTIC,    30, -8.854273076923e-01, 1.401085076988e-04, 2.0401e+02, 5.0818e+00, 
 1DIAGNOSTIC,    31, -8.858477486015e-01, 1.270786951348e-04, 2.0914e+02, 5.1257e+00, 
 1DIAGNOSTIC,    32, -8.862343540485e-01, 1.144601796284e-04, 2.1425e+02, 5.1053e+00, 
 1DIAGNOSTIC,    33, -8.865686793718e-01, 1.024498479757e-04, 2.1937e+02, 5.1276e+00, 
 1DIAGNOSTIC,    34, -8.868597631728e-01, 9.109691187505e-05, 2.2448e+02, 5.1039e+00, 
 1DIAGNOSTIC,    35, -8.871094449752e-01, 8.029263000334e-05, 2.2958e+02, 5.1025e+00, 
 1DIAGNOSTIC,    36, -8.873318046070e-01, 7.015060546542e-05, 2.3467e+02, 5.0887e+00, 
 1DIAGNOSTIC,    37, -8.875284732451e-01, 6.086696469458e-05, 2.3976e+02, 5.0881e+00, 
 1DIAGNOSTIC,    38, -8.877135323325e-01, 5.276086794835e-05, 2.4481e+02, 5.0580e+00, 
 1DIAGNOSTIC,    39, -8.878811528990e-01, 4.566379740893e-05, 2.4991e+02, 5.0936e+00, 
 1DIAGNOSTIC,    40, -8.880331633537e-01, 3.953586478618e-05, 2.5500e+02, 5.0905e+00, 
 1DIAGNOSTIC,    41, -8.881684395537e-01, 3.435451451859e-05, 2.6008e+02, 5.0770e+00, 
 1DIAGNOSTIC,    42, -8.882967282733e-01, 3.014449832191e-05, 2.6518e+02, 5.1001e+00, 
 1DIAGNOSTIC,    43, -8.884129489380e-01, 2.667833127403e-05, 2.7030e+02, 5.1238e+00, 
 1DIAGNOSTIC,    44, -8.885131997346e-01, 2.373826430414e-05, 2.7539e+02, 5.0868e+00, 
 1DIAGNOSTIC,    45, -8.886171923348e-01, 2.124650265337e-05, 2.8054e+02, 5.1498e+00, 
 1DIAGNOSTIC,    46, -8.887109396241e-01, 1.909766158081e-05, 2.8565e+02, 5.1099e+00, 
 1DIAGNOSTIC,    47, -8.887896279745e-01, 1.715110479684e-05, 2.9075e+02, 5.1053e+00, 
 1DIAGNOSTIC,    48, -8.888667815847e-01, 1.545715967669e-05, 2.9587e+02, 5.1145e+00, 
 1DIAGNOSTIC,    49, -8.889346965412e-01, 1.395255928516e-05, 3.0095e+02, 5.0818e+00, 
 1DIAGNOSTIC,    50, -8.889984591165e-01, 1.261312125300e-05, 3.0603e+02, 5.0777e+00, 
 1DIAGNOSTIC,    51, -8.890674738301e-01, 1.145753534184e-05, 3.1111e+02, 5.0889e+00, 
 1DIAGNOSTIC,    52, -8.891295427046e-01, 1.047631925545e-05, 3.1620e+02, 5.0876e+00, 
 1DIAGNOSTIC,    53, -8.891847194152e-01, 9.620598550791e-06, 3.2127e+02, 5.0669e+00, 
 1DIAGNOSTIC,    54, -8.892436572486e-01, 8.872624752989e-06, 3.2633e+02, 5.0570e+00, 
 1DIAGNOSTIC,    55, -8.892850217513e-01, 8.198976105586e-06, 3.3141e+02, 5.0863e+00, 
 1DIAGNOSTIC,    56, -8.893370202239e-01, 7.650668812746e-06, 3.3651e+02, 5.1007e+00, 
 1DIAGNOSTIC,    57, -8.893937384846e-01, 7.198283612345e-06, 3.4158e+02, 5.0672e+00, 
 1DIAGNOSTIC,    58, -8.894385492088e-01, 6.793179881198e-06, 3.4662e+02, 5.0398e+00, 
 1DIAGNOSTIC,    59, -8.894797662552e-01, 6.393268131680e-06, 3.5171e+02, 5.0880e+00, 
 1DIAGNOSTIC,    60, -8.895192647641e-01, 5.993611506730e-06, 3.5678e+02, 5.0748e+00, 
 1DIAGNOSTIC,    61, -8.895582186322e-01, 5.646446010685e-06, 3.6185e+02, 5.0690e+00, 
 1DIAGNOSTIC,    62, -8.895922007753e-01, 5.310097128449e-06, 3.6696e+02, 5.1085e+00, 
 1DIAGNOSTIC,    63, -8.896143842918e-01, 4.912667089362e-06, 3.7205e+02, 5.0942e+00, 
 1DIAGNOSTIC,    64, -8.896467038003e-01, 4.562647565397e-06, 3.7713e+02, 5.0747e+00, 
 1DIAGNOSTIC,    65, -8.896748440931e-01, 4.171625089578e-06, 3.8220e+02, 5.0674e+00, 
 1DIAGNOSTIC,    66, -8.897049328053e-01, 3.832555175380e-06, 3.8727e+02, 5.0706e+00, 
 1DIAGNOSTIC,    67, -8.897320931194e-01, 3.580444878370e-06, 3.9234e+02, 5.0762e+00, 
 1DIAGNOSTIC,    68, -8.897571568236e-01, 3.365148094965e-06, 3.9734e+02, 4.9960e+00, 
 1DIAGNOSTIC,    69, -8.897837623064e-01, 3.190661613400e-06, 4.0238e+02, 5.0361e+00, 
 1DIAGNOSTIC,    70, -8.898018762659e-01, 3.018778188315e-06, 4.0750e+02, 5.1242e+00, 
XXDIAGNOSTIC,Iteration,metricValue,convergenceValue,ITERATION_TIME_INDEX,SINCE_LAST
 1DIAGNOSTIC,     1, -8.494931482568e-01, 1.797693134862e+308, 4.4938e+02, 4.1884e+01, 
 1DIAGNOSTIC,     2, -8.520534132958e-01, 1.797693134862e+308, 4.8953e+02, 4.0142e+01, 
 1DIAGNOSTIC,     3, -8.546759814222e-01, 1.797693134862e+308, 5.2970e+02, 4.0170e+01, 
 1DIAGNOSTIC,     4, -8.572516394571e-01, 1.797693134862e+308, 5.6988e+02, 4.0183e+01, 
 1DIAGNOSTIC,     5, -8.597595957740e-01, 1.797693134862e+308, 6.1003e+02, 4.0150e+01, 
 1DIAGNOSTIC,     6, -8.622185042899e-01, 1.797693134862e+308, 6.5035e+02, 4.0322e+01, 
 1DIAGNOSTIC,     7, -8.645248739171e-01, 1.797693134862e+308, 6.9072e+02, 4.0367e+01, 
 1DIAGNOSTIC,     8, -8.666755264612e-01, 1.797693134862e+308, 7.3115e+02, 4.0428e+01, 
 1DIAGNOSTIC,     9, -8.686235201320e-01, 1.797693134862e+308, 7.7160e+02, 4.0451e+01, 
 1DIAGNOSTIC,    10, -8.704126346421e-01, 1.575937034105e-03, 8.1195e+02, 4.0357e+01, 
 1DIAGNOSTIC,    11, -8.720573261034e-01, 1.362678919856e-03, 8.5237e+02, 4.0411e+01, 
 1DIAGNOSTIC,    12, -8.735916981865e-01, 1.174363035211e-03, 8.9274e+02, 4.0372e+01, 
 1DIAGNOSTIC,    13, -8.750155839184e-01, 1.010710595456e-03, 9.3341e+02, 4.0669e+01, 
 1DIAGNOSTIC,    14, -8.763685953766e-01, 8.702821508127e-04, 9.7384e+02, 4.0436e+01, 
 1DIAGNOSTIC,    15, -8.776702837898e-01, 7.519456306570e-04, 1.0143e+03, 4.0454e+01, 
 1DIAGNOSTIC,    16, -8.788021186969e-01, 6.525368455391e-04, 1.0550e+03, 4.0685e+01, 
 1DIAGNOSTIC,    17, -8.798635509774e-01, 5.692578138448e-04, 1.0954e+03, 4.0418e+01, 
 1DIAGNOSTIC,    18, -8.807243574562e-01, 4.970724732995e-04, 1.1360e+03, 4.0609e+01, 
 1DIAGNOSTIC,    19, -8.818180102928e-01, 4.385263718138e-04, 1.1768e+03, 4.0743e+01, 
 1DIAGNOSTIC,    20, -8.825270761831e-01, 3.855271058040e-04, 1.2175e+03, 4.0790e+01, 
 1DIAGNOSTIC,    21, -8.831865248892e-01, 3.373463088767e-04, 1.2582e+03, 4.0619e+01, 
 1DIAGNOSTIC,    22, -8.838109501313e-01, 2.939911852580e-04, 1.2986e+03, 4.0477e+01, 
 1DIAGNOSTIC,    23, -8.845716406960e-01, 2.577259982493e-04, 1.3395e+03, 4.0858e+01, 
 1DIAGNOSTIC,    24, -8.851355836444e-01, 2.260869197621e-04, 1.3802e+03, 4.0690e+01, 
 1DIAGNOSTIC,    25, -8.856759096596e-01, 1.996551131026e-04, 1.4209e+03, 4.0732e+01, 
 1DIAGNOSTIC,    26, -8.862019307544e-01, 1.772172553256e-04, 1.4618e+03, 4.0863e+01, 
 1DIAGNOSTIC,    27, -8.867189771135e-01, 1.587397668009e-04, 1.5026e+03, 4.0794e+01, 
 1DIAGNOSTIC,    28, -8.872224084980e-01, 1.422574210873e-04, 1.5435e+03, 4.0891e+01, 
 1DIAGNOSTIC,    29, -8.876997461887e-01, 1.310355159156e-04, 1.5845e+03, 4.0994e+01, 
 1DIAGNOSTIC,    30, -8.881425487190e-01, 1.206442774296e-04, 1.6251e+03, 4.0657e+01, 
 1DIAGNOSTIC,    31, -8.885493282875e-01, 1.106719496321e-04, 1.6660e+03, 4.0846e+01, 
 1DIAGNOSTIC,    32, -8.889292633104e-01, 1.009589207711e-04, 1.7067e+03, 4.0786e+01, 
 1DIAGNOSTIC,    33, -8.892837848331e-01, 9.321126054995e-05, 1.7476e+03, 4.0838e+01, 
 1DIAGNOSTIC,    34, -8.896229527253e-01, 8.567853824288e-05, 1.7885e+03, 4.0903e+01, 
 1DIAGNOSTIC,    35, -8.899415644319e-01, 7.838994544839e-05, 1.8294e+03, 4.0961e+01, 
 1DIAGNOSTIC,    36, -8.902391847454e-01, 7.146859847134e-05, 1.8701e+03, 4.0624e+01, 
 1DIAGNOSTIC,    37, -8.905170748766e-01, 6.508413102485e-05, 1.9109e+03, 4.0871e+01, 
 1DIAGNOSTIC,    38, -8.907774906438e-01, 5.935274975385e-05, 1.9517e+03, 4.0756e+01, 
 1DIAGNOSTIC,    39, -8.910291858233e-01, 5.431915893903e-05, 1.9923e+03, 4.0596e+01, 
 1DIAGNOSTIC,    40, -8.912605747879e-01, 4.982361426250e-05, 2.0328e+03, 4.0473e+01, 
 1DIAGNOSTIC,    41, -8.914837596445e-01, 4.578209387529e-05, 2.0733e+03, 4.0537e+01, 
 1DIAGNOSTIC,    42, -8.916900615096e-01, 4.209749610814e-05, 2.1143e+03, 4.0948e+01, 
 1DIAGNOSTIC,    43, -8.918846760951e-01, 3.871445687137e-05, 2.1551e+03, 4.0879e+01, 
 1DIAGNOSTIC,    44, -8.920631590260e-01, 3.561167493095e-05, 2.1958e+03, 4.0703e+01, 
 1DIAGNOSTIC,    45, -8.922343039067e-01, 3.278525703814e-05, 2.2365e+03, 4.0710e+01, 
 1DIAGNOSTIC,    46, -8.923922960442e-01, 3.017320140311e-05, 2.2775e+03, 4.0920e+01, 
 1DIAGNOSTIC,    47, -8.925422163006e-01, 2.775469717976e-05, 2.3181e+03, 4.0619e+01, 
 1DIAGNOSTIC,    48, -8.926864344105e-01, 2.553197812366e-05, 2.3586e+03, 4.0546e+01, 
 1DIAGNOSTIC,    49, -8.928251457084e-01, 2.355871481637e-05, 2.3992e+03, 4.0570e+01, 
 1DIAGNOSTIC,    50, -8.929579875355e-01, 2.178966249990e-05, 2.4399e+03, 4.0742e+01, 
XXDIAGNOSTIC,Iteration,metricValue,convergenceValue,ITERATION_TIME_INDEX,SINCE_LAST
 1DIAGNOSTIC,     1, -8.598495191431e-01, 1.797693134862e+308, 2.7709e+03, 3.3097e+02, 
 1DIAGNOSTIC,     2, -8.613363836308e-01, 1.797693134862e+308, 3.0981e+03, 3.2721e+02, 
 1DIAGNOSTIC,     3, -8.629772674472e-01, 1.797693134862e+308, 3.4241e+03, 3.2592e+02, 
 1DIAGNOSTIC,     4, -8.644590461930e-01, 1.797693134862e+308, 3.7498e+03, 3.2578e+02, 
 1DIAGNOSTIC,     5, -8.660178212775e-01, 1.797693134862e+308, 4.0757e+03, 3.2585e+02, 
 1DIAGNOSTIC,     6, -8.674899636832e-01, 1.797693134862e+308, 4.4003e+03, 3.2466e+02, 
 1DIAGNOSTIC,     7, -8.687950214396e-01, 1.797693134862e+308, 4.7253e+03, 3.2496e+02, 
 1DIAGNOSTIC,     8, -8.700308822001e-01, 1.797693134862e+308, 5.0521e+03, 3.2683e+02, 
 1DIAGNOSTIC,     9, -8.710765853014e-01, 1.797693134862e+308, 5.3793e+03, 3.2718e+02, 
 1DIAGNOSTIC,    10, -8.720339910752e-01, 9.188347659783e-04, 5.7060e+03, 3.2671e+02, 
 1DIAGNOSTIC,    11, -8.728321315765e-01, 7.819882325995e-04, 6.0327e+03, 3.2669e+02, 
 1DIAGNOSTIC,    12, -8.735943577772e-01, 6.588053528638e-04, 6.3595e+03, 3.2675e+02, 
 1DIAGNOSTIC,    13, -8.743130206266e-01, 5.542236558218e-04, 6.6858e+03, 3.2633e+02, 
 1DIAGNOSTIC,    14, -8.749828099108e-01, 4.641578996237e-04, 7.0129e+03, 3.2712e+02, 
 1DIAGNOSTIC,    15, -8.756229829625e-01, 3.913652016434e-04, 7.3398e+03, 3.2689e+02, 
 1DIAGNOSTIC,    16, -8.762417599175e-01, 3.342744965307e-04, 7.6670e+03, 3.2716e+02, 
 1DIAGNOSTIC,    17, -8.768207654999e-01, 2.890946571389e-04, 7.9932e+03, 3.2629e+02, 
 1DIAGNOSTIC,    18, -8.773510972634e-01, 2.540937934560e-04, 8.3206e+03, 3.2736e+02, 
 1DIAGNOSTIC,    19, -8.778443682637e-01, 2.255243356564e-04, 8.6471e+03, 3.2644e+02, 
 1DIAGNOSTIC,    20, -8.783142643634e-01, 2.020619513315e-04, 8.9738e+03, 3.2675e+02, 
  Elapsed time (stage 2): 8976


Total elapsed time: 9287
 Registration finished. The antsRegistration call was:
--------------------------------------------------------------------------------------
/opt/ants/bin/antsRegistration --verbose 1 --dimensionality 3 --float 0 --collapse-output-transforms 1 --output [ /data/derivatives/ants/registrationSyN/sub-s028/ses-open/anat/,/data/derivatives/ants/registrationSyN/sub-s028/ses-open/anat/Warped.nii.gz,/data/derivatives/ants/registrationSyN/sub-s028/ses-open/anat/InverseWarped.nii.gz ] --interpolation Linear --use-histogram-matching 0 --winsorize-image-intensities [ 0.005,0.995 ] --initial-moving-transform [ /templateflow/tpl-MNI152NLin2009cAsym//tpl-MNI152NLin2009cAsym_res-01_desc-brain_T1w.nii.gz,/data/derivatives/fsl/fast/sub-s028/ses-open/anat/BrainExtractionBrain_seg.nii.gz,1 ] --transform Rigid[ 0.1 ] --metric MI[ /templateflow/tpl-MNI152NLin2009cAsym//tpl-MNI152NLin2009cAsym_res-01_desc-brain_T1w.nii.gz,/data/derivatives/fsl/fast/sub-s028/ses-open/anat/BrainExtractionBrain_seg.nii.gz,1,32,Regular,0.25 ] --convergence [ 1000x500x250x100,1e-6,10 ] --shrink-factors 8x4x2x1 --smoothing-sigmas 3x2x1x0vox --transform Affine[ 0.1 ] --metric MI[ /templateflow/tpl-MNI152NLin2009cAsym//tpl-MNI152NLin2009cAsym_res-01_desc-brain_T1w.nii.gz,/data/derivatives/fsl/fast/sub-s028/ses-open/anat/BrainExtractionBrain_seg.nii.gz,1,32,Regular,0.25 ] --convergence [ 1000x500x250x100,1e-6,10 ] --shrink-factors 8x4x2x1 --smoothing-sigmas 3x2x1x0vox --transform SyN[ 0.1,3,0 ] --metric CC[ /templateflow/tpl-MNI152NLin2009cAsym//tpl-MNI152NLin2009cAsym_res-01_desc-brain_T1w.nii.gz,/data/derivatives/fsl/fast/sub-s028/ses-open/anat/BrainExtractionBrain_seg.nii.gz,1,4 ] --convergence [ 100x70x50x20,1e-6,10 ] --shrink-factors 8x4x2x1 --smoothing-sigmas 3x2x1x0vox
--------------------------------------------------------------------------------------
Moving image resampled into fixed space: /data/derivatives/ants/registrationSyN/sub-s028/ses-open/anat/Warped.nii.gz
Fixed image resampled into moving space: /data/derivatives/ants/registrationSyN/sub-s028/ses-open/anat/InverseWarped.nii.gz
--------------------------------------------------------------------------------------
Elapsed Time: 9291.451s
    SP GFLOPS: 0.000
    DP GFLOPS: 0.912
    x87 GFLOPS: 0.003
    CPI Rate: 0.457
    Average CPU Frequency: 3.641 GHz
    Total Thread Count: 15
Effective Physical Core Utilization: 3.0% (0.973 out of 32)
 | The metric value is low, which may signal a poor physical CPU cores
 | utilization caused by:
 |     - load imbalance
 |     - threading runtime overhead
 |     - contended synchronization
 |     - thread/process underutilization
 |     - incorrect affinity that utilizes logical cores instead of physical
 |       cores
 | Explore sub-metrics to estimate the efficiency of MPI and OpenMP parallelism
 | or run the Locks and Waits analysis to identify parallel bottlenecks for
 | other parallel runtimes.
 |
    Effective Logical Core Utilization: 1.5% (0.975 out of 64)
     | The metric value is low, which may signal a poor logical CPU cores
     | utilization. Consider improving physical core utilization as the first
     | step and then look at opportunities to utilize logical cores, which in
     | some cases can improve processor throughput and overall performance of
     | multi-threaded applications.
     |
Memory Bound: 14.5% of Pipeline Slots
    Cache Bound: 7.4% of Clockticks
    DRAM Bound: 0.4% of Clockticks
        DRAM Bandwidth Bound: 0.0% of Elapsed Time
    NUMA: % of Remote Accesses: 0.0%

    Bandwidth Utilization
    Bandwidth Domain             Platform Maximum  Observed Maximum  Average  % of Elapsed Time with High BW Utilization(%)
    ---------------------------  ----------------  ----------------  -------  ---------------------------------------------
    DRAM, GB/sec                 214                         14.000    0.069                                           0.0%
    DRAM Single-Package, GB/sec  107                         14.000    0.070                                           0.0%
Vectorization: 0.0% of Packed FP Operations
 | This code has floating point operations and is not vectorized. Consider
 | either recompiling the code with optimization options that allow
 | vectorization or using Intel Advisor to vectorize the loops.
 |
    Instruction Mix
        SP FLOPs: 0.0% of uOps
            Packed: 0.0% from SP FP
                128-bit: 0.0% from SP FP
                256-bit: 0.0% from SP FP
                512-bit: 0.0% from SP FP
            Scalar: 0.0% from SP FP
        DP FLOPs: 15.1% of uOps
            Packed: 0.0% from DP FP
                128-bit: 0.0% from DP FP
                256-bit: 0.0% from DP FP
                512-bit: 0.0% from DP FP
            Scalar: 100.0% from DP FP
             | This code has floating point operations and is not vectorized.
             | Consider either recompiling the code with optimization options
             | that allow vectorization or using Intel Advisor to vectorize the
             | loops.
             |
        x87 FLOPs: 0.0% of uOps
        Non-FP: 84.9% of uOps
    FP Arith/Mem Rd Instr. Ratio: 0.498
     | The metric value is low. This can be a result of unaligned access to data
     | for vector operations. Use Intel Advisor to find possible data access
     | inefficiencies for vector operations.
     |
    FP Arith/Mem Wr Instr. Ratio: 1.111
Collection and Platform Info
    Application Command Line: bash "tmp-scripts/0bj6sZlFQCEj9FHmL1s6YIfvJ2BDin10.sh" 
    Operating System: 4.18.0-477.10.1.el8_lustre.x86_64 DISTRIB_ID=Ubuntu DISTRIB_RELEASE=20.04 DISTRIB_CODENAME=focal DISTRIB_DESCRIPTION="Ubuntu 20.04.5 LTS"
    Computer Name: comp07
    Result Size: 15.3 GB 
    Collection start time: 13:12:28 25/11/2023 UTC
    Collection stop time: 15:47:20 25/11/2023 UTC
    Collector Type: Driverless Perf per-process sampling
    CPU
        Name: Intel(R) Xeon(R) Processor code named Skylake
        Frequency: 2.095 GHz
        Logical CPU Count: 64
        Max DRAM Single-Package Bandwidth: 107.000 GB/s
        LLC size: 23.1 MB 

If you want to skip descriptions of detected performance issues in the report,
enter: vtune -report summary -report-knob show-issues=false -r <my_result_dir>.
Alternatively, you may view the report in the csv format: vtune -report
<report_name> -format=csv.
