---------------------
Profiling information

Pipeline: ants registrationSyN-fp
NTHREAD: 1

DATASET: ds004513
SUBJECT_ID: s028

SIF_IMG: /mnt/lustre/mathdugre/containers/ants-debug.simg
DATA_DIR: /mnt/lustre/mathdugre/mri-bottleneck/datasets/ds004513

PROJECT_DIR: /mnt/lustre/mathdugre/mri-bottleneck
PROFILING_DIR: /mnt/lustre/mathdugre/mri-bottleneck/vtune_output/1-threads/ants/registrationSyN-fp/ds004513/sub-s028/SOPUvbN66abCP7cR2MqTDYHy33mvKZsw
---------------------

Command to profile: bash tmp-scripts/SOPUvbN66abCP7cR2MqTDYHy33mvKZsw.sh

--------------------------------------------------------------------------------------
 Mapping parameters
--------------------------------------------------------------------------------------
 ANTSPATH is /opt/ants/bin

 Dimensionality:           3
 Output name prefix:       /data/derivatives/ants/registrationSyN-fp/sub-s028/ses-open/anat/
 Fixed images:             /templateflow/tpl-MNI152NLin2009cAsym//tpl-MNI152NLin2009cAsym_res-01_desc-brain_T1w.nii.gz
 Moving images:            /data/derivatives/fsl/fast/sub-s028/ses-open/anat/BrainExtractionBrain_seg.nii.gz
 Mask images:              
 Initial transforms:       
 Number of threads:        1
 Spline distance:          26
 SyN gradient step:        0.1
 Transform type:           s
 CC radius:                4
 Precision:                f
 Use histogram matching    0
 Repro                     0
======================================================================================
 antsRegistration call:
--------------------------------------------------------------------------------------
/opt/ants/bin/antsRegistration --verbose 1 --dimensionality 3 --float 1 --collapse-output-transforms 1 --output [ /data/derivatives/ants/registrationSyN-fp/sub-s028/ses-open/anat/,/data/derivatives/ants/registrationSyN-fp/sub-s028/ses-open/anat/Warped.nii.gz,/data/derivatives/ants/registrationSyN-fp/sub-s028/ses-open/anat/InverseWarped.nii.gz ] --interpolation Linear --use-histogram-matching 0 --winsorize-image-intensities [ 0.005,0.995 ] --initial-moving-transform [ /templateflow/tpl-MNI152NLin2009cAsym//tpl-MNI152NLin2009cAsym_res-01_desc-brain_T1w.nii.gz,/data/derivatives/fsl/fast/sub-s028/ses-open/anat/BrainExtractionBrain_seg.nii.gz,1 ] --transform Rigid[ 0.1 ] --metric MI[ /templateflow/tpl-MNI152NLin2009cAsym//tpl-MNI152NLin2009cAsym_res-01_desc-brain_T1w.nii.gz,/data/derivatives/fsl/fast/sub-s028/ses-open/anat/BrainExtractionBrain_seg.nii.gz,1,32,Regular,0.25 ] --convergence [ 1000x500x250x100,1e-6,10 ] --shrink-factors 8x4x2x1 --smoothing-sigmas 3x2x1x0vox --transform Affine[ 0.1 ] --metric MI[ /templateflow/tpl-MNI152NLin2009cAsym//tpl-MNI152NLin2009cAsym_res-01_desc-brain_T1w.nii.gz,/data/derivatives/fsl/fast/sub-s028/ses-open/anat/BrainExtractionBrain_seg.nii.gz,1,32,Regular,0.25 ] --convergence [ 1000x500x250x100,1e-6,10 ] --shrink-factors 8x4x2x1 --smoothing-sigmas 3x2x1x0vox --transform SyN[ 0.1,3,0 ] --metric CC[ /templateflow/tpl-MNI152NLin2009cAsym//tpl-MNI152NLin2009cAsym_res-01_desc-brain_T1w.nii.gz,/data/derivatives/fsl/fast/sub-s028/ses-open/anat/BrainExtractionBrain_seg.nii.gz,1,4 ] --convergence [ 100x70x50x20,1e-6,10 ] --shrink-factors 8x4x2x1 --smoothing-sigmas 3x2x1x0vox
--------------------------------------------------------------------------------------
All_Command_lines_OK
Using single precision for computations.
=============================================================================
The composite transform comprises the following transforms (in order): 
  1. Center of mass alignment using fixed image: /templateflow/tpl-MNI152NLin2009cAsym//tpl-MNI152NLin2009cAsym_res-01_desc-brain_T1w.nii.gz and moving image: /data/derivatives/fsl/fast/sub-s028/ses-open/anat/BrainExtractionBrain_seg.nii.gz (type = Euler3DTransform)
=============================================================================
  number of levels = 4
  number of levels = 4
  number of levels = 4
  fixed image: /templateflow/tpl-MNI152NLin2009cAsym//tpl-MNI152NLin2009cAsym_res-01_desc-brain_T1w.nii.gz
  moving image: /data/derivatives/fsl/fast/sub-s028/ses-open/anat/BrainExtractionBrain_seg.nii.gz
  fixed image: /templateflow/tpl-MNI152NLin2009cAsym//tpl-MNI152NLin2009cAsym_res-01_desc-brain_T1w.nii.gz
  moving image: /data/derivatives/fsl/fast/sub-s028/ses-open/anat/BrainExtractionBrain_seg.nii.gz
  fixed image: /templateflow/tpl-MNI152NLin2009cAsym//tpl-MNI152NLin2009cAsym_res-01_desc-brain_T1w.nii.gz
  moving image: /data/derivatives/fsl/fast/sub-s028/ses-open/anat/BrainExtractionBrain_seg.nii.gz
Dimension = 3
Number of stages = 3
Use histogram matching = false
Winsorize image intensities = true
  Lower quantile = 0.005
  Upper quantile = 0.995


Stage 1 State
   Image metric = Mattes
     Fixed image = Image (0x5585a8de48b0)
  RTTI typeinfo:   itk::Image<float, 3u>
  Reference Count: 2
  Modified Time: 1717
  Debug: Off
  Object Name: 
  Observers: 
    none
  Source: (none)
  Source output name: (none)
  Release Data: Off
  Data Released: False
  Global Release Data: Off
  PipelineMTime: 0
  UpdateMTime: 1502
  RealTimeStamp: 0 seconds 
  LargestPossibleRegion: 
    Dimension: 3
    Index: [0, 0, 0]
    Size: [193, 229, 193]
  BufferedRegion: 
    Dimension: 3
    Index: [0, 0, 0]
    Size: [193, 229, 193]
  RequestedRegion: 
    Dimension: 3
    Index: [0, 0, 0]
    Size: [193, 229, 193]
  Spacing: [1, 1, 1]
  Origin: [96, 132, -78]
  Direction: 
-1 0 0
0 -1 0
0 0 1

  IndexToPointMatrix: 
-1 0 0
0 -1 0
0 0 1

  PointToIndexMatrix: 
-1 0 0
0 -1 0
0 0 1

  Inverse Direction: 
-1 0 0
0 -1 0
0 0 1

  PixelContainer: 
    ImportImageContainer (0x5585a8ded330)
      RTTI typeinfo:   itk::ImportImageContainer<unsigned long, float>
      Reference Count: 1
      Modified Time: 1499
      Debug: Off
      Object Name: 
      Observers: 
        none
      Pointer: 0x7f40c59a7010
      Container manages memory: true
      Size: 8530021
      Capacity: 8530021

     Moving image = Image (0x5585a8dee220)
  RTTI typeinfo:   itk::Image<float, 3u>
  Reference Count: 2
  Modified Time: 1718
  Debug: Off
  Object Name: 
  Observers: 
    none
  Source: (none)
  Source output name: (none)
  Release Data: Off
  Data Released: False
  Global Release Data: Off
  PipelineMTime: 0
  UpdateMTime: 1715
  RealTimeStamp: 0 seconds 
  LargestPossibleRegion: 
    Dimension: 3
    Index: [0, 0, 0]
    Size: [160, 240, 256]
  BufferedRegion: 
    Dimension: 3
    Index: [0, 0, 0]
    Size: [160, 240, 256]
  RequestedRegion: 
    Dimension: 3
    Index: [0, 0, 0]
    Size: [160, 240, 256]
  Spacing: [1, 1, 1]
  Origin: [89.0741, 91.3517, -127]
  Direction: 
-0.99863 -0.052336 0
0.052336 -0.99863 0
0 0 1

  IndexToPointMatrix: 
-0.99863 -0.052336 0
0.052336 -0.99863 0
0 0 1

  PointToIndexMatrix: 
-0.99863 0.052336 0
-0.052336 -0.99863 0
0 0 1

  Inverse Direction: 
-0.99863 0.052336 0
-0.052336 -0.99863 0
0 0 1

  PixelContainer: 
    ImportImageContainer (0x5585a8eaffd0)
      RTTI typeinfo:   itk::ImportImageContainer<unsigned long, float>
      Reference Count: 1
      Modified Time: 1712
      Debug: Off
      Object Name: 
      Observers: 
        none
      Pointer: 0x7f40c3426010
      Container manages memory: true
      Size: 9830400
      Capacity: 9830400

     Weighting = 1
     Sampling strategy = regular
     Number of bins = 32
     Radius = 4
     Sampling percentage  = 0.25
   Transform = Rigid
     Gradient step = 0.1
     Update field sigma (voxel space) = 0
     Total field sigma (voxel space) = 0
     Update field time sigma = 0
     Total field time sigma  = 0
     Number of time indices = 0
     Number of time point samples = 0
Stage 2 State
   Image metric = Mattes
     Fixed image = Image (0x5585a8e7bf10)
  RTTI typeinfo:   itk::Image<float, 3u>
  Reference Count: 2
  Modified Time: 2145
  Debug: Off
  Object Name: 
  Observers: 
    none
  Source: (none)
  Source output name: (none)
  Release Data: Off
  Data Released: False
  Global Release Data: Off
  PipelineMTime: 0
  UpdateMTime: 1930
  RealTimeStamp: 0 seconds 
  LargestPossibleRegion: 
    Dimension: 3
    Index: [0, 0, 0]
    Size: [193, 229, 193]
  BufferedRegion: 
    Dimension: 3
    Index: [0, 0, 0]
    Size: [193, 229, 193]
  RequestedRegion: 
    Dimension: 3
    Index: [0, 0, 0]
    Size: [193, 229, 193]
  Spacing: [1, 1, 1]
  Origin: [96, 132, -78]
  Direction: 
-1 0 0
0 -1 0
0 0 1

  IndexToPointMatrix: 
-1 0 0
0 -1 0
0 0 1

  PointToIndexMatrix: 
-1 0 0
0 -1 0
0 0 1

  Inverse Direction: 
-1 0 0
0 -1 0
0 0 1

  PixelContainer: 
    ImportImageContainer (0x5585a8e5a1d0)
      RTTI typeinfo:   itk::ImportImageContainer<unsigned long, float>
      Reference Count: 1
      Modified Time: 1927
      Debug: Off
      Object Name: 
      Observers: 
        none
      Pointer: 0x7f40c139b010
      Container manages memory: true
      Size: 8530021
      Capacity: 8530021

     Moving image = Image (0x5585a8e7bb00)
  RTTI typeinfo:   itk::Image<float, 3u>
  Reference Count: 2
  Modified Time: 2146
  Debug: Off
  Object Name: 
  Observers: 
    none
  Source: (none)
  Source output name: (none)
  Release Data: Off
  Data Released: False
  Global Release Data: Off
  PipelineMTime: 0
  UpdateMTime: 2143
  RealTimeStamp: 0 seconds 
  LargestPossibleRegion: 
    Dimension: 3
    Index: [0, 0, 0]
    Size: [160, 240, 256]
  BufferedRegion: 
    Dimension: 3
    Index: [0, 0, 0]
    Size: [160, 240, 256]
  RequestedRegion: 
    Dimension: 3
    Index: [0, 0, 0]
    Size: [160, 240, 256]
  Spacing: [1, 1, 1]
  Origin: [89.0741, 91.3517, -127]
  Direction: 
-0.99863 -0.052336 0
0.052336 -0.99863 0
0 0 1

  IndexToPointMatrix: 
-0.99863 -0.052336 0
0.052336 -0.99863 0
0 0 1

  PointToIndexMatrix: 
-0.99863 0.052336 0
-0.052336 -0.99863 0
0 0 1

  Inverse Direction: 
-0.99863 0.052336 0
-0.052336 -0.99863 0
0 0 1

  PixelContainer: 
    ImportImageContainer (0x5585a8e7d100)
      RTTI typeinfo:   itk::ImportImageContainer<unsigned long, float>
      Reference Count: 1
      Modified Time: 2140
      Debug: Off
      Object Name: 
      Observers: 
        none
      Pointer: 0x7f40bee1a010
      Container manages memory: true
      Size: 9830400
      Capacity: 9830400

     Weighting = 1
     Sampling strategy = regular
     Number of bins = 32
     Radius = 4
     Sampling percentage  = 0.25
   Transform = Affine
     Gradient step = 0.1
     Update field sigma (voxel space) = 0
     Total field sigma (voxel space) = 0
     Update field time sigma = 0
     Total field time sigma  = 0
     Number of time indices = 0
     Number of time point samples = 0
Stage 3 State
   Image metric = CC
     Fixed image = Image (0x5585a8e88800)
  RTTI typeinfo:   itk::Image<float, 3u>
  Reference Count: 2
  Modified Time: 2573
  Debug: Off
  Object Name: 
  Observers: 
    none
  Source: (none)
  Source output name: (none)
  Release Data: Off
  Data Released: False
  Global Release Data: Off
  PipelineMTime: 0
  UpdateMTime: 2358
  RealTimeStamp: 0 seconds 
  LargestPossibleRegion: 
    Dimension: 3
    Index: [0, 0, 0]
    Size: [193, 229, 193]
  BufferedRegion: 
    Dimension: 3
    Index: [0, 0, 0]
    Size: [193, 229, 193]
  RequestedRegion: 
    Dimension: 3
    Index: [0, 0, 0]
    Size: [193, 229, 193]
  Spacing: [1, 1, 1]
  Origin: [96, 132, -78]
  Direction: 
-1 0 0
0 -1 0
0 0 1

  IndexToPointMatrix: 
-1 0 0
0 -1 0
0 0 1

  PointToIndexMatrix: 
-1 0 0
0 -1 0
0 0 1

  Inverse Direction: 
-1 0 0
0 -1 0
0 0 1

  PixelContainer: 
    ImportImageContainer (0x5585a8e88f40)
      RTTI typeinfo:   itk::ImportImageContainer<unsigned long, float>
      Reference Count: 1
      Modified Time: 2355
      Debug: Off
      Object Name: 
      Observers: 
        none
      Pointer: 0x7f40bcd8f010
      Container manages memory: true
      Size: 8530021
      Capacity: 8530021

     Moving image = Image (0x5585a8e7b770)
  RTTI typeinfo:   itk::Image<float, 3u>
  Reference Count: 2
  Modified Time: 2574
  Debug: Off
  Object Name: 
  Observers: 
    none
  Source: (none)
  Source output name: (none)
  Release Data: Off
  Data Released: False
  Global Release Data: Off
  PipelineMTime: 0
  UpdateMTime: 2571
  RealTimeStamp: 0 seconds 
  LargestPossibleRegion: 
    Dimension: 3
    Index: [0, 0, 0]
    Size: [160, 240, 256]
  BufferedRegion: 
    Dimension: 3
    Index: [0, 0, 0]
    Size: [160, 240, 256]
  RequestedRegion: 
    Dimension: 3
    Index: [0, 0, 0]
    Size: [160, 240, 256]
  Spacing: [1, 1, 1]
  Origin: [89.0741, 91.3517, -127]
  Direction: 
-0.99863 -0.052336 0
0.052336 -0.99863 0
0 0 1

  IndexToPointMatrix: 
-0.99863 -0.052336 0
0.052336 -0.99863 0
0 0 1

  PointToIndexMatrix: 
-0.99863 0.052336 0
-0.052336 -0.99863 0
0 0 1

  Inverse Direction: 
-0.99863 0.052336 0
-0.052336 -0.99863 0
0 0 1

  PixelContainer: 
    ImportImageContainer (0x5585a8e8e4c0)
      RTTI typeinfo:   itk::ImportImageContainer<unsigned long, float>
      Reference Count: 1
      Modified Time: 2568
      Debug: Off
      Object Name: 
      Observers: 
        none
      Pointer: 0x7f40ba80e010
      Container manages memory: true
      Size: 9830400
      Capacity: 9830400

     Weighting = 1
     Sampling strategy = none
     Number of bins = 32
     Radius = 4
     Sampling percentage  = 1
   Transform = SyN
     Gradient step = 0.1
     Update field sigma (voxel space) = 3
     Total field sigma (voxel space) = 0
     Update field time sigma = 0
     Total field time sigma  = 0
     Number of time indices = 0
     Number of time point samples = 0
Registration using 3 total stages.

Stage 0
  iterations = 1000x500x250x100
  convergence threshold = 1e-06
  convergence window size = 10
  number of levels = 4
  using the Mattes MI metric (number of bins = 32, weight = 1, use gradient filter = 0)
  preprocessing:  winsorizing the image intensities
  Shrink factors (level 1 out of 4): [8, 8, 8]
  Shrink factors (level 2 out of 4): [4, 4, 4]
  Shrink factors (level 3 out of 4): [2, 2, 2]
  Shrink factors (level 4 out of 4): [1, 1, 1]
  smoothing sigmas per level: [3, 2, 1, 0]
  regular sampling (percentage = 0.25)

*** Running Euler3DTransform registration ***

DIAGNOSTIC,Iteration,metricValue,convergenceValue,ITERATION_TIME_INDEX,SINCE_LAST
 2DIAGNOSTIC,     1, -6.051265597343e-01, inf, 1.3326e+00, 1.3326e+00, 
 2DIAGNOSTIC,     2, -6.063442826271e-01, inf, 1.3407e+00, 8.1551e-03, 
 2DIAGNOSTIC,     3, -6.097166538239e-01, inf, 1.3648e+00, 2.4111e-02, 
 2DIAGNOSTIC,     4, -6.142349839211e-01, inf, 1.3731e+00, 8.3060e-03, 
 2DIAGNOSTIC,     5, -6.188719272614e-01, inf, 1.3821e+00, 8.9941e-03, 
 2DIAGNOSTIC,     6, -6.267943382263e-01, inf, 1.3900e+00, 7.9038e-03, 
 2DIAGNOSTIC,     7, -6.315926909447e-01, inf, 1.3979e+00, 7.8270e-03, 
 2DIAGNOSTIC,     8, -6.344179511070e-01, inf, 1.4073e+00, 9.3989e-03, 
 2DIAGNOSTIC,     9, -6.496275663376e-01, inf, 1.4175e+00, 1.0240e-02, 
 2DIAGNOSTIC,    10, -6.573981642723e-01, 5.312723107636e-03, 1.4401e+00, 2.2569e-02, 
 2DIAGNOSTIC,    11, -6.597566604614e-01, 5.263300146908e-03, 1.4502e+00, 1.0134e-02, 
 2DIAGNOSTIC,    12, -6.613377928734e-01, 4.863769281656e-03, 1.4590e+00, 8.8499e-03, 
 2DIAGNOSTIC,    13, -6.679575443268e-01, 4.433772061020e-03, 1.4691e+00, 1.0016e-02, 
 2DIAGNOSTIC,    14, -6.688937544823e-01, 3.828494111076e-03, 1.4779e+00, 8.8589e-03, 
 2DIAGNOSTIC,    15, -6.697198748589e-01, 3.114224644378e-03, 1.4866e+00, 8.6799e-03, 
 2DIAGNOSTIC,    16, -6.728905439377e-01, 2.520101144910e-03, 1.5025e+00, 1.5886e-02, 
 2DIAGNOSTIC,    17, -6.759100556374e-01, 1.973478822038e-03, 1.5172e+00, 1.4670e-02, 
 2DIAGNOSTIC,    18, -6.759674549103e-01, 1.368228462525e-03, 1.5369e+00, 1.9726e-02, 
 2DIAGNOSTIC,    19, -6.760827302933e-01, 1.054983469658e-03, 1.5473e+00, 1.0392e-02, 
 2DIAGNOSTIC,    20, -6.760700345039e-01, 8.486034930684e-04, 1.5550e+00, 7.6952e-03, 
 2DIAGNOSTIC,    21, -6.760131120682e-01, 6.316078943200e-04, 1.5626e+00, 7.6311e-03, 
 2DIAGNOSTIC,    22, -6.760243177414e-01, 4.035566525999e-04, 1.5713e+00, 8.7121e-03, 
 2DIAGNOSTIC,    23, -6.761124134064e-01, 2.861282555386e-04, 1.5799e+00, 8.5621e-03, 
 2DIAGNOSTIC,    24, -6.770495176315e-01, 1.872316206573e-04, 1.5875e+00, 7.6649e-03, 
 2DIAGNOSTIC,    25, -6.778368353844e-01, 1.057830522768e-04, 1.5962e+00, 8.6849e-03, 
 2DIAGNOSTIC,    26, -6.789959073067e-01, 9.175563900499e-05, 1.6040e+00, 7.7829e-03, 
 2DIAGNOSTIC,    27, -6.796883940697e-01, 1.297449780395e-04, 1.6127e+00, 8.6811e-03, 
 2DIAGNOSTIC,    28, -6.804069876671e-01, 1.647720346227e-04, 1.6235e+00, 1.0812e-02, 
 2DIAGNOSTIC,    29, -6.827387809753e-01, 2.181387826568e-04, 1.6333e+00, 9.7649e-03, 
 2DIAGNOSTIC,    30, -6.827319860458e-01, 2.461111871526e-04, 1.6409e+00, 7.6549e-03, 
 2DIAGNOSTIC,    31, -6.826265454292e-01, 2.472212945577e-04, 1.6497e+00, 8.7690e-03, 
 2DIAGNOSTIC,    32, -6.826570034027e-01, 2.261103945784e-04, 1.6683e+00, 1.8658e-02, 
 2DIAGNOSTIC,    33, -6.825882792473e-01, 1.849323161878e-04, 1.6781e+00, 9.7978e-03, 
 2DIAGNOSTIC,    34, -6.827424764633e-01, 1.421186898369e-04, 1.6857e+00, 7.5259e-03, 
 2DIAGNOSTIC,    35, -6.828090548515e-01, 9.858686098596e-05, 1.6953e+00, 9.6340e-03, 
 2DIAGNOSTIC,    36, -6.831462383270e-01, 6.643120286753e-05, 1.7050e+00, 9.6440e-03, 
 2DIAGNOSTIC,    37, -6.832674145699e-01, 3.927912621293e-05, 1.7146e+00, 9.6471e-03, 
 2DIAGNOSTIC,    38, -6.832900643349e-01, 1.755186531227e-05, 1.7223e+00, 7.6981e-03, 
 2DIAGNOSTIC,    39, -6.834535002708e-01, 2.280487569806e-05, 1.7308e+00, 8.5120e-03, 
 2DIAGNOSTIC,    40, -6.835078597069e-01, 2.616953315737e-05, 1.7384e+00, 7.5939e-03, 
 2DIAGNOSTIC,    41, -6.835120320320e-01, 2.584203139122e-05, 1.7491e+00, 1.0656e-02, 
 2DIAGNOSTIC,    42, -6.835120320320e-01, 2.349852002226e-05, 1.7577e+00, 8.6162e-03, 
 2DIAGNOSTIC,    43, -6.835122704506e-01, 1.843117206590e-05, 1.7674e+00, 9.7570e-03, 
 2DIAGNOSTIC,    44, -6.835128664970e-01, 1.342400810245e-05, 1.7749e+00, 7.4291e-03, 
 2DIAGNOSTIC,    45, -6.835133433342e-01, 7.979115252965e-06, 1.7824e+00, 7.5290e-03, 
 2DIAGNOSTIC,    46, -6.835142374039e-01, 5.207658432482e-06, 1.7899e+00, 7.4840e-03, 
 2DIAGNOSTIC,    47, -6.835170388222e-01, 3.269857188570e-06, 1.7973e+00, 7.4470e-03, 
 2DIAGNOSTIC,    48, -6.835194230080e-01, 1.354345613436e-06, 1.8049e+00, 7.5850e-03, 
DIAGNOSTIC,Iteration,metricValue,convergenceValue,ITERATION_TIME_INDEX,SINCE_LAST
 2DIAGNOSTIC,     1, -5.760937929153e-01, inf, 3.0928e+00, 1.2879e+00, 
 2DIAGNOSTIC,     2, -5.764301419258e-01, inf, 3.1630e+00, 7.0191e-02, 
 2DIAGNOSTIC,     3, -5.769089460373e-01, inf, 3.2331e+00, 7.0140e-02, 
 2DIAGNOSTIC,     4, -5.775381922722e-01, inf, 3.3026e+00, 6.9488e-02, 
 2DIAGNOSTIC,     5, -5.784420967102e-01, inf, 3.3735e+00, 7.0932e-02, 
 2DIAGNOSTIC,     6, -5.797489881516e-01, inf, 3.4456e+00, 7.2025e-02, 
 2DIAGNOSTIC,     7, -5.816547274590e-01, inf, 3.5466e+00, 1.0099e-01, 
 2DIAGNOSTIC,     8, -5.819486975670e-01, inf, 3.6658e+00, 1.1927e-01, 
 2DIAGNOSTIC,     9, -5.819920301437e-01, inf, 3.7359e+00, 7.0086e-02, 
 2DIAGNOSTIC,    10, -5.820565819740e-01, 8.126085740514e-04, 3.8151e+00, 7.9217e-02, 
 2DIAGNOSTIC,    11, -5.821436643600e-01, 6.845396710560e-04, 3.8956e+00, 8.0474e-02, 
 2DIAGNOSTIC,    12, -5.821785330772e-01, 5.307216197252e-04, 3.9757e+00, 8.0106e-02, 
 2DIAGNOSTIC,    13, -5.822061896324e-01, 3.721984103322e-04, 4.0561e+00, 8.0377e-02, 
 2DIAGNOSTIC,    14, -5.822363495827e-01, 2.266001247335e-04, 4.1255e+00, 6.9388e-02, 
 2DIAGNOSTIC,    15, -5.822659134865e-01, 1.101204979932e-04, 4.1964e+00, 7.0887e-02, 
 2DIAGNOSTIC,    16, -5.823416113853e-01, 3.906211713911e-05, 4.2764e+00, 7.9990e-02, 
 2DIAGNOSTIC,    17, -5.823575258255e-01, 2.805645090120e-05, 4.3465e+00, 7.0099e-02, 
 2DIAGNOSTIC,    18, -5.824003815651e-01, 2.505122211005e-05, 4.4171e+00, 7.0658e-02, 
 2DIAGNOSTIC,    19, -5.825167298317e-01, 2.429981941532e-05, 4.4878e+00, 7.0721e-02, 
 2DIAGNOSTIC,    20, -5.826979279518e-01, 2.741012394836e-05, 4.5583e+00, 7.0508e-02, 
 2DIAGNOSTIC,    21, -5.830702781677e-01, 3.841159195872e-05, 4.6288e+00, 7.0490e-02, 
 2DIAGNOSTIC,    22, -5.839749574661e-01, 6.568965909537e-05, 4.7008e+00, 7.2014e-02, 
 2DIAGNOSTIC,    23, -5.843262076378e-01, 9.222642256645e-05, 4.8144e+00, 1.1357e-01, 
 2DIAGNOSTIC,    24, -5.851568579674e-01, 1.256448449567e-04, 4.8953e+00, 8.0913e-02, 
 2DIAGNOSTIC,    25, -5.853126645088e-01, 1.481108774897e-04, 4.9755e+00, 8.0195e-02, 
 2DIAGNOSTIC,    26, -5.855446457863e-01, 1.608647435205e-04, 5.0657e+00, 9.0226e-02, 
 2DIAGNOSTIC,    27, -5.855821967125e-01, 1.584923302289e-04, 5.1458e+00, 8.0067e-02, 
 2DIAGNOSTIC,    28, -5.855755209923e-01, 1.420303742634e-04, 5.2248e+00, 7.8998e-02, 
 2DIAGNOSTIC,    29, -5.856197476387e-01, 1.161539621535e-04, 5.3242e+00, 9.9375e-02, 
 2DIAGNOSTIC,    30, -5.856173038483e-01, 8.402240928262e-05, 5.4048e+00, 8.0653e-02, 
 2DIAGNOSTIC,    31, -5.856127142906e-01, 5.172091550776e-05, 5.4852e+00, 8.0377e-02, 
 2DIAGNOSTIC,    32, -5.855982899666e-01, 3.025097248610e-05, 5.5553e+00, 7.0067e-02, 
 2DIAGNOSTIC,    33, -5.856062769890e-01, 1.235971103597e-05, 5.6344e+00, 7.9149e-02, 
 2DIAGNOSTIC,    34, -5.856220722198e-01, 6.557619144587e-06, 5.7148e+00, 8.0332e-02, 
 2DIAGNOSTIC,    35, -5.856176018715e-01, 2.566437160567e-06, 5.7854e+00, 7.0669e-02, 
 2DIAGNOSTIC,    36, -5.856270790100e-01, 1.913996811709e-06, 5.8652e+00, 7.9755e-02, 
 2DIAGNOSTIC,    37, -5.856348276138e-01, 1.807529315556e-06, 5.9355e+00, 7.0339e-02, 
 2DIAGNOSTIC,    38, -5.856379270554e-01, 1.549213152430e-06, 6.0064e+00, 7.0883e-02, 
 2DIAGNOSTIC,    39, -5.856651067734e-01, 2.125027322109e-06, 6.0862e+00, 7.9795e-02, 
 2DIAGNOSTIC,    40, -5.856932997704e-01, 2.854536660379e-06, 6.1660e+00, 7.9808e-02, 
 2DIAGNOSTIC,    41, -5.857548117638e-01, 4.030769105157e-06, 6.2455e+00, 7.9527e-02, 
 2DIAGNOSTIC,    42, -5.857887268066e-01, 5.051749212726e-06, 6.3247e+00, 7.9156e-02, 
 2DIAGNOSTIC,    43, -5.857794284821e-01, 5.596791652351e-06, 6.3949e+00, 7.0204e-02, 
 2DIAGNOSTIC,    44, -5.857864022255e-01, 5.921416686760e-06, 6.4748e+00, 7.9889e-02, 
 2DIAGNOSTIC,    45, -5.857954025269e-01, 5.776208581665e-06, 6.5546e+00, 7.9799e-02, 
 2DIAGNOSTIC,    46, -5.858131051064e-01, 5.426250936580e-06, 6.6335e+00, 7.8893e-02, 
 2DIAGNOSTIC,    47, -5.857893824577e-01, 4.469073701330e-06, 6.7135e+00, 7.9979e-02, 
 2DIAGNOSTIC,    48, -5.857936143875e-01, 3.279688144175e-06, 6.7838e+00, 7.0293e-02, 
 2DIAGNOSTIC,    49, -5.858198404312e-01, 2.421855015200e-06, 6.8633e+00, 7.9579e-02, 
 2DIAGNOSTIC,    50, -5.858252644539e-01, 1.728578922666e-06, 6.9427e+00, 7.9352e-02, 
 2DIAGNOSTIC,    51, -5.858101844788e-01, 1.392022340951e-06, 7.0117e+00, 6.9050e-02, 
 2DIAGNOSTIC,    52, -5.858163237572e-01, 1.386324015584e-06, 7.0819e+00, 7.0158e-02, 
 2DIAGNOSTIC,    53, -5.858215689659e-01, 1.268085725314e-06, 7.1617e+00, 7.9835e-02, 
 2DIAGNOSTIC,    54, -5.858249664307e-01, 1.172727138510e-06, 7.2308e+00, 6.9061e-02, 
 2DIAGNOSTIC,    55, -5.858303904533e-01, 1.145661030932e-06, 7.3113e+00, 8.0516e-02, 
 2DIAGNOSTIC,    56, -5.858064293861e-01, 1.022526362249e-06, 7.3914e+00, 8.0135e-02, 
DIAGNOSTIC,Iteration,metricValue,convergenceValue,ITERATION_TIME_INDEX,SINCE_LAST
 2DIAGNOSTIC,     1, -5.111457705498e-01, inf, 9.2185e+00, 1.8270e+00, 
 2DIAGNOSTIC,     2, -5.114256739616e-01, inf, 9.7557e+00, 5.3719e-01, 
 2DIAGNOSTIC,     3, -5.117661356926e-01, inf, 1.0301e+01, 5.4552e-01, 
 2DIAGNOSTIC,     4, -5.120355486870e-01, inf, 1.0828e+01, 5.2709e-01, 
 2DIAGNOSTIC,     5, -5.122260451317e-01, inf, 1.1369e+01, 5.4105e-01, 
 2DIAGNOSTIC,     6, -5.125797986984e-01, inf, 1.1906e+01, 5.3716e-01, 
 2DIAGNOSTIC,     7, -5.130055546761e-01, inf, 1.2588e+01, 6.8107e-01, 
 2DIAGNOSTIC,     8, -5.132195353508e-01, inf, 1.3271e+01, 6.8311e-01, 
 2DIAGNOSTIC,     9, -5.133352875710e-01, inf, 1.3799e+01, 5.2861e-01, 
 2DIAGNOSTIC,    10, -5.148968696594e-01, 3.886062186211e-04, 1.4406e+01, 6.0699e-01, 
 2DIAGNOSTIC,    11, -5.156796574593e-01, 4.278752021492e-04, 1.4938e+01, 5.3131e-01, 
 2DIAGNOSTIC,    12, -5.160641670227e-01, 4.524542018771e-04, 1.5539e+01, 6.0187e-01, 
 2DIAGNOSTIC,    13, -5.166786909103e-01, 4.740552103613e-04, 1.6225e+01, 6.8569e-01, 
 2DIAGNOSTIC,    14, -5.169857144356e-01, 4.723782767542e-04, 1.6755e+01, 5.3016e-01, 
 2DIAGNOSTIC,    15, -5.187520384789e-01, 4.990911693312e-04, 1.7282e+01, 5.2687e-01, 
 2DIAGNOSTIC,    16, -5.207455754280e-01, 5.555801326409e-04, 1.8034e+01, 7.5144e-01, 
 2DIAGNOSTIC,    17, -5.210335254669e-01, 5.768734845333e-04, 1.8561e+01, 5.2734e-01, 
 2DIAGNOSTIC,    18, -5.212398767471e-01, 5.573979578912e-04, 1.9161e+01, 5.9998e-01, 
 2DIAGNOSTIC,    19, -5.216010808945e-01, 5.019801901653e-04, 2.0018e+01, 8.5704e-01, 
 2DIAGNOSTIC,    20, -5.216857790947e-01, 4.496961191762e-04, 2.0569e+01, 5.5053e-01, 
 2DIAGNOSTIC,    21, -5.217312574387e-01, 3.815352392849e-04, 2.1096e+01, 5.2735e-01, 
 2DIAGNOSTIC,    22, -5.218030214310e-01, 2.957704709843e-04, 2.1625e+01, 5.2914e-01, 
 2DIAGNOSTIC,    23, -5.218876600266e-01, 2.076699456666e-04, 2.2151e+01, 5.2606e-01, 
 2DIAGNOSTIC,    24, -5.219941139221e-01, 1.164431814686e-04, 2.2999e+01, 8.4798e-01, 
 2DIAGNOSTIC,    25, -5.220581293106e-01, 6.083552216296e-05, 2.3539e+01, 5.3967e-01, 
 2DIAGNOSTIC,    26, -5.220789313316e-01, 4.651021299651e-05, 2.4082e+01, 5.4347e-01, 
 2DIAGNOSTIC,    27, -5.221242904663e-01, 3.577405732358e-05, 2.4693e+01, 6.1108e-01, 
 2DIAGNOSTIC,    28, -5.221697688103e-01, 2.727930950641e-05, 2.5222e+01, 5.2830e-01, 
 2DIAGNOSTIC,    29, -5.222708582878e-01, 2.559298263805e-05, 2.5963e+01, 7.4147e-01, 
 2DIAGNOSTIC,    30, -5.222851037979e-01, 2.347471308894e-05, 2.6496e+01, 5.3285e-01, 
 2DIAGNOSTIC,    31, -5.223263502121e-01, 2.093502007483e-05, 2.7101e+01, 6.0552e-01, 
 2DIAGNOSTIC,    32, -5.223605036736e-01, 1.847737257776e-05, 2.7634e+01, 5.3268e-01, 
 2DIAGNOSTIC,    33, -5.224424600601e-01, 1.722257729853e-05, 2.8323e+01, 6.8910e-01, 
 2DIAGNOSTIC,    34, -5.224372744560e-01, 1.606752448424e-05, 2.8862e+01, 5.3837e-01, 
 2DIAGNOSTIC,    35, -5.224853754044e-01, 1.532301757834e-05, 2.9457e+01, 5.9501e-01, 
 2DIAGNOSTIC,    36, -5.226425528526e-01, 1.595805224497e-05, 3.0387e+01, 9.3015e-01, 
 2DIAGNOSTIC,    37, -5.226449966431e-01, 1.576015529281e-05, 3.0923e+01, 5.3604e-01, 
 2DIAGNOSTIC,    38, -5.226901173592e-01, 1.544688166177e-05, 3.1540e+01, 6.1757e-01, 
 2DIAGNOSTIC,    39, -5.227135419846e-01, 1.552837420604e-05, 3.2140e+01, 5.9928e-01, 
 2DIAGNOSTIC,    40, -5.227000117302e-01, 1.420084481651e-05, 3.2740e+01, 6.0034e-01, 
 2DIAGNOSTIC,    41, -5.227001905441e-01, 1.219293426402e-05, 3.3354e+01, 6.1392e-01, 
 2DIAGNOSTIC,    42, -5.227004885674e-01, 9.611891982786e-06, 3.3945e+01, 5.9118e-01, 
 2DIAGNOSTIC,    43, -5.227030515671e-01, 7.410165835608e-06, 3.4538e+01, 5.9266e-01, 
 2DIAGNOSTIC,    44, -5.227058529854e-01, 4.642114163289e-06, 3.5132e+01, 5.9473e-01, 
 2DIAGNOSTIC,    45, -5.227081179619e-01, 2.191542535002e-06, 3.5724e+01, 5.9156e-01, 
 2DIAGNOSTIC,    46, -5.227105617523e-01, 1.615716428205e-06, 3.6335e+01, 6.1101e-01, 
 2DIAGNOSTIC,    47, -5.227115750313e-01, 1.002228373181e-06, 3.6868e+01, 5.3312e-01, 
 2DIAGNOSTIC,    48, -5.227232575417e-01, 1.021213734020e-06, 3.7479e+01, 6.1122e-01, 
 2DIAGNOSTIC,    49, -5.227395296097e-01, 1.448992975384e-06, 3.8000e+01, 5.2067e-01, 
 2DIAGNOSTIC,    50, -5.227714180946e-01, 1.980444494620e-06, 3.8520e+01, 5.1993e-01, 
 2DIAGNOSTIC,    51, -5.228333473206e-01, 3.022681539733e-06, 3.9057e+01, 5.3694e-01, 
 2DIAGNOSTIC,    52, -5.229339599609e-01, 4.843054739467e-06, 3.9584e+01, 5.2711e-01, 
 2DIAGNOSTIC,    53, -5.231242179871e-01, 8.157649972418e-06, 4.0410e+01, 8.2611e-01, 
 2DIAGNOSTIC,    54, -5.231509208679e-01, 1.088499539037e-05, 4.0953e+01, 5.4327e-01, 
 2DIAGNOSTIC,    55, -5.232424139977e-01, 1.348024397885e-05, 4.1478e+01, 5.2444e-01, 
 2DIAGNOSTIC,    56, -5.233086943626e-01, 1.541024357721e-05, 4.2214e+01, 7.3576e-01, 
 2DIAGNOSTIC,    57, -5.233123898506e-01, 1.586625512573e-05, 4.2732e+01, 5.1878e-01, 
 2DIAGNOSTIC,    58, -5.233313441277e-01, 1.511848768132e-05, 4.3271e+01, 5.3858e-01, 
 2DIAGNOSTIC,    59, -5.233771204948e-01, 1.357512974209e-05, 4.3883e+01, 6.1191e-01, 
 2DIAGNOSTIC,    60, -5.234290361404e-01, 1.158952090918e-05, 4.4622e+01, 7.3940e-01, 
 2DIAGNOSTIC,    61, -5.234751701355e-01, 9.553017662256e-06, 4.5142e+01, 5.2012e-01, 
 2DIAGNOSTIC,    62, -5.234867334366e-01, 7.666807505302e-06, 4.5679e+01, 5.3707e-01, 
 2DIAGNOSTIC,    63, -5.235201120377e-01, 7.107999863365e-06, 4.6280e+01, 6.0098e-01, 
 2DIAGNOSTIC,    64, -5.235258340836e-01, 6.183457571751e-06, 4.6809e+01, 5.2823e-01, 
 2DIAGNOSTIC,    65, -5.235434770584e-01, 5.637134108838e-06, 4.7407e+01, 5.9864e-01, 
 2DIAGNOSTIC,    66, -5.235498547554e-01, 5.212495125306e-06, 4.7932e+01, 5.2509e-01, 
 2DIAGNOSTIC,    67, -5.235569477081e-01, 4.436920335138e-06, 4.8632e+01, 6.9985e-01, 
 2DIAGNOSTIC,    68, -5.235921144485e-01, 3.733870016731e-06, 4.9242e+01, 6.0994e-01, 
 2DIAGNOSTIC,    69, -5.236020684242e-01, 3.162906295984e-06, 4.9908e+01, 6.6597e-01, 
 2DIAGNOSTIC,    70, -5.236199498177e-01, 2.886539050451e-06, 5.0504e+01, 5.9579e-01, 
 2DIAGNOSTIC,    71, -5.236254930496e-01, 2.781981720545e-06, 5.1119e+01, 6.1477e-01, 
 2DIAGNOSTIC,    72, -5.236424803734e-01, 2.666835598575e-06, 5.1954e+01, 8.3495e-01, 
 2DIAGNOSTIC,    73, -5.236448645592e-01, 2.602998620205e-06, 5.2547e+01, 5.9381e-01, 
 2DIAGNOSTIC,    74, -5.236432552338e-01, 2.358977098993e-06, 5.3146e+01, 5.9821e-01, 
 2DIAGNOSTIC,    75, -5.236427783966e-01, 2.063802867269e-06, 5.3739e+01, 5.9337e-01, 
 2DIAGNOSTIC,    76, -5.236432552338e-01, 1.668949607847e-06, 5.4331e+01, 5.9159e-01, 
 2DIAGNOSTIC,    77, -5.236440896988e-01, 1.213256382471e-06, 5.4924e+01, 5.9336e-01, 
DIAGNOSTIC,Iteration,metricValue,convergenceValue,ITERATION_TIME_INDEX,SINCE_LAST
 2DIAGNOSTIC,     1, -4.813204407692e-01, inf, 5.9087e+01, 4.1629e+00, 
 2DIAGNOSTIC,     2, -4.814165830612e-01, inf, 6.2412e+01, 3.3248e+00, 
 2DIAGNOSTIC,     3, -4.814487099648e-01, inf, 6.6674e+01, 4.2622e+00, 
 2DIAGNOSTIC,     4, -4.814608395100e-01, inf, 7.0470e+01, 3.7959e+00, 
 2DIAGNOSTIC,     5, -4.814689755440e-01, inf, 7.4264e+01, 3.7941e+00, 
 2DIAGNOSTIC,     6, -4.814798533916e-01, inf, 7.8057e+01, 3.7933e+00, 
 2DIAGNOSTIC,     7, -4.814872443676e-01, inf, 8.1849e+01, 3.7917e+00, 
 2DIAGNOSTIC,     8, -4.814935922623e-01, inf, 8.5172e+01, 3.3236e+00, 
 2DIAGNOSTIC,     9, -4.815026521683e-01, inf, 8.9915e+01, 4.7425e+00, 
 2DIAGNOSTIC,    10, -4.815065860748e-01, 2.130187931471e-05, 9.3709e+01, 3.7938e+00, 
 2DIAGNOSTIC,    11, -4.815080165863e-01, 1.276961029362e-05, 9.7500e+01, 3.7910e+00, 
 2DIAGNOSTIC,    12, -4.815097451210e-01, 9.554946700518e-06, 1.0082e+02, 3.3249e+00, 
 2DIAGNOSTIC,    13, -4.815116524696e-01, 7.747426934657e-06, 1.0415e+02, 3.3277e+00, 
 2DIAGNOSTIC,    14, -4.815147221088e-01, 6.349837804009e-06, 1.0748e+02, 3.3251e+00, 
 2DIAGNOSTIC,    15, -4.815205037594e-01, 5.303740181262e-06, 1.1080e+02, 3.3252e+00, 
 2DIAGNOSTIC,    16, -4.815281331539e-01, 4.774497938342e-06, 1.1413e+02, 3.3228e+00, 
 2DIAGNOSTIC,    17, -4.815392196178e-01, 4.687414730142e-06, 1.1792e+02, 3.7969e+00, 
 2DIAGNOSTIC,    18, -4.815546572208e-01, 5.052103460912e-06, 1.2319e+02, 5.2692e+00, 
 2DIAGNOSTIC,    19, -4.815577864647e-01, 5.442387191579e-06, 1.2652e+02, 3.3265e+00, 
 2DIAGNOSTIC,    20, -4.815613031387e-01, 5.667822733812e-06, 1.2984e+02, 3.3249e+00, 
 2DIAGNOSTIC,    21, -4.815720021725e-01, 5.833452178194e-06, 1.3364e+02, 3.7946e+00, 
 2DIAGNOSTIC,    22, -4.815746247768e-01, 5.686553322448e-06, 1.3696e+02, 3.3262e+00, 
 2DIAGNOSTIC,    23, -4.815908968449e-01, 5.619725925499e-06, 1.4218e+02, 5.2172e+00, 
 2DIAGNOSTIC,    24, -4.815938770771e-01, 5.303331818141e-06, 1.4601e+02, 3.8306e+00, 
 2DIAGNOSTIC,    25, -4.815937578678e-01, 4.777356934937e-06, 1.4934e+02, 3.3277e+00, 
 2DIAGNOSTIC,    26, -4.815957248211e-01, 4.180526502751e-06, 1.5266e+02, 3.3249e+00, 
 2DIAGNOSTIC,    27, -4.816001951694e-01, 3.678489520098e-06, 1.5599e+02, 3.3245e+00, 
 2DIAGNOSTIC,    28, -4.816143810749e-01, 3.595156385927e-06, 1.5932e+02, 3.3266e+00, 
 2DIAGNOSTIC,    29, -4.816217720509e-01, 3.492132464089e-06, 1.6453e+02, 5.2189e+00, 
 2DIAGNOSTIC,    30, -4.816235303879e-01, 3.273413312854e-06, 1.6833e+02, 3.7959e+00, 
 2DIAGNOSTIC,    31, -4.816246926785e-01, 3.092593715337e-06, 1.7213e+02, 3.7959e+00, 
 2DIAGNOSTIC,    32, -4.816255569458e-01, 2.783099034787e-06, 1.7545e+02, 3.3268e+00, 
 2DIAGNOSTIC,    33, -4.816272258759e-01, 2.637832267283e-06, 1.7925e+02, 3.7963e+00, 
 2DIAGNOSTIC,    34, -4.816264510155e-01, 2.378709950790e-06, 1.8304e+02, 3.7951e+00, 
 2DIAGNOSTIC,    35, -4.816287159920e-01, 2.037236981778e-06, 1.8779e+02, 4.7476e+00, 
 2DIAGNOSTIC,    36, -4.816290736198e-01, 1.646983605497e-06, 1.9159e+02, 3.7951e+00, 
 2DIAGNOSTIC,    37, -4.816291034222e-01, 1.272032704946e-06, 1.9538e+02, 3.7959e+00, 
 2DIAGNOSTIC,    38, -4.816292226315e-01, 1.097261815630e-06, 1.9871e+02, 3.3250e+00, 
 2DIAGNOSTIC,    39, -4.816296398640e-01, 1.024514631354e-06, 2.0250e+02, 3.7952e+00, 
  Elapsed time (stage 0): 2.0448e+02


Stage 1
  iterations = 1000x500x250x100
  convergence threshold = 1.0000e-06
  convergence window size = 10
  number of levels = 4
  using the Mattes MI metric (number of bins = 32, weight = 1.0000e+00, use gradient filter = 0)
  preprocessing:  winsorizing the image intensities
  Shrink factors (level 1 out of 4): [8, 8, 8]
  Shrink factors (level 2 out of 4): [4, 4, 4]
  Shrink factors (level 3 out of 4): [2, 2, 2]
  Shrink factors (level 4 out of 4): [1, 1, 1]
  smoothing sigmas per level: [3, 2, 1, 0]
  regular sampling (percentage = 2.5000e-01)

*** Running AffineTransform registration ***

DIAGNOSTIC,Iteration,metricValue,convergenceValue,ITERATION_TIME_INDEX,SINCE_LAST
 2DIAGNOSTIC,     1, -6.975809335709e-01, inf, 1.1793e+00, 1.1793e+00, 
 2DIAGNOSTIC,     2, -7.001603841782e-01, inf, 1.1880e+00, 8.6761e-03, 
 2DIAGNOSTIC,     3, -7.045212984085e-01, inf, 1.1966e+00, 8.6160e-03, 
 2DIAGNOSTIC,     4, -7.126709222794e-01, inf, 1.2056e+00, 8.9560e-03, 
 2DIAGNOSTIC,     5, -7.281597256660e-01, inf, 1.2142e+00, 8.6460e-03, 
 2DIAGNOSTIC,     6, -7.490829229355e-01, inf, 1.2242e+00, 1.0007e-02, 
 2DIAGNOSTIC,     7, -8.030803203583e-01, inf, 1.2343e+00, 1.0079e-02, 
 2DIAGNOSTIC,     8, -8.146277070045e-01, inf, 1.2443e+00, 1.0036e-02, 
 2DIAGNOSTIC,     9, -8.160390853882e-01, inf, 1.2553e+00, 1.0950e-02, 
 2DIAGNOSTIC,    10, -8.164089918137e-01, 1.292928028852e-02, 1.2653e+00, 9.9730e-03, 
 2DIAGNOSTIC,    11, -8.165388703346e-01, 1.142697688192e-02, 1.2798e+00, 1.4573e-02, 
 2DIAGNOSTIC,    12, -8.165600299835e-01, 9.230346418917e-03, 1.2897e+00, 9.9108e-03, 
 2DIAGNOSTIC,    13, -8.165333271027e-01, 6.684312131256e-03, 1.3003e+00, 1.0520e-02, 
 2DIAGNOSTIC,    14, -8.163568377495e-01, 4.144874867052e-03, 1.3089e+00, 8.6851e-03, 
 2DIAGNOSTIC,    15, -8.163452148438e-01, 1.969450386241e-03, 1.3177e+00, 8.7729e-03, 
 2DIAGNOSTIC,    16, -8.164015412331e-01, 3.471806412563e-04, 1.3266e+00, 8.9130e-03, 
 2DIAGNOSTIC,    17, -8.166918754578e-01, 5.012007022742e-05, 1.3366e+00, 9.9499e-03, 
 2DIAGNOSTIC,    18, -8.168816566467e-01, 1.928782330651e-05, 1.3465e+00, 9.8720e-03, 
 2DIAGNOSTIC,    19, -8.168938755989e-01, 1.726982009131e-05, 1.3576e+00, 1.1095e-02, 
 2DIAGNOSTIC,    20, -8.170184493065e-01, 2.303007204318e-05, 1.3676e+00, 1.0014e-02, 
 2DIAGNOSTIC,    21, -8.168935775757e-01, 2.621422208904e-05, 1.3763e+00, 8.7469e-03, 
 2DIAGNOSTIC,    22, -8.169811367989e-01, 2.854861304513e-05, 1.3857e+00, 9.3861e-03, 
 2DIAGNOSTIC,    23, -8.171412348747e-01, 3.022601777047e-05, 1.3956e+00, 9.9258e-03, 
 2DIAGNOSTIC,    24, -8.174698948860e-01, 3.132397614536e-05, 1.4056e+00, 9.9430e-03, 
 2DIAGNOSTIC,    25, -8.175939917564e-01, 3.109759563813e-05, 1.4168e+00, 1.1200e-02, 
 2DIAGNOSTIC,    26, -8.172747492790e-01, 2.444590245432e-05, 1.4267e+00, 9.8882e-03, 
 2DIAGNOSTIC,    27, -8.172739148140e-01, 2.010714888456e-05, 1.4354e+00, 8.7919e-03, 
 2DIAGNOSTIC,    28, -8.172222971916e-01, 1.598334711161e-05, 1.4454e+00, 9.9380e-03, 
 2DIAGNOSTIC,    29, -8.172549605370e-01, 1.113455709856e-05, 1.4565e+00, 1.1136e-02, 
 2DIAGNOSTIC,    30, -8.173344135284e-01, 8.142642400344e-06, 1.4664e+00, 9.9261e-03, 
 2DIAGNOSTIC,    31, -8.171511888504e-01, 1.216663235937e-06, 1.4758e+00, 9.3579e-03, 
DIAGNOSTIC,Iteration,metricValue,convergenceValue,ITERATION_TIME_INDEX,SINCE_LAST
 2DIAGNOSTIC,     1, -6.515976786613e-01, inf, 2.7543e+00, 1.2785e+00, 
 2DIAGNOSTIC,     2, -6.524754762650e-01, inf, 2.8388e+00, 8.4519e-02, 
 2DIAGNOSTIC,     3, -6.537470817566e-01, inf, 2.9232e+00, 8.4395e-02, 
 2DIAGNOSTIC,     4, -6.551775932312e-01, inf, 3.0074e+00, 8.4225e-02, 
 2DIAGNOSTIC,     5, -6.566803455353e-01, inf, 3.0909e+00, 8.3431e-02, 
 2DIAGNOSTIC,     6, -6.580830812454e-01, inf, 3.1758e+00, 8.4905e-02, 
 2DIAGNOSTIC,     7, -6.610103249550e-01, inf, 3.2948e+00, 1.1904e-01, 
 2DIAGNOSTIC,     8, -6.614109277725e-01, inf, 3.3774e+00, 8.2554e-02, 
 2DIAGNOSTIC,     9, -6.615335345268e-01, inf, 3.5170e+00, 1.3963e-01, 
 2DIAGNOSTIC,    10, -6.615895032883e-01, 1.137746730819e-03, 3.6006e+00, 8.3573e-02, 
 2DIAGNOSTIC,    11, -6.616079211235e-01, 9.118466987275e-04, 3.6947e+00, 9.4135e-02, 
 2DIAGNOSTIC,    12, -6.615705490112e-01, 6.708402070217e-04, 3.7995e+00, 1.0481e-01, 
 2DIAGNOSTIC,    13, -6.615636944771e-01, 4.482591757551e-04, 3.8939e+00, 9.4356e-02, 
 2DIAGNOSTIC,    14, -6.615665555000e-01, 2.618797298055e-04, 3.9882e+00, 9.4324e-02, 
 2DIAGNOSTIC,    15, -6.615598797798e-01, 1.197776728077e-04, 4.0927e+00, 1.0449e-01, 
 2DIAGNOSTIC,    16, -6.615756154060e-01, 2.087658867822e-05, 4.1874e+00, 9.4743e-02, 
 2DIAGNOSTIC,    17, -6.615517735481e-01, 5.337245056580e-06, 4.2711e+00, 8.3685e-02, 
DIAGNOSTIC,Iteration,metricValue,convergenceValue,ITERATION_TIME_INDEX,SINCE_LAST
 2DIAGNOSTIC,     1, -5.726814866066e-01, inf, 6.2503e+00, 1.9792e+00, 
 2DIAGNOSTIC,     2, -5.728104114532e-01, inf, 7.0116e+00, 7.6126e-01, 
 2DIAGNOSTIC,     3, -5.728504657745e-01, inf, 7.6930e+00, 6.8141e-01, 
 2DIAGNOSTIC,     4, -5.728976130486e-01, inf, 8.3817e+00, 6.8873e-01, 
 2DIAGNOSTIC,     5, -5.729503631592e-01, inf, 9.2235e+00, 8.4172e-01, 
 2DIAGNOSTIC,     6, -5.729609131813e-01, inf, 1.0598e+01, 1.3746e+00, 
 2DIAGNOSTIC,     7, -5.729604959488e-01, inf, 1.1443e+01, 8.4502e-01, 
 2DIAGNOSTIC,     8, -5.729597806931e-01, inf, 1.2204e+01, 7.6043e-01, 
 2DIAGNOSTIC,     9, -5.729596018791e-01, inf, 1.2959e+01, 7.5557e-01, 
 2DIAGNOSTIC,    10, -5.729588270187e-01, 2.875587961171e-05, 1.3717e+01, 7.5800e-01, 
 2DIAGNOSTIC,    11, -5.729577541351e-01, 1.596433503437e-05, 1.4475e+01, 7.5773e-01, 
 2DIAGNOSTIC,    12, -5.729579925537e-01, 9.483546818956e-06, 1.5257e+01, 7.8261e-01, 
 2DIAGNOSTIC,    13, -5.729579925537e-01, 4.889995580015e-06, 1.6017e+01, 7.5926e-01, 
 2DIAGNOSTIC,    14, -5.729579329491e-01, 2.349787337153e-06, 1.6784e+01, 7.6685e-01, 
 2DIAGNOSTIC,    15, -5.729581713676e-01, 1.883855247797e-06, 1.7686e+01, 9.0267e-01, 
 2DIAGNOSTIC,    16, -5.729581713676e-01, 1.825398726396e-06, 1.8432e+01, 7.4560e-01, 
 2DIAGNOSTIC,    17, -5.729579925537e-01, 1.771642018866e-06, 1.9179e+01, 7.4742e-01, 
 2DIAGNOSTIC,    18, -5.729579329491e-01, 1.711340246402e-06, 1.9925e+01, 7.4625e-01, 
 2DIAGNOSTIC,    19, -5.729566216469e-01, 1.624005221856e-06, 2.0674e+01, 7.4842e-01, 
 2DIAGNOSTIC,    20, -5.729567408562e-01, 1.535395199426e-06, 2.1440e+01, 7.6568e-01, 
 2DIAGNOSTIC,    21, -5.729568004608e-01, 1.435763010704e-06, 2.2199e+01, 7.5894e-01, 
 2DIAGNOSTIC,    22, -5.729570984840e-01, 1.364323225062e-06, 2.3037e+01, 8.3882e-01, 
 2DIAGNOSTIC,    23, -5.729570984840e-01, 1.306850208493e-06, 2.3939e+01, 9.0201e-01, 
 2DIAGNOSTIC,    24, -5.729571580887e-01, 1.261659463125e-06, 2.4699e+01, 7.5978e-01, 
 2DIAGNOSTIC,    25, -5.729569792747e-01, 1.227312850460e-06, 2.5448e+01, 7.4866e-01, 
 2DIAGNOSTIC,    26, -5.729569196701e-01, 1.198454469886e-06, 2.6195e+01, 7.4693e-01, 
 2DIAGNOSTIC,    27, -5.729569792747e-01, 1.171592998617e-06, 2.6969e+01, 7.7430e-01, 
 2DIAGNOSTIC,    28, -5.729569196701e-01, 1.145751070908e-06, 2.7745e+01, 7.7636e-01, 
 2DIAGNOSTIC,    29, -5.729569792747e-01, 1.099425958273e-06, 2.8494e+01, 7.4851e-01, 
 2DIAGNOSTIC,    30, -5.729569196701e-01, 1.056996097759e-06, 2.9267e+01, 7.7300e-01, 
 2DIAGNOSTIC,    31, -5.729568600655e-01, 1.017548129312e-06, 3.0027e+01, 7.5983e-01, 
DIAGNOSTIC,Iteration,metricValue,convergenceValue,ITERATION_TIME_INDEX,SINCE_LAST
 2DIAGNOSTIC,     1, -5.209592580795e-01, inf, 3.5109e+01, 5.0819e+00, 
 2DIAGNOSTIC,     2, -5.212900638580e-01, inf, 3.9224e+01, 4.1153e+00, 
 2DIAGNOSTIC,     3, -5.216649770737e-01, inf, 4.3338e+01, 4.1140e+00, 
 2DIAGNOSTIC,     4, -5.221105813980e-01, inf, 4.7444e+01, 4.1059e+00, 
 2DIAGNOSTIC,     5, -5.228582024574e-01, inf, 5.2056e+01, 4.6119e+00, 
 2DIAGNOSTIC,     6, -5.238608717918e-01, inf, 5.6648e+01, 4.5919e+00, 
 2DIAGNOSTIC,     7, -5.240312218666e-01, inf, 6.1249e+01, 4.6017e+00, 
 2DIAGNOSTIC,     8, -5.240928530693e-01, inf, 6.9448e+01, 8.1986e+00, 
 2DIAGNOSTIC,     9, -5.240918397903e-01, inf, 7.4045e+01, 4.5971e+00, 
 2DIAGNOSTIC,    10, -5.240932703018e-01, 4.569481243379e-04, 7.9155e+01, 5.1101e+00, 
 2DIAGNOSTIC,    11, -5.240932703018e-01, 3.447569324635e-04, 8.3760e+01, 4.6049e+00, 
 2DIAGNOSTIC,    12, -5.240927338600e-01, 2.356031764066e-04, 8.8387e+01, 4.6276e+00, 
 2DIAGNOSTIC,    13, -5.240923762321e-01, 1.383510243613e-04, 9.2986e+01, 4.5989e+00, 
 2DIAGNOSTIC,    14, -5.240926146507e-01, 5.970683196210e-05, 9.7580e+01, 4.5932e+00, 
 2DIAGNOSTIC,    15, -5.240922570229e-01, 1.244639679499e-05, 1.0324e+02, 5.6581e+00, 
 2DIAGNOSTIC,    16, -5.240921378136e-01, 4.042129148729e-06, 1.0783e+02, 4.5950e+00, 
 2DIAGNOSTIC,    17, -5.240917801857e-01, 1.813321432564e-06, 1.1243e+02, 4.5990e+00, 
 2DIAGNOSTIC,    18, -5.240914821625e-01, 1.689877308308e-06, 1.1810e+02, 5.6650e+00, 
 2DIAGNOSTIC,    19, -5.240913629532e-01, 1.553058496029e-06, 1.2327e+02, 5.1777e+00, 
 2DIAGNOSTIC,    20, -5.240914225578e-01, 1.481483423049e-06, 1.2788e+02, 4.6055e+00, 
 2DIAGNOSTIC,    21, -5.240911841393e-01, 1.421193474016e-06, 1.3249e+02, 4.6052e+00, 
 2DIAGNOSTIC,    22, -5.240910053253e-01, 1.358135136798e-06, 1.3715e+02, 4.6606e+00, 
 2DIAGNOSTIC,    23, -5.240911245346e-01, 1.303216890847e-06, 1.4181e+02, 4.6602e+00, 
 2DIAGNOSTIC,    24, -5.240915417671e-01, 1.275237309528e-06, 1.4641e+02, 4.6017e+00, 
 2DIAGNOSTIC,    25, -5.240913033485e-01, 1.240977553607e-06, 1.5100e+02, 4.5956e+00, 
 2DIAGNOSTIC,    26, -5.240913033485e-01, 1.210409891428e-06, 1.5560e+02, 4.6010e+00, 
 2DIAGNOSTIC,    27, -5.240911245346e-01, 1.172965539809e-06, 1.6072e+02, 5.1129e+00, 
 2DIAGNOSTIC,    28, -5.240908861160e-01, 1.128354142566e-06, 1.6582e+02, 5.1052e+00, 
 2DIAGNOSTIC,    29, -5.240910053253e-01, 1.087460532290e-06, 1.7043e+02, 4.6038e+00, 
 2DIAGNOSTIC,    30, -5.240906476974e-01, 1.044875034495e-06, 1.7502e+02, 4.5938e+00, 
 2DIAGNOSTIC,    31, -5.240906476974e-01, 1.002801582217e-06, 1.7962e+02, 4.6028e+00, 
  Elapsed time (stage 1): 1.8217e+02


Stage 2
  iterations = 100x70x50x20
  convergence threshold = 1.0000e-06
  convergence window size = 10
  number of levels = 4
  using the CC metric (radius = 4, weight = 1.0000e+00, use gradient filter = 0)
  preprocessing:  winsorizing the image intensities
  Shrink factors (level 1 out of 4): [8, 8, 8]
  Shrink factors (level 2 out of 4): [4, 4, 4]
  Shrink factors (level 3 out of 4): [2, 2, 2]
  Shrink factors (level 4 out of 4): [1, 1, 1]
  smoothing sigmas per level: [3, 2, 1, 0]
  Using default NONE metricSamplingStrategy 

*** Running SyN registration (varianceForUpdateField = 3.0000e+00, varianceForTotalField = 0.0000e+00) ***

XXDIAGNOSTIC,Iteration,metricValue,convergenceValue,ITERATION_TIME_INDEX,SINCE_LAST
 1DIAGNOSTIC,     1, -8.953257203102e-01, inf, 1.8862e+00, 1.8862e+00, 
 1DIAGNOSTIC,     2, -9.027092456818e-01, inf, 2.6502e+00, 7.6399e-01, 
 1DIAGNOSTIC,     3, -9.098410010338e-01, inf, 3.4240e+00, 7.7388e-01, 
 1DIAGNOSTIC,     4, -9.149513244629e-01, inf, 4.1763e+00, 7.5222e-01, 
 1DIAGNOSTIC,     5, -9.193634986877e-01, inf, 4.9143e+00, 7.3800e-01, 
 1DIAGNOSTIC,     6, -9.231178760529e-01, inf, 5.6935e+00, 7.7928e-01, 
 1DIAGNOSTIC,     7, -9.262759089470e-01, inf, 6.4504e+00, 7.5688e-01, 
 1DIAGNOSTIC,     8, -9.287587404251e-01, inf, 7.2011e+00, 7.5064e-01, 
 1DIAGNOSTIC,     9, -9.309433102608e-01, inf, 7.9496e+00, 7.4852e-01, 
 1DIAGNOSTIC,    10, -9.327334165573e-01, 2.517946995795e-03, 8.6997e+00, 7.5016e-01, 
 1DIAGNOSTIC,    11, -9.342714548111e-01, 1.904432429001e-03, 9.4804e+00, 7.8066e-01, 
 1DIAGNOSTIC,    12, -9.356092214584e-01, 1.444992958568e-03, 1.0229e+01, 7.4856e-01, 
 1DIAGNOSTIC,    13, -9.367836713791e-01, 1.121968729421e-03, 1.0975e+01, 7.4590e-01, 
 1DIAGNOSTIC,    14, -9.378196001053e-01, 8.775955648161e-04, 1.1741e+01, 7.6587e-01, 
 1DIAGNOSTIC,    15, -9.387049674988e-01, 6.936144200154e-04, 1.2508e+01, 7.6691e-01, 
 1DIAGNOSTIC,    16, -9.395290017128e-01, 5.563863087445e-04, 1.3267e+01, 7.5964e-01, 
 1DIAGNOSTIC,    17, -9.402676820755e-01, 4.540527879726e-04, 1.4015e+01, 7.4760e-01, 
 1DIAGNOSTIC,    18, -9.409294128418e-01, 3.743507550098e-04, 1.4773e+01, 7.5771e-01, 
 1DIAGNOSTIC,    19, -9.415320754051e-01, 3.130556142423e-04, 1.5516e+01, 7.4363e-01, 
 1DIAGNOSTIC,    20, -9.420763254166e-01, 2.643528569024e-04, 1.6263e+01, 7.4721e-01, 
 1DIAGNOSTIC,    21, -9.425722360611e-01, 2.251494588563e-04, 1.7026e+01, 7.6270e-01, 
 1DIAGNOSTIC,    22, -9.430240392685e-01, 1.932381564984e-04, 1.7775e+01, 7.4890e-01, 
 1DIAGNOSTIC,    23, -9.434366822243e-01, 1.670179335633e-04, 1.8536e+01, 7.6064e-01, 
 1DIAGNOSTIC,    24, -9.438183903694e-01, 1.453170116292e-04, 1.9301e+01, 7.6518e-01, 
 1DIAGNOSTIC,    25, -9.441664218903e-01, 1.267201732844e-04, 2.0056e+01, 7.5515e-01, 
 1DIAGNOSTIC,    26, -9.444881677628e-01, 1.110523735406e-04, 2.0801e+01, 7.4484e-01, 
 1DIAGNOSTIC,    27, -9.447845220566e-01, 9.776113438420e-05, 2.1557e+01, 7.5651e-01, 
 1DIAGNOSTIC,    28, -9.450580477715e-01, 8.637474093121e-05, 2.2305e+01, 7.4715e-01, 
 1DIAGNOSTIC,    29, -9.453119039536e-01, 7.661979907425e-05, 2.3063e+01, 7.5828e-01, 
 1DIAGNOSTIC,    30, -9.455522298813e-01, 6.824733281974e-05, 2.3821e+01, 7.5867e-01, 
 1DIAGNOSTIC,    31, -9.457714557648e-01, 6.099542224547e-05, 2.4583e+01, 7.6131e-01, 
 1DIAGNOSTIC,    32, -9.459469318390e-01, 5.440773384180e-05, 2.5336e+01, 7.5285e-01, 
 1DIAGNOSTIC,    33, -9.461375474930e-01, 4.865641676588e-05, 2.6112e+01, 7.7595e-01, 
 1DIAGNOSTIC,    34, -9.463155269623e-01, 4.365962740849e-05, 2.6903e+01, 7.9106e-01, 
 1DIAGNOSTIC,    35, -9.464796185493e-01, 3.927881334675e-05, 2.7661e+01, 7.5791e-01, 
 1DIAGNOSTIC,    36, -9.466316699982e-01, 3.544542778400e-05, 2.8426e+01, 7.6593e-01, 
 1DIAGNOSTIC,    37, -9.467766284943e-01, 3.211544753867e-05, 2.9207e+01, 7.8082e-01, 
 1DIAGNOSTIC,    38, -9.469109773636e-01, 2.920526640082e-05, 2.9960e+01, 7.5237e-01, 
 1DIAGNOSTIC,    39, -9.470382928848e-01, 2.666767977644e-05, 3.0713e+01, 7.5323e-01, 
 1DIAGNOSTIC,    40, -9.471530914307e-01, 2.445135214657e-05, 3.1467e+01, 7.5384e-01, 
 1DIAGNOSTIC,    41, -9.472609758377e-01, 2.248444616271e-05, 3.2224e+01, 7.5727e-01, 
 1DIAGNOSTIC,    42, -9.473620653152e-01, 2.050948751275e-05, 3.2988e+01, 7.6422e-01, 
 1DIAGNOSTIC,    43, -9.474589228630e-01, 1.874189183582e-05, 3.3753e+01, 7.6457e-01, 
 1DIAGNOSTIC,    44, -9.475500583649e-01, 1.716570113786e-05, 3.4506e+01, 7.5315e-01, 
 1DIAGNOSTIC,    45, -9.476335048676e-01, 1.573472582095e-05, 3.5268e+01, 7.6160e-01, 
 1DIAGNOSTIC,    46, -9.477121829987e-01, 1.443030578230e-05, 3.6012e+01, 7.4459e-01, 
 1DIAGNOSTIC,    47, -9.477861523628e-01, 1.326083565800e-05, 3.6757e+01, 7.4531e-01, 
 1DIAGNOSTIC,    48, -9.478548169136e-01, 1.219978275913e-05, 3.7503e+01, 7.4543e-01, 
 1DIAGNOSTIC,    49, -9.479185342789e-01, 1.124337268266e-05, 3.8248e+01, 7.4509e-01, 
 1DIAGNOSTIC,    50, -9.479786157608e-01, 1.035639616020e-05, 3.9011e+01, 7.6347e-01, 
 1DIAGNOSTIC,    51, -9.480351209641e-01, 9.536584911984e-06, 3.9762e+01, 7.5009e-01, 
 1DIAGNOSTIC,    52, -9.480881690979e-01, 8.779494237388e-06, 4.0510e+01, 7.4805e-01, 
 1DIAGNOSTIC,    53, -9.481412172318e-01, 8.112944669847e-06, 4.1263e+01, 7.5383e-01, 
 1DIAGNOSTIC,    54, -9.481883049011e-01, 7.514956450905e-06, 4.2014e+01, 7.5057e-01, 
 1DIAGNOSTIC,    55, -9.482339620590e-01, 6.975594715186e-06, 4.2760e+01, 7.4567e-01, 
 1DIAGNOSTIC,    56, -9.482765197754e-01, 6.488039616670e-06, 4.3517e+01, 7.5753e-01, 
 1DIAGNOSTIC,    57, -9.483148455620e-01, 6.037325420039e-06, 4.4286e+01, 7.6856e-01, 
 1DIAGNOSTIC,    58, -9.483531713486e-01, 5.626883194054e-06, 4.5055e+01, 7.6898e-01, 
 1DIAGNOSTIC,    59, -9.483889341354e-01, 5.245601187198e-06, 4.5804e+01, 7.4949e-01, 
 1DIAGNOSTIC,    60, -9.484229683876e-01, 4.893039658782e-06, 4.6566e+01, 7.6138e-01, 
 1DIAGNOSTIC,    61, -9.484552145004e-01, 4.567111773213e-06, 4.7310e+01, 7.4407e-01, 
 1DIAGNOSTIC,    62, -9.484849572182e-01, 4.260947207513e-06, 4.8056e+01, 7.4595e-01, 
 1DIAGNOSTIC,    63, -9.485144615173e-01, 3.995499810117e-06, 4.8828e+01, 7.7255e-01, 
 1DIAGNOSTIC,    64, -9.485407471657e-01, 3.744207333511e-06, 4.9586e+01, 7.5786e-01, 
 1DIAGNOSTIC,    65, -9.485652446747e-01, 3.510213218760e-06, 5.0331e+01, 7.4451e-01, 
 1DIAGNOSTIC,    66, -9.485888481140e-01, 3.292019300716e-06, 5.1081e+01, 7.5089e-01, 
 1DIAGNOSTIC,    67, -9.486113786697e-01, 3.080611122641e-06, 5.1826e+01, 7.4498e-01, 
 1DIAGNOSTIC,    68, -9.486318826675e-01, 2.882471335397e-06, 5.2590e+01, 7.6369e-01, 
 1DIAGNOSTIC,    69, -9.486521482468e-01, 2.699812966966e-06, 5.3341e+01, 7.5112e-01, 
 1DIAGNOSTIC,    70, -9.486720561981e-01, 2.536646888984e-06, 5.4091e+01, 7.4936e-01, 
 1DIAGNOSTIC,    71, -9.486921429634e-01, 2.397363232376e-06, 5.4843e+01, 7.5281e-01, 
 1DIAGNOSTIC,    72, -9.487109184265e-01, 2.274747430420e-06, 5.5628e+01, 7.8459e-01, 
 1DIAGNOSTIC,    73, -9.487283229828e-01, 2.170586867578e-06, 5.6374e+01, 7.4565e-01, 
 1DIAGNOSTIC,    74, -9.487448930740e-01, 2.074882559100e-06, 5.7136e+01, 7.6262e-01, 
 1DIAGNOSTIC,    75, -9.487605094910e-01, 1.982539970413e-06, 5.7897e+01, 7.6119e-01, 
 1DIAGNOSTIC,    76, -9.487745165825e-01, 1.889718419079e-06, 5.8685e+01, 7.8724e-01, 
 1DIAGNOSTIC,    77, -9.487869739532e-01, 1.792970465431e-06, 5.9441e+01, 7.5677e-01, 
 1DIAGNOSTIC,    78, -9.487998485565e-01, 1.693360786703e-06, 6.0197e+01, 7.5526e-01, 
 1DIAGNOSTIC,    79, -9.488127231598e-01, 1.597309619683e-06, 6.0951e+01, 7.5478e-01, 
 1DIAGNOSTIC,    80, -9.488252401352e-01, 1.509036565039e-06, 6.1737e+01, 7.8512e-01, 
 1DIAGNOSTIC,    81, -9.488373994827e-01, 1.434400019207e-06, 6.2497e+01, 7.6057e-01, 
 1DIAGNOSTIC,    82, -9.488492012024e-01, 1.372346673634e-06, 6.3244e+01, 7.4695e-01, 
 1DIAGNOSTIC,    83, -9.488599896431e-01, 1.318001864092e-06, 6.3991e+01, 7.4673e-01, 
 1DIAGNOSTIC,    84, -9.488703012466e-01, 1.270032385037e-06, 6.4735e+01, 7.4402e-01, 
 1DIAGNOSTIC,    85, -9.488808512688e-01, 1.228918677043e-06, 6.5481e+01, 7.4647e-01, 
 1DIAGNOSTIC,    86, -9.488909244537e-01, 1.189733325191e-06, 6.6235e+01, 7.5351e-01, 
 1DIAGNOSTIC,    87, -9.489015936852e-01, 1.151512265096e-06, 6.7005e+01, 7.7030e-01, 
 1DIAGNOSTIC,    88, -9.489100575447e-01, 1.110435732699e-06, 6.7763e+01, 7.5825e-01, 
 1DIAGNOSTIC,    89, -9.489201903343e-01, 1.075198952094e-06, 6.8513e+01, 7.4914e-01, 
 1DIAGNOSTIC,    90, -9.489275217056e-01, 1.036972889779e-06, 6.9291e+01, 7.7890e-01, 
 1DIAGNOSTIC,    91, -9.488956928253e-01, 8.677676532898e-07, 7.0054e+01, 7.6274e-01, 
XXDIAGNOSTIC,Iteration,metricValue,convergenceValue,ITERATION_TIME_INDEX,SINCE_LAST
 1DIAGNOSTIC,     1, -8.958104848862e-01, inf, 7.7485e+01, 7.4306e+00, 
 1DIAGNOSTIC,     2, -8.987518548965e-01, inf, 8.3719e+01, 6.2340e+00, 
 1DIAGNOSTIC,     3, -9.023530483246e-01, inf, 8.9929e+01, 6.2106e+00, 
 1DIAGNOSTIC,     4, -9.056266546249e-01, inf, 9.6213e+01, 6.2834e+00, 
 1DIAGNOSTIC,     5, -9.085993766785e-01, inf, 1.0246e+02, 6.2445e+00, 
 1DIAGNOSTIC,     6, -9.111781716347e-01, inf, 1.0872e+02, 6.2664e+00, 
 1DIAGNOSTIC,     7, -9.135553836823e-01, inf, 1.1493e+02, 6.2107e+00, 
 1DIAGNOSTIC,     8, -9.157747626305e-01, inf, 1.2121e+02, 6.2712e+00, 
 1DIAGNOSTIC,     9, -9.179012179375e-01, inf, 1.2750e+02, 6.2976e+00, 
 1DIAGNOSTIC,    10, -9.199067354202e-01, 1.703425543383e-03, 1.3383e+02, 6.3288e+00, 
 1DIAGNOSTIC,    11, -9.218405485153e-01, 1.444610417821e-03, 1.4009e+02, 6.2565e+00, 
 1DIAGNOSTIC,    12, -9.237104654312e-01, 1.223351922818e-03, 1.4636e+02, 6.2699e+00, 
 1DIAGNOSTIC,    13, -9.255778193474e-01, 1.055729575455e-03, 1.5256e+02, 6.1993e+00, 
 1DIAGNOSTIC,    14, -9.274238944054e-01, 9.289945592172e-04, 1.5879e+02, 6.2329e+00, 
 1DIAGNOSTIC,    15, -9.292737245560e-01, 8.334998856299e-04, 1.6507e+02, 6.2796e+00, 
 1DIAGNOSTIC,    16, -9.310691356659e-01, 7.576978532597e-04, 1.7131e+02, 6.2378e+00, 
 1DIAGNOSTIC,    17, -9.327727556229e-01, 6.949102389626e-04, 1.7761e+02, 6.3035e+00, 
 1DIAGNOSTIC,    18, -9.343404769897e-01, 6.395524833351e-04, 1.8389e+02, 6.2812e+00, 
 1DIAGNOSTIC,    19, -9.356148242950e-01, 5.857124924660e-04, 1.9011e+02, 6.2154e+00, 
 1DIAGNOSTIC,    20, -9.367563128471e-01, 5.311701097526e-04, 1.9637e+02, 6.2635e+00, 
 1DIAGNOSTIC,    21, -9.378181695938e-01, 4.761240270454e-04, 2.0262e+02, 6.2457e+00, 
 1DIAGNOSTIC,    22, -9.388056993484e-01, 4.214188375045e-04, 2.0893e+02, 6.3152e+00, 
 1DIAGNOSTIC,    23, -9.397154450417e-01, 3.690271114465e-04, 2.1521e+02, 6.2743e+00, 
 1DIAGNOSTIC,    24, -9.405688047409e-01, 3.208707203157e-04, 2.2146e+02, 6.2564e+00, 
 1DIAGNOSTIC,    25, -9.413855075836e-01, 2.790970902424e-04, 2.2773e+02, 6.2642e+00, 
 1DIAGNOSTIC,    26, -9.421528577805e-01, 2.443993871566e-04, 2.3400e+02, 6.2750e+00, 
 1DIAGNOSTIC,    27, -9.428776502609e-01, 2.166881313315e-04, 2.4028e+02, 6.2740e+00, 
 1DIAGNOSTIC,    28, -9.435378909111e-01, 1.948278950294e-04, 2.4654e+02, 6.2655e+00, 
 1DIAGNOSTIC,    29, -9.441475868225e-01, 1.759209553711e-04, 2.5281e+02, 6.2716e+00, 
 1DIAGNOSTIC,    30, -9.447023272514e-01, 1.588989980519e-04, 2.5911e+02, 6.2958e+00, 
 1DIAGNOSTIC,    31, -9.452241063118e-01, 1.435221493011e-04, 2.6537e+02, 6.2602e+00, 
 1DIAGNOSTIC,    32, -9.456957578659e-01, 1.294195826631e-04, 2.7160e+02, 6.2297e+00, 
 1DIAGNOSTIC,    33, -9.461482763290e-01, 1.164967688965e-04, 2.7781e+02, 6.2079e+00, 
 1DIAGNOSTIC,    34, -9.465237259865e-01, 1.042990115820e-04, 2.8410e+02, 6.2886e+00, 
 1DIAGNOSTIC,    35, -9.468605518341e-01, 9.295249765273e-05, 2.9038e+02, 6.2848e+00, 
 1DIAGNOSTIC,    36, -9.471882581711e-01, 8.268267993117e-05, 2.9666e+02, 6.2780e+00, 
 1DIAGNOSTIC,    37, -9.474539756775e-01, 7.326429476961e-05, 3.0291e+02, 6.2471e+00, 
 1DIAGNOSTIC,    38, -9.477033019066e-01, 6.467563798651e-05, 3.0917e+02, 6.2634e+00, 
 1DIAGNOSTIC,    39, -9.479408264160e-01, 5.700673864339e-05, 3.1543e+02, 6.2616e+00, 
 1DIAGNOSTIC,    40, -9.481403827667e-01, 5.005027196603e-05, 3.2168e+02, 6.2466e+00, 
 1DIAGNOSTIC,    41, -9.483231902122e-01, 4.391757829580e-05, 3.2796e+02, 6.2836e+00, 
 1DIAGNOSTIC,    42, -9.484897851944e-01, 3.853412272292e-05, 3.3427e+02, 6.3102e+00, 
 1DIAGNOSTIC,    43, -9.486482143402e-01, 3.407871918171e-05, 3.4060e+02, 6.3270e+00, 
 1DIAGNOSTIC,    44, -9.487954378128e-01, 3.021595875907e-05, 3.4693e+02, 6.3280e+00, 
 1DIAGNOSTIC,    45, -9.489442706108e-01, 2.694906652323e-05, 3.5317e+02, 6.2404e+00, 
 1DIAGNOSTIC,    46, -9.490786194801e-01, 2.434001544316e-05, 3.5942e+02, 6.2495e+00, 
 1DIAGNOSTIC,    47, -9.492125511169e-01, 2.213712832599e-05, 3.6571e+02, 6.2919e+00, 
 1DIAGNOSTIC,    48, -9.493420124054e-01, 2.034121644101e-05, 3.7191e+02, 6.2050e+00, 
 1DIAGNOSTIC,    49, -9.494627714157e-01, 1.893144872156e-05, 3.7817e+02, 6.2544e+00, 
 1DIAGNOSTIC,    50, -9.495804309845e-01, 1.773191252141e-05, 3.8451e+02, 6.3401e+00, 
 1DIAGNOSTIC,    51, -9.496991634369e-01, 1.671683094173e-05, 3.9081e+02, 6.3043e+00, 
 1DIAGNOSTIC,    52, -9.498134851456e-01, 1.581843389431e-05, 3.9713e+02, 6.3166e+00, 
 1DIAGNOSTIC,    53, -9.499227404594e-01, 1.501085898781e-05, 4.0340e+02, 6.2702e+00, 
 1DIAGNOSTIC,    54, -9.500241279602e-01, 1.423054982297e-05, 4.0968e+02, 6.2856e+00, 
 1DIAGNOSTIC,    55, -9.501220583916e-01, 1.351647097181e-05, 4.1594e+02, 6.2579e+00, 
 1DIAGNOSTIC,    56, -9.502191543579e-01, 1.282405537495e-05, 4.2220e+02, 6.2592e+00, 
 1DIAGNOSTIC,    57, -9.503167271614e-01, 1.219502973981e-05, 4.2854e+02, 6.3414e+00, 
 1DIAGNOSTIC,    58, -9.504072666168e-01, 1.160593637906e-05, 4.3481e+02, 6.2721e+00, 
 1DIAGNOSTIC,    59, -9.504953026772e-01, 1.103527847590e-05, 4.4109e+02, 6.2757e+00, 
 1DIAGNOSTIC,    60, -9.505820870399e-01, 1.049543971021e-05, 4.4734e+02, 6.2510e+00, 
 1DIAGNOSTIC,    61, -9.506701231003e-01, 1.002970293484e-05, 4.5360e+02, 6.2549e+00, 
 1DIAGNOSTIC,    62, -9.507591724396e-01, 9.645501449995e-06, 4.5989e+02, 6.2890e+00, 
 1DIAGNOSTIC,    63, -9.508465528488e-01, 9.328985470347e-06, 4.6617e+02, 6.2855e+00, 
 1DIAGNOSTIC,    64, -9.509316682816e-01, 9.045724254975e-06, 4.7244e+02, 6.2675e+00, 
 1DIAGNOSTIC,    65, -9.510102272034e-01, 8.760593118495e-06, 4.7871e+02, 6.2726e+00, 
 1DIAGNOSTIC,    66, -9.510920643806e-01, 8.498653187416e-06, 4.8495e+02, 6.2349e+00, 
 1DIAGNOSTIC,    67, -9.511721134186e-01, 8.264881216746e-06, 4.9123e+02, 6.2838e+00, 
 1DIAGNOSTIC,    68, -9.512494802475e-01, 8.025356692087e-06, 4.9752e+02, 6.2945e+00, 
 1DIAGNOSTIC,    69, -9.513205289841e-01, 7.753959835100e-06, 5.0382e+02, 6.2912e+00, 
 1DIAGNOSTIC,    70, -9.513857364655e-01, 7.436996838805e-06, 5.1011e+02, 6.2945e+00, 
XXDIAGNOSTIC,Iteration,metricValue,convergenceValue,ITERATION_TIME_INDEX,SINCE_LAST
 1DIAGNOSTIC,     1, -8.880218267441e-01, inf, 5.6255e+02, 5.2441e+01, 
 1DIAGNOSTIC,     2, -8.902404904366e-01, inf, 6.1296e+02, 5.0412e+01, 
 1DIAGNOSTIC,     3, -8.928241729736e-01, inf, 6.6388e+02, 5.0921e+01, 
 1DIAGNOSTIC,     4, -8.951237797737e-01, inf, 7.1467e+02, 5.0790e+01, 
 1DIAGNOSTIC,     5, -8.971728086472e-01, inf, 7.6546e+02, 5.0782e+01, 
 1DIAGNOSTIC,     6, -8.989648818970e-01, inf, 8.1627e+02, 5.0817e+01, 
 1DIAGNOSTIC,     7, -9.005271196365e-01, inf, 8.6705e+02, 5.0781e+01, 
 1DIAGNOSTIC,     8, -9.019260406494e-01, inf, 9.1809e+02, 5.1037e+01, 
 1DIAGNOSTIC,     9, -9.030498862267e-01, inf, 9.6889e+02, 5.0801e+01, 
 1DIAGNOSTIC,    10, -9.040757417679e-01, 1.157942810096e-03, 1.0197e+03, 5.0798e+01, 
 1DIAGNOSTIC,    11, -9.049823880196e-01, 9.413553052582e-04, 1.0704e+03, 5.0753e+01, 
 1DIAGNOSTIC,    12, -9.058121442795e-01, 7.561069796793e-04, 1.1213e+03, 5.0827e+01, 
 1DIAGNOSTIC,    13, -9.065668582916e-01, 6.117015727796e-04, 1.1721e+03, 5.0848e+01, 
 1DIAGNOSTIC,    14, -9.072643518448e-01, 4.995518829674e-04, 1.2232e+03, 5.1078e+01, 
 1DIAGNOSTIC,    15, -9.079038500786e-01, 4.129904846195e-04, 1.2740e+03, 5.0829e+01, 
 1DIAGNOSTIC,    16, -9.085017442703e-01, 3.462128515821e-04, 1.3246e+03, 5.0597e+01, 
 1DIAGNOSTIC,    17, -9.090458154678e-01, 2.942213614006e-04, 1.3754e+03, 5.0774e+01, 
 1DIAGNOSTIC,    18, -9.095591902733e-01, 2.541604626458e-04, 1.4263e+03, 5.0905e+01, 
 1DIAGNOSTIC,    19, -9.100253582001e-01, 2.209941885667e-04, 1.4773e+03, 5.1046e+01, 
 1DIAGNOSTIC,    20, -9.104632735252e-01, 1.935653417604e-04, 1.5280e+03, 5.0630e+01, 
 1DIAGNOSTIC,    21, -9.108756780624e-01, 1.704153692117e-04, 1.5788e+03, 5.0818e+01, 
 1DIAGNOSTIC,    22, -9.112586975098e-01, 1.507495471742e-04, 1.6298e+03, 5.0970e+01, 
 1DIAGNOSTIC,    23, -9.116261005402e-01, 1.339966111118e-04, 1.6808e+03, 5.1001e+01, 
 1DIAGNOSTIC,    24, -9.119747877121e-01, 1.197589008370e-04, 1.7318e+03, 5.1069e+01, 
 1DIAGNOSTIC,    25, -9.123069047928e-01, 1.076116750482e-04, 1.7826e+03, 5.0777e+01, 
 1DIAGNOSTIC,    26, -9.126207232475e-01, 9.728896839079e-05, 1.8335e+03, 5.0862e+01, 
 1DIAGNOSTIC,    27, -9.129206538200e-01, 8.838421490509e-05, 1.8845e+03, 5.0979e+01, 
 1DIAGNOSTIC,    28, -9.132153987885e-01, 8.084982982837e-05, 1.9351e+03, 5.0653e+01, 
 1DIAGNOSTIC,    29, -9.134984016418e-01, 7.431751146214e-05, 1.9860e+03, 5.0861e+01, 
 1DIAGNOSTIC,    30, -9.137711524963e-01, 6.864158058306e-05, 2.0369e+03, 5.0903e+01, 
 1DIAGNOSTIC,    31, -9.140447378159e-01, 6.379815749824e-05, 2.0876e+03, 5.0733e+01, 
 1DIAGNOSTIC,    32, -9.143040180206e-01, 5.952721039648e-05, 2.1388e+03, 5.1156e+01, 
 1DIAGNOSTIC,    33, -9.145631194115e-01, 5.584515747614e-05, 2.1897e+03, 5.0914e+01, 
 1DIAGNOSTIC,    34, -9.148108959198e-01, 5.260081161396e-05, 2.2406e+03, 5.0880e+01, 
 1DIAGNOSTIC,    35, -9.150603413582e-01, 4.977899880032e-05, 2.2914e+03, 5.0875e+01, 
 1DIAGNOSTIC,    36, -9.152991771698e-01, 4.721723598777e-05, 2.3423e+03, 5.0848e+01, 
 1DIAGNOSTIC,    37, -9.155370593071e-01, 4.488159538596e-05, 2.3931e+03, 5.0823e+01, 
 1DIAGNOSTIC,    38, -9.157667756081e-01, 4.274604725651e-05, 2.4441e+03, 5.0954e+01, 
 1DIAGNOSTIC,    39, -9.159834980965e-01, 4.068902853760e-05, 2.4949e+03, 5.0889e+01, 
 1DIAGNOSTIC,    40, -9.161982536316e-01, 3.870064756484e-05, 2.5460e+03, 5.1044e+01, 
 1DIAGNOSTIC,    41, -9.164152741432e-01, 3.689261575346e-05, 2.5967e+03, 5.0712e+01, 
 1DIAGNOSTIC,    42, -9.166204929352e-01, 3.513689443935e-05, 2.6475e+03, 5.0827e+01, 
 1DIAGNOSTIC,    43, -9.168285727501e-01, 3.353746797075e-05, 2.6983e+03, 5.0759e+01, 
 1DIAGNOSTIC,    44, -9.170297384262e-01, 3.202723382856e-05, 2.7492e+03, 5.0864e+01, 
 1DIAGNOSTIC,    45, -9.172294139862e-01, 3.067426223424e-05, 2.7999e+03, 5.0799e+01, 
 1DIAGNOSTIC,    46, -9.174239635468e-01, 2.942027640529e-05, 2.8507e+03, 5.0745e+01, 
 1DIAGNOSTIC,    47, -9.176192283630e-01, 2.831458732544e-05, 2.9017e+03, 5.1002e+01, 
 1DIAGNOSTIC,    48, -9.178149700165e-01, 2.734519330261e-05, 2.9525e+03, 5.0786e+01, 
 1DIAGNOSTIC,    49, -9.179912805557e-01, 2.633231815707e-05, 3.0033e+03, 5.0810e+01, 
 1DIAGNOSTIC,    50, -9.181578159332e-01, 2.525140916987e-05, 3.0544e+03, 5.1120e+01, 
XXDIAGNOSTIC,Iteration,metricValue,convergenceValue,ITERATION_TIME_INDEX,SINCE_LAST
 1DIAGNOSTIC,     1, -8.496932387352e-01, inf, 3.4574e+03, 4.0303e+02, 
 1DIAGNOSTIC,     2, -8.511490821838e-01, inf, 3.8539e+03, 3.9648e+02, 
 1DIAGNOSTIC,     3, -8.528327941895e-01, inf, 4.2503e+03, 3.9636e+02, 
 1DIAGNOSTIC,     4, -8.544998168945e-01, inf, 4.6483e+03, 3.9802e+02, 
 1DIAGNOSTIC,     5, -8.560250401497e-01, inf, 5.0464e+03, 3.9808e+02, 
 1DIAGNOSTIC,     6, -8.573756217957e-01, inf, 5.4443e+03, 3.9788e+02, 
 1DIAGNOSTIC,     7, -8.585919141769e-01, inf, 5.8421e+03, 3.9782e+02, 
 1DIAGNOSTIC,     8, -8.596832752228e-01, inf, 6.2408e+03, 3.9868e+02, 
 1DIAGNOSTIC,     9, -8.607009649277e-01, inf, 6.6389e+03, 3.9814e+02, 
 1DIAGNOSTIC,    10, -8.616402149200e-01, 9.072053944692e-04, 7.0366e+03, 3.9766e+02, 
 1DIAGNOSTIC,    11, -8.625102043152e-01, 7.663813303225e-04, 7.4349e+03, 3.9830e+02, 
 1DIAGNOSTIC,    12, -8.633326292038e-01, 6.428154301830e-04, 7.8325e+03, 3.9768e+02, 
 1DIAGNOSTIC,    13, -8.640813231468e-01, 5.417564534582e-04, 8.2306e+03, 3.9805e+02, 
 1DIAGNOSTIC,    14, -8.647853136063e-01, 4.616222286131e-04, 8.6267e+03, 3.9606e+02, 
 1DIAGNOSTIC,    15, -8.654564619064e-01, 3.981770714745e-04, 9.0247e+03, 3.9806e+02, 
 1DIAGNOSTIC,    16, -8.661683201790e-01, 3.485226188786e-04, 9.4210e+03, 3.9630e+02, 
 1DIAGNOSTIC,    17, -8.667517900467e-01, 3.073789412156e-04, 9.8196e+03, 3.9858e+02, 
 1DIAGNOSTIC,    18, -8.674010038376e-01, 2.742207725532e-04, 1.0216e+04, 3.9662e+02, 
 1DIAGNOSTIC,    19, -8.679219484329e-01, 2.457324590068e-04, 1.0613e+04, 3.9693e+02, 
 1DIAGNOSTIC,    20, -8.685212135315e-01, 2.225535281468e-04, 1.1010e+04, 3.9691e+02, 
  Elapsed time (stage 2): 1.101e+04


Total elapsed time: 1.14e+04
 Registration finished. The antsRegistration call was:
--------------------------------------------------------------------------------------
/opt/ants/bin/antsRegistration --verbose 1 --dimensionality 3 --float 1 --collapse-output-transforms 1 --output [ /data/derivatives/ants/registrationSyN-fp/sub-s028/ses-open/anat/,/data/derivatives/ants/registrationSyN-fp/sub-s028/ses-open/anat/Warped.nii.gz,/data/derivatives/ants/registrationSyN-fp/sub-s028/ses-open/anat/InverseWarped.nii.gz ] --interpolation Linear --use-histogram-matching 0 --winsorize-image-intensities [ 0.005,0.995 ] --initial-moving-transform [ /templateflow/tpl-MNI152NLin2009cAsym//tpl-MNI152NLin2009cAsym_res-01_desc-brain_T1w.nii.gz,/data/derivatives/fsl/fast/sub-s028/ses-open/anat/BrainExtractionBrain_seg.nii.gz,1 ] --transform Rigid[ 0.1 ] --metric MI[ /templateflow/tpl-MNI152NLin2009cAsym//tpl-MNI152NLin2009cAsym_res-01_desc-brain_T1w.nii.gz,/data/derivatives/fsl/fast/sub-s028/ses-open/anat/BrainExtractionBrain_seg.nii.gz,1,32,Regular,0.25 ] --convergence [ 1000x500x250x100,1e-6,10 ] --shrink-factors 8x4x2x1 --smoothing-sigmas 3x2x1x0vox --transform Affine[ 0.1 ] --metric MI[ /templateflow/tpl-MNI152NLin2009cAsym//tpl-MNI152NLin2009cAsym_res-01_desc-brain_T1w.nii.gz,/data/derivatives/fsl/fast/sub-s028/ses-open/anat/BrainExtractionBrain_seg.nii.gz,1,32,Regular,0.25 ] --convergence [ 1000x500x250x100,1e-6,10 ] --shrink-factors 8x4x2x1 --smoothing-sigmas 3x2x1x0vox --transform SyN[ 0.1,3,0 ] --metric CC[ /templateflow/tpl-MNI152NLin2009cAsym//tpl-MNI152NLin2009cAsym_res-01_desc-brain_T1w.nii.gz,/data/derivatives/fsl/fast/sub-s028/ses-open/anat/BrainExtractionBrain_seg.nii.gz,1,4 ] --convergence [ 100x70x50x20,1e-6,10 ] --shrink-factors 8x4x2x1 --smoothing-sigmas 3x2x1x0vox
--------------------------------------------------------------------------------------
Moving image resampled into fixed space: /data/derivatives/ants/registrationSyN-fp/sub-s028/ses-open/anat/Warped.nii.gz
Fixed image resampled into moving space: /data/derivatives/ants/registrationSyN-fp/sub-s028/ses-open/anat/InverseWarped.nii.gz
--------------------------------------------------------------------------------------
Elapsed Time: 11404.898s
    SP GFLOPS: 0.164
    DP GFLOPS: 0.583
    x87 GFLOPS: 0.002
    CPI Rate: 0.520
    Average CPU Frequency: 3.641 GHz
    Total Thread Count: 15
Effective Physical Core Utilization: 3.0% (0.974 out of 32)
 | The metric value is low, which may signal a poor physical CPU cores
 | utilization caused by:
 |     - load imbalance
 |     - threading runtime overhead
 |     - contended synchronization
 |     - thread/process underutilization
 |     - incorrect affinity that utilizes logical cores instead of physical
 |       cores
 | Explore sub-metrics to estimate the efficiency of MPI and OpenMP parallelism
 | or run the Locks and Waits analysis to identify parallel bottlenecks for
 | other parallel runtimes.
 |
    Effective Logical Core Utilization: 1.5% (0.976 out of 64)
     | The metric value is low, which may signal a poor logical CPU cores
     | utilization. Consider improving physical core utilization as the first
     | step and then look at opportunities to utilize logical cores, which in
     | some cases can improve processor throughput and overall performance of
     | multi-threaded applications.
     |
Memory Bound: 18.1% of Pipeline Slots
    Cache Bound: 10.5% of Clockticks
    DRAM Bound: 0.2% of Clockticks
        DRAM Bandwidth Bound: 0.0% of Elapsed Time
    NUMA: % of Remote Accesses: 0.0%

    Bandwidth Utilization
    Bandwidth Domain             Platform Maximum  Observed Maximum  Average  % of Elapsed Time with High BW Utilization(%)
    ---------------------------  ----------------  ----------------  -------  ---------------------------------------------
    DRAM, GB/sec                 214                          8.800    0.015                                           0.0%
    DRAM Single-Package, GB/sec  107                          8.700    0.022                                           0.0%
Vectorization: 0.0% of Packed FP Operations
 | A significant fraction of floating point arithmetic instructions are scalar.
 | This indicates that the code was not fully vectorized. Use Intel Advisor to
 | see possible reasons why the code was not vectorized.
 |
    Instruction Mix
        SP FLOPs: 2.9% of uOps
            Packed: 0.0% from SP FP
                128-bit: 0.0% from SP FP
                256-bit: 0.0% from SP FP
                512-bit: 0.0% from SP FP
            Scalar: 100.0% from SP FP
             | This code has floating point operations and is not vectorized.
             | Consider either recompiling the code with optimization options
             | that allow vectorization or using Intel Advisor to vectorize the
             | loops.
             |
        DP FLOPs: 10.5% of uOps
            Packed: 0.0% from DP FP
                128-bit: 0.0% from DP FP
                256-bit: 0.0% from DP FP
                512-bit: 0.0% from DP FP
            Scalar: 100.0% from DP FP
             | A significant fraction of floating point arithmetic instructions
             | are scalar. This indicates that the code was not fully
             | vectorized. Use Intel Advisor to see possible reasons why the
             | code was not vectorized.
             |
        x87 FLOPs: 0.0% of uOps
        Non-FP: 86.6% of uOps
    FP Arith/Mem Rd Instr. Ratio: 0.503
    FP Arith/Mem Wr Instr. Ratio: 1.048
Collection and Platform Info
    Application Command Line: bash "tmp-scripts/SOPUvbN66abCP7cR2MqTDYHy33mvKZsw.sh" 
    Operating System: 4.18.0-477.10.1.el8_lustre.x86_64 DISTRIB_ID=Ubuntu DISTRIB_RELEASE=20.04 DISTRIB_CODENAME=focal DISTRIB_DESCRIPTION="Ubuntu 20.04.5 LTS"
    Computer Name: comp02
    Result Size: 18.3 GB 
    Collection start time: 19:44:06 25/11/2023 UTC
    Collection stop time: 22:54:11 25/11/2023 UTC
    Collector Type: Driverless Perf per-process sampling
    CPU
        Name: Intel(R) Xeon(R) Processor code named Skylake
        Frequency: 2.095 GHz
        Logical CPU Count: 64
        Max DRAM Single-Package Bandwidth: 107.000 GB/s
        LLC size: 23.1 MB 

If you want to skip descriptions of detected performance issues in the report,
enter: vtune -report summary -report-knob show-issues=false -r <my_result_dir>.
Alternatively, you may view the report in the csv format: vtune -report
<report_name> -format=csv.
