---------------------
Profiling information

Pipeline: ants registrationSyN
NTHREAD: 1

DATASET: ds004513
SUBJECT_ID: s036

SIF_IMG: /mnt/lustre/mathdugre/containers/ants-debug.simg
DATA_DIR: /mnt/lustre/mathdugre/mri-bottleneck/datasets/ds004513

PROJECT_DIR: /mnt/lustre/mathdugre/mri-bottleneck
PROFILING_DIR: /mnt/lustre/mathdugre/mri-bottleneck/vtune_output/1-threads/ants/registrationSyN/ds004513/sub-s036/Dip0YTRHVW3m9zPOuB5Gsu1YS6NjA8ku
---------------------

Command to profile: bash tmp-scripts/Dip0YTRHVW3m9zPOuB5Gsu1YS6NjA8ku.sh

--------------------------------------------------------------------------------------
 Mapping parameters
--------------------------------------------------------------------------------------
 ANTSPATH is /opt/ants/bin

 Dimensionality:           3
 Output name prefix:       /data/derivatives/ants/registrationSyN/sub-s036/ses-open/anat/
 Fixed images:             /templateflow/tpl-MNI152NLin2009cAsym//tpl-MNI152NLin2009cAsym_res-01_desc-brain_T1w.nii.gz
 Moving images:            /data/derivatives/fsl/fast/sub-s036/ses-open/anat/BrainExtractionBrain_seg.nii.gz
 Mask images:              
 Initial transforms:       
 Number of threads:        1
 Spline distance:          26
 SyN gradient step:        0.1
 Transform type:           s
 CC radius:                4
 Precision:                d
 Use histogram matching    0
 Repro                     0
======================================================================================
 antsRegistration call:
--------------------------------------------------------------------------------------
/opt/ants/bin/antsRegistration --verbose 1 --dimensionality 3 --float 0 --collapse-output-transforms 1 --output [ /data/derivatives/ants/registrationSyN/sub-s036/ses-open/anat/,/data/derivatives/ants/registrationSyN/sub-s036/ses-open/anat/Warped.nii.gz,/data/derivatives/ants/registrationSyN/sub-s036/ses-open/anat/InverseWarped.nii.gz ] --interpolation Linear --use-histogram-matching 0 --winsorize-image-intensities [ 0.005,0.995 ] --initial-moving-transform [ /templateflow/tpl-MNI152NLin2009cAsym//tpl-MNI152NLin2009cAsym_res-01_desc-brain_T1w.nii.gz,/data/derivatives/fsl/fast/sub-s036/ses-open/anat/BrainExtractionBrain_seg.nii.gz,1 ] --transform Rigid[ 0.1 ] --metric MI[ /templateflow/tpl-MNI152NLin2009cAsym//tpl-MNI152NLin2009cAsym_res-01_desc-brain_T1w.nii.gz,/data/derivatives/fsl/fast/sub-s036/ses-open/anat/BrainExtractionBrain_seg.nii.gz,1,32,Regular,0.25 ] --convergence [ 1000x500x250x100,1e-6,10 ] --shrink-factors 8x4x2x1 --smoothing-sigmas 3x2x1x0vox --transform Affine[ 0.1 ] --metric MI[ /templateflow/tpl-MNI152NLin2009cAsym//tpl-MNI152NLin2009cAsym_res-01_desc-brain_T1w.nii.gz,/data/derivatives/fsl/fast/sub-s036/ses-open/anat/BrainExtractionBrain_seg.nii.gz,1,32,Regular,0.25 ] --convergence [ 1000x500x250x100,1e-6,10 ] --shrink-factors 8x4x2x1 --smoothing-sigmas 3x2x1x0vox --transform SyN[ 0.1,3,0 ] --metric CC[ /templateflow/tpl-MNI152NLin2009cAsym//tpl-MNI152NLin2009cAsym_res-01_desc-brain_T1w.nii.gz,/data/derivatives/fsl/fast/sub-s036/ses-open/anat/BrainExtractionBrain_seg.nii.gz,1,4 ] --convergence [ 100x70x50x20,1e-6,10 ] --shrink-factors 8x4x2x1 --smoothing-sigmas 3x2x1x0vox
--------------------------------------------------------------------------------------
All_Command_lines_OK
Using double precision for computations.
=============================================================================
The composite transform comprises the following transforms (in order): 
  1. Center of mass alignment using fixed image: /templateflow/tpl-MNI152NLin2009cAsym//tpl-MNI152NLin2009cAsym_res-01_desc-brain_T1w.nii.gz and moving image: /data/derivatives/fsl/fast/sub-s036/ses-open/anat/BrainExtractionBrain_seg.nii.gz (type = Euler3DTransform)
=============================================================================
  number of levels = 4
  number of levels = 4
  number of levels = 4
  fixed image: /templateflow/tpl-MNI152NLin2009cAsym//tpl-MNI152NLin2009cAsym_res-01_desc-brain_T1w.nii.gz
  moving image: /data/derivatives/fsl/fast/sub-s036/ses-open/anat/BrainExtractionBrain_seg.nii.gz
  fixed image: /templateflow/tpl-MNI152NLin2009cAsym//tpl-MNI152NLin2009cAsym_res-01_desc-brain_T1w.nii.gz
  moving image: /data/derivatives/fsl/fast/sub-s036/ses-open/anat/BrainExtractionBrain_seg.nii.gz
  fixed image: /templateflow/tpl-MNI152NLin2009cAsym//tpl-MNI152NLin2009cAsym_res-01_desc-brain_T1w.nii.gz
  moving image: /data/derivatives/fsl/fast/sub-s036/ses-open/anat/BrainExtractionBrain_seg.nii.gz
Dimension = 3
Number of stages = 3
Use histogram matching = false
Winsorize image intensities = true
  Lower quantile = 0.005
  Upper quantile = 0.995


Stage 1 State
   Image metric = Mattes
     Fixed image = Image (0x560ac67fb5b0)
  RTTI typeinfo:   itk::Image<double, 3u>
  Reference Count: 2
  Modified Time: 1717
  Debug: Off
  Object Name: 
  Observers: 
    none
  Source: (none)
  Source output name: (none)
  Release Data: Off
  Data Released: False
  Global Release Data: Off
  PipelineMTime: 0
  UpdateMTime: 1502
  RealTimeStamp: 0 seconds 
  LargestPossibleRegion: 
    Dimension: 3
    Index: [0, 0, 0]
    Size: [193, 229, 193]
  BufferedRegion: 
    Dimension: 3
    Index: [0, 0, 0]
    Size: [193, 229, 193]
  RequestedRegion: 
    Dimension: 3
    Index: [0, 0, 0]
    Size: [193, 229, 193]
  Spacing: [1, 1, 1]
  Origin: [96, 132, -78]
  Direction: 
-1 0 0
0 -1 0
0 0 1

  IndexToPointMatrix: 
-1 0 0
0 -1 0
0 0 1

  PointToIndexMatrix: 
-1 0 0
0 -1 0
0 0 1

  Inverse Direction: 
-1 0 0
0 -1 0
0 0 1

  PixelContainer: 
    ImportImageContainer (0x560ac6804160)
      RTTI typeinfo:   itk::ImportImageContainer<unsigned long, double>
      Reference Count: 1
      Modified Time: 1499
      Debug: Off
      Object Name: 
      Observers: 
        none
      Pointer: 0x7fe425c20010
      Container manages memory: true
      Size: 8530021
      Capacity: 8530021

     Moving image = Image (0x560ac68070a0)
  RTTI typeinfo:   itk::Image<double, 3u>
  Reference Count: 2
  Modified Time: 1718
  Debug: Off
  Object Name: 
  Observers: 
    none
  Source: (none)
  Source output name: (none)
  Release Data: Off
  Data Released: False
  Global Release Data: Off
  PipelineMTime: 0
  UpdateMTime: 1715
  RealTimeStamp: 0 seconds 
  LargestPossibleRegion: 
    Dimension: 3
    Index: [0, 0, 0]
    Size: [160, 240, 256]
  BufferedRegion: 
    Dimension: 3
    Index: [0, 0, 0]
    Size: [160, 240, 256]
  RequestedRegion: 
    Dimension: 3
    Index: [0, 0, 0]
    Size: [160, 240, 256]
  Spacing: [1, 1, 1]
  Origin: [79.8347, 99.8062, -127]
  Direction: 
-0.99945 -0.0331552 0
0.0331552 -0.99945 0
0 0 1

  IndexToPointMatrix: 
-0.99945 -0.0331552 0
0.0331552 -0.99945 0
0 0 1

  PointToIndexMatrix: 
-0.99945 0.0331552 0
-0.0331552 -0.99945 0
0 0 1

  Inverse Direction: 
-0.99945 0.0331552 0
-0.0331552 -0.99945 0
0 0 1

  PixelContainer: 
    ImportImageContainer (0x560ac687ef50)
      RTTI typeinfo:   itk::ImportImageContainer<unsigned long, double>
      Reference Count: 1
      Modified Time: 1712
      Debug: Off
      Object Name: 
      Observers: 
        none
      Pointer: 0x7fe42111f010
      Container manages memory: true
      Size: 9830400
      Capacity: 9830400

     Weighting = 1
     Sampling strategy = regular
     Number of bins = 32
     Radius = 4
     Sampling percentage  = 0.25
   Transform = Rigid
     Gradient step = 0.1
     Update field sigma (voxel space) = 0
     Total field sigma (voxel space) = 0
     Update field time sigma = 0
     Total field time sigma  = 0
     Number of time indices = 0
     Number of time point samples = 0
Stage 2 State
   Image metric = Mattes
     Fixed image = Image (0x560ac68564a0)
  RTTI typeinfo:   itk::Image<double, 3u>
  Reference Count: 2
  Modified Time: 2145
  Debug: Off
  Object Name: 
  Observers: 
    none
  Source: (none)
  Source output name: (none)
  Release Data: Off
  Data Released: False
  Global Release Data: Off
  PipelineMTime: 0
  UpdateMTime: 1930
  RealTimeStamp: 0 seconds 
  LargestPossibleRegion: 
    Dimension: 3
    Index: [0, 0, 0]
    Size: [193, 229, 193]
  BufferedRegion: 
    Dimension: 3
    Index: [0, 0, 0]
    Size: [193, 229, 193]
  RequestedRegion: 
    Dimension: 3
    Index: [0, 0, 0]
    Size: [193, 229, 193]
  Spacing: [1, 1, 1]
  Origin: [96, 132, -78]
  Direction: 
-1 0 0
0 -1 0
0 0 1

  IndexToPointMatrix: 
-1 0 0
0 -1 0
0 0 1

  PointToIndexMatrix: 
-1 0 0
0 -1 0
0 0 1

  Inverse Direction: 
-1 0 0
0 -1 0
0 0 1

  PixelContainer: 
    ImportImageContainer (0x560ac68df050)
      RTTI typeinfo:   itk::ImportImageContainer<unsigned long, double>
      Reference Count: 1
      Modified Time: 1927
      Debug: Off
      Object Name: 
      Observers: 
        none
      Pointer: 0x7fe41d00a010
      Container manages memory: true
      Size: 8530021
      Capacity: 8530021

     Moving image = Image (0x560ac6856760)
  RTTI typeinfo:   itk::Image<double, 3u>
  Reference Count: 2
  Modified Time: 2146
  Debug: Off
  Object Name: 
  Observers: 
    none
  Source: (none)
  Source output name: (none)
  Release Data: Off
  Data Released: False
  Global Release Data: Off
  PipelineMTime: 0
  UpdateMTime: 2143
  RealTimeStamp: 0 seconds 
  LargestPossibleRegion: 
    Dimension: 3
    Index: [0, 0, 0]
    Size: [160, 240, 256]
  BufferedRegion: 
    Dimension: 3
    Index: [0, 0, 0]
    Size: [160, 240, 256]
  RequestedRegion: 
    Dimension: 3
    Index: [0, 0, 0]
    Size: [160, 240, 256]
  Spacing: [1, 1, 1]
  Origin: [79.8347, 99.8062, -127]
  Direction: 
-0.99945 -0.0331552 0
0.0331552 -0.99945 0
0 0 1

  IndexToPointMatrix: 
-0.99945 -0.0331552 0
0.0331552 -0.99945 0
0 0 1

  PointToIndexMatrix: 
-0.99945 0.0331552 0
-0.0331552 -0.99945 0
0 0 1

  Inverse Direction: 
-0.99945 0.0331552 0
-0.0331552 -0.99945 0
0 0 1

  PixelContainer: 
    ImportImageContainer (0x560ac697f1d0)
      RTTI typeinfo:   itk::ImportImageContainer<unsigned long, double>
      Reference Count: 1
      Modified Time: 2140
      Debug: Off
      Object Name: 
      Observers: 
        none
      Pointer: 0x7fe418509010
      Container manages memory: true
      Size: 9830400
      Capacity: 9830400

     Weighting = 1
     Sampling strategy = regular
     Number of bins = 32
     Radius = 4
     Sampling percentage  = 0.25
   Transform = Affine
     Gradient step = 0.1
     Update field sigma (voxel space) = 0
     Total field sigma (voxel space) = 0
     Update field time sigma = 0
     Total field time sigma  = 0
     Number of time indices = 0
     Number of time point samples = 0
Stage 3 State
   Image metric = CC
     Fixed image = Image (0x560ac685e1a0)
  RTTI typeinfo:   itk::Image<double, 3u>
  Reference Count: 2
  Modified Time: 2573
  Debug: Off
  Object Name: 
  Observers: 
    none
  Source: (none)
  Source output name: (none)
  Release Data: Off
  Data Released: False
  Global Release Data: Off
  PipelineMTime: 0
  UpdateMTime: 2358
  RealTimeStamp: 0 seconds 
  LargestPossibleRegion: 
    Dimension: 3
    Index: [0, 0, 0]
    Size: [193, 229, 193]
  BufferedRegion: 
    Dimension: 3
    Index: [0, 0, 0]
    Size: [193, 229, 193]
  RequestedRegion: 
    Dimension: 3
    Index: [0, 0, 0]
    Size: [193, 229, 193]
  Spacing: [1, 1, 1]
  Origin: [96, 132, -78]
  Direction: 
-1 0 0
0 -1 0
0 0 1

  IndexToPointMatrix: 
-1 0 0
0 -1 0
0 0 1

  PointToIndexMatrix: 
-1 0 0
0 -1 0
0 0 1

  Inverse Direction: 
-1 0 0
0 -1 0
0 0 1

  PixelContainer: 
    ImportImageContainer (0x560ac691f150)
      RTTI typeinfo:   itk::ImportImageContainer<unsigned long, double>
      Reference Count: 1
      Modified Time: 2355
      Debug: Off
      Object Name: 
      Observers: 
        none
      Pointer: 0x7fe4143f4010
      Container manages memory: true
      Size: 8530021
      Capacity: 8530021

     Moving image = Image (0x560ac6852f70)
  RTTI typeinfo:   itk::Image<double, 3u>
  Reference Count: 2
  Modified Time: 2574
  Debug: Off
  Object Name: 
  Observers: 
    none
  Source: (none)
  Source output name: (none)
  Release Data: Off
  Data Released: False
  Global Release Data: Off
  PipelineMTime: 0
  UpdateMTime: 2571
  RealTimeStamp: 0 seconds 
  LargestPossibleRegion: 
    Dimension: 3
    Index: [0, 0, 0]
    Size: [160, 240, 256]
  BufferedRegion: 
    Dimension: 3
    Index: [0, 0, 0]
    Size: [160, 240, 256]
  RequestedRegion: 
    Dimension: 3
    Index: [0, 0, 0]
    Size: [160, 240, 256]
  Spacing: [1, 1, 1]
  Origin: [79.8347, 99.8062, -127]
  Direction: 
-0.99945 -0.0331552 0
0.0331552 -0.99945 0
0 0 1

  IndexToPointMatrix: 
-0.99945 -0.0331552 0
0.0331552 -0.99945 0
0 0 1

  PointToIndexMatrix: 
-0.99945 0.0331552 0
-0.0331552 -0.99945 0
0 0 1

  Inverse Direction: 
-0.99945 0.0331552 0
-0.0331552 -0.99945 0
0 0 1

  PixelContainer: 
    ImportImageContainer (0x560ac6859100)
      RTTI typeinfo:   itk::ImportImageContainer<unsigned long, double>
      Reference Count: 1
      Modified Time: 2568
      Debug: Off
      Object Name: 
      Observers: 
        none
      Pointer: 0x7fe40f8f3010
      Container manages memory: true
      Size: 9830400
      Capacity: 9830400

     Weighting = 1
     Sampling strategy = none
     Number of bins = 32
     Radius = 4
     Sampling percentage  = 1
   Transform = SyN
     Gradient step = 0.1
     Update field sigma (voxel space) = 3
     Total field sigma (voxel space) = 0
     Update field time sigma = 0
     Total field time sigma  = 0
     Number of time indices = 0
     Number of time point samples = 0
Registration using 3 total stages.

Stage 0
  iterations = 1000x500x250x100
  convergence threshold = 1e-06
  convergence window size = 10
  number of levels = 4
  using the Mattes MI metric (number of bins = 32, weight = 1, use gradient filter = 0)
  preprocessing:  winsorizing the image intensities
  Shrink factors (level 1 out of 4): [8, 8, 8]
  Shrink factors (level 2 out of 4): [4, 4, 4]
  Shrink factors (level 3 out of 4): [2, 2, 2]
  Shrink factors (level 4 out of 4): [1, 1, 1]
  smoothing sigmas per level: [3, 2, 1, 0]
  regular sampling (percentage = 0.25)

*** Running Euler3DTransform registration ***

DIAGNOSTIC,Iteration,metricValue,convergenceValue,ITERATION_TIME_INDEX,SINCE_LAST
 2DIAGNOSTIC,     1, -5.298895629234e-01, 1.797693134862e+308, 1.3423e+00, 1.3423e+00, 
 2DIAGNOSTIC,     2, -5.312930307433e-01, 1.797693134862e+308, 1.3497e+00, 7.4391e-03, 
 2DIAGNOSTIC,     3, -5.327812529424e-01, 1.797693134862e+308, 1.3571e+00, 7.4389e-03, 
 2DIAGNOSTIC,     4, -5.351324057532e-01, 1.797693134862e+308, 1.3640e+00, 6.9020e-03, 
 2DIAGNOSTIC,     5, -5.388636633376e-01, 1.797693134862e+308, 1.3710e+00, 6.9540e-03, 
 2DIAGNOSTIC,     6, -5.516043523827e-01, 1.797693134862e+308, 1.3795e+00, 8.5189e-03, 
 2DIAGNOSTIC,     7, -5.623163868428e-01, 1.797693134862e+308, 1.3867e+00, 7.1731e-03, 
 2DIAGNOSTIC,     8, -5.642209492558e-01, 1.797693134862e+308, 1.3980e+00, 1.1291e-02, 
 2DIAGNOSTIC,     9, -5.658724382934e-01, 1.797693134862e+308, 1.4047e+00, 6.6822e-03, 
 2DIAGNOSTIC,    10, -5.665084444665e-01, 5.382763558188e-03, 1.4145e+00, 9.8600e-03, 
 2DIAGNOSTIC,    11, -5.676253209920e-01, 4.750037370004e-03, 1.4215e+00, 6.9339e-03, 
 2DIAGNOSTIC,    12, -5.687615081594e-01, 3.901882284625e-03, 1.4285e+00, 7.0078e-03, 
 2DIAGNOSTIC,    13, -5.706345002250e-01, 2.972915986218e-03, 1.4419e+00, 1.3462e-02, 
 2DIAGNOSTIC,    14, -5.708331448186e-01, 2.010794547546e-03, 1.4491e+00, 7.2222e-03, 
 2DIAGNOSTIC,    15, -5.708912033179e-01, 1.120397820295e-03, 1.4559e+00, 6.7360e-03, 
 2DIAGNOSTIC,    16, -5.709436502476e-01, 6.424733059622e-04, 1.4627e+00, 6.8169e-03, 
 2DIAGNOSTIC,    17, -5.712270939915e-01, 4.917532457912e-04, 1.4696e+00, 6.8541e-03, 
 2DIAGNOSTIC,    18, -5.715997452461e-01, 3.756107106359e-04, 1.4773e+00, 7.7181e-03, 
 2DIAGNOSTIC,    19, -5.731292650380e-01, 3.224389716907e-04, 1.4871e+00, 9.8331e-03, 
 2DIAGNOSTIC,    20, -5.739273724973e-01, 2.807449798740e-04, 1.4940e+00, 6.8891e-03, 
 2DIAGNOSTIC,    21, -5.742963847861e-01, 2.528707978083e-04, 1.5028e+00, 8.8491e-03, 
 2DIAGNOSTIC,    22, -5.747581493357e-01, 2.402024034218e-04, 1.5096e+00, 6.7248e-03, 
 2DIAGNOSTIC,    23, -5.751085905172e-01, 2.549983212111e-04, 1.5192e+00, 9.6798e-03, 
 2DIAGNOSTIC,    24, -5.753449866206e-01, 2.534205318162e-04, 1.5298e+00, 1.0519e-02, 
 2DIAGNOSTIC,    25, -5.753831292330e-01, 2.301143260300e-04, 1.5382e+00, 8.4212e-03, 
 2DIAGNOSTIC,    26, -5.752226420926e-01, 1.853890289251e-04, 1.5450e+00, 6.8102e-03, 
 2DIAGNOSTIC,    27, -5.752604023170e-01, 1.330738640813e-04, 1.5517e+00, 6.7279e-03, 
 2DIAGNOSTIC,    28, -5.753211315540e-01, 7.923797970563e-05, 1.5588e+00, 7.0560e-03, 
 2DIAGNOSTIC,    29, -5.754229743823e-01, 4.980004909026e-05, 1.5658e+00, 7.0210e-03, 
 2DIAGNOSTIC,    30, -5.755964957767e-01, 3.403335302125e-05, 1.5729e+00, 7.0820e-03, 
 2DIAGNOSTIC,    31, -5.758313784804e-01, 2.589502735518e-05, 1.5798e+00, 6.8860e-03, 
 2DIAGNOSTIC,    32, -5.765325787454e-01, 3.403539697615e-05, 1.5876e+00, 7.8158e-03, 
 2DIAGNOSTIC,    33, -5.778848210542e-01, 6.407981719835e-05, 1.6023e+00, 1.4682e-02, 
 2DIAGNOSTIC,    34, -5.779021571410e-01, 8.961631084451e-05, 1.6092e+00, 6.9621e-03, 
 2DIAGNOSTIC,    35, -5.780247418551e-01, 1.079644798943e-04, 1.6169e+00, 7.6630e-03, 
 2DIAGNOSTIC,    36, -5.782026103685e-01, 1.155190331316e-04, 1.6236e+00, 6.6931e-03, 
 2DIAGNOSTIC,    37, -5.784129160230e-01, 1.148587809356e-04, 1.6304e+00, 6.8212e-03, 
 2DIAGNOSTIC,    38, -5.786040783681e-01, 1.063818305479e-04, 1.6371e+00, 6.7000e-03, 
 2DIAGNOSTIC,    39, -5.788213351441e-01, 9.243459436020e-05, 1.6449e+00, 7.7741e-03, 
 2DIAGNOSTIC,    40, -5.791370078082e-01, 7.684099537162e-05, 1.6526e+00, 7.7672e-03, 
 2DIAGNOSTIC,    41, -5.801990559034e-01, 7.045272168235e-05, 1.6615e+00, 8.8601e-03, 
 2DIAGNOSTIC,    42, -5.802684706741e-01, 6.612986195874e-05, 1.6682e+00, 6.7210e-03, 
 2DIAGNOSTIC,    43, -5.802717803326e-01, 7.169588104965e-05, 1.6751e+00, 6.8550e-03, 
 2DIAGNOSTIC,    44, -5.806674431863e-01, 7.507683234314e-05, 1.6847e+00, 9.5799e-03, 
 2DIAGNOSTIC,    45, -5.807364536924e-01, 7.310399139694e-05, 1.6915e+00, 6.8529e-03, 
 2DIAGNOSTIC,    46, -5.807558044061e-01, 6.625340534050e-05, 1.6992e+00, 7.6981e-03, 
 2DIAGNOSTIC,    47, -5.807864529635e-01, 5.602485915609e-05, 1.7095e+00, 1.0257e-02, 
 2DIAGNOSTIC,    48, -5.807960833103e-01, 4.315924211333e-05, 1.7163e+00, 6.8419e-03, 
 2DIAGNOSTIC,    49, -5.808516724129e-01, 2.951732736094e-05, 1.7241e+00, 7.8101e-03, 
 2DIAGNOSTIC,    50, -5.807769613406e-01, 1.573530481952e-05, 1.7317e+00, 7.6191e-03, 
 2DIAGNOSTIC,    51, -5.807782727031e-01, 1.150634095681e-05, 1.7395e+00, 7.7910e-03, 
 2DIAGNOSTIC,    52, -5.807825741583e-01, 7.155222188807e-06, 1.7628e+00, 2.3298e-02, 
 2DIAGNOSTIC,    53, -5.807825741390e-01, 2.262613370600e-06, 1.7863e+00, 2.3466e-02, 
 2DIAGNOSTIC,    54, -5.807825741390e-01, 1.023778649627e-06, 1.7946e+00, 8.2879e-03, 
DIAGNOSTIC,Iteration,metricValue,convergenceValue,ITERATION_TIME_INDEX,SINCE_LAST
 2DIAGNOSTIC,     1, -4.750670079633e-01, 1.797693134862e+308, 3.1149e+00, 1.3203e+00, 
 2DIAGNOSTIC,     2, -4.753791931720e-01, 1.797693134862e+308, 3.1798e+00, 6.4896e-02, 
 2DIAGNOSTIC,     3, -4.758674764487e-01, 1.797693134862e+308, 3.2531e+00, 7.3323e-02, 
 2DIAGNOSTIC,     4, -4.763166135494e-01, 1.797693134862e+308, 3.3240e+00, 7.0872e-02, 
 2DIAGNOSTIC,     5, -4.763947148315e-01, 1.797693134862e+308, 3.3885e+00, 6.4510e-02, 
 2DIAGNOSTIC,     6, -4.770250790264e-01, 1.797693134862e+308, 3.4534e+00, 6.4885e-02, 
 2DIAGNOSTIC,     7, -4.784026840132e-01, 1.797693134862e+308, 3.5363e+00, 8.2919e-02, 
 2DIAGNOSTIC,     8, -4.795918442629e-01, 1.797693134862e+308, 3.6275e+00, 9.1221e-02, 
 2DIAGNOSTIC,     9, -4.795096487674e-01, 1.797693134862e+308, 3.6913e+00, 6.3792e-02, 
 2DIAGNOSTIC,    10, -4.806146132779e-01, 7.680928241986e-04, 3.7627e+00, 7.1369e-02, 
 2DIAGNOSTIC,    11, -4.808572051178e-01, 7.377257024278e-04, 3.8343e+00, 7.1684e-02, 
 2DIAGNOSTIC,    12, -4.808386709260e-01, 6.595480121066e-04, 3.9190e+00, 8.4682e-02, 
 2DIAGNOSTIC,    13, -4.810135250870e-01, 5.642468963658e-04, 3.9838e+00, 6.4760e-02, 
 2DIAGNOSTIC,    14, -4.814506335993e-01, 4.700229742381e-04, 4.0506e+00, 6.6822e-02, 
 2DIAGNOSTIC,    15, -4.853087469656e-01, 5.008152639634e-04, 4.1507e+00, 1.0006e-01, 
 2DIAGNOSTIC,    16, -4.858954211694e-01, 5.220078148072e-04, 4.2233e+00, 7.2644e-02, 
 2DIAGNOSTIC,    17, -4.860301870278e-01, 5.461814358064e-04, 4.2873e+00, 6.3974e-02, 
 2DIAGNOSTIC,    18, -4.877979185178e-01, 6.171807232468e-04, 4.3596e+00, 7.2288e-02, 
 2DIAGNOSTIC,    19, -4.879485145533e-01, 6.229014610597e-04, 4.4231e+00, 6.3515e-02, 
 2DIAGNOSTIC,    20, -4.881551643823e-01, 6.075030783587e-04, 4.4884e+00, 6.5353e-02, 
 2DIAGNOSTIC,    21, -4.890174899110e-01, 5.684772571138e-04, 4.5633e+00, 7.4825e-02, 
 2DIAGNOSTIC,    22, -4.908564465884e-01, 5.297508689051e-04, 4.6805e+00, 1.1726e-01, 
 2DIAGNOSTIC,    23, -4.909108221163e-01, 4.502674056079e-04, 4.7435e+00, 6.2956e-02, 
 2DIAGNOSTIC,    24, -4.911571334422e-01, 3.503596238530e-04, 4.8144e+00, 7.0893e-02, 
 2DIAGNOSTIC,    25, -4.912047961730e-01, 3.184834701072e-04, 4.9030e+00, 8.8579e-02, 
 2DIAGNOSTIC,    26, -4.911917484593e-01, 2.722667035828e-04, 4.9992e+00, 9.6211e-02, 
 2DIAGNOSTIC,    27, -4.911975979457e-01, 2.054431071198e-04, 5.0622e+00, 6.3014e-02, 
 2DIAGNOSTIC,    28, -4.911812474325e-01, 1.610398003108e-04, 5.1327e+00, 7.0485e-02, 
 2DIAGNOSTIC,    29, -4.911818168791e-01, 1.083249820613e-04, 5.2128e+00, 8.0143e-02, 
 2DIAGNOSTIC,    30, -4.911608775674e-01, 5.260725676393e-05, 5.2841e+00, 7.1334e-02, 
 2DIAGNOSTIC,    31, -4.911571838100e-01, 1.100251112761e-05, 5.3459e+00, 6.1804e-02, 
 2DIAGNOSTIC,    32, -4.911456416109e-01, 4.611186786151e-06, 5.4176e+00, 7.1631e-02, 
DIAGNOSTIC,Iteration,metricValue,convergenceValue,ITERATION_TIME_INDEX,SINCE_LAST
 2DIAGNOSTIC,     1, -4.212231910198e-01, 1.797693134862e+308, 7.2927e+00, 1.8752e+00, 
 2DIAGNOSTIC,     2, -4.213515722065e-01, 1.797693134862e+308, 7.8352e+00, 5.4245e-01, 
 2DIAGNOSTIC,     3, -4.215180757887e-01, 1.797693134862e+308, 8.4527e+00, 6.1751e-01, 
 2DIAGNOSTIC,     4, -4.216551857188e-01, 1.797693134862e+308, 9.0622e+00, 6.0953e-01, 
 2DIAGNOSTIC,     5, -4.217301658787e-01, 1.797693134862e+308, 1.0250e+01, 1.1875e+00, 
 2DIAGNOSTIC,     6, -4.217305442961e-01, 1.797693134862e+308, 1.0863e+01, 6.1331e-01, 
 2DIAGNOSTIC,     7, -4.217299014580e-01, 1.797693134862e+308, 1.1475e+01, 6.1165e-01, 
 2DIAGNOSTIC,     8, -4.217293639132e-01, 1.797693134862e+308, 1.2250e+01, 7.7572e-01, 
 2DIAGNOSTIC,     9, -4.217296802337e-01, 1.797693134862e+308, 1.2852e+01, 6.0150e-01, 
 2DIAGNOSTIC,    10, -4.217279075610e-01, 7.182678222786e-05, 1.3460e+01, 6.0814e-01, 
 2DIAGNOSTIC,    11, -4.217280949385e-01, 4.037477102548e-05, 1.4060e+01, 6.0011e-01, 
 2DIAGNOSTIC,    12, -4.217279074545e-01, 1.789896799236e-05, 1.4662e+01, 6.0224e-01, 
 2DIAGNOSTIC,    13, -4.217276332544e-01, 5.966885079450e-06, 1.5264e+01, 6.0108e-01, 
 2DIAGNOSTIC,    14, -4.217272824228e-01, 1.901282967592e-06, 1.5864e+01, 6.0095e-01, 
 2DIAGNOSTIC,    15, -4.217260399118e-01, 1.725438137326e-06, 1.6467e+01, 6.0260e-01, 
 2DIAGNOSTIC,    16, -4.217257071657e-01, 1.611808690447e-06, 1.7068e+01, 6.0103e-01, 
 2DIAGNOSTIC,    17, -4.217247489787e-01, 1.482058649679e-06, 1.7690e+01, 6.2156e-01, 
 2DIAGNOSTIC,    18, -4.217235294633e-01, 1.336249689787e-06, 1.8228e+01, 5.3830e-01, 
 2DIAGNOSTIC,    19, -4.217234395374e-01, 1.256605857189e-06, 1.8850e+01, 6.2210e-01, 
 2DIAGNOSTIC,    20, -4.217232637522e-01, 1.157539973935e-06, 1.9376e+01, 5.2613e-01, 
 2DIAGNOSTIC,    21, -4.217235806550e-01, 1.124264157423e-06, 1.9976e+01, 6.0024e-01, 
 2DIAGNOSTIC,    22, -4.217249797414e-01, 1.167385554779e-06, 2.0601e+01, 6.2472e-01, 
 2DIAGNOSTIC,    23, -4.217261559592e-01, 1.258533576680e-06, 2.1212e+01, 6.1135e-01, 
 2DIAGNOSTIC,    24, -4.217263708897e-01, 1.350267129059e-06, 2.1831e+01, 6.1874e-01, 
 2DIAGNOSTIC,    25, -4.217258086972e-01, 1.383984917648e-06, 2.2433e+01, 6.0171e-01, 
 2DIAGNOSTIC,    26, -4.217259905113e-01, 1.401729611904e-06, 2.3036e+01, 6.0344e-01, 
 2DIAGNOSTIC,    27, -4.217239852044e-01, 1.327239695578e-06, 2.3729e+01, 6.9300e-01, 
 2DIAGNOSTIC,    28, -4.217234755133e-01, 1.203120334269e-06, 2.4434e+01, 7.0423e-01, 
 2DIAGNOSTIC,    29, -4.217230939213e-01, 1.070725978103e-06, 2.5048e+01, 6.1472e-01, 
DIAGNOSTIC,Iteration,metricValue,convergenceValue,ITERATION_TIME_INDEX,SINCE_LAST
 2DIAGNOSTIC,     1, -3.832914749003e-01, 1.797693134862e+308, 2.9034e+01, 3.9854e+00, 
 2DIAGNOSTIC,     2, -3.833101214113e-01, 1.797693134862e+308, 3.2561e+01, 3.5269e+00, 
 2DIAGNOSTIC,     3, -3.834098335537e-01, 1.797693134862e+308, 3.5720e+01, 3.1595e+00, 
 2DIAGNOSTIC,     4, -3.834934898288e-01, 1.797693134862e+308, 3.9698e+01, 3.9778e+00, 
 2DIAGNOSTIC,     5, -3.835095364226e-01, 1.797693134862e+308, 4.6207e+01, 6.5092e+00, 
 2DIAGNOSTIC,     6, -3.835095188902e-01, 1.797693134862e+308, 4.9780e+01, 3.5727e+00, 
 2DIAGNOSTIC,     7, -3.835092503744e-01, 1.797693134862e+308, 5.5036e+01, 5.2562e+00, 
 2DIAGNOSTIC,     8, -3.835090597012e-01, 1.797693134862e+308, 5.8611e+01, 3.5751e+00, 
 2DIAGNOSTIC,     9, -3.835089315914e-01, 1.797693134862e+308, 6.2203e+01, 3.5919e+00, 
 2DIAGNOSTIC,    10, -3.835089006205e-01, 3.787808886078e-05, 6.5764e+01, 3.5608e+00, 
 2DIAGNOSTIC,    11, -3.835087614019e-01, 2.281983703789e-05, 6.8830e+01, 3.0665e+00, 
 2DIAGNOSTIC,    12, -3.835087361403e-01, 9.537184449140e-06, 7.2380e+01, 3.5496e+00, 
 2DIAGNOSTIC,    13, -3.835087822793e-01, 3.238335282721e-06, 7.5479e+01, 3.0991e+00, 
 2DIAGNOSTIC,    14, -3.835086845805e-01, 2.166442466436e-06, 7.8997e+01, 3.5180e+00, 
 2DIAGNOSTIC,    15, -3.835087086362e-01, 2.041131470204e-06, 8.2522e+01, 3.5254e+00, 
 2DIAGNOSTIC,    16, -3.835087324084e-01, 1.939305956780e-06, 8.6014e+01, 3.4913e+00, 
 2DIAGNOSTIC,    17, -3.835086283935e-01, 1.837826129190e-06, 8.9506e+01, 3.4922e+00, 
 2DIAGNOSTIC,    18, -3.835087004671e-01, 1.746013616667e-06, 9.3053e+01, 3.5474e+00, 
 2DIAGNOSTIC,    19, -3.835085709792e-01, 1.655688742622e-06, 9.6621e+01, 3.5676e+00, 
 2DIAGNOSTIC,    20, -3.835085238669e-01, 1.573501921363e-06, 9.9766e+01, 3.1454e+00, 
 2DIAGNOSTIC,    21, -3.835085930037e-01, 1.498282183286e-06, 1.0334e+02, 3.5735e+00, 
 2DIAGNOSTIC,    22, -3.835086033306e-01, 1.430764535786e-06, 1.0647e+02, 3.1315e+00, 
 2DIAGNOSTIC,    23, -3.835085930134e-01, 1.371791536232e-06, 1.1045e+02, 3.9830e+00, 
 2DIAGNOSTIC,    24, -3.835085960859e-01, 1.315920760150e-06, 1.1397e+02, 3.5203e+00, 
 2DIAGNOSTIC,    25, -3.835085668856e-01, 1.265272329368e-06, 1.1753e+02, 3.5545e+00, 
 2DIAGNOSTIC,    26, -3.835085167858e-01, 1.218486762940e-06, 1.2060e+02, 3.0750e+00, 
 2DIAGNOSTIC,    27, -3.835084928145e-01, 1.172027797598e-06, 1.2409e+02, 3.4819e+00, 
 2DIAGNOSTIC,    28, -3.835083580867e-01, 1.127917888991e-06, 1.2715e+02, 3.0620e+00, 
 2DIAGNOSTIC,    29, -3.835083397532e-01, 1.083980348184e-06, 1.3068e+02, 3.5285e+00, 
 2DIAGNOSTIC,    30, -3.835082967045e-01, 1.041900418795e-06, 1.3374e+02, 3.0659e+00, 
 2DIAGNOSTIC,    31, -3.835081968020e-01, 1.003536956812e-06, 1.3728e+02, 3.5356e+00, 
  Elapsed time (stage 0): 1.3929e+02


Stage 1
  iterations = 1000x500x250x100
  convergence threshold = 1.0000e-06
  convergence window size = 10
  number of levels = 4
  using the Mattes MI metric (number of bins = 32, weight = 1.0000e+00, use gradient filter = 0)
  preprocessing:  winsorizing the image intensities
  Shrink factors (level 1 out of 4): [8, 8, 8]
  Shrink factors (level 2 out of 4): [4, 4, 4]
  Shrink factors (level 3 out of 4): [2, 2, 2]
  Shrink factors (level 4 out of 4): [1, 1, 1]
  smoothing sigmas per level: [3, 2, 1, 0]
  regular sampling (percentage = 2.5000e-01)

*** Running AffineTransform registration ***

DIAGNOSTIC,Iteration,metricValue,convergenceValue,ITERATION_TIME_INDEX,SINCE_LAST
 2DIAGNOSTIC,     1, -5.870326098813e-01, 1.797693134862e+308, 1.2345e+00, 1.2345e+00, 
 2DIAGNOSTIC,     2, -5.892724226791e-01, 1.797693134862e+308, 1.2424e+00, 7.9288e-03, 
 2DIAGNOSTIC,     3, -5.929134174922e-01, 1.797693134862e+308, 1.2501e+00, 7.7670e-03, 
 2DIAGNOSTIC,     4, -5.991476830285e-01, 1.797693134862e+308, 1.2579e+00, 7.7260e-03, 
 2DIAGNOSTIC,     5, -6.108915593896e-01, 1.797693134862e+308, 1.2659e+00, 8.0729e-03, 
 2DIAGNOSTIC,     6, -6.850518103202e-01, 1.797693134862e+308, 1.2746e+00, 8.6241e-03, 
 2DIAGNOSTIC,     7, -7.881769419098e-01, 1.797693134862e+308, 1.2844e+00, 9.8550e-03, 
 2DIAGNOSTIC,     8, -8.217687232101e-01, 1.797693134862e+308, 1.2941e+00, 9.6569e-03, 
 2DIAGNOSTIC,     9, -8.453401480923e-01, 1.797693134862e+308, 1.3057e+00, 1.1653e-02, 
 2DIAGNOSTIC,    10, -8.658643869249e-01, 3.107565985245e-02, 1.3142e+00, 8.4660e-03, 
 2DIAGNOSTIC,    11, -9.041034258926e-01, 3.032117885474e-02, 1.3236e+00, 9.4340e-03, 
 2DIAGNOSTIC,    12, -9.122206875935e-01, 2.729173777413e-02, 1.3329e+00, 9.2819e-03, 
 2DIAGNOSTIC,    13, -9.162118564088e-01, 2.264694544751e-02, 1.3442e+00, 1.1328e-02, 
 2DIAGNOSTIC,    14, -9.168927441744e-01, 1.702215061705e-02, 1.3523e+00, 8.1029e-03, 
 2DIAGNOSTIC,    15, -9.195325646299e-01, 1.109044919773e-02, 1.3604e+00, 8.0791e-03, 
 2DIAGNOSTIC,    16, -9.225059189959e-01, 6.717888464392e-03, 1.3686e+00, 8.1730e-03, 
 2DIAGNOSTIC,    17, -9.259819886195e-01, 4.581157500655e-03, 1.3808e+00, 1.2193e-02, 
 2DIAGNOSTIC,    18, -9.272445491270e-01, 2.994179064803e-03, 1.3889e+00, 8.0731e-03, 
 2DIAGNOSTIC,    19, -9.274582339517e-01, 1.768663272971e-03, 1.3978e+00, 8.8990e-03, 
 2DIAGNOSTIC,    20, -9.291529619875e-01, 8.944949374259e-04, 1.4058e+00, 8.0690e-03, 
 2DIAGNOSTIC,    21, -9.343221312607e-01, 7.487076310210e-04, 1.4154e+00, 9.5370e-03, 
 2DIAGNOSTIC,    22, -9.423814571979e-01, 7.988783779824e-04, 1.4247e+00, 9.3350e-03, 
 2DIAGNOSTIC,    23, -9.429216963490e-01, 8.359779299060e-04, 1.4330e+00, 8.2450e-03, 
 2DIAGNOSTIC,    24, -9.444122150872e-01, 8.250761294030e-04, 1.4411e+00, 8.1780e-03, 
 2DIAGNOSTIC,    25, -9.464831284375e-01, 8.025571036126e-04, 1.4542e+00, 1.3057e-02, 
 2DIAGNOSTIC,    26, -9.464250424198e-01, 7.418676092345e-04, 1.4633e+00, 9.1131e-03, 
 2DIAGNOSTIC,    27, -9.464479446259e-01, 6.590268336435e-04, 1.4714e+00, 8.0719e-03, 
 2DIAGNOSTIC,    28, -9.464992867418e-01, 5.377841046525e-04, 1.4794e+00, 8.0669e-03, 
 2DIAGNOSTIC,    29, -9.469875932754e-01, 3.846921467873e-04, 1.4892e+00, 9.7721e-03, 
 2DIAGNOSTIC,    30, -9.478421627838e-01, 2.339901232107e-04, 1.5023e+00, 1.3068e-02, 
 2DIAGNOSTIC,    31, -9.480133261411e-01, 1.267733354015e-04, 1.5105e+00, 8.1930e-03, 
 2DIAGNOSTIC,    32, -9.480512386411e-01, 9.918426026356e-05, 1.5185e+00, 8.0478e-03, 
 2DIAGNOSTIC,    33, -9.480973493946e-01, 6.994324620750e-05, 1.5265e+00, 7.9730e-03, 
 2DIAGNOSTIC,    34, -9.481507003892e-01, 5.030754464651e-05, 1.5346e+00, 8.1429e-03, 
 2DIAGNOSTIC,    35, -9.482107384403e-01, 4.703296865011e-05, 1.5427e+00, 8.0571e-03, 
 2DIAGNOSTIC,    36, -9.482757552808e-01, 3.966473474546e-05, 1.5508e+00, 8.1320e-03, 
 2DIAGNOSTIC,    37, -9.482232352308e-01, 2.894087652517e-05, 1.5588e+00, 8.0159e-03, 
 2DIAGNOSTIC,    38, -9.485433517590e-01, 1.935659498687e-05, 1.5690e+00, 1.0150e-02, 
 2DIAGNOSTIC,    39, -9.485785080651e-01, 1.263954060243e-05, 1.5808e+00, 1.1787e-02, 
 2DIAGNOSTIC,    40, -9.484276857885e-01, 1.083704207108e-05, 1.5889e+00, 8.0721e-03, 
 2DIAGNOSTIC,    41, -9.484334676893e-01, 9.645806904244e-06, 1.5981e+00, 9.2440e-03, 
 2DIAGNOSTIC,    42, -9.484390204681e-01, 7.996950285132e-06, 1.6062e+00, 8.0590e-03, 
 2DIAGNOSTIC,    43, -9.484442803592e-01, 6.073074701123e-06, 1.6151e+00, 8.9519e-03, 
 2DIAGNOSTIC,    44, -9.482893923708e-01, 2.975642089113e-06, 1.6261e+00, 1.1027e-02, 
DIAGNOSTIC,Iteration,metricValue,convergenceValue,ITERATION_TIME_INDEX,SINCE_LAST
 2DIAGNOSTIC,     1, -7.708004378312e-01, 1.797693134862e+308, 2.9415e+00, 1.3154e+00, 
 2DIAGNOSTIC,     2, -7.714810453403e-01, 1.797693134862e+308, 3.0206e+00, 7.9051e-02, 
 2DIAGNOSTIC,     3, -7.722152088758e-01, 1.797693134862e+308, 3.1005e+00, 7.9913e-02, 
 2DIAGNOSTIC,     4, -7.729652361242e-01, 1.797693134862e+308, 3.1809e+00, 8.0457e-02, 
 2DIAGNOSTIC,     5, -7.742276830658e-01, 1.797693134862e+308, 3.3005e+00, 1.1952e-01, 
 2DIAGNOSTIC,     6, -7.742801084343e-01, 1.797693134862e+308, 3.3800e+00, 7.9511e-02, 
 2DIAGNOSTIC,     7, -7.743540449836e-01, 1.797693134862e+308, 3.4594e+00, 7.9443e-02, 
 2DIAGNOSTIC,     8, -7.745087938629e-01, 1.797693134862e+308, 3.5388e+00, 7.9420e-02, 
 2DIAGNOSTIC,     9, -7.746864292340e-01, 1.797693134862e+308, 3.6561e+00, 1.1723e-01, 
 2DIAGNOSTIC,    10, -7.746842726476e-01, 3.321212428768e-04, 3.7472e+00, 9.1104e-02, 
 2DIAGNOSTIC,    11, -7.746778178636e-01, 2.268775623782e-04, 3.8360e+00, 8.8877e-02, 
 2DIAGNOSTIC,    12, -7.746421511117e-01, 1.391567918295e-04, 3.9144e+00, 7.8391e-02, 
 2DIAGNOSTIC,    13, -7.746563224968e-01, 7.354112271546e-05, 4.0234e+00, 1.0898e-01, 
 2DIAGNOSTIC,    14, -7.746608829105e-01, 2.963060557074e-05, 4.1020e+00, 7.8566e-02, 
 2DIAGNOSTIC,    15, -7.746364875636e-01, 1.941639216541e-05, 4.1910e+00, 8.9053e-02, 
 2DIAGNOSTIC,    16, -7.746397041592e-01, 1.026062780714e-05, 4.2708e+00, 7.9752e-02, 
 2DIAGNOSTIC,    17, -7.746298791545e-01, 2.761861412799e-06, 4.3503e+00, 7.9473e-02, 
DIAGNOSTIC,Iteration,metricValue,convergenceValue,ITERATION_TIME_INDEX,SINCE_LAST
 2DIAGNOSTIC,     1, -6.475384607212e-01, 1.797693134862e+308, 6.3309e+00, 1.9806e+00, 
 2DIAGNOSTIC,     2, -6.484465076350e-01, 1.797693134862e+308, 6.9797e+00, 6.4881e-01, 
 2DIAGNOSTIC,     3, -6.493280026036e-01, 1.797693134862e+308, 7.6040e+00, 6.2433e-01, 
 2DIAGNOSTIC,     4, -6.503758345172e-01, 1.797693134862e+308, 8.3331e+00, 7.2914e-01, 
 2DIAGNOSTIC,     5, -6.528807269562e-01, 1.797693134862e+308, 9.3010e+00, 9.6784e-01, 
 2DIAGNOSTIC,     6, -6.529297892709e-01, 1.797693134862e+308, 1.0016e+01, 7.1453e-01, 
 2DIAGNOSTIC,     7, -6.529183702407e-01, 1.797693134862e+308, 1.1065e+01, 1.0495e+00, 
 2DIAGNOSTIC,     8, -6.529180784236e-01, 1.797693134862e+308, 1.1946e+01, 8.8096e-01, 
 2DIAGNOSTIC,     9, -6.529188442943e-01, 1.797693134862e+308, 1.2674e+01, 7.2771e-01, 
 2DIAGNOSTIC,    10, -6.529176387327e-01, 5.705357448352e-04, 1.3393e+01, 7.1946e-01, 
 2DIAGNOSTIC,    11, -6.529146130523e-01, 3.759123294250e-04, 1.4111e+01, 7.1834e-01, 
 2DIAGNOSTIC,    12, -6.529163144624e-01, 2.144496447032e-04, 1.4923e+01, 8.1167e-01, 
 2DIAGNOSTIC,    13, -6.529144187428e-01, 8.829244264355e-05, 1.5643e+01, 7.1992e-01, 
 2DIAGNOSTIC,    14, -6.529116251057e-01, 2.718775111210e-06, 1.6279e+01, 6.3548e-01, 
 2DIAGNOSTIC,    15, -6.529114192696e-01, 1.295342526908e-06, 1.7002e+01, 7.2345e-01, 
 2DIAGNOSTIC,    16, -6.529123633515e-01, 1.497567013384e-06, 1.7646e+01, 6.4427e-01, 
 2DIAGNOSTIC,    17, -6.529100605064e-01, 1.367305256787e-06, 1.8383e+01, 7.3641e-01, 
 2DIAGNOSTIC,    18, -6.529113710690e-01, 1.323581377846e-06, 1.9194e+01, 8.1131e-01, 
 2DIAGNOSTIC,    19, -6.529060863833e-01, 1.222852520084e-06, 1.9921e+01, 7.2715e-01, 
 2DIAGNOSTIC,    20, -6.529037148975e-01, 1.101111364074e-06, 2.0681e+01, 7.5950e-01, 
DIAGNOSTIC,Iteration,metricValue,convergenceValue,ITERATION_TIME_INDEX,SINCE_LAST
 2DIAGNOSTIC,     1, -5.747623314749e-01, 1.797693134862e+308, 2.5585e+01, 4.9044e+00, 
 2DIAGNOSTIC,     2, -5.748935393867e-01, 1.797693134862e+308, 2.9570e+01, 3.9847e+00, 
 2DIAGNOSTIC,     3, -5.749472729889e-01, 1.797693134862e+308, 3.4518e+01, 4.9487e+00, 
 2DIAGNOSTIC,     4, -5.749589966654e-01, 1.797693134862e+308, 4.0009e+01, 5.4903e+00, 
 2DIAGNOSTIC,     5, -5.749567180148e-01, 1.797693134862e+308, 4.4944e+01, 4.9357e+00, 
 2DIAGNOSTIC,     6, -5.749565730249e-01, 1.797693134862e+308, 4.9888e+01, 4.9435e+00, 
 2DIAGNOSTIC,     7, -5.749562412353e-01, 1.797693134862e+308, 5.4849e+01, 4.9611e+00, 
 2DIAGNOSTIC,     8, -5.749559081652e-01, 1.797693134862e+308, 6.1279e+01, 6.4301e+00, 
 2DIAGNOSTIC,     9, -5.749559236285e-01, 1.797693134862e+308, 6.5756e+01, 4.4764e+00, 
 2DIAGNOSTIC,    10, -5.749556428410e-01, 1.566612410980e-05, 7.0193e+01, 4.4370e+00, 
 2DIAGNOSTIC,    11, -5.749553659478e-01, 5.882523580594e-06, 7.4699e+01, 4.5064e+00, 
 2DIAGNOSTIC,    12, -5.749549485983e-01, 2.790616768555e-06, 7.8712e+01, 4.0133e+00, 
 2DIAGNOSTIC,    13, -5.749549926044e-01, 2.193214693094e-06, 8.2792e+01, 4.0792e+00, 
 2DIAGNOSTIC,    14, -5.749547630923e-01, 2.111808981561e-06, 8.7289e+01, 4.4978e+00, 
 2DIAGNOSTIC,    15, -5.749545071894e-01, 1.972398391878e-06, 9.1728e+01, 4.4383e+00, 
 2DIAGNOSTIC,    16, -5.749545536890e-01, 1.861539179457e-06, 9.6162e+01, 4.4349e+00, 
 2DIAGNOSTIC,    17, -5.749544571141e-01, 1.763067762464e-06, 1.0065e+02, 4.4830e+00, 
 2DIAGNOSTIC,    18, -5.749546843837e-01, 1.682417037692e-06, 1.0559e+02, 4.9442e+00, 
 2DIAGNOSTIC,    19, -5.749544223030e-01, 1.611589575276e-06, 1.1003e+02, 4.4362e+00, 
 2DIAGNOSTIC,    20, -5.749541768940e-01, 1.541088999635e-06, 1.1446e+02, 4.4331e+00, 
 2DIAGNOSTIC,    21, -5.749536221218e-01, 1.462729322027e-06, 1.1842e+02, 3.9608e+00, 
 2DIAGNOSTIC,    22, -5.749534059997e-01, 1.382143662659e-06, 1.2292e+02, 4.5015e+00, 
 2DIAGNOSTIC,    23, -5.749537722660e-01, 1.323292520512e-06, 1.2690e+02, 3.9758e+00, 
 2DIAGNOSTIC,    24, -5.749535451015e-01, 1.265309916655e-06, 1.3091e+02, 4.0109e+00, 
 2DIAGNOSTIC,    25, -5.749532209996e-01, 1.206456313962e-06, 1.3536e+02, 4.4533e+00, 
 2DIAGNOSTIC,    26, -5.749533325077e-01, 1.161809862600e-06, 1.4032e+02, 4.9539e+00, 
 2DIAGNOSTIC,    27, -5.749530897411e-01, 1.119698105505e-06, 1.4429e+02, 3.9792e+00, 
 2DIAGNOSTIC,    28, -5.749528879793e-01, 1.086453402119e-06, 1.4925e+02, 4.9589e+00, 
 2DIAGNOSTIC,    29, -5.749530789388e-01, 1.059064189193e-06, 1.5422e+02, 4.9712e+00, 
 2DIAGNOSTIC,    30, -5.749526403319e-01, 1.026028365977e-06, 1.5875e+02, 4.5288e+00, 
  Elapsed time (stage 1): 1.6136e+02


Stage 2
  iterations = 100x70x50x20
  convergence threshold = 1.0000e-06
  convergence window size = 10
  number of levels = 4
  using the CC metric (radius = 4, weight = 1.0000e+00, use gradient filter = 0)
  preprocessing:  winsorizing the image intensities
  Shrink factors (level 1 out of 4): [8, 8, 8]
  Shrink factors (level 2 out of 4): [4, 4, 4]
  Shrink factors (level 3 out of 4): [2, 2, 2]
  Shrink factors (level 4 out of 4): [1, 1, 1]
  smoothing sigmas per level: [3, 2, 1, 0]
  Using default NONE metricSamplingStrategy 

*** Running SyN registration (varianceForUpdateField = 3.0000e+00, varianceForTotalField = 0.0000e+00) ***

XXDIAGNOSTIC,Iteration,metricValue,convergenceValue,ITERATION_TIME_INDEX,SINCE_LAST
 1DIAGNOSTIC,     1, -9.380449345228e-01, 1.797693134862e+308, 1.8234e+00, 1.8234e+00, 
 1DIAGNOSTIC,     2, -9.461071507544e-01, 1.797693134862e+308, 2.4588e+00, 6.3536e-01, 
 1DIAGNOSTIC,     3, -9.514395675460e-01, 1.797693134862e+308, 3.0833e+00, 6.2450e-01, 
 1DIAGNOSTIC,     4, -9.544186769134e-01, 1.797693134862e+308, 3.7149e+00, 6.3167e-01, 
 1DIAGNOSTIC,     5, -9.571023829962e-01, 1.797693134862e+308, 4.3307e+00, 6.1582e-01, 
 1DIAGNOSTIC,     6, -9.605823084137e-01, 1.797693134862e+308, 4.9591e+00, 6.2836e-01, 
 1DIAGNOSTIC,     7, -9.641123395414e-01, 1.797693134862e+308, 5.5974e+00, 6.3825e-01, 
 1DIAGNOSTIC,     8, -9.672361235198e-01, 1.797693134862e+308, 6.2279e+00, 6.3059e-01, 
 1DIAGNOSTIC,     9, -9.699762922063e-01, 1.797693134862e+308, 6.8678e+00, 6.3983e-01, 
 1DIAGNOSTIC,    10, -9.718648420095e-01, 2.105292640660e-03, 7.4854e+00, 6.1764e-01, 
 1DIAGNOSTIC,    11, -9.730446408275e-01, 1.646085712395e-03, 8.1017e+00, 6.1625e-01, 
 1DIAGNOSTIC,    12, -9.732549687187e-01, 1.318136241593e-03, 8.7179e+00, 6.1624e-01, 
 1DIAGNOSTIC,    13, -9.742428109836e-01, 1.065448250421e-03, 9.3458e+00, 6.2790e-01, 
 1DIAGNOSTIC,    14, -9.744778963977e-01, 8.195810166903e-04, 9.9732e+00, 6.2741e-01, 
 1DIAGNOSTIC,    15, -9.750580296901e-01, 5.956207292628e-04, 1.0591e+01, 6.1806e-01, 
 1DIAGNOSTIC,    16, -9.750691256782e-01, 4.090931470633e-04, 1.1220e+01, 6.2916e-01, 
 1DIAGNOSTIC,    17, -9.755663401794e-01, 2.766039324893e-04, 1.1838e+01, 6.1720e-01, 
 1DIAGNOSTIC,    18, -9.755453632028e-01, 1.834023980972e-04, 1.2454e+01, 6.1678e-01, 
 1DIAGNOSTIC,    19, -9.759162964638e-01, 1.308510517915e-04, 1.3082e+01, 6.2767e-01, 
 1DIAGNOSTIC,    20, -9.758354053214e-01, 9.776907740722e-05, 1.3711e+01, 6.2903e-01, 
 1DIAGNOSTIC,    21, -9.761696760324e-01, 8.027073812815e-05, 1.4341e+01, 6.3017e-01, 
 1DIAGNOSTIC,    22, -9.760808402702e-01, 5.826611086245e-05, 1.4959e+01, 6.1722e-01, 
 1DIAGNOSTIC,    23, -9.763340458585e-01, 4.876059729614e-05, 1.5574e+01, 6.1585e-01, 
 1DIAGNOSTIC,    24, -9.762063864727e-01, 3.672043533625e-05, 1.6191e+01, 6.1646e-01, 
 1DIAGNOSTIC,    25, -9.764805451648e-01, 3.246727158143e-05, 1.6807e+01, 6.1609e-01, 
 1DIAGNOSTIC,    26, -9.763545864634e-01, 2.410474652152e-05, 1.7443e+01, 6.3649e-01, 
 1DIAGNOSTIC,    27, -9.765813151215e-01, 2.216208818218e-05, 1.8067e+01, 6.2400e-01, 
 1DIAGNOSTIC,    28, -9.764269003794e-01, 1.640714210378e-05, 1.8692e+01, 6.2505e-01, 
 1DIAGNOSTIC,    29, -9.766701015273e-01, 1.592131487991e-05, 1.9316e+01, 6.2320e-01, 
 1DIAGNOSTIC,    30, -9.765249338101e-01, 1.170959527002e-05, 1.9944e+01, 6.2843e-01, 
 1DIAGNOSTIC,    31, -9.767208629095e-01, 1.185417466051e-05, 2.0576e+01, 6.3241e-01, 
 1DIAGNOSTIC,    32, -9.764904170069e-01, 7.945815343205e-06, 2.1201e+01, 6.2428e-01, 
 1DIAGNOSTIC,    33, -9.767214319019e-01, 8.024114506462e-06, 2.1830e+01, 6.2935e-01, 
 1DIAGNOSTIC,    34, -9.765615468101e-01, 4.823935051926e-06, 2.2464e+01, 6.3431e-01, 
 1DIAGNOSTIC,    35, -9.767496815442e-01, 5.374667516524e-06, 2.3093e+01, 6.2816e-01, 
 1DIAGNOSTIC,    36, -9.765664495090e-01, 2.876577695272e-06, 2.3736e+01, 6.4346e-01, 
 1DIAGNOSTIC,    37, -9.767912514240e-01, 3.993068410323e-06, 2.4353e+01, 6.1699e-01, 
 1DIAGNOSTIC,    38, -9.766276955734e-01, 2.199802664280e-06, 2.4986e+01, 6.3345e-01, 
 1DIAGNOSTIC,    39, -9.768047599679e-01, 3.584668559788e-06, 2.5608e+01, 6.2177e-01, 
 1DIAGNOSTIC,    40, -9.766202929826e-01, 2.153227569138e-06, 2.6231e+01, 6.2276e-01, 
 1DIAGNOSTIC,    41, -9.768368636650e-01, 3.698910359708e-06, 2.6862e+01, 6.3110e-01, 
 1DIAGNOSTIC,    42, -9.766680794034e-01, 2.017846350223e-06, 2.7480e+01, 6.1769e-01, 
 1DIAGNOSTIC,    43, -9.768524282228e-01, 3.185013308007e-06, 2.8097e+01, 6.1723e-01, 
 1DIAGNOSTIC,    44, -9.766670935392e-01, 1.708965336248e-06, 2.8731e+01, 6.3439e-01, 
 1DIAGNOSTIC,    45, -9.768801528043e-01, 2.887459746019e-06, 2.9363e+01, 6.3159e-01, 
 1DIAGNOSTIC,    46, -9.767127773538e-01, 1.494268578796e-06, 2.9991e+01, 6.2807e-01, 
 1DIAGNOSTIC,    47, -9.768884439239e-01, 2.633755108016e-06, 3.0608e+01, 6.1711e-01, 
 1DIAGNOSTIC,    48, -9.767064928538e-01, 1.379102511332e-06, 3.1238e+01, 6.2984e-01, 
 1DIAGNOSTIC,    49, -9.769166078535e-01, 2.484613685530e-06, 3.1860e+01, 6.2203e-01, 
 1DIAGNOSTIC,    50, -9.767535233116e-01, 1.263730877079e-06, 3.2502e+01, 6.4237e-01, 
 1DIAGNOSTIC,    51, -9.769295088896e-01, 2.335324050536e-06, 3.3152e+01, 6.4970e-01, 
 1DIAGNOSTIC,    52, -9.767499554814e-01, 1.192302136074e-06, 3.3791e+01, 6.3856e-01, 
 1DIAGNOSTIC,    53, -9.769550285133e-01, 2.246401811012e-06, 3.4408e+01, 6.1711e-01, 
 1DIAGNOSTIC,    54, -9.767955160206e-01, 1.169420252984e-06, 3.5025e+01, 6.1704e-01, 
 1DIAGNOSTIC,    55, -9.769630230635e-01, 2.147151463971e-06, 3.5661e+01, 6.3598e-01, 
 1DIAGNOSTIC,    56, -9.767875320136e-01, 1.104842474592e-06, 3.6283e+01, 6.2206e-01, 
 1DIAGNOSTIC,    57, -9.769854971716e-01, 2.019347225643e-06, 3.6906e+01, 6.2359e-01, 
 1DIAGNOSTIC,    58, -9.768331536341e-01, 1.016488975495e-06, 3.7540e+01, 6.3335e-01, 
 1DIAGNOSTIC,    59, -9.769921033222e-01, 1.874432462308e-06, 3.8157e+01, 6.1672e-01, 
 1DIAGNOSTIC,    60, -9.768212218262e-01, 9.083087107384e-07, 3.8788e+01, 6.3161e-01, 
XXDIAGNOSTIC,Iteration,metricValue,convergenceValue,ITERATION_TIME_INDEX,SINCE_LAST
 1DIAGNOSTIC,     1, -9.219499787435e-01, 1.797693134862e+308, 4.5121e+01, 6.3330e+00, 
 1DIAGNOSTIC,     2, -9.240655127997e-01, 1.797693134862e+308, 5.0231e+01, 5.1097e+00, 
 1DIAGNOSTIC,     3, -9.274057424433e-01, 1.797693134862e+308, 5.5327e+01, 5.0958e+00, 
 1DIAGNOSTIC,     4, -9.302451688741e-01, 1.797693134862e+308, 6.0374e+01, 5.0470e+00, 
 1DIAGNOSTIC,     5, -9.325904415597e-01, 1.797693134862e+308, 6.5430e+01, 5.0560e+00, 
 1DIAGNOSTIC,     6, -9.345461923346e-01, 1.797693134862e+308, 7.0479e+01, 5.0492e+00, 
 1DIAGNOSTIC,     7, -9.362479768265e-01, 1.797693134862e+308, 7.5553e+01, 5.0736e+00, 
 1DIAGNOSTIC,     8, -9.378078140432e-01, 1.797693134862e+308, 8.0650e+01, 5.0979e+00, 
 1DIAGNOSTIC,     9, -9.391425877249e-01, 1.797693134862e+308, 8.5765e+01, 5.1141e+00, 
 1DIAGNOSTIC,    10, -9.402950610028e-01, 1.281703304671e-03, 9.0815e+01, 5.0506e+00, 
 1DIAGNOSTIC,    11, -9.412872832916e-01, 1.039610320909e-03, 9.5858e+01, 5.0429e+00, 
 1DIAGNOSTIC,    12, -9.421625990742e-01, 8.196112530238e-04, 1.0094e+02, 5.0841e+00, 
 1DIAGNOSTIC,    13, -9.429235616225e-01, 6.546658745370e-04, 1.0607e+02, 5.1313e+00, 
 1DIAGNOSTIC,    14, -9.435485521582e-01, 5.285011468318e-04, 1.1115e+02, 5.0779e+00, 
 1DIAGNOSTIC,    15, -9.440602061501e-01, 4.284472746036e-04, 1.1625e+02, 5.0940e+00, 
 1DIAGNOSTIC,    16, -9.443077811902e-01, 3.432032781944e-04, 1.2138e+02, 5.1321e+00, 
 1DIAGNOSTIC,    17, -9.445263232339e-01, 2.705441554238e-04, 1.2655e+02, 5.1734e+00, 
 1DIAGNOSTIC,    18, -9.447253934795e-01, 2.104756486943e-04, 1.3162e+02, 5.0651e+00, 
 1DIAGNOSTIC,    19, -9.449147273799e-01, 1.614194316250e-04, 1.3672e+02, 5.1087e+00, 
 1DIAGNOSTIC,    20, -9.450947000109e-01, 1.223950272917e-04, 1.4181e+02, 5.0864e+00, 
 1DIAGNOSTIC,    21, -9.452606404370e-01, 9.238976520776e-05, 1.4689e+02, 5.0826e+00, 
 1DIAGNOSTIC,    22, -9.454240505781e-01, 7.079534972099e-05, 1.5203e+02, 5.1402e+00, 
 1DIAGNOSTIC,    23, -9.455875610191e-01, 5.660813436616e-05, 1.5713e+02, 5.0987e+00, 
 1DIAGNOSTIC,    24, -9.456419541273e-01, 4.684087465411e-05, 1.6224e+02, 5.1035e+00, 
 1DIAGNOSTIC,    25, -9.457177433327e-01, 4.066518854743e-05, 1.6737e+02, 5.1368e+00, 
 1DIAGNOSTIC,    26, -9.458155683719e-01, 3.523821206659e-05, 1.7246e+02, 5.0840e+00, 
 1DIAGNOSTIC,    27, -9.459294573098e-01, 3.067410769636e-05, 1.7760e+02, 5.1399e+00, 
 1DIAGNOSTIC,    28, -9.460403906323e-01, 2.694990436512e-05, 1.8267e+02, 5.0769e+00, 
 1DIAGNOSTIC,    29, -9.461518674426e-01, 2.415560635973e-05, 1.8785e+02, 5.1747e+00, 
 1DIAGNOSTIC,    30, -9.462665230412e-01, 2.231677810303e-05, 1.9291e+02, 5.0667e+00, 
 1DIAGNOSTIC,    31, -9.463895724027e-01, 2.135996102953e-05, 1.9803e+02, 5.1148e+00, 
 1DIAGNOSTIC,    32, -9.465086063598e-01, 2.114808057564e-05, 2.0317e+02, 5.1371e+00, 
 1DIAGNOSTIC,    33, -9.466300344785e-01, 2.162891392356e-05, 2.0829e+02, 5.1184e+00, 
 1DIAGNOSTIC,    34, -9.467298240371e-01, 2.147242453000e-05, 2.1343e+02, 5.1416e+00, 
 1DIAGNOSTIC,    35, -9.468104436697e-01, 2.070693196484e-05, 2.1852e+02, 5.0968e+00, 
 1DIAGNOSTIC,    36, -9.468776869037e-01, 1.946770551469e-05, 2.2362e+02, 5.0972e+00, 
 1DIAGNOSTIC,    37, -9.469362509805e-01, 1.791624906267e-05, 2.2871e+02, 5.0849e+00, 
 1DIAGNOSTIC,    38, -9.469814664595e-01, 1.604519634739e-05, 2.3380e+02, 5.0914e+00, 
 1DIAGNOSTIC,    39, -9.470197211398e-01, 1.396610585912e-05, 2.3894e+02, 5.1397e+00, 
 1DIAGNOSTIC,    40, -9.470554812959e-01, 1.185941865811e-05, 2.4406e+02, 5.1183e+00, 
 1DIAGNOSTIC,    41, -9.470820920585e-01, 9.888348397623e-06, 2.4919e+02, 5.1344e+00, 
 1DIAGNOSTIC,    42, -9.471013857245e-01, 8.120240607427e-06, 2.5435e+02, 5.1574e+00, 
 1DIAGNOSTIC,    43, -9.471165899585e-01, 6.678890269667e-06, 2.5947e+02, 5.1221e+00, 
 1DIAGNOSTIC,    44, -9.471258582110e-01, 5.474675941135e-06, 2.6455e+02, 5.0789e+00, 
 1DIAGNOSTIC,    45, -9.471354422595e-01, 4.467087412783e-06, 2.6961e+02, 5.0658e+00, 
 1DIAGNOSTIC,    46, -9.471390599089e-01, 3.601322803727e-06, 2.7471e+02, 5.0984e+00, 
 1DIAGNOSTIC,    47, -9.471432915951e-01, 2.893369219686e-06, 2.7980e+02, 5.0919e+00, 
 1DIAGNOSTIC,    48, -9.471469624429e-01, 2.306758950361e-06, 2.8487e+02, 5.0631e+00, 
 1DIAGNOSTIC,    49, -9.471425022976e-01, 1.790895824104e-06, 2.8991e+02, 5.0402e+00, 
 1DIAGNOSTIC,    50, -9.471371107605e-01, 1.368091236173e-06, 2.9496e+02, 5.0533e+00, 
 1DIAGNOSTIC,    51, -9.471348526187e-01, 1.034873495866e-06, 3.0006e+02, 5.1041e+00, 
 1DIAGNOSTIC,    52, -9.471259363594e-01, 7.334889832594e-07, 3.0516e+02, 5.0903e+00, 
XXDIAGNOSTIC,Iteration,metricValue,convergenceValue,ITERATION_TIME_INDEX,SINCE_LAST
 1DIAGNOSTIC,     1, -9.029622286267e-01, 1.797693134862e+308, 3.4705e+02, 4.1893e+01, 
 1DIAGNOSTIC,     2, -9.048460764399e-01, 1.797693134862e+308, 3.8735e+02, 4.0300e+01, 
 1DIAGNOSTIC,     3, -9.073369281369e-01, 1.797693134862e+308, 4.2752e+02, 4.0171e+01, 
 1DIAGNOSTIC,     4, -9.097466509307e-01, 1.797693134862e+308, 4.6777e+02, 4.0252e+01, 
 1DIAGNOSTIC,     5, -9.118499729004e-01, 1.797693134862e+308, 5.0821e+02, 4.0437e+01, 
 1DIAGNOSTIC,     6, -9.136594618552e-01, 1.797693134862e+308, 5.4851e+02, 4.0305e+01, 
 1DIAGNOSTIC,     7, -9.152194313280e-01, 1.797693134862e+308, 5.8860e+02, 4.0088e+01, 
 1DIAGNOSTIC,     8, -9.165394714740e-01, 1.797693134862e+308, 6.2907e+02, 4.0467e+01, 
 1DIAGNOSTIC,     9, -9.176850707145e-01, 1.797693134862e+308, 6.6928e+02, 4.0216e+01, 
 1DIAGNOSTIC,    10, -9.187053422588e-01, 1.133796733371e-03, 7.0941e+02, 4.0131e+01, 
 1DIAGNOSTIC,    11, -9.196175100477e-01, 9.293973759280e-04, 7.4995e+02, 4.0536e+01, 
 1DIAGNOSTIC,    12, -9.204598686342e-01, 7.458670520365e-04, 7.9072e+02, 4.0771e+01, 
 1DIAGNOSTIC,    13, -9.211107878001e-01, 5.978173824858e-04, 8.3120e+02, 4.0478e+01, 
 1DIAGNOSTIC,    14, -9.217402247016e-01, 4.837099551141e-04, 8.7222e+02, 4.1027e+01, 
 1DIAGNOSTIC,    15, -9.223622319832e-01, 3.967448757223e-04, 9.1276e+02, 4.0535e+01, 
 1DIAGNOSTIC,    16, -9.228784842337e-01, 3.290609952911e-04, 9.5347e+02, 4.0709e+01, 
 1DIAGNOSTIC,    17, -9.235125107153e-01, 2.788964175379e-04, 9.9439e+02, 4.0919e+01, 
 1DIAGNOSTIC,    18, -9.240476925147e-01, 2.403175907011e-04, 1.0353e+03, 4.0936e+01, 
 1DIAGNOSTIC,    19, -9.245973904892e-01, 2.110789540586e-04, 1.0761e+03, 4.0789e+01, 
 1DIAGNOSTIC,    20, -9.251651778971e-01, 1.896410059517e-04, 1.1169e+03, 4.0811e+01, 
 1DIAGNOSTIC,    21, -9.257565187225e-01, 1.746215230832e-04, 1.1576e+03, 4.0639e+01, 
 1DIAGNOSTIC,    22, -9.263639792262e-01, 1.649867716159e-04, 1.1983e+03, 4.0783e+01, 
 1DIAGNOSTIC,    23, -9.269420962345e-01, 1.572120125564e-04, 1.2394e+03, 4.1027e+01, 
 1DIAGNOSTIC,    24, -9.274867927777e-01, 1.504361718499e-04, 1.2800e+03, 4.0666e+01, 
 1DIAGNOSTIC,    25, -9.280003479768e-01, 1.441176117743e-04, 1.3209e+03, 4.0903e+01, 
 1DIAGNOSTIC,    26, -9.284701390384e-01, 1.363915411135e-04, 1.3617e+03, 4.0809e+01, 
 1DIAGNOSTIC,    27, -9.288921609573e-01, 1.284569108571e-04, 1.4026e+03, 4.0809e+01, 
 1DIAGNOSTIC,    28, -9.292672577082e-01, 1.190080538209e-04, 1.4432e+03, 4.0692e+01, 
 1DIAGNOSTIC,    29, -9.296041498406e-01, 1.084154711851e-04, 1.4842e+03, 4.0939e+01, 
 1DIAGNOSTIC,    30, -9.299078283967e-01, 9.724503210848e-05, 1.5250e+03, 4.0785e+01, 
 1DIAGNOSTIC,    31, -9.301844308288e-01, 8.622432964443e-05, 1.5656e+03, 4.0642e+01, 
 1DIAGNOSTIC,    32, -9.304356433853e-01, 7.600214369046e-05, 1.6063e+03, 4.0723e+01, 
 1DIAGNOSTIC,    33, -9.306663025840e-01, 6.675845292849e-05, 1.6471e+03, 4.0742e+01, 
 1DIAGNOSTIC,    34, -9.308746414972e-01, 5.856099324705e-05, 1.6880e+03, 4.0948e+01, 
 1DIAGNOSTIC,    35, -9.310696725767e-01, 5.152459445628e-05, 1.7291e+03, 4.1073e+01, 
 1DIAGNOSTIC,    36, -9.312487422391e-01, 4.555443363792e-05, 1.7700e+03, 4.0870e+01, 
 1DIAGNOSTIC,    37, -9.314185367774e-01, 4.052643095787e-05, 1.8107e+03, 4.0724e+01, 
 1DIAGNOSTIC,    38, -9.315757821447e-01, 3.624924307285e-05, 1.8513e+03, 4.0636e+01, 
 1DIAGNOSTIC,    39, -9.317222501895e-01, 3.258854341798e-05, 1.8920e+03, 4.0710e+01, 
 1DIAGNOSTIC,    40, -9.318562799142e-01, 2.940998739214e-05, 1.9327e+03, 4.0656e+01, 
 1DIAGNOSTIC,    41, -9.319837416212e-01, 2.665403092077e-05, 1.9734e+03, 4.0658e+01, 
 1DIAGNOSTIC,    42, -9.321048952769e-01, 2.425375510490e-05, 2.0144e+03, 4.1077e+01, 
 1DIAGNOSTIC,    43, -9.322180539719e-01, 2.215096387895e-05, 2.0551e+03, 4.0696e+01, 
 1DIAGNOSTIC,    44, -9.323243524282e-01, 2.027037727074e-05, 2.0959e+03, 4.0776e+01, 
 1DIAGNOSTIC,    45, -9.324278409896e-01, 1.862104277849e-05, 2.1368e+03, 4.0933e+01, 
 1DIAGNOSTIC,    46, -9.325257303318e-01, 1.715793063811e-05, 2.1776e+03, 4.0711e+01, 
 1DIAGNOSTIC,    47, -9.326163607786e-01, 1.586324412218e-05, 2.2182e+03, 4.0694e+01, 
 1DIAGNOSTIC,    48, -9.327032730515e-01, 1.471308362263e-05, 2.2589e+03, 4.0693e+01, 
 1DIAGNOSTIC,    49, -9.327862941263e-01, 1.368644970642e-05, 2.2996e+03, 4.0663e+01, 
 1DIAGNOSTIC,    50, -9.328631662712e-01, 1.273121605282e-05, 2.3403e+03, 4.0666e+01, 
XXDIAGNOSTIC,Iteration,metricValue,convergenceValue,ITERATION_TIME_INDEX,SINCE_LAST
 1DIAGNOSTIC,     1, -8.805735440662e-01, 1.797693134862e+308, 2.6724e+03, 3.3213e+02, 
 1DIAGNOSTIC,     2, -8.818372226598e-01, 1.797693134862e+308, 2.9971e+03, 3.2473e+02, 
 1DIAGNOSTIC,     3, -8.832914427279e-01, 1.797693134862e+308, 3.3208e+03, 3.2372e+02, 
 1DIAGNOSTIC,     4, -8.847475419295e-01, 1.797693134862e+308, 3.6463e+03, 3.2547e+02, 
 1DIAGNOSTIC,     5, -8.860524515679e-01, 1.797693134862e+308, 3.9708e+03, 3.2450e+02, 
 1DIAGNOSTIC,     6, -8.872167615550e-01, 1.797693134862e+308, 4.2963e+03, 3.2546e+02, 
 1DIAGNOSTIC,     7, -8.882478896852e-01, 1.797693134862e+308, 4.6233e+03, 3.2704e+02, 
 1DIAGNOSTIC,     8, -8.891261058025e-01, 1.797693134862e+308, 4.9492e+03, 3.2587e+02, 
 1DIAGNOSTIC,     9, -8.899433830294e-01, 1.797693134862e+308, 5.2748e+03, 3.2565e+02, 
 1DIAGNOSTIC,    10, -8.907124423511e-01, 7.454314987963e-04, 5.6006e+03, 3.2579e+02, 
 1DIAGNOSTIC,    11, -8.914571705643e-01, 6.252207453263e-04, 5.9266e+03, 3.2597e+02, 
 1DIAGNOSTIC,    12, -8.921757114690e-01, 5.215475418554e-04, 6.2522e+03, 3.2559e+02, 
 1DIAGNOSTIC,    13, -8.928886262712e-01, 4.397482481919e-04, 6.5805e+03, 3.2835e+02, 
 1DIAGNOSTIC,    14, -8.935917289695e-01, 3.787438987365e-04, 6.9057e+03, 3.2518e+02, 
 1DIAGNOSTIC,    15, -8.942257678094e-01, 3.323660139698e-04, 7.2324e+03, 3.2673e+02, 
 1DIAGNOSTIC,    16, -8.949539946951e-01, 2.989223153677e-04, 7.5591e+03, 3.2670e+02, 
 1DIAGNOSTIC,    17, -8.956154428399e-01, 2.735100962303e-04, 7.8875e+03, 3.2842e+02, 
 1DIAGNOSTIC,    18, -8.962584527774e-01, 2.525070578777e-04, 8.2150e+03, 3.2743e+02, 
 1DIAGNOSTIC,    19, -8.968873600694e-01, 2.345208269055e-04, 8.5419e+03, 3.2691e+02, 
 1DIAGNOSTIC,    20, -8.975179906019e-01, 2.187858189078e-04, 8.8703e+03, 3.2840e+02, 
  Elapsed time (stage 2): 8873


Total elapsed time: 9174
 Registration finished. The antsRegistration call was:
--------------------------------------------------------------------------------------
/opt/ants/bin/antsRegistration --verbose 1 --dimensionality 3 --float 0 --collapse-output-transforms 1 --output [ /data/derivatives/ants/registrationSyN/sub-s036/ses-open/anat/,/data/derivatives/ants/registrationSyN/sub-s036/ses-open/anat/Warped.nii.gz,/data/derivatives/ants/registrationSyN/sub-s036/ses-open/anat/InverseWarped.nii.gz ] --interpolation Linear --use-histogram-matching 0 --winsorize-image-intensities [ 0.005,0.995 ] --initial-moving-transform [ /templateflow/tpl-MNI152NLin2009cAsym//tpl-MNI152NLin2009cAsym_res-01_desc-brain_T1w.nii.gz,/data/derivatives/fsl/fast/sub-s036/ses-open/anat/BrainExtractionBrain_seg.nii.gz,1 ] --transform Rigid[ 0.1 ] --metric MI[ /templateflow/tpl-MNI152NLin2009cAsym//tpl-MNI152NLin2009cAsym_res-01_desc-brain_T1w.nii.gz,/data/derivatives/fsl/fast/sub-s036/ses-open/anat/BrainExtractionBrain_seg.nii.gz,1,32,Regular,0.25 ] --convergence [ 1000x500x250x100,1e-6,10 ] --shrink-factors 8x4x2x1 --smoothing-sigmas 3x2x1x0vox --transform Affine[ 0.1 ] --metric MI[ /templateflow/tpl-MNI152NLin2009cAsym//tpl-MNI152NLin2009cAsym_res-01_desc-brain_T1w.nii.gz,/data/derivatives/fsl/fast/sub-s036/ses-open/anat/BrainExtractionBrain_seg.nii.gz,1,32,Regular,0.25 ] --convergence [ 1000x500x250x100,1e-6,10 ] --shrink-factors 8x4x2x1 --smoothing-sigmas 3x2x1x0vox --transform SyN[ 0.1,3,0 ] --metric CC[ /templateflow/tpl-MNI152NLin2009cAsym//tpl-MNI152NLin2009cAsym_res-01_desc-brain_T1w.nii.gz,/data/derivatives/fsl/fast/sub-s036/ses-open/anat/BrainExtractionBrain_seg.nii.gz,1,4 ] --convergence [ 100x70x50x20,1e-6,10 ] --shrink-factors 8x4x2x1 --smoothing-sigmas 3x2x1x0vox
--------------------------------------------------------------------------------------
Moving image resampled into fixed space: /data/derivatives/ants/registrationSyN/sub-s036/ses-open/anat/Warped.nii.gz
Fixed image resampled into moving space: /data/derivatives/ants/registrationSyN/sub-s036/ses-open/anat/InverseWarped.nii.gz
--------------------------------------------------------------------------------------
Elapsed Time: 9178.324s
    SP GFLOPS: 0.000
    DP GFLOPS: 0.912
    x87 GFLOPS: 0.003
    CPI Rate: 0.458
    Average CPU Frequency: 3.642 GHz
    Total Thread Count: 15
Effective Physical Core Utilization: 3.0% (0.973 out of 32)
 | The metric value is low, which may signal a poor physical CPU cores
 | utilization caused by:
 |     - load imbalance
 |     - threading runtime overhead
 |     - contended synchronization
 |     - thread/process underutilization
 |     - incorrect affinity that utilizes logical cores instead of physical
 |       cores
 | Explore sub-metrics to estimate the efficiency of MPI and OpenMP parallelism
 | or run the Locks and Waits analysis to identify parallel bottlenecks for
 | other parallel runtimes.
 |
    Effective Logical Core Utilization: 1.5% (0.975 out of 64)
     | The metric value is low, which may signal a poor logical CPU cores
     | utilization. Consider improving physical core utilization as the first
     | step and then look at opportunities to utilize logical cores, which in
     | some cases can improve processor throughput and overall performance of
     | multi-threaded applications.
     |
Memory Bound: 14.3% of Pipeline Slots
    Cache Bound: 7.3% of Clockticks
    DRAM Bound: 0.4% of Clockticks
        DRAM Bandwidth Bound: 0.0% of Elapsed Time
    NUMA: % of Remote Accesses: 0.0%

    Bandwidth Utilization
    Bandwidth Domain             Platform Maximum  Observed Maximum  Average  % of Elapsed Time with High BW Utilization(%)
    ---------------------------  ----------------  ----------------  -------  ---------------------------------------------
    DRAM, GB/sec                 214                         11.800    0.067                                           0.0%
    DRAM Single-Package, GB/sec  107                         11.800    0.065                                           0.0%
Vectorization: 0.0% of Packed FP Operations
 | This code has floating point operations and is not vectorized. Consider
 | either recompiling the code with optimization options that allow
 | vectorization or using Intel Advisor to vectorize the loops.
 |
    Instruction Mix
        SP FLOPs: 0.0% of uOps
            Packed: 0.0% from SP FP
                128-bit: 0.0% from SP FP
                256-bit: 0.0% from SP FP
                512-bit: 0.0% from SP FP
            Scalar: 0.0% from SP FP
        DP FLOPs: 15.1% of uOps
            Packed: 0.0% from DP FP
                128-bit: 0.0% from DP FP
                256-bit: 0.0% from DP FP
                512-bit: 0.0% from DP FP
            Scalar: 100.0% from DP FP
             | This code has floating point operations and is not vectorized.
             | Consider either recompiling the code with optimization options
             | that allow vectorization or using Intel Advisor to vectorize the
             | loops.
             |
        x87 FLOPs: 0.0% of uOps
        Non-FP: 84.9% of uOps
    FP Arith/Mem Rd Instr. Ratio: 0.500
    FP Arith/Mem Wr Instr. Ratio: 1.112
Collection and Platform Info
    Application Command Line: bash "tmp-scripts/Dip0YTRHVW3m9zPOuB5Gsu1YS6NjA8ku.sh" 
    Operating System: 4.18.0-477.10.1.el8_lustre.x86_64 DISTRIB_ID=Ubuntu DISTRIB_RELEASE=20.04 DISTRIB_CODENAME=focal DISTRIB_DESCRIPTION="Ubuntu 20.04.5 LTS"
    Computer Name: comp03
    Result Size: 15.1 GB 
    Collection start time: 13:02:54 25/11/2023 UTC
    Collection stop time: 15:35:52 25/11/2023 UTC
    Collector Type: Driverless Perf per-process sampling
    CPU
        Name: Intel(R) Xeon(R) Processor code named Skylake
        Frequency: 2.095 GHz
        Logical CPU Count: 64
        Max DRAM Single-Package Bandwidth: 107.000 GB/s
        LLC size: 23.1 MB 

If you want to skip descriptions of detected performance issues in the report,
enter: vtune -report summary -report-knob show-issues=false -r <my_result_dir>.
Alternatively, you may view the report in the csv format: vtune -report
<report_name> -format=csv.
