---------------------
Profiling information

Pipeline: ants registrationSyN-fp
NTHREAD: 1

DATASET: ds004513
SUBJECT_ID: s038

SIF_IMG: /mnt/lustre/mathdugre/containers/ants-debug.simg
DATA_DIR: /mnt/lustre/mathdugre/mri-bottleneck/datasets/ds004513

PROJECT_DIR: /mnt/lustre/mathdugre/mri-bottleneck
PROFILING_DIR: /mnt/lustre/mathdugre/mri-bottleneck/vtune_output/1-threads/ants/registrationSyN-fp/ds004513/sub-s038/4OCgkVr5VXseDMw9q7vEWh77RDsq3Ppl
---------------------

Command to profile: bash tmp-scripts/4OCgkVr5VXseDMw9q7vEWh77RDsq3Ppl.sh

--------------------------------------------------------------------------------------
 Mapping parameters
--------------------------------------------------------------------------------------
 ANTSPATH is /opt/ants/bin

 Dimensionality:           3
 Output name prefix:       /data/derivatives/ants/registrationSyN-fp/sub-s038/ses-open/anat/
 Fixed images:             /templateflow/tpl-MNI152NLin2009cAsym//tpl-MNI152NLin2009cAsym_res-01_desc-brain_T1w.nii.gz
 Moving images:            /data/derivatives/fsl/fast/sub-s038/ses-open/anat/BrainExtractionBrain_seg.nii.gz
 Mask images:              
 Initial transforms:       
 Number of threads:        1
 Spline distance:          26
 SyN gradient step:        0.1
 Transform type:           s
 CC radius:                4
 Precision:                f
 Use histogram matching    0
 Repro                     0
======================================================================================
 antsRegistration call:
--------------------------------------------------------------------------------------
/opt/ants/bin/antsRegistration --verbose 1 --dimensionality 3 --float 1 --collapse-output-transforms 1 --output [ /data/derivatives/ants/registrationSyN-fp/sub-s038/ses-open/anat/,/data/derivatives/ants/registrationSyN-fp/sub-s038/ses-open/anat/Warped.nii.gz,/data/derivatives/ants/registrationSyN-fp/sub-s038/ses-open/anat/InverseWarped.nii.gz ] --interpolation Linear --use-histogram-matching 0 --winsorize-image-intensities [ 0.005,0.995 ] --initial-moving-transform [ /templateflow/tpl-MNI152NLin2009cAsym//tpl-MNI152NLin2009cAsym_res-01_desc-brain_T1w.nii.gz,/data/derivatives/fsl/fast/sub-s038/ses-open/anat/BrainExtractionBrain_seg.nii.gz,1 ] --transform Rigid[ 0.1 ] --metric MI[ /templateflow/tpl-MNI152NLin2009cAsym//tpl-MNI152NLin2009cAsym_res-01_desc-brain_T1w.nii.gz,/data/derivatives/fsl/fast/sub-s038/ses-open/anat/BrainExtractionBrain_seg.nii.gz,1,32,Regular,0.25 ] --convergence [ 1000x500x250x100,1e-6,10 ] --shrink-factors 8x4x2x1 --smoothing-sigmas 3x2x1x0vox --transform Affine[ 0.1 ] --metric MI[ /templateflow/tpl-MNI152NLin2009cAsym//tpl-MNI152NLin2009cAsym_res-01_desc-brain_T1w.nii.gz,/data/derivatives/fsl/fast/sub-s038/ses-open/anat/BrainExtractionBrain_seg.nii.gz,1,32,Regular,0.25 ] --convergence [ 1000x500x250x100,1e-6,10 ] --shrink-factors 8x4x2x1 --smoothing-sigmas 3x2x1x0vox --transform SyN[ 0.1,3,0 ] --metric CC[ /templateflow/tpl-MNI152NLin2009cAsym//tpl-MNI152NLin2009cAsym_res-01_desc-brain_T1w.nii.gz,/data/derivatives/fsl/fast/sub-s038/ses-open/anat/BrainExtractionBrain_seg.nii.gz,1,4 ] --convergence [ 100x70x50x20,1e-6,10 ] --shrink-factors 8x4x2x1 --smoothing-sigmas 3x2x1x0vox
--------------------------------------------------------------------------------------
All_Command_lines_OK
Using single precision for computations.
=============================================================================
The composite transform comprises the following transforms (in order): 
  1. Center of mass alignment using fixed image: /templateflow/tpl-MNI152NLin2009cAsym//tpl-MNI152NLin2009cAsym_res-01_desc-brain_T1w.nii.gz and moving image: /data/derivatives/fsl/fast/sub-s038/ses-open/anat/BrainExtractionBrain_seg.nii.gz (type = Euler3DTransform)
=============================================================================
  number of levels = 4
  number of levels = 4
  number of levels = 4
  fixed image: /templateflow/tpl-MNI152NLin2009cAsym//tpl-MNI152NLin2009cAsym_res-01_desc-brain_T1w.nii.gz
  moving image: /data/derivatives/fsl/fast/sub-s038/ses-open/anat/BrainExtractionBrain_seg.nii.gz
  fixed image: /templateflow/tpl-MNI152NLin2009cAsym//tpl-MNI152NLin2009cAsym_res-01_desc-brain_T1w.nii.gz
  moving image: /data/derivatives/fsl/fast/sub-s038/ses-open/anat/BrainExtractionBrain_seg.nii.gz
  fixed image: /templateflow/tpl-MNI152NLin2009cAsym//tpl-MNI152NLin2009cAsym_res-01_desc-brain_T1w.nii.gz
  moving image: /data/derivatives/fsl/fast/sub-s038/ses-open/anat/BrainExtractionBrain_seg.nii.gz
Dimension = 3
Number of stages = 3
Use histogram matching = false
Winsorize image intensities = true
  Lower quantile = 0.005
  Upper quantile = 0.995


Stage 1 State
   Image metric = Mattes
     Fixed image = Image (0x562556bd88b0)
  RTTI typeinfo:   itk::Image<float, 3u>
  Reference Count: 2
  Modified Time: 1717
  Debug: Off
  Object Name: 
  Observers: 
    none
  Source: (none)
  Source output name: (none)
  Release Data: Off
  Data Released: False
  Global Release Data: Off
  PipelineMTime: 0
  UpdateMTime: 1502
  RealTimeStamp: 0 seconds 
  LargestPossibleRegion: 
    Dimension: 3
    Index: [0, 0, 0]
    Size: [193, 229, 193]
  BufferedRegion: 
    Dimension: 3
    Index: [0, 0, 0]
    Size: [193, 229, 193]
  RequestedRegion: 
    Dimension: 3
    Index: [0, 0, 0]
    Size: [193, 229, 193]
  Spacing: [1, 1, 1]
  Origin: [96, 132, -78]
  Direction: 
-1 0 0
0 -1 0
0 0 1

  IndexToPointMatrix: 
-1 0 0
0 -1 0
0 0 1

  PointToIndexMatrix: 
-1 0 0
0 -1 0
0 0 1

  Inverse Direction: 
-1 0 0
0 -1 0
0 0 1

  PixelContainer: 
    ImportImageContainer (0x562556be1330)
      RTTI typeinfo:   itk::ImportImageContainer<unsigned long, float>
      Reference Count: 1
      Modified Time: 1499
      Debug: Off
      Object Name: 
      Observers: 
        none
      Pointer: 0x7f41cd0d6010
      Container manages memory: true
      Size: 8530021
      Capacity: 8530021

     Moving image = Image (0x562556be2220)
  RTTI typeinfo:   itk::Image<float, 3u>
  Reference Count: 2
  Modified Time: 1718
  Debug: Off
  Object Name: 
  Observers: 
    none
  Source: (none)
  Source output name: (none)
  Release Data: Off
  Data Released: False
  Global Release Data: Off
  PipelineMTime: 0
  UpdateMTime: 1715
  RealTimeStamp: 0 seconds 
  LargestPossibleRegion: 
    Dimension: 3
    Index: [0, 0, 0]
    Size: [160, 240, 256]
  BufferedRegion: 
    Dimension: 3
    Index: [0, 0, 0]
    Size: [160, 240, 256]
  RequestedRegion: 
    Dimension: 3
    Index: [0, 0, 0]
    Size: [160, 240, 256]
  Spacing: [1, 1, 1]
  Origin: [79.5, 93.5195, -127]
  Direction: 
-1 0 0
0 -1 0
0 0 1

  IndexToPointMatrix: 
-1 0 0
0 -1 0
0 0 1

  PointToIndexMatrix: 
-1 0 0
0 -1 0
0 0 1

  Inverse Direction: 
-1 0 0
0 -1 0
0 0 1

  PixelContainer: 
    ImportImageContainer (0x562556c63ed0)
      RTTI typeinfo:   itk::ImportImageContainer<unsigned long, float>
      Reference Count: 1
      Modified Time: 1712
      Debug: Off
      Object Name: 
      Observers: 
        none
      Pointer: 0x7f41cab55010
      Container manages memory: true
      Size: 9830400
      Capacity: 9830400

     Weighting = 1
     Sampling strategy = regular
     Number of bins = 32
     Radius = 4
     Sampling percentage  = 0.25
   Transform = Rigid
     Gradient step = 0.1
     Update field sigma (voxel space) = 0
     Total field sigma (voxel space) = 0
     Update field time sigma = 0
     Total field time sigma  = 0
     Number of time indices = 0
     Number of time point samples = 0
Stage 2 State
   Image metric = Mattes
     Fixed image = Image (0x562556c38c40)
  RTTI typeinfo:   itk::Image<float, 3u>
  Reference Count: 2
  Modified Time: 2145
  Debug: Off
  Object Name: 
  Observers: 
    none
  Source: (none)
  Source output name: (none)
  Release Data: Off
  Data Released: False
  Global Release Data: Off
  PipelineMTime: 0
  UpdateMTime: 1930
  RealTimeStamp: 0 seconds 
  LargestPossibleRegion: 
    Dimension: 3
    Index: [0, 0, 0]
    Size: [193, 229, 193]
  BufferedRegion: 
    Dimension: 3
    Index: [0, 0, 0]
    Size: [193, 229, 193]
  RequestedRegion: 
    Dimension: 3
    Index: [0, 0, 0]
    Size: [193, 229, 193]
  Spacing: [1, 1, 1]
  Origin: [96, 132, -78]
  Direction: 
-1 0 0
0 -1 0
0 0 1

  IndexToPointMatrix: 
-1 0 0
0 -1 0
0 0 1

  PointToIndexMatrix: 
-1 0 0
0 -1 0
0 0 1

  Inverse Direction: 
-1 0 0
0 -1 0
0 0 1

  PixelContainer: 
    ImportImageContainer (0x562556d04050)
      RTTI typeinfo:   itk::ImportImageContainer<unsigned long, float>
      Reference Count: 1
      Modified Time: 1927
      Debug: Off
      Object Name: 
      Observers: 
        none
      Pointer: 0x7f41c8aca010
      Container manages memory: true
      Size: 8530021
      Capacity: 8530021

     Moving image = Image (0x562556c2d4d0)
  RTTI typeinfo:   itk::Image<float, 3u>
  Reference Count: 2
  Modified Time: 2146
  Debug: Off
  Object Name: 
  Observers: 
    none
  Source: (none)
  Source output name: (none)
  Release Data: Off
  Data Released: False
  Global Release Data: Off
  PipelineMTime: 0
  UpdateMTime: 2143
  RealTimeStamp: 0 seconds 
  LargestPossibleRegion: 
    Dimension: 3
    Index: [0, 0, 0]
    Size: [160, 240, 256]
  BufferedRegion: 
    Dimension: 3
    Index: [0, 0, 0]
    Size: [160, 240, 256]
  RequestedRegion: 
    Dimension: 3
    Index: [0, 0, 0]
    Size: [160, 240, 256]
  Spacing: [1, 1, 1]
  Origin: [79.5, 93.5195, -127]
  Direction: 
-1 0 0
0 -1 0
0 0 1

  IndexToPointMatrix: 
-1 0 0
0 -1 0
0 0 1

  PointToIndexMatrix: 
-1 0 0
0 -1 0
0 0 1

  Inverse Direction: 
-1 0 0
0 -1 0
0 0 1

  PixelContainer: 
    ImportImageContainer (0x562556da41d0)
      RTTI typeinfo:   itk::ImportImageContainer<unsigned long, float>
      Reference Count: 1
      Modified Time: 2140
      Debug: Off
      Object Name: 
      Observers: 
        none
      Pointer: 0x7f41c6549010
      Container manages memory: true
      Size: 9830400
      Capacity: 9830400

     Weighting = 1
     Sampling strategy = regular
     Number of bins = 32
     Radius = 4
     Sampling percentage  = 0.25
   Transform = Affine
     Gradient step = 0.1
     Update field sigma (voxel space) = 0
     Total field sigma (voxel space) = 0
     Update field time sigma = 0
     Total field time sigma  = 0
     Number of time indices = 0
     Number of time point samples = 0
Stage 3 State
   Image metric = CC
     Fixed image = Image (0x562556c2bc50)
  RTTI typeinfo:   itk::Image<float, 3u>
  Reference Count: 2
  Modified Time: 2573
  Debug: Off
  Object Name: 
  Observers: 
    none
  Source: (none)
  Source output name: (none)
  Release Data: Off
  Data Released: False
  Global Release Data: Off
  PipelineMTime: 0
  UpdateMTime: 2358
  RealTimeStamp: 0 seconds 
  LargestPossibleRegion: 
    Dimension: 3
    Index: [0, 0, 0]
    Size: [193, 229, 193]
  BufferedRegion: 
    Dimension: 3
    Index: [0, 0, 0]
    Size: [193, 229, 193]
  RequestedRegion: 
    Dimension: 3
    Index: [0, 0, 0]
    Size: [193, 229, 193]
  Spacing: [1, 1, 1]
  Origin: [96, 132, -78]
  Direction: 
-1 0 0
0 -1 0
0 0 1

  IndexToPointMatrix: 
-1 0 0
0 -1 0
0 0 1

  PointToIndexMatrix: 
-1 0 0
0 -1 0
0 0 1

  Inverse Direction: 
-1 0 0
0 -1 0
0 0 1

  PixelContainer: 
    ImportImageContainer (0x562556c2cb00)
      RTTI typeinfo:   itk::ImportImageContainer<unsigned long, float>
      Reference Count: 1
      Modified Time: 2355
      Debug: Off
      Object Name: 
      Observers: 
        none
      Pointer: 0x7f41c44be010
      Container manages memory: true
      Size: 8530021
      Capacity: 8530021

     Moving image = Image (0x562556c3f370)
  RTTI typeinfo:   itk::Image<float, 3u>
  Reference Count: 2
  Modified Time: 2574
  Debug: Off
  Object Name: 
  Observers: 
    none
  Source: (none)
  Source output name: (none)
  Release Data: Off
  Data Released: False
  Global Release Data: Off
  PipelineMTime: 0
  UpdateMTime: 2571
  RealTimeStamp: 0 seconds 
  LargestPossibleRegion: 
    Dimension: 3
    Index: [0, 0, 0]
    Size: [160, 240, 256]
  BufferedRegion: 
    Dimension: 3
    Index: [0, 0, 0]
    Size: [160, 240, 256]
  RequestedRegion: 
    Dimension: 3
    Index: [0, 0, 0]
    Size: [160, 240, 256]
  Spacing: [1, 1, 1]
  Origin: [79.5, 93.5195, -127]
  Direction: 
-1 0 0
0 -1 0
0 0 1

  IndexToPointMatrix: 
-1 0 0
0 -1 0
0 0 1

  PointToIndexMatrix: 
-1 0 0
0 -1 0
0 0 1

  Inverse Direction: 
-1 0 0
0 -1 0
0 0 1

  PixelContainer: 
    ImportImageContainer (0x562556e042d0)
      RTTI typeinfo:   itk::ImportImageContainer<unsigned long, float>
      Reference Count: 1
      Modified Time: 2568
      Debug: Off
      Object Name: 
      Observers: 
        none
      Pointer: 0x7f41c1f3d010
      Container manages memory: true
      Size: 9830400
      Capacity: 9830400

     Weighting = 1
     Sampling strategy = none
     Number of bins = 32
     Radius = 4
     Sampling percentage  = 1
   Transform = SyN
     Gradient step = 0.1
     Update field sigma (voxel space) = 3
     Total field sigma (voxel space) = 0
     Update field time sigma = 0
     Total field time sigma  = 0
     Number of time indices = 0
     Number of time point samples = 0
Registration using 3 total stages.

Stage 0
  iterations = 1000x500x250x100
  convergence threshold = 1e-06
  convergence window size = 10
  number of levels = 4
  using the Mattes MI metric (number of bins = 32, weight = 1, use gradient filter = 0)
  preprocessing:  winsorizing the image intensities
  Shrink factors (level 1 out of 4): [8, 8, 8]
  Shrink factors (level 2 out of 4): [4, 4, 4]
  Shrink factors (level 3 out of 4): [2, 2, 2]
  Shrink factors (level 4 out of 4): [1, 1, 1]
  smoothing sigmas per level: [3, 2, 1, 0]
  regular sampling (percentage = 0.25)

*** Running Euler3DTransform registration ***

DIAGNOSTIC,Iteration,metricValue,convergenceValue,ITERATION_TIME_INDEX,SINCE_LAST
 2DIAGNOSTIC,     1, -6.047251820564e-01, inf, 1.6134e+00, 1.6134e+00, 
 2DIAGNOSTIC,     2, -6.069611907005e-01, inf, 1.6234e+00, 1.0068e-02, 
 2DIAGNOSTIC,     3, -6.122188568115e-01, inf, 1.6314e+00, 7.9379e-03, 
 2DIAGNOSTIC,     4, -6.174182295799e-01, inf, 1.6493e+00, 1.7964e-02, 
 2DIAGNOSTIC,     5, -6.242769956589e-01, inf, 1.6634e+00, 1.4038e-02, 
 2DIAGNOSTIC,     6, -6.375652551651e-01, inf, 1.6789e+00, 1.5535e-02, 
 2DIAGNOSTIC,     7, -6.396588087082e-01, inf, 1.6871e+00, 8.1420e-03, 
 2DIAGNOSTIC,     8, -6.428202390671e-01, inf, 1.6956e+00, 8.5130e-03, 
 2DIAGNOSTIC,     9, -6.486679315567e-01, inf, 1.7046e+00, 8.9900e-03, 
 2DIAGNOSTIC,    10, -6.687145829201e-01, 6.067379843444e-03, 1.7384e+00, 3.3865e-02, 
 2DIAGNOSTIC,    11, -6.745853424072e-01, 6.027966737747e-03, 1.7477e+00, 9.2301e-03, 
 2DIAGNOSTIC,    12, -6.765547990799e-01, 5.616416223347e-03, 1.7567e+00, 9.0001e-03, 
 2DIAGNOSTIC,    13, -6.782993674278e-01, 5.018967669457e-03, 1.7645e+00, 7.8800e-03, 
 2DIAGNOSTIC,    14, -6.825290918350e-01, 4.349332768470e-03, 1.7738e+00, 9.3119e-03, 
 2DIAGNOSTIC,    15, -6.841707825661e-01, 3.605095203966e-03, 1.7829e+00, 9.0132e-03, 
 2DIAGNOSTIC,    16, -6.844145059586e-01, 2.997987205163e-03, 1.7997e+00, 1.6800e-02, 
 2DIAGNOSTIC,    17, -6.844900250435e-01, 2.255112165585e-03, 1.8224e+00, 2.2741e-02, 
 2DIAGNOSTIC,    18, -6.845070719719e-01, 1.471571857110e-03, 1.8321e+00, 9.6500e-03, 
 2DIAGNOSTIC,    19, -6.845247149467e-01, 7.598560769111e-04, 1.8408e+00, 8.7729e-03, 
 2DIAGNOSTIC,    20, -6.845849752426e-01, 4.841588088311e-04, 1.8583e+00, 1.7435e-02, 
 2DIAGNOSTIC,    21, -6.845592260361e-01, 3.117181477137e-04, 1.8735e+00, 1.5282e-02, 
 2DIAGNOSTIC,    22, -6.849039196968e-01, 1.725843176246e-04, 1.8935e+00, 1.9996e-02, 
 2DIAGNOSTIC,    23, -6.856429576874e-01, 7.452676800312e-05, 1.9091e+00, 1.5521e-02, 
 2DIAGNOSTIC,    24, -6.858358383179e-01, 5.625442645396e-05, 1.9167e+00, 7.6060e-03, 
 2DIAGNOSTIC,    25, -6.864411234856e-01, 7.297651609406e-05, 1.9245e+00, 7.8502e-03, 
 2DIAGNOSTIC,    26, -6.873548030853e-01, 1.006218371913e-04, 1.9357e+00, 1.1143e-02, 
 2DIAGNOSTIC,    27, -6.876549124718e-01, 1.223826111527e-04, 1.9436e+00, 7.9460e-03, 
 2DIAGNOSTIC,    28, -6.877089142799e-01, 1.321695599472e-04, 1.9511e+00, 7.4978e-03, 
 2DIAGNOSTIC,    29, -6.880865693092e-01, 1.349008671241e-04, 1.9589e+00, 7.8249e-03, 
 2DIAGNOSTIC,    30, -6.889882087708e-01, 1.384424540447e-04, 1.9670e+00, 8.0740e-03, 
 2DIAGNOSTIC,    31, -6.909371018410e-01, 1.546697603771e-04, 1.9779e+00, 1.0931e-02, 
 2DIAGNOSTIC,    32, -6.984106898308e-01, 2.584390458651e-04, 1.9883e+00, 1.0339e-02, 
 2DIAGNOSTIC,    33, -7.000637054443e-01, 3.599378687795e-04, 1.9972e+00, 8.9400e-03, 
 2DIAGNOSTIC,    34, -7.005939483643e-01, 4.309669602662e-04, 2.0081e+00, 1.0931e-02, 
 2DIAGNOSTIC,    35, -7.007097005844e-01, 4.666571330745e-04, 2.0157e+00, 7.5099e-03, 
 2DIAGNOSTIC,    36, -7.014569640160e-01, 4.751273372676e-04, 2.0245e+00, 8.8170e-03, 
 2DIAGNOSTIC,    37, -7.019249796867e-01, 4.452865105122e-04, 2.0324e+00, 7.9751e-03, 
 2DIAGNOSTIC,    38, -7.019856572151e-01, 3.757622907870e-04, 2.0413e+00, 8.8842e-03, 
 2DIAGNOSTIC,    39, -7.028265595436e-01, 2.887235896196e-04, 2.0500e+00, 8.7111e-03, 
 2DIAGNOSTIC,    40, -7.039427161217e-01, 2.004390553338e-04, 2.0591e+00, 9.0461e-03, 
 2DIAGNOSTIC,    41, -7.043197154999e-01, 1.192083509522e-04, 2.0699e+00, 1.0773e-02, 
 2DIAGNOSTIC,    42, -7.046448588371e-01, 1.084181203623e-04, 2.0788e+00, 8.9829e-03, 
 2DIAGNOSTIC,    43, -7.050514817238e-01, 1.080451256712e-04, 2.0879e+00, 9.0480e-03, 
 2DIAGNOSTIC,    44, -7.050628662109e-01, 1.025431629387e-04, 2.0966e+00, 8.7330e-03, 
 2DIAGNOSTIC,    45, -7.051708102226e-01, 8.938793325797e-05, 2.1053e+00, 8.6339e-03, 
 2DIAGNOSTIC,    46, -7.055551409721e-01, 7.858672324801e-05, 2.1143e+00, 9.0749e-03, 
 2DIAGNOSTIC,    47, -7.059983611107e-01, 6.900225707795e-05, 2.1243e+00, 9.9819e-03, 
 2DIAGNOSTIC,    48, -7.073839902878e-01, 6.572435813723e-05, 2.1374e+00, 1.3117e-02, 
 2DIAGNOSTIC,    49, -7.076840996742e-01, 6.563841452589e-05, 2.1451e+00, 7.7150e-03, 
 2DIAGNOSTIC,    50, -7.085776329041e-01, 7.620393444085e-05, 2.1528e+00, 7.6170e-03, 
 2DIAGNOSTIC,    51, -7.095921039581e-01, 9.037503332365e-05, 2.1606e+00, 7.8862e-03, 
 2DIAGNOSTIC,    52, -7.100642919540e-01, 1.014667213894e-04, 2.1682e+00, 7.5042e-03, 
 2DIAGNOSTIC,    53, -7.111509442329e-01, 1.141358006862e-04, 2.1761e+00, 7.9811e-03, 
 2DIAGNOSTIC,    54, -7.131268978119e-01, 1.306236517848e-04, 2.1856e+00, 9.4872e-03, 
 2DIAGNOSTIC,    55, -7.152715921402e-01, 1.507312263129e-04, 2.1977e+00, 1.2083e-02, 
 2DIAGNOSTIC,    56, -7.161855101585e-01, 1.650546473684e-04, 2.2055e+00, 7.7538e-03, 
 2DIAGNOSTIC,    57, -7.164306044579e-01, 1.680300774751e-04, 2.2141e+00, 8.6560e-03, 
 2DIAGNOSTIC,    58, -7.168321013451e-01, 1.678028638707e-04, 2.2279e+00, 1.3830e-02, 
 2DIAGNOSTIC,    59, -7.171518802643e-01, 1.555523776915e-04, 2.2356e+00, 7.6320e-03, 
 2DIAGNOSTIC,    60, -7.185788750648e-01, 1.444707304472e-04, 2.2433e+00, 7.7691e-03, 
 2DIAGNOSTIC,    61, -7.210785150528e-01, 1.435961748939e-04, 2.2512e+00, 7.8740e-03, 
 2DIAGNOSTIC,    62, -7.226195335388e-01, 1.422057248419e-04, 2.2605e+00, 9.2549e-03, 
 2DIAGNOSTIC,    63, -7.239583730698e-01, 1.430264528608e-04, 2.2682e+00, 7.7689e-03, 
 2DIAGNOSTIC,    64, -7.254620790482e-01, 1.522935635876e-04, 2.2777e+00, 9.4528e-03, 
 2DIAGNOSTIC,    65, -7.293853163719e-01, 1.847837993409e-04, 2.2943e+00, 1.6639e-02, 
 2DIAGNOSTIC,    66, -7.298529744148e-01, 2.063517167699e-04, 2.3076e+00, 1.3300e-02, 
 2DIAGNOSTIC,    67, -7.303488254547e-01, 2.121764846379e-04, 2.3163e+00, 8.6172e-03, 
 2DIAGNOSTIC,    68, -7.305055260658e-01, 2.012351906160e-04, 2.3257e+00, 9.4290e-03, 
 2DIAGNOSTIC,    69, -7.305514812469e-01, 1.733415556373e-04, 2.3341e+00, 8.3830e-03, 
 2DIAGNOSTIC,    70, -7.307766675949e-01, 1.387588417856e-04, 2.3414e+00, 7.3559e-03, 
 2DIAGNOSTIC,    71, -7.308924794197e-01, 1.068052733899e-04, 2.3497e+00, 8.2369e-03, 
 2DIAGNOSTIC,    72, -7.309701442719e-01, 7.494056626456e-05, 2.3572e+00, 7.5049e-03, 
 2DIAGNOSTIC,    73, -7.309446930885e-01, 4.423952486832e-05, 2.3655e+00, 8.3311e-03, 
 2DIAGNOSTIC,    74, -7.310083508492e-01, 1.831889312598e-05, 2.3738e+00, 8.3408e-03, 
 2DIAGNOSTIC,    75, -7.310813665390e-01, 1.313636221312e-05, 2.3822e+00, 8.3621e-03, 
 2DIAGNOSTIC,    76, -7.314052581787e-01, 1.104089460569e-05, 2.3896e+00, 7.4251e-03, 
 2DIAGNOSTIC,    77, -7.314243316650e-01, 1.066170261765e-05, 2.3992e+00, 9.5930e-03, 
 2DIAGNOSTIC,    78, -7.314554452896e-01, 1.032889122143e-05, 2.4065e+00, 7.2880e-03, 
 2DIAGNOSTIC,    79, -7.314794659615e-01, 9.408402547706e-06, 2.4138e+00, 7.2851e-03, 
 2DIAGNOSTIC,    80, -7.315046787262e-01, 8.892425285012e-06, 2.4242e+00, 1.0395e-02, 
 2DIAGNOSTIC,    81, -7.315066456795e-01, 8.127482033160e-06, 2.4315e+00, 7.3469e-03, 
 2DIAGNOSTIC,    82, -7.315126657486e-01, 7.060784355417e-06, 2.4390e+00, 7.5011e-03, 
 2DIAGNOSTIC,    83, -7.315217852592e-01, 5.317444902175e-06, 2.4485e+00, 9.4781e-03, 
 2DIAGNOSTIC,    84, -7.316502928734e-01, 4.079453447048e-06, 2.4563e+00, 7.7848e-03, 
 2DIAGNOSTIC,    85, -7.316706776619e-01, 2.902731466747e-06, 2.4690e+00, 1.2684e-02, 
 2DIAGNOSTIC,    86, -7.317874431610e-01, 3.598899183999e-06, 2.4787e+00, 9.7730e-03, 
 2DIAGNOSTIC,    87, -7.317882180214e-01, 4.054320015712e-06, 2.4885e+00, 9.7909e-03, 
 2DIAGNOSTIC,    88, -7.317887544632e-01, 4.293184701964e-06, 2.4974e+00, 8.8720e-03, 
 2DIAGNOSTIC,    89, -7.317902445793e-01, 4.259717570676e-06, 2.5059e+00, 8.4569e-03, 
 2DIAGNOSTIC,    90, -7.317934632301e-01, 3.974268565798e-06, 2.5132e+00, 7.3552e-03, 
 2DIAGNOSTIC,    91, -7.317968606949e-01, 3.370274725967e-06, 2.5205e+00, 7.2379e-03, 
 2DIAGNOSTIC,    92, -7.318025827408e-01, 2.545985580582e-06, 2.5280e+00, 7.4940e-03, 
 2DIAGNOSTIC,    93, -7.318166494370e-01, 1.622656554900e-06, 2.5404e+00, 1.2462e-02, 
 2DIAGNOSTIC,    94, -7.318162322044e-01, 1.150919047177e-06, 2.5550e+00, 1.4560e-02, 
DIAGNOSTIC,Iteration,metricValue,convergenceValue,ITERATION_TIME_INDEX,SINCE_LAST
 2DIAGNOSTIC,     1, -6.102265119553e-01, inf, 3.8369e+00, 1.2819e+00, 
 2DIAGNOSTIC,     2, -6.107775568962e-01, inf, 3.9057e+00, 6.8806e-02, 
 2DIAGNOSTIC,     3, -6.113185882568e-01, inf, 3.9854e+00, 7.9726e-02, 
 2DIAGNOSTIC,     4, -6.120517253876e-01, inf, 4.0748e+00, 8.9414e-02, 
 2DIAGNOSTIC,     5, -6.129313111305e-01, inf, 4.1451e+00, 7.0294e-02, 
 2DIAGNOSTIC,     6, -6.137421131134e-01, inf, 4.2169e+00, 7.1788e-02, 
 2DIAGNOSTIC,     7, -6.151940226555e-01, inf, 4.2892e+00, 7.2291e-02, 
 2DIAGNOSTIC,     8, -6.175833344460e-01, inf, 4.3723e+00, 8.3136e-02, 
 2DIAGNOSTIC,     9, -6.182535290718e-01, inf, 4.4875e+00, 1.1513e-01, 
 2DIAGNOSTIC,    10, -6.184615492821e-01, 9.643071680330e-04, 4.5586e+00, 7.1149e-02, 
 2DIAGNOSTIC,    11, -6.193257570267e-01, 9.091193787754e-04, 4.6313e+00, 7.2671e-02, 
 2DIAGNOSTIC,    12, -6.200159192085e-01, 8.281740010716e-04, 4.7038e+00, 7.2507e-02, 
 2DIAGNOSTIC,    13, -6.205100417137e-01, 7.201908156276e-04, 4.7762e+00, 7.2452e-02, 
 2DIAGNOSTIC,    14, -6.213679313660e-01, 6.148400716484e-04, 4.8603e+00, 8.4097e-02, 
 2DIAGNOSTIC,    15, -6.234576702118e-01, 5.594479735009e-04, 4.9770e+00, 1.1666e-01, 
 2DIAGNOSTIC,    16, -6.240185499191e-01, 4.976963973604e-04, 5.0601e+00, 8.3057e-02, 
 2DIAGNOSTIC,    17, -6.240969300270e-01, 4.377585137263e-04, 5.1423e+00, 8.2257e-02, 
 2DIAGNOSTIC,    18, -6.242625713348e-01, 4.101756203454e-04, 5.2144e+00, 7.2123e-02, 
 2DIAGNOSTIC,    19, -6.251170039177e-01, 3.845012688544e-04, 5.3079e+00, 9.3508e-02, 
 2DIAGNOSTIC,    20, -6.260692477226e-01, 3.508930094540e-04, 5.4102e+00, 1.0220e-01, 
 2DIAGNOSTIC,    21, -6.264362931252e-01, 3.142300411128e-04, 5.4800e+00, 6.9823e-02, 
 2DIAGNOSTIC,    22, -6.266703605652e-01, 2.718955511227e-04, 5.5633e+00, 8.3365e-02, 
 2DIAGNOSTIC,    23, -6.267406344414e-01, 2.195852721343e-04, 5.6535e+00, 9.0161e-02, 
 2DIAGNOSTIC,    24, -6.267401576042e-01, 1.664045266807e-04, 5.7428e+00, 8.9269e-02, 
 2DIAGNOSTIC,    25, -6.267341375351e-01, 1.397120940965e-04, 5.8318e+00, 8.8992e-02, 
 2DIAGNOSTIC,    26, -6.267251372337e-01, 1.118815052905e-04, 5.9249e+00, 9.3148e-02, 
 2DIAGNOSTIC,    27, -6.267154812813e-01, 7.714640378254e-05, 6.0063e+00, 8.1438e-02, 
 2DIAGNOSTIC,    28, -6.266952157021e-01, 3.998360989499e-05, 6.0875e+00, 8.1186e-02, 
 2DIAGNOSTIC,    29, -6.267075538635e-01, 1.512009657745e-05, 6.1685e+00, 8.1006e-02, 
 2DIAGNOSTIC,    30, -6.267091035843e-01, 5.041056283517e-06, 6.2388e+00, 7.0291e-02, 
DIAGNOSTIC,Iteration,metricValue,convergenceValue,ITERATION_TIME_INDEX,SINCE_LAST
 2DIAGNOSTIC,     1, -5.480169653893e-01, inf, 8.0603e+00, 1.8215e+00, 
 2DIAGNOSTIC,     2, -5.484822988510e-01, inf, 8.6021e+00, 5.4177e-01, 
 2DIAGNOSTIC,     3, -5.488651394844e-01, inf, 9.1988e+00, 5.9677e-01, 
 2DIAGNOSTIC,     4, -5.489314794540e-01, inf, 9.8703e+00, 6.7143e-01, 
 2DIAGNOSTIC,     5, -5.489324927330e-01, inf, 1.0439e+01, 5.6855e-01, 
 2DIAGNOSTIC,     6, -5.489296317101e-01, inf, 1.1048e+01, 6.0947e-01, 
 2DIAGNOSTIC,     7, -5.489342808723e-01, inf, 1.1672e+01, 6.2404e-01, 
 2DIAGNOSTIC,     8, -5.489506721497e-01, inf, 1.2357e+01, 6.8462e-01, 
 2DIAGNOSTIC,     9, -5.489481687546e-01, inf, 1.2962e+01, 6.0470e-01, 
 2DIAGNOSTIC,    10, -5.489475727081e-01, 7.560512312921e-05, 1.3727e+01, 7.6504e-01, 
 2DIAGNOSTIC,    11, -5.489429235458e-01, 2.895566831285e-05, 1.4448e+01, 7.2161e-01, 
 2DIAGNOSTIC,    12, -5.489433407784e-01, 7.404900316033e-06, 1.5154e+01, 7.0606e-01, 
 2DIAGNOSTIC,    13, -5.489437580109e-01, 3.916470632248e-06, 1.5763e+01, 6.0821e-01, 
 2DIAGNOSTIC,    14, -5.489428639412e-01, 3.210577915524e-06, 1.6381e+01, 6.1817e-01, 
 2DIAGNOSTIC,    15, -5.489420890808e-01, 2.537985892559e-06, 1.6930e+01, 5.4938e-01, 
 2DIAGNOSTIC,    16, -5.489426851273e-01, 1.841850689743e-06, 1.7526e+01, 5.9545e-01, 
 2DIAGNOSTIC,    17, -5.489410161972e-01, 1.315392069046e-06, 1.8120e+01, 5.9473e-01, 
 2DIAGNOSTIC,    18, -5.489383935928e-01, 1.295648303312e-06, 1.8736e+01, 6.1556e-01, 
 2DIAGNOSTIC,    19, -5.489399433136e-01, 1.297044946114e-06, 1.9279e+01, 5.4320e-01, 
 2DIAGNOSTIC,    20, -5.489414334297e-01, 1.357973474114e-06, 1.9804e+01, 5.2483e-01, 
 2DIAGNOSTIC,    21, -5.489419698715e-01, 1.331172825303e-06, 2.0400e+01, 5.9593e-01, 
 2DIAGNOSTIC,    22, -5.489432811737e-01, 1.365315711155e-06, 2.0996e+01, 5.9636e-01, 
 2DIAGNOSTIC,    23, -5.489450693130e-01, 1.455133315176e-06, 2.1616e+01, 6.2023e-01, 
 2DIAGNOSTIC,    24, -5.489445924759e-01, 1.500147163824e-06, 2.2230e+01, 6.1383e-01, 
 2DIAGNOSTIC,    25, -5.489467382431e-01, 1.552389221615e-06, 2.3192e+01, 9.6196e-01, 
 2DIAGNOSTIC,    26, -5.489470958710e-01, 1.592964736119e-06, 2.3787e+01, 5.9452e-01, 
 2DIAGNOSTIC,    27, -5.489463806152e-01, 1.551845684844e-06, 2.4381e+01, 5.9397e-01, 
 2DIAGNOSTIC,    28, -5.489456653595e-01, 1.416864279236e-06, 2.4900e+01, 5.1893e-01, 
 2DIAGNOSTIC,    29, -5.489432811737e-01, 1.249716660823e-06, 2.5498e+01, 5.9810e-01, 
 2DIAGNOSTIC,    30, -5.489433407784e-01, 1.106741365220e-06, 2.6021e+01, 5.2335e-01, 
DIAGNOSTIC,Iteration,metricValue,convergenceValue,ITERATION_TIME_INDEX,SINCE_LAST
 2DIAGNOSTIC,     1, -5.001707673073e-01, inf, 3.0203e+01, 4.1821e+00, 
 2DIAGNOSTIC,     2, -5.003830194473e-01, inf, 3.3551e+01, 3.3481e+00, 
 2DIAGNOSTIC,     3, -5.004420876503e-01, inf, 3.7377e+01, 3.8263e+00, 
 2DIAGNOSTIC,     4, -5.004534125328e-01, inf, 4.0733e+01, 3.3556e+00, 
 2DIAGNOSTIC,     5, -5.004563331604e-01, inf, 4.7410e+01, 6.6767e+00, 
 2DIAGNOSTIC,     6, -5.004565715790e-01, inf, 5.1227e+01, 3.8174e+00, 
 2DIAGNOSTIC,     7, -5.004559159279e-01, inf, 5.5082e+01, 3.8545e+00, 
 2DIAGNOSTIC,     8, -5.004553794861e-01, inf, 5.8894e+01, 3.8126e+00, 
 2DIAGNOSTIC,     9, -5.004550218582e-01, inf, 6.2746e+01, 3.8513e+00, 
 2DIAGNOSTIC,    10, -5.004544258118e-01, 2.346232577111e-05, 6.7089e+01, 4.3438e+00, 
 2DIAGNOSTIC,    11, -5.004543662071e-01, 7.161951089074e-06, 7.1374e+01, 4.2846e+00, 
 2DIAGNOSTIC,    12, -5.004538893700e-01, 3.147148390781e-06, 7.5184e+01, 3.8097e+00, 
 2DIAGNOSTIC,    13, -5.004535913467e-01, 2.260981545987e-06, 7.8998e+01, 3.8138e+00, 
 2DIAGNOSTIC,    14, -5.004538297653e-01, 1.984177288250e-06, 8.2811e+01, 3.8130e+00, 
 2DIAGNOSTIC,    15, -5.004534721375e-01, 1.866485149549e-06, 8.7098e+01, 4.2875e+00, 
 2DIAGNOSTIC,    16, -5.004534125328e-01, 1.793872229428e-06, 9.0921e+01, 3.8228e+00, 
 2DIAGNOSTIC,    17, -5.004534125328e-01, 1.726191044327e-06, 9.4739e+01, 3.8179e+00, 
 2DIAGNOSTIC,    18, -5.004534721375e-01, 1.664432147663e-06, 9.8554e+01, 3.8156e+00, 
 2DIAGNOSTIC,    19, -5.004535317421e-01, 1.609928062862e-06, 1.0237e+02, 3.8190e+00, 
 2DIAGNOSTIC,    20, -5.004535317421e-01, 1.549799094391e-06, 1.0619e+02, 3.8160e+00, 
 2DIAGNOSTIC,    21, -5.004534125328e-01, 1.494844809713e-06, 1.0953e+02, 3.3434e+00, 
 2DIAGNOSTIC,    22, -5.004532933235e-01, 1.431621171832e-06, 1.1334e+02, 3.8115e+00, 
 2DIAGNOSTIC,    23, -5.004537105560e-01, 1.377898342980e-06, 1.1716e+02, 3.8109e+00, 
 2DIAGNOSTIC,    24, -5.004538297653e-01, 1.337435264759e-06, 1.2096e+02, 3.8081e+00, 
 2DIAGNOSTIC,    25, -5.004537105560e-01, 1.288310727432e-06, 1.2478e+02, 3.8119e+00, 
 2DIAGNOSTIC,    26, -5.004535913467e-01, 1.237910964846e-06, 1.2906e+02, 4.2814e+00, 
 2DIAGNOSTIC,    27, -5.004537105560e-01, 1.192473973788e-06, 1.3287e+02, 3.8113e+00, 
 2DIAGNOSTIC,    28, -5.004536509514e-01, 1.148579599430e-06, 1.3715e+02, 4.2830e+00, 
 2DIAGNOSTIC,    29, -5.004537105560e-01, 1.108763967750e-06, 1.4096e+02, 3.8090e+00, 
 2DIAGNOSTIC,    30, -5.004535317421e-01, 1.067293396773e-06, 1.4477e+02, 3.8146e+00, 
 2DIAGNOSTIC,    31, -5.004534721375e-01, 1.024882067213e-06, 1.4859e+02, 3.8122e+00, 
  Elapsed time (stage 0): 1.5058e+02


Stage 1
  iterations = 1000x500x250x100
  convergence threshold = 1.0000e-06
  convergence window size = 10
  number of levels = 4
  using the Mattes MI metric (number of bins = 32, weight = 1.0000e+00, use gradient filter = 0)
  preprocessing:  winsorizing the image intensities
  Shrink factors (level 1 out of 4): [8, 8, 8]
  Shrink factors (level 2 out of 4): [4, 4, 4]
  Shrink factors (level 3 out of 4): [2, 2, 2]
  Shrink factors (level 4 out of 4): [1, 1, 1]
  smoothing sigmas per level: [3, 2, 1, 0]
  regular sampling (percentage = 2.5000e-01)

*** Running AffineTransform registration ***

DIAGNOSTIC,Iteration,metricValue,convergenceValue,ITERATION_TIME_INDEX,SINCE_LAST
 2DIAGNOSTIC,     1, -7.322797179222e-01, inf, 1.1798e+00, 1.1798e+00, 
 2DIAGNOSTIC,     2, -7.351745963097e-01, inf, 1.1886e+00, 8.8730e-03, 
 2DIAGNOSTIC,     3, -7.402861714363e-01, inf, 1.1972e+00, 8.5449e-03, 
 2DIAGNOSTIC,     4, -7.497366666794e-01, inf, 1.2057e+00, 8.4870e-03, 
 2DIAGNOSTIC,     5, -7.781231999397e-01, inf, 1.2156e+00, 9.9630e-03, 
 2DIAGNOSTIC,     6, -8.109053373337e-01, inf, 1.2242e+00, 8.6050e-03, 
 2DIAGNOSTIC,     7, -8.148504495621e-01, inf, 1.2327e+00, 8.4431e-03, 
 2DIAGNOSTIC,     8, -8.167495131493e-01, inf, 1.2424e+00, 9.6822e-03, 
 2DIAGNOSTIC,     9, -8.167611956596e-01, inf, 1.2509e+00, 8.4941e-03, 
 2DIAGNOSTIC,    10, -8.178412318230e-01, 8.964429609478e-03, 1.2630e+00, 1.2135e-02, 
 2DIAGNOSTIC,    11, -8.184187412262e-01, 7.139879744500e-03, 1.2739e+00, 1.0880e-02, 
 2DIAGNOSTIC,    12, -8.182414770126e-01, 5.082495510578e-03, 1.2843e+00, 1.0421e-02, 
 2DIAGNOSTIC,    13, -8.181949853897e-01, 3.052255837247e-03, 1.2929e+00, 8.6200e-03, 
 2DIAGNOSTIC,    14, -8.182811737061e-01, 1.280737342313e-03, 1.3017e+00, 8.7919e-03, 
 2DIAGNOSTIC,    15, -8.183754086494e-01, 2.950879279524e-04, 1.3103e+00, 8.5521e-03, 
 2DIAGNOSTIC,    16, -8.191319108009e-01, 1.562859397382e-04, 1.3222e+00, 1.1972e-02, 
 2DIAGNOSTIC,    17, -8.189548850060e-01, 9.803118155105e-05, 1.3308e+00, 8.6119e-03, 
 2DIAGNOSTIC,    18, -8.193405866623e-01, 8.353948942386e-05, 1.3407e+00, 9.8970e-03, 
 2DIAGNOSTIC,    19, -8.209154009819e-01, 9.219043568010e-05, 1.3505e+00, 9.7709e-03, 
 2DIAGNOSTIC,    20, -8.215904235840e-01, 1.215224765474e-04, 1.3654e+00, 1.4877e-02, 
 2DIAGNOSTIC,    21, -8.216219544411e-01, 1.471130963182e-04, 1.3740e+00, 8.6579e-03, 
 2DIAGNOSTIC,    22, -8.221382498741e-01, 1.627722522244e-04, 1.3827e+00, 8.6770e-03, 
 2DIAGNOSTIC,    23, -8.225933909416e-01, 1.681826834101e-04, 1.3914e+00, 8.6539e-03, 
 2DIAGNOSTIC,    24, -8.227368593216e-01, 1.604061690159e-04, 1.4000e+00, 8.6510e-03, 
 2DIAGNOSTIC,    25, -8.228324651718e-01, 1.406703522662e-04, 1.4096e+00, 9.6231e-03, 
 2DIAGNOSTIC,    26, -8.229560256004e-01, 1.218331381097e-04, 1.4186e+00, 8.9850e-03, 
 2DIAGNOSTIC,    27, -8.229370713234e-01, 9.062148455996e-05, 1.4285e+00, 9.9118e-03, 
 2DIAGNOSTIC,    28, -8.227218389511e-01, 5.486027293955e-05, 1.4383e+00, 9.7618e-03, 
 2DIAGNOSTIC,    29, -8.227690458298e-01, 3.615274181357e-05, 1.4480e+00, 9.7308e-03, 
 2DIAGNOSTIC,    30, -8.226745724678e-01, 2.228380799352e-05, 1.4678e+00, 1.9794e-02, 
 2DIAGNOSTIC,    31, -8.226794004440e-01, 7.623465990036e-06, 1.4797e+00, 1.1900e-02, 
DIAGNOSTIC,Iteration,metricValue,convergenceValue,ITERATION_TIME_INDEX,SINCE_LAST
 2DIAGNOSTIC,     1, -6.503391861916e-01, inf, 2.7760e+00, 1.2963e+00, 
 2DIAGNOSTIC,     2, -6.508766412735e-01, inf, 2.8607e+00, 8.4676e-02, 
 2DIAGNOSTIC,     3, -6.516154408455e-01, inf, 2.9457e+00, 8.4977e-02, 
 2DIAGNOSTIC,     4, -6.525756716728e-01, inf, 3.0319e+00, 8.6244e-02, 
 2DIAGNOSTIC,     5, -6.534336209297e-01, inf, 3.1175e+00, 8.5543e-02, 
 2DIAGNOSTIC,     6, -6.542177200317e-01, inf, 3.2020e+00, 8.4544e-02, 
 2DIAGNOSTIC,     7, -6.550006866455e-01, inf, 3.3349e+00, 1.3290e-01, 
 2DIAGNOSTIC,     8, -6.551035046577e-01, inf, 3.4195e+00, 8.4581e-02, 
 2DIAGNOSTIC,     9, -6.552621126175e-01, inf, 3.5044e+00, 8.4873e-02, 
 2DIAGNOSTIC,    10, -6.555536389351e-01, 5.580455181189e-04, 3.5897e+00, 8.5343e-02, 
 2DIAGNOSTIC,    11, -6.560231447220e-01, 4.528095014393e-04, 3.6994e+00, 1.0973e-01, 
 2DIAGNOSTIC,    12, -6.571530699730e-01, 3.844785096589e-04, 3.8068e+00, 1.0734e-01, 
 2DIAGNOSTIC,    13, -6.574812531471e-01, 3.268355503678e-04, 3.9245e+00, 1.1770e-01, 
 2DIAGNOSTIC,    14, -6.575518846512e-01, 2.801541413646e-04, 4.0202e+00, 9.5720e-02, 
 2DIAGNOSTIC,    15, -6.575325131416e-01, 2.386847627349e-04, 4.1159e+00, 9.5714e-02, 
 2DIAGNOSTIC,    16, -6.575247049332e-01, 2.011099277297e-04, 4.2114e+00, 9.5509e-02, 
 2DIAGNOSTIC,    17, -6.575290560722e-01, 1.693035010248e-04, 4.3171e+00, 1.0569e-01, 
 2DIAGNOSTIC,    18, -6.575205326080e-01, 1.277577975998e-04, 4.4231e+00, 1.0598e-01, 
 2DIAGNOSTIC,    19, -6.575274467468e-01, 8.301594061777e-05, 4.5296e+00, 1.0654e-01, 
 2DIAGNOSTIC,    20, -6.575081348419e-01, 4.122532845940e-05, 4.6291e+00, 9.9526e-02, 
 2DIAGNOSTIC,    21, -6.574990153313e-01, 8.692329174664e-06, 4.7248e+00, 9.5607e-02, 
DIAGNOSTIC,Iteration,metricValue,convergenceValue,ITERATION_TIME_INDEX,SINCE_LAST
 2DIAGNOSTIC,     1, -5.733664631844e-01, inf, 6.7025e+00, 1.9778e+00, 
 2DIAGNOSTIC,     2, -5.734298825264e-01, inf, 7.4119e+00, 7.0933e-01, 
 2DIAGNOSTIC,     3, -5.735287666321e-01, inf, 8.1230e+00, 7.1116e-01, 
 2DIAGNOSTIC,     4, -5.736535191536e-01, inf, 8.9144e+00, 7.9137e-01, 
 2DIAGNOSTIC,     5, -5.737769007683e-01, inf, 9.6126e+00, 6.9826e-01, 
 2DIAGNOSTIC,     6, -5.740245580673e-01, inf, 1.0756e+01, 1.1432e+00, 
 2DIAGNOSTIC,     7, -5.740343928337e-01, inf, 1.1610e+01, 8.5374e-01, 
 2DIAGNOSTIC,     8, -5.740339159966e-01, inf, 1.2726e+01, 1.1161e+00, 
 2DIAGNOSTIC,     9, -5.740342736244e-01, inf, 1.3504e+01, 7.7812e-01, 
 2DIAGNOSTIC,    10, -5.740344524384e-01, 9.082297037821e-05, 1.4291e+01, 7.8709e-01, 
 2DIAGNOSTIC,    11, -5.740330815315e-01, 6.745716382284e-05, 1.5156e+01, 8.6525e-01, 
 2DIAGNOSTIC,    12, -5.740324854851e-01, 4.477591210161e-05, 1.6023e+01, 8.6668e-01, 
 2DIAGNOSTIC,    13, -5.740324854851e-01, 2.562239205872e-05, 1.6809e+01, 7.8642e-01, 
 2DIAGNOSTIC,    14, -5.740318894386e-01, 1.147808688984e-05, 1.7661e+01, 8.5209e-01, 
 2DIAGNOSTIC,    15, -5.740321278572e-01, 2.230782456536e-06, 1.8538e+01, 8.7678e-01, 
 2DIAGNOSTIC,    16, -5.740316510201e-01, 1.772139626155e-06, 1.9324e+01, 7.8545e-01, 
 2DIAGNOSTIC,    17, -5.740317106247e-01, 1.676886199675e-06, 2.0215e+01, 8.9142e-01, 
 2DIAGNOSTIC,    18, -5.740317702293e-01, 1.597917730578e-06, 2.1002e+01, 7.8723e-01, 
 2DIAGNOSTIC,    19, -5.740303993225e-01, 1.515773533356e-06, 2.1787e+01, 7.8489e-01, 
 2DIAGNOSTIC,    20, -5.740303397179e-01, 1.461361989641e-06, 2.2568e+01, 7.8127e-01, 
 2DIAGNOSTIC,    21, -5.740303993225e-01, 1.393282218487e-06, 2.3355e+01, 7.8697e-01, 
 2DIAGNOSTIC,    22, -5.740305781364e-01, 1.332751708105e-06, 2.4221e+01, 8.6559e-01, 
 2DIAGNOSTIC,    23, -5.740304589272e-01, 1.285763119085e-06, 2.4992e+01, 7.7131e-01, 
 2DIAGNOSTIC,    24, -5.740305185318e-01, 1.241136487806e-06, 2.5763e+01, 7.7103e-01, 
 2DIAGNOSTIC,    25, -5.740305781364e-01, 1.214336407429e-06, 2.6534e+01, 7.7110e-01, 
 2DIAGNOSTIC,    26, -5.740305781364e-01, 1.185468704534e-06, 2.7305e+01, 7.7024e-01, 
 2DIAGNOSTIC,    27, -5.740306377411e-01, 1.164150148725e-06, 2.8075e+01, 7.7046e-01, 
 2DIAGNOSTIC,    28, -5.740306377411e-01, 1.147452280748e-06, 2.8859e+01, 7.8412e-01, 
 2DIAGNOSTIC,    29, -5.740305781364e-01, 1.106510694626e-06, 2.9632e+01, 7.7296e-01, 
 2DIAGNOSTIC,    30, -5.740306973457e-01, 1.068387405212e-06, 3.0429e+01, 7.9657e-01, 
 2DIAGNOSTIC,    31, -5.740307569504e-01, 1.033716898746e-06, 3.1208e+01, 7.7896e-01, 
 2DIAGNOSTIC,    32, -5.740306377411e-01, 1.001474174700e-06, 3.1988e+01, 7.8009e-01, 
DIAGNOSTIC,Iteration,metricValue,convergenceValue,ITERATION_TIME_INDEX,SINCE_LAST
 2DIAGNOSTIC,     1, -5.220448374748e-01, inf, 3.7149e+01, 5.1613e+00, 
 2DIAGNOSTIC,     2, -5.223879814148e-01, inf, 4.1381e+01, 4.2318e+00, 
 2DIAGNOSTIC,     3, -5.227890014648e-01, inf, 4.5557e+01, 4.1762e+00, 
 2DIAGNOSTIC,     4, -5.233064889908e-01, inf, 4.9723e+01, 4.1656e+00, 
 2DIAGNOSTIC,     5, -5.237675905228e-01, inf, 5.3887e+01, 4.1639e+00, 
 2DIAGNOSTIC,     6, -5.242207050323e-01, inf, 5.9608e+01, 5.7211e+00, 
 2DIAGNOSTIC,     7, -5.243864059448e-01, inf, 6.4282e+01, 4.6741e+00, 
 2DIAGNOSTIC,     8, -5.244191884995e-01, inf, 6.8443e+01, 4.1609e+00, 
 2DIAGNOSTIC,     9, -5.244507789612e-01, inf, 7.4156e+01, 5.7139e+00, 
 2DIAGNOSTIC,    10, -5.244628787041e-01, 3.257927310187e-04, 7.8314e+01, 4.1574e+00, 
 2DIAGNOSTIC,    11, -5.244812369347e-01, 2.343062224099e-04, 8.2468e+01, 4.1543e+00, 
 2DIAGNOSTIC,    12, -5.244995951653e-01, 1.535872725071e-04, 8.6623e+01, 4.1554e+00, 
 2DIAGNOSTIC,    13, -5.245785713196e-01, 9.157072781818e-05, 9.2858e+01, 6.2344e+00, 
 2DIAGNOSTIC,    14, -5.245800614357e-01, 5.015166243538e-05, 9.7015e+01, 4.1573e+00, 
 2DIAGNOSTIC,    15, -5.245858430862e-01, 2.642692561494e-05, 1.0119e+02, 4.1790e+00, 
 2DIAGNOSTIC,    16, -5.246038436890e-01, 1.930795951921e-05, 1.0535e+02, 4.1599e+00, 
 2DIAGNOSTIC,    17, -5.246441960335e-01, 1.796064316295e-05, 1.0951e+02, 4.1589e+00, 
 2DIAGNOSTIC,    18, -5.246880650520e-01, 1.750484261720e-05, 1.1733e+02, 7.8163e+00, 
 2DIAGNOSTIC,    19, -5.246865153313e-01, 1.647801036597e-05, 1.2200e+02, 4.6751e+00, 
 2DIAGNOSTIC,    20, -5.246846079826e-01, 1.451032403565e-05, 1.2929e+02, 7.2894e+00, 
 2DIAGNOSTIC,    21, -5.246845483780e-01, 1.201804934681e-05, 1.3397e+02, 4.6803e+00, 
 2DIAGNOSTIC,    22, -5.246840715408e-01, 9.136068911175e-06, 1.3865e+02, 4.6749e+00, 
 2DIAGNOSTIC,    23, -5.246838927269e-01, 7.629371793882e-06, 1.4332e+02, 4.6740e+00, 
 2DIAGNOSTIC,    24, -5.246838331223e-01, 5.708295702789e-06, 1.4852e+02, 5.2009e+00, 
 2DIAGNOSTIC,    25, -5.246840119362e-01, 3.674385880004e-06, 1.5321e+02, 4.6855e+00, 
 2DIAGNOSTIC,    26, -5.246838927269e-01, 1.930505504788e-06, 1.5788e+02, 4.6720e+00, 
 2DIAGNOSTIC,    27, -5.246835947037e-01, 1.027640905704e-06, 1.6308e+02, 5.2025e+00, 
 2DIAGNOSTIC,    28, -5.246833562851e-01, 1.049009938470e-06, 1.6776e+02, 4.6793e+00, 
 2DIAGNOSTIC,    29, -5.246831774712e-01, 1.045804992827e-06, 1.7244e+02, 4.6783e+00, 
 2DIAGNOSTIC,    30, -5.246828794479e-01, 1.007658170238e-06, 1.7712e+02, 4.6809e+00, 
  Elapsed time (stage 1): 1.7969e+02


Stage 2
  iterations = 100x70x50x20
  convergence threshold = 1.0000e-06
  convergence window size = 10
  number of levels = 4
  using the CC metric (radius = 4, weight = 1.0000e+00, use gradient filter = 0)
  preprocessing:  winsorizing the image intensities
  Shrink factors (level 1 out of 4): [8, 8, 8]
  Shrink factors (level 2 out of 4): [4, 4, 4]
  Shrink factors (level 3 out of 4): [2, 2, 2]
  Shrink factors (level 4 out of 4): [1, 1, 1]
  smoothing sigmas per level: [3, 2, 1, 0]
  Using default NONE metricSamplingStrategy 

*** Running SyN registration (varianceForUpdateField = 3.0000e+00, varianceForTotalField = 0.0000e+00) ***

XXDIAGNOSTIC,Iteration,metricValue,convergenceValue,ITERATION_TIME_INDEX,SINCE_LAST
 1DIAGNOSTIC,     1, -8.944191932678e-01, inf, 1.8920e+00, 1.8920e+00, 
 1DIAGNOSTIC,     2, -9.034146070480e-01, inf, 2.6386e+00, 7.4652e-01, 
 1DIAGNOSTIC,     3, -9.120640158653e-01, inf, 3.4000e+00, 7.6141e-01, 
 1DIAGNOSTIC,     4, -9.187063574791e-01, inf, 4.1526e+00, 7.5262e-01, 
 1DIAGNOSTIC,     5, -9.239686727524e-01, inf, 4.8972e+00, 7.4460e-01, 
 1DIAGNOSTIC,     6, -9.284802675247e-01, inf, 5.6543e+00, 7.5711e-01, 
 1DIAGNOSTIC,     7, -9.322685599327e-01, inf, 6.4231e+00, 7.6884e-01, 
 1DIAGNOSTIC,     8, -9.352960586548e-01, inf, 7.2054e+00, 7.8227e-01, 
 1DIAGNOSTIC,     9, -9.377203583717e-01, inf, 7.9636e+00, 7.5819e-01, 
 1DIAGNOSTIC,    10, -9.397228956223e-01, 3.042473224923e-03, 8.7264e+00, 7.6281e-01, 
 1DIAGNOSTIC,    11, -9.414298534393e-01, 2.279443433508e-03, 9.4891e+00, 7.6268e-01, 
 1DIAGNOSTIC,    12, -9.428862333298e-01, 1.705024857074e-03, 1.0258e+01, 7.6853e-01, 
 1DIAGNOSTIC,    13, -9.441348314285e-01, 1.297499286011e-03, 1.1012e+01, 7.5419e-01, 
 1DIAGNOSTIC,    14, -9.452248215675e-01, 9.988258825615e-04, 1.1787e+01, 7.7503e-01, 
 1DIAGNOSTIC,    15, -9.461835026741e-01, 7.749600918032e-04, 1.2566e+01, 7.7925e-01, 
 1DIAGNOSTIC,    16, -9.470331668854e-01, 6.097300210968e-04, 1.3315e+01, 7.4882e-01, 
 1DIAGNOSTIC,    17, -9.477849006653e-01, 4.888065159321e-04, 1.4061e+01, 7.4655e-01, 
 1DIAGNOSTIC,    18, -9.484610557556e-01, 3.985385119449e-04, 1.4807e+01, 7.4565e-01, 
 1DIAGNOSTIC,    19, -9.490659832954e-01, 3.291369939689e-04, 1.5553e+01, 7.4634e-01, 
 1DIAGNOSTIC,    20, -9.496198296547e-01, 2.747764519881e-04, 1.6300e+01, 7.4681e-01, 
 1DIAGNOSTIC,    21, -9.501221776009e-01, 2.318206534255e-04, 1.7081e+01, 7.8057e-01, 
 1DIAGNOSTIC,    22, -9.505782127380e-01, 1.974179758690e-04, 1.7835e+01, 7.5368e-01, 
 1DIAGNOSTIC,    23, -9.510027766228e-01, 1.695366372587e-04, 1.8597e+01, 7.6288e-01, 
 1DIAGNOSTIC,    24, -9.513884782791e-01, 1.466770336265e-04, 1.9344e+01, 7.4627e-01, 
 1DIAGNOSTIC,    25, -9.517437815666e-01, 1.277652772842e-04, 2.0091e+01, 7.4696e-01, 
 1DIAGNOSTIC,    26, -9.520754814148e-01, 1.120347951655e-04, 2.0838e+01, 7.4691e-01, 
 1DIAGNOSTIC,    27, -9.523805379868e-01, 9.875648538582e-05, 2.1600e+01, 7.6215e-01, 
 1DIAGNOSTIC,    28, -9.526609778404e-01, 8.745204831939e-05, 2.2361e+01, 7.6166e-01, 
 1DIAGNOSTIC,    29, -9.529186487198e-01, 7.767427450744e-05, 2.3107e+01, 7.4536e-01, 
 1DIAGNOSTIC,    30, -9.531579613686e-01, 6.921499880264e-05, 2.3855e+01, 7.4817e-01, 
 1DIAGNOSTIC,    31, -9.533811211586e-01, 6.184542871779e-05, 2.4603e+01, 7.4763e-01, 
 1DIAGNOSTIC,    32, -9.535925388336e-01, 5.540217171074e-05, 2.5350e+01, 7.4777e-01, 
 1DIAGNOSTIC,    33, -9.537844657898e-01, 4.976649142918e-05, 2.6097e+01, 7.4672e-01, 
 1DIAGNOSTIC,    34, -9.539631605148e-01, 4.478494520299e-05, 2.6843e+01, 7.4623e-01, 
 1DIAGNOSTIC,    35, -9.541298151016e-01, 4.037057442474e-05, 2.7604e+01, 7.6033e-01, 
 1DIAGNOSTIC,    36, -9.542843103409e-01, 3.647543417173e-05, 2.8351e+01, 7.4712e-01, 
 1DIAGNOSTIC,    37, -9.544289708138e-01, 3.302601908217e-05, 2.9115e+01, 7.6396e-01, 
 1DIAGNOSTIC,    38, -9.545633792877e-01, 2.994786336785e-05, 2.9874e+01, 7.5918e-01, 
 1DIAGNOSTIC,    39, -9.546909928322e-01, 2.719676194829e-05, 3.0637e+01, 7.6297e-01, 
 1DIAGNOSTIC,    40, -9.548064470291e-01, 2.470798426657e-05, 3.1384e+01, 7.4762e-01, 
 1DIAGNOSTIC,    41, -9.549172520638e-01, 2.248319469800e-05, 3.2149e+01, 7.6494e-01, 
 1DIAGNOSTIC,    42, -9.550188779831e-01, 2.050996772596e-05, 3.2910e+01, 7.6060e-01, 
 1DIAGNOSTIC,    43, -9.551152586937e-01, 1.873619112303e-05, 3.3686e+01, 7.7604e-01, 
 1DIAGNOSTIC,    44, -9.552019834518e-01, 1.711644472380e-05, 3.4433e+01, 7.4678e-01, 
 1DIAGNOSTIC,    45, -9.552869796753e-01, 1.566455284774e-05, 3.5179e+01, 7.4607e-01, 
 1DIAGNOSTIC,    46, -9.553635120392e-01, 1.433712532162e-05, 3.5944e+01, 7.6555e-01, 
 1DIAGNOSTIC,    47, -9.554349780083e-01, 1.312666790909e-05, 3.6703e+01, 7.5835e-01, 
 1DIAGNOSTIC,    48, -9.554931521416e-01, 1.196569701278e-05, 3.7499e+01, 7.9644e-01, 
 1DIAGNOSTIC,    49, -9.555545449257e-01, 1.091712238122e-05, 3.8263e+01, 7.6406e-01, 
 1DIAGNOSTIC,    50, -9.556150436401e-01, 9.970753126254e-06, 3.9022e+01, 7.5877e-01, 
 1DIAGNOSTIC,    51, -9.556705951691e-01, 9.133941603068e-06, 3.9778e+01, 7.5602e-01, 
 1DIAGNOSTIC,    52, -9.557213783264e-01, 8.383146450797e-06, 4.0548e+01, 7.6984e-01, 
 1DIAGNOSTIC,    53, -9.557687044144e-01, 7.721508154646e-06, 4.1301e+01, 7.5305e-01, 
 1DIAGNOSTIC,    54, -9.558134675026e-01, 7.123307113943e-06, 4.2064e+01, 7.6338e-01, 
 1DIAGNOSTIC,    55, -9.558554887772e-01, 6.603912879655e-06, 4.2812e+01, 7.4753e-01, 
 1DIAGNOSTIC,    56, -9.558969736099e-01, 6.148882675916e-06, 4.3558e+01, 7.4648e-01, 
 1DIAGNOSTIC,    57, -9.559354782104e-01, 5.747140221501e-06, 4.4305e+01, 7.4691e-01, 
 1DIAGNOSTIC,    58, -9.559696316719e-01, 5.332471573638e-06, 4.5053e+01, 7.4821e-01, 
 1DIAGNOSTIC,    59, -9.560004472733e-01, 4.935366632708e-06, 4.5800e+01, 7.4613e-01, 
 1DIAGNOSTIC,    60, -9.560329914093e-01, 4.588934643834e-06, 4.6563e+01, 7.6381e-01, 
 1DIAGNOSTIC,    61, -9.560619592667e-01, 4.273731519788e-06, 4.7342e+01, 7.7893e-01, 
 1DIAGNOSTIC,    62, -9.560891389847e-01, 3.980335350207e-06, 4.8119e+01, 7.7636e-01, 
 1DIAGNOSTIC,    63, -9.561132192612e-01, 3.698836053445e-06, 4.8909e+01, 7.9071e-01, 
 1DIAGNOSTIC,    64, -9.561381340027e-01, 3.442005436227e-06, 4.9657e+01, 7.4793e-01, 
 1DIAGNOSTIC,    65, -9.561629891396e-01, 3.214046955691e-06, 5.0404e+01, 7.4680e-01, 
 1DIAGNOSTIC,    66, -9.561857581139e-01, 3.018548341061e-06, 5.1151e+01, 7.4649e-01, 
 1DIAGNOSTIC,    67, -9.562052488327e-01, 2.841238938345e-06, 5.1909e+01, 7.5875e-01, 
 1DIAGNOSTIC,    68, -9.562243223190e-01, 2.673812787179e-06, 5.2657e+01, 7.4766e-01, 
 1DIAGNOSTIC,    69, -9.562402963638e-01, 2.499164338587e-06, 5.3404e+01, 7.4668e-01, 
 1DIAGNOSTIC,    70, -9.562569856644e-01, 2.341418849028e-06, 5.4151e+01, 7.4776e-01, 
 1DIAGNOSTIC,    71, -9.562728404999e-01, 2.193039108533e-06, 5.4917e+01, 7.6573e-01, 
 1DIAGNOSTIC,    72, -9.562881588936e-01, 2.055671757262e-06, 5.5687e+01, 7.6948e-01, 
 1DIAGNOSTIC,    73, -9.563028216362e-01, 1.923705895024e-06, 5.6432e+01, 7.4559e-01, 
 1DIAGNOSTIC,    74, -9.563167691231e-01, 1.807289777389e-06, 5.7192e+01, 7.5983e-01, 
 1DIAGNOSTIC,    75, -9.563297033310e-01, 1.710302399260e-06, 5.7966e+01, 7.7432e-01, 
 1DIAGNOSTIC,    76, -9.563430547714e-01, 1.632659063944e-06, 5.8714e+01, 7.4736e-01, 
 1DIAGNOSTIC,    77, -9.563561081886e-01, 1.564871126902e-06, 5.9460e+01, 7.4620e-01, 
 1DIAGNOSTIC,    78, -9.563655853271e-01, 1.496089566899e-06, 6.0207e+01, 7.4676e-01, 
 1DIAGNOSTIC,    79, -9.563761949539e-01, 1.423912635801e-06, 6.0953e+01, 7.4653e-01, 
 1DIAGNOSTIC,    80, -9.563848376274e-01, 1.348709929516e-06, 6.1711e+01, 7.5778e-01, 
 1DIAGNOSTIC,    81, -9.563946723938e-01, 1.277468413718e-06, 6.2473e+01, 7.6171e-01, 
 1DIAGNOSTIC,    82, -9.564020633698e-01, 1.204327759297e-06, 6.3250e+01, 7.7773e-01, 
 1DIAGNOSTIC,    83, -9.564099311829e-01, 1.134713329520e-06, 6.4010e+01, 7.5990e-01, 
 1DIAGNOSTIC,    84, -9.564173221588e-01, 1.069596123671e-06, 6.4757e+01, 7.4701e-01, 
 1DIAGNOSTIC,    85, -9.564242362976e-01, 1.008306412587e-06, 6.5521e+01, 7.6326e-01, 
 1DIAGNOSTIC,    86, -9.564307332039e-01, 9.553972404319e-07, 6.6276e+01, 7.5535e-01, 
XXDIAGNOSTIC,Iteration,metricValue,convergenceValue,ITERATION_TIME_INDEX,SINCE_LAST
 1DIAGNOSTIC,     1, -9.045910835266e-01, inf, 7.3826e+01, 7.5498e+00, 
 1DIAGNOSTIC,     2, -9.076629877090e-01, inf, 8.0121e+01, 6.2949e+00, 
 1DIAGNOSTIC,     3, -9.114520549774e-01, inf, 8.6449e+01, 6.3282e+00, 
 1DIAGNOSTIC,     4, -9.147188663483e-01, inf, 9.2750e+01, 6.3014e+00, 
 1DIAGNOSTIC,     5, -9.174824953079e-01, inf, 9.9068e+01, 6.3172e+00, 
 1DIAGNOSTIC,     6, -9.201027750969e-01, inf, 1.0540e+02, 6.3311e+00, 
 1DIAGNOSTIC,     7, -9.223810434341e-01, inf, 1.1169e+02, 6.2947e+00, 
 1DIAGNOSTIC,     8, -9.246259927750e-01, inf, 1.1799e+02, 6.2950e+00, 
 1DIAGNOSTIC,     9, -9.267404079437e-01, inf, 1.2431e+02, 6.3227e+00, 
 1DIAGNOSTIC,    10, -9.285786151886e-01, 1.672621001489e-03, 1.3060e+02, 6.2921e+00, 
 1DIAGNOSTIC,    11, -9.304502606392e-01, 1.405868097208e-03, 1.3691e+02, 6.3048e+00, 
 1DIAGNOSTIC,    12, -9.320402145386e-01, 1.176265184768e-03, 1.4317e+02, 6.2582e+00, 
 1DIAGNOSTIC,    13, -9.334982633591e-01, 9.994409047067e-04, 1.4946e+02, 6.2968e+00, 
 1DIAGNOSTIC,    14, -9.348388314247e-01, 8.579042041674e-04, 1.5579e+02, 6.3273e+00, 
 1DIAGNOSTIC,    15, -9.360608458519e-01, 7.381337927654e-04, 1.6212e+02, 6.3272e+00, 
 1DIAGNOSTIC,    16, -9.372104406357e-01, 6.377043901011e-04, 1.6845e+02, 6.3324e+00, 
 1DIAGNOSTIC,    17, -9.382761716843e-01, 5.503928987309e-04, 1.7481e+02, 6.3575e+00, 
 1DIAGNOSTIC,    18, -9.393098354340e-01, 4.775041597895e-04, 1.8113e+02, 6.3208e+00, 
 1DIAGNOSTIC,    19, -9.401416778564e-01, 4.153424815740e-04, 1.8747e+02, 6.3370e+00, 
 1DIAGNOSTIC,    20, -9.409045577049e-01, 3.604019293562e-04, 1.9383e+02, 6.3660e+00, 
 1DIAGNOSTIC,    21, -9.416144490242e-01, 3.145921218675e-04, 2.0013e+02, 6.3016e+00, 
 1DIAGNOSTIC,    22, -9.422564506531e-01, 2.744356461335e-04, 2.0643e+02, 6.2922e+00, 
 1DIAGNOSTIC,    23, -9.428200721741e-01, 2.388239081483e-04, 2.1273e+02, 6.3097e+00, 
 1DIAGNOSTIC,    24, -9.433161616325e-01, 2.070992195513e-04, 2.1900e+02, 6.2694e+00, 
 1DIAGNOSTIC,    25, -9.437713623047e-01, 1.789030939108e-04, 2.2524e+02, 6.2386e+00, 
 1DIAGNOSTIC,    26, -9.441648721695e-01, 1.541007950436e-04, 2.3160e+02, 6.3617e+00, 
 1DIAGNOSTIC,    27, -9.446579217911e-01, 1.341562456219e-04, 2.3791e+02, 6.3089e+00, 
 1DIAGNOSTIC,    28, -9.449558258057e-01, 1.174212738988e-04, 2.4424e+02, 6.3253e+00, 
 1DIAGNOSTIC,    29, -9.452329874039e-01, 1.024209632305e-04, 2.5052e+02, 6.2783e+00, 
 1DIAGNOSTIC,    30, -9.456179141998e-01, 9.040813165484e-05, 2.5678e+02, 6.2618e+00, 
 1DIAGNOSTIC,    31, -9.458277225494e-01, 7.960173388710e-05, 2.6307e+02, 6.2947e+00, 
 1DIAGNOSTIC,    32, -9.460129737854e-01, 6.980876787566e-05, 2.6939e+02, 6.3187e+00, 
 1DIAGNOSTIC,    33, -9.463171362877e-01, 6.203396333149e-05, 2.7565e+02, 6.2593e+00, 
 1DIAGNOSTIC,    34, -9.464554786682e-01, 5.450984826894e-05, 2.8203e+02, 6.3795e+00, 
 1DIAGNOSTIC,    35, -9.465882778168e-01, 4.738938878290e-05, 2.8838e+02, 6.3447e+00, 
 1DIAGNOSTIC,    36, -9.468522071838e-01, 4.172803164693e-05, 2.9468e+02, 6.3061e+00, 
 1DIAGNOSTIC,    37, -9.469605684280e-01, 3.736792132258e-05, 3.0098e+02, 6.3016e+00, 
 1DIAGNOSTIC,    38, -9.470695257187e-01, 3.298572482890e-05, 3.0731e+02, 6.3243e+00, 
 1DIAGNOSTIC,    39, -9.471840262413e-01, 2.876427424781e-05, 3.1355e+02, 6.2377e+00, 
 1DIAGNOSTIC,    40, -9.473046064377e-01, 2.590823896753e-05, 3.1984e+02, 6.2920e+00, 
 1DIAGNOSTIC,    41, -9.474282860756e-01, 2.322945874766e-05, 3.2617e+02, 6.3286e+00, 
 1DIAGNOSTIC,    42, -9.475553035736e-01, 2.073272844427e-05, 3.3246e+02, 6.2987e+00, 
 1DIAGNOSTIC,    43, -9.476852416992e-01, 1.950207661139e-05, 3.3878e+02, 6.3155e+00, 
 1DIAGNOSTIC,    44, -9.478145837784e-01, 1.836800038291e-05, 3.4506e+02, 6.2840e+00, 
 1DIAGNOSTIC,    45, -9.479482173920e-01, 1.734304714773e-05, 3.5137e+02, 6.3020e+00, 
 1DIAGNOSTIC,    46, -9.480874538422e-01, 1.740849438647e-05, 3.5764e+02, 6.2734e+00, 
 1DIAGNOSTIC,    47, -9.482309818268e-01, 1.747557143972e-05, 3.6396e+02, 6.3177e+00, 
 1DIAGNOSTIC,    48, -9.483686089516e-01, 1.746792258928e-05, 3.7025e+02, 6.2978e+00, 
 1DIAGNOSTIC,    49, -9.485086798668e-01, 1.740633524605e-05, 3.7659e+02, 6.3327e+00, 
 1DIAGNOSTIC,    50, -9.486492872238e-01, 1.730453914206e-05, 3.8293e+02, 6.3424e+00, 
 1DIAGNOSTIC,    51, -9.487911462784e-01, 1.716512815619e-05, 3.8917e+02, 6.2377e+00, 
 1DIAGNOSTIC,    52, -9.489380121231e-01, 1.701888140815e-05, 3.9545e+02, 6.2859e+00, 
 1DIAGNOSTIC,    53, -9.490832686424e-01, 1.685636925686e-05, 4.0178e+02, 6.3232e+00, 
 1DIAGNOSTIC,    54, -9.492247700691e-01, 1.663925468165e-05, 4.0807e+02, 6.2901e+00, 
 1DIAGNOSTIC,    55, -9.493684768677e-01, 1.639653237362e-05, 4.1439e+02, 6.3248e+00, 
 1DIAGNOSTIC,    56, -9.495197534561e-01, 1.619290014787e-05, 4.2067e+02, 6.2829e+00, 
 1DIAGNOSTIC,    57, -9.496703743935e-01, 1.603604505362e-05, 4.2701e+02, 6.3328e+00, 
 1DIAGNOSTIC,    58, -9.498205184937e-01, 1.587842598383e-05, 4.3325e+02, 6.2424e+00, 
 1DIAGNOSTIC,    59, -9.499799013138e-01, 1.576963222760e-05, 4.3955e+02, 6.2973e+00, 
 1DIAGNOSTIC,    60, -9.501360654831e-01, 1.567632170918e-05, 4.4590e+02, 6.3506e+00, 
 1DIAGNOSTIC,    61, -9.503020644188e-01, 1.563528167026e-05, 4.5220e+02, 6.3067e+00, 
 1DIAGNOSTIC,    62, -9.504703283310e-01, 1.565764068800e-05, 4.5854e+02, 6.3354e+00, 
 1DIAGNOSTIC,    63, -9.506311416626e-01, 1.567136678204e-05, 4.6480e+02, 6.2565e+00, 
 1DIAGNOSTIC,    64, -9.507960677147e-01, 1.565437014506e-05, 4.7129e+02, 6.4916e+00, 
 1DIAGNOSTIC,    65, -9.509703516960e-01, 1.563766636536e-05, 4.7756e+02, 6.2706e+00, 
 1DIAGNOSTIC,    66, -9.511348009109e-01, 1.558751500852e-05, 4.8389e+02, 6.3364e+00, 
 1DIAGNOSTIC,    67, -9.512990117073e-01, 1.548537147755e-05, 4.9016e+02, 6.2669e+00, 
 1DIAGNOSTIC,    68, -9.514665007591e-01, 1.533317663416e-05, 4.9650e+02, 6.3339e+00, 
 1DIAGNOSTIC,    69, -9.516253471375e-01, 1.512786730018e-05, 5.0277e+02, 6.2733e+00, 
 1DIAGNOSTIC,    70, -9.517861604691e-01, 1.486350993218e-05, 5.0907e+02, 6.2995e+00, 
XXDIAGNOSTIC,Iteration,metricValue,convergenceValue,ITERATION_TIME_INDEX,SINCE_LAST
 1DIAGNOSTIC,     1, -8.849701881409e-01, inf, 5.6161e+02, 5.2544e+01, 
 1DIAGNOSTIC,     2, -8.872960805893e-01, inf, 6.1221e+02, 5.0593e+01, 
 1DIAGNOSTIC,     3, -8.899668455124e-01, inf, 6.6295e+02, 5.0746e+01, 
 1DIAGNOSTIC,     4, -8.924905061722e-01, inf, 7.1366e+02, 5.0704e+01, 
 1DIAGNOSTIC,     5, -8.948588967323e-01, inf, 7.6424e+02, 5.0586e+01, 
 1DIAGNOSTIC,     6, -8.969930410385e-01, inf, 8.1487e+02, 5.0624e+01, 
 1DIAGNOSTIC,     7, -8.989343643188e-01, inf, 8.6555e+02, 5.0685e+01, 
 1DIAGNOSTIC,     8, -9.007502794266e-01, inf, 9.1638e+02, 5.0826e+01, 
 1DIAGNOSTIC,     9, -9.024629592896e-01, inf, 9.6685e+02, 5.0475e+01, 
 1DIAGNOSTIC,    10, -9.040436744690e-01, 1.376345986500e-03, 1.0174e+03, 5.0575e+01, 
 1DIAGNOSTIC,    11, -9.056634902954e-01, 1.177333993837e-03, 1.0683e+03, 5.0832e+01, 
 1DIAGNOSTIC,    12, -9.071610569954e-01, 1.005972037092e-03, 1.1188e+03, 5.0516e+01, 
 1DIAGNOSTIC,    13, -9.082274436951e-01, 8.604073664173e-04, 1.1694e+03, 5.0599e+01, 
 1DIAGNOSTIC,    14, -9.094930291176e-01, 7.426497177221e-04, 1.2203e+03, 5.0969e+01, 
 1DIAGNOSTIC,    15, -9.105291962624e-01, 6.439176504500e-04, 1.2713e+03, 5.0963e+01, 
 1DIAGNOSTIC,    16, -9.112849235535e-01, 5.550265777856e-04, 1.3222e+03, 5.0935e+01, 
 1DIAGNOSTIC,    17, -9.121351242065e-01, 4.770625091624e-04, 1.3732e+03, 5.1000e+01, 
 1DIAGNOSTIC,    18, -9.129174947739e-01, 4.089450230822e-04, 1.4242e+03, 5.0978e+01, 
 1DIAGNOSTIC,    19, -9.136276245117e-01, 3.500243474264e-04, 1.4757e+03, 5.1504e+01, 
 1DIAGNOSTIC,    20, -9.141092300415e-01, 2.966477186419e-04, 1.5269e+03, 5.1203e+01, 
 1DIAGNOSTIC,    21, -9.145575761795e-01, 2.515957748983e-04, 1.5779e+03, 5.0998e+01, 
 1DIAGNOSTIC,    22, -9.149866700172e-01, 2.146817860194e-04, 1.6290e+03, 5.1099e+01, 
 1DIAGNOSTIC,    23, -9.153914451599e-01, 1.807682419894e-04, 1.6801e+03, 5.1065e+01, 
 1DIAGNOSTIC,    24, -9.157764315605e-01, 1.542094541946e-04, 1.7313e+03, 5.1247e+01, 
 1DIAGNOSTIC,    25, -9.161372184753e-01, 1.328613871010e-04, 1.7822e+03, 5.0835e+01, 
 1DIAGNOSTIC,    26, -9.164825081825e-01, 1.139278101618e-04, 1.8332e+03, 5.1076e+01, 
 1DIAGNOSTIC,    27, -9.168095588684e-01, 9.929318184732e-05, 1.8842e+03, 5.0969e+01, 
 1DIAGNOSTIC,    28, -9.171180725098e-01, 8.849456935422e-05, 1.9350e+03, 5.0822e+01, 
 1DIAGNOSTIC,    29, -9.174183607101e-01, 8.101176354103e-05, 1.9861e+03, 5.1041e+01, 
 1DIAGNOSTIC,    30, -9.177114963531e-01, 7.447066309396e-05, 2.0372e+03, 5.1129e+01, 
 1DIAGNOSTIC,    31, -9.179961681366e-01, 6.872008088976e-05, 2.0884e+03, 5.1202e+01, 
 1DIAGNOSTIC,    32, -9.182701110840e-01, 6.371175550157e-05, 2.1394e+03, 5.0969e+01, 
 1DIAGNOSTIC,    33, -9.185227751732e-01, 5.921928095631e-05, 2.1907e+03, 5.1371e+01, 
 1DIAGNOSTIC,    34, -9.187715053558e-01, 5.522685387405e-05, 2.2421e+03, 5.1300e+01, 
 1DIAGNOSTIC,    35, -9.190104007721e-01, 5.159728243598e-05, 2.2932e+03, 5.1116e+01, 
 1DIAGNOSTIC,    36, -9.192516207695e-01, 4.838138920604e-05, 2.3441e+03, 5.0923e+01, 
 1DIAGNOSTIC,    37, -9.194824695587e-01, 4.547488788376e-05, 2.3951e+03, 5.1058e+01, 
 1DIAGNOSTIC,    38, -9.197121262550e-01, 4.284670285415e-05, 2.4462e+03, 5.1020e+01, 
 1DIAGNOSTIC,    39, -9.199403524399e-01, 4.053355587530e-05, 2.4971e+03, 5.0938e+01, 
 1DIAGNOSTIC,    40, -9.201598167419e-01, 3.850048960885e-05, 2.5482e+03, 5.1096e+01, 
 1DIAGNOSTIC,    41, -9.203722476959e-01, 3.670692240121e-05, 2.5992e+03, 5.0959e+01, 
 1DIAGNOSTIC,    42, -9.205698370934e-01, 3.503104380798e-05, 2.6502e+03, 5.1054e+01, 
 1DIAGNOSTIC,    43, -9.207744002342e-01, 3.343863500049e-05, 2.7013e+03, 5.1054e+01, 
 1DIAGNOSTIC,    44, -9.209696054459e-01, 3.190120696672e-05, 2.7526e+03, 5.1345e+01, 
 1DIAGNOSTIC,    45, -9.211592674255e-01, 3.038264549104e-05, 2.8036e+03, 5.0974e+01, 
 1DIAGNOSTIC,    46, -9.213453531265e-01, 2.895424040616e-05, 2.8545e+03, 5.0897e+01, 
 1DIAGNOSTIC,    47, -9.215185046196e-01, 2.752855289145e-05, 2.9057e+03, 5.1214e+01, 
 1DIAGNOSTIC,    48, -9.216966629028e-01, 2.620730447234e-05, 2.9565e+03, 5.0834e+01, 
 1DIAGNOSTIC,    49, -9.218647480011e-01, 2.498019966879e-05, 3.0074e+03, 5.0823e+01, 
 1DIAGNOSTIC,    50, -9.220297336578e-01, 2.383606988587e-05, 3.0585e+03, 5.1135e+01, 
XXDIAGNOSTIC,Iteration,metricValue,convergenceValue,ITERATION_TIME_INDEX,SINCE_LAST
 1DIAGNOSTIC,     1, -8.573451042175e-01, inf, 3.4633e+03, 4.0480e+02, 
 1DIAGNOSTIC,     2, -8.586803674698e-01, inf, 3.8622e+03, 3.9896e+02, 
 1DIAGNOSTIC,     3, -8.602763414383e-01, inf, 4.2594e+03, 3.9717e+02, 
 1DIAGNOSTIC,     4, -8.617758750916e-01, inf, 4.6552e+03, 3.9580e+02, 
 1DIAGNOSTIC,     5, -8.633047938347e-01, inf, 5.0518e+03, 3.9662e+02, 
 1DIAGNOSTIC,     6, -8.647633790970e-01, inf, 5.4496e+03, 3.9779e+02, 
 1DIAGNOSTIC,     7, -8.661028146744e-01, inf, 5.8457e+03, 3.9613e+02, 
 1DIAGNOSTIC,     8, -8.672431707382e-01, inf, 6.2429e+03, 3.9715e+02, 
 1DIAGNOSTIC,     9, -8.684375882149e-01, inf, 6.6401e+03, 3.9719e+02, 
 1DIAGNOSTIC,    10, -8.694770336151e-01, 9.182029170915e-04, 7.0375e+03, 3.9743e+02, 
 1DIAGNOSTIC,    11, -8.704858422279e-01, 7.974375621416e-04, 7.4352e+03, 3.9765e+02, 
 1DIAGNOSTIC,    12, -8.714400529861e-01, 6.874887039885e-04, 7.8343e+03, 3.9914e+02, 
 1DIAGNOSTIC,    13, -8.723202943802e-01, 5.945791490376e-04, 8.2335e+03, 3.9920e+02, 
 1DIAGNOSTIC,    14, -8.730484247208e-01, 5.127746844664e-04, 8.6319e+03, 3.9840e+02, 
 1DIAGNOSTIC,    15, -8.737198710442e-01, 4.428674292285e-04, 9.0308e+03, 3.9891e+02, 
 1DIAGNOSTIC,    16, -8.743438720703e-01, 3.834929084405e-04, 9.4302e+03, 3.9935e+02, 
 1DIAGNOSTIC,    17, -8.749357461929e-01, 3.328302118462e-04, 9.8291e+03, 3.9895e+02, 
 1DIAGNOSTIC,    18, -8.754877448082e-01, 2.876076032408e-04, 1.0227e+04, 3.9834e+02, 
 1DIAGNOSTIC,    19, -8.760213851929e-01, 2.501473645680e-04, 1.0626e+04, 3.9897e+02, 
 1DIAGNOSTIC,    20, -8.765404820442e-01, 2.185714110965e-04, 1.1026e+04, 3.9923e+02, 
  Elapsed time (stage 2): 1.103e+04


Total elapsed time: 1.136e+04
 Registration finished. The antsRegistration call was:
--------------------------------------------------------------------------------------
/opt/ants/bin/antsRegistration --verbose 1 --dimensionality 3 --float 1 --collapse-output-transforms 1 --output [ /data/derivatives/ants/registrationSyN-fp/sub-s038/ses-open/anat/,/data/derivatives/ants/registrationSyN-fp/sub-s038/ses-open/anat/Warped.nii.gz,/data/derivatives/ants/registrationSyN-fp/sub-s038/ses-open/anat/InverseWarped.nii.gz ] --interpolation Linear --use-histogram-matching 0 --winsorize-image-intensities [ 0.005,0.995 ] --initial-moving-transform [ /templateflow/tpl-MNI152NLin2009cAsym//tpl-MNI152NLin2009cAsym_res-01_desc-brain_T1w.nii.gz,/data/derivatives/fsl/fast/sub-s038/ses-open/anat/BrainExtractionBrain_seg.nii.gz,1 ] --transform Rigid[ 0.1 ] --metric MI[ /templateflow/tpl-MNI152NLin2009cAsym//tpl-MNI152NLin2009cAsym_res-01_desc-brain_T1w.nii.gz,/data/derivatives/fsl/fast/sub-s038/ses-open/anat/BrainExtractionBrain_seg.nii.gz,1,32,Regular,0.25 ] --convergence [ 1000x500x250x100,1e-6,10 ] --shrink-factors 8x4x2x1 --smoothing-sigmas 3x2x1x0vox --transform Affine[ 0.1 ] --metric MI[ /templateflow/tpl-MNI152NLin2009cAsym//tpl-MNI152NLin2009cAsym_res-01_desc-brain_T1w.nii.gz,/data/derivatives/fsl/fast/sub-s038/ses-open/anat/BrainExtractionBrain_seg.nii.gz,1,32,Regular,0.25 ] --convergence [ 1000x500x250x100,1e-6,10 ] --shrink-factors 8x4x2x1 --smoothing-sigmas 3x2x1x0vox --transform SyN[ 0.1,3,0 ] --metric CC[ /templateflow/tpl-MNI152NLin2009cAsym//tpl-MNI152NLin2009cAsym_res-01_desc-brain_T1w.nii.gz,/data/derivatives/fsl/fast/sub-s038/ses-open/anat/BrainExtractionBrain_seg.nii.gz,1,4 ] --convergence [ 100x70x50x20,1e-6,10 ] --shrink-factors 8x4x2x1 --smoothing-sigmas 3x2x1x0vox
--------------------------------------------------------------------------------------
Moving image resampled into fixed space: /data/derivatives/ants/registrationSyN-fp/sub-s038/ses-open/anat/Warped.nii.gz
Fixed image resampled into moving space: /data/derivatives/ants/registrationSyN-fp/sub-s038/ses-open/anat/InverseWarped.nii.gz
--------------------------------------------------------------------------------------
Elapsed Time: 11363.850s
    SP GFLOPS: 0.162
    DP GFLOPS: 0.582
    x87 GFLOPS: 0.002
    CPI Rate: 0.520
    Average CPU Frequency: 3.637 GHz
    Total Thread Count: 15
Effective Physical Core Utilization: 3.0% (0.973 out of 32)
 | The metric value is low, which may signal a poor physical CPU cores
 | utilization caused by:
 |     - load imbalance
 |     - threading runtime overhead
 |     - contended synchronization
 |     - thread/process underutilization
 |     - incorrect affinity that utilizes logical cores instead of physical
 |       cores
 | Explore sub-metrics to estimate the efficiency of MPI and OpenMP parallelism
 | or run the Locks and Waits analysis to identify parallel bottlenecks for
 | other parallel runtimes.
 |
    Effective Logical Core Utilization: 1.5% (0.975 out of 64)
     | The metric value is low, which may signal a poor logical CPU cores
     | utilization. Consider improving physical core utilization as the first
     | step and then look at opportunities to utilize logical cores, which in
     | some cases can improve processor throughput and overall performance of
     | multi-threaded applications.
     |
Memory Bound: 18.4% of Pipeline Slots
    Cache Bound: 10.7% of Clockticks
    DRAM Bound: 0.2% of Clockticks
        DRAM Bandwidth Bound: 0.0% of Elapsed Time
    NUMA: % of Remote Accesses: 0.0%

    Bandwidth Utilization
    Bandwidth Domain             Platform Maximum  Observed Maximum  Average  % of Elapsed Time with High BW Utilization(%)
    ---------------------------  ----------------  ----------------  -------  ---------------------------------------------
    DRAM, GB/sec                 214                          8.900    0.015                                           0.0%
    DRAM Single-Package, GB/sec  107                          8.900    0.022                                           0.0%
Vectorization: 0.0% of Packed FP Operations
 | A significant fraction of floating point arithmetic instructions are scalar.
 | This indicates that the code was not fully vectorized. Use Intel Advisor to
 | see possible reasons why the code was not vectorized.
 |
    Instruction Mix
        SP FLOPs: 2.9% of uOps
            Packed: 0.0% from SP FP
                128-bit: 0.0% from SP FP
                256-bit: 0.0% from SP FP
                512-bit: 0.0% from SP FP
            Scalar: 100.0% from SP FP
             | This code has floating point operations and is not vectorized.
             | Consider either recompiling the code with optimization options
             | that allow vectorization or using Intel Advisor to vectorize the
             | loops.
             |
        DP FLOPs: 10.5% of uOps
            Packed: 0.0% from DP FP
                128-bit: 0.0% from DP FP
                256-bit: 0.0% from DP FP
                512-bit: 0.0% from DP FP
            Scalar: 100.0% from DP FP
             | A significant fraction of floating point arithmetic instructions
             | are scalar. This indicates that the code was not fully
             | vectorized. Use Intel Advisor to see possible reasons why the
             | code was not vectorized.
             |
        x87 FLOPs: 0.0% of uOps
        Non-FP: 86.6% of uOps
    FP Arith/Mem Rd Instr. Ratio: 0.505
    FP Arith/Mem Wr Instr. Ratio: 1.049
Collection and Platform Info
    Application Command Line: bash "tmp-scripts/4OCgkVr5VXseDMw9q7vEWh77RDsq3Ppl.sh" 
    Operating System: 4.18.0-477.10.1.el8_lustre.x86_64 DISTRIB_ID=Ubuntu DISTRIB_RELEASE=20.04 DISTRIB_CODENAME=focal DISTRIB_DESCRIPTION="Ubuntu 20.04.5 LTS"
    Computer Name: comp01
    Result Size: 18.2 GB 
    Collection start time: 23:20:05 25/11/2023 UTC
    Collection stop time: 02:29:29 26/11/2023 UTC
    Collector Type: Driverless Perf per-process sampling
    CPU
        Name: Intel(R) Xeon(R) Processor code named Skylake
        Frequency: 2.095 GHz
        Logical CPU Count: 64
        Max DRAM Single-Package Bandwidth: 107.000 GB/s
        LLC size: 23.1 MB 

If you want to skip descriptions of detected performance issues in the report,
enter: vtune -report summary -report-knob show-issues=false -r <my_result_dir>.
Alternatively, you may view the report in the csv format: vtune -report
<report_name> -format=csv.
