---------------------
Profiling information

Pipeline: ants registrationSyN-fp
NTHREAD: 1

DATASET: ds004513
SUBJECT_ID: s031

SIF_IMG: /mnt/lustre/mathdugre/containers/ants-debug.simg
DATA_DIR: /mnt/lustre/mathdugre/mri-bottleneck/datasets/ds004513

PROJECT_DIR: /mnt/lustre/mathdugre/mri-bottleneck
PROFILING_DIR: /mnt/lustre/mathdugre/mri-bottleneck/vtune_output/1-threads/ants/registrationSyN-fp/ds004513/sub-s031/39mpxTgLkOT9lqMwtsROwnSOuGoZ4cbk
---------------------

Command to profile: bash tmp-scripts/39mpxTgLkOT9lqMwtsROwnSOuGoZ4cbk.sh

--------------------------------------------------------------------------------------
 Mapping parameters
--------------------------------------------------------------------------------------
 ANTSPATH is /opt/ants/bin

 Dimensionality:           3
 Output name prefix:       /data/derivatives/ants/registrationSyN-fp/sub-s031/ses-open/anat/
 Fixed images:             /templateflow/tpl-MNI152NLin2009cAsym//tpl-MNI152NLin2009cAsym_res-01_desc-brain_T1w.nii.gz
 Moving images:            /data/derivatives/fsl/fast/sub-s031/ses-open/anat/BrainExtractionBrain_seg.nii.gz
 Mask images:              
 Initial transforms:       
 Number of threads:        1
 Spline distance:          26
 SyN gradient step:        0.1
 Transform type:           s
 CC radius:                4
 Precision:                f
 Use histogram matching    0
 Repro                     0
======================================================================================
 antsRegistration call:
--------------------------------------------------------------------------------------
/opt/ants/bin/antsRegistration --verbose 1 --dimensionality 3 --float 1 --collapse-output-transforms 1 --output [ /data/derivatives/ants/registrationSyN-fp/sub-s031/ses-open/anat/,/data/derivatives/ants/registrationSyN-fp/sub-s031/ses-open/anat/Warped.nii.gz,/data/derivatives/ants/registrationSyN-fp/sub-s031/ses-open/anat/InverseWarped.nii.gz ] --interpolation Linear --use-histogram-matching 0 --winsorize-image-intensities [ 0.005,0.995 ] --initial-moving-transform [ /templateflow/tpl-MNI152NLin2009cAsym//tpl-MNI152NLin2009cAsym_res-01_desc-brain_T1w.nii.gz,/data/derivatives/fsl/fast/sub-s031/ses-open/anat/BrainExtractionBrain_seg.nii.gz,1 ] --transform Rigid[ 0.1 ] --metric MI[ /templateflow/tpl-MNI152NLin2009cAsym//tpl-MNI152NLin2009cAsym_res-01_desc-brain_T1w.nii.gz,/data/derivatives/fsl/fast/sub-s031/ses-open/anat/BrainExtractionBrain_seg.nii.gz,1,32,Regular,0.25 ] --convergence [ 1000x500x250x100,1e-6,10 ] --shrink-factors 8x4x2x1 --smoothing-sigmas 3x2x1x0vox --transform Affine[ 0.1 ] --metric MI[ /templateflow/tpl-MNI152NLin2009cAsym//tpl-MNI152NLin2009cAsym_res-01_desc-brain_T1w.nii.gz,/data/derivatives/fsl/fast/sub-s031/ses-open/anat/BrainExtractionBrain_seg.nii.gz,1,32,Regular,0.25 ] --convergence [ 1000x500x250x100,1e-6,10 ] --shrink-factors 8x4x2x1 --smoothing-sigmas 3x2x1x0vox --transform SyN[ 0.1,3,0 ] --metric CC[ /templateflow/tpl-MNI152NLin2009cAsym//tpl-MNI152NLin2009cAsym_res-01_desc-brain_T1w.nii.gz,/data/derivatives/fsl/fast/sub-s031/ses-open/anat/BrainExtractionBrain_seg.nii.gz,1,4 ] --convergence [ 100x70x50x20,1e-6,10 ] --shrink-factors 8x4x2x1 --smoothing-sigmas 3x2x1x0vox
--------------------------------------------------------------------------------------
All_Command_lines_OK
Using single precision for computations.
=============================================================================
The composite transform comprises the following transforms (in order): 
  1. Center of mass alignment using fixed image: /templateflow/tpl-MNI152NLin2009cAsym//tpl-MNI152NLin2009cAsym_res-01_desc-brain_T1w.nii.gz and moving image: /data/derivatives/fsl/fast/sub-s031/ses-open/anat/BrainExtractionBrain_seg.nii.gz (type = Euler3DTransform)
=============================================================================
  number of levels = 4
  number of levels = 4
  number of levels = 4
  fixed image: /templateflow/tpl-MNI152NLin2009cAsym//tpl-MNI152NLin2009cAsym_res-01_desc-brain_T1w.nii.gz
  moving image: /data/derivatives/fsl/fast/sub-s031/ses-open/anat/BrainExtractionBrain_seg.nii.gz
  fixed image: /templateflow/tpl-MNI152NLin2009cAsym//tpl-MNI152NLin2009cAsym_res-01_desc-brain_T1w.nii.gz
  moving image: /data/derivatives/fsl/fast/sub-s031/ses-open/anat/BrainExtractionBrain_seg.nii.gz
  fixed image: /templateflow/tpl-MNI152NLin2009cAsym//tpl-MNI152NLin2009cAsym_res-01_desc-brain_T1w.nii.gz
  moving image: /data/derivatives/fsl/fast/sub-s031/ses-open/anat/BrainExtractionBrain_seg.nii.gz
Dimension = 3
Number of stages = 3
Use histogram matching = false
Winsorize image intensities = true
  Lower quantile = 0.005
  Upper quantile = 0.995


Stage 1 State
   Image metric = Mattes
     Fixed image = Image (0x55bb08c998b0)
  RTTI typeinfo:   itk::Image<float, 3u>
  Reference Count: 2
  Modified Time: 1717
  Debug: Off
  Object Name: 
  Observers: 
    none
  Source: (none)
  Source output name: (none)
  Release Data: Off
  Data Released: False
  Global Release Data: Off
  PipelineMTime: 0
  UpdateMTime: 1502
  RealTimeStamp: 0 seconds 
  LargestPossibleRegion: 
    Dimension: 3
    Index: [0, 0, 0]
    Size: [193, 229, 193]
  BufferedRegion: 
    Dimension: 3
    Index: [0, 0, 0]
    Size: [193, 229, 193]
  RequestedRegion: 
    Dimension: 3
    Index: [0, 0, 0]
    Size: [193, 229, 193]
  Spacing: [1, 1, 1]
  Origin: [96, 132, -78]
  Direction: 
-1 0 0
0 -1 0
0 0 1

  IndexToPointMatrix: 
-1 0 0
0 -1 0
0 0 1

  PointToIndexMatrix: 
-1 0 0
0 -1 0
0 0 1

  Inverse Direction: 
-1 0 0
0 -1 0
0 0 1

  PixelContainer: 
    ImportImageContainer (0x55bb08ca2330)
      RTTI typeinfo:   itk::ImportImageContainer<unsigned long, float>
      Reference Count: 1
      Modified Time: 1499
      Debug: Off
      Object Name: 
      Observers: 
        none
      Pointer: 0x7f3247a6a010
      Container manages memory: true
      Size: 8530021
      Capacity: 8530021

     Moving image = Image (0x55bb08ca3220)
  RTTI typeinfo:   itk::Image<float, 3u>
  Reference Count: 2
  Modified Time: 1718
  Debug: Off
  Object Name: 
  Observers: 
    none
  Source: (none)
  Source output name: (none)
  Release Data: Off
  Data Released: False
  Global Release Data: Off
  PipelineMTime: 0
  UpdateMTime: 1715
  RealTimeStamp: 0 seconds 
  LargestPossibleRegion: 
    Dimension: 3
    Index: [0, 0, 0]
    Size: [160, 240, 256]
  BufferedRegion: 
    Dimension: 3
    Index: [0, 0, 0]
    Size: [160, 240, 256]
  RequestedRegion: 
    Dimension: 3
    Index: [0, 0, 0]
    Size: [160, 240, 256]
  Spacing: [1, 1, 1]
  Origin: [78.2143, 95.8571, -127]
  Direction: 
-1 0 0
0 -1 0
0 0 1

  IndexToPointMatrix: 
-1 0 0
0 -1 0
0 0 1

  PointToIndexMatrix: 
-1 0 0
0 -1 0
0 0 1

  Inverse Direction: 
-1 0 0
0 -1 0
0 0 1

  PixelContainer: 
    ImportImageContainer (0x55bb08d24ed0)
      RTTI typeinfo:   itk::ImportImageContainer<unsigned long, float>
      Reference Count: 1
      Modified Time: 1712
      Debug: Off
      Object Name: 
      Observers: 
        none
      Pointer: 0x7f32454e9010
      Container manages memory: true
      Size: 9830400
      Capacity: 9830400

     Weighting = 1
     Sampling strategy = regular
     Number of bins = 32
     Radius = 4
     Sampling percentage  = 0.25
   Transform = Rigid
     Gradient step = 0.1
     Update field sigma (voxel space) = 0
     Total field sigma (voxel space) = 0
     Update field time sigma = 0
     Total field time sigma  = 0
     Number of time indices = 0
     Number of time point samples = 0
Stage 2 State
   Image metric = Mattes
     Fixed image = Image (0x55bb08cf9c40)
  RTTI typeinfo:   itk::Image<float, 3u>
  Reference Count: 2
  Modified Time: 2145
  Debug: Off
  Object Name: 
  Observers: 
    none
  Source: (none)
  Source output name: (none)
  Release Data: Off
  Data Released: False
  Global Release Data: Off
  PipelineMTime: 0
  UpdateMTime: 1930
  RealTimeStamp: 0 seconds 
  LargestPossibleRegion: 
    Dimension: 3
    Index: [0, 0, 0]
    Size: [193, 229, 193]
  BufferedRegion: 
    Dimension: 3
    Index: [0, 0, 0]
    Size: [193, 229, 193]
  RequestedRegion: 
    Dimension: 3
    Index: [0, 0, 0]
    Size: [193, 229, 193]
  Spacing: [1, 1, 1]
  Origin: [96, 132, -78]
  Direction: 
-1 0 0
0 -1 0
0 0 1

  IndexToPointMatrix: 
-1 0 0
0 -1 0
0 0 1

  PointToIndexMatrix: 
-1 0 0
0 -1 0
0 0 1

  Inverse Direction: 
-1 0 0
0 -1 0
0 0 1

  PixelContainer: 
    ImportImageContainer (0x55bb08dc5050)
      RTTI typeinfo:   itk::ImportImageContainer<unsigned long, float>
      Reference Count: 1
      Modified Time: 1927
      Debug: Off
      Object Name: 
      Observers: 
        none
      Pointer: 0x7f324345e010
      Container manages memory: true
      Size: 8530021
      Capacity: 8530021

     Moving image = Image (0x55bb08cee4d0)
  RTTI typeinfo:   itk::Image<float, 3u>
  Reference Count: 2
  Modified Time: 2146
  Debug: Off
  Object Name: 
  Observers: 
    none
  Source: (none)
  Source output name: (none)
  Release Data: Off
  Data Released: False
  Global Release Data: Off
  PipelineMTime: 0
  UpdateMTime: 2143
  RealTimeStamp: 0 seconds 
  LargestPossibleRegion: 
    Dimension: 3
    Index: [0, 0, 0]
    Size: [160, 240, 256]
  BufferedRegion: 
    Dimension: 3
    Index: [0, 0, 0]
    Size: [160, 240, 256]
  RequestedRegion: 
    Dimension: 3
    Index: [0, 0, 0]
    Size: [160, 240, 256]
  Spacing: [1, 1, 1]
  Origin: [78.2143, 95.8571, -127]
  Direction: 
-1 0 0
0 -1 0
0 0 1

  IndexToPointMatrix: 
-1 0 0
0 -1 0
0 0 1

  PointToIndexMatrix: 
-1 0 0
0 -1 0
0 0 1

  Inverse Direction: 
-1 0 0
0 -1 0
0 0 1

  PixelContainer: 
    ImportImageContainer (0x55bb08e651d0)
      RTTI typeinfo:   itk::ImportImageContainer<unsigned long, float>
      Reference Count: 1
      Modified Time: 2140
      Debug: Off
      Object Name: 
      Observers: 
        none
      Pointer: 0x7f3240edd010
      Container manages memory: true
      Size: 9830400
      Capacity: 9830400

     Weighting = 1
     Sampling strategy = regular
     Number of bins = 32
     Radius = 4
     Sampling percentage  = 0.25
   Transform = Affine
     Gradient step = 0.1
     Update field sigma (voxel space) = 0
     Total field sigma (voxel space) = 0
     Update field time sigma = 0
     Total field time sigma  = 0
     Number of time indices = 0
     Number of time point samples = 0
Stage 3 State
   Image metric = CC
     Fixed image = Image (0x55bb08cecc50)
  RTTI typeinfo:   itk::Image<float, 3u>
  Reference Count: 2
  Modified Time: 2573
  Debug: Off
  Object Name: 
  Observers: 
    none
  Source: (none)
  Source output name: (none)
  Release Data: Off
  Data Released: False
  Global Release Data: Off
  PipelineMTime: 0
  UpdateMTime: 2358
  RealTimeStamp: 0 seconds 
  LargestPossibleRegion: 
    Dimension: 3
    Index: [0, 0, 0]
    Size: [193, 229, 193]
  BufferedRegion: 
    Dimension: 3
    Index: [0, 0, 0]
    Size: [193, 229, 193]
  RequestedRegion: 
    Dimension: 3
    Index: [0, 0, 0]
    Size: [193, 229, 193]
  Spacing: [1, 1, 1]
  Origin: [96, 132, -78]
  Direction: 
-1 0 0
0 -1 0
0 0 1

  IndexToPointMatrix: 
-1 0 0
0 -1 0
0 0 1

  PointToIndexMatrix: 
-1 0 0
0 -1 0
0 0 1

  Inverse Direction: 
-1 0 0
0 -1 0
0 0 1

  PixelContainer: 
    ImportImageContainer (0x55bb08cedb00)
      RTTI typeinfo:   itk::ImportImageContainer<unsigned long, float>
      Reference Count: 1
      Modified Time: 2355
      Debug: Off
      Object Name: 
      Observers: 
        none
      Pointer: 0x7f323ee52010
      Container manages memory: true
      Size: 8530021
      Capacity: 8530021

     Moving image = Image (0x55bb08d00370)
  RTTI typeinfo:   itk::Image<float, 3u>
  Reference Count: 2
  Modified Time: 2574
  Debug: Off
  Object Name: 
  Observers: 
    none
  Source: (none)
  Source output name: (none)
  Release Data: Off
  Data Released: False
  Global Release Data: Off
  PipelineMTime: 0
  UpdateMTime: 2571
  RealTimeStamp: 0 seconds 
  LargestPossibleRegion: 
    Dimension: 3
    Index: [0, 0, 0]
    Size: [160, 240, 256]
  BufferedRegion: 
    Dimension: 3
    Index: [0, 0, 0]
    Size: [160, 240, 256]
  RequestedRegion: 
    Dimension: 3
    Index: [0, 0, 0]
    Size: [160, 240, 256]
  Spacing: [1, 1, 1]
  Origin: [78.2143, 95.8571, -127]
  Direction: 
-1 0 0
0 -1 0
0 0 1

  IndexToPointMatrix: 
-1 0 0
0 -1 0
0 0 1

  PointToIndexMatrix: 
-1 0 0
0 -1 0
0 0 1

  Inverse Direction: 
-1 0 0
0 -1 0
0 0 1

  PixelContainer: 
    ImportImageContainer (0x55bb08ec52d0)
      RTTI typeinfo:   itk::ImportImageContainer<unsigned long, float>
      Reference Count: 1
      Modified Time: 2568
      Debug: Off
      Object Name: 
      Observers: 
        none
      Pointer: 0x7f323c8d1010
      Container manages memory: true
      Size: 9830400
      Capacity: 9830400

     Weighting = 1
     Sampling strategy = none
     Number of bins = 32
     Radius = 4
     Sampling percentage  = 1
   Transform = SyN
     Gradient step = 0.1
     Update field sigma (voxel space) = 3
     Total field sigma (voxel space) = 0
     Update field time sigma = 0
     Total field time sigma  = 0
     Number of time indices = 0
     Number of time point samples = 0
Registration using 3 total stages.

Stage 0
  iterations = 1000x500x250x100
  convergence threshold = 1e-06
  convergence window size = 10
  number of levels = 4
  using the Mattes MI metric (number of bins = 32, weight = 1, use gradient filter = 0)
  preprocessing:  winsorizing the image intensities
  Shrink factors (level 1 out of 4): [8, 8, 8]
  Shrink factors (level 2 out of 4): [4, 4, 4]
  Shrink factors (level 3 out of 4): [2, 2, 2]
  Shrink factors (level 4 out of 4): [1, 1, 1]
  smoothing sigmas per level: [3, 2, 1, 0]
  regular sampling (percentage = 0.25)

*** Running Euler3DTransform registration ***

DIAGNOSTIC,Iteration,metricValue,convergenceValue,ITERATION_TIME_INDEX,SINCE_LAST
 2DIAGNOSTIC,     1, -6.371845006943e-01, inf, 1.2853e+00, 1.2853e+00, 
 2DIAGNOSTIC,     2, -6.385875940323e-01, inf, 1.2934e+00, 8.1401e-03, 
 2DIAGNOSTIC,     3, -6.405462622643e-01, inf, 1.3018e+00, 8.3580e-03, 
 2DIAGNOSTIC,     4, -6.415761113167e-01, inf, 1.3093e+00, 7.4980e-03, 
 2DIAGNOSTIC,     5, -6.425185203552e-01, inf, 1.3166e+00, 7.2889e-03, 
 2DIAGNOSTIC,     6, -6.439219713211e-01, inf, 1.3239e+00, 7.3059e-03, 
 2DIAGNOSTIC,     7, -6.475331783295e-01, inf, 1.3313e+00, 7.4439e-03, 
 2DIAGNOSTIC,     8, -6.505183577538e-01, inf, 1.3416e+00, 1.0243e-02, 
 2DIAGNOSTIC,     9, -6.586608886719e-01, inf, 1.3544e+00, 1.2873e-02, 
 2DIAGNOSTIC,    10, -6.593043208122e-01, 2.188295591623e-03, 1.3734e+00, 1.8992e-02, 
 2DIAGNOSTIC,    11, -6.597170829773e-01, 2.152184490114e-03, 1.3818e+00, 8.3840e-03, 
 2DIAGNOSTIC,    12, -6.601611971855e-01, 1.997997984290e-03, 1.3904e+00, 8.6350e-03, 
 2DIAGNOSTIC,    13, -6.606767773628e-01, 1.768296933733e-03, 1.3979e+00, 7.4990e-03, 
 2DIAGNOSTIC,    14, -6.615738272667e-01, 1.468508969992e-03, 1.4056e+00, 7.6458e-03, 
 2DIAGNOSTIC,    15, -6.702213287354e-01, 1.353484112769e-03, 1.4153e+00, 9.7461e-03, 
 2DIAGNOSTIC,    16, -6.716151237488e-01, 1.200761296786e-03, 1.4227e+00, 7.4151e-03, 
 2DIAGNOSTIC,    17, -6.731083393097e-01, 1.089011435397e-03, 1.4314e+00, 8.6949e-03, 
 2DIAGNOSTIC,    18, -6.743114590645e-01, 9.877755073830e-04, 1.4404e+00, 8.9960e-03, 
 2DIAGNOSTIC,    19, -6.772920489311e-01, 1.058473135345e-03, 1.4484e+00, 7.9770e-03, 
 2DIAGNOSTIC,    20, -6.869063377380e-01, 1.240390120074e-03, 1.4571e+00, 8.7321e-03, 
 2DIAGNOSTIC,    21, -6.913395524025e-01, 1.382540096529e-03, 1.4657e+00, 8.5320e-03, 
 2DIAGNOSTIC,    22, -6.923030018806e-01, 1.412667799741e-03, 1.4763e+00, 1.0592e-02, 
 2DIAGNOSTIC,    23, -6.928459405899e-01, 1.332603278570e-03, 1.4844e+00, 8.1849e-03, 
 2DIAGNOSTIC,    24, -6.931236982346e-01, 1.151811913587e-03, 1.4918e+00, 7.3340e-03, 
 2DIAGNOSTIC,    25, -6.939213275909e-01, 1.036698580720e-03, 1.5002e+00, 8.4219e-03, 
 2DIAGNOSTIC,    26, -6.949273347855e-01, 8.712182170711e-04, 1.5088e+00, 8.6000e-03, 
 2DIAGNOSTIC,    27, -6.959222555161e-01, 6.776411319152e-04, 1.5172e+00, 8.4059e-03, 
 2DIAGNOSTIC,    28, -6.960877776146e-01, 4.568556323647e-04, 1.5247e+00, 7.4661e-03, 
 2DIAGNOSTIC,    29, -6.963191032410e-01, 2.531627542339e-04, 1.5330e+00, 8.3139e-03, 
 2DIAGNOSTIC,    30, -6.964551210403e-01, 1.760558225214e-04, 1.5424e+00, 9.4008e-03, 
 2DIAGNOSTIC,    31, -6.966782212257e-01, 1.506803528173e-04, 1.5508e+00, 8.4188e-03, 
 2DIAGNOSTIC,    32, -6.966872215271e-01, 1.253664522665e-04, 1.5591e+00, 8.3349e-03, 
 2DIAGNOSTIC,    33, -6.966933012009e-01, 9.709014557302e-05, 1.5676e+00, 8.4431e-03, 
 2DIAGNOSTIC,    34, -6.966961622238e-01, 6.495710840682e-05, 1.5766e+00, 9.0408e-03, 
 2DIAGNOSTIC,    35, -6.967007517815e-01, 3.809938061750e-05, 1.5850e+00, 8.3530e-03, 
 2DIAGNOSTIC,    36, -6.965820789337e-01, 1.932282611961e-05, 1.5933e+00, 8.3661e-03, 
 2DIAGNOSTIC,    37, -6.965845227242e-01, 1.122372759710e-05, 1.6017e+00, 8.3520e-03, 
 2DIAGNOSTIC,    38, -6.965848803520e-01, 4.384508883959e-06, 1.6101e+00, 8.4479e-03, 
DIAGNOSTIC,Iteration,metricValue,convergenceValue,ITERATION_TIME_INDEX,SINCE_LAST
 2DIAGNOSTIC,     1, -5.756145119667e-01, inf, 2.8721e+00, 1.2620e+00, 
 2DIAGNOSTIC,     2, -5.761995315552e-01, inf, 2.9402e+00, 6.8063e-02, 
 2DIAGNOSTIC,     3, -5.770146250725e-01, inf, 3.0169e+00, 7.6719e-02, 
 2DIAGNOSTIC,     4, -5.774105787277e-01, inf, 3.1073e+00, 9.0421e-02, 
 2DIAGNOSTIC,     5, -5.773048400879e-01, inf, 3.1847e+00, 7.7394e-02, 
 2DIAGNOSTIC,     6, -5.772739648819e-01, inf, 3.2727e+00, 8.7936e-02, 
 2DIAGNOSTIC,     7, -5.772673487663e-01, inf, 3.3514e+00, 7.8710e-02, 
 2DIAGNOSTIC,     8, -5.772214531898e-01, inf, 3.4384e+00, 8.7062e-02, 
 2DIAGNOSTIC,     9, -5.772215723991e-01, inf, 3.5164e+00, 7.7951e-02, 
 2DIAGNOSTIC,    10, -5.772135853767e-01, 1.295383699471e-04, 3.6036e+00, 8.7261e-02, 
 2DIAGNOSTIC,    11, -5.771860480309e-01, 4.711531801149e-05, 3.6808e+00, 7.7202e-02, 
DIAGNOSTIC,Iteration,metricValue,convergenceValue,ITERATION_TIME_INDEX,SINCE_LAST
 2DIAGNOSTIC,     1, -4.913111925125e-01, inf, 5.4790e+00, 1.7981e+00, 
 2DIAGNOSTIC,     2, -4.913803339005e-01, inf, 6.0835e+00, 6.0452e-01, 
 2DIAGNOSTIC,     3, -4.914027452469e-01, inf, 6.6834e+00, 5.9985e-01, 
 2DIAGNOSTIC,     4, -4.914287328720e-01, inf, 7.2849e+00, 6.0156e-01, 
 2DIAGNOSTIC,     5, -4.914596676826e-01, inf, 7.8088e+00, 5.2384e-01, 
 2DIAGNOSTIC,     6, -4.915671944618e-01, inf, 8.3397e+00, 5.3090e-01, 
 2DIAGNOSTIC,     7, -4.917873442173e-01, inf, 8.8648e+00, 5.2516e-01, 
 2DIAGNOSTIC,     8, -4.920933544636e-01, inf, 9.4649e+00, 6.0012e-01, 
 2DIAGNOSTIC,     9, -4.921292960644e-01, inf, 1.0300e+01, 8.3484e-01, 
 2DIAGNOSTIC,    10, -4.921663701534e-01, 1.291702355957e-04, 1.1052e+01, 7.5176e-01, 
 2DIAGNOSTIC,    11, -4.921692013741e-01, 1.226971071446e-04, 1.1753e+01, 7.0189e-01, 
 2DIAGNOSTIC,    12, -4.921692013741e-01, 1.096930354834e-04, 1.2416e+01, 6.6210e-01, 
 2DIAGNOSTIC,    13, -4.921689927578e-01, 8.983159932541e-05, 1.3099e+01, 6.8358e-01, 
 2DIAGNOSTIC,    14, -4.921671748161e-01, 6.595981540158e-05, 1.3772e+01, 6.7255e-01, 
 2DIAGNOSTIC,    15, -4.921672642231e-01, 4.080228973180e-05, 1.4588e+01, 8.1640e-01, 
 2DIAGNOSTIC,    16, -4.921677410603e-01, 1.906365469040e-05, 1.5267e+01, 6.7942e-01, 
 2DIAGNOSTIC,    17, -4.921673238277e-01, 5.515836164705e-06, 1.5856e+01, 5.8895e-01, 
 2DIAGNOSTIC,    18, -4.921672940254e-01, 2.943072558992e-06, 1.6538e+01, 6.8197e-01, 
 2DIAGNOSTIC,    19, -4.921672642231e-01, 1.594205173205e-06, 1.7144e+01, 6.0593e-01, 
 2DIAGNOSTIC,    20, -4.921672046185e-01, 1.454553739677e-06, 1.7734e+01, 5.9002e-01, 
 2DIAGNOSTIC,    21, -4.921672642231e-01, 1.419429509042e-06, 1.8324e+01, 5.8945e-01, 
 2DIAGNOSTIC,    22, -4.921674430370e-01, 1.400847622790e-06, 1.8913e+01, 5.8970e-01, 
 2DIAGNOSTIC,    23, -4.921671748161e-01, 1.377634816890e-06, 1.9506e+01, 5.9223e-01, 
 2DIAGNOSTIC,    24, -4.921661913395e-01, 1.289680994887e-06, 2.0095e+01, 5.8940e-01, 
 2DIAGNOSTIC,    25, -4.921662509441e-01, 1.215836618940e-06, 2.0687e+01, 5.9179e-01, 
 2DIAGNOSTIC,    26, -4.921663105488e-01, 1.164777927443e-06, 2.1278e+01, 5.9082e-01, 
 2DIAGNOSTIC,    27, -4.921663403511e-01, 1.114362930821e-06, 2.1867e+01, 5.8928e-01, 
 2DIAGNOSTIC,    28, -4.921664595604e-01, 1.075648015103e-06, 2.2459e+01, 5.9183e-01, 
 2DIAGNOSTIC,    29, -4.921663701534e-01, 1.043385054800e-06, 2.2978e+01, 5.1956e-01, 
 2DIAGNOSTIC,    30, -4.921664893627e-01, 1.019574597194e-06, 2.3568e+01, 5.8913e-01, 
 2DIAGNOSTIC,    31, -4.921665489674e-01, 1.002886392598e-06, 2.4229e+01, 6.6136e-01, 
DIAGNOSTIC,Iteration,metricValue,convergenceValue,ITERATION_TIME_INDEX,SINCE_LAST
 2DIAGNOSTIC,     1, -4.459663033485e-01, inf, 2.8810e+01, 4.5809e+00, 
 2DIAGNOSTIC,     2, -4.459985196590e-01, inf, 3.4405e+01, 5.5955e+00, 
 2DIAGNOSTIC,     3, -4.459986388683e-01, inf, 3.9563e+01, 5.1575e+00, 
 2DIAGNOSTIC,     4, -4.459992349148e-01, inf, 4.3317e+01, 3.7541e+00, 
 2DIAGNOSTIC,     5, -4.459992051125e-01, inf, 4.7540e+01, 4.2229e+00, 
 2DIAGNOSTIC,     6, -4.459989368916e-01, inf, 5.1326e+01, 3.7865e+00, 
 2DIAGNOSTIC,     7, -4.459990859032e-01, inf, 5.6470e+01, 5.1438e+00, 
 2DIAGNOSTIC,     8, -4.459991157055e-01, inf, 6.0208e+01, 3.7384e+00, 
 2DIAGNOSTIC,     9, -4.459990262985e-01, inf, 6.3945e+01, 3.7368e+00, 
 2DIAGNOSTIC,    10, -4.459990262985e-01, 5.308570052875e-06, 6.7683e+01, 3.7373e+00, 
 2DIAGNOSTIC,    11, -4.459989070892e-01, 2.924403361249e-06, 7.2349e+01, 4.6663e+00, 
 2DIAGNOSTIC,    12, -4.459989964962e-01, 2.650436499607e-06, 7.6547e+01, 4.1984e+00, 
 2DIAGNOSTIC,    13, -4.459989964962e-01, 2.423197429380e-06, 8.0286e+01, 3.7390e+00, 
 2DIAGNOSTIC,    14, -4.459987878799e-01, 2.248238615721e-06, 8.4023e+01, 3.7372e+00, 
 2DIAGNOSTIC,    15, -4.459985494614e-01, 2.088168912451e-06, 8.7763e+01, 3.7399e+00, 
 2DIAGNOSTIC,    16, -4.459985494614e-01, 1.940430138347e-06, 9.1504e+01, 3.7406e+00, 
 2DIAGNOSTIC,    17, -4.459985494614e-01, 1.819701765271e-06, 9.5244e+01, 3.7396e+00, 
 2DIAGNOSTIC,    18, -4.459985494614e-01, 1.718098701531e-06, 9.8984e+01, 3.7401e+00, 
 2DIAGNOSTIC,    19, -4.459985196590e-01, 1.627893652767e-06, 1.0273e+02, 3.7422e+00, 
 2DIAGNOSTIC,    20, -4.459985196590e-01, 1.551336822558e-06, 1.0646e+02, 3.7388e+00, 
 2DIAGNOSTIC,    21, -4.459986090660e-01, 1.484650283601e-06, 1.1020e+02, 3.7395e+00, 
 2DIAGNOSTIC,    22, -4.459986090660e-01, 1.429153826393e-06, 1.1348e+02, 3.2769e+00, 
 2DIAGNOSTIC,    23, -4.459987282753e-01, 1.383472749694e-06, 1.1769e+02, 4.2057e+00, 
 2DIAGNOSTIC,    24, -4.459987282753e-01, 1.336162085863e-06, 1.2142e+02, 3.7341e+00, 
 2DIAGNOSTIC,    25, -4.459986984730e-01, 1.284821223635e-06, 1.2515e+02, 3.7312e+00, 
 2DIAGNOSTIC,    26, -4.459987282753e-01, 1.237011588273e-06, 1.2888e+02, 3.7319e+00, 
 2DIAGNOSTIC,    27, -4.459987282753e-01, 1.191411456603e-06, 1.3262e+02, 3.7343e+00, 
 2DIAGNOSTIC,    28, -4.459986686707e-01, 1.146465137936e-06, 1.3636e+02, 3.7394e+00, 
 2DIAGNOSTIC,    29, -4.459987282753e-01, 1.104356101678e-06, 1.4010e+02, 3.7409e+00, 
 2DIAGNOSTIC,    30, -4.459987282753e-01, 1.064292632691e-06, 1.4384e+02, 3.7419e+00, 
 2DIAGNOSTIC,    31, -4.459987580776e-01, 1.028906012834e-06, 1.4758e+02, 3.7383e+00, 
  Elapsed time (stage 0): 1.4959e+02


Stage 1
  iterations = 1000x500x250x100
  convergence threshold = 1.0000e-06
  convergence window size = 10
  number of levels = 4
  using the Mattes MI metric (number of bins = 32, weight = 1.0000e+00, use gradient filter = 0)
  preprocessing:  winsorizing the image intensities
  Shrink factors (level 1 out of 4): [8, 8, 8]
  Shrink factors (level 2 out of 4): [4, 4, 4]
  Shrink factors (level 3 out of 4): [2, 2, 2]
  Shrink factors (level 4 out of 4): [1, 1, 1]
  smoothing sigmas per level: [3, 2, 1, 0]
  regular sampling (percentage = 2.5000e-01)

*** Running AffineTransform registration ***

DIAGNOSTIC,Iteration,metricValue,convergenceValue,ITERATION_TIME_INDEX,SINCE_LAST
 2DIAGNOSTIC,     1, -6.985871195793e-01, inf, 1.1758e+00, 1.1758e+00, 
 2DIAGNOSTIC,     2, -7.014415860176e-01, inf, 1.1844e+00, 8.6489e-03, 
 2DIAGNOSTIC,     3, -7.059514522552e-01, inf, 1.1929e+00, 8.5070e-03, 
 2DIAGNOSTIC,     4, -7.131682038307e-01, inf, 1.2015e+00, 8.6040e-03, 
 2DIAGNOSTIC,     5, -7.234758734703e-01, inf, 1.2100e+00, 8.5220e-03, 
 2DIAGNOSTIC,     6, -7.498067021370e-01, inf, 1.2188e+00, 8.7762e-03, 
 2DIAGNOSTIC,     7, -8.068953752518e-01, inf, 1.2294e+00, 1.0537e-02, 
 2DIAGNOSTIC,     8, -9.199351668358e-01, inf, 1.2404e+00, 1.1013e-02, 
 2DIAGNOSTIC,     9, -9.486572146416e-01, inf, 1.2585e+00, 1.8184e-02, 
 2DIAGNOSTIC,    10, -9.493409395218e-01, 2.387783303857e-02, 1.2674e+00, 8.8789e-03, 
 2DIAGNOSTIC,    11, -9.516279697418e-01, 2.337392419577e-02, 1.2761e+00, 8.7020e-03, 
 2DIAGNOSTIC,    12, -9.556968808174e-01, 2.106730639935e-02, 1.2850e+00, 8.9180e-03, 
 2DIAGNOSTIC,    13, -9.609200954437e-01, 1.748836785555e-02, 1.2939e+00, 8.8089e-03, 
 2DIAGNOSTIC,    14, -9.663546681404e-01, 1.322399172932e-02, 1.3027e+00, 8.8718e-03, 
 2DIAGNOSTIC,    15, -9.726709127426e-01, 8.816024288535e-03, 1.3116e+00, 8.8978e-03, 
 2DIAGNOSTIC,    16, -9.820431470871e-01, 4.972856957465e-03, 1.3218e+00, 1.0151e-02, 
 2DIAGNOSTIC,    17, -9.851158261299e-01, 2.293777884915e-03, 1.3339e+00, 1.2088e-02, 
 2DIAGNOSTIC,    18, -9.845409989357e-01, 1.766276662238e-03, 1.3486e+00, 1.4693e-02, 
 2DIAGNOSTIC,    19, -9.842002987862e-01, 1.625405740924e-03, 1.3586e+00, 1.0052e-02, 
 2DIAGNOSTIC,    20, -9.845282435417e-01, 1.365916570649e-03, 1.3684e+00, 9.7919e-03, 
 2DIAGNOSTIC,    21, -9.849622249603e-01, 1.046193065122e-03, 1.3774e+00, 8.9691e-03, 
 2DIAGNOSTIC,    22, -9.854599833488e-01, 7.265293970704e-04, 1.3862e+00, 8.8069e-03, 
 2DIAGNOSTIC,    23, -9.857288599014e-01, 4.466453101486e-04, 1.3962e+00, 1.0043e-02, 
 2DIAGNOSTIC,    24, -9.859142899513e-01, 2.246822550660e-04, 1.4063e+00, 1.0032e-02, 
 2DIAGNOSTIC,    25, -9.858779907227e-01, 7.726246258244e-05, 1.4152e+00, 8.9841e-03, 
 2DIAGNOSTIC,    26, -9.858955740929e-01, 4.710041685030e-05, 1.4259e+00, 1.0649e-02, 
 2DIAGNOSTIC,    27, -9.857132434845e-01, 4.863456342719e-05, 1.4348e+00, 8.9560e-03, 
 2DIAGNOSTIC,    28, -9.856146574020e-01, 3.830673449556e-05, 1.4449e+00, 1.0047e-02, 
 2DIAGNOSTIC,    29, -9.855778217316e-01, 2.121722718584e-05, 1.4538e+00, 8.9591e-03, 
 2DIAGNOSTIC,    30, -9.854272007942e-01, 5.240837253950e-06, 1.4638e+00, 9.9740e-03, 
DIAGNOSTIC,Iteration,metricValue,convergenceValue,ITERATION_TIME_INDEX,SINCE_LAST
 2DIAGNOSTIC,     1, -7.778207063675e-01, inf, 2.7400e+00, 1.2762e+00, 
 2DIAGNOSTIC,     2, -7.792389988899e-01, inf, 2.8263e+00, 8.6290e-02, 
 2DIAGNOSTIC,     3, -7.805874347687e-01, inf, 2.9121e+00, 8.5804e-02, 
 2DIAGNOSTIC,     4, -7.814154624939e-01, inf, 2.9980e+00, 8.5942e-02, 
 2DIAGNOSTIC,     5, -7.821553945541e-01, inf, 3.0832e+00, 8.5183e-02, 
 2DIAGNOSTIC,     6, -7.830443978310e-01, inf, 3.1697e+00, 8.6510e-02, 
 2DIAGNOSTIC,     7, -7.835631966591e-01, inf, 3.2668e+00, 9.7108e-02, 
 2DIAGNOSTIC,     8, -7.838176488876e-01, inf, 3.3969e+00, 1.3006e-01, 
 2DIAGNOSTIC,     9, -7.839033007622e-01, inf, 3.4823e+00, 8.5429e-02, 
 2DIAGNOSTIC,    10, -7.839002013206e-01, 4.964693798684e-04, 3.5791e+00, 9.6751e-02, 
 2DIAGNOSTIC,    11, -7.840070128441e-01, 3.421757137403e-04, 3.6659e+00, 8.6831e-02, 
 2DIAGNOSTIC,    12, -7.841598391533e-01, 2.298521576449e-04, 3.8060e+00, 1.4011e-01, 
 2DIAGNOSTIC,    13, -7.841734886169e-01, 1.521149097243e-04, 3.9030e+00, 9.7005e-02, 
 2DIAGNOSTIC,    14, -7.841338515282e-01, 9.233431774192e-05, 3.9999e+00, 9.6878e-02, 
 2DIAGNOSTIC,    15, -7.841359376907e-01, 4.999206066714e-05, 4.0969e+00, 9.7001e-02, 
 2DIAGNOSTIC,    16, -7.841219902039e-01, 2.812333877955e-05, 4.1939e+00, 9.7020e-02, 
 2DIAGNOSTIC,    17, -7.841068506241e-01, 1.697792504274e-05, 4.2912e+00, 9.7333e-02, 
 2DIAGNOSTIC,    18, -7.841079235077e-01, 1.080860329239e-05, 4.4006e+00, 1.0938e-01, 
 2DIAGNOSTIC,    19, -7.840927839279e-01, 5.876391242055e-06, 4.4981e+00, 9.7451e-02, 
DIAGNOSTIC,Iteration,metricValue,convergenceValue,ITERATION_TIME_INDEX,SINCE_LAST
 2DIAGNOSTIC,     1, -6.566362380981e-01, inf, 6.4983e+00, 2.0003e+00, 
 2DIAGNOSTIC,     2, -6.574443578720e-01, inf, 7.1993e+00, 7.0099e-01, 
 2DIAGNOSTIC,     3, -6.584283113480e-01, inf, 7.9272e+00, 7.2789e-01, 
 2DIAGNOSTIC,     4, -6.595342159271e-01, inf, 8.6367e+00, 7.0951e-01, 
 2DIAGNOSTIC,     5, -6.600728631020e-01, inf, 9.6669e+00, 1.0302e+00, 
 2DIAGNOSTIC,     6, -6.601725816727e-01, inf, 1.0535e+01, 8.6848e-01, 
 2DIAGNOSTIC,     7, -6.601693034172e-01, inf, 1.1404e+01, 8.6876e-01, 
 2DIAGNOSTIC,     8, -6.601665616035e-01, inf, 1.2112e+01, 7.0820e-01, 
 2DIAGNOSTIC,     9, -6.601616740227e-01, inf, 1.2908e+01, 7.9588e-01, 
 2DIAGNOSTIC,    10, -6.601555943489e-01, 3.233325260226e-04, 1.3778e+01, 8.6980e-01, 
 2DIAGNOSTIC,    11, -6.601548790932e-01, 1.871873100754e-04, 1.4569e+01, 7.9052e-01, 
 2DIAGNOSTIC,    12, -6.601549386978e-01, 8.602638990851e-05, 1.5359e+01, 7.9038e-01, 
 2DIAGNOSTIC,    13, -6.601549983025e-01, 2.475411565683e-05, 1.6150e+01, 7.9111e-01, 
 2DIAGNOSTIC,    14, -6.601548194885e-01, 3.814866431640e-06, 1.6994e+01, 8.4413e-01, 
DIAGNOSTIC,Iteration,metricValue,convergenceValue,ITERATION_TIME_INDEX,SINCE_LAST
 2DIAGNOSTIC,     1, -5.857485532761e-01, inf, 2.2259e+01, 5.2652e+00, 
 2DIAGNOSTIC,     2, -5.862376689911e-01, inf, 2.6523e+01, 4.2635e+00, 
 2DIAGNOSTIC,     3, -5.867502689362e-01, inf, 3.0770e+01, 4.2470e+00, 
 2DIAGNOSTIC,     4, -5.873052477837e-01, inf, 3.5009e+01, 4.2395e+00, 
 2DIAGNOSTIC,     5, -5.877673029900e-01, inf, 3.9879e+01, 4.8700e+00, 
 2DIAGNOSTIC,     6, -5.878968834877e-01, inf, 4.5667e+01, 5.7881e+00, 
 2DIAGNOSTIC,     7, -5.879314541817e-01, inf, 4.9900e+01, 4.2321e+00, 
 2DIAGNOSTIC,     8, -5.881472826004e-01, inf, 5.4639e+01, 4.7392e+00, 
 2DIAGNOSTIC,     9, -5.886570215225e-01, inf, 6.0927e+01, 6.2886e+00, 
 2DIAGNOSTIC,    10, -5.886544585228e-01, 3.086264769081e-04, 6.6699e+01, 5.7718e+00, 
 2DIAGNOSTIC,    11, -5.886529684067e-01, 2.320230123587e-04, 7.2480e+01, 5.7807e+00, 
 2DIAGNOSTIC,    12, -5.886530280113e-01, 1.676201354712e-04, 7.7733e+01, 5.2533e+00, 
 2DIAGNOSTIC,    13, -5.886534452438e-01, 1.168088492705e-04, 8.3501e+01, 5.7683e+00, 
 2DIAGNOSTIC,    14, -5.886533856392e-01, 8.133450319292e-05, 9.0313e+01, 6.8116e+00, 
 2DIAGNOSTIC,    15, -5.886536240578e-01, 5.822581806569e-05, 9.5087e+01, 4.7740e+00, 
 2DIAGNOSTIC,    16, -5.886534452438e-01, 3.707541691256e-05, 9.9828e+01, 4.7407e+00, 
 2DIAGNOSTIC,    17, -5.886533856392e-01, 1.616553709027e-05, 1.0456e+02, 4.7363e+00, 
 2DIAGNOSTIC,    18, -5.886532664299e-01, 1.659328177084e-06, 1.0930e+02, 4.7383e+00, 
 2DIAGNOSTIC,    19, -5.886533260345e-01, 1.661126475483e-06, 1.1405e+02, 4.7470e+00, 
 2DIAGNOSTIC,    20, -5.886532664299e-01, 1.601786152605e-06, 1.1827e+02, 4.2197e+00, 
 2DIAGNOSTIC,    21, -5.886532664299e-01, 1.513022539257e-06, 1.2300e+02, 4.7354e+00, 
 2DIAGNOSTIC,    22, -5.886533856392e-01, 1.436415232092e-06, 1.2774e+02, 4.7342e+00, 
 2DIAGNOSTIC,    23, -5.886535048485e-01, 1.378738147650e-06, 1.3248e+02, 4.7385e+00, 
 2DIAGNOSTIC,    24, -5.886535644531e-01, 1.326137066826e-06, 1.3722e+02, 4.7438e+00, 
 2DIAGNOSTIC,    25, -5.886535048485e-01, 1.281331492464e-06, 1.4195e+02, 4.7334e+00, 
 2DIAGNOSTIC,    26, -5.886535048485e-01, 1.236004891325e-06, 1.4727e+02, 5.3140e+00, 
 2DIAGNOSTIC,    27, -5.886535048485e-01, 1.191893375108e-06, 1.5200e+02, 4.7346e+00, 
 2DIAGNOSTIC,    28, -5.886534452438e-01, 1.146527665696e-06, 1.5673e+02, 4.7288e+00, 
 2DIAGNOSTIC,    29, -5.886535048485e-01, 1.105434421333e-06, 1.6147e+02, 4.7360e+00, 
 2DIAGNOSTIC,    30, -5.886534452438e-01, 1.064452703758e-06, 1.6620e+02, 4.7326e+00, 
 2DIAGNOSTIC,    31, -5.886535048485e-01, 1.026730728881e-06, 1.7094e+02, 4.7363e+00, 
  Elapsed time (stage 1): 1.7362e+02


Stage 2
  iterations = 100x70x50x20
  convergence threshold = 1.0000e-06
  convergence window size = 10
  number of levels = 4
  using the CC metric (radius = 4, weight = 1.0000e+00, use gradient filter = 0)
  preprocessing:  winsorizing the image intensities
  Shrink factors (level 1 out of 4): [8, 8, 8]
  Shrink factors (level 2 out of 4): [4, 4, 4]
  Shrink factors (level 3 out of 4): [2, 2, 2]
  Shrink factors (level 4 out of 4): [1, 1, 1]
  smoothing sigmas per level: [3, 2, 1, 0]
  Using default NONE metricSamplingStrategy 

*** Running SyN registration (varianceForUpdateField = 3.0000e+00, varianceForTotalField = 0.0000e+00) ***

XXDIAGNOSTIC,Iteration,metricValue,convergenceValue,ITERATION_TIME_INDEX,SINCE_LAST
 1DIAGNOSTIC,     1, -9.605004787445e-01, inf, 1.8899e+00, 1.8899e+00, 
 1DIAGNOSTIC,     2, -9.663529992104e-01, inf, 2.6404e+00, 7.5046e-01, 
 1DIAGNOSTIC,     3, -9.710671305656e-01, inf, 3.3867e+00, 7.4630e-01, 
 1DIAGNOSTIC,     4, -9.740181565285e-01, inf, 4.1259e+00, 7.3922e-01, 
 1DIAGNOSTIC,     5, -9.764445424080e-01, inf, 4.8716e+00, 7.4570e-01, 
 1DIAGNOSTIC,     6, -9.788429141045e-01, inf, 5.6115e+00, 7.3992e-01, 
 1DIAGNOSTIC,     7, -9.805411100388e-01, inf, 6.3713e+00, 7.5976e-01, 
 1DIAGNOSTIC,     8, -9.819718599319e-01, inf, 7.1279e+00, 7.5664e-01, 
 1DIAGNOSTIC,     9, -9.830566644669e-01, inf, 7.8682e+00, 7.4028e-01, 
 1DIAGNOSTIC,    10, -9.839854240417e-01, 1.435629557818e-03, 8.6075e+00, 7.3926e-01, 
 1DIAGNOSTIC,    11, -9.844399094582e-01, 1.023700344376e-03, 9.3689e+00, 7.6141e-01, 
 1DIAGNOSTIC,    12, -9.847486615181e-01, 7.366785430349e-04, 1.0117e+01, 7.4763e-01, 
 1DIAGNOSTIC,    13, -9.847805500031e-01, 5.331406719051e-04, 1.0883e+01, 7.6691e-01, 
 1DIAGNOSTIC,    14, -9.850155711174e-01, 3.761871776078e-04, 1.1646e+01, 7.6262e-01, 
 1DIAGNOSTIC,    15, -9.849901795387e-01, 2.517343382351e-04, 1.2406e+01, 7.5962e-01, 
 1DIAGNOSTIC,    16, -9.852442741394e-01, 1.677713298704e-04, 1.3154e+01, 7.4793e-01, 
 1DIAGNOSTIC,    17, -9.851942062378e-01, 1.062176597770e-04, 1.3905e+01, 7.5106e-01, 
 1DIAGNOSTIC,    18, -9.853363037109e-01, 6.707386637572e-05, 1.4655e+01, 7.4995e-01, 
 1DIAGNOSTIC,    19, -9.852772951126e-01, 4.136456482229e-05, 1.5402e+01, 7.4723e-01, 
 1DIAGNOSTIC,    20, -9.854518175125e-01, 3.043423203053e-05, 1.6154e+01, 7.5229e-01, 
 1DIAGNOSTIC,    21, -9.853727221489e-01, 2.287958159286e-05, 1.6910e+01, 7.5592e-01, 
 1DIAGNOSTIC,    22, -9.854767322540e-01, 1.951379999809e-05, 1.7661e+01, 7.5104e-01, 
 1DIAGNOSTIC,    23, -9.854320883751e-01, 1.451671414543e-05, 1.8443e+01, 7.8156e-01, 
 1DIAGNOSTIC,    24, -9.855558872223e-01, 1.308644823439e-05, 1.9183e+01, 7.4074e-01, 
 1DIAGNOSTIC,    25, -9.854612350464e-01, 9.156691703538e-06, 1.9925e+01, 7.4184e-01, 
 1DIAGNOSTIC,    26, -9.855394959450e-01, 8.556989996578e-06, 2.0668e+01, 7.4292e-01, 
 1DIAGNOSTIC,    27, -9.854643344879e-01, 5.919748673477e-06, 2.1411e+01, 7.4289e-01, 
 1DIAGNOSTIC,    28, -9.855343103409e-01, 5.258116743789e-06, 2.2151e+01, 7.3950e-01, 
 1DIAGNOSTIC,    29, -9.854598045349e-01, 2.846520828825e-06, 2.2897e+01, 7.4610e-01, 
 1DIAGNOSTIC,    30, -9.855304956436e-01, 2.848554913726e-06, 2.3652e+01, 7.5493e-01, 
 1DIAGNOSTIC,    31, -9.854586124420e-01, 1.235317085957e-06, 2.4399e+01, 7.4779e-01, 
 1DIAGNOSTIC,    32, -9.855250120163e-01, 1.277353817386e-06, 2.5155e+01, 7.5516e-01, 
 1DIAGNOSTIC,    33, -9.854836463928e-01, 4.867713983003e-07, 2.5905e+01, 7.5029e-01, 
XXDIAGNOSTIC,Iteration,metricValue,convergenceValue,ITERATION_TIME_INDEX,SINCE_LAST
 1DIAGNOSTIC,     1, -9.521614313126e-01, inf, 3.3430e+01, 7.5247e+00, 
 1DIAGNOSTIC,     2, -9.542431235313e-01, inf, 3.9816e+01, 6.3868e+00, 
 1DIAGNOSTIC,     3, -9.565570950508e-01, inf, 4.6195e+01, 6.3782e+00, 
 1DIAGNOSTIC,     4, -9.589085578918e-01, inf, 5.2523e+01, 6.3282e+00, 
 1DIAGNOSTIC,     5, -9.606944322586e-01, inf, 5.8897e+01, 6.3739e+00, 
 1DIAGNOSTIC,     6, -9.620959758759e-01, inf, 6.5199e+01, 6.3024e+00, 
 1DIAGNOSTIC,     7, -9.632066488266e-01, inf, 7.1608e+01, 6.4088e+00, 
 1DIAGNOSTIC,     8, -9.641453027725e-01, inf, 7.7900e+01, 6.2920e+00, 
 1DIAGNOSTIC,     9, -9.648654460907e-01, inf, 8.4221e+01, 6.3210e+00, 
 1DIAGNOSTIC,    10, -9.655089378357e-01, 8.968348847702e-04, 9.0531e+01, 6.3102e+00, 
 1DIAGNOSTIC,    11, -9.660267829895e-01, 6.908287177794e-04, 9.6873e+01, 6.3425e+00, 
 1DIAGNOSTIC,    12, -9.664824008942e-01, 5.193920223974e-04, 1.0317e+02, 6.2957e+00, 
 1DIAGNOSTIC,    13, -9.667909741402e-01, 3.864821337629e-04, 1.0953e+02, 6.3559e+00, 
 1DIAGNOSTIC,    14, -9.671135544777e-01, 2.935901866294e-04, 1.1586e+02, 6.3349e+00, 
 1DIAGNOSTIC,    15, -9.673141837120e-01, 2.251717814943e-04, 1.2216e+02, 6.3004e+00, 
 1DIAGNOSTIC,    16, -9.676085710526e-01, 1.758470170898e-04, 1.2846e+02, 6.3045e+00, 
 1DIAGNOSTIC,    17, -9.677780866623e-01, 1.382408954669e-04, 1.3482e+02, 6.3517e+00, 
 1DIAGNOSTIC,    18, -9.680370092392e-01, 1.116928178817e-04, 1.4113e+02, 6.3100e+00, 
 1DIAGNOSTIC,    19, -9.681737422943e-01, 9.087355283555e-05, 1.4748e+02, 6.3541e+00, 
 1DIAGNOSTIC,    20, -9.684157371521e-01, 7.679554255446e-05, 1.5388e+02, 6.4000e+00, 
 1DIAGNOSTIC,    21, -9.685294628143e-01, 6.576547457371e-05, 1.6018e+02, 6.2977e+00, 
 1DIAGNOSTIC,    22, -9.686485528946e-01, 5.738144682255e-05, 1.6652e+02, 6.3466e+00, 
 1DIAGNOSTIC,    23, -9.687665700912e-01, 4.989097942598e-05, 1.7288e+02, 6.3551e+00, 
 1DIAGNOSTIC,    24, -9.688943028450e-01, 4.396400254336e-05, 1.7919e+02, 6.3111e+00, 
 1DIAGNOSTIC,    25, -9.690095186234e-01, 3.814375304501e-05, 1.8559e+02, 6.4028e+00, 
 1DIAGNOSTIC,    26, -9.691265225410e-01, 3.393671431695e-05, 1.9189e+02, 6.2929e+00, 
 1DIAGNOSTIC,    27, -9.692399501801e-01, 2.999800744874e-05, 1.9823e+02, 6.3450e+00, 
 1DIAGNOSTIC,    28, -9.693508148193e-01, 2.749139639491e-05, 2.0454e+02, 6.3042e+00, 
 1DIAGNOSTIC,    29, -9.694507122040e-01, 2.500556001905e-05, 2.1086e+02, 6.3286e+00, 
 1DIAGNOSTIC,    30, -9.695606827736e-01, 2.385548577877e-05, 2.1720e+02, 6.3317e+00, 
 1DIAGNOSTIC,    31, -9.696609973907e-01, 2.262744237669e-05, 2.2353e+02, 6.3367e+00, 
 1DIAGNOSTIC,    32, -9.697585105896e-01, 2.139758180419e-05, 2.2991e+02, 6.3747e+00, 
 1DIAGNOSTIC,    33, -9.698467254639e-01, 2.012137883867e-05, 2.3623e+02, 6.3269e+00, 
 1DIAGNOSTIC,    34, -9.699325561523e-01, 1.893053376989e-05, 2.4252e+02, 6.2883e+00, 
 1DIAGNOSTIC,    35, -9.700090289116e-01, 1.768789115886e-05, 2.4884e+02, 6.3168e+00, 
 1DIAGNOSTIC,    36, -9.700883626938e-01, 1.650325430091e-05, 2.5515e+02, 6.3077e+00, 
 1DIAGNOSTIC,    37, -9.701594710350e-01, 1.534383409307e-05, 2.6139e+02, 6.2473e+00, 
 1DIAGNOSTIC,    38, -9.702260494232e-01, 1.422495643055e-05, 2.6775e+02, 6.3560e+00, 
 1DIAGNOSTIC,    39, -9.702928066254e-01, 1.312817494181e-05, 2.7405e+02, 6.3032e+00, 
 1DIAGNOSTIC,    40, -9.703536033630e-01, 1.215213887917e-05, 2.8029e+02, 6.2402e+00, 
 1DIAGNOSTIC,    41, -9.704140424728e-01, 1.127821906266e-05, 2.8663e+02, 6.3328e+00, 
 1DIAGNOSTIC,    42, -9.704720973969e-01, 1.051904655469e-05, 2.9294e+02, 6.3158e+00, 
 1DIAGNOSTIC,    43, -9.705209136009e-01, 9.787180715648e-06, 2.9922e+02, 6.2739e+00, 
 1DIAGNOSTIC,    44, -9.705712795258e-01, 9.124576536124e-06, 3.0558e+02, 6.3592e+00, 
 1DIAGNOSTIC,    45, -9.706205129623e-01, 8.497837370669e-06, 3.1189e+02, 6.3161e+00, 
 1DIAGNOSTIC,    46, -9.706678390503e-01, 7.951991392474e-06, 3.1822e+02, 6.3277e+00, 
 1DIAGNOSTIC,    47, -9.707137346268e-01, 7.457108949893e-06, 3.2452e+02, 6.2975e+00, 
 1DIAGNOSTIC,    48, -9.707551598549e-01, 6.986505013629e-06, 3.3080e+02, 6.2776e+00, 
 1DIAGNOSTIC,    49, -9.707999229431e-01, 6.591247711185e-06, 3.3703e+02, 6.2381e+00, 
 1DIAGNOSTIC,    50, -9.708411097527e-01, 6.233057320060e-06, 3.4333e+02, 6.3003e+00, 
 1DIAGNOSTIC,    51, -9.708758592606e-01, 5.892816716369e-06, 3.4964e+02, 6.3036e+00, 
 1DIAGNOSTIC,    52, -9.709123373032e-01, 5.589534339379e-06, 3.5593e+02, 6.2927e+00, 
 1DIAGNOSTIC,    53, -9.709458947182e-01, 5.270780093269e-06, 3.6228e+02, 6.3489e+00, 
 1DIAGNOSTIC,    54, -9.709801673889e-01, 4.969958808942e-06, 3.6860e+02, 6.3247e+00, 
 1DIAGNOSTIC,    55, -9.710133075714e-01, 4.693530627264e-06, 3.7494e+02, 6.3318e+00, 
 1DIAGNOSTIC,    56, -9.710463285446e-01, 4.448193521966e-06, 3.8123e+02, 6.2918e+00, 
 1DIAGNOSTIC,    57, -9.710764288902e-01, 4.225994871376e-06, 3.8752e+02, 6.2925e+00, 
 1DIAGNOSTIC,    58, -9.711059331894e-01, 4.013211309939e-06, 3.9382e+02, 6.3053e+00, 
 1DIAGNOSTIC,    59, -9.711373448372e-01, 3.849077074847e-06, 4.0011e+02, 6.2896e+00, 
 1DIAGNOSTIC,    60, -9.711652994156e-01, 3.706282541316e-06, 4.0641e+02, 6.2921e+00, 
 1DIAGNOSTIC,    61, -9.711886644363e-01, 3.538526470948e-06, 4.1271e+02, 6.2991e+00, 
 1DIAGNOSTIC,    62, -9.712138772011e-01, 3.375400183359e-06, 4.1896e+02, 6.2584e+00, 
 1DIAGNOSTIC,    63, -9.712384939194e-01, 3.209619762856e-06, 4.2524e+02, 6.2796e+00, 
 1DIAGNOSTIC,    64, -9.712646007538e-01, 3.061895995415e-06, 4.3157e+02, 6.3291e+00, 
 1DIAGNOSTIC,    65, -9.712868332863e-01, 2.918201289503e-06, 4.3784e+02, 6.2654e+00, 
 1DIAGNOSTIC,    66, -9.713101983070e-01, 2.793528665279e-06, 4.4419e+02, 6.3523e+00, 
 1DIAGNOSTIC,    67, -9.713363647461e-01, 2.693879196158e-06, 4.5046e+02, 6.2701e+00, 
 1DIAGNOSTIC,    68, -9.713615179062e-01, 2.615465064082e-06, 4.5676e+02, 6.2994e+00, 
 1DIAGNOSTIC,    69, -9.713853597641e-01, 2.564249825809e-06, 4.6313e+02, 6.3697e+00, 
 1DIAGNOSTIC,    70, -9.714082479477e-01, 2.522982185837e-06, 4.6943e+02, 6.3046e+00, 
XXDIAGNOSTIC,Iteration,metricValue,convergenceValue,ITERATION_TIME_INDEX,SINCE_LAST
 1DIAGNOSTIC,     1, -9.167567491531e-01, inf, 5.2150e+02, 5.2061e+01, 
 1DIAGNOSTIC,     2, -9.190458655357e-01, inf, 5.7185e+02, 5.0353e+01, 
 1DIAGNOSTIC,     3, -9.215991497040e-01, inf, 6.2251e+02, 5.0666e+01, 
 1DIAGNOSTIC,     4, -9.240258932114e-01, inf, 6.7309e+02, 5.0579e+01, 
 1DIAGNOSTIC,     5, -9.260897636414e-01, inf, 7.2348e+02, 5.0386e+01, 
 1DIAGNOSTIC,     6, -9.278849363327e-01, inf, 7.7394e+02, 5.0457e+01, 
 1DIAGNOSTIC,     7, -9.294959306717e-01, inf, 8.2452e+02, 5.0586e+01, 
 1DIAGNOSTIC,     8, -9.309029579163e-01, inf, 8.7479e+02, 5.0268e+01, 
 1DIAGNOSTIC,     9, -9.321010112762e-01, inf, 9.2523e+02, 5.0435e+01, 
 1DIAGNOSTIC,    10, -9.333622455597e-01, 1.150703639723e-03, 9.7580e+02, 5.0575e+01, 
 1DIAGNOSTIC,    11, -9.343945980072e-01, 9.453090606257e-04, 1.0264e+03, 5.0642e+01, 
 1DIAGNOSTIC,    12, -9.353229403496e-01, 7.709210040048e-04, 1.0769e+03, 5.0487e+01, 
 1DIAGNOSTIC,    13, -9.360916614532e-01, 6.314328056760e-04, 1.1275e+03, 5.0586e+01, 
 1DIAGNOSTIC,    14, -9.368951320648e-01, 5.247282679193e-04, 1.1780e+03, 5.0526e+01, 
 1DIAGNOSTIC,    15, -9.375237226486e-01, 4.388065135572e-04, 1.2290e+03, 5.0911e+01, 
 1DIAGNOSTIC,    16, -9.382261037827e-01, 3.707854193635e-04, 1.2797e+03, 5.0770e+01, 
 1DIAGNOSTIC,    17, -9.387851953506e-01, 3.153918369208e-04, 1.3305e+03, 5.0802e+01, 
 1DIAGNOSTIC,    18, -9.393125772476e-01, 2.697331074160e-04, 1.3813e+03, 5.0800e+01, 
 1DIAGNOSTIC,    19, -9.398284554482e-01, 2.312306460226e-04, 1.4323e+03, 5.0969e+01, 
 1DIAGNOSTIC,    20, -9.403251409531e-01, 2.017654915107e-04, 1.4831e+03, 5.0779e+01, 
 1DIAGNOSTIC,    21, -9.408073425293e-01, 1.781839382602e-04, 1.5341e+03, 5.1006e+01, 
 1DIAGNOSTIC,    22, -9.412466287613e-01, 1.590007595951e-04, 1.5848e+03, 5.0738e+01, 
 1DIAGNOSTIC,    23, -9.416484832764e-01, 1.420583430445e-04, 1.6358e+03, 5.1012e+01, 
 1DIAGNOSTIC,    24, -9.420191049576e-01, 1.281079748878e-04, 1.6867e+03, 5.0821e+01, 
 1DIAGNOSTIC,    25, -9.423699975014e-01, 1.151168398792e-04, 1.7376e+03, 5.0913e+01, 
 1DIAGNOSTIC,    26, -9.427061080933e-01, 1.044417658704e-04, 1.7883e+03, 5.0697e+01, 
 1DIAGNOSTIC,    27, -9.430180788040e-01, 9.453411621507e-05, 1.8391e+03, 5.0852e+01, 
 1DIAGNOSTIC,    28, -9.433146715164e-01, 8.537672692910e-05, 1.8898e+03, 5.0716e+01, 
 1DIAGNOSTIC,    29, -9.436071515083e-01, 7.727430784144e-05, 1.9407e+03, 5.0883e+01, 
 1DIAGNOSTIC,    30, -9.438959956169e-01, 7.036785245873e-05, 1.9915e+03, 5.0831e+01, 
 1DIAGNOSTIC,    31, -9.441792964935e-01, 6.475702684838e-05, 2.0424e+03, 5.0816e+01, 
 1DIAGNOSTIC,    32, -9.444682598114e-01, 6.028946881997e-05, 2.0930e+03, 5.0681e+01, 
 1DIAGNOSTIC,    33, -9.447594881058e-01, 5.677152876160e-05, 2.1439e+03, 5.0849e+01, 
 1DIAGNOSTIC,    34, -9.450546503067e-01, 5.403447357821e-05, 2.1946e+03, 5.0696e+01, 
 1DIAGNOSTIC,    35, -9.453624486923e-01, 5.204919216339e-05, 2.2454e+03, 5.0797e+01, 
 1DIAGNOSTIC,    36, -9.456745386124e-01, 5.070688348496e-05, 2.2958e+03, 5.0446e+01, 
 1DIAGNOSTIC,    37, -9.459704756737e-01, 4.961649392499e-05, 2.3466e+03, 5.0758e+01, 
 1DIAGNOSTIC,    38, -9.462473392487e-01, 4.846032607020e-05, 2.3972e+03, 5.0644e+01, 
 1DIAGNOSTIC,    39, -9.464991092682e-01, 4.700451609096e-05, 2.4480e+03, 5.0773e+01, 
 1DIAGNOSTIC,    40, -9.467220902443e-01, 4.504728349275e-05, 2.4989e+03, 5.0871e+01, 
 1DIAGNOSTIC,    41, -9.469261765480e-01, 4.251932477928e-05, 2.5497e+03, 5.0809e+01, 
 1DIAGNOSTIC,    42, -9.471176862717e-01, 3.954962812713e-05, 2.6006e+03, 5.0958e+01, 
 1DIAGNOSTIC,    43, -9.472831487656e-01, 3.618972186814e-05, 2.6514e+03, 5.0755e+01, 
 1DIAGNOSTIC,    44, -9.474425315857e-01, 3.268631189712e-05, 2.7019e+03, 5.0548e+01, 
 1DIAGNOSTIC,    45, -9.475868940353e-01, 2.928653520939e-05, 2.7527e+03, 5.0754e+01, 
 1DIAGNOSTIC,    46, -9.477226734161e-01, 2.621203384479e-05, 2.8033e+03, 5.0607e+01, 
 1DIAGNOSTIC,    47, -9.478501081467e-01, 2.351777038712e-05, 2.8542e+03, 5.0909e+01, 
 1DIAGNOSTIC,    48, -9.479713439941e-01, 2.122757541656e-05, 2.9050e+03, 5.0774e+01, 
 1DIAGNOSTIC,    49, -9.480861425400e-01, 1.929756581376e-05, 2.9557e+03, 5.0724e+01, 
 1DIAGNOSTIC,    50, -9.481974840164e-01, 1.765552951838e-05, 3.0064e+03, 5.0734e+01, 
XXDIAGNOSTIC,Iteration,metricValue,convergenceValue,ITERATION_TIME_INDEX,SINCE_LAST
 1DIAGNOSTIC,     1, -8.801780939102e-01, inf, 3.4092e+03, 4.0271e+02, 
 1DIAGNOSTIC,     2, -8.815111517906e-01, inf, 3.8058e+03, 3.9662e+02, 
 1DIAGNOSTIC,     3, -8.831408619881e-01, inf, 4.2019e+03, 3.9616e+02, 
 1DIAGNOSTIC,     4, -8.848471641541e-01, inf, 4.5986e+03, 3.9668e+02, 
 1DIAGNOSTIC,     5, -8.865189552307e-01, inf, 4.9946e+03, 3.9602e+02, 
 1DIAGNOSTIC,     6, -8.880982398987e-01, inf, 5.3894e+03, 3.9482e+02, 
 1DIAGNOSTIC,     7, -8.895698785782e-01, inf, 5.7854e+03, 3.9600e+02, 
 1DIAGNOSTIC,     8, -8.910521268845e-01, inf, 6.1797e+03, 3.9426e+02, 
 1DIAGNOSTIC,     9, -8.923982381821e-01, inf, 6.5742e+03, 3.9452e+02, 
 1DIAGNOSTIC,    10, -8.937450647354e-01, 9.995047003031e-04, 6.9701e+03, 3.9589e+02, 
 1DIAGNOSTIC,    11, -8.949950337410e-01, 8.878485532477e-04, 7.3661e+03, 3.9595e+02, 
 1DIAGNOSTIC,    12, -8.960404396057e-01, 7.781001622789e-04, 7.7637e+03, 3.9759e+02, 
 1DIAGNOSTIC,    13, -8.970481753349e-01, 6.794181535952e-04, 8.1595e+03, 3.9582e+02, 
 1DIAGNOSTIC,    14, -8.978823423386e-01, 5.906487931497e-04, 8.5571e+03, 3.9760e+02, 
 1DIAGNOSTIC,    15, -8.987225294113e-01, 5.129100172780e-04, 8.9546e+03, 3.9756e+02, 
 1DIAGNOSTIC,    16, -8.993703126907e-01, 4.419474571478e-04, 9.3521e+03, 3.9751e+02, 
 1DIAGNOSTIC,    17, -8.999714851379e-01, 3.773134958465e-04, 9.7496e+03, 3.9743e+02, 
 1DIAGNOSTIC,    18, -9.005436301231e-01, 3.212323645130e-04, 1.0147e+04, 3.9786e+02, 
 1DIAGNOSTIC,    19, -9.010729193687e-01, 2.725089725573e-04, 1.0545e+04, 3.9735e+02, 
 1DIAGNOSTIC,    20, -9.015696048737e-01, 2.324841334485e-04, 1.0942e+04, 3.9760e+02, 
  Elapsed time (stage 2): 1.095e+04


Total elapsed time: 1.127e+04
 Registration finished. The antsRegistration call was:
--------------------------------------------------------------------------------------
/opt/ants/bin/antsRegistration --verbose 1 --dimensionality 3 --float 1 --collapse-output-transforms 1 --output [ /data/derivatives/ants/registrationSyN-fp/sub-s031/ses-open/anat/,/data/derivatives/ants/registrationSyN-fp/sub-s031/ses-open/anat/Warped.nii.gz,/data/derivatives/ants/registrationSyN-fp/sub-s031/ses-open/anat/InverseWarped.nii.gz ] --interpolation Linear --use-histogram-matching 0 --winsorize-image-intensities [ 0.005,0.995 ] --initial-moving-transform [ /templateflow/tpl-MNI152NLin2009cAsym//tpl-MNI152NLin2009cAsym_res-01_desc-brain_T1w.nii.gz,/data/derivatives/fsl/fast/sub-s031/ses-open/anat/BrainExtractionBrain_seg.nii.gz,1 ] --transform Rigid[ 0.1 ] --metric MI[ /templateflow/tpl-MNI152NLin2009cAsym//tpl-MNI152NLin2009cAsym_res-01_desc-brain_T1w.nii.gz,/data/derivatives/fsl/fast/sub-s031/ses-open/anat/BrainExtractionBrain_seg.nii.gz,1,32,Regular,0.25 ] --convergence [ 1000x500x250x100,1e-6,10 ] --shrink-factors 8x4x2x1 --smoothing-sigmas 3x2x1x0vox --transform Affine[ 0.1 ] --metric MI[ /templateflow/tpl-MNI152NLin2009cAsym//tpl-MNI152NLin2009cAsym_res-01_desc-brain_T1w.nii.gz,/data/derivatives/fsl/fast/sub-s031/ses-open/anat/BrainExtractionBrain_seg.nii.gz,1,32,Regular,0.25 ] --convergence [ 1000x500x250x100,1e-6,10 ] --shrink-factors 8x4x2x1 --smoothing-sigmas 3x2x1x0vox --transform SyN[ 0.1,3,0 ] --metric CC[ /templateflow/tpl-MNI152NLin2009cAsym//tpl-MNI152NLin2009cAsym_res-01_desc-brain_T1w.nii.gz,/data/derivatives/fsl/fast/sub-s031/ses-open/anat/BrainExtractionBrain_seg.nii.gz,1,4 ] --convergence [ 100x70x50x20,1e-6,10 ] --shrink-factors 8x4x2x1 --smoothing-sigmas 3x2x1x0vox
--------------------------------------------------------------------------------------
Moving image resampled into fixed space: /data/derivatives/ants/registrationSyN-fp/sub-s031/ses-open/anat/Warped.nii.gz
Fixed image resampled into moving space: /data/derivatives/ants/registrationSyN-fp/sub-s031/ses-open/anat/InverseWarped.nii.gz
--------------------------------------------------------------------------------------
Elapsed Time: 11273.785s
    SP GFLOPS: 0.163
    DP GFLOPS: 0.585
    x87 GFLOPS: 0.002
    CPI Rate: 0.520
    Average CPU Frequency: 3.651 GHz
    Total Thread Count: 15
Effective Physical Core Utilization: 3.0% (0.974 out of 32)
 | The metric value is low, which may signal a poor physical CPU cores
 | utilization caused by:
 |     - load imbalance
 |     - threading runtime overhead
 |     - contended synchronization
 |     - thread/process underutilization
 |     - incorrect affinity that utilizes logical cores instead of physical
 |       cores
 | Explore sub-metrics to estimate the efficiency of MPI and OpenMP parallelism
 | or run the Locks and Waits analysis to identify parallel bottlenecks for
 | other parallel runtimes.
 |
    Effective Logical Core Utilization: 1.5% (0.975 out of 64)
     | The metric value is low, which may signal a poor logical CPU cores
     | utilization. Consider improving physical core utilization as the first
     | step and then look at opportunities to utilize logical cores, which in
     | some cases can improve processor throughput and overall performance of
     | multi-threaded applications.
     |
Memory Bound: 18.3% of Pipeline Slots
    Cache Bound: 10.7% of Clockticks
    DRAM Bound: 0.1% of Clockticks
        DRAM Bandwidth Bound: 0.0% of Elapsed Time
    NUMA: % of Remote Accesses: 0.0%

    Bandwidth Utilization
    Bandwidth Domain             Platform Maximum  Observed Maximum  Average  % of Elapsed Time with High BW Utilization(%)
    ---------------------------  ----------------  ----------------  -------  ---------------------------------------------
    DRAM, GB/sec                 214                         13.200    0.015                                           0.0%
    DRAM Single-Package, GB/sec  107                         12.900    0.021                                           0.0%
Vectorization: 0.0% of Packed FP Operations
 | A significant fraction of floating point arithmetic instructions are scalar.
 | This indicates that the code was not fully vectorized. Use Intel Advisor to
 | see possible reasons why the code was not vectorized.
 |
    Instruction Mix
        SP FLOPs: 2.9% of uOps
            Packed: 0.0% from SP FP
                128-bit: 0.0% from SP FP
                256-bit: 0.0% from SP FP
                512-bit: 0.0% from SP FP
            Scalar: 100.0% from SP FP
             | This code has floating point operations and is not vectorized.
             | Consider either recompiling the code with optimization options
             | that allow vectorization or using Intel Advisor to vectorize the
             | loops.
             |
        DP FLOPs: 10.5% of uOps
            Packed: 0.0% from DP FP
                128-bit: 0.0% from DP FP
                256-bit: 0.0% from DP FP
                512-bit: 0.0% from DP FP
            Scalar: 100.0% from DP FP
             | A significant fraction of floating point arithmetic instructions
             | are scalar. This indicates that the code was not fully
             | vectorized. Use Intel Advisor to see possible reasons why the
             | code was not vectorized.
             |
        x87 FLOPs: 0.0% of uOps
        Non-FP: 86.5% of uOps
    FP Arith/Mem Rd Instr. Ratio: 0.505
    FP Arith/Mem Wr Instr. Ratio: 1.048
Collection and Platform Info
    Application Command Line: bash "tmp-scripts/39mpxTgLkOT9lqMwtsROwnSOuGoZ4cbk.sh" 
    Operating System: 4.18.0-477.10.1.el8_lustre.x86_64 DISTRIB_ID=Ubuntu DISTRIB_RELEASE=20.04 DISTRIB_CODENAME=focal DISTRIB_DESCRIPTION="Ubuntu 20.04.5 LTS"
    Computer Name: comp03
    Result Size: 18.1 GB 
    Collection start time: 22:18:54 25/11/2023 UTC
    Collection stop time: 01:26:47 26/11/2023 UTC
    Collector Type: Driverless Perf per-process sampling
    CPU
        Name: Intel(R) Xeon(R) Processor code named Skylake
        Frequency: 2.095 GHz
        Logical CPU Count: 64
        Max DRAM Single-Package Bandwidth: 107.000 GB/s
        LLC size: 23.1 MB 

If you want to skip descriptions of detected performance issues in the report,
enter: vtune -report summary -report-knob show-issues=false -r <my_result_dir>.
Alternatively, you may view the report in the csv format: vtune -report
<report_name> -format=csv.
