---------------------
Profiling information

Pipeline: ants registrationSyN-fp
NTHREAD: 1

DATASET: ds004513
SUBJECT_ID: s023

SIF_IMG: /mnt/lustre/mathdugre/containers/ants-debug.simg
DATA_DIR: /mnt/lustre/mathdugre/mri-bottleneck/datasets/ds004513

PROJECT_DIR: /mnt/lustre/mathdugre/mri-bottleneck
PROFILING_DIR: /mnt/lustre/mathdugre/mri-bottleneck/vtune_output/1-threads/ants/registrationSyN-fp/ds004513/sub-s023/xYlCYtydGoFSmJtJ6UFb5rLTkm9U2RdY
---------------------

Command to profile: bash tmp-scripts/xYlCYtydGoFSmJtJ6UFb5rLTkm9U2RdY.sh

--------------------------------------------------------------------------------------
 Mapping parameters
--------------------------------------------------------------------------------------
 ANTSPATH is /opt/ants/bin

 Dimensionality:           3
 Output name prefix:       /data/derivatives/ants/registrationSyN-fp/sub-s023/ses-open/anat/
 Fixed images:             /templateflow/tpl-MNI152NLin2009cAsym//tpl-MNI152NLin2009cAsym_res-01_desc-brain_T1w.nii.gz
 Moving images:            /data/derivatives/fsl/fast/sub-s023/ses-open/anat/BrainExtractionBrain_seg.nii.gz
 Mask images:              
 Initial transforms:       
 Number of threads:        1
 Spline distance:          26
 SyN gradient step:        0.1
 Transform type:           s
 CC radius:                4
 Precision:                f
 Use histogram matching    0
 Repro                     0
======================================================================================
 antsRegistration call:
--------------------------------------------------------------------------------------
/opt/ants/bin/antsRegistration --verbose 1 --dimensionality 3 --float 1 --collapse-output-transforms 1 --output [ /data/derivatives/ants/registrationSyN-fp/sub-s023/ses-open/anat/,/data/derivatives/ants/registrationSyN-fp/sub-s023/ses-open/anat/Warped.nii.gz,/data/derivatives/ants/registrationSyN-fp/sub-s023/ses-open/anat/InverseWarped.nii.gz ] --interpolation Linear --use-histogram-matching 0 --winsorize-image-intensities [ 0.005,0.995 ] --initial-moving-transform [ /templateflow/tpl-MNI152NLin2009cAsym//tpl-MNI152NLin2009cAsym_res-01_desc-brain_T1w.nii.gz,/data/derivatives/fsl/fast/sub-s023/ses-open/anat/BrainExtractionBrain_seg.nii.gz,1 ] --transform Rigid[ 0.1 ] --metric MI[ /templateflow/tpl-MNI152NLin2009cAsym//tpl-MNI152NLin2009cAsym_res-01_desc-brain_T1w.nii.gz,/data/derivatives/fsl/fast/sub-s023/ses-open/anat/BrainExtractionBrain_seg.nii.gz,1,32,Regular,0.25 ] --convergence [ 1000x500x250x100,1e-6,10 ] --shrink-factors 8x4x2x1 --smoothing-sigmas 3x2x1x0vox --transform Affine[ 0.1 ] --metric MI[ /templateflow/tpl-MNI152NLin2009cAsym//tpl-MNI152NLin2009cAsym_res-01_desc-brain_T1w.nii.gz,/data/derivatives/fsl/fast/sub-s023/ses-open/anat/BrainExtractionBrain_seg.nii.gz,1,32,Regular,0.25 ] --convergence [ 1000x500x250x100,1e-6,10 ] --shrink-factors 8x4x2x1 --smoothing-sigmas 3x2x1x0vox --transform SyN[ 0.1,3,0 ] --metric CC[ /templateflow/tpl-MNI152NLin2009cAsym//tpl-MNI152NLin2009cAsym_res-01_desc-brain_T1w.nii.gz,/data/derivatives/fsl/fast/sub-s023/ses-open/anat/BrainExtractionBrain_seg.nii.gz,1,4 ] --convergence [ 100x70x50x20,1e-6,10 ] --shrink-factors 8x4x2x1 --smoothing-sigmas 3x2x1x0vox
--------------------------------------------------------------------------------------
All_Command_lines_OK
Using single precision for computations.
=============================================================================
The composite transform comprises the following transforms (in order): 
  1. Center of mass alignment using fixed image: /templateflow/tpl-MNI152NLin2009cAsym//tpl-MNI152NLin2009cAsym_res-01_desc-brain_T1w.nii.gz and moving image: /data/derivatives/fsl/fast/sub-s023/ses-open/anat/BrainExtractionBrain_seg.nii.gz (type = Euler3DTransform)
=============================================================================
  number of levels = 4
  number of levels = 4
  number of levels = 4
  fixed image: /templateflow/tpl-MNI152NLin2009cAsym//tpl-MNI152NLin2009cAsym_res-01_desc-brain_T1w.nii.gz
  moving image: /data/derivatives/fsl/fast/sub-s023/ses-open/anat/BrainExtractionBrain_seg.nii.gz
  fixed image: /templateflow/tpl-MNI152NLin2009cAsym//tpl-MNI152NLin2009cAsym_res-01_desc-brain_T1w.nii.gz
  moving image: /data/derivatives/fsl/fast/sub-s023/ses-open/anat/BrainExtractionBrain_seg.nii.gz
  fixed image: /templateflow/tpl-MNI152NLin2009cAsym//tpl-MNI152NLin2009cAsym_res-01_desc-brain_T1w.nii.gz
  moving image: /data/derivatives/fsl/fast/sub-s023/ses-open/anat/BrainExtractionBrain_seg.nii.gz
Dimension = 3
Number of stages = 3
Use histogram matching = false
Winsorize image intensities = true
  Lower quantile = 0.005
  Upper quantile = 0.995


Stage 1 State
   Image metric = Mattes
     Fixed image = Image (0x555af3a988b0)
  RTTI typeinfo:   itk::Image<float, 3u>
  Reference Count: 2
  Modified Time: 1721
  Debug: Off
  Object Name: 
  Observers: 
    none
  Source: (none)
  Source output name: (none)
  Release Data: Off
  Data Released: False
  Global Release Data: Off
  PipelineMTime: 0
  UpdateMTime: 1504
  RealTimeStamp: 0 seconds 
  LargestPossibleRegion: 
    Dimension: 3
    Index: [0, 0, 0]
    Size: [193, 229, 193]
  BufferedRegion: 
    Dimension: 3
    Index: [0, 0, 0]
    Size: [193, 229, 193]
  RequestedRegion: 
    Dimension: 3
    Index: [0, 0, 0]
    Size: [193, 229, 193]
  Spacing: [1, 1, 1]
  Origin: [96, 132, -78]
  Direction: 
-1 0 0
0 -1 0
0 0 1

  IndexToPointMatrix: 
-1 0 0
0 -1 0
0 0 1

  PointToIndexMatrix: 
-1 0 0
0 -1 0
0 0 1

  Inverse Direction: 
-1 0 0
0 -1 0
0 0 1

  PixelContainer: 
    ImportImageContainer (0x555af3aa1330)
      RTTI typeinfo:   itk::ImportImageContainer<unsigned long, float>
      Reference Count: 1
      Modified Time: 1501
      Debug: Off
      Object Name: 
      Observers: 
        none
      Pointer: 0x7fb92681b010
      Container manages memory: true
      Size: 8530021
      Capacity: 8530021

     Moving image = Image (0x555af3aa2220)
  RTTI typeinfo:   itk::Image<float, 3u>
  Reference Count: 2
  Modified Time: 1722
  Debug: Off
  Object Name: 
  Observers: 
    none
  Source: (none)
  Source output name: (none)
  Release Data: Off
  Data Released: False
  Global Release Data: Off
  PipelineMTime: 0
  UpdateMTime: 1719
  RealTimeStamp: 0 seconds 
  LargestPossibleRegion: 
    Dimension: 3
    Index: [0, 0, 0]
    Size: [160, 240, 256]
  BufferedRegion: 
    Dimension: 3
    Index: [0, 0, 0]
    Size: [160, 240, 256]
  RequestedRegion: 
    Dimension: 3
    Index: [0, 0, 0]
    Size: [160, 240, 256]
  Spacing: [1, 1, 1]
  Origin: [80.184, 93.6265, -134.844]
  Direction: 
-0.999877 0 -0.0157074
0 -1 0
-0.0157074 0 0.999877

  IndexToPointMatrix: 
-0.999878 0 -0.0157074
0 -1 0
-0.0157074 0 0.999877

  PointToIndexMatrix: 
-0.999875 0 -0.0157073
0 -1 0
-0.0157074 0 0.999877

  Inverse Direction: 
-0.999877 0 -0.0157074
0 -1 0
-0.0157074 0 0.999877

  PixelContainer: 
    ImportImageContainer (0x555af3bc4050)
      RTTI typeinfo:   itk::ImportImageContainer<unsigned long, float>
      Reference Count: 1
      Modified Time: 1716
      Debug: Off
      Object Name: 
      Observers: 
        none
      Pointer: 0x7fb92429a010
      Container manages memory: true
      Size: 9830400
      Capacity: 9830400

     Weighting = 1
     Sampling strategy = regular
     Number of bins = 32
     Radius = 4
     Sampling percentage  = 0.25
   Transform = Rigid
     Gradient step = 0.1
     Update field sigma (voxel space) = 0
     Total field sigma (voxel space) = 0
     Update field time sigma = 0
     Total field time sigma  = 0
     Number of time indices = 0
     Number of time point samples = 0
Stage 2 State
   Image metric = Mattes
     Fixed image = Image (0x555af3b337d0)
  RTTI typeinfo:   itk::Image<float, 3u>
  Reference Count: 2
  Modified Time: 2151
  Debug: Off
  Object Name: 
  Observers: 
    none
  Source: (none)
  Source output name: (none)
  Release Data: Off
  Data Released: False
  Global Release Data: Off
  PipelineMTime: 0
  UpdateMTime: 1934
  RealTimeStamp: 0 seconds 
  LargestPossibleRegion: 
    Dimension: 3
    Index: [0, 0, 0]
    Size: [193, 229, 193]
  BufferedRegion: 
    Dimension: 3
    Index: [0, 0, 0]
    Size: [193, 229, 193]
  RequestedRegion: 
    Dimension: 3
    Index: [0, 0, 0]
    Size: [193, 229, 193]
  Spacing: [1, 1, 1]
  Origin: [96, 132, -78]
  Direction: 
-1 0 0
0 -1 0
0 0 1

  IndexToPointMatrix: 
-1 0 0
0 -1 0
0 0 1

  PointToIndexMatrix: 
-1 0 0
0 -1 0
0 0 1

  Inverse Direction: 
-1 0 0
0 -1 0
0 0 1

  PixelContainer: 
    ImportImageContainer (0x555af3b0e190)
      RTTI typeinfo:   itk::ImportImageContainer<unsigned long, float>
      Reference Count: 1
      Modified Time: 1931
      Debug: Off
      Object Name: 
      Observers: 
        none
      Pointer: 0x7fb92220f010
      Container manages memory: true
      Size: 8530021
      Capacity: 8530021

     Moving image = Image (0x555af3b32230)
  RTTI typeinfo:   itk::Image<float, 3u>
  Reference Count: 2
  Modified Time: 2152
  Debug: Off
  Object Name: 
  Observers: 
    none
  Source: (none)
  Source output name: (none)
  Release Data: Off
  Data Released: False
  Global Release Data: Off
  PipelineMTime: 0
  UpdateMTime: 2149
  RealTimeStamp: 0 seconds 
  LargestPossibleRegion: 
    Dimension: 3
    Index: [0, 0, 0]
    Size: [160, 240, 256]
  BufferedRegion: 
    Dimension: 3
    Index: [0, 0, 0]
    Size: [160, 240, 256]
  RequestedRegion: 
    Dimension: 3
    Index: [0, 0, 0]
    Size: [160, 240, 256]
  Spacing: [1, 1, 1]
  Origin: [80.184, 93.6265, -134.844]
  Direction: 
-0.999877 0 -0.0157074
0 -1 0
-0.0157074 0 0.999877

  IndexToPointMatrix: 
-0.999878 0 -0.0157074
0 -1 0
-0.0157074 0 0.999877

  PointToIndexMatrix: 
-0.999875 0 -0.0157073
0 -1 0
-0.0157074 0 0.999877

  Inverse Direction: 
-0.999877 0 -0.0157074
0 -1 0
-0.0157074 0 0.999877

  PixelContainer: 
    ImportImageContainer (0x555af3b388c0)
      RTTI typeinfo:   itk::ImportImageContainer<unsigned long, float>
      Reference Count: 1
      Modified Time: 2146
      Debug: Off
      Object Name: 
      Observers: 
        none
      Pointer: 0x7fb91fc8e010
      Container manages memory: true
      Size: 9830400
      Capacity: 9830400

     Weighting = 1
     Sampling strategy = regular
     Number of bins = 32
     Radius = 4
     Sampling percentage  = 0.25
   Transform = Affine
     Gradient step = 0.1
     Update field sigma (voxel space) = 0
     Total field sigma (voxel space) = 0
     Update field time sigma = 0
     Total field time sigma  = 0
     Number of time indices = 0
     Number of time point samples = 0
Stage 3 State
   Image metric = CC
     Fixed image = Image (0x555af3b3a060)
  RTTI typeinfo:   itk::Image<float, 3u>
  Reference Count: 2
  Modified Time: 2581
  Debug: Off
  Object Name: 
  Observers: 
    none
  Source: (none)
  Source output name: (none)
  Release Data: Off
  Data Released: False
  Global Release Data: Off
  PipelineMTime: 0
  UpdateMTime: 2364
  RealTimeStamp: 0 seconds 
  LargestPossibleRegion: 
    Dimension: 3
    Index: [0, 0, 0]
    Size: [193, 229, 193]
  BufferedRegion: 
    Dimension: 3
    Index: [0, 0, 0]
    Size: [193, 229, 193]
  RequestedRegion: 
    Dimension: 3
    Index: [0, 0, 0]
    Size: [193, 229, 193]
  Spacing: [1, 1, 1]
  Origin: [96, 132, -78]
  Direction: 
-1 0 0
0 -1 0
0 0 1

  IndexToPointMatrix: 
-1 0 0
0 -1 0
0 0 1

  PointToIndexMatrix: 
-1 0 0
0 -1 0
0 0 1

  Inverse Direction: 
-1 0 0
0 -1 0
0 0 1

  PixelContainer: 
    ImportImageContainer (0x555af3b3a8c0)
      RTTI typeinfo:   itk::ImportImageContainer<unsigned long, float>
      Reference Count: 1
      Modified Time: 2361
      Debug: Off
      Object Name: 
      Observers: 
        none
      Pointer: 0x7fb91dc03010
      Container manages memory: true
      Size: 8530021
      Capacity: 8530021

     Moving image = Image (0x555af3b35640)
  RTTI typeinfo:   itk::Image<float, 3u>
  Reference Count: 2
  Modified Time: 2582
  Debug: Off
  Object Name: 
  Observers: 
    none
  Source: (none)
  Source output name: (none)
  Release Data: Off
  Data Released: False
  Global Release Data: Off
  PipelineMTime: 0
  UpdateMTime: 2579
  RealTimeStamp: 0 seconds 
  LargestPossibleRegion: 
    Dimension: 3
    Index: [0, 0, 0]
    Size: [160, 240, 256]
  BufferedRegion: 
    Dimension: 3
    Index: [0, 0, 0]
    Size: [160, 240, 256]
  RequestedRegion: 
    Dimension: 3
    Index: [0, 0, 0]
    Size: [160, 240, 256]
  Spacing: [1, 1, 1]
  Origin: [80.184, 93.6265, -134.844]
  Direction: 
-0.999877 0 -0.0157074
0 -1 0
-0.0157074 0 0.999877

  IndexToPointMatrix: 
-0.999878 0 -0.0157074
0 -1 0
-0.0157074 0 0.999877

  PointToIndexMatrix: 
-0.999875 0 -0.0157073
0 -1 0
-0.0157074 0 0.999877

  Inverse Direction: 
-0.999877 0 -0.0157074
0 -1 0
-0.0157074 0 0.999877

  PixelContainer: 
    ImportImageContainer (0x555af3b39140)
      RTTI typeinfo:   itk::ImportImageContainer<unsigned long, float>
      Reference Count: 1
      Modified Time: 2576
      Debug: Off
      Object Name: 
      Observers: 
        none
      Pointer: 0x7fb91b682010
      Container manages memory: true
      Size: 9830400
      Capacity: 9830400

     Weighting = 1
     Sampling strategy = none
     Number of bins = 32
     Radius = 4
     Sampling percentage  = 1
   Transform = SyN
     Gradient step = 0.1
     Update field sigma (voxel space) = 3
     Total field sigma (voxel space) = 0
     Update field time sigma = 0
     Total field time sigma  = 0
     Number of time indices = 0
     Number of time point samples = 0
Registration using 3 total stages.

Stage 0
  iterations = 1000x500x250x100
  convergence threshold = 1e-06
  convergence window size = 10
  number of levels = 4
  using the Mattes MI metric (number of bins = 32, weight = 1, use gradient filter = 0)
  preprocessing:  winsorizing the image intensities
  Shrink factors (level 1 out of 4): [8, 8, 8]
  Shrink factors (level 2 out of 4): [4, 4, 4]
  Shrink factors (level 3 out of 4): [2, 2, 2]
  Shrink factors (level 4 out of 4): [1, 1, 1]
  smoothing sigmas per level: [3, 2, 1, 0]
  regular sampling (percentage = 0.25)

*** Running Euler3DTransform registration ***

DIAGNOSTIC,Iteration,metricValue,convergenceValue,ITERATION_TIME_INDEX,SINCE_LAST
 2DIAGNOSTIC,     1, -5.261813998222e-01, inf, 1.4584e+00, 1.4584e+00, 
 2DIAGNOSTIC,     2, -5.272060632706e-01, inf, 1.4661e+00, 7.7262e-03, 
 2DIAGNOSTIC,     3, -5.289214849472e-01, inf, 1.4736e+00, 7.4391e-03, 
 2DIAGNOSTIC,     4, -5.319157838821e-01, inf, 1.4811e+00, 7.5231e-03, 
 2DIAGNOSTIC,     5, -5.348952412605e-01, inf, 1.4888e+00, 7.7510e-03, 
 2DIAGNOSTIC,     6, -5.387957692146e-01, inf, 1.4975e+00, 8.7111e-03, 
 2DIAGNOSTIC,     7, -5.402804017067e-01, inf, 1.5049e+00, 7.3371e-03, 
 2DIAGNOSTIC,     8, -5.408152341843e-01, inf, 1.5281e+00, 2.3199e-02, 
 2DIAGNOSTIC,     9, -5.419617295265e-01, inf, 1.5400e+00, 1.1961e-02, 
 2DIAGNOSTIC,    10, -5.444902181625e-01, 2.343516098335e-03, 1.5674e+00, 2.7342e-02, 
 2DIAGNOSTIC,    11, -5.450727939606e-01, 2.003262285143e-03, 1.5773e+00, 9.9201e-03, 
 2DIAGNOSTIC,    12, -5.491143465042e-01, 1.764870714396e-03, 1.5862e+00, 8.8820e-03, 
 2DIAGNOSTIC,    13, -5.496977567673e-01, 1.495321630500e-03, 1.5948e+00, 8.6460e-03, 
 2DIAGNOSTIC,    14, -5.501912832260e-01, 1.260732300580e-03, 1.6035e+00, 8.6591e-03, 
 2DIAGNOSTIC,    15, -5.502480864525e-01, 1.047160360031e-03, 1.6122e+00, 8.7571e-03, 
 2DIAGNOSTIC,    16, -5.505200028419e-01, 9.008547640406e-04, 1.6231e+00, 1.0831e-02, 
 2DIAGNOSTIC,    17, -5.502804517746e-01, 7.268934277818e-04, 1.6315e+00, 8.3852e-03, 
 2DIAGNOSTIC,    18, -5.501260757446e-01, 5.164965987206e-04, 1.6401e+00, 8.6679e-03, 
 2DIAGNOSTIC,    19, -5.501412153244e-01, 3.128461539745e-04, 1.6552e+00, 1.5057e-02, 
 2DIAGNOSTIC,    20, -5.501648187637e-01, 1.686233445071e-04, 1.6663e+00, 1.1076e-02, 
 2DIAGNOSTIC,    21, -5.502020120621e-01, 3.553554779501e-05, 1.6739e+00, 7.6559e-03, 
 2DIAGNOSTIC,    22, -5.503532290459e-01, 1.107319621951e-05, 1.6814e+00, 7.4468e-03, 
 2DIAGNOSTIC,    23, -5.505392551422e-01, 5.151284312888e-06, 1.6887e+00, 7.3400e-03, 
 2DIAGNOSTIC,    24, -5.508732199669e-01, 1.728768256726e-05, 1.6962e+00, 7.4890e-03, 
 2DIAGNOSTIC,    25, -5.511910319328e-01, 3.438038038439e-05, 1.7065e+00, 1.0271e-02, 
 2DIAGNOSTIC,    26, -5.532134771347e-01, 9.312089969171e-05, 1.7279e+00, 2.1422e-02, 
 2DIAGNOSTIC,    27, -5.536920428276e-01, 1.424994989065e-04, 1.7388e+00, 1.0861e-02, 
 2DIAGNOSTIC,    28, -5.541583299637e-01, 1.809882523958e-04, 1.7464e+00, 7.6871e-03, 
 2DIAGNOSTIC,    29, -5.551655888557e-01, 2.185208722949e-04, 1.7563e+00, 9.8350e-03, 
 2DIAGNOSTIC,    30, -5.555235147476e-01, 2.391317975707e-04, 1.7636e+00, 7.3769e-03, 
 2DIAGNOSTIC,    31, -5.561910867691e-01, 2.472816850059e-04, 1.7712e+00, 7.5099e-03, 
 2DIAGNOSTIC,    32, -5.564924478531e-01, 2.387503627688e-04, 1.7819e+00, 1.0765e-02, 
 2DIAGNOSTIC,    33, -5.565182566643e-01, 2.118438278558e-04, 1.7906e+00, 8.6310e-03, 
 2DIAGNOSTIC,    34, -5.564638972282e-01, 1.710673532216e-04, 1.7981e+00, 7.5002e-03, 
 2DIAGNOSTIC,    35, -5.564362406731e-01, 1.200631377287e-04, 1.8054e+00, 7.3040e-03, 
 2DIAGNOSTIC,    36, -5.565352439880e-01, 9.112637053477e-05, 1.8129e+00, 7.5879e-03, 
 2DIAGNOSTIC,    37, -5.566554665565e-01, 6.348997703753e-05, 1.8289e+00, 1.5995e-02, 
 2DIAGNOSTIC,    38, -5.566111207008e-01, 3.688531432999e-05, 1.8422e+00, 1.3289e-02, 
 2DIAGNOSTIC,    39, -5.570586323738e-01, 2.767210753518e-05, 1.8789e+00, 3.6668e-02, 
 2DIAGNOSTIC,    40, -5.570579171181e-01, 2.065560329356e-05, 1.8891e+00, 1.0171e-02, 
 2DIAGNOSTIC,    41, -5.570595264435e-01, 2.046359986707e-05, 1.8965e+00, 7.3991e-03, 
 2DIAGNOSTIC,    42, -5.570616722107e-01, 2.218300869572e-05, 1.9040e+00, 7.5061e-03, 
 2DIAGNOSTIC,    43, -5.570660829544e-01, 2.215656968474e-05, 1.9112e+00, 7.2699e-03, 
 2DIAGNOSTIC,    44, -5.570726394653e-01, 1.948245881067e-05, 1.9186e+00, 7.3450e-03, 
 2DIAGNOSTIC,    45, -5.570819973946e-01, 1.488114594395e-05, 1.9259e+00, 7.3059e-03, 
 2DIAGNOSTIC,    46, -5.570043921471e-01, 9.403808689967e-06, 1.9334e+00, 7.5269e-03, 
 2DIAGNOSTIC,    47, -5.569292306900e-01, 3.924687916879e-06, 1.9407e+00, 7.3011e-03, 
DIAGNOSTIC,Iteration,metricValue,convergenceValue,ITERATION_TIME_INDEX,SINCE_LAST
 2DIAGNOSTIC,     1, -4.376963973045e-01, inf, 3.1961e+00, 1.2553e+00, 
 2DIAGNOSTIC,     2, -4.377725720406e-01, inf, 3.2640e+00, 6.7915e-02, 
 2DIAGNOSTIC,     3, -4.379973709583e-01, inf, 3.3445e+00, 8.0507e-02, 
 2DIAGNOSTIC,     4, -4.384306073189e-01, inf, 3.4116e+00, 6.7103e-02, 
 2DIAGNOSTIC,     5, -4.391802549362e-01, inf, 3.4907e+00, 7.9101e-02, 
 2DIAGNOSTIC,     6, -4.398191869259e-01, inf, 3.5769e+00, 8.6220e-02, 
 2DIAGNOSTIC,     7, -4.405390322208e-01, inf, 3.6538e+00, 7.6892e-02, 
 2DIAGNOSTIC,     8, -4.407008290291e-01, inf, 3.7423e+00, 8.8484e-02, 
 2DIAGNOSTIC,     9, -4.408308565617e-01, inf, 3.8085e+00, 6.6220e-02, 
 2DIAGNOSTIC,    10, -4.409014582634e-01, 5.765862297267e-04, 3.8767e+00, 6.8244e-02, 
 2DIAGNOSTIC,    11, -4.411437213421e-01, 4.979692748748e-04, 3.9544e+00, 7.7635e-02, 
 2DIAGNOSTIC,    12, -4.412400722504e-01, 3.969717363361e-04, 4.0312e+00, 7.6852e-02, 
 2DIAGNOSTIC,    13, -4.412721991539e-01, 2.888599992730e-04, 4.1097e+00, 7.8459e-02, 
 2DIAGNOSTIC,    14, -4.414063990116e-01, 1.963709073607e-04, 4.1978e+00, 8.8139e-02, 
 2DIAGNOSTIC,    15, -4.417435824871e-01, 1.448336552130e-04, 4.2663e+00, 6.8474e-02, 
 2DIAGNOSTIC,    16, -4.426672756672e-01, 1.485584361944e-04, 4.3433e+00, 7.7018e-02, 
 2DIAGNOSTIC,    17, -4.430842995644e-01, 1.805661304388e-04, 4.4713e+00, 1.2794e-01, 
 2DIAGNOSTIC,    18, -4.430891871452e-01, 1.986256247619e-04, 4.5374e+00, 6.6187e-02, 
 2DIAGNOSTIC,    19, -4.431969225407e-01, 2.052424388239e-04, 4.6159e+00, 7.8476e-02, 
 2DIAGNOSTIC,    20, -4.432202279568e-01, 1.949508732650e-04, 4.7000e+00, 8.4112e-02, 
 2DIAGNOSTIC,    21, -4.432137012482e-01, 1.743239990901e-04, 4.8018e+00, 1.0180e-01, 
 2DIAGNOSTIC,    22, -4.432172179222e-01, 1.423148642061e-04, 4.8757e+00, 7.3868e-02, 
 2DIAGNOSTIC,    23, -4.432058036327e-01, 1.008824110613e-04, 4.9518e+00, 7.6119e-02, 
 2DIAGNOSTIC,    24, -4.432028234005e-01, 5.729322583647e-05, 5.0270e+00, 7.5178e-02, 
 2DIAGNOSTIC,    25, -4.431987106800e-01, 1.996241007873e-05, 5.0928e+00, 6.5847e-02, 
 2DIAGNOSTIC,    26, -4.431967735291e-01, 6.334098998195e-06, 5.1674e+00, 7.4548e-02, 
 2DIAGNOSTIC,    27, -4.432014226913e-01, 3.329801302243e-06, 5.2425e+00, 7.5110e-02, 
DIAGNOSTIC,Iteration,metricValue,convergenceValue,ITERATION_TIME_INDEX,SINCE_LAST
 2DIAGNOSTIC,     1, -3.803926110268e-01, inf, 7.1055e+00, 1.8630e+00, 
 2DIAGNOSTIC,     2, -3.803941607475e-01, inf, 7.7751e+00, 6.6960e-01, 
 2DIAGNOSTIC,     3, -3.803909718990e-01, inf, 8.4481e+00, 6.7292e-01, 
 2DIAGNOSTIC,     4, -3.803928196430e-01, inf, 9.1163e+00, 6.6823e-01, 
 2DIAGNOSTIC,     5, -3.803913295269e-01, inf, 9.7289e+00, 6.1263e-01, 
 2DIAGNOSTIC,     6, -3.803915679455e-01, inf, 1.0344e+01, 6.1469e-01, 
 2DIAGNOSTIC,     7, -3.803898692131e-01, inf, 1.0942e+01, 5.9870e-01, 
 2DIAGNOSTIC,     8, -3.803899586201e-01, inf, 1.1759e+01, 8.1682e-01, 
 2DIAGNOSTIC,     9, -3.803900182247e-01, inf, 1.2436e+01, 6.7646e-01, 
 2DIAGNOSTIC,    10, -3.803890645504e-01, 2.492556404832e-06, 1.3136e+01, 7.0023e-01, 
 2DIAGNOSTIC,    11, -3.803891837597e-01, 2.244422830699e-06, 1.3767e+01, 6.3081e-01, 
 2DIAGNOSTIC,    12, -3.803885877132e-01, 2.161479642382e-06, 1.4296e+01, 5.2979e-01, 
 2DIAGNOSTIC,    13, -3.803888857365e-01, 1.965914407265e-06, 1.4926e+01, 6.2995e-01, 
 2DIAGNOSTIC,    14, -3.803888559341e-01, 1.939336470969e-06, 1.5682e+01, 7.5611e-01, 
 2DIAGNOSTIC,    15, -3.803890049458e-01, 1.879099386315e-06, 1.6283e+01, 6.0005e-01, 
 2DIAGNOSTIC,    16, -3.803887665272e-01, 1.851103888839e-06, 1.6880e+01, 5.9738e-01, 
 2DIAGNOSTIC,    17, -3.803885877132e-01, 1.756461983859e-06, 1.7483e+01, 6.0318e-01, 
 2DIAGNOSTIC,    18, -3.803878128529e-01, 1.654096877246e-06, 1.8083e+01, 5.9998e-01, 
 2DIAGNOSTIC,    19, -3.803879618645e-01, 1.582529307598e-06, 1.8682e+01, 5.9941e-01, 
 2DIAGNOSTIC,    20, -3.803878426552e-01, 1.485669031354e-06, 1.9302e+01, 6.1966e-01, 
 2DIAGNOSTIC,    21, -3.803880214691e-01, 1.419002842340e-06, 1.9917e+01, 6.1489e-01, 
 2DIAGNOSTIC,    22, -3.803880214691e-01, 1.346966541860e-06, 2.0449e+01, 5.3189e-01, 
 2DIAGNOSTIC,    23, -3.803879320621e-01, 1.297622475249e-06, 2.1076e+01, 6.2718e-01, 
 2DIAGNOSTIC,    24, -3.803878724575e-01, 1.257496819562e-06, 2.1689e+01, 6.1281e-01, 
 2DIAGNOSTIC,    25, -3.803879022598e-01, 1.232106569660e-06, 2.2240e+01, 5.5117e-01, 
 2DIAGNOSTIC,    26, -3.803881406784e-01, 1.212245820170e-06, 2.2880e+01, 6.3945e-01, 
 2DIAGNOSTIC,    27, -3.803874850273e-01, 1.172217253043e-06, 2.3420e+01, 5.4090e-01, 
 2DIAGNOSTIC,    28, -3.803876340389e-01, 1.119467469834e-06, 2.4019e+01, 5.9857e-01, 
 2DIAGNOSTIC,    29, -3.803876638412e-01, 1.076492253560e-06, 2.4549e+01, 5.3013e-01, 
 2DIAGNOSTIC,    30, -3.803879022598e-01, 1.040843244482e-06, 2.5151e+01, 6.0182e-01, 
 2DIAGNOSTIC,    31, -3.803879022598e-01, 1.013461542243e-06, 2.5776e+01, 6.2548e-01, 
DIAGNOSTIC,Iteration,metricValue,convergenceValue,ITERATION_TIME_INDEX,SINCE_LAST
 2DIAGNOSTIC,     1, -3.510055243969e-01, inf, 2.9898e+01, 4.1219e+00, 
 2DIAGNOSTIC,     2, -3.510768413544e-01, inf, 3.3165e+01, 3.2670e+00, 
 2DIAGNOSTIC,     3, -3.511611521244e-01, inf, 3.6422e+01, 3.2566e+00, 
 2DIAGNOSTIC,     4, -3.512374162674e-01, inf, 4.2459e+01, 6.0371e+00, 
 2DIAGNOSTIC,     5, -3.512370884418e-01, inf, 4.6181e+01, 3.7224e+00, 
 2DIAGNOSTIC,     6, -3.512359261513e-01, inf, 5.0830e+01, 4.6484e+00, 
 2DIAGNOSTIC,     7, -3.512358665466e-01, inf, 5.4562e+01, 3.7320e+00, 
 2DIAGNOSTIC,     8, -3.512354791164e-01, inf, 5.8275e+01, 3.7136e+00, 
 2DIAGNOSTIC,     9, -3.512352705002e-01, inf, 6.1532e+01, 3.2563e+00, 
 2DIAGNOSTIC,    10, -3.512350320816e-01, 3.710488090292e-05, 6.5244e+01, 3.7126e+00, 
 2DIAGNOSTIC,    11, -3.512355983257e-01, 1.915285611176e-05, 6.9089e+01, 3.8451e+00, 
 2DIAGNOSTIC,    12, -3.512348532677e-01, 7.391973213089e-06, 7.2802e+01, 3.7127e+00, 
 2DIAGNOSTIC,    13, -3.512344658375e-01, 2.101238578689e-06, 7.6529e+01, 3.7266e+00, 
 2DIAGNOSTIC,    14, -3.512342572212e-01, 1.994763351831e-06, 8.0270e+01, 3.7411e+00, 
 2DIAGNOSTIC,    15, -3.512342274189e-01, 1.909511638587e-06, 8.4955e+01, 4.6855e+00, 
 2DIAGNOSTIC,    16, -3.512341380119e-01, 1.789967882360e-06, 8.8720e+01, 3.7649e+00, 
 2DIAGNOSTIC,    17, -3.512341976166e-01, 1.703478687887e-06, 9.2434e+01, 3.7136e+00, 
 2DIAGNOSTIC,    18, -3.512340486050e-01, 1.618851001695e-06, 9.5702e+01, 3.2687e+00, 
 2DIAGNOSTIC,    19, -3.512340784073e-01, 1.549707349113e-06, 9.9475e+01, 3.7727e+00, 
 2DIAGNOSTIC,    20, -3.512340188026e-01, 1.485721213612e-06, 1.0320e+02, 3.7216e+00, 
 2DIAGNOSTIC,    21, -3.512340188026e-01, 1.459971031181e-06, 1.0691e+02, 3.7167e+00, 
 2DIAGNOSTIC,    22, -3.512343168259e-01, 1.425527898391e-06, 1.1063e+02, 3.7154e+00, 
 2DIAGNOSTIC,    23, -3.512344658375e-01, 1.387494762639e-06, 1.1435e+02, 3.7165e+00, 
 2DIAGNOSTIC,    24, -3.512341678143e-01, 1.335150841442e-06, 1.1902e+02, 4.6726e+00, 
 2DIAGNOSTIC,    25, -3.512341082096e-01, 1.283740630242e-06, 1.2412e+02, 5.1045e+00, 
 2DIAGNOSTIC,    26, -3.512341380119e-01, 1.233264129041e-06, 1.2830e+02, 4.1824e+00, 
 2DIAGNOSTIC,    27, -3.512341678143e-01, 1.188038027067e-06, 1.3202e+02, 3.7164e+00, 
 2DIAGNOSTIC,    28, -3.512341678143e-01, 1.140647782449e-06, 1.3574e+02, 3.7186e+00, 
 2DIAGNOSTIC,    29, -3.512341082096e-01, 1.095604602597e-06, 1.3946e+02, 3.7166e+00, 
 2DIAGNOSTIC,    30, -3.512340784073e-01, 1.051555045706e-06, 1.4319e+02, 3.7329e+00, 
 2DIAGNOSTIC,    31, -3.512340784073e-01, 1.010872665574e-06, 1.4691e+02, 3.7187e+00, 
  Elapsed time (stage 0): 1.4885e+02


Stage 1
  iterations = 1000x500x250x100
  convergence threshold = 1.0000e-06
  convergence window size = 10
  number of levels = 4
  using the Mattes MI metric (number of bins = 32, weight = 1.0000e+00, use gradient filter = 0)
  preprocessing:  winsorizing the image intensities
  Shrink factors (level 1 out of 4): [8, 8, 8]
  Shrink factors (level 2 out of 4): [4, 4, 4]
  Shrink factors (level 3 out of 4): [2, 2, 2]
  Shrink factors (level 4 out of 4): [1, 1, 1]
  smoothing sigmas per level: [3, 2, 1, 0]
  regular sampling (percentage = 2.5000e-01)

*** Running AffineTransform registration ***

DIAGNOSTIC,Iteration,metricValue,convergenceValue,ITERATION_TIME_INDEX,SINCE_LAST
 2DIAGNOSTIC,     1, -5.476469993591e-01, inf, 1.1658e+00, 1.1658e+00, 
 2DIAGNOSTIC,     2, -5.497008562088e-01, inf, 1.1742e+00, 8.4360e-03, 
 2DIAGNOSTIC,     3, -5.528541207314e-01, inf, 1.1827e+00, 8.4271e-03, 
 2DIAGNOSTIC,     4, -5.571664571762e-01, inf, 1.1911e+00, 8.4221e-03, 
 2DIAGNOSTIC,     5, -5.645657777786e-01, inf, 1.1995e+00, 8.4310e-03, 
 2DIAGNOSTIC,     6, -5.766348242760e-01, inf, 1.2081e+00, 8.6060e-03, 
 2DIAGNOSTIC,     7, -5.985081791878e-01, inf, 1.2171e+00, 8.9850e-03, 
 2DIAGNOSTIC,     8, -6.708866953850e-01, inf, 1.2265e+00, 9.4161e-03, 
 2DIAGNOSTIC,     9, -7.459503412247e-01, inf, 1.2381e+00, 1.1605e-02, 
 2DIAGNOSTIC,    10, -8.050099015236e-01, 2.455777116120e-02, 1.2508e+00, 1.2618e-02, 
 2DIAGNOSTIC,    11, -8.168084621429e-01, 2.739115245640e-02, 1.2621e+00, 1.1348e-02, 
 2DIAGNOSTIC,    12, -8.475316762924e-01, 2.835121378303e-02, 1.2726e+00, 1.0471e-02, 
 2DIAGNOSTIC,    13, -8.908138275146e-01, 2.796329557896e-02, 1.2818e+00, 9.2459e-03, 
 2DIAGNOSTIC,    14, -9.037938714027e-01, 2.557888813317e-02, 1.2982e+00, 1.6388e-02, 
 2DIAGNOSTIC,    15, -9.044988751411e-01, 2.154546044767e-02, 1.3074e+00, 9.1639e-03, 
 2DIAGNOSTIC,    16, -9.105907082558e-01, 1.669595390558e-02, 1.3164e+00, 9.0389e-03, 
 2DIAGNOSTIC,    17, -9.181430339813e-01, 1.169826555997e-02, 1.3255e+00, 9.1150e-03, 
 2DIAGNOSTIC,    18, -9.226216673851e-01, 7.920335046947e-03, 1.3346e+00, 9.0301e-03, 
 2DIAGNOSTIC,    19, -9.255928397179e-01, 5.441454704851e-03, 1.3436e+00, 9.0621e-03, 
 2DIAGNOSTIC,    20, -9.310252070427e-01, 3.989895805717e-03, 1.3569e+00, 1.3302e-02, 
 2DIAGNOSTIC,    21, -9.312035441399e-01, 2.545007038862e-03, 1.3671e+00, 1.0206e-02, 
 2DIAGNOSTIC,    22, -9.315040707588e-01, 1.522882957943e-03, 1.3773e+00, 1.0154e-02, 
 2DIAGNOSTIC,    23, -9.315497875214e-01, 1.147776376456e-03, 1.3885e+00, 1.1274e-02, 
 2DIAGNOSTIC,    24, -9.315499067307e-01, 9.001001017168e-04, 1.3988e+00, 1.0250e-02, 
 2DIAGNOSTIC,    25, -9.314793944359e-01, 5.995290703140e-04, 1.4089e+00, 1.0129e-02, 
 2DIAGNOSTIC,    26, -9.312626123428e-01, 3.487937210593e-04, 1.4179e+00, 9.0201e-03, 
 2DIAGNOSTIC,    27, -9.314209222794e-01, 1.882145152194e-04, 1.4282e+00, 1.0206e-02, 
 2DIAGNOSTIC,    28, -9.316346645355e-01, 8.204420737457e-05, 1.4384e+00, 1.0219e-02, 
 2DIAGNOSTIC,    29, -9.319223165512e-01, 1.418236934114e-05, 1.4481e+00, 9.7439e-03, 
 2DIAGNOSTIC,    30, -9.322153329849e-01, 1.679218985373e-05, 1.4582e+00, 1.0114e-02, 
 2DIAGNOSTIC,    31, -9.322510361671e-01, 2.006927934417e-05, 1.4684e+00, 1.0173e-02, 
 2DIAGNOSTIC,    32, -9.322814941406e-01, 2.492722524039e-05, 1.4786e+00, 1.0238e-02, 
 2DIAGNOSTIC,    33, -9.323576688766e-01, 2.841975583578e-05, 1.4877e+00, 9.0780e-03, 
 2DIAGNOSTIC,    34, -9.325550794601e-01, 3.102724804194e-05, 1.4968e+00, 9.1200e-03, 
 2DIAGNOSTIC,    35, -9.328929185867e-01, 3.325030775159e-05, 1.5070e+00, 1.0144e-02, 
 2DIAGNOSTIC,    36, -9.330143332481e-01, 3.132983692922e-05, 1.5160e+00, 9.0160e-03, 
 2DIAGNOSTIC,    37, -9.332341551781e-01, 3.016046503035e-05, 1.5253e+00, 9.2740e-03, 
 2DIAGNOSTIC,    38, -9.337770342827e-01, 3.297321745777e-05, 1.5385e+00, 1.3259e-02, 
 2DIAGNOSTIC,    39, -9.338868856430e-01, 3.581832424970e-05, 1.5510e+00, 1.2514e-02, 
 2DIAGNOSTIC,    40, -9.336757659912e-01, 3.588023173506e-05, 1.5602e+00, 9.1109e-03, 
 2DIAGNOSTIC,    41, -9.341128468513e-01, 3.660222500912e-05, 1.5694e+00, 9.2270e-03, 
 2DIAGNOSTIC,    42, -9.345409274101e-01, 3.742633998627e-05, 1.5796e+00, 1.0197e-02, 
 2DIAGNOSTIC,    43, -9.353910684586e-01, 4.175580761512e-05, 1.5921e+00, 1.2504e-02, 
 2DIAGNOSTIC,    44, -9.355005621910e-01, 4.413893111632e-05, 1.6022e+00, 1.0134e-02, 
 2DIAGNOSTIC,    45, -9.355915188789e-01, 4.561225796351e-05, 1.6114e+00, 9.2099e-03, 
 2DIAGNOSTIC,    46, -9.354942440987e-01, 4.295443795854e-05, 1.6204e+00, 8.9831e-03, 
 2DIAGNOSTIC,    47, -9.355631470680e-01, 3.825264138868e-05, 1.6294e+00, 8.9939e-03, 
 2DIAGNOSTIC,    48, -9.358265399933e-01, 3.561595804058e-05, 1.6391e+00, 9.6581e-03, 
 2DIAGNOSTIC,    49, -9.361425638199e-01, 3.265746272518e-05, 1.6481e+00, 9.0601e-03, 
 2DIAGNOSTIC,    50, -9.363813400269e-01, 2.695290277188e-05, 1.6607e+00, 1.2559e-02, 
 2DIAGNOSTIC,    51, -9.362750053406e-01, 2.112249785569e-05, 1.6708e+00, 1.0125e-02, 
 2DIAGNOSTIC,    52, -9.358554482460e-01, 1.355262338620e-05, 1.6810e+00, 1.0171e-02, 
 2DIAGNOSTIC,    53, -9.360878467560e-01, 1.178313596029e-05, 1.6901e+00, 9.1410e-03, 
 2DIAGNOSTIC,    54, -9.368711709976e-01, 1.428728683095e-05, 1.7015e+00, 1.1414e-02, 
 2DIAGNOSTIC,    55, -9.371719956398e-01, 1.757359859766e-05, 1.7128e+00, 1.1297e-02, 
 2DIAGNOSTIC,    56, -9.371590018272e-01, 1.854310721683e-05, 1.7232e+00, 1.0410e-02, 
 2DIAGNOSTIC,    57, -9.369953870773e-01, 1.734803481668e-05, 1.7342e+00, 1.0952e-02, 
 2DIAGNOSTIC,    58, -9.368962645531e-01, 1.549013177282e-05, 1.7433e+00, 9.0580e-03, 
 2DIAGNOSTIC,    59, -9.367806911469e-01, 1.321058516623e-05, 1.7524e+00, 9.1119e-03, 
 2DIAGNOSTIC,    60, -9.367961883545e-01, 1.113856524171e-05, 1.7613e+00, 8.9781e-03, 
 2DIAGNOSTIC,    61, -9.368040561676e-01, 7.726580406597e-06, 1.7715e+00, 1.0138e-02, 
 2DIAGNOSTIC,    62, -9.368079900742e-01, 1.617586462999e-06, 1.7806e+00, 9.1040e-03, 
DIAGNOSTIC,Iteration,metricValue,convergenceValue,ITERATION_TIME_INDEX,SINCE_LAST
 2DIAGNOSTIC,     1, -7.568625211716e-01, inf, 3.0450e+00, 1.2644e+00, 
 2DIAGNOSTIC,     2, -7.578555941582e-01, inf, 3.1302e+00, 8.5192e-02, 
 2DIAGNOSTIC,     3, -7.590089440346e-01, inf, 3.2165e+00, 8.6319e-02, 
 2DIAGNOSTIC,     4, -7.599617242813e-01, inf, 3.3026e+00, 8.6116e-02, 
 2DIAGNOSTIC,     5, -7.606931328773e-01, inf, 3.3891e+00, 8.6524e-02, 
 2DIAGNOSTIC,     6, -7.621587514877e-01, inf, 3.5377e+00, 1.4855e-01, 
 2DIAGNOSTIC,     7, -7.621783614159e-01, inf, 3.6592e+00, 1.2149e-01, 
 2DIAGNOSTIC,     8, -7.621572017670e-01, inf, 3.7565e+00, 9.7296e-02, 
 2DIAGNOSTIC,     9, -7.621460556984e-01, inf, 3.8534e+00, 9.6883e-02, 
 2DIAGNOSTIC,    10, -7.621353268623e-01, 4.706315230578e-04, 3.9400e+00, 8.6675e-02, 
 2DIAGNOSTIC,    11, -7.621403336525e-01, 3.166212991346e-04, 4.0485e+00, 1.0844e-01, 
 2DIAGNOSTIC,    12, -7.621486186981e-01, 1.908789854497e-04, 4.1354e+00, 8.6964e-02, 
 2DIAGNOSTIC,    13, -7.621444463730e-01, 1.006942475215e-04, 4.2329e+00, 9.7467e-02, 
 2DIAGNOSTIC,    14, -7.621253132820e-01, 3.933419066016e-05, 4.3301e+00, 9.7202e-02, 
DIAGNOSTIC,Iteration,metricValue,convergenceValue,ITERATION_TIME_INDEX,SINCE_LAST
 2DIAGNOSTIC,     1, -6.396867632866e-01, inf, 6.3240e+00, 1.9939e+00, 
 2DIAGNOSTIC,     2, -6.403418779373e-01, inf, 7.0358e+00, 7.1184e-01, 
 2DIAGNOSTIC,     3, -6.410579681396e-01, inf, 7.7631e+00, 7.2723e-01, 
 2DIAGNOSTIC,     4, -6.420076489449e-01, inf, 8.5117e+00, 7.4859e-01, 
 2DIAGNOSTIC,     5, -6.432236433029e-01, inf, 9.2455e+00, 7.3386e-01, 
 2DIAGNOSTIC,     6, -6.440629959106e-01, inf, 9.9569e+00, 7.1140e-01, 
 2DIAGNOSTIC,     7, -6.444850564003e-01, inf, 1.1173e+01, 1.2162e+00, 
 2DIAGNOSTIC,     8, -6.445335745811e-01, inf, 1.2066e+01, 8.9319e-01, 
 2DIAGNOSTIC,     9, -6.445325613022e-01, inf, 1.2883e+01, 8.1666e-01, 
 2DIAGNOSTIC,    10, -6.445311903954e-01, 5.443701520562e-04, 1.4005e+01, 1.1221e+00, 
 2DIAGNOSTIC,    11, -6.445291638374e-01, 3.916837449651e-04, 1.4892e+01, 8.8721e-01, 
 2DIAGNOSTIC,    12, -6.445293426514e-01, 2.537913678680e-04, 1.5683e+01, 7.9042e-01, 
 2DIAGNOSTIC,    13, -6.445264220238e-01, 1.386784133501e-04, 1.6418e+01, 7.3555e-01, 
 2DIAGNOSTIC,    14, -6.445226073265e-01, 5.694972423953e-05, 1.7302e+01, 8.8369e-01, 
 2DIAGNOSTIC,    15, -6.445230245590e-01, 1.643543691898e-05, 1.8015e+01, 7.1347e-01, 
 2DIAGNOSTIC,    16, -6.445227861404e-01, 2.524908722989e-06, 1.8831e+01, 8.1580e-01, 
 2DIAGNOSTIC,    17, -6.445198655128e-01, 1.055062284649e-06, 1.9702e+01, 8.7071e-01, 
 2DIAGNOSTIC,    18, -6.445202827454e-01, 1.028154542837e-06, 2.0411e+01, 7.0911e-01, 
 2DIAGNOSTIC,    19, -6.445203423500e-01, 1.051579602063e-06, 2.1214e+01, 8.0342e-01, 
 2DIAGNOSTIC,    20, -6.445204019547e-01, 1.101258249037e-06, 2.2101e+01, 8.8638e-01, 
 2DIAGNOSTIC,    21, -6.445210576057e-01, 1.161391196547e-06, 2.2907e+01, 8.0652e-01, 
 2DIAGNOSTIC,    22, -6.445210576057e-01, 1.254332914868e-06, 2.3782e+01, 8.7443e-01, 
 2DIAGNOSTIC,    23, -6.445192694664e-01, 1.269251470148e-06, 2.4585e+01, 8.0312e-01, 
 2DIAGNOSTIC,    24, -6.445192694664e-01, 1.223508888870e-06, 2.5405e+01, 8.1991e-01, 
 2DIAGNOSTIC,    25, -6.445193290710e-01, 1.198725612994e-06, 2.6207e+01, 8.0210e-01, 
 2DIAGNOSTIC,    26, -6.445193290710e-01, 1.179664650408e-06, 2.7106e+01, 8.9928e-01, 
 2DIAGNOSTIC,    27, -6.445181369781e-01, 1.098937673305e-06, 2.7911e+01, 8.0536e-01, 
 2DIAGNOSTIC,    28, -6.445180773735e-01, 1.038377831719e-06, 2.8799e+01, 8.8734e-01, 
DIAGNOSTIC,Iteration,metricValue,convergenceValue,ITERATION_TIME_INDEX,SINCE_LAST
 2DIAGNOSTIC,     1, -5.723875761032e-01, inf, 3.4155e+01, 5.3563e+00, 
 2DIAGNOSTIC,     2, -5.728917717934e-01, inf, 3.8474e+01, 4.3193e+00, 
 2DIAGNOSTIC,     3, -5.735461711884e-01, inf, 4.2790e+01, 4.3155e+00, 
 2DIAGNOSTIC,     4, -5.747142434120e-01, inf, 4.8153e+01, 5.3630e+00, 
 2DIAGNOSTIC,     5, -5.747500061989e-01, inf, 5.2463e+01, 4.3099e+00, 
 2DIAGNOSTIC,     6, -5.748060345650e-01, inf, 5.6772e+01, 4.3093e+00, 
 2DIAGNOSTIC,     7, -5.748977661133e-01, inf, 6.1086e+01, 4.3142e+00, 
 2DIAGNOSTIC,     8, -5.749500393867e-01, inf, 6.6467e+01, 5.3810e+00, 
 2DIAGNOSTIC,     9, -5.749940872192e-01, inf, 7.3408e+01, 6.9409e+00, 
 2DIAGNOSTIC,    10, -5.749939680099e-01, 2.765415119939e-04, 7.7723e+01, 4.3145e+00, 
 2DIAGNOSTIC,    11, -5.750045180321e-01, 1.685487513896e-04, 8.2560e+01, 4.8368e+00, 
 2DIAGNOSTIC,    12, -5.750068426132e-01, 8.437388896709e-05, 8.7395e+01, 4.8353e+00, 
 2DIAGNOSTIC,    13, -5.750058293343e-01, 2.937499266409e-05, 9.3280e+01, 5.8851e+00, 
 2DIAGNOSTIC,    14, -5.750058889389e-01, 2.108778608090e-05, 9.8115e+01, 4.8349e+00, 
 2DIAGNOSTIC,    15, -5.750049352646e-01, 1.334263197350e-05, 1.0297e+02, 4.8564e+00, 
 2DIAGNOSTIC,    16, -5.750052928925e-01, 7.235704288178e-06, 1.1044e+02, 7.4722e+00, 
 2DIAGNOSTIC,    17, -5.750051736832e-01, 3.999382897746e-06, 1.1639e+02, 5.9464e+00, 
 2DIAGNOSTIC,    18, -5.750052928925e-01, 2.336082616239e-06, 1.2125e+02, 4.8560e+00, 
 2DIAGNOSTIC,    19, -5.750051736832e-01, 1.943485131051e-06, 1.2719e+02, 5.9410e+00, 
 2DIAGNOSTIC,    20, -5.750052332878e-01, 1.557009682074e-06, 1.3203e+02, 4.8469e+00, 
 2DIAGNOSTIC,    21, -5.750051140785e-01, 1.454317953176e-06, 1.3686e+02, 4.8311e+00, 
 2DIAGNOSTIC,    22, -5.750049948692e-01, 1.416643613084e-06, 1.4170e+02, 4.8345e+00, 
 2DIAGNOSTIC,    23, -5.750048756599e-01, 1.360591340926e-06, 1.4653e+02, 4.8332e+00, 
 2DIAGNOSTIC,    24, -5.750049948692e-01, 1.315711529060e-06, 1.5137e+02, 4.8348e+00, 
 2DIAGNOSTIC,    25, -5.750049948692e-01, 1.256205450773e-06, 1.5620e+02, 4.8336e+00, 
 2DIAGNOSTIC,    26, -5.750049352646e-01, 1.208617618431e-06, 1.6104e+02, 4.8353e+00, 
 2DIAGNOSTIC,    27, -5.750050544739e-01, 1.166057927549e-06, 1.6589e+02, 4.8547e+00, 
 2DIAGNOSTIC,    28, -5.750051140785e-01, 1.130889813794e-06, 1.7075e+02, 4.8592e+00, 
 2DIAGNOSTIC,    29, -5.750051140785e-01, 1.096517507904e-06, 1.7559e+02, 4.8394e+00, 
 2DIAGNOSTIC,    30, -5.750050544739e-01, 1.064558205144e-06, 1.8044e+02, 4.8465e+00, 
 2DIAGNOSTIC,    31, -5.750051140785e-01, 1.033466332956e-06, 1.8528e+02, 4.8399e+00, 
 2DIAGNOSTIC,    32, -5.750051736832e-01, 1.002747239909e-06, 1.9011e+02, 4.8386e+00, 
  Elapsed time (stage 1): 1.9287e+02


Stage 2
  iterations = 100x70x50x20
  convergence threshold = 1.0000e-06
  convergence window size = 10
  number of levels = 4
  using the CC metric (radius = 4, weight = 1.0000e+00, use gradient filter = 0)
  preprocessing:  winsorizing the image intensities
  Shrink factors (level 1 out of 4): [8, 8, 8]
  Shrink factors (level 2 out of 4): [4, 4, 4]
  Shrink factors (level 3 out of 4): [2, 2, 2]
  Shrink factors (level 4 out of 4): [1, 1, 1]
  smoothing sigmas per level: [3, 2, 1, 0]
  Using default NONE metricSamplingStrategy 

*** Running SyN registration (varianceForUpdateField = 3.0000e+00, varianceForTotalField = 0.0000e+00) ***

XXDIAGNOSTIC,Iteration,metricValue,convergenceValue,ITERATION_TIME_INDEX,SINCE_LAST
 1DIAGNOSTIC,     1, -9.501342773438e-01, inf, 1.8665e+00, 1.8665e+00, 
 1DIAGNOSTIC,     2, -9.572386741638e-01, inf, 2.6086e+00, 7.4214e-01, 
 1DIAGNOSTIC,     3, -9.636528491974e-01, inf, 3.3495e+00, 7.4090e-01, 
 1DIAGNOSTIC,     4, -9.680260419846e-01, inf, 4.0962e+00, 7.4664e-01, 
 1DIAGNOSTIC,     5, -9.711332321167e-01, inf, 4.8309e+00, 7.3477e-01, 
 1DIAGNOSTIC,     6, -9.742541313171e-01, inf, 5.5768e+00, 7.4589e-01, 
 1DIAGNOSTIC,     7, -9.771634340286e-01, inf, 6.3115e+00, 7.3465e-01, 
 1DIAGNOSTIC,     8, -9.794747233391e-01, inf, 7.0460e+00, 7.3447e-01, 
 1DIAGNOSTIC,     9, -9.814678430557e-01, inf, 7.8063e+00, 7.6038e-01, 
 1DIAGNOSTIC,    10, -9.826692342758e-01, 2.041126834229e-03, 8.5560e+00, 7.4966e-01, 
 1DIAGNOSTIC,    11, -9.833364486694e-01, 1.505858614109e-03, 9.2904e+00, 7.3444e-01, 
 1DIAGNOSTIC,    12, -9.833287000656e-01, 1.095985644497e-03, 1.0026e+01, 7.3531e-01, 
 1DIAGNOSTIC,    13, -9.837557077408e-01, 8.032906334847e-04, 1.0763e+01, 7.3676e-01, 
 1DIAGNOSTIC,    14, -9.837397933006e-01, 5.698408349417e-04, 1.1498e+01, 7.3585e-01, 
 1DIAGNOSTIC,    15, -9.840016365051e-01, 3.806859895121e-04, 1.2256e+01, 7.5729e-01, 
 1DIAGNOSTIC,    16, -9.839307069778e-01, 2.355108881602e-04, 1.2991e+01, 7.3554e-01, 
 1DIAGNOSTIC,    17, -9.841475486755e-01, 1.392461272189e-04, 1.3726e+01, 7.3461e-01, 
 1DIAGNOSTIC,    18, -9.840657114983e-01, 7.645665755263e-05, 1.4461e+01, 7.3510e-01, 
 1DIAGNOSTIC,    19, -9.842384457588e-01, 4.619071842171e-05, 1.5197e+01, 7.3628e-01, 
 1DIAGNOSTIC,    20, -9.841482639313e-01, 3.072616163990e-05, 1.5932e+01, 7.3503e-01, 
 1DIAGNOSTIC,    21, -9.843016862869e-01, 2.550200770202e-05, 1.6669e+01, 7.3718e-01, 
 1DIAGNOSTIC,    22, -9.841996431351e-01, 1.688381598797e-05, 1.7457e+01, 7.8768e-01, 
 1DIAGNOSTIC,    23, -9.843469858170e-01, 1.490403428761e-05, 1.8192e+01, 7.3505e-01, 
 1DIAGNOSTIC,    24, -9.842441082001e-01, 1.026473728416e-05, 1.8926e+01, 7.3361e-01, 
 1DIAGNOSTIC,    25, -9.843832254410e-01, 9.895414223138e-06, 1.9660e+01, 7.3462e-01, 
 1DIAGNOSTIC,    26, -9.842754602432e-01, 6.647761438217e-06, 2.0394e+01, 7.3392e-01, 
 1DIAGNOSTIC,    27, -9.844095706940e-01, 6.976291842875e-06, 2.1153e+01, 7.5919e-01, 
 1DIAGNOSTIC,    28, -9.843051433563e-01, 4.720213382825e-06, 2.1902e+01, 7.4888e-01, 
 1DIAGNOSTIC,    29, -9.844324588776e-01, 5.347766091290e-06, 2.2674e+01, 7.7211e-01, 
 1DIAGNOSTIC,    30, -9.843277931213e-01, 3.575104528863e-06, 2.3421e+01, 7.4702e-01, 
 1DIAGNOSTIC,    31, -9.844504594803e-01, 4.325466306909e-06, 2.4169e+01, 7.4758e-01, 
 1DIAGNOSTIC,    32, -9.843455553055e-01, 2.774214635792e-06, 2.4903e+01, 7.3359e-01, 
 1DIAGNOSTIC,    33, -9.844620823860e-01, 3.524273097355e-06, 2.5636e+01, 7.3348e-01, 
 1DIAGNOSTIC,    34, -9.843572378159e-01, 2.155679794669e-06, 2.6382e+01, 7.4597e-01, 
 1DIAGNOSTIC,    35, -9.844684004784e-01, 2.877322913264e-06, 2.7131e+01, 7.4858e-01, 
 1DIAGNOSTIC,    36, -9.843616485596e-01, 1.589324256202e-06, 2.7890e+01, 7.5983e-01, 
 1DIAGNOSTIC,    37, -9.844718575478e-01, 2.268364823976e-06, 2.8626e+01, 7.3521e-01, 
 1DIAGNOSTIC,    38, -9.843654632568e-01, 1.118550699175e-06, 2.9361e+01, 7.3521e-01, 
 1DIAGNOSTIC,    39, -9.844735860825e-01, 1.797801019165e-06, 3.0112e+01, 7.5065e-01, 
 1DIAGNOSTIC,    40, -9.843697547913e-01, 7.918210940261e-07, 3.0847e+01, 7.3495e-01, 
XXDIAGNOSTIC,Iteration,metricValue,convergenceValue,ITERATION_TIME_INDEX,SINCE_LAST
 1DIAGNOSTIC,     1, -9.500319957733e-01, inf, 3.8276e+01, 7.4296e+00, 
 1DIAGNOSTIC,     2, -9.524232149124e-01, inf, 4.4618e+01, 6.3415e+00, 
 1DIAGNOSTIC,     3, -9.552841186523e-01, inf, 5.0815e+01, 6.1971e+00, 
 1DIAGNOSTIC,     4, -9.576302766800e-01, inf, 5.7093e+01, 6.2786e+00, 
 1DIAGNOSTIC,     5, -9.599726200104e-01, inf, 6.3259e+01, 6.1658e+00, 
 1DIAGNOSTIC,     6, -9.616093635559e-01, inf, 6.9501e+01, 6.2423e+00, 
 1DIAGNOSTIC,     7, -9.631474018097e-01, inf, 7.5702e+01, 6.2005e+00, 
 1DIAGNOSTIC,     8, -9.643753767014e-01, inf, 8.1934e+01, 6.2319e+00, 
 1DIAGNOSTIC,     9, -9.654485583305e-01, inf, 8.8164e+01, 6.2306e+00, 
 1DIAGNOSTIC,    10, -9.664098620415e-01, 1.098578679375e-03, 9.4496e+01, 6.3314e+00, 
 1DIAGNOSTIC,    11, -9.672890305519e-01, 8.741799974814e-04, 1.0070e+02, 6.2038e+00, 
 1DIAGNOSTIC,    12, -9.680716991425e-01, 6.863450398669e-04, 1.0692e+02, 6.2189e+00, 
 1DIAGNOSTIC,    13, -9.688227176666e-01, 5.471145268530e-04, 1.1315e+02, 6.2346e+00, 
 1DIAGNOSTIC,    14, -9.695471525192e-01, 4.422572383191e-04, 1.1936e+02, 6.2100e+00, 
 1DIAGNOSTIC,    15, -9.702433347702e-01, 3.705160634127e-04, 1.2560e+02, 6.2386e+00, 
 1DIAGNOSTIC,    16, -9.707596302032e-01, 3.131479898002e-04, 1.3183e+02, 6.2296e+00, 
 1DIAGNOSTIC,    17, -9.712512493134e-01, 2.687963424250e-04, 1.3813e+02, 6.2997e+00, 
 1DIAGNOSTIC,    18, -9.717202186584e-01, 2.322255022591e-04, 1.4444e+02, 6.3133e+00, 
 1DIAGNOSTIC,    19, -9.720840454102e-01, 2.001444227062e-04, 1.5072e+02, 6.2782e+00, 
 1DIAGNOSTIC,    20, -9.724488258362e-01, 1.721414155327e-04, 1.5700e+02, 6.2822e+00, 
 1DIAGNOSTIC,    21, -9.727740883827e-01, 1.476437610108e-04, 1.6329e+02, 6.2884e+00, 
 1DIAGNOSTIC,    22, -9.731059074402e-01, 1.264930906473e-04, 1.6963e+02, 6.3356e+00, 
 1DIAGNOSTIC,    23, -9.734066724777e-01, 1.087650671252e-04, 1.7587e+02, 6.2419e+00, 
 1DIAGNOSTIC,    24, -9.736638069153e-01, 9.431623766432e-05, 1.8213e+02, 6.2553e+00, 
 1DIAGNOSTIC,    25, -9.738979339600e-01, 8.314622391481e-05, 1.8835e+02, 6.2227e+00, 
 1DIAGNOSTIC,    26, -9.741044044495e-01, 7.320944132516e-05, 1.9459e+02, 6.2460e+00, 
 1DIAGNOSTIC,    27, -9.742877483368e-01, 6.447325722547e-05, 2.0080e+02, 6.2084e+00, 
 1DIAGNOSTIC,    28, -9.744499325752e-01, 5.694643186871e-05, 2.0711e+02, 6.3056e+00, 
 1DIAGNOSTIC,    29, -9.746015071869e-01, 4.982678001397e-05, 2.1341e+02, 6.2976e+00, 
 1DIAGNOSTIC,    30, -9.747456312180e-01, 4.350605740910e-05, 2.1969e+02, 6.2794e+00, 
 1DIAGNOSTIC,    31, -9.748805761337e-01, 3.787681635004e-05, 2.2591e+02, 6.2241e+00, 
 1DIAGNOSTIC,    32, -9.750065803528e-01, 3.325661236886e-05, 2.3216e+02, 6.2554e+00, 
 1DIAGNOSTIC,    33, -9.751225709915e-01, 2.952229442599e-05, 2.3843e+02, 6.2664e+00, 
 1DIAGNOSTIC,    34, -9.752385616302e-01, 2.647919973242e-05, 2.4470e+02, 6.2688e+00, 
 1DIAGNOSTIC,    35, -9.753345251083e-01, 2.391402631474e-05, 2.5089e+02, 6.1872e+00, 
 1DIAGNOSTIC,    36, -9.754397869110e-01, 2.181567106163e-05, 2.5715e+02, 6.2595e+00, 
 1DIAGNOSTIC,    37, -9.755265712738e-01, 1.995301863644e-05, 2.6336e+02, 6.2164e+00, 
 1DIAGNOSTIC,    38, -9.756424427032e-01, 1.849384898378e-05, 2.6960e+02, 6.2373e+00, 
 1DIAGNOSTIC,    39, -9.756911993027e-01, 1.690528733889e-05, 2.7595e+02, 6.3500e+00, 
 1DIAGNOSTIC,    40, -9.754800200462e-01, 1.336078821623e-05, 2.8219e+02, 6.2396e+00, 
 1DIAGNOSTIC,    41, -9.753739833832e-01, 9.039291398949e-06, 2.8848e+02, 6.2861e+00, 
 1DIAGNOSTIC,    42, -9.753389358521e-01, 4.761124728248e-06, 2.9476e+02, 6.2874e+00, 
 1DIAGNOSTIC,    43, -9.752446413040e-01, 4.035815663883e-07, 3.0107e+02, 6.3045e+00, 
XXDIAGNOSTIC,Iteration,metricValue,convergenceValue,ITERATION_TIME_INDEX,SINCE_LAST
 1DIAGNOSTIC,     1, -9.229712486267e-01, inf, 3.5280e+02, 5.1732e+01, 
 1DIAGNOSTIC,     2, -9.248089790344e-01, inf, 4.0301e+02, 5.0213e+01, 
 1DIAGNOSTIC,     3, -9.269639253616e-01, inf, 4.5304e+02, 5.0031e+01, 
 1DIAGNOSTIC,     4, -9.289391040802e-01, inf, 5.0317e+02, 5.0128e+01, 
 1DIAGNOSTIC,     5, -9.306745529175e-01, inf, 5.5324e+02, 5.0065e+01, 
 1DIAGNOSTIC,     6, -9.321973323822e-01, inf, 6.0346e+02, 5.0222e+01, 
 1DIAGNOSTIC,     7, -9.335603713989e-01, inf, 6.5346e+02, 5.0002e+01, 
 1DIAGNOSTIC,     8, -9.348212480545e-01, inf, 7.0366e+02, 5.0201e+01, 
 1DIAGNOSTIC,     9, -9.359773397446e-01, inf, 7.5389e+02, 5.0224e+01, 
 1DIAGNOSTIC,    10, -9.370637536049e-01, 9.733994374983e-04, 8.0409e+02, 5.0204e+01, 
 1DIAGNOSTIC,    11, -9.380866885185e-01, 8.129594498314e-04, 8.5433e+02, 5.0242e+01, 
 1DIAGNOSTIC,    12, -9.390856623650e-01, 6.778403767385e-04, 9.0459e+02, 5.0257e+01, 
 1DIAGNOSTIC,    13, -9.399048089981e-01, 5.714619182982e-04, 9.5496e+02, 5.0366e+01, 
 1DIAGNOSTIC,    14, -9.408585429192e-01, 4.917132901028e-04, 1.0054e+03, 5.0424e+01, 
 1DIAGNOSTIC,    15, -9.415845870972e-01, 4.272476071492e-04, 1.0563e+03, 5.0923e+01, 
 1DIAGNOSTIC,    16, -9.422641396523e-01, 3.732971672434e-04, 1.1071e+03, 5.0837e+01, 
 1DIAGNOSTIC,    17, -9.427705407143e-01, 3.245826228522e-04, 1.1579e+03, 5.0727e+01, 
 1DIAGNOSTIC,    18, -9.432432055473e-01, 2.804633404594e-04, 1.2087e+03, 5.0841e+01, 
 1DIAGNOSTIC,    19, -9.436805248260e-01, 2.403458493063e-04, 1.2594e+03, 5.0698e+01, 
 1DIAGNOSTIC,    20, -9.440844058990e-01, 2.044050197583e-04, 1.3102e+03, 5.0830e+01, 
 1DIAGNOSTIC,    21, -9.444693326950e-01, 1.731121010380e-04, 1.3609e+03, 5.0682e+01, 
 1DIAGNOSTIC,    22, -9.448329210281e-01, 1.472907606512e-04, 1.4118e+03, 5.0917e+01, 
 1DIAGNOSTIC,    23, -9.451694488525e-01, 1.250870991498e-04, 1.4625e+03, 5.0661e+01, 
 1DIAGNOSTIC,    24, -9.454998970032e-01, 1.091978992918e-04, 1.5133e+03, 5.0780e+01, 
 1DIAGNOSTIC,    25, -9.458190202713e-01, 9.694883192424e-05, 1.5639e+03, 5.0657e+01, 
 1DIAGNOSTIC,    26, -9.461193084717e-01, 8.794391760603e-05, 1.6145e+03, 5.0600e+01, 
 1DIAGNOSTIC,    27, -9.464179873466e-01, 8.036342478590e-05, 1.6654e+03, 5.0906e+01, 
 1DIAGNOSTIC,    28, -9.467112421989e-01, 7.404090865748e-05, 1.7159e+03, 5.0447e+01, 
 1DIAGNOSTIC,    29, -9.470028281212e-01, 6.878763815621e-05, 1.7665e+03, 5.0664e+01, 
 1DIAGNOSTIC,    30, -9.472822546959e-01, 6.429033237509e-05, 1.8175e+03, 5.0984e+01, 
 1DIAGNOSTIC,    31, -9.475335478783e-01, 6.023056994309e-05, 1.8682e+03, 5.0640e+01, 
 1DIAGNOSTIC,    32, -9.477798938751e-01, 5.651723404299e-05, 1.9191e+03, 5.0974e+01, 
 1DIAGNOSTIC,    33, -9.479919075966e-01, 5.272340058582e-05, 1.9700e+03, 5.0822e+01, 
 1DIAGNOSTIC,    34, -9.481787681580e-01, 4.878053005086e-05, 2.0209e+03, 5.0946e+01, 
 1DIAGNOSTIC,    35, -9.483466744423e-01, 4.467468897928e-05, 2.0719e+03, 5.1027e+01, 
 1DIAGNOSTIC,    36, -9.484961032867e-01, 4.036480095237e-05, 2.1227e+03, 5.0801e+01, 
 1DIAGNOSTIC,    37, -9.486370682716e-01, 3.607763937907e-05, 2.1735e+03, 5.0792e+01, 
 1DIAGNOSTIC,    38, -9.487650394440e-01, 3.196742181899e-05, 2.2244e+03, 5.0912e+01, 
 1DIAGNOSTIC,    39, -9.488890171051e-01, 2.828115975717e-05, 2.2753e+03, 5.0805e+01, 
 1DIAGNOSTIC,    40, -9.490102529526e-01, 2.515084997867e-05, 2.3262e+03, 5.0936e+01, 
 1DIAGNOSTIC,    41, -9.491225481033e-01, 2.249006320199e-05, 2.3769e+03, 5.0687e+01, 
 1DIAGNOSTIC,    42, -9.492284655571e-01, 2.038438105956e-05, 2.4276e+03, 5.0769e+01, 
 1DIAGNOSTIC,    43, -9.493345618248e-01, 1.870823871286e-05, 2.4785e+03, 5.0903e+01, 
 1DIAGNOSTIC,    44, -9.494370222092e-01, 1.734993202263e-05, 2.5293e+03, 5.0773e+01, 
 1DIAGNOSTIC,    45, -9.495416879654e-01, 1.626691846468e-05, 2.5800e+03, 5.0650e+01, 
 1DIAGNOSTIC,    46, -9.496471881866e-01, 1.539261575090e-05, 2.6307e+03, 5.0708e+01, 
 1DIAGNOSTIC,    47, -9.497593641281e-01, 1.475406406826e-05, 2.6814e+03, 5.0684e+01, 
 1DIAGNOSTIC,    48, -9.498684406281e-01, 1.426384733350e-05, 2.7323e+03, 5.0946e+01, 
 1DIAGNOSTIC,    49, -9.499702453613e-01, 1.386147596349e-05, 2.7833e+03, 5.0999e+01, 
 1DIAGNOSTIC,    50, -9.500691294670e-01, 1.352061644866e-05, 2.8344e+03, 5.1073e+01, 
XXDIAGNOSTIC,Iteration,metricValue,convergenceValue,ITERATION_TIME_INDEX,SINCE_LAST
 1DIAGNOSTIC,     1, -8.796720504761e-01, inf, 3.2390e+03, 4.0463e+02, 
 1DIAGNOSTIC,     2, -8.811566829681e-01, inf, 3.6365e+03, 3.9749e+02, 
 1DIAGNOSTIC,     3, -8.829421997070e-01, inf, 4.0321e+03, 3.9557e+02, 
 1DIAGNOSTIC,     4, -8.846815824509e-01, inf, 4.4284e+03, 3.9637e+02, 
 1DIAGNOSTIC,     5, -8.863902688026e-01, inf, 4.8249e+03, 3.9649e+02, 
 1DIAGNOSTIC,     6, -8.879507780075e-01, inf, 5.2214e+03, 3.9652e+02, 
 1DIAGNOSTIC,     7, -8.893807530403e-01, inf, 5.6169e+03, 3.9549e+02, 
 1DIAGNOSTIC,     8, -8.906802535057e-01, inf, 6.0136e+03, 3.9666e+02, 
 1DIAGNOSTIC,     9, -8.918765783310e-01, inf, 6.4097e+03, 3.9612e+02, 
 1DIAGNOSTIC,    10, -8.928551673889e-01, 9.785618167371e-04, 6.8072e+03, 3.9752e+02, 
 1DIAGNOSTIC,    11, -8.938658237457e-01, 8.373433374800e-04, 7.2042e+03, 3.9698e+02, 
 1DIAGNOSTIC,    12, -8.947071433067e-01, 7.060986827128e-04, 7.6003e+03, 3.9613e+02, 
 1DIAGNOSTIC,    13, -8.955218791962e-01, 5.948693142273e-04, 7.9981e+03, 3.9777e+02, 
 1DIAGNOSTIC,    14, -8.964075446129e-01, 5.050314939581e-04, 8.3953e+03, 3.9717e+02, 
 1DIAGNOSTIC,    15, -8.971648216248e-01, 4.331840900704e-04, 8.7928e+03, 3.9758e+02, 
 1DIAGNOSTIC,    16, -8.979290723801e-01, 3.767040616367e-04, 9.1910e+03, 3.9820e+02, 
 1DIAGNOSTIC,    17, -8.986636400223e-01, 3.325660363771e-04, 9.5911e+03, 4.0006e+02, 
 1DIAGNOSTIC,    18, -8.992768526077e-01, 2.962626458611e-04, 9.9897e+03, 3.9860e+02, 
 1DIAGNOSTIC,    19, -8.999122381210e-01, 2.669354144018e-04, 1.0388e+04, 3.9853e+02, 
 1DIAGNOSTIC,    20, -9.005017876625e-01, 2.405308332527e-04, 1.0787e+04, 3.9913e+02, 
  Elapsed time (stage 2): 1.079e+04


Total elapsed time: 1.113e+04
 Registration finished. The antsRegistration call was:
--------------------------------------------------------------------------------------
/opt/ants/bin/antsRegistration --verbose 1 --dimensionality 3 --float 1 --collapse-output-transforms 1 --output [ /data/derivatives/ants/registrationSyN-fp/sub-s023/ses-open/anat/,/data/derivatives/ants/registrationSyN-fp/sub-s023/ses-open/anat/Warped.nii.gz,/data/derivatives/ants/registrationSyN-fp/sub-s023/ses-open/anat/InverseWarped.nii.gz ] --interpolation Linear --use-histogram-matching 0 --winsorize-image-intensities [ 0.005,0.995 ] --initial-moving-transform [ /templateflow/tpl-MNI152NLin2009cAsym//tpl-MNI152NLin2009cAsym_res-01_desc-brain_T1w.nii.gz,/data/derivatives/fsl/fast/sub-s023/ses-open/anat/BrainExtractionBrain_seg.nii.gz,1 ] --transform Rigid[ 0.1 ] --metric MI[ /templateflow/tpl-MNI152NLin2009cAsym//tpl-MNI152NLin2009cAsym_res-01_desc-brain_T1w.nii.gz,/data/derivatives/fsl/fast/sub-s023/ses-open/anat/BrainExtractionBrain_seg.nii.gz,1,32,Regular,0.25 ] --convergence [ 1000x500x250x100,1e-6,10 ] --shrink-factors 8x4x2x1 --smoothing-sigmas 3x2x1x0vox --transform Affine[ 0.1 ] --metric MI[ /templateflow/tpl-MNI152NLin2009cAsym//tpl-MNI152NLin2009cAsym_res-01_desc-brain_T1w.nii.gz,/data/derivatives/fsl/fast/sub-s023/ses-open/anat/BrainExtractionBrain_seg.nii.gz,1,32,Regular,0.25 ] --convergence [ 1000x500x250x100,1e-6,10 ] --shrink-factors 8x4x2x1 --smoothing-sigmas 3x2x1x0vox --transform SyN[ 0.1,3,0 ] --metric CC[ /templateflow/tpl-MNI152NLin2009cAsym//tpl-MNI152NLin2009cAsym_res-01_desc-brain_T1w.nii.gz,/data/derivatives/fsl/fast/sub-s023/ses-open/anat/BrainExtractionBrain_seg.nii.gz,1,4 ] --convergence [ 100x70x50x20,1e-6,10 ] --shrink-factors 8x4x2x1 --smoothing-sigmas 3x2x1x0vox
--------------------------------------------------------------------------------------
Moving image resampled into fixed space: /data/derivatives/ants/registrationSyN-fp/sub-s023/ses-open/anat/Warped.nii.gz
Fixed image resampled into moving space: /data/derivatives/ants/registrationSyN-fp/sub-s023/ses-open/anat/InverseWarped.nii.gz
--------------------------------------------------------------------------------------
Elapsed Time: 11136.985s
    SP GFLOPS: 0.163
    DP GFLOPS: 0.584
    x87 GFLOPS: 0.002
    CPI Rate: 0.521
    Average CPU Frequency: 3.638 GHz
    Total Thread Count: 15
Effective Physical Core Utilization: 3.1% (0.980 out of 32)
 | The metric value is low, which may signal a poor physical CPU cores
 | utilization caused by:
 |     - load imbalance
 |     - threading runtime overhead
 |     - contended synchronization
 |     - thread/process underutilization
 |     - incorrect affinity that utilizes logical cores instead of physical
 |       cores
 | Explore sub-metrics to estimate the efficiency of MPI and OpenMP parallelism
 | or run the Locks and Waits analysis to identify parallel bottlenecks for
 | other parallel runtimes.
 |
    Effective Logical Core Utilization: 1.5% (0.980 out of 64)
     | The metric value is low, which may signal a poor logical CPU cores
     | utilization. Consider improving physical core utilization as the first
     | step and then look at opportunities to utilize logical cores, which in
     | some cases can improve processor throughput and overall performance of
     | multi-threaded applications.
     |
Memory Bound: 18.3% of Pipeline Slots
    Cache Bound: 10.7% of Clockticks
    DRAM Bound: 0.2% of Clockticks
        DRAM Bandwidth Bound: 0.0% of Elapsed Time
    NUMA: % of Remote Accesses: 0.0%

    Bandwidth Utilization
    Bandwidth Domain             Platform Maximum  Observed Maximum  Average  % of Elapsed Time with High BW Utilization(%)
    ---------------------------  ----------------  ----------------  -------  ---------------------------------------------
    DRAM, GB/sec                 214                          8.900    0.014                                           0.0%
    DRAM Single-Package, GB/sec  107                          8.900    0.021                                           0.0%
Vectorization: 0.0% of Packed FP Operations
 | A significant fraction of floating point arithmetic instructions are scalar.
 | This indicates that the code was not fully vectorized. Use Intel Advisor to
 | see possible reasons why the code was not vectorized.
 |
    Instruction Mix
        SP FLOPs: 2.9% of uOps
            Packed: 0.0% from SP FP
                128-bit: 0.0% from SP FP
                256-bit: 0.0% from SP FP
                512-bit: 0.0% from SP FP
            Scalar: 100.0% from SP FP
             | This code has floating point operations and is not vectorized.
             | Consider either recompiling the code with optimization options
             | that allow vectorization or using Intel Advisor to vectorize the
             | loops.
             |
        DP FLOPs: 10.5% of uOps
            Packed: 0.0% from DP FP
                128-bit: 0.0% from DP FP
                256-bit: 0.0% from DP FP
                512-bit: 0.0% from DP FP
            Scalar: 100.0% from DP FP
             | A significant fraction of floating point arithmetic instructions
             | are scalar. This indicates that the code was not fully
             | vectorized. Use Intel Advisor to see possible reasons why the
             | code was not vectorized.
             |
        x87 FLOPs: 0.0% of uOps
        Non-FP: 86.6% of uOps
    FP Arith/Mem Rd Instr. Ratio: 0.499
     | The metric value is low. This can be a result of unaligned access to data
     | for vector operations. Use Intel Advisor to find possible data access
     | inefficiencies for vector operations.
     |
    FP Arith/Mem Wr Instr. Ratio: 1.045
Collection and Platform Info
    Application Command Line: bash "tmp-scripts/xYlCYtydGoFSmJtJ6UFb5rLTkm9U2RdY.sh" 
    Operating System: 4.18.0-477.10.1.el8_lustre.x86_64 DISTRIB_ID=Ubuntu DISTRIB_RELEASE=20.04 DISTRIB_CODENAME=focal DISTRIB_DESCRIPTION="Ubuntu 20.04.5 LTS"
    Computer Name: comp06
    Result Size: 17.7 GB 
    Collection start time: 23:35:30 25/11/2023 UTC
    Collection stop time: 02:41:07 26/11/2023 UTC
    Collector Type: Driverless Perf per-process sampling
    CPU
        Name: Intel(R) Xeon(R) Processor code named Skylake
        Frequency: 2.095 GHz
        Logical CPU Count: 64
        Max DRAM Single-Package Bandwidth: 107.000 GB/s
        LLC size: 23.1 MB 

If you want to skip descriptions of detected performance issues in the report,
enter: vtune -report summary -report-knob show-issues=false -r <my_result_dir>.
Alternatively, you may view the report in the csv format: vtune -report
<report_name> -format=csv.
