---------------------
Profiling information

Pipeline: ants registrationSyN
NTHREAD: 1

DATASET: ds004513
SUBJECT_ID: s003

SIF_IMG: /mnt/lustre/mathdugre/containers/ants-debug.simg
DATA_DIR: /mnt/lustre/mathdugre/mri-bottleneck/datasets/ds004513

PROJECT_DIR: /mnt/lustre/mathdugre/mri-bottleneck
PROFILING_DIR: /mnt/lustre/mathdugre/mri-bottleneck/vtune_output/1-threads/ants/registrationSyN/ds004513/sub-s003/x7lPstPTxS4OCDWwmdJxUtUoidMOj9IO
---------------------

Command to profile: bash tmp-scripts/x7lPstPTxS4OCDWwmdJxUtUoidMOj9IO.sh

--------------------------------------------------------------------------------------
 Mapping parameters
--------------------------------------------------------------------------------------
 ANTSPATH is /opt/ants/bin

 Dimensionality:           3
 Output name prefix:       /data/derivatives/ants/registrationSyN/sub-s003/ses-open/anat/
 Fixed images:             /templateflow/tpl-MNI152NLin2009cAsym//tpl-MNI152NLin2009cAsym_res-01_desc-brain_T1w.nii.gz
 Moving images:            /data/derivatives/fsl/fast/sub-s003/ses-open/anat/BrainExtractionBrain_seg.nii.gz
 Mask images:              
 Initial transforms:       
 Number of threads:        1
 Spline distance:          26
 SyN gradient step:        0.1
 Transform type:           s
 CC radius:                4
 Precision:                d
 Use histogram matching    0
 Repro                     0
======================================================================================
 antsRegistration call:
--------------------------------------------------------------------------------------
/opt/ants/bin/antsRegistration --verbose 1 --dimensionality 3 --float 0 --collapse-output-transforms 1 --output [ /data/derivatives/ants/registrationSyN/sub-s003/ses-open/anat/,/data/derivatives/ants/registrationSyN/sub-s003/ses-open/anat/Warped.nii.gz,/data/derivatives/ants/registrationSyN/sub-s003/ses-open/anat/InverseWarped.nii.gz ] --interpolation Linear --use-histogram-matching 0 --winsorize-image-intensities [ 0.005,0.995 ] --initial-moving-transform [ /templateflow/tpl-MNI152NLin2009cAsym//tpl-MNI152NLin2009cAsym_res-01_desc-brain_T1w.nii.gz,/data/derivatives/fsl/fast/sub-s003/ses-open/anat/BrainExtractionBrain_seg.nii.gz,1 ] --transform Rigid[ 0.1 ] --metric MI[ /templateflow/tpl-MNI152NLin2009cAsym//tpl-MNI152NLin2009cAsym_res-01_desc-brain_T1w.nii.gz,/data/derivatives/fsl/fast/sub-s003/ses-open/anat/BrainExtractionBrain_seg.nii.gz,1,32,Regular,0.25 ] --convergence [ 1000x500x250x100,1e-6,10 ] --shrink-factors 8x4x2x1 --smoothing-sigmas 3x2x1x0vox --transform Affine[ 0.1 ] --metric MI[ /templateflow/tpl-MNI152NLin2009cAsym//tpl-MNI152NLin2009cAsym_res-01_desc-brain_T1w.nii.gz,/data/derivatives/fsl/fast/sub-s003/ses-open/anat/BrainExtractionBrain_seg.nii.gz,1,32,Regular,0.25 ] --convergence [ 1000x500x250x100,1e-6,10 ] --shrink-factors 8x4x2x1 --smoothing-sigmas 3x2x1x0vox --transform SyN[ 0.1,3,0 ] --metric CC[ /templateflow/tpl-MNI152NLin2009cAsym//tpl-MNI152NLin2009cAsym_res-01_desc-brain_T1w.nii.gz,/data/derivatives/fsl/fast/sub-s003/ses-open/anat/BrainExtractionBrain_seg.nii.gz,1,4 ] --convergence [ 100x70x50x20,1e-6,10 ] --shrink-factors 8x4x2x1 --smoothing-sigmas 3x2x1x0vox
--------------------------------------------------------------------------------------
All_Command_lines_OK
Using double precision for computations.
=============================================================================
The composite transform comprises the following transforms (in order): 
  1. Center of mass alignment using fixed image: /templateflow/tpl-MNI152NLin2009cAsym//tpl-MNI152NLin2009cAsym_res-01_desc-brain_T1w.nii.gz and moving image: /data/derivatives/fsl/fast/sub-s003/ses-open/anat/BrainExtractionBrain_seg.nii.gz (type = Euler3DTransform)
=============================================================================
  number of levels = 4
  number of levels = 4
  number of levels = 4
  fixed image: /templateflow/tpl-MNI152NLin2009cAsym//tpl-MNI152NLin2009cAsym_res-01_desc-brain_T1w.nii.gz
  moving image: /data/derivatives/fsl/fast/sub-s003/ses-open/anat/BrainExtractionBrain_seg.nii.gz
  fixed image: /templateflow/tpl-MNI152NLin2009cAsym//tpl-MNI152NLin2009cAsym_res-01_desc-brain_T1w.nii.gz
  moving image: /data/derivatives/fsl/fast/sub-s003/ses-open/anat/BrainExtractionBrain_seg.nii.gz
  fixed image: /templateflow/tpl-MNI152NLin2009cAsym//tpl-MNI152NLin2009cAsym_res-01_desc-brain_T1w.nii.gz
  moving image: /data/derivatives/fsl/fast/sub-s003/ses-open/anat/BrainExtractionBrain_seg.nii.gz
Dimension = 3
Number of stages = 3
Use histogram matching = false
Winsorize image intensities = true
  Lower quantile = 0.005
  Upper quantile = 0.995


Stage 1 State
   Image metric = Mattes
     Fixed image = Image (0x55d0897755b0)
  RTTI typeinfo:   itk::Image<double, 3u>
  Reference Count: 2
  Modified Time: 1721
  Debug: Off
  Object Name: 
  Observers: 
    none
  Source: (none)
  Source output name: (none)
  Release Data: Off
  Data Released: False
  Global Release Data: Off
  PipelineMTime: 0
  UpdateMTime: 1504
  RealTimeStamp: 0 seconds 
  LargestPossibleRegion: 
    Dimension: 3
    Index: [0, 0, 0]
    Size: [193, 229, 193]
  BufferedRegion: 
    Dimension: 3
    Index: [0, 0, 0]
    Size: [193, 229, 193]
  RequestedRegion: 
    Dimension: 3
    Index: [0, 0, 0]
    Size: [193, 229, 193]
  Spacing: [1, 1, 1]
  Origin: [96, 132, -78]
  Direction: 
-1 0 0
0 -1 0
0 0 1

  IndexToPointMatrix: 
-1 0 0
0 -1 0
0 0 1

  PointToIndexMatrix: 
-1 0 0
0 -1 0
0 0 1

  Inverse Direction: 
-1 0 0
0 -1 0
0 0 1

  PixelContainer: 
    ImportImageContainer (0x55d08977e160)
      RTTI typeinfo:   itk::ImportImageContainer<unsigned long, double>
      Reference Count: 1
      Modified Time: 1501
      Debug: Off
      Object Name: 
      Observers: 
        none
      Pointer: 0x7fd8d56e4010
      Container manages memory: true
      Size: 8530021
      Capacity: 8530021

     Moving image = Image (0x55d0897810a0)
  RTTI typeinfo:   itk::Image<double, 3u>
  Reference Count: 2
  Modified Time: 1722
  Debug: Off
  Object Name: 
  Observers: 
    none
  Source: (none)
  Source output name: (none)
  Release Data: Off
  Data Released: False
  Global Release Data: Off
  PipelineMTime: 0
  UpdateMTime: 1719
  RealTimeStamp: 0 seconds 
  LargestPossibleRegion: 
    Dimension: 3
    Index: [0, 0, 0]
    Size: [176, 240, 256]
  BufferedRegion: 
    Dimension: 3
    Index: [0, 0, 0]
    Size: [176, 240, 256]
  RequestedRegion: 
    Dimension: 3
    Index: [0, 0, 0]
    Size: [176, 240, 256]
  Spacing: [0.999999, 1, 1]
  Origin: [93.3499, 86.9368, -128.957]
  Direction: 
-0.999513 -0.0279216 -0.0139567
0.0279189 -0.99961 0.000389866
-0.0139622 2.01492e-08 0.999903

  IndexToPointMatrix: 
-0.999512 -0.0279216 -0.0139567
0.0279189 -0.99961 0.000389866
-0.0139621 2.01492e-08 0.999903

  PointToIndexMatrix: 
-0.999514 0.0279189 -0.0139622
-0.0279216 -0.99961 2.01716e-08
-0.0139567 0.000389866 0.999903

  Inverse Direction: 
-0.999513 0.0279189 -0.0139622
-0.0279216 -0.99961 2.01716e-08
-0.0139567 0.000389866 0.999903

  PixelContainer: 
    ImportImageContainer (0x55d089838fd0)
      RTTI typeinfo:   itk::ImportImageContainer<unsigned long, double>
      Reference Count: 1
      Modified Time: 1716
      Debug: Off
      Object Name: 
      Observers: 
        none
      Pointer: 0x7fd8d0463010
      Container manages memory: true
      Size: 10813440
      Capacity: 10813440

     Weighting = 1
     Sampling strategy = regular
     Number of bins = 32
     Radius = 4
     Sampling percentage  = 0.25
   Transform = Rigid
     Gradient step = 0.1
     Update field sigma (voxel space) = 0
     Total field sigma (voxel space) = 0
     Update field time sigma = 0
     Total field time sigma  = 0
     Number of time indices = 0
     Number of time point samples = 0
Stage 2 State
   Image metric = Mattes
     Fixed image = Image (0x55d0897d84d0)
  RTTI typeinfo:   itk::Image<double, 3u>
  Reference Count: 2
  Modified Time: 2151
  Debug: Off
  Object Name: 
  Observers: 
    none
  Source: (none)
  Source output name: (none)
  Release Data: Off
  Data Released: False
  Global Release Data: Off
  PipelineMTime: 0
  UpdateMTime: 1934
  RealTimeStamp: 0 seconds 
  LargestPossibleRegion: 
    Dimension: 3
    Index: [0, 0, 0]
    Size: [193, 229, 193]
  BufferedRegion: 
    Dimension: 3
    Index: [0, 0, 0]
    Size: [193, 229, 193]
  RequestedRegion: 
    Dimension: 3
    Index: [0, 0, 0]
    Size: [193, 229, 193]
  Spacing: [1, 1, 1]
  Origin: [96, 132, -78]
  Direction: 
-1 0 0
0 -1 0
0 0 1

  IndexToPointMatrix: 
-1 0 0
0 -1 0
0 0 1

  PointToIndexMatrix: 
-1 0 0
0 -1 0
0 0 1

  Inverse Direction: 
-1 0 0
0 -1 0
0 0 1

  PixelContainer: 
    ImportImageContainer (0x55d089859050)
      RTTI typeinfo:   itk::ImportImageContainer<unsigned long, double>
      Reference Count: 1
      Modified Time: 1931
      Debug: Off
      Object Name: 
      Observers: 
        none
      Pointer: 0x7fd8cc34e010
      Container manages memory: true
      Size: 8530021
      Capacity: 8530021

     Moving image = Image (0x55d0897d6880)
  RTTI typeinfo:   itk::Image<double, 3u>
  Reference Count: 2
  Modified Time: 2152
  Debug: Off
  Object Name: 
  Observers: 
    none
  Source: (none)
  Source output name: (none)
  Release Data: Off
  Data Released: False
  Global Release Data: Off
  PipelineMTime: 0
  UpdateMTime: 2149
  RealTimeStamp: 0 seconds 
  LargestPossibleRegion: 
    Dimension: 3
    Index: [0, 0, 0]
    Size: [176, 240, 256]
  BufferedRegion: 
    Dimension: 3
    Index: [0, 0, 0]
    Size: [176, 240, 256]
  RequestedRegion: 
    Dimension: 3
    Index: [0, 0, 0]
    Size: [176, 240, 256]
  Spacing: [0.999999, 1, 1]
  Origin: [93.3499, 86.9368, -128.957]
  Direction: 
-0.999513 -0.0279216 -0.0139567
0.0279189 -0.99961 0.000389866
-0.0139622 2.01492e-08 0.999903

  IndexToPointMatrix: 
-0.999512 -0.0279216 -0.0139567
0.0279189 -0.99961 0.000389866
-0.0139621 2.01492e-08 0.999903

  PointToIndexMatrix: 
-0.999514 0.0279189 -0.0139622
-0.0279216 -0.99961 2.01716e-08
-0.0139567 0.000389866 0.999903

  Inverse Direction: 
-0.999513 0.0279189 -0.0139622
-0.0279216 -0.99961 2.01716e-08
-0.0139567 0.000389866 0.999903

  PixelContainer: 
    ImportImageContainer (0x55d0897ceec0)
      RTTI typeinfo:   itk::ImportImageContainer<unsigned long, double>
      Reference Count: 1
      Modified Time: 2146
      Debug: Off
      Object Name: 
      Observers: 
        none
      Pointer: 0x7fd8c70cd010
      Container manages memory: true
      Size: 10813440
      Capacity: 10813440

     Weighting = 1
     Sampling strategy = regular
     Number of bins = 32
     Radius = 4
     Sampling percentage  = 0.25
   Transform = Affine
     Gradient step = 0.1
     Update field sigma (voxel space) = 0
     Total field sigma (voxel space) = 0
     Update field time sigma = 0
     Total field time sigma  = 0
     Number of time indices = 0
     Number of time point samples = 0
Stage 3 State
   Image metric = CC
     Fixed image = Image (0x55d0897d5080)
  RTTI typeinfo:   itk::Image<double, 3u>
  Reference Count: 2
  Modified Time: 2581
  Debug: Off
  Object Name: 
  Observers: 
    none
  Source: (none)
  Source output name: (none)
  Release Data: Off
  Data Released: False
  Global Release Data: Off
  PipelineMTime: 0
  UpdateMTime: 2364
  RealTimeStamp: 0 seconds 
  LargestPossibleRegion: 
    Dimension: 3
    Index: [0, 0, 0]
    Size: [193, 229, 193]
  BufferedRegion: 
    Dimension: 3
    Index: [0, 0, 0]
    Size: [193, 229, 193]
  RequestedRegion: 
    Dimension: 3
    Index: [0, 0, 0]
    Size: [193, 229, 193]
  Spacing: [1, 1, 1]
  Origin: [96, 132, -78]
  Direction: 
-1 0 0
0 -1 0
0 0 1

  IndexToPointMatrix: 
-1 0 0
0 -1 0
0 0 1

  PointToIndexMatrix: 
-1 0 0
0 -1 0
0 0 1

  Inverse Direction: 
-1 0 0
0 -1 0
0 0 1

  PixelContainer: 
    ImportImageContainer (0x55d0897d56c0)
      RTTI typeinfo:   itk::ImportImageContainer<unsigned long, double>
      Reference Count: 1
      Modified Time: 2361
      Debug: Off
      Object Name: 
      Observers: 
        none
      Pointer: 0x7fd8c2fb8010
      Container manages memory: true
      Size: 8530021
      Capacity: 8530021

     Moving image = Image (0x55d0897c8990)
  RTTI typeinfo:   itk::Image<double, 3u>
  Reference Count: 2
  Modified Time: 2582
  Debug: Off
  Object Name: 
  Observers: 
    none
  Source: (none)
  Source output name: (none)
  Release Data: Off
  Data Released: False
  Global Release Data: Off
  PipelineMTime: 0
  UpdateMTime: 2579
  RealTimeStamp: 0 seconds 
  LargestPossibleRegion: 
    Dimension: 3
    Index: [0, 0, 0]
    Size: [176, 240, 256]
  BufferedRegion: 
    Dimension: 3
    Index: [0, 0, 0]
    Size: [176, 240, 256]
  RequestedRegion: 
    Dimension: 3
    Index: [0, 0, 0]
    Size: [176, 240, 256]
  Spacing: [0.999999, 1, 1]
  Origin: [93.3499, 86.9368, -128.957]
  Direction: 
-0.999513 -0.0279216 -0.0139567
0.0279189 -0.99961 0.000389866
-0.0139622 2.01492e-08 0.999903

  IndexToPointMatrix: 
-0.999512 -0.0279216 -0.0139567
0.0279189 -0.99961 0.000389866
-0.0139621 2.01492e-08 0.999903

  PointToIndexMatrix: 
-0.999514 0.0279189 -0.0139622
-0.0279216 -0.99961 2.01716e-08
-0.0139567 0.000389866 0.999903

  Inverse Direction: 
-0.999513 0.0279189 -0.0139622
-0.0279216 -0.99961 2.01716e-08
-0.0139567 0.000389866 0.999903

  PixelContainer: 
    ImportImageContainer (0x55d0897cd300)
      RTTI typeinfo:   itk::ImportImageContainer<unsigned long, double>
      Reference Count: 1
      Modified Time: 2576
      Debug: Off
      Object Name: 
      Observers: 
        none
      Pointer: 0x7fd8bdd37010
      Container manages memory: true
      Size: 10813440
      Capacity: 10813440

     Weighting = 1
     Sampling strategy = none
     Number of bins = 32
     Radius = 4
     Sampling percentage  = 1
   Transform = SyN
     Gradient step = 0.1
     Update field sigma (voxel space) = 3
     Total field sigma (voxel space) = 0
     Update field time sigma = 0
     Total field time sigma  = 0
     Number of time indices = 0
     Number of time point samples = 0
Registration using 3 total stages.

Stage 0
  iterations = 1000x500x250x100
  convergence threshold = 1e-06
  convergence window size = 10
  number of levels = 4
  using the Mattes MI metric (number of bins = 32, weight = 1, use gradient filter = 0)
  preprocessing:  winsorizing the image intensities
  Shrink factors (level 1 out of 4): [8, 8, 8]
  Shrink factors (level 2 out of 4): [4, 4, 4]
  Shrink factors (level 3 out of 4): [2, 2, 2]
  Shrink factors (level 4 out of 4): [1, 1, 1]
  smoothing sigmas per level: [3, 2, 1, 0]
  regular sampling (percentage = 0.25)

*** Running Euler3DTransform registration ***

DIAGNOSTIC,Iteration,metricValue,convergenceValue,ITERATION_TIME_INDEX,SINCE_LAST
 2DIAGNOSTIC,     1, -5.121884515535e-01, 1.797693134862e+308, 1.5780e+00, 1.5780e+00, 
 2DIAGNOSTIC,     2, -5.141275763198e-01, 1.797693134862e+308, 1.5853e+00, 7.2780e-03, 
 2DIAGNOSTIC,     3, -5.177750766476e-01, 1.797693134862e+308, 1.5923e+00, 7.0350e-03, 
 2DIAGNOSTIC,     4, -5.242327751838e-01, 1.797693134862e+308, 1.5994e+00, 7.0500e-03, 
 2DIAGNOSTIC,     5, -5.340532819901e-01, 1.797693134862e+308, 1.6069e+00, 7.5190e-03, 
 2DIAGNOSTIC,     6, -5.419803711781e-01, 1.797693134862e+308, 1.6145e+00, 7.5939e-03, 
 2DIAGNOSTIC,     7, -5.604545186378e-01, 1.797693134862e+308, 1.6233e+00, 8.8050e-03, 
 2DIAGNOSTIC,     8, -5.721183911628e-01, 1.797693134862e+308, 1.6321e+00, 8.7941e-03, 
 2DIAGNOSTIC,     9, -5.843032340824e-01, 1.797693134862e+308, 1.6563e+00, 2.4178e-02, 
 2DIAGNOSTIC,    10, -5.843028036052e-01, 9.908821975847e-03, 1.6664e+00, 1.0137e-02, 
 2DIAGNOSTIC,    11, -5.843037628509e-01, 9.019464382969e-03, 1.6732e+00, 6.7790e-03, 
 2DIAGNOSTIC,    12, -5.843053842636e-01, 7.564314352033e-03, 1.6800e+00, 6.8061e-03, 
 2DIAGNOSTIC,    13, -5.843081268391e-01, 5.800063847737e-03, 1.6868e+00, 6.7589e-03, 
 2DIAGNOSTIC,    14, -5.843127567599e-01, 4.007306827920e-03, 1.6936e+00, 6.8102e-03, 
 2DIAGNOSTIC,    15, -5.843205711436e-01, 2.439149260575e-03, 1.7007e+00, 7.0930e-03, 
 2DIAGNOSTIC,    16, -5.843337082306e-01, 1.098963967047e-03, 1.7075e+00, 6.8491e-03, 
 2DIAGNOSTIC,    17, -5.843556906726e-01, 3.679815507072e-04, 1.7143e+00, 6.8052e-03, 
 2DIAGNOSTIC,    18, -5.843925331091e-01, 6.452980234793e-06, 1.7211e+00, 6.8090e-03, 
 2DIAGNOSTIC,    19, -5.844530976559e-01, 9.074733226609e-06, 1.7289e+00, 7.7319e-03, 
 2DIAGNOSTIC,    20, -5.845514626362e-01, 1.318226360595e-05, 1.7368e+00, 7.9730e-03, 
 2DIAGNOSTIC,    21, -5.846120361189e-01, 1.724327586897e-05, 1.7437e+00, 6.8700e-03, 
 2DIAGNOSTIC,    22, -5.846375063760e-01, 2.007927477104e-05, 1.7506e+00, 6.8588e-03, 
 2DIAGNOSTIC,    23, -5.847930146050e-01, 2.439081895968e-05, 1.7583e+00, 7.6990e-03, 
 2DIAGNOSTIC,    24, -5.849174219137e-01, 2.878152714620e-05, 1.7662e+00, 7.9761e-03, 
 2DIAGNOSTIC,    25, -5.850794858654e-01, 3.357800319302e-05, 1.7730e+00, 6.7861e-03, 
 2DIAGNOSTIC,    26, -5.852959564796e-01, 3.934788766904e-05, 1.7808e+00, 7.7400e-03, 
 2DIAGNOSTIC,    27, -5.854008476273e-01, 4.339804257598e-05, 1.7885e+00, 7.7419e-03, 
 2DIAGNOSTIC,    28, -5.854309764176e-01, 4.435879416897e-05, 1.7955e+00, 6.9740e-03, 
 2DIAGNOSTIC,    29, -5.855042064188e-01, 4.345497284262e-05, 1.8041e+00, 8.6150e-03, 
 2DIAGNOSTIC,    30, -5.855646951885e-01, 4.119902010622e-05, 1.8109e+00, 6.8309e-03, 
 2DIAGNOSTIC,    31, -5.857464313702e-01, 3.915321010625e-05, 1.8177e+00, 6.7990e-03, 
 2DIAGNOSTIC,    32, -5.860123617671e-01, 3.805487907961e-05, 1.8253e+00, 7.6120e-03, 
 2DIAGNOSTIC,    33, -5.866490349940e-01, 4.537038131735e-05, 1.8323e+00, 6.9270e-03, 
 2DIAGNOSTIC,    34, -5.885173241186e-01, 7.688775279609e-05, 1.8395e+00, 7.2589e-03, 
 2DIAGNOSTIC,    35, -5.949638513245e-01, 1.921615538760e-04, 1.8532e+00, 1.3702e-02, 
 2DIAGNOSTIC,    36, -5.967921376280e-01, 3.085510404218e-04, 1.8601e+00, 6.8719e-03, 
 2DIAGNOSTIC,    37, -5.974532656761e-01, 4.000411747486e-04, 1.8674e+00, 7.2691e-03, 
 2DIAGNOSTIC,    38, -5.977268633170e-01, 4.536797360826e-04, 1.8742e+00, 6.8259e-03, 
 2DIAGNOSTIC,    39, -5.979831826855e-01, 4.652168153308e-04, 1.8811e+00, 6.9048e-03, 
 2DIAGNOSTIC,    40, -5.984979463279e-01, 4.376628875743e-04, 1.8882e+00, 7.0639e-03, 
 2DIAGNOSTIC,    41, -6.024676076112e-01, 4.192184469806e-04, 1.8979e+00, 9.7208e-03, 
 2DIAGNOSTIC,    42, -6.115233162322e-01, 4.705826012865e-04, 1.9050e+00, 7.1149e-03, 
 2DIAGNOSTIC,    43, -6.193205983112e-01, 5.689071369397e-04, 1.9120e+00, 7.0238e-03, 
 2DIAGNOSTIC,    44, -6.216197185865e-01, 6.522601180445e-04, 1.9195e+00, 7.5092e-03, 
 2DIAGNOSTIC,    45, -6.346720969036e-01, 8.821458749960e-04, 1.9295e+00, 1.0015e-02, 
 2DIAGNOSTIC,    46, -6.465545654850e-01, 1.158347454061e-03, 1.9430e+00, 1.3493e-02, 
 2DIAGNOSTIC,    47, -6.476073483354e-01, 1.325163230121e-03, 1.9499e+00, 6.8910e-03, 
 2DIAGNOSTIC,    48, -6.500808907472e-01, 1.387563164278e-03, 1.9567e+00, 6.7759e-03, 
 2DIAGNOSTIC,    49, -6.526321810656e-01, 1.344153510807e-03, 1.9638e+00, 7.0820e-03, 
 2DIAGNOSTIC,    50, -6.547842488852e-01, 1.198150585148e-03, 1.9706e+00, 6.8049e-03, 
 2DIAGNOSTIC,    51, -6.551266370452e-01, 9.811605283518e-04, 1.9784e+00, 7.7789e-03, 
 2DIAGNOSTIC,    52, -6.566831574496e-01, 7.777255097359e-04, 1.9910e+00, 1.2670e-02, 
 2DIAGNOSTIC,    53, -6.566396073970e-01, 5.806488378439e-04, 1.9997e+00, 8.6520e-03, 
 2DIAGNOSTIC,    54, -6.568586711405e-01, 3.562125454325e-04, 2.0065e+00, 6.8278e-03, 
 2DIAGNOSTIC,    55, -6.574315035207e-01, 2.224038500505e-04, 2.0132e+00, 6.7060e-03, 
 2DIAGNOSTIC,    56, -6.583302397223e-01, 1.815759367399e-04, 2.0199e+00, 6.6941e-03, 
 2DIAGNOSTIC,    57, -6.590157713785e-01, 1.390960638119e-04, 2.0294e+00, 9.4709e-03, 
 2DIAGNOSTIC,    58, -6.590136043534e-01, 1.048162430356e-04, 2.0435e+00, 1.4090e-02, 
 2DIAGNOSTIC,    59, -6.590415205679e-01, 8.243995732841e-05, 2.0563e+00, 1.2812e-02, 
 2DIAGNOSTIC,    60, -6.590507012963e-01, 7.012877906086e-05, 2.0636e+00, 7.3009e-03, 
 2DIAGNOSTIC,    61, -6.592945940305e-01, 5.564969965932e-05, 2.0774e+00, 1.3825e-02, 
 2DIAGNOSTIC,    62, -6.595877155727e-01, 5.041844763595e-05, 2.0916e+00, 1.4145e-02, 
 2DIAGNOSTIC,    63, -6.598594938850e-01, 4.233995976746e-05, 2.1097e+00, 1.8102e-02, 
 2DIAGNOSTIC,    64, -6.601326037044e-01, 3.417628494137e-05, 2.1286e+00, 1.8966e-02, 
 2DIAGNOSTIC,    65, -6.601782535328e-01, 2.739275092694e-05, 2.1466e+00, 1.7940e-02, 
 2DIAGNOSTIC,    66, -6.601049980262e-01, 2.399401203242e-05, 2.1554e+00, 8.7950e-03, 
 2DIAGNOSTIC,    67, -6.600340890425e-01, 2.275451755786e-05, 2.1630e+00, 7.6849e-03, 
 2DIAGNOSTIC,    68, -6.599631086371e-01, 1.890000948838e-05, 2.1701e+00, 7.0121e-03, 
 2DIAGNOSTIC,    69, -6.598971100920e-01, 1.314923630701e-05, 2.1770e+00, 6.9571e-03, 
 2DIAGNOSTIC,    70, -6.600178928376e-01, 7.221398522089e-06, 2.1846e+00, 7.5612e-03, 
 2DIAGNOSTIC,    71, -6.600371322686e-01, 2.524370168927e-06, 2.1915e+00, 6.9389e-03, 
DIAGNOSTIC,Iteration,metricValue,convergenceValue,ITERATION_TIME_INDEX,SINCE_LAST
 2DIAGNOSTIC,     1, -5.327448026650e-01, 1.797693134862e+308, 3.6061e+00, 1.4146e+00, 
 2DIAGNOSTIC,     2, -5.335675031004e-01, 1.797693134862e+308, 3.6781e+00, 7.1955e-02, 
 2DIAGNOSTIC,     3, -5.345464376541e-01, 1.797693134862e+308, 3.7491e+00, 7.1009e-02, 
 2DIAGNOSTIC,     4, -5.352796626740e-01, 1.797693134862e+308, 3.8208e+00, 7.1732e-02, 
 2DIAGNOSTIC,     5, -5.357158812401e-01, 1.797693134862e+308, 3.8924e+00, 7.1604e-02, 
 2DIAGNOSTIC,     6, -5.362650366821e-01, 1.797693134862e+308, 3.9625e+00, 7.0141e-02, 
 2DIAGNOSTIC,     7, -5.370105876435e-01, 1.797693134862e+308, 4.0427e+00, 8.0167e-02, 
 2DIAGNOSTIC,     8, -5.379493871608e-01, 1.797693134862e+308, 4.1401e+00, 9.7372e-02, 
 2DIAGNOSTIC,     9, -5.382132793441e-01, 1.797693134862e+308, 4.2083e+00, 6.8185e-02, 
 2DIAGNOSTIC,    10, -5.388152518831e-01, 7.146002321210e-04, 4.3094e+00, 1.0109e-01, 
 2DIAGNOSTIC,    11, -5.395604059625e-01, 6.266339979298e-04, 4.3793e+00, 6.9931e-02, 
 2DIAGNOSTIC,    12, -5.399010259071e-01, 5.470601252438e-04, 4.4563e+00, 7.7011e-02, 
 2DIAGNOSTIC,    13, -5.400731922985e-01, 4.768196452084e-04, 4.5537e+00, 9.7418e-02, 
 2DIAGNOSTIC,    14, -5.401681890996e-01, 4.051768351419e-04, 4.6239e+00, 7.0154e-02, 
 2DIAGNOSTIC,    15, -5.409771327362e-01, 3.502220794006e-04, 4.6931e+00, 6.9235e-02, 
 2DIAGNOSTIC,    16, -5.422977283636e-01, 3.306418403978e-04, 4.8019e+00, 1.0881e-01, 
 2DIAGNOSTIC,    17, -5.425384360224e-01, 3.122439977847e-04, 4.8724e+00, 7.0450e-02, 
 2DIAGNOSTIC,    18, -5.432995805814e-01, 3.179579036792e-04, 4.9575e+00, 8.5167e-02, 
 2DIAGNOSTIC,    19, -5.433964249937e-01, 3.036480936582e-04, 5.0372e+00, 7.9667e-02, 
 2DIAGNOSTIC,    20, -5.434270270246e-01, 2.788085116656e-04, 5.1063e+00, 6.9058e-02, 
 2DIAGNOSTIC,    21, -5.435065814069e-01, 2.507526861988e-04, 5.1754e+00, 6.9192e-02, 
 2DIAGNOSTIC,    22, -5.437444700200e-01, 2.157944403518e-04, 5.2455e+00, 7.0017e-02, 
 2DIAGNOSTIC,    23, -5.439771656857e-01, 1.733336976809e-04, 5.3436e+00, 9.8143e-02, 
 2DIAGNOSTIC,    24, -5.441674609591e-01, 1.243573558552e-04, 5.4128e+00, 6.9198e-02, 
 2DIAGNOSTIC,    25, -5.442425690720e-01, 8.592627619489e-05, 5.4806e+00, 6.7755e-02, 
 2DIAGNOSTIC,    26, -5.444070776700e-01, 7.268895372102e-05, 5.5502e+00, 6.9595e-02, 
 2DIAGNOSTIC,    27, -5.450667288722e-01, 7.074574157244e-05, 5.6377e+00, 8.7585e-02, 
 2DIAGNOSTIC,    28, -5.450678538259e-01, 7.628380482746e-05, 5.7149e+00, 7.7202e-02, 
 2DIAGNOSTIC,    29, -5.450631344188e-01, 7.619772850295e-05, 5.7966e+00, 8.1663e-02, 
 2DIAGNOSTIC,    30, -5.452434324982e-01, 7.293580649367e-05, 5.8702e+00, 7.3580e-02, 
 2DIAGNOSTIC,    31, -5.457330131455e-01, 7.253308895223e-05, 5.9684e+00, 9.8196e-02, 
 2DIAGNOSTIC,    32, -5.460123318589e-01, 7.343224749713e-05, 6.0568e+00, 8.8456e-02, 
 2DIAGNOSTIC,    33, -5.460190912112e-01, 7.116346597861e-05, 6.1356e+00, 7.8766e-02, 
 2DIAGNOSTIC,    34, -5.459983940311e-01, 6.531279298215e-05, 6.2325e+00, 9.6873e-02, 
 2DIAGNOSTIC,    35, -5.460035241256e-01, 5.494196291740e-05, 6.3118e+00, 7.9368e-02, 
 2DIAGNOSTIC,    36, -5.460002527624e-01, 4.193953743005e-05, 6.3822e+00, 7.0321e-02, 
 2DIAGNOSTIC,    37, -5.459999516829e-01, 3.503442504659e-05, 6.4507e+00, 6.8541e-02, 
 2DIAGNOSTIC,    38, -5.460043504146e-01, 2.544615827371e-05, 6.5203e+00, 6.9635e-02, 
 2DIAGNOSTIC,    39, -5.460231419013e-01, 1.427096382304e-05, 6.5897e+00, 6.9353e-02, 
 2DIAGNOSTIC,    40, -5.460502102870e-01, 4.949845915328e-06, 6.6672e+00, 7.7504e-02, 
 2DIAGNOSTIC,    41, -5.460809287951e-01, 2.232729617219e-06, 6.7369e+00, 6.9697e-02, 
 2DIAGNOSTIC,    42, -5.461014774597e-01, 3.242328642301e-06, 6.8062e+00, 6.9350e-02, 
 2DIAGNOSTIC,    43, -5.461581139133e-01, 4.748736949427e-06, 6.8757e+00, 6.9471e-02, 
 2DIAGNOSTIC,    44, -5.463919432847e-01, 8.323739289450e-06, 6.9476e+00, 7.1922e-02, 
 2DIAGNOSTIC,    45, -5.465040985002e-01, 1.230615048114e-05, 7.0659e+00, 1.1825e-01, 
 2DIAGNOSTIC,    46, -5.465957874795e-01, 1.601397279720e-05, 7.1449e+00, 7.8985e-02, 
 2DIAGNOSTIC,    47, -5.466408747548e-01, 1.862253360237e-05, 7.2234e+00, 7.8573e-02, 
 2DIAGNOSTIC,    48, -5.467494432292e-01, 2.063605234639e-05, 7.3246e+00, 1.0113e-01, 
 2DIAGNOSTIC,    49, -5.468264095370e-01, 2.161573695917e-05, 7.4073e+00, 8.2712e-02, 
 2DIAGNOSTIC,    50, -5.469442099808e-01, 2.203226279890e-05, 7.4894e+00, 8.2158e-02, 
 2DIAGNOSTIC,    51, -5.469519026653e-01, 2.078673064185e-05, 7.5685e+00, 7.9023e-02, 
 2DIAGNOSTIC,    52, -5.469447890540e-01, 1.783094380487e-05, 7.6387e+00, 7.0221e-02, 
 2DIAGNOSTIC,    53, -5.469455536261e-01, 1.386350293436e-05, 7.7199e+00, 8.1203e-02, 
 2DIAGNOSTIC,    54, -5.469550685428e-01, 1.109506103293e-05, 7.7912e+00, 7.1284e-02, 
 2DIAGNOSTIC,    55, -5.469575302517e-01, 8.481213033078e-06, 7.8634e+00, 7.2185e-02, 
 2DIAGNOSTIC,    56, -5.469039671433e-01, 5.566055800613e-06, 7.9933e+00, 1.2996e-01, 
 2DIAGNOSTIC,    57, -5.468976667644e-01, 2.643996782316e-06, 8.0644e+00, 7.1047e-02, 
DIAGNOSTIC,Iteration,metricValue,convergenceValue,ITERATION_TIME_INDEX,SINCE_LAST
 2DIAGNOSTIC,     1, -4.829057246208e-01, 1.797693134862e+308, 1.0001e+01, 1.9362e+00, 
 2DIAGNOSTIC,     2, -4.830663506940e-01, 1.797693134862e+308, 1.0545e+01, 5.4430e-01, 
 2DIAGNOSTIC,     3, -4.832497692162e-01, 1.797693134862e+308, 1.1082e+01, 5.3731e-01, 
 2DIAGNOSTIC,     4, -4.834843574195e-01, 1.797693134862e+308, 1.1610e+01, 5.2820e-01, 
 2DIAGNOSTIC,     5, -4.836605263198e-01, 1.797693134862e+308, 1.2140e+01, 5.2999e-01, 
 2DIAGNOSTIC,     6, -4.838894422256e-01, 1.797693134862e+308, 1.2768e+01, 6.2779e-01, 
 2DIAGNOSTIC,     7, -4.841099356414e-01, 1.797693134862e+308, 1.3312e+01, 5.4341e-01, 
 2DIAGNOSTIC,     8, -4.851904788830e-01, 1.797693134862e+308, 1.4016e+01, 7.0429e-01, 
 2DIAGNOSTIC,     9, -4.864431028191e-01, 1.797693134862e+308, 1.4888e+01, 8.7195e-01, 
 2DIAGNOSTIC,    10, -4.865325720371e-01, 4.885062754748e-04, 1.5438e+01, 5.5039e-01, 
 2DIAGNOSTIC,    11, -4.869151576500e-01, 5.119001822393e-04, 1.6065e+01, 6.2665e-01, 
 2DIAGNOSTIC,    12, -4.870554638951e-01, 5.005644819222e-04, 1.6786e+01, 7.2083e-01, 
 2DIAGNOSTIC,    13, -4.870727669485e-01, 4.540714701129e-04, 1.7475e+01, 6.8905e-01, 
 2DIAGNOSTIC,    14, -4.870742511568e-01, 3.824194417856e-04, 1.8004e+01, 5.2920e-01, 
 2DIAGNOSTIC,    15, -4.870835054523e-01, 2.932366449978e-04, 1.8535e+01, 5.3130e-01, 
 2DIAGNOSTIC,    16, -4.871287154130e-01, 1.993132519503e-04, 1.9063e+01, 5.2741e-01, 
 2DIAGNOSTIC,    17, -4.872342289403e-01, 1.088740088201e-04, 1.9631e+01, 5.6838e-01, 
 2DIAGNOSTIC,    18, -4.874565087921e-01, 5.997114921533e-05, 2.0164e+01, 5.3261e-01, 
 2DIAGNOSTIC,    19, -4.877731106402e-01, 5.917205322588e-05, 2.0836e+01, 6.7191e-01, 
 2DIAGNOSTIC,    20, -4.881586911925e-01, 6.659702408376e-05, 2.1681e+01, 8.4492e-01, 
 2DIAGNOSTIC,    21, -4.882041976790e-01, 7.894245756020e-05, 2.2398e+01, 7.1751e-01, 
 2DIAGNOSTIC,    22, -4.882094392713e-01, 8.694541675550e-05, 2.3021e+01, 6.2295e-01, 
 2DIAGNOSTIC,    23, -4.882142137749e-01, 8.686793969708e-05, 2.3810e+01, 7.8883e-01, 
 2DIAGNOSTIC,    24, -4.882145185528e-01, 7.870842750667e-05, 2.4504e+01, 6.9447e-01, 
 2DIAGNOSTIC,    25, -4.882159551532e-01, 6.409296864909e-05, 2.5112e+01, 6.0800e-01, 
 2DIAGNOSTIC,    26, -4.882127289491e-01, 4.570162717340e-05, 2.5882e+01, 7.6927e-01, 
 2DIAGNOSTIC,    27, -4.882112939522e-01, 2.681880114300e-05, 2.6594e+01, 7.1283e-01, 
 2DIAGNOSTIC,    28, -4.882113810783e-01, 1.143305088144e-05, 2.7202e+01, 6.0727e-01, 
 2DIAGNOSTIC,    29, -4.882106306033e-01, 2.290379504416e-06, 2.7749e+01, 5.4750e-01, 
 2DIAGNOSTIC,    30, -4.882099329151e-01, 1.117382036030e-06, 2.8364e+01, 6.1476e-01, 
DIAGNOSTIC,Iteration,metricValue,convergenceValue,ITERATION_TIME_INDEX,SINCE_LAST
 2DIAGNOSTIC,     1, -4.473442252051e-01, 1.797693134862e+308, 3.2375e+01, 4.0113e+00, 
 2DIAGNOSTIC,     2, -4.474202667184e-01, 1.797693134862e+308, 3.6036e+01, 3.6607e+00, 
 2DIAGNOSTIC,     3, -4.474665047597e-01, 1.797693134862e+308, 3.9241e+01, 3.2052e+00, 
 2DIAGNOSTIC,     4, -4.475028694918e-01, 1.797693134862e+308, 4.2898e+01, 3.6573e+00, 
 2DIAGNOSTIC,     5, -4.475360531388e-01, 1.797693134862e+308, 4.7032e+01, 4.1334e+00, 
 2DIAGNOSTIC,     6, -4.475708226314e-01, 1.797693134862e+308, 5.0229e+01, 3.1975e+00, 
 2DIAGNOSTIC,     7, -4.476806536878e-01, 1.797693134862e+308, 5.3864e+01, 3.6345e+00, 
 2DIAGNOSTIC,     8, -4.477503710747e-01, 1.797693134862e+308, 5.9216e+01, 5.3524e+00, 
 2DIAGNOSTIC,     9, -4.477552074824e-01, 1.797693134862e+308, 6.2425e+01, 3.2090e+00, 
 2DIAGNOSTIC,    10, -4.477773933012e-01, 6.755814220996e-05, 6.5659e+01, 3.2344e+00, 
 2DIAGNOSTIC,    11, -4.477990515375e-01, 5.748432621021e-05, 6.8818e+01, 3.1584e+00, 
 2DIAGNOSTIC,    12, -4.478202466933e-01, 4.918857796318e-05, 7.2057e+01, 3.2395e+00, 
 2DIAGNOSTIC,    13, -4.478429028642e-01, 4.125111706571e-05, 7.5257e+01, 3.1997e+00, 
 2DIAGNOSTIC,    14, -4.479603741465e-01, 3.793511750862e-05, 7.9284e+01, 4.0272e+00, 
 2DIAGNOSTIC,    15, -4.479707930924e-01, 3.357720937129e-05, 8.2495e+01, 3.2108e+00, 
 2DIAGNOSTIC,    16, -4.479834084022e-01, 2.870946579417e-05, 8.5702e+01, 3.2072e+00, 
 2DIAGNOSTIC,    17, -4.480333468602e-01, 2.790482391566e-05, 8.9746e+01, 4.0440e+00, 
 2DIAGNOSTIC,    18, -4.480581147222e-01, 2.806283298828e-05, 9.3414e+01, 3.6674e+00, 
 2DIAGNOSTIC,    19, -4.480589651355e-01, 2.588961591656e-05, 9.7483e+01, 4.0690e+00, 
 2DIAGNOSTIC,    20, -4.480627651880e-01, 2.252205920866e-05, 1.0113e+02, 3.6432e+00, 
 2DIAGNOSTIC,    21, -4.480665677833e-01, 1.833888469642e-05, 1.0471e+02, 3.5845e+00, 
 2DIAGNOSTIC,    22, -4.480675601620e-01, 1.360284992246e-05, 1.0874e+02, 4.0284e+00, 
 2DIAGNOSTIC,    23, -4.480677668408e-01, 8.674014264617e-06, 1.1237e+02, 3.6292e+00, 
 2DIAGNOSTIC,    24, -4.480682409338e-01, 6.607958007068e-06, 1.1562e+02, 3.2570e+00, 
 2DIAGNOSTIC,    25, -4.480671125442e-01, 4.461572778482e-06, 1.1923e+02, 3.6050e+00, 
 2DIAGNOSTIC,    26, -4.480675916183e-01, 2.471785747013e-06, 1.2331e+02, 4.0837e+00, 
 2DIAGNOSTIC,    27, -4.480675178209e-01, 1.667767717567e-06, 1.2690e+02, 3.5865e+00, 
 2DIAGNOSTIC,    28, -4.480675263780e-01, 1.438073017217e-06, 1.3012e+02, 3.2235e+00, 
 2DIAGNOSTIC,    29, -4.480677948946e-01, 1.219260601724e-06, 1.3381e+02, 3.6877e+00, 
 2DIAGNOSTIC,    30, -4.480684357256e-01, 1.095614479751e-06, 1.3704e+02, 3.2304e+00, 
 2DIAGNOSTIC,    31, -4.480686643320e-01, 1.058420566337e-06, 1.4025e+02, 3.2125e+00, 
 2DIAGNOSTIC,    32, -4.480699253311e-01, 1.064947120571e-06, 1.4344e+02, 3.1884e+00, 
 2DIAGNOSTIC,    33, -4.480711084959e-01, 1.090288737488e-06, 1.4664e+02, 3.1999e+00, 
 2DIAGNOSTIC,    34, -4.480727622458e-01, 1.142172623037e-06, 1.4980e+02, 3.1612e+00, 
 2DIAGNOSTIC,    35, -4.480761053381e-01, 1.210926508895e-06, 1.5297e+02, 3.1637e+00, 
 2DIAGNOSTIC,    36, -4.480799800441e-01, 1.322831491332e-06, 1.5840e+02, 5.4338e+00, 
 2DIAGNOSTIC,    37, -4.480799607488e-01, 1.384347456897e-06, 1.6204e+02, 3.6358e+00, 
 2DIAGNOSTIC,    38, -4.480798502817e-01, 1.392233736755e-06, 1.6526e+02, 3.2247e+00, 
 2DIAGNOSTIC,    39, -4.480801454366e-01, 1.356432741653e-06, 1.6842e+02, 3.1602e+00, 
 2DIAGNOSTIC,    40, -4.480808548248e-01, 1.291352290878e-06, 1.7209e+02, 3.6660e+00, 
 2DIAGNOSTIC,    41, -4.480811420796e-01, 1.188702296699e-06, 1.7869e+02, 6.6017e+00, 
 2DIAGNOSTIC,    42, -4.480812301961e-01, 1.072408953768e-06, 1.8966e+02, 1.0967e+01, 
  Elapsed time (stage 0): 1.9173e+02


Stage 1
  iterations = 1000x500x250x100
  convergence threshold = 1.0000e-06
  convergence window size = 10
  number of levels = 4
  using the Mattes MI metric (number of bins = 32, weight = 1.0000e+00, use gradient filter = 0)
  preprocessing:  winsorizing the image intensities
  Shrink factors (level 1 out of 4): [8, 8, 8]
  Shrink factors (level 2 out of 4): [4, 4, 4]
  Shrink factors (level 3 out of 4): [2, 2, 2]
  Shrink factors (level 4 out of 4): [1, 1, 1]
  smoothing sigmas per level: [3, 2, 1, 0]
  regular sampling (percentage = 2.5000e-01)

*** Running AffineTransform registration ***

DIAGNOSTIC,Iteration,metricValue,convergenceValue,ITERATION_TIME_INDEX,SINCE_LAST
 2DIAGNOSTIC,     1, -6.705344312110e-01, 1.797693134862e+308, 1.2724e+00, 1.2724e+00, 
 2DIAGNOSTIC,     2, -6.724348669337e-01, 1.797693134862e+308, 1.2803e+00, 7.8721e-03, 
 2DIAGNOSTIC,     3, -6.761027446631e-01, 1.797693134862e+308, 1.2879e+00, 7.6191e-03, 
 2DIAGNOSTIC,     4, -6.815929053692e-01, 1.797693134862e+308, 1.2956e+00, 7.7310e-03, 
 2DIAGNOSTIC,     5, -6.880255543075e-01, 1.797693134862e+308, 1.3032e+00, 7.5781e-03, 
 2DIAGNOSTIC,     6, -6.948871221058e-01, 1.797693134862e+308, 1.3109e+00, 7.7391e-03, 
 2DIAGNOSTIC,     7, -7.152338247620e-01, 1.797693134862e+308, 1.3206e+00, 9.7170e-03, 
 2DIAGNOSTIC,     8, -7.265039446639e-01, 1.797693134862e+308, 1.3318e+00, 1.1174e-02, 
 2DIAGNOSTIC,     9, -7.271188136353e-01, 1.797693134862e+308, 1.3410e+00, 9.1889e-03, 
 2DIAGNOSTIC,    10, -7.273114396158e-01, 6.386984372223e-03, 1.3503e+00, 9.2840e-03, 
 2DIAGNOSTIC,    11, -7.277091652437e-01, 5.655819743057e-03, 1.3595e+00, 9.2030e-03, 
 2DIAGNOSTIC,    12, -7.274029345035e-01, 4.587855627387e-03, 1.3697e+00, 1.0217e-02, 
 2DIAGNOSTIC,    13, -7.273740620573e-01, 3.382639638684e-03, 1.3800e+00, 1.0288e-02, 
 2DIAGNOSTIC,    14, -7.273987699423e-01, 2.212062909383e-03, 1.3902e+00, 1.0189e-02, 
 2DIAGNOSTIC,    15, -7.272662959993e-01, 1.175084312916e-03, 1.3994e+00, 9.2189e-03, 
 2DIAGNOSTIC,    16, -7.272676449769e-01, 3.246017687258e-04, 1.4086e+00, 9.2142e-03, 
 2DIAGNOSTIC,    17, -7.272709968978e-01, 1.876780826036e-05, 1.4196e+00, 1.0958e-02, 
DIAGNOSTIC,Iteration,metricValue,convergenceValue,ITERATION_TIME_INDEX,SINCE_LAST
 2DIAGNOSTIC,     1, -6.060843918344e-01, 1.797693134862e+308, 2.7688e+00, 1.3492e+00, 
 2DIAGNOSTIC,     2, -6.061525520877e-01, 1.797693134862e+308, 2.8484e+00, 7.9624e-02, 
 2DIAGNOSTIC,     3, -6.063303385939e-01, 1.797693134862e+308, 2.9355e+00, 8.7094e-02, 
 2DIAGNOSTIC,     4, -6.064327782876e-01, 1.797693134862e+308, 3.0221e+00, 8.6644e-02, 
 2DIAGNOSTIC,     5, -6.065306358216e-01, 1.797693134862e+308, 3.1306e+00, 1.0845e-01, 
 2DIAGNOSTIC,     6, -6.065526374693e-01, 1.797693134862e+308, 3.2190e+00, 8.8438e-02, 
 2DIAGNOSTIC,     7, -6.065429548786e-01, 1.797693134862e+308, 3.3092e+00, 9.0202e-02, 
 2DIAGNOSTIC,     8, -6.065278319005e-01, 1.797693134862e+308, 3.3974e+00, 8.8145e-02, 
 2DIAGNOSTIC,     9, -6.065302188142e-01, 1.797693134862e+308, 3.4856e+00, 8.8231e-02, 
 2DIAGNOSTIC,    10, -6.065579181073e-01, 4.991564429713e-05, 3.5739e+00, 8.8362e-02, 
 2DIAGNOSTIC,    11, -6.065270292414e-01, 3.010834523451e-05, 3.6619e+00, 8.7916e-02, 
 2DIAGNOSTIC,    12, -6.065309754605e-01, 1.394437890519e-05, 3.7499e+00, 8.8026e-02, 
 2DIAGNOSTIC,    13, -6.065358880147e-01, 5.792648636968e-06, 3.8277e+00, 7.7812e-02, 
 2DIAGNOSTIC,    14, -6.065731858617e-01, 3.066065746696e-06, 3.9161e+00, 8.8430e-02, 
 2DIAGNOSTIC,    15, -6.066774184094e-01, 6.872409382339e-06, 4.0045e+00, 8.8414e-02, 
 2DIAGNOSTIC,    16, -6.066143497379e-01, 8.508356923981e-06, 4.0929e+00, 8.8337e-02, 
 2DIAGNOSTIC,    17, -6.066038326255e-01, 8.921927130034e-06, 4.1809e+00, 8.8010e-02, 
 2DIAGNOSTIC,    18, -6.066636219374e-01, 9.820822228751e-06, 4.2694e+00, 8.8558e-02, 
 2DIAGNOSTIC,    19, -6.066571276457e-01, 9.654035422225e-06, 4.3683e+00, 9.8810e-02, 
 2DIAGNOSTIC,    20, -6.068505490911e-01, 1.394491274318e-05, 4.4488e+00, 8.0581e-02, 
 2DIAGNOSTIC,    21, -6.069729807391e-01, 1.864323764596e-05, 4.5293e+00, 8.0444e-02, 
 2DIAGNOSTIC,    22, -6.073334322571e-01, 2.909446746922e-05, 4.6107e+00, 8.1430e-02, 
 2DIAGNOSTIC,    23, -6.080687605776e-01, 5.097279107732e-05, 4.6920e+00, 8.1251e-02, 
 2DIAGNOSTIC,    24, -6.090694716694e-01, 8.624999922750e-05, 4.7738e+00, 8.1799e-02, 
 2DIAGNOSTIC,    25, -6.101143889221e-01, 1.319599167844e-04, 4.8700e+00, 9.6262e-02, 
 2DIAGNOSTIC,    26, -6.125868249301e-01, 2.050382844952e-04, 5.0030e+00, 1.3298e-01, 
 2DIAGNOSTIC,    27, -6.125960848232e-01, 2.525812735520e-04, 5.0838e+00, 8.0809e-02, 
 2DIAGNOSTIC,    28, -6.127314086729e-01, 2.768132059754e-04, 5.1644e+00, 8.0632e-02, 
 2DIAGNOSTIC,    29, -6.129082779812e-01, 2.763160846559e-04, 5.2445e+00, 8.0073e-02, 
 2DIAGNOSTIC,    30, -6.131303130600e-01, 2.559795450037e-04, 5.3293e+00, 8.4776e-02, 
 2DIAGNOSTIC,    31, -6.132624865553e-01, 2.161854754486e-04, 5.4137e+00, 8.4443e-02, 
 2DIAGNOSTIC,    32, -6.137483262947e-01, 1.708686862037e-04, 5.4960e+00, 8.2283e-02, 
 2DIAGNOSTIC,    33, -6.140109071753e-01, 1.265176166327e-04, 5.6074e+00, 1.1138e-01, 
 2DIAGNOSTIC,    34, -6.141581989641e-01, 8.859846107068e-05, 5.6900e+00, 8.2561e-02, 
 2DIAGNOSTIC,    35, -6.143720792408e-01, 6.044129247678e-05, 5.8008e+00, 1.1084e-01, 
 2DIAGNOSTIC,    36, -6.147325345259e-01, 6.492375380015e-05, 5.9022e+00, 1.0140e-01, 
 2DIAGNOSTIC,    37, -6.148018032000e-01, 6.389367451134e-05, 5.9913e+00, 8.9062e-02, 
 2DIAGNOSTIC,    38, -6.148135991226e-01, 5.870849403647e-05, 6.0803e+00, 8.9073e-02, 
 2DIAGNOSTIC,    39, -6.148177726017e-01, 5.050593755024e-05, 6.1600e+00, 7.9677e-02, 
 2DIAGNOSTIC,    40, -6.148411941577e-01, 4.086443690836e-05, 6.2500e+00, 8.9980e-02, 
 2DIAGNOSTIC,    41, -6.149053966755e-01, 2.992664508183e-05, 6.3295e+00, 7.9548e-02, 
 2DIAGNOSTIC,    42, -6.149870198274e-01, 2.295921808754e-05, 6.4138e+00, 8.4221e-02, 
 2DIAGNOSTIC,    43, -6.152290373904e-01, 1.969475090043e-05, 6.4949e+00, 8.1176e-02, 
 2DIAGNOSTIC,    44, -6.155743869123e-01, 1.992426009479e-05, 6.5782e+00, 8.3295e-02, 
 2DIAGNOSTIC,    45, -6.162463852837e-01, 2.731584337321e-05, 6.6712e+00, 9.2922e-02, 
 2DIAGNOSTIC,    46, -6.179626992666e-01, 5.271384009501e-05, 6.7966e+00, 1.2545e-01, 
 2DIAGNOSTIC,    47, -6.188585240876e-01, 8.122190275790e-05, 6.8774e+00, 8.0806e-02, 
 2DIAGNOSTIC,    48, -6.194337164301e-01, 1.065186626075e-04, 6.9610e+00, 8.3635e-02, 
 2DIAGNOSTIC,    49, -6.205423960555e-01, 1.313280752691e-04, 7.0748e+00, 1.1375e-01, 
 2DIAGNOSTIC,    50, -6.242154429651e-01, 1.767259589293e-04, 7.1559e+00, 8.1109e-02, 
 2DIAGNOSTIC,    51, -6.260018309406e-01, 2.192708274255e-04, 7.2371e+00, 8.1203e-02, 
 2DIAGNOSTIC,    52, -6.289370974867e-01, 2.660671164426e-04, 7.3293e+00, 9.2222e-02, 
 2DIAGNOSTIC,    53, -6.297411912862e-01, 2.948011912255e-04, 7.4230e+00, 9.3720e-02, 
 2DIAGNOSTIC,    54, -6.304748256524e-01, 3.036745496154e-04, 7.5194e+00, 9.6310e-02, 
 2DIAGNOSTIC,    55, -6.325935924401e-01, 3.060885650882e-04, 7.6240e+00, 1.0467e-01, 
 2DIAGNOSTIC,    56, -6.354154655775e-01, 3.158366807053e-04, 7.7070e+00, 8.3013e-02, 
 2DIAGNOSTIC,    57, -6.382323812995e-01, 3.247253365641e-04, 7.7894e+00, 8.2323e-02, 
 2DIAGNOSTIC,    58, -6.395932779506e-01, 3.176114537778e-04, 7.8820e+00, 9.2682e-02, 
 2DIAGNOSTIC,    59, -6.398640244403e-01, 2.909509727435e-04, 7.9752e+00, 9.3155e-02, 
 2DIAGNOSTIC,    60, -6.400277970162e-01, 2.668760575934e-04, 8.0676e+00, 9.2419e-02, 
 2DIAGNOSTIC,    61, -6.407212806375e-01, 2.359694437731e-04, 8.1592e+00, 9.1623e-02, 
 2DIAGNOSTIC,    62, -6.410362032763e-01, 2.072314145546e-04, 8.2509e+00, 9.1660e-02, 
 2DIAGNOSTIC,    63, -6.411025812064e-01, 1.660622470871e-04, 8.3413e+00, 9.0361e-02, 
 2DIAGNOSTIC,    64, -6.411834092150e-01, 1.163264792734e-04, 8.4326e+00, 9.1381e-02, 
 2DIAGNOSTIC,    65, -6.412121164789e-01, 7.205794384842e-05, 8.5145e+00, 8.1867e-02, 
 2DIAGNOSTIC,    66, -6.412058173331e-01, 4.143013062699e-05, 8.6146e+00, 1.0008e-01, 
 2DIAGNOSTIC,    67, -6.412437204654e-01, 2.714401569394e-05, 8.7054e+00, 9.0797e-02, 
 2DIAGNOSTIC,    68, -6.412215837447e-01, 1.979515625703e-05, 8.8056e+00, 1.0018e-01, 
 2DIAGNOSTIC,    69, -6.412113128762e-01, 1.259550853929e-05, 8.8968e+00, 9.1218e-02, 
 2DIAGNOSTIC,    70, -6.412076728549e-01, 5.392876954221e-06, 8.9872e+00, 9.0372e-02, 
 2DIAGNOSTIC,    71, -6.411906022326e-01, 2.251948734109e-06, 9.0681e+00, 8.0976e-02, 
DIAGNOSTIC,Iteration,metricValue,convergenceValue,ITERATION_TIME_INDEX,SINCE_LAST
 2DIAGNOSTIC,     1, -5.462231221363e-01, 1.797693134862e+308, 1.1085e+01, 2.0170e+00, 
 2DIAGNOSTIC,     2, -5.466432898776e-01, 1.797693134862e+308, 1.1730e+01, 6.4452e-01, 
 2DIAGNOSTIC,     3, -5.469888977137e-01, 1.797693134862e+308, 1.2380e+01, 6.4989e-01, 
 2DIAGNOSTIC,     4, -5.472034372473e-01, 1.797693134862e+308, 1.3021e+01, 6.4121e-01, 
 2DIAGNOSTIC,     5, -5.473925810159e-01, 1.797693134862e+308, 1.3667e+01, 6.4607e-01, 
 2DIAGNOSTIC,     6, -5.474619670343e-01, 1.797693134862e+308, 1.4394e+01, 7.2735e-01, 
 2DIAGNOSTIC,     7, -5.475382387271e-01, 1.797693134862e+308, 1.5557e+01, 1.1630e+00, 
 2DIAGNOSTIC,     8, -5.475401022578e-01, 1.797693134862e+308, 1.6289e+01, 7.3174e-01, 
 2DIAGNOSTIC,     9, -5.475339067930e-01, 1.797693134862e+308, 1.7018e+01, 7.2887e-01, 
 2DIAGNOSTIC,    10, -5.475354869129e-01, 1.405676286677e-04, 1.7920e+01, 9.0195e-01, 
 2DIAGNOSTIC,    11, -5.475355199832e-01, 8.236527010648e-05, 1.8933e+01, 1.0133e+00, 
 2DIAGNOSTIC,    12, -5.475349277875e-01, 4.464665909050e-05, 1.9580e+01, 6.4703e-01, 
 2DIAGNOSTIC,    13, -5.475325537491e-01, 2.253369192715e-05, 2.0310e+01, 7.3000e-01, 
 2DIAGNOSTIC,    14, -5.475332477228e-01, 9.621966823400e-06, 2.1036e+01, 7.2606e-01, 
 2DIAGNOSTIC,    15, -5.475299219679e-01, 4.156261238980e-06, 2.1794e+01, 7.5796e-01, 
 2DIAGNOSTIC,    16, -5.475306856784e-01, 1.392510747489e-06, 2.2631e+01, 8.3706e-01, 
 2DIAGNOSTIC,    17, -5.475300579369e-01, 1.315332877380e-06, 2.3297e+01, 6.6625e-01, 
 2DIAGNOSTIC,    18, -5.475286528703e-01, 1.317422692278e-06, 2.3987e+01, 6.8911e-01, 
 2DIAGNOSTIC,    19, -5.475286919884e-01, 1.192790353495e-06, 2.4811e+01, 8.2478e-01, 
 2DIAGNOSTIC,    20, -5.475280682542e-01, 1.149601811093e-06, 2.5643e+01, 8.3160e-01, 
 2DIAGNOSTIC,    21, -5.475282484869e-01, 1.156844334986e-06, 2.6374e+01, 7.3127e-01, 
 2DIAGNOSTIC,    22, -5.475273960124e-01, 1.163338207551e-06, 2.7103e+01, 7.2836e-01, 
 2DIAGNOSTIC,    23, -5.475265210100e-01, 1.122277515170e-06, 2.7767e+01, 6.6409e-01, 
 2DIAGNOSTIC,    24, -5.475257529303e-01, 1.110088044376e-06, 2.8421e+01, 6.5438e-01, 
 2DIAGNOSTIC,    25, -5.475251543341e-01, 1.036684833720e-06, 2.9081e+01, 6.5969e-01, 
 2DIAGNOSTIC,    26, -5.475258560493e-01, 1.020345082627e-06, 2.9849e+01, 7.6857e-01, 
 2DIAGNOSTIC,    27, -5.475253206633e-01, 1.002157205901e-06, 3.0528e+01, 6.7902e-01, 
DIAGNOSTIC,Iteration,metricValue,convergenceValue,ITERATION_TIME_INDEX,SINCE_LAST
 2DIAGNOSTIC,     1, -4.806288995498e-01, 1.797693134862e+308, 3.5568e+01, 5.0399e+00, 
 2DIAGNOSTIC,     2, -4.807836069128e-01, 1.797693134862e+308, 3.9648e+01, 4.0801e+00, 
 2DIAGNOSTIC,     3, -4.809601365296e-01, 1.797693134862e+308, 4.3755e+01, 4.1067e+00, 
 2DIAGNOSTIC,     4, -4.811491224375e-01, 1.797693134862e+308, 4.7849e+01, 4.0941e+00, 
 2DIAGNOSTIC,     5, -4.815130023724e-01, 1.797693134862e+308, 5.2881e+01, 5.0320e+00, 
 2DIAGNOSTIC,     6, -4.816001900687e-01, 1.797693134862e+308, 5.9391e+01, 6.5098e+00, 
 2DIAGNOSTIC,     7, -4.815999713272e-01, 1.797693134862e+308, 6.3933e+01, 4.5420e+00, 
 2DIAGNOSTIC,     8, -4.816007414327e-01, 1.797693134862e+308, 6.9532e+01, 5.5996e+00, 
 2DIAGNOSTIC,     9, -4.816009850869e-01, 1.797693134862e+308, 7.4048e+01, 4.5158e+00, 
 2DIAGNOSTIC,    10, -4.816007078747e-01, 1.425707163073e-04, 7.8601e+01, 4.5522e+00, 
 2DIAGNOSTIC,    11, -4.816004950532e-01, 9.600941441602e-05, 8.3188e+01, 4.5871e+00, 
 2DIAGNOSTIC,    12, -4.816002083710e-01, 5.660086390613e-05, 8.7294e+01, 4.1067e+00, 
 2DIAGNOSTIC,    13, -4.816003217192e-01, 2.642685054025e-05, 9.1817e+01, 4.5227e+00, 
 2DIAGNOSTIC,    14, -4.816006113238e-01, 5.972804672835e-06, 9.6337e+01, 4.5194e+00, 
 2DIAGNOSTIC,    15, -4.816005310326e-01, 2.129703193313e-06, 1.0137e+02, 5.0348e+00, 
 2DIAGNOSTIC,    16, -4.816003566190e-01, 1.978238123063e-06, 1.0545e+02, 4.0830e+00, 
 2DIAGNOSTIC,    17, -4.816001869753e-01, 1.831754564356e-06, 1.1097e+02, 5.5114e+00, 
 2DIAGNOSTIC,    18, -4.816001941981e-01, 1.730281764194e-06, 1.1555e+02, 4.5825e+00, 
 2DIAGNOSTIC,    19, -4.816000944290e-01, 1.647151358752e-06, 1.2015e+02, 4.5984e+00, 
 2DIAGNOSTIC,    20, -4.815999932178e-01, 1.563896676715e-06, 1.2472e+02, 4.5734e+00, 
 2DIAGNOSTIC,    21, -4.815995803384e-01, 1.474071242555e-06, 1.2877e+02, 4.0477e+00, 
 2DIAGNOSTIC,    22, -4.815995866110e-01, 1.389035735336e-06, 1.3282e+02, 4.0510e+00, 
 2DIAGNOSTIC,    23, -4.815993853429e-01, 1.314036221015e-06, 1.3695e+02, 4.1287e+00, 
 2DIAGNOSTIC,    24, -4.815991886260e-01, 1.254040828992e-06, 1.4150e+02, 4.5527e+00, 
 2DIAGNOSTIC,    25, -4.815991017652e-01, 1.201869897653e-06, 1.4659e+02, 5.0941e+00, 
 2DIAGNOSTIC,    26, -4.815990030007e-01, 1.154343494278e-06, 1.5112e+02, 4.5226e+00, 
 2DIAGNOSTIC,    27, -4.815990001021e-01, 1.113053462953e-06, 1.6388e+02, 1.2759e+01, 
 2DIAGNOSTIC,    28, -4.815990001021e-01, 1.080956415114e-06, 1.7130e+02, 7.4263e+00, 
 2DIAGNOSTIC,    29, -4.815990001021e-01, 1.054286949922e-06, 1.7592e+02, 4.6197e+00, 
 2DIAGNOSTIC,    30, -4.815990001021e-01, 1.031674584206e-06, 1.8149e+02, 5.5716e+00, 
 2DIAGNOSTIC,    31, -4.815990001021e-01, 1.005320335028e-06, 1.8605e+02, 4.5520e+00, 
  Elapsed time (stage 1): 1.8873e+02


Stage 2
  iterations = 100x70x50x20
  convergence threshold = 1.0000e-06
  convergence window size = 10
  number of levels = 4
  using the CC metric (radius = 4, weight = 1.0000e+00, use gradient filter = 0)
  preprocessing:  winsorizing the image intensities
  Shrink factors (level 1 out of 4): [8, 8, 8]
  Shrink factors (level 2 out of 4): [4, 4, 4]
  Shrink factors (level 3 out of 4): [2, 2, 2]
  Shrink factors (level 4 out of 4): [1, 1, 1]
  smoothing sigmas per level: [3, 2, 1, 0]
  Using default NONE metricSamplingStrategy 

*** Running SyN registration (varianceForUpdateField = 3.0000e+00, varianceForTotalField = 0.0000e+00) ***

XXDIAGNOSTIC,Iteration,metricValue,convergenceValue,ITERATION_TIME_INDEX,SINCE_LAST
 1DIAGNOSTIC,     1, -8.507938037188e-01, 1.797693134862e+308, 1.8491e+00, 1.8491e+00, 
 1DIAGNOSTIC,     2, -8.600176424213e-01, 1.797693134862e+308, 2.4889e+00, 6.3976e-01, 
 1DIAGNOSTIC,     3, -8.675437010540e-01, 1.797693134862e+308, 3.1328e+00, 6.4389e-01, 
 1DIAGNOSTIC,     4, -8.735500688206e-01, 1.797693134862e+308, 3.7699e+00, 6.3713e-01, 
 1DIAGNOSTIC,     5, -8.771546092733e-01, 1.797693134862e+308, 4.3916e+00, 6.2167e-01, 
 1DIAGNOSTIC,     6, -8.801309234084e-01, 1.797693134862e+308, 5.0424e+00, 6.5079e-01, 
 1DIAGNOSTIC,     7, -8.822870104110e-01, 1.797693134862e+308, 5.6817e+00, 6.3934e-01, 
 1DIAGNOSTIC,     8, -8.840638659494e-01, 1.797693134862e+308, 6.3297e+00, 6.4799e-01, 
 1DIAGNOSTIC,     9, -8.855453917629e-01, 1.797693134862e+308, 6.9732e+00, 6.4355e-01, 
 1DIAGNOSTIC,    10, -8.867202433920e-01, 2.420299002385e-03, 7.6103e+00, 6.3707e-01, 
 1DIAGNOSTIC,    11, -8.877434362131e-01, 1.668903046148e-03, 8.2331e+00, 6.2276e-01, 
 1DIAGNOSTIC,    12, -8.886062278520e-01, 1.163885607404e-03, 8.8548e+00, 6.2175e-01, 
 1DIAGNOSTIC,    13, -8.893142847810e-01, 8.348546889645e-04, 9.4770e+00, 6.2221e-01, 
 1DIAGNOSTIC,    14, -8.900532977127e-01, 6.322237914711e-04, 1.0113e+01, 6.3556e-01, 
 1DIAGNOSTIC,    15, -8.906133236860e-01, 4.879099261342e-04, 1.0750e+01, 6.3762e-01, 
 1DIAGNOSTIC,    16, -8.912236752201e-01, 3.889510679512e-04, 1.1370e+01, 6.2019e-01, 
 1DIAGNOSTIC,    17, -8.916659800031e-01, 3.148346920218e-04, 1.1993e+01, 6.2306e-01, 
 1DIAGNOSTIC,    18, -8.921427397043e-01, 2.600498141642e-04, 1.2613e+01, 6.2004e-01, 
 1DIAGNOSTIC,    19, -8.924966814576e-01, 2.179095291007e-04, 1.3234e+01, 6.2006e-01, 
 1DIAGNOSTIC,    20, -8.929395564727e-01, 1.856811017439e-04, 1.3856e+01, 6.2220e-01, 
 1DIAGNOSTIC,    21, -8.933321849855e-01, 1.608201278237e-04, 1.4496e+01, 6.3984e-01, 
 1DIAGNOSTIC,    22, -8.935816146180e-01, 1.394327467485e-04, 1.5125e+01, 6.2903e-01, 
 1DIAGNOSTIC,    23, -8.939420142270e-01, 1.218034197877e-04, 1.5757e+01, 6.3234e-01, 
 1DIAGNOSTIC,    24, -8.942746981374e-01, 1.085645050602e-04, 1.6385e+01, 6.2802e-01, 
 1DIAGNOSTIC,    25, -8.944630515692e-01, 9.574175341542e-05, 1.7012e+01, 6.2696e-01, 
 1DIAGNOSTIC,    26, -8.947775429231e-01, 8.638017079975e-05, 1.7653e+01, 6.4066e-01, 
 1DIAGNOSTIC,    27, -8.950478856473e-01, 7.804594903327e-05, 1.8290e+01, 6.3702e-01, 
 1DIAGNOSTIC,    28, -8.952067819237e-01, 7.026163798822e-05, 1.8927e+01, 6.3705e-01, 
 1DIAGNOSTIC,    29, -8.954968297590e-01, 6.352867303916e-05, 1.9549e+01, 6.2226e-01, 
 1DIAGNOSTIC,    30, -8.957671542899e-01, 5.886191378656e-05, 2.0182e+01, 6.3349e-01, 
 1DIAGNOSTIC,    31, -8.960274205092e-01, 5.571579196229e-05, 2.0819e+01, 6.3650e-01, 
 1DIAGNOSTIC,    32, -8.961426834221e-01, 5.114825402190e-05, 2.1464e+01, 6.4491e-01, 
 1DIAGNOSTIC,    33, -8.962581257948e-01, 4.669654637600e-05, 2.2085e+01, 6.2107e-01, 
 1DIAGNOSTIC,    34, -8.963677839035e-01, 4.232127662263e-05, 2.2707e+01, 6.2245e-01, 
 1DIAGNOSTIC,    35, -8.964789409842e-01, 3.691797088361e-05, 2.3330e+01, 6.2248e-01, 
 1DIAGNOSTIC,    36, -8.965882230526e-01, 3.209958430170e-05, 2.3976e+01, 6.4644e-01, 
 1DIAGNOSTIC,    37, -8.966972517273e-01, 2.785421624923e-05, 2.4606e+01, 6.3013e-01, 
 1DIAGNOSTIC,    38, -8.968048986461e-01, 2.347741182488e-05, 2.5239e+01, 6.3253e-01, 
 1DIAGNOSTIC,    39, -8.969088098103e-01, 2.035557865425e-05, 2.5883e+01, 6.4370e-01, 
 1DIAGNOSTIC,    40, -8.970085120903e-01, 1.843138819118e-05, 2.6505e+01, 6.2198e-01, 
 1DIAGNOSTIC,    41, -8.971028580330e-01, 1.766325314954e-05, 2.7127e+01, 6.2226e-01, 
 1DIAGNOSTIC,    42, -8.972507185957e-01, 1.730197988937e-05, 2.7767e+01, 6.4016e-01, 
 1DIAGNOSTIC,    43, -8.973344742637e-01, 1.682716601222e-05, 2.8406e+01, 6.3873e-01, 
 1DIAGNOSTIC,    44, -8.974135348010e-01, 1.619461521438e-05, 2.9044e+01, 6.3815e-01, 
 1DIAGNOSTIC,    45, -8.974877216796e-01, 1.541721562707e-05, 2.9678e+01, 6.3440e-01, 
 1DIAGNOSTIC,    46, -8.975582209548e-01, 1.449772649182e-05, 3.0315e+01, 6.3660e-01, 
 1DIAGNOSTIC,    47, -8.976273755855e-01, 1.348505773486e-05, 3.0938e+01, 6.2271e-01, 
 1DIAGNOSTIC,    48, -8.976936888688e-01, 1.242940060197e-05, 3.1587e+01, 6.4935e-01, 
 1DIAGNOSTIC,    49, -8.977576783795e-01, 1.137624919772e-05, 3.2210e+01, 6.2253e-01, 
 1DIAGNOSTIC,    50, -8.978188876670e-01, 1.035651588236e-05, 3.2832e+01, 6.2213e-01, 
 1DIAGNOSTIC,    51, -8.978773342595e-01, 9.378887739966e-06, 3.3471e+01, 6.3924e-01, 
 1DIAGNOSTIC,    52, -8.979322527460e-01, 8.832447040835e-06, 3.4111e+01, 6.4033e-01, 
 1DIAGNOSTIC,    53, -8.979838872325e-01, 8.322726215336e-06, 3.4735e+01, 6.2414e-01, 
 1DIAGNOSTIC,    54, -8.980311959640e-01, 7.828048575357e-06, 3.5390e+01, 6.5497e-01, 
 1DIAGNOSTIC,    55, -8.980759845139e-01, 7.338112047887e-06, 3.6040e+01, 6.4945e-01, 
 1DIAGNOSTIC,    56, -8.981173755919e-01, 6.845642538920e-06, 3.6662e+01, 6.2254e-01, 
 1DIAGNOSTIC,    57, -8.981563734958e-01, 6.364999594975e-06, 3.7284e+01, 6.2161e-01, 
 1DIAGNOSTIC,    58, -8.981930140210e-01, 5.901903945140e-06, 3.7920e+01, 6.3636e-01, 
 1DIAGNOSTIC,    59, -8.982274723393e-01, 5.465384302537e-06, 3.8555e+01, 6.3427e-01, 
 1DIAGNOSTIC,    60, -8.982598813033e-01, 5.061017421180e-06, 3.9177e+01, 6.2224e-01, 
 1DIAGNOSTIC,    61, -8.982903848157e-01, 4.693228231687e-06, 3.9816e+01, 6.3888e-01, 
 1DIAGNOSTIC,    62, -8.983195340501e-01, 4.362799420711e-06, 4.0448e+01, 6.3277e-01, 
 1DIAGNOSTIC,    63, -8.983468017132e-01, 4.066688657441e-06, 4.1095e+01, 6.4683e-01, 
 1DIAGNOSTIC,    64, -8.983723144853e-01, 3.795076782082e-06, 4.1717e+01, 6.2135e-01, 
 1DIAGNOSTIC,    65, -8.983717457434e-01, 3.427128861581e-06, 4.2358e+01, 6.4169e-01, 
 1DIAGNOSTIC,    66, -8.983931009231e-01, 3.089993749397e-06, 4.3011e+01, 6.5221e-01, 
 1DIAGNOSTIC,    67, -8.984121779111e-01, 2.783139277526e-06, 4.3683e+01, 6.7222e-01, 
 1DIAGNOSTIC,    68, -8.984285951087e-01, 2.506618886903e-06, 4.4305e+01, 6.2259e-01, 
 1DIAGNOSTIC,    69, -8.984426604459e-01, 2.263432206839e-06, 4.4941e+01, 6.3552e-01, 
 1DIAGNOSTIC,    70, -8.984651527072e-01, 2.102740892167e-06, 4.5563e+01, 6.2265e-01, 
 1DIAGNOSTIC,    71, -8.984756900556e-01, 1.968633691446e-06, 4.6185e+01, 6.2147e-01, 
 1DIAGNOSTIC,    72, -8.984849123991e-01, 1.858164472127e-06, 4.6807e+01, 6.2213e-01, 
 1DIAGNOSTIC,    73, -8.984929977308e-01, 1.766015841986e-06, 4.7442e+01, 6.3480e-01, 
 1DIAGNOSTIC,    74, -8.985001036226e-01, 1.689609091927e-06, 4.8074e+01, 6.3205e-01, 
 1DIAGNOSTIC,    75, -8.985064260814e-01, 1.516032853031e-06, 4.8701e+01, 6.2731e-01, 
 1DIAGNOSTIC,    76, -8.985116823814e-01, 1.351698816952e-06, 4.9331e+01, 6.2943e-01, 
 1DIAGNOSTIC,    77, -8.985160942621e-01, 1.198354564729e-06, 4.9962e+01, 6.3171e-01, 
 1DIAGNOSTIC,    78, -8.985198328702e-01, 1.055086340775e-06, 5.0591e+01, 6.2896e-01, 
 1DIAGNOSTIC,    79, -8.985228950836e-01, 9.200835554366e-07, 5.1236e+01, 6.4487e-01, 
XXDIAGNOSTIC,Iteration,metricValue,convergenceValue,ITERATION_TIME_INDEX,SINCE_LAST
 1DIAGNOSTIC,     1, -8.154068035600e-01, 1.797693134862e+308, 5.7668e+01, 6.4319e+00, 
 1DIAGNOSTIC,     2, -8.192426756282e-01, 1.797693134862e+308, 6.2732e+01, 5.0638e+00, 
 1DIAGNOSTIC,     3, -8.227875296198e-01, 1.797693134862e+308, 6.7883e+01, 5.1513e+00, 
 1DIAGNOSTIC,     4, -8.259052908916e-01, 1.797693134862e+308, 7.3027e+01, 5.1437e+00, 
 1DIAGNOSTIC,     5, -8.284691553302e-01, 1.797693134862e+308, 7.8147e+01, 5.1198e+00, 
 1DIAGNOSTIC,     6, -8.306698859573e-01, 1.797693134862e+308, 8.3315e+01, 5.1684e+00, 
 1DIAGNOSTIC,     7, -8.325788105450e-01, 1.797693134862e+308, 8.8447e+01, 5.1316e+00, 
 1DIAGNOSTIC,     8, -8.342360066288e-01, 1.797693134862e+308, 9.3515e+01, 5.0680e+00, 
 1DIAGNOSTIC,     9, -8.356686481098e-01, 1.797693134862e+308, 9.8690e+01, 5.1750e+00, 
 1DIAGNOSTIC,    10, -8.369426429007e-01, 1.629906687296e-03, 1.0386e+02, 5.1715e+00, 
 1DIAGNOSTIC,    11, -8.381290533239e-01, 1.284173284656e-03, 1.0898e+02, 5.1183e+00, 
 1DIAGNOSTIC,    12, -8.391528858154e-01, 1.018618888113e-03, 1.1414e+02, 5.1581e+00, 
 1DIAGNOSTIC,    13, -8.400978593769e-01, 8.192746252920e-04, 1.1926e+02, 5.1224e+00, 
 1DIAGNOSTIC,    14, -8.409803795444e-01, 6.710713009490e-04, 1.2442e+02, 5.1648e+00, 
 1DIAGNOSTIC,    15, -8.417695023476e-01, 5.571990031060e-04, 1.2957e+02, 5.1495e+00, 
 1DIAGNOSTIC,    16, -8.424959486201e-01, 4.684852617690e-04, 1.3470e+02, 5.1268e+00, 
 1DIAGNOSTIC,    17, -8.431569800776e-01, 3.983107938348e-04, 1.3982e+02, 5.1165e+00, 
 1DIAGNOSTIC,    18, -8.437655585726e-01, 3.417999343240e-04, 1.4496e+02, 5.1420e+00, 
 1DIAGNOSTIC,    19, -8.443420700165e-01, 2.953787801826e-04, 1.5005e+02, 5.0902e+00, 
 1DIAGNOSTIC,    20, -8.448923714143e-01, 2.570061975356e-04, 1.5519e+02, 5.1427e+00, 
 1DIAGNOSTIC,    21, -8.453916301126e-01, 2.255222265603e-04, 1.6027e+02, 5.0821e+00, 
 1DIAGNOSTIC,    22, -8.458618382026e-01, 1.988342810481e-04, 1.6541e+02, 5.1303e+00, 
 1DIAGNOSTIC,    23, -8.462868980113e-01, 1.760160814643e-04, 1.7051e+02, 5.1028e+00, 
 1DIAGNOSTIC,    24, -8.467220186235e-01, 1.571824095850e-04, 1.7565e+02, 5.1462e+00, 
 1DIAGNOSTIC,    25, -8.471207326366e-01, 1.411546283416e-04, 1.8073e+02, 5.0755e+00, 
 1DIAGNOSTIC,    26, -8.474979900002e-01, 1.274461848732e-04, 1.8583e+02, 5.1013e+00, 
 1DIAGNOSTIC,    27, -8.478648496779e-01, 1.156421762792e-04, 1.9089e+02, 5.0633e+00, 
 1DIAGNOSTIC,    28, -8.482049561923e-01, 1.052413304571e-04, 1.9601e+02, 5.1184e+00, 
 1DIAGNOSTIC,    29, -8.485430295090e-01, 9.628739029679e-05, 2.0112e+02, 5.1077e+00, 
 1DIAGNOSTIC,    30, -8.488566446309e-01, 8.856855940757e-05, 2.0622e+02, 5.0978e+00, 
 1DIAGNOSTIC,    31, -8.491525901271e-01, 8.165046554130e-05, 2.1145e+02, 5.2287e+00, 
 1DIAGNOSTIC,    32, -8.494035010536e-01, 7.506992976562e-05, 2.1654e+02, 5.0957e+00, 
 1DIAGNOSTIC,    33, -8.496566525848e-01, 6.873644057531e-05, 2.2161e+02, 5.0662e+00, 
 1DIAGNOSTIC,    34, -8.499203868731e-01, 6.321568141577e-05, 2.2668e+02, 5.0728e+00, 
 1DIAGNOSTIC,    35, -8.501778359741e-01, 5.835065588861e-05, 2.3182e+02, 5.1402e+00, 
 1DIAGNOSTIC,    36, -8.504130497608e-01, 5.397289186644e-05, 2.3694e+02, 5.1208e+00, 
 1DIAGNOSTIC,    37, -8.506386006205e-01, 5.013724097824e-05, 2.4210e+02, 5.1558e+00, 
 1DIAGNOSTIC,    38, -8.508586753077e-01, 4.673412282256e-05, 2.4723e+02, 5.1350e+00, 
 1DIAGNOSTIC,    39, -8.510779363408e-01, 4.389613128917e-05, 2.5233e+02, 5.0930e+00, 
 1DIAGNOSTIC,    40, -8.512886114352e-01, 4.145625853064e-05, 2.5744e+02, 5.1097e+00, 
 1DIAGNOSTIC,    41, -8.514775681965e-01, 3.920489963824e-05, 2.6250e+02, 5.0632e+00, 
 1DIAGNOSTIC,    42, -8.516727959388e-01, 3.694029184305e-05, 2.6762e+02, 5.1201e+00, 
 1DIAGNOSTIC,    43, -8.518552591965e-01, 3.469770161013e-05, 2.7275e+02, 5.1295e+00, 
 1DIAGNOSTIC,    44, -8.520292319292e-01, 3.262231430344e-05, 2.7787e+02, 5.1259e+00, 
 1DIAGNOSTIC,    45, -8.521917672236e-01, 3.069874519911e-05, 2.8301e+02, 5.1368e+00, 
 1DIAGNOSTIC,    46, -8.523446210542e-01, 2.880139879374e-05, 2.8810e+02, 5.0867e+00, 
 1DIAGNOSTIC,    47, -8.525170542412e-01, 2.711695813561e-05, 2.9328e+02, 5.1809e+00, 
 1DIAGNOSTIC,    48, -8.526682808770e-01, 2.553919295219e-05, 2.9840e+02, 5.1245e+00, 
 1DIAGNOSTIC,    49, -8.528105985324e-01, 2.409806144982e-05, 3.0354e+02, 5.1388e+00, 
 1DIAGNOSTIC,    50, -8.529593525291e-01, 2.286565848682e-05, 3.0866e+02, 5.1166e+00, 
 1DIAGNOSTIC,    51, -8.531075533104e-01, 2.174758141237e-05, 3.1381e+02, 5.1531e+00, 
 1DIAGNOSTIC,    52, -8.532378553064e-01, 2.072448931198e-05, 3.1893e+02, 5.1183e+00, 
 1DIAGNOSTIC,    53, -8.533705713442e-01, 1.978841373973e-05, 3.2406e+02, 5.1281e+00, 
 1DIAGNOSTIC,    54, -8.534972125288e-01, 1.889841392261e-05, 3.2918e+02, 5.1194e+00, 
 1DIAGNOSTIC,    55, -8.536241899440e-01, 1.803400275321e-05, 3.3429e+02, 5.1132e+00, 
 1DIAGNOSTIC,    56, -8.537474541738e-01, 1.715731363097e-05, 3.3939e+02, 5.0960e+00, 
 1DIAGNOSTIC,    57, -8.538836340871e-01, 1.651907224528e-05, 3.4453e+02, 5.1383e+00, 
 1DIAGNOSTIC,    58, -8.540044926827e-01, 1.592699756667e-05, 3.4959e+02, 5.0667e+00, 
 1DIAGNOSTIC,    59, -8.541322859711e-01, 1.539754489937e-05, 3.5470e+02, 5.1116e+00, 
 1DIAGNOSTIC,    60, -8.542628019037e-01, 1.500186787422e-05, 3.5987e+02, 5.1684e+00, 
 1DIAGNOSTIC,    61, -8.543792667696e-01, 1.466717339755e-05, 3.6499e+02, 5.1149e+00, 
 1DIAGNOSTIC,    62, -8.544914133571e-01, 1.427982352333e-05, 3.7009e+02, 5.1046e+00, 
 1DIAGNOSTIC,    63, -8.545969846046e-01, 1.383605367270e-05, 3.7519e+02, 5.1015e+00, 
 1DIAGNOSTIC,    64, -8.547097165231e-01, 1.336488565282e-05, 3.8033e+02, 5.1358e+00, 
 1DIAGNOSTIC,    65, -8.548042572219e-01, 1.279783965165e-05, 3.8544e+02, 5.1132e+00, 
 1DIAGNOSTIC,    66, -8.549160797100e-01, 1.224449056900e-05, 3.9058e+02, 5.1429e+00, 
 1DIAGNOSTIC,    67, -8.550212179553e-01, 1.177050550382e-05, 3.9571e+02, 5.1244e+00, 
 1DIAGNOSTIC,    68, -8.551311869110e-01, 1.134750563733e-05, 4.0082e+02, 5.1144e+00, 
 1DIAGNOSTIC,    69, -8.552331386182e-01, 1.099054394761e-05, 4.0589e+02, 5.0620e+00, 
 1DIAGNOSTIC,    70, -8.553363110383e-01, 1.073712748443e-05, 4.1098e+02, 5.0943e+00, 
XXDIAGNOSTIC,Iteration,metricValue,convergenceValue,ITERATION_TIME_INDEX,SINCE_LAST
 1DIAGNOSTIC,     1, -8.204637600977e-01, 1.797693134862e+308, 4.5343e+02, 4.2450e+01, 
 1DIAGNOSTIC,     2, -8.239927091959e-01, 1.797693134862e+308, 4.9383e+02, 4.0396e+01, 
 1DIAGNOSTIC,     3, -8.271442486290e-01, 1.797693134862e+308, 5.3408e+02, 4.0251e+01, 
 1DIAGNOSTIC,     4, -8.303052164227e-01, 1.797693134862e+308, 5.7455e+02, 4.0474e+01, 
 1DIAGNOSTIC,     5, -8.335429596482e-01, 1.797693134862e+308, 6.1511e+02, 4.0561e+01, 
 1DIAGNOSTIC,     6, -8.364090592464e-01, 1.797693134862e+308, 6.5524e+02, 4.0128e+01, 
 1DIAGNOSTIC,     7, -8.386772866747e-01, 1.797693134862e+308, 6.9580e+02, 4.0563e+01, 
 1DIAGNOSTIC,     8, -8.408735537500e-01, 1.797693134862e+308, 7.3647e+02, 4.0669e+01, 
 1DIAGNOSTIC,     9, -8.427684739889e-01, 1.797693134862e+308, 7.7725e+02, 4.0780e+01, 
 1DIAGNOSTIC,    10, -8.443717080338e-01, 1.855030802923e-03, 8.1780e+02, 4.0552e+01, 
 1DIAGNOSTIC,    11, -8.458851996811e-01, 1.534358081808e-03, 8.5840e+02, 4.0602e+01, 
 1DIAGNOSTIC,    12, -8.473218401707e-01, 1.269711518770e-03, 8.9894e+02, 4.0532e+01, 
 1DIAGNOSTIC,    13, -8.486847056238e-01, 1.048392234103e-03, 9.3967e+02, 4.0737e+01, 
 1DIAGNOSTIC,    14, -8.499292422093e-01, 8.692896819094e-04, 9.8041e+02, 4.0737e+01, 
 1DIAGNOSTIC,    15, -8.510831822809e-01, 7.332248718610e-04, 1.0208e+03, 4.0417e+01, 
 1DIAGNOSTIC,    16, -8.521464054320e-01, 6.296545178945e-04, 1.0613e+03, 4.0481e+01, 
 1DIAGNOSTIC,    17, -8.531393403794e-01, 5.446500315613e-04, 1.1020e+03, 4.0714e+01, 
 1DIAGNOSTIC,    18, -8.540519432841e-01, 4.767045603933e-04, 1.1428e+03, 4.0816e+01, 
 1DIAGNOSTIC,    19, -8.549215981060e-01, 4.205807204346e-04, 1.1839e+03, 4.1045e+01, 
 1DIAGNOSTIC,    20, -8.557035544489e-01, 3.709685532612e-04, 1.2245e+03, 4.0605e+01, 
 1DIAGNOSTIC,    21, -8.564182568982e-01, 3.270777520835e-04, 1.2653e+03, 4.0833e+01, 
 1DIAGNOSTIC,    22, -8.570681236180e-01, 2.883932327928e-04, 1.3061e+03, 4.0736e+01, 
 1DIAGNOSTIC,    23, -8.576853331565e-01, 2.549103116349e-04, 1.3469e+03, 4.0803e+01, 
 1DIAGNOSTIC,    24, -8.582621342764e-01, 2.257025622587e-04, 1.3875e+03, 4.0593e+01, 
 1DIAGNOSTIC,    25, -8.588067621238e-01, 2.003575644237e-04, 1.4282e+03, 4.0751e+01, 
 1DIAGNOSTIC,    26, -8.593101385293e-01, 1.782660202127e-04, 1.4689e+03, 4.0727e+01, 
 1DIAGNOSTIC,    27, -8.597919107246e-01, 1.592874144953e-04, 1.5095e+03, 4.0559e+01, 
 1DIAGNOSTIC,    28, -8.602328742366e-01, 1.427856032224e-04, 1.5503e+03, 4.0764e+01, 
 1DIAGNOSTIC,    29, -8.606579813403e-01, 1.288548414976e-04, 1.5910e+03, 4.0711e+01, 
 1DIAGNOSTIC,    30, -8.610443752638e-01, 1.166789704320e-04, 1.6318e+03, 4.0797e+01, 
 1DIAGNOSTIC,    31, -8.614249757537e-01, 1.060574327786e-04, 1.6724e+03, 4.0642e+01, 
 1DIAGNOSTIC,    32, -8.617688014431e-01, 9.642432763139e-05, 1.7131e+03, 4.0696e+01, 
 1DIAGNOSTIC,    33, -8.621066153293e-01, 8.790400345112e-05, 1.7537e+03, 4.0640e+01, 
 1DIAGNOSTIC,    34, -8.624249135454e-01, 8.033745559183e-05, 1.7945e+03, 4.0746e+01, 
 1DIAGNOSTIC,    35, -8.627392447856e-01, 7.377458066775e-05, 1.8354e+03, 4.0893e+01, 
 1DIAGNOSTIC,    36, -8.630268223751e-01, 6.790218603310e-05, 1.8760e+03, 4.0636e+01, 
 1DIAGNOSTIC,    37, -8.633113132272e-01, 6.281429259004e-05, 1.9168e+03, 4.0751e+01, 
 1DIAGNOSTIC,    38, -8.635808453082e-01, 5.826447109225e-05, 1.9577e+03, 4.0934e+01, 
 1DIAGNOSTIC,    39, -8.638437994240e-01, 5.429905656522e-05, 1.9985e+03, 4.0821e+01, 
 1DIAGNOSTIC,    40, -8.640931222020e-01, 5.066912947435e-05, 2.0394e+03, 4.0852e+01, 
 1DIAGNOSTIC,    41, -8.643313389088e-01, 4.743715506350e-05, 2.0803e+03, 4.0922e+01, 
 1DIAGNOSTIC,    42, -8.645528974301e-01, 4.434004798321e-05, 2.1212e+03, 4.0867e+01, 
 1DIAGNOSTIC,    43, -8.647721718601e-01, 4.149417298028e-05, 2.1617e+03, 4.0529e+01, 
 1DIAGNOSTIC,    44, -8.649842560921e-01, 3.884929488829e-05, 2.2025e+03, 4.0816e+01, 
 1DIAGNOSTIC,    45, -8.651946383712e-01, 3.651646458634e-05, 2.2433e+03, 4.0748e+01, 
 1DIAGNOSTIC,    46, -8.653991564008e-01, 3.437857902617e-05, 2.2842e+03, 4.0930e+01, 
 1DIAGNOSTIC,    47, -8.656102452823e-01, 3.257877421544e-05, 2.3248e+03, 4.0589e+01, 
 1DIAGNOSTIC,    48, -8.658128905643e-01, 3.103255178361e-05, 2.3656e+03, 4.0811e+01, 
 1DIAGNOSTIC,    49, -8.660097663820e-01, 2.972492584713e-05, 2.4063e+03, 4.0723e+01, 
 1DIAGNOSTIC,    50, -8.662009116001e-01, 2.857858562295e-05, 2.4469e+03, 4.0620e+01, 
XXDIAGNOSTIC,Iteration,metricValue,convergenceValue,ITERATION_TIME_INDEX,SINCE_LAST
 1DIAGNOSTIC,     1, -8.459410048115e-01, 1.797693134862e+308, 2.7790e+03, 3.3205e+02, 
 1DIAGNOSTIC,     2, -8.473177480498e-01, 1.797693134862e+308, 3.1073e+03, 3.2835e+02, 
 1DIAGNOSTIC,     3, -8.489750971046e-01, 1.797693134862e+308, 3.4340e+03, 3.2662e+02, 
 1DIAGNOSTIC,     4, -8.505635092323e-01, 1.797693134862e+308, 3.7587e+03, 3.2477e+02, 
 1DIAGNOSTIC,     5, -8.520064294202e-01, 1.797693134862e+308, 4.0846e+03, 3.2591e+02, 
 1DIAGNOSTIC,     6, -8.535780160183e-01, 1.797693134862e+308, 4.4091e+03, 3.2442e+02, 
 1DIAGNOSTIC,     7, -8.549391622686e-01, 1.797693134862e+308, 4.7334e+03, 3.2430e+02, 
 1DIAGNOSTIC,     8, -8.562033445599e-01, 1.797693134862e+308, 5.0576e+03, 3.2421e+02, 
 1DIAGNOSTIC,     9, -8.573591209872e-01, 1.797693134862e+308, 5.3835e+03, 3.2593e+02, 
 1DIAGNOSTIC,    10, -8.584415202444e-01, 9.582961755131e-04, 5.7091e+03, 3.2556e+02, 
 1DIAGNOSTIC,    11, -8.593448063913e-01, 8.282211518465e-04, 6.0354e+03, 3.2630e+02, 
 1DIAGNOSTIC,    12, -8.601771633750e-01, 7.063447248993e-04, 6.3619e+03, 3.2652e+02, 
 1DIAGNOSTIC,    13, -8.609806246739e-01, 6.020532380643e-04, 6.6871e+03, 3.2523e+02, 
 1DIAGNOSTIC,    14, -8.617344728588e-01, 5.132985988997e-04, 7.0131e+03, 3.2597e+02, 
 1DIAGNOSTIC,    15, -8.624254314556e-01, 4.363712734183e-04, 7.3382e+03, 3.2515e+02, 
 1DIAGNOSTIC,    16, -8.630920767425e-01, 3.752564865760e-04, 7.6651e+03, 3.2689e+02, 
 1DIAGNOSTIC,    17, -8.637415227609e-01, 3.258255837862e-04, 7.9911e+03, 3.2595e+02, 
 1DIAGNOSTIC,    18, -8.642743984065e-01, 2.846860038736e-04, 8.3181e+03, 3.2703e+02, 
 1DIAGNOSTIC,    19, -8.648748588358e-01, 2.519745624673e-04, 8.6448e+03, 3.2673e+02, 
 1DIAGNOSTIC,    20, -8.653518553900e-01, 2.248191643751e-04, 8.9715e+03, 3.2664e+02, 
  Elapsed time (stage 2): 8974


Total elapsed time: 9354
 Registration finished. The antsRegistration call was:
--------------------------------------------------------------------------------------
/opt/ants/bin/antsRegistration --verbose 1 --dimensionality 3 --float 0 --collapse-output-transforms 1 --output [ /data/derivatives/ants/registrationSyN/sub-s003/ses-open/anat/,/data/derivatives/ants/registrationSyN/sub-s003/ses-open/anat/Warped.nii.gz,/data/derivatives/ants/registrationSyN/sub-s003/ses-open/anat/InverseWarped.nii.gz ] --interpolation Linear --use-histogram-matching 0 --winsorize-image-intensities [ 0.005,0.995 ] --initial-moving-transform [ /templateflow/tpl-MNI152NLin2009cAsym//tpl-MNI152NLin2009cAsym_res-01_desc-brain_T1w.nii.gz,/data/derivatives/fsl/fast/sub-s003/ses-open/anat/BrainExtractionBrain_seg.nii.gz,1 ] --transform Rigid[ 0.1 ] --metric MI[ /templateflow/tpl-MNI152NLin2009cAsym//tpl-MNI152NLin2009cAsym_res-01_desc-brain_T1w.nii.gz,/data/derivatives/fsl/fast/sub-s003/ses-open/anat/BrainExtractionBrain_seg.nii.gz,1,32,Regular,0.25 ] --convergence [ 1000x500x250x100,1e-6,10 ] --shrink-factors 8x4x2x1 --smoothing-sigmas 3x2x1x0vox --transform Affine[ 0.1 ] --metric MI[ /templateflow/tpl-MNI152NLin2009cAsym//tpl-MNI152NLin2009cAsym_res-01_desc-brain_T1w.nii.gz,/data/derivatives/fsl/fast/sub-s003/ses-open/anat/BrainExtractionBrain_seg.nii.gz,1,32,Regular,0.25 ] --convergence [ 1000x500x250x100,1e-6,10 ] --shrink-factors 8x4x2x1 --smoothing-sigmas 3x2x1x0vox --transform SyN[ 0.1,3,0 ] --metric CC[ /templateflow/tpl-MNI152NLin2009cAsym//tpl-MNI152NLin2009cAsym_res-01_desc-brain_T1w.nii.gz,/data/derivatives/fsl/fast/sub-s003/ses-open/anat/BrainExtractionBrain_seg.nii.gz,1,4 ] --convergence [ 100x70x50x20,1e-6,10 ] --shrink-factors 8x4x2x1 --smoothing-sigmas 3x2x1x0vox
--------------------------------------------------------------------------------------
Moving image resampled into fixed space: /data/derivatives/ants/registrationSyN/sub-s003/ses-open/anat/Warped.nii.gz
Fixed image resampled into moving space: /data/derivatives/ants/registrationSyN/sub-s003/ses-open/anat/InverseWarped.nii.gz
--------------------------------------------------------------------------------------
Elapsed Time: 9359.401s
    SP GFLOPS: 0.000
    DP GFLOPS: 0.913
    x87 GFLOPS: 0.003
    CPI Rate: 0.457
    Average CPU Frequency: 3.638 GHz
    Total Thread Count: 15
Effective Physical Core Utilization: 3.0% (0.974 out of 32)
 | The metric value is low, which may signal a poor physical CPU cores
 | utilization caused by:
 |     - load imbalance
 |     - threading runtime overhead
 |     - contended synchronization
 |     - thread/process underutilization
 |     - incorrect affinity that utilizes logical cores instead of physical
 |       cores
 | Explore sub-metrics to estimate the efficiency of MPI and OpenMP parallelism
 | or run the Locks and Waits analysis to identify parallel bottlenecks for
 | other parallel runtimes.
 |
    Effective Logical Core Utilization: 1.5% (0.976 out of 64)
     | The metric value is low, which may signal a poor logical CPU cores
     | utilization. Consider improving physical core utilization as the first
     | step and then look at opportunities to utilize logical cores, which in
     | some cases can improve processor throughput and overall performance of
     | multi-threaded applications.
     |
Memory Bound: 14.6% of Pipeline Slots
    Cache Bound: 7.4% of Clockticks
    DRAM Bound: 0.4% of Clockticks
        DRAM Bandwidth Bound: 0.0% of Elapsed Time
    NUMA: % of Remote Accesses: 0.0%

    Bandwidth Utilization
    Bandwidth Domain             Platform Maximum  Observed Maximum  Average  % of Elapsed Time with High BW Utilization(%)
    ---------------------------  ----------------  ----------------  -------  ---------------------------------------------
    DRAM, GB/sec                 214                         10.600    0.067                                           0.0%
    DRAM Single-Package, GB/sec  107                         10.600    0.066                                           0.0%
Vectorization: 0.0% of Packed FP Operations
 | This code has floating point operations and is not vectorized. Consider
 | either recompiling the code with optimization options that allow
 | vectorization or using Intel Advisor to vectorize the loops.
 |
    Instruction Mix
        SP FLOPs: 0.0% of uOps
            Packed: 0.0% from SP FP
                128-bit: 0.0% from SP FP
                256-bit: 0.0% from SP FP
                512-bit: 0.0% from SP FP
            Scalar: 0.0% from SP FP
        DP FLOPs: 15.1% of uOps
            Packed: 0.0% from DP FP
                128-bit: 0.0% from DP FP
                256-bit: 0.0% from DP FP
                512-bit: 0.0% from DP FP
            Scalar: 100.0% from DP FP
             | This code has floating point operations and is not vectorized.
             | Consider either recompiling the code with optimization options
             | that allow vectorization or using Intel Advisor to vectorize the
             | loops.
             |
        x87 FLOPs: 0.0% of uOps
        Non-FP: 84.9% of uOps
    FP Arith/Mem Rd Instr. Ratio: 0.498
     | The metric value is low. This can be a result of unaligned access to data
     | for vector operations. Use Intel Advisor to find possible data access
     | inefficiencies for vector operations.
     |
    FP Arith/Mem Wr Instr. Ratio: 1.115
Collection and Platform Info
    Application Command Line: bash "tmp-scripts/x7lPstPTxS4OCDWwmdJxUtUoidMOj9IO.sh" 
    Operating System: 4.18.0-477.10.1.el8_lustre.x86_64 DISTRIB_ID=Ubuntu DISTRIB_RELEASE=20.04 DISTRIB_CODENAME=focal DISTRIB_DESCRIPTION="Ubuntu 20.04.5 LTS"
    Computer Name: comp05
    Result Size: 15.5 GB 
    Collection start time: 13:17:14 25/11/2023 UTC
    Collection stop time: 15:53:13 25/11/2023 UTC
    Collector Type: Driverless Perf per-process sampling
    CPU
        Name: Intel(R) Xeon(R) Processor code named Skylake
        Frequency: 2.095 GHz
        Logical CPU Count: 64
        Max DRAM Single-Package Bandwidth: 107.000 GB/s
        LLC size: 23.1 MB 

If you want to skip descriptions of detected performance issues in the report,
enter: vtune -report summary -report-knob show-issues=false -r <my_result_dir>.
Alternatively, you may view the report in the csv format: vtune -report
<report_name> -format=csv.
