---------------------
Profiling information

Pipeline: ants registrationSyN
NTHREAD: 1

DATASET: ds004513
SUBJECT_ID: s031

SIF_IMG: /mnt/lustre/mathdugre/containers/ants-debug.simg
DATA_DIR: /mnt/lustre/mathdugre/mri-bottleneck/datasets/ds004513

PROJECT_DIR: /mnt/lustre/mathdugre/mri-bottleneck
PROFILING_DIR: /mnt/lustre/mathdugre/mri-bottleneck/vtune_output/1-threads/ants/registrationSyN/ds004513/sub-s031/LUIQqbBzTgALin63nclZiETxxX9sjxio
---------------------

Command to profile: bash tmp-scripts/LUIQqbBzTgALin63nclZiETxxX9sjxio.sh

--------------------------------------------------------------------------------------
 Mapping parameters
--------------------------------------------------------------------------------------
 ANTSPATH is /opt/ants/bin

 Dimensionality:           3
 Output name prefix:       /data/derivatives/ants/registrationSyN/sub-s031/ses-open/anat/
 Fixed images:             /templateflow/tpl-MNI152NLin2009cAsym//tpl-MNI152NLin2009cAsym_res-01_desc-brain_T1w.nii.gz
 Moving images:            /data/derivatives/fsl/fast/sub-s031/ses-open/anat/BrainExtractionBrain_seg.nii.gz
 Mask images:              
 Initial transforms:       
 Number of threads:        1
 Spline distance:          26
 SyN gradient step:        0.1
 Transform type:           s
 CC radius:                4
 Precision:                d
 Use histogram matching    0
 Repro                     0
======================================================================================
 antsRegistration call:
--------------------------------------------------------------------------------------
/opt/ants/bin/antsRegistration --verbose 1 --dimensionality 3 --float 0 --collapse-output-transforms 1 --output [ /data/derivatives/ants/registrationSyN/sub-s031/ses-open/anat/,/data/derivatives/ants/registrationSyN/sub-s031/ses-open/anat/Warped.nii.gz,/data/derivatives/ants/registrationSyN/sub-s031/ses-open/anat/InverseWarped.nii.gz ] --interpolation Linear --use-histogram-matching 0 --winsorize-image-intensities [ 0.005,0.995 ] --initial-moving-transform [ /templateflow/tpl-MNI152NLin2009cAsym//tpl-MNI152NLin2009cAsym_res-01_desc-brain_T1w.nii.gz,/data/derivatives/fsl/fast/sub-s031/ses-open/anat/BrainExtractionBrain_seg.nii.gz,1 ] --transform Rigid[ 0.1 ] --metric MI[ /templateflow/tpl-MNI152NLin2009cAsym//tpl-MNI152NLin2009cAsym_res-01_desc-brain_T1w.nii.gz,/data/derivatives/fsl/fast/sub-s031/ses-open/anat/BrainExtractionBrain_seg.nii.gz,1,32,Regular,0.25 ] --convergence [ 1000x500x250x100,1e-6,10 ] --shrink-factors 8x4x2x1 --smoothing-sigmas 3x2x1x0vox --transform Affine[ 0.1 ] --metric MI[ /templateflow/tpl-MNI152NLin2009cAsym//tpl-MNI152NLin2009cAsym_res-01_desc-brain_T1w.nii.gz,/data/derivatives/fsl/fast/sub-s031/ses-open/anat/BrainExtractionBrain_seg.nii.gz,1,32,Regular,0.25 ] --convergence [ 1000x500x250x100,1e-6,10 ] --shrink-factors 8x4x2x1 --smoothing-sigmas 3x2x1x0vox --transform SyN[ 0.1,3,0 ] --metric CC[ /templateflow/tpl-MNI152NLin2009cAsym//tpl-MNI152NLin2009cAsym_res-01_desc-brain_T1w.nii.gz,/data/derivatives/fsl/fast/sub-s031/ses-open/anat/BrainExtractionBrain_seg.nii.gz,1,4 ] --convergence [ 100x70x50x20,1e-6,10 ] --shrink-factors 8x4x2x1 --smoothing-sigmas 3x2x1x0vox
--------------------------------------------------------------------------------------
All_Command_lines_OK
Using double precision for computations.
=============================================================================
The composite transform comprises the following transforms (in order): 
  1. Center of mass alignment using fixed image: /templateflow/tpl-MNI152NLin2009cAsym//tpl-MNI152NLin2009cAsym_res-01_desc-brain_T1w.nii.gz and moving image: /data/derivatives/fsl/fast/sub-s031/ses-open/anat/BrainExtractionBrain_seg.nii.gz (type = Euler3DTransform)
=============================================================================
  number of levels = 4
  number of levels = 4
  number of levels = 4
  fixed image: /templateflow/tpl-MNI152NLin2009cAsym//tpl-MNI152NLin2009cAsym_res-01_desc-brain_T1w.nii.gz
  moving image: /data/derivatives/fsl/fast/sub-s031/ses-open/anat/BrainExtractionBrain_seg.nii.gz
  fixed image: /templateflow/tpl-MNI152NLin2009cAsym//tpl-MNI152NLin2009cAsym_res-01_desc-brain_T1w.nii.gz
  moving image: /data/derivatives/fsl/fast/sub-s031/ses-open/anat/BrainExtractionBrain_seg.nii.gz
  fixed image: /templateflow/tpl-MNI152NLin2009cAsym//tpl-MNI152NLin2009cAsym_res-01_desc-brain_T1w.nii.gz
  moving image: /data/derivatives/fsl/fast/sub-s031/ses-open/anat/BrainExtractionBrain_seg.nii.gz
Dimension = 3
Number of stages = 3
Use histogram matching = false
Winsorize image intensities = true
  Lower quantile = 0.005
  Upper quantile = 0.995


Stage 1 State
   Image metric = Mattes
     Fixed image = Image (0x564cac8115b0)
  RTTI typeinfo:   itk::Image<double, 3u>
  Reference Count: 2
  Modified Time: 1717
  Debug: Off
  Object Name: 
  Observers: 
    none
  Source: (none)
  Source output name: (none)
  Release Data: Off
  Data Released: False
  Global Release Data: Off
  PipelineMTime: 0
  UpdateMTime: 1502
  RealTimeStamp: 0 seconds 
  LargestPossibleRegion: 
    Dimension: 3
    Index: [0, 0, 0]
    Size: [193, 229, 193]
  BufferedRegion: 
    Dimension: 3
    Index: [0, 0, 0]
    Size: [193, 229, 193]
  RequestedRegion: 
    Dimension: 3
    Index: [0, 0, 0]
    Size: [193, 229, 193]
  Spacing: [1, 1, 1]
  Origin: [96, 132, -78]
  Direction: 
-1 0 0
0 -1 0
0 0 1

  IndexToPointMatrix: 
-1 0 0
0 -1 0
0 0 1

  PointToIndexMatrix: 
-1 0 0
0 -1 0
0 0 1

  Inverse Direction: 
-1 0 0
0 -1 0
0 0 1

  PixelContainer: 
    ImportImageContainer (0x564cac81a160)
      RTTI typeinfo:   itk::ImportImageContainer<unsigned long, double>
      Reference Count: 1
      Modified Time: 1499
      Debug: Off
      Object Name: 
      Observers: 
        none
      Pointer: 0x7f0d2317b010
      Container manages memory: true
      Size: 8530021
      Capacity: 8530021

     Moving image = Image (0x564cac81d0a0)
  RTTI typeinfo:   itk::Image<double, 3u>
  Reference Count: 2
  Modified Time: 1718
  Debug: Off
  Object Name: 
  Observers: 
    none
  Source: (none)
  Source output name: (none)
  Release Data: Off
  Data Released: False
  Global Release Data: Off
  PipelineMTime: 0
  UpdateMTime: 1715
  RealTimeStamp: 0 seconds 
  LargestPossibleRegion: 
    Dimension: 3
    Index: [0, 0, 0]
    Size: [160, 240, 256]
  BufferedRegion: 
    Dimension: 3
    Index: [0, 0, 0]
    Size: [160, 240, 256]
  RequestedRegion: 
    Dimension: 3
    Index: [0, 0, 0]
    Size: [160, 240, 256]
  Spacing: [1, 1, 1]
  Origin: [78.2143, 95.8571, -127]
  Direction: 
-1 0 0
0 -1 0
0 0 1

  IndexToPointMatrix: 
-1 0 0
0 -1 0
0 0 1

  PointToIndexMatrix: 
-1 0 0
0 -1 0
0 0 1

  Inverse Direction: 
-1 0 0
0 -1 0
0 0 1

  PixelContainer: 
    ImportImageContainer (0x564cac812b00)
      RTTI typeinfo:   itk::ImportImageContainer<unsigned long, double>
      Reference Count: 1
      Modified Time: 1712
      Debug: Off
      Object Name: 
      Observers: 
        none
      Pointer: 0x7f0d1e67a010
      Container manages memory: true
      Size: 9830400
      Capacity: 9830400

     Weighting = 1
     Sampling strategy = regular
     Number of bins = 32
     Radius = 4
     Sampling percentage  = 0.25
   Transform = Rigid
     Gradient step = 0.1
     Update field sigma (voxel space) = 0
     Total field sigma (voxel space) = 0
     Update field time sigma = 0
     Total field time sigma  = 0
     Number of time indices = 0
     Number of time point samples = 0
Stage 2 State
   Image metric = Mattes
     Fixed image = Image (0x564cac86c260)
  RTTI typeinfo:   itk::Image<double, 3u>
  Reference Count: 2
  Modified Time: 2145
  Debug: Off
  Object Name: 
  Observers: 
    none
  Source: (none)
  Source output name: (none)
  Release Data: Off
  Data Released: False
  Global Release Data: Off
  PipelineMTime: 0
  UpdateMTime: 1930
  RealTimeStamp: 0 seconds 
  LargestPossibleRegion: 
    Dimension: 3
    Index: [0, 0, 0]
    Size: [193, 229, 193]
  BufferedRegion: 
    Dimension: 3
    Index: [0, 0, 0]
    Size: [193, 229, 193]
  RequestedRegion: 
    Dimension: 3
    Index: [0, 0, 0]
    Size: [193, 229, 193]
  Spacing: [1, 1, 1]
  Origin: [96, 132, -78]
  Direction: 
-1 0 0
0 -1 0
0 0 1

  IndexToPointMatrix: 
-1 0 0
0 -1 0
0 0 1

  PointToIndexMatrix: 
-1 0 0
0 -1 0
0 0 1

  Inverse Direction: 
-1 0 0
0 -1 0
0 0 1

  PixelContainer: 
    ImportImageContainer (0x564cac89cff0)
      RTTI typeinfo:   itk::ImportImageContainer<unsigned long, double>
      Reference Count: 1
      Modified Time: 1927
      Debug: Off
      Object Name: 
      Observers: 
        none
      Pointer: 0x7f0d1a565010
      Container manages memory: true
      Size: 8530021
      Capacity: 8530021

     Moving image = Image (0x564cac869d30)
  RTTI typeinfo:   itk::Image<double, 3u>
  Reference Count: 2
  Modified Time: 2146
  Debug: Off
  Object Name: 
  Observers: 
    none
  Source: (none)
  Source output name: (none)
  Release Data: Off
  Data Released: False
  Global Release Data: Off
  PipelineMTime: 0
  UpdateMTime: 2143
  RealTimeStamp: 0 seconds 
  LargestPossibleRegion: 
    Dimension: 3
    Index: [0, 0, 0]
    Size: [160, 240, 256]
  BufferedRegion: 
    Dimension: 3
    Index: [0, 0, 0]
    Size: [160, 240, 256]
  RequestedRegion: 
    Dimension: 3
    Index: [0, 0, 0]
    Size: [160, 240, 256]
  Spacing: [1, 1, 1]
  Origin: [78.2143, 95.8571, -127]
  Direction: 
-1 0 0
0 -1 0
0 0 1

  IndexToPointMatrix: 
-1 0 0
0 -1 0
0 0 1

  PointToIndexMatrix: 
-1 0 0
0 -1 0
0 0 1

  Inverse Direction: 
-1 0 0
0 -1 0
0 0 1

  PixelContainer: 
    ImportImageContainer (0x564cac8ad130)
      RTTI typeinfo:   itk::ImportImageContainer<unsigned long, double>
      Reference Count: 1
      Modified Time: 2140
      Debug: Off
      Object Name: 
      Observers: 
        none
      Pointer: 0x7f0d15a64010
      Container manages memory: true
      Size: 9830400
      Capacity: 9830400

     Weighting = 1
     Sampling strategy = regular
     Number of bins = 32
     Radius = 4
     Sampling percentage  = 0.25
   Transform = Affine
     Gradient step = 0.1
     Update field sigma (voxel space) = 0
     Total field sigma (voxel space) = 0
     Update field time sigma = 0
     Total field time sigma  = 0
     Number of time indices = 0
     Number of time point samples = 0
Stage 3 State
   Image metric = CC
     Fixed image = Image (0x564cac871c40)
  RTTI typeinfo:   itk::Image<double, 3u>
  Reference Count: 2
  Modified Time: 2573
  Debug: Off
  Object Name: 
  Observers: 
    none
  Source: (none)
  Source output name: (none)
  Release Data: Off
  Data Released: False
  Global Release Data: Off
  PipelineMTime: 0
  UpdateMTime: 2358
  RealTimeStamp: 0 seconds 
  LargestPossibleRegion: 
    Dimension: 3
    Index: [0, 0, 0]
    Size: [193, 229, 193]
  BufferedRegion: 
    Dimension: 3
    Index: [0, 0, 0]
    Size: [193, 229, 193]
  RequestedRegion: 
    Dimension: 3
    Index: [0, 0, 0]
    Size: [193, 229, 193]
  Spacing: [1, 1, 1]
  Origin: [96, 132, -78]
  Direction: 
-1 0 0
0 -1 0
0 0 1

  IndexToPointMatrix: 
-1 0 0
0 -1 0
0 0 1

  PointToIndexMatrix: 
-1 0 0
0 -1 0
0 0 1

  Inverse Direction: 
-1 0 0
0 -1 0
0 0 1

  PixelContainer: 
    ImportImageContainer (0x564cac872340)
      RTTI typeinfo:   itk::ImportImageContainer<unsigned long, double>
      Reference Count: 1
      Modified Time: 2355
      Debug: Off
      Object Name: 
      Observers: 
        none
      Pointer: 0x7f0d1194f010
      Container manages memory: true
      Size: 8530021
      Capacity: 8530021

     Moving image = Image (0x564cac8adf80)
  RTTI typeinfo:   itk::Image<double, 3u>
  Reference Count: 2
  Modified Time: 2574
  Debug: Off
  Object Name: 
  Observers: 
    none
  Source: (none)
  Source output name: (none)
  Release Data: Off
  Data Released: False
  Global Release Data: Off
  PipelineMTime: 0
  UpdateMTime: 2571
  RealTimeStamp: 0 seconds 
  LargestPossibleRegion: 
    Dimension: 3
    Index: [0, 0, 0]
    Size: [160, 240, 256]
  BufferedRegion: 
    Dimension: 3
    Index: [0, 0, 0]
    Size: [160, 240, 256]
  RequestedRegion: 
    Dimension: 3
    Index: [0, 0, 0]
    Size: [160, 240, 256]
  Spacing: [1, 1, 1]
  Origin: [78.2143, 95.8571, -127]
  Direction: 
-1 0 0
0 -1 0
0 0 1

  IndexToPointMatrix: 
-1 0 0
0 -1 0
0 0 1

  PointToIndexMatrix: 
-1 0 0
0 -1 0
0 0 1

  Inverse Direction: 
-1 0 0
0 -1 0
0 0 1

  PixelContainer: 
    ImportImageContainer (0x564cac97d210)
      RTTI typeinfo:   itk::ImportImageContainer<unsigned long, double>
      Reference Count: 1
      Modified Time: 2568
      Debug: Off
      Object Name: 
      Observers: 
        none
      Pointer: 0x7f0d0ce4e010
      Container manages memory: true
      Size: 9830400
      Capacity: 9830400

     Weighting = 1
     Sampling strategy = none
     Number of bins = 32
     Radius = 4
     Sampling percentage  = 1
   Transform = SyN
     Gradient step = 0.1
     Update field sigma (voxel space) = 3
     Total field sigma (voxel space) = 0
     Update field time sigma = 0
     Total field time sigma  = 0
     Number of time indices = 0
     Number of time point samples = 0
Registration using 3 total stages.

Stage 0
  iterations = 1000x500x250x100
  convergence threshold = 1e-06
  convergence window size = 10
  number of levels = 4
  using the Mattes MI metric (number of bins = 32, weight = 1, use gradient filter = 0)
  preprocessing:  winsorizing the image intensities
  Shrink factors (level 1 out of 4): [8, 8, 8]
  Shrink factors (level 2 out of 4): [4, 4, 4]
  Shrink factors (level 3 out of 4): [2, 2, 2]
  Shrink factors (level 4 out of 4): [1, 1, 1]
  smoothing sigmas per level: [3, 2, 1, 0]
  regular sampling (percentage = 0.25)

*** Running Euler3DTransform registration ***

DIAGNOSTIC,Iteration,metricValue,convergenceValue,ITERATION_TIME_INDEX,SINCE_LAST
 2DIAGNOSTIC,     1, -6.491726523259e-01, 1.797693134862e+308, 1.6304e+00, 1.6304e+00, 
 2DIAGNOSTIC,     2, -6.503864934507e-01, 1.797693134862e+308, 1.6387e+00, 8.2951e-03, 
 2DIAGNOSTIC,     3, -6.519916121692e-01, 1.797693134862e+308, 1.6456e+00, 6.9020e-03, 
 2DIAGNOSTIC,     4, -6.534347445001e-01, 1.797693134862e+308, 1.6523e+00, 6.7248e-03, 
 2DIAGNOSTIC,     5, -6.543149853194e-01, 1.797693134862e+308, 1.6600e+00, 7.7100e-03, 
 2DIAGNOSTIC,     6, -6.551875598997e-01, 1.797693134862e+308, 1.6666e+00, 6.6080e-03, 
 2DIAGNOSTIC,     7, -6.564443165268e-01, 1.797693134862e+308, 1.6734e+00, 6.7520e-03, 
 2DIAGNOSTIC,     8, -6.584421945479e-01, 1.797693134862e+308, 1.6830e+00, 9.6281e-03, 
 2DIAGNOSTIC,     9, -6.594219604703e-01, 1.797693134862e+308, 1.6908e+00, 7.8030e-03, 
 2DIAGNOSTIC,    10, -6.596816490766e-01, 1.065668852818e-03, 1.7007e+00, 9.9001e-03, 
 2DIAGNOSTIC,    11, -6.618159051084e-01, 9.680461333124e-04, 1.7080e+00, 7.3121e-03, 
 2DIAGNOSTIC,    12, -6.758245164673e-01, 1.344354262661e-03, 1.7182e+00, 1.0140e-02, 
 2DIAGNOSTIC,    13, -6.801339501065e-01, 1.721587218977e-03, 1.7254e+00, 7.2148e-03, 
 2DIAGNOSTIC,    14, -6.838698324758e-01, 2.047773054478e-03, 1.7406e+00, 1.5225e-02, 
 2DIAGNOSTIC,    15, -6.866414787864e-01, 2.251745147210e-03, 1.7525e+00, 1.1872e-02, 
 2DIAGNOSTIC,    16, -6.885033452191e-01, 2.294950577034e-03, 1.7596e+00, 7.1051e-03, 
 2DIAGNOSTIC,    17, -6.897178892868e-01, 2.177562071555e-03, 1.7674e+00, 7.8051e-03, 
 2DIAGNOSTIC,    18, -6.910180628960e-01, 1.948658417924e-03, 1.7769e+00, 9.5160e-03, 
 2DIAGNOSTIC,    19, -6.912911497953e-01, 1.596305324019e-03, 1.7835e+00, 6.6400e-03, 
 2DIAGNOSTIC,    20, -6.917406571187e-01, 1.150359478388e-03, 1.7903e+00, 6.7360e-03, 
 2DIAGNOSTIC,    21, -6.928686897594e-01, 7.006444345741e-04, 1.7981e+00, 7.7870e-03, 
 2DIAGNOSTIC,    22, -6.941842499924e-01, 5.209708308395e-04, 1.8078e+00, 9.7191e-03, 
 2DIAGNOSTIC,    23, -6.943816534502e-01, 3.900716855695e-04, 1.8145e+00, 6.7389e-03, 
 2DIAGNOSTIC,    24, -6.945419211522e-01, 3.021862514774e-04, 1.8212e+00, 6.6700e-03, 
 2DIAGNOSTIC,    25, -6.946397758874e-01, 2.415121657960e-04, 1.8278e+00, 6.6009e-03, 
 2DIAGNOSTIC,    26, -6.947620518615e-01, 1.945812281764e-04, 1.8366e+00, 8.7922e-03, 
 2DIAGNOSTIC,    27, -6.952053996151e-01, 1.580155408928e-04, 1.8445e+00, 7.8800e-03, 
 2DIAGNOSTIC,    28, -6.952504334723e-01, 1.295014221134e-04, 1.8522e+00, 7.7040e-03, 
 2DIAGNOSTIC,    29, -6.962897759269e-01, 1.102360363741e-04, 1.8626e+00, 1.0442e-02, 
 2DIAGNOSTIC,    30, -6.966411192480e-01, 9.264236714561e-05, 1.8710e+00, 8.4219e-03, 
 2DIAGNOSTIC,    31, -6.967333972010e-01, 8.358890077519e-05, 1.8787e+00, 7.6220e-03, 
 2DIAGNOSTIC,    32, -6.967042243492e-01, 8.423405868642e-05, 1.8863e+00, 7.6129e-03, 
 2DIAGNOSTIC,    33, -6.966372576369e-01, 7.860435244794e-05, 1.8930e+00, 6.7191e-03, 
 2DIAGNOSTIC,    34, -6.965612104308e-01, 6.686230837844e-05, 1.8997e+00, 6.6590e-03, 
 2DIAGNOSTIC,    35, -6.965790183779e-01, 5.084887488861e-05, 1.9063e+00, 6.6550e-03, 
 2DIAGNOSTIC,    36, -6.967066765486e-01, 3.389247350491e-05, 1.9130e+00, 6.6841e-03, 
 2DIAGNOSTIC,    37, -6.970844458857e-01, 2.413344810861e-05, 1.9206e+00, 7.6180e-03, 
 2DIAGNOSTIC,    38, -6.972502733794e-01, 1.465300160828e-05, 1.9365e+00, 1.5919e-02, 
 2DIAGNOSTIC,    39, -6.974682350303e-01, 1.771903418494e-05, 1.9664e+00, 2.9906e-02, 
 2DIAGNOSTIC,    40, -6.974682335875e-01, 2.264799071679e-05, 1.9732e+00, 6.7880e-03, 
 2DIAGNOSTIC,    41, -6.974682343767e-01, 2.619008505019e-05, 1.9799e+00, 6.6669e-03, 
 2DIAGNOSTIC,    42, -6.974682357110e-01, 2.682120732552e-05, 1.9864e+00, 6.5579e-03, 
 2DIAGNOSTIC,    43, -6.974682379669e-01, 2.428213847315e-05, 1.9931e+00, 6.6841e-03, 
 2DIAGNOSTIC,    44, -6.974682417804e-01, 1.892194477852e-05, 1.9997e+00, 6.5329e-03, 
 2DIAGNOSTIC,    45, -6.974682482255e-01, 1.225616150261e-05, 2.0064e+00, 6.7589e-03, 
 2DIAGNOSTIC,    46, -6.974682591143e-01, 5.886814529663e-06, 2.0130e+00, 6.5589e-03, 
 2DIAGNOSTIC,    47, -6.974682774991e-01, 2.614394939295e-06, 2.0196e+00, 6.6469e-03, 
DIAGNOSTIC,Iteration,metricValue,convergenceValue,ITERATION_TIME_INDEX,SINCE_LAST
 2DIAGNOSTIC,     1, -5.773360296418e-01, 1.797693134862e+308, 3.3568e+00, 1.3372e+00, 
 2DIAGNOSTIC,     2, -5.776841707569e-01, 1.797693134862e+308, 3.4196e+00, 6.2781e-02, 
 2DIAGNOSTIC,     3, -5.781152321533e-01, 1.797693134862e+308, 3.4809e+00, 6.1340e-02, 
 2DIAGNOSTIC,     4, -5.785021884766e-01, 1.797693134862e+308, 3.5439e+00, 6.2939e-02, 
 2DIAGNOSTIC,     5, -5.792768336398e-01, 1.797693134862e+308, 3.6397e+00, 9.5815e-02, 
 2DIAGNOSTIC,     6, -5.793348924751e-01, 1.797693134862e+308, 3.7243e+00, 8.4617e-02, 
 2DIAGNOSTIC,     7, -5.793437165214e-01, 1.797693134862e+308, 3.8101e+00, 8.5753e-02, 
 2DIAGNOSTIC,     8, -5.793379895918e-01, 1.797693134862e+308, 3.8806e+00, 7.0507e-02, 
 2DIAGNOSTIC,     9, -5.793216199525e-01, 1.797693134862e+308, 3.9488e+00, 6.8207e-02, 
 2DIAGNOSTIC,    10, -5.793192762196e-01, 2.327410058966e-04, 4.0266e+00, 7.7811e-02, 
 2DIAGNOSTIC,    11, -5.793115924482e-01, 1.495174478729e-04, 4.0961e+00, 6.9472e-02, 
 2DIAGNOSTIC,    12, -5.793033696684e-01, 8.112273855988e-05, 4.1644e+00, 6.8340e-02, 
 2DIAGNOSTIC,    13, -5.792851608498e-01, 3.174335083830e-05, 4.2344e+00, 7.0006e-02, 
DIAGNOSTIC,Iteration,metricValue,convergenceValue,ITERATION_TIME_INDEX,SINCE_LAST
 2DIAGNOSTIC,     1, -4.921110939625e-01, 1.797693134862e+308, 6.1814e+00, 1.9470e+00, 
 2DIAGNOSTIC,     2, -4.921394644575e-01, 1.797693134862e+308, 6.7782e+00, 5.9681e-01, 
 2DIAGNOSTIC,     3, -4.921726344605e-01, 1.797693134862e+308, 7.2824e+00, 5.0422e-01, 
 2DIAGNOSTIC,     4, -4.922695675422e-01, 1.797693134862e+308, 7.7925e+00, 5.1015e-01, 
 2DIAGNOSTIC,     5, -4.923616809725e-01, 1.797693134862e+308, 8.2936e+00, 5.0103e-01, 
 2DIAGNOSTIC,     6, -4.924855683780e-01, 1.797693134862e+308, 9.3139e+00, 1.0203e+00, 
 2DIAGNOSTIC,     7, -4.924889518711e-01, 1.797693134862e+308, 1.0053e+01, 7.3899e-01, 
 2DIAGNOSTIC,     8, -4.924891176674e-01, 1.797693134862e+308, 1.0868e+01, 8.1518e-01, 
 2DIAGNOSTIC,     9, -4.924894506997e-01, 1.797693134862e+308, 1.1696e+01, 8.2821e-01, 
 2DIAGNOSTIC,    10, -4.924884920681e-01, 6.253726958978e-05, 1.2368e+01, 6.7126e-01, 
 2DIAGNOSTIC,    11, -4.924874954600e-01, 4.688803706678e-05, 1.2967e+01, 5.9989e-01, 
 2DIAGNOSTIC,    12, -4.924865005529e-01, 3.127835131098e-05, 1.3485e+01, 5.1804e-01, 
 2DIAGNOSTIC,    13, -4.924855283239e-01, 1.693048186287e-05, 1.4011e+01, 5.2561e-01, 
 2DIAGNOSTIC,    14, -4.924845943961e-01, 7.230041549372e-06, 1.4521e+01, 5.1013e-01, 
 2DIAGNOSTIC,    15, -4.924857769456e-01, 1.826296126411e-06, 1.5110e+01, 5.8921e-01, 
 2DIAGNOSTIC,    16, -4.924859934955e-01, 1.597606342912e-06, 1.5712e+01, 6.0164e-01, 
 2DIAGNOSTIC,    17, -4.924841928253e-01, 1.485573154485e-06, 1.6377e+01, 6.6468e-01, 
 2DIAGNOSTIC,    18, -4.924832625713e-01, 1.399041291344e-06, 1.6962e+01, 5.8478e-01, 
 2DIAGNOSTIC,    19, -4.924822983546e-01, 1.337276901860e-06, 1.7466e+01, 5.0482e-01, 
 2DIAGNOSTIC,    20, -4.924803493607e-01, 1.228261660741e-06, 1.7973e+01, 5.0620e-01, 
 2DIAGNOSTIC,    21, -4.924805298521e-01, 1.141766771948e-06, 1.8483e+01, 5.1082e-01, 
 2DIAGNOSTIC,    22, -4.924818719119e-01, 1.107730924814e-06, 1.9067e+01, 5.8367e-01, 
 2DIAGNOSTIC,    23, -4.924811540340e-01, 1.065968237200e-06, 1.9578e+01, 5.1073e-01, 
 2DIAGNOSTIC,    24, -4.924837455293e-01, 1.097427566335e-06, 2.0086e+01, 5.0820e-01, 
 2DIAGNOSTIC,    25, -4.924816042726e-01, 1.124087627473e-06, 2.0759e+01, 6.7288e-01, 
 2DIAGNOSTIC,    26, -4.924788676481e-01, 1.109043141732e-06, 2.1354e+01, 5.9550e-01, 
 2DIAGNOSTIC,    27, -4.924772867608e-01, 1.034844920873e-06, 2.1968e+01, 6.1386e-01, 
DIAGNOSTIC,Iteration,metricValue,convergenceValue,ITERATION_TIME_INDEX,SINCE_LAST
 2DIAGNOSTIC,     1, -4.436317077949e-01, 1.797693134862e+308, 2.5794e+01, 3.8261e+00, 
 2DIAGNOSTIC,     2, -4.438142745266e-01, 1.797693134862e+308, 2.8871e+01, 3.0769e+00, 
 2DIAGNOSTIC,     3, -4.438813568584e-01, 1.797693134862e+308, 3.2333e+01, 3.4616e+00, 
 2DIAGNOSTIC,     4, -4.438860948193e-01, 1.797693134862e+308, 3.5355e+01, 3.0226e+00, 
 2DIAGNOSTIC,     5, -4.438947192520e-01, 1.797693134862e+308, 3.8380e+01, 3.0244e+00, 
 2DIAGNOSTIC,     6, -4.439615858259e-01, 1.797693134862e+308, 4.2274e+01, 3.8940e+00, 
 2DIAGNOSTIC,     7, -4.439637115926e-01, 1.797693134862e+308, 4.5338e+01, 3.0638e+00, 
 2DIAGNOSTIC,     8, -4.439817660711e-01, 1.797693134862e+308, 5.1322e+01, 5.9844e+00, 
 2DIAGNOSTIC,     9, -4.439814358183e-01, 1.797693134862e+308, 5.6485e+01, 5.1633e+00, 
 2DIAGNOSTIC,    10, -4.439815017892e-01, 4.246807078509e-05, 5.9950e+01, 3.4645e+00, 
 2DIAGNOSTIC,    11, -4.439814360910e-01, 2.399550363949e-05, 6.3404e+01, 3.4539e+00, 
 2DIAGNOSTIC,    12, -4.439812482699e-01, 1.632935103385e-05, 6.6415e+01, 3.0115e+00, 
 2DIAGNOSTIC,    13, -4.439810773428e-01, 1.194017823784e-05, 6.9887e+01, 3.4716e+00, 
 2DIAGNOSTIC,    14, -4.439809049604e-01, 7.549039428609e-06, 7.3742e+01, 3.8553e+00, 
 2DIAGNOSTIC,    15, -4.439807135235e-01, 3.553490642266e-06, 7.7153e+01, 3.4104e+00, 
 2DIAGNOSTIC,    16, -4.439803130881e-01, 2.591763565846e-06, 8.0628e+01, 3.4756e+00, 
 2DIAGNOSTIC,    17, -4.439802248215e-01, 1.745155433178e-06, 8.4099e+01, 3.4703e+00, 
 2DIAGNOSTIC,    18, -4.439802434311e-01, 1.647377423586e-06, 8.7573e+01, 3.4746e+00, 
 2DIAGNOSTIC,    19, -4.439801632423e-01, 1.556861775755e-06, 9.1418e+01, 3.8453e+00, 
 2DIAGNOSTIC,    20, -4.439801776492e-01, 1.488996163576e-06, 9.4869e+01, 3.4503e+00, 
 2DIAGNOSTIC,    21, -4.439800802195e-01, 1.432311561148e-06, 9.7927e+01, 3.0585e+00, 
 2DIAGNOSTIC,    22, -4.439798825572e-01, 1.377398162181e-06, 1.0096e+02, 3.0356e+00, 
 2DIAGNOSTIC,    23, -4.439802292084e-01, 1.338603635256e-06, 1.0440e+02, 3.4408e+00, 
 2DIAGNOSTIC,    24, -4.439803530486e-01, 1.305564783151e-06, 1.0789e+02, 3.4816e+00, 
 2DIAGNOSTIC,    25, -4.439802637924e-01, 1.270074123851e-06, 1.1090e+02, 3.0171e+00, 
 2DIAGNOSTIC,    26, -4.439799735702e-01, 1.220867371365e-06, 1.1431e+02, 3.4040e+00, 
 2DIAGNOSTIC,    27, -4.439800085008e-01, 1.174539274729e-06, 1.1775e+02, 3.4436e+00, 
 2DIAGNOSTIC,    28, -4.439798441238e-01, 1.128292506633e-06, 1.2123e+02, 3.4813e+00, 
 2DIAGNOSTIC,    29, -4.439800112539e-01, 1.087730821837e-06, 1.2463e+02, 3.4018e+00, 
 2DIAGNOSTIC,    30, -4.439800494875e-01, 1.051912520957e-06, 1.2812e+02, 3.4842e+00, 
 2DIAGNOSTIC,    31, -4.439798694120e-01, 1.013791693712e-06, 1.3114e+02, 3.0263e+00, 
  Elapsed time (stage 0): 1.3307e+02


Stage 1
  iterations = 1000x500x250x100
  convergence threshold = 1.0000e-06
  convergence window size = 10
  number of levels = 4
  using the Mattes MI metric (number of bins = 32, weight = 1.0000e+00, use gradient filter = 0)
  preprocessing:  winsorizing the image intensities
  Shrink factors (level 1 out of 4): [8, 8, 8]
  Shrink factors (level 2 out of 4): [4, 4, 4]
  Shrink factors (level 3 out of 4): [2, 2, 2]
  Shrink factors (level 4 out of 4): [1, 1, 1]
  smoothing sigmas per level: [3, 2, 1, 0]
  regular sampling (percentage = 2.5000e-01)

*** Running AffineTransform registration ***

DIAGNOSTIC,Iteration,metricValue,convergenceValue,ITERATION_TIME_INDEX,SINCE_LAST
 2DIAGNOSTIC,     1, -6.974982738337e-01, 1.797693134862e+308, 1.2338e+00, 1.2338e+00, 
 2DIAGNOSTIC,     2, -6.998125098746e-01, 1.797693134862e+308, 1.2416e+00, 7.8440e-03, 
 2DIAGNOSTIC,     3, -7.040293887544e-01, 1.797693134862e+308, 1.2492e+00, 7.5250e-03, 
 2DIAGNOSTIC,     4, -7.103034417097e-01, 1.797693134862e+308, 1.2568e+00, 7.6270e-03, 
 2DIAGNOSTIC,     5, -7.200544194228e-01, 1.797693134862e+308, 1.2646e+00, 7.8189e-03, 
 2DIAGNOSTIC,     6, -7.451886507321e-01, 1.797693134862e+308, 1.2724e+00, 7.7410e-03, 
 2DIAGNOSTIC,     7, -7.743730975732e-01, 1.797693134862e+308, 1.2802e+00, 7.8449e-03, 
 2DIAGNOSTIC,     8, -8.302401328921e-01, 1.797693134862e+308, 1.2885e+00, 8.2870e-03, 
 2DIAGNOSTIC,     9, -8.858527414821e-01, 1.797693134862e+308, 1.3002e+00, 1.1673e-02, 
 2DIAGNOSTIC,    10, -9.359739930792e-01, 1.932392868183e-02, 1.3094e+00, 9.2559e-03, 
 2DIAGNOSTIC,    11, -9.564044941638e-01, 2.096603532224e-02, 1.3221e+00, 1.2674e-02, 
 2DIAGNOSTIC,    12, -9.659308844500e-01, 2.077149809819e-02, 1.3313e+00, 9.1848e-03, 
 2DIAGNOSTIC,    13, -9.805607803176e-01, 1.924206784525e-02, 1.3403e+00, 9.0220e-03, 
 2DIAGNOSTIC,    14, -9.831089110090e-01, 1.644183598069e-02, 1.3494e+00, 9.0480e-03, 
 2DIAGNOSTIC,    15, -9.832036248284e-01, 1.281227642556e-02, 1.3574e+00, 8.0130e-03, 
 2DIAGNOSTIC,    16, -9.831288254221e-01, 9.081809522045e-03, 1.3664e+00, 9.0611e-03, 
 2DIAGNOSTIC,    17, -9.832816061140e-01, 5.594161813392e-03, 1.3805e+00, 1.4082e-02, 
 2DIAGNOSTIC,    18, -9.829796878578e-01, 3.036039083241e-03, 1.3886e+00, 8.1398e-03, 
 2DIAGNOSTIC,    19, -9.830404763062e-01, 1.442832245147e-03, 1.3967e+00, 8.0931e-03, 
 2DIAGNOSTIC,    20, -9.831198340563e-01, 7.075602917957e-04, 1.4056e+00, 8.8990e-03, 
 2DIAGNOSTIC,    21, -9.835352180844e-01, 3.049937735254e-04, 1.4140e+00, 8.3230e-03, 
 2DIAGNOSTIC,    22, -9.835952403604e-01, 4.918497276390e-05, 1.4231e+00, 9.1341e-03, 
 2DIAGNOSTIC,    23, -9.836290600391e-01, 1.657865969818e-05, 1.4314e+00, 8.3480e-03, 
 2DIAGNOSTIC,    24, -9.834989064790e-01, 1.771075416498e-05, 1.4398e+00, 8.3320e-03, 
 2DIAGNOSTIC,    25, -9.833632922354e-01, 1.671824545942e-05, 1.4483e+00, 8.5640e-03, 
 2DIAGNOSTIC,    26, -9.833807663423e-01, 1.353472414602e-05, 1.4568e+00, 8.4970e-03, 
 2DIAGNOSTIC,    27, -9.840594839304e-01, 1.920199903165e-05, 1.4703e+00, 1.3451e-02, 
 2DIAGNOSTIC,    28, -9.840966912630e-01, 1.960149549234e-05, 1.4792e+00, 8.9262e-03, 
 2DIAGNOSTIC,    29, -9.837758857999e-01, 1.558420190197e-05, 1.4872e+00, 8.0070e-03, 
 2DIAGNOSTIC,    30, -9.838085142368e-01, 1.179616654397e-05, 1.4959e+00, 8.6749e-03, 
 2DIAGNOSTIC,    31, -9.838419547048e-01, 1.167176863497e-05, 1.5038e+00, 7.9498e-03, 
 2DIAGNOSTIC,    32, -9.840401533869e-01, 1.284677313807e-05, 1.5137e+00, 9.8710e-03, 
 2DIAGNOSTIC,    33, -9.838791086812e-01, 1.159603332692e-05, 1.5396e+00, 2.5871e-02, 
 2DIAGNOSTIC,    34, -9.838791075996e-01, 8.493311667981e-06, 1.5475e+00, 7.9191e-03, 
 2DIAGNOSTIC,    35, -9.838791086423e-01, 3.763245448991e-06, 1.5554e+00, 7.8971e-03, 
DIAGNOSTIC,Iteration,metricValue,convergenceValue,ITERATION_TIME_INDEX,SINCE_LAST
 2DIAGNOSTIC,     1, -7.773807030231e-01, 1.797693134862e+308, 2.8666e+00, 1.3112e+00, 
 2DIAGNOSTIC,     2, -7.782988758940e-01, 1.797693134862e+308, 2.9458e+00, 7.9264e-02, 
 2DIAGNOSTIC,     3, -7.794378978715e-01, 1.797693134862e+308, 3.0291e+00, 8.3203e-02, 
 2DIAGNOSTIC,     4, -7.807294923839e-01, 1.797693134862e+308, 3.1072e+00, 7.8146e-02, 
 2DIAGNOSTIC,     5, -7.822911553729e-01, 1.797693134862e+308, 3.1848e+00, 7.7609e-02, 
 2DIAGNOSTIC,     6, -7.838869774803e-01, 1.797693134862e+308, 3.2640e+00, 7.9189e-02, 
 2DIAGNOSTIC,     7, -7.859469671402e-01, 1.797693134862e+308, 3.3712e+00, 1.0723e-01, 
 2DIAGNOSTIC,     8, -7.860056864080e-01, 1.797693134862e+308, 3.4765e+00, 1.0527e-01, 
 2DIAGNOSTIC,     9, -7.860184905317e-01, 1.797693134862e+308, 3.5751e+00, 9.8556e-02, 
 2DIAGNOSTIC,    10, -7.860176837251e-01, 8.272520464764e-04, 3.6622e+00, 8.7106e-02, 
 2DIAGNOSTIC,    11, -7.859990221512e-01, 6.377247559169e-04, 3.7400e+00, 7.7861e-02, 
 2DIAGNOSTIC,    12, -7.860323204907e-01, 4.508067664705e-04, 3.8291e+00, 8.9093e-02, 
 2DIAGNOSTIC,    13, -7.860560763447e-01, 2.846792545372e-04, 3.9146e+00, 8.5476e-02, 
 2DIAGNOSTIC,    14, -7.860940012366e-01, 1.513578400700e-04, 4.0015e+00, 8.6942e-02, 
 2DIAGNOSTIC,    15, -7.860957331994e-01, 5.956584579678e-05, 4.0793e+00, 7.7716e-02, 
 2DIAGNOSTIC,    16, -7.860753231422e-01, 8.416956980992e-06, 4.1658e+00, 8.6543e-02, 
 2DIAGNOSTIC,    17, -7.860519811587e-01, 6.119576167883e-06, 4.2526e+00, 8.6823e-02, 
 2DIAGNOSTIC,    18, -7.860303176516e-01, 4.414176815973e-06, 4.3292e+00, 7.6545e-02, 
 2DIAGNOSTIC,    19, -7.860025995714e-01, 2.351999763020e-06, 4.4307e+00, 1.0156e-01, 
DIAGNOSTIC,Iteration,metricValue,convergenceValue,ITERATION_TIME_INDEX,SINCE_LAST
 2DIAGNOSTIC,     1, -6.577354017377e-01, 1.797693134862e+308, 6.4024e+00, 1.9717e+00, 
 2DIAGNOSTIC,     2, -6.584204518685e-01, 1.797693134862e+308, 7.0321e+00, 6.2965e-01, 
 2DIAGNOSTIC,     3, -6.587910561591e-01, 1.797693134862e+308, 7.6698e+00, 6.3771e-01, 
 2DIAGNOSTIC,     4, -6.592759059655e-01, 1.797693134862e+308, 8.2876e+00, 6.1785e-01, 
 2DIAGNOSTIC,     5, -6.593937553758e-01, 1.797693134862e+308, 9.1625e+00, 8.7487e-01, 
 2DIAGNOSTIC,     6, -6.594292136851e-01, 1.797693134862e+308, 9.8799e+00, 7.1739e-01, 
 2DIAGNOSTIC,     7, -6.594373782820e-01, 1.797693134862e+308, 1.0603e+01, 7.2296e-01, 
 2DIAGNOSTIC,     8, -6.594416593635e-01, 1.797693134862e+308, 1.1304e+01, 7.0147e-01, 
 2DIAGNOSTIC,     9, -6.594437709920e-01, 1.797693134862e+308, 1.2004e+01, 7.0013e-01, 
 2DIAGNOSTIC,    10, -6.594474579921e-01, 1.387617765235e-04, 1.2794e+01, 7.8908e-01, 
 2DIAGNOSTIC,    11, -6.594421230193e-01, 7.096956481370e-05, 1.3745e+01, 9.5154e-01, 
 2DIAGNOSTIC,    12, -6.594423883114e-01, 3.289736111531e-05, 1.4446e+01, 7.0116e-01, 
 2DIAGNOSTIC,    13, -6.594410817352e-01, 9.803544902973e-06, 1.5169e+01, 7.2258e-01, 
 2DIAGNOSTIC,    14, -6.594383548564e-01, 4.099612508732e-06, 1.5882e+01, 7.1277e-01, 
 2DIAGNOSTIC,    15, -6.594385505880e-01, 2.358769024907e-06, 1.6619e+01, 7.3703e-01, 
 2DIAGNOSTIC,    16, -6.594373260443e-01, 1.732724341674e-06, 1.7247e+01, 6.2841e-01, 
 2DIAGNOSTIC,    17, -6.594362839133e-01, 1.383955966265e-06, 1.7883e+01, 6.3597e-01, 
 2DIAGNOSTIC,    18, -6.594385452685e-01, 1.274426921098e-06, 1.8676e+01, 7.9313e-01, 
 2DIAGNOSTIC,    19, -6.594388813094e-01, 1.272854079540e-06, 1.9383e+01, 7.0649e-01, 
 2DIAGNOSTIC,    20, -6.594377181430e-01, 1.366351642926e-06, 2.0021e+01, 6.3818e-01, 
 2DIAGNOSTIC,    21, -6.594367670035e-01, 1.343438175851e-06, 2.0764e+01, 7.4296e-01, 
 2DIAGNOSTIC,    22, -6.594375192972e-01, 1.359365346634e-06, 2.1467e+01, 7.0320e-01, 
 2DIAGNOSTIC,    23, -6.594351548141e-01, 1.312729838804e-06, 2.2169e+01, 7.0220e-01, 
 2DIAGNOSTIC,    24, -6.594356884165e-01, 1.237458089949e-06, 2.2787e+01, 6.1835e-01, 
 2DIAGNOSTIC,    25, -6.594365606502e-01, 1.195771131862e-06, 2.3496e+01, 7.0815e-01, 
 2DIAGNOSTIC,    26, -6.594374078221e-01, 1.158650454559e-06, 2.4220e+01, 7.2427e-01, 
 2DIAGNOSTIC,    27, -6.594336931805e-01, 1.053108337978e-06, 2.4925e+01, 7.0494e-01, 
 2DIAGNOSTIC,    28, -6.594357243053e-01, 1.034952507938e-06, 2.5633e+01, 7.0842e-01, 
DIAGNOSTIC,Iteration,metricValue,convergenceValue,ITERATION_TIME_INDEX,SINCE_LAST
 2DIAGNOSTIC,     1, -5.804633617983e-01, 1.797693134862e+308, 3.0447e+01, 4.8134e+00, 
 2DIAGNOSTIC,     2, -5.810197384547e-01, 1.797693134862e+308, 3.4338e+01, 3.8909e+00, 
 2DIAGNOSTIC,     3, -5.816458971644e-01, 1.797693134862e+308, 3.8244e+01, 3.9066e+00, 
 2DIAGNOSTIC,     4, -5.823530640484e-01, 1.797693134862e+308, 4.2162e+01, 3.9183e+00, 
 2DIAGNOSTIC,     5, -5.844145203206e-01, 1.797693134862e+308, 5.1738e+01, 9.5753e+00, 
 2DIAGNOSTIC,     6, -5.844142064434e-01, 1.797693134862e+308, 5.7159e+01, 5.4212e+00, 
 2DIAGNOSTIC,     7, -5.844139876893e-01, 1.797693134862e+308, 6.1538e+01, 4.3793e+00, 
 2DIAGNOSTIC,     8, -5.844136100803e-01, 1.797693134862e+308, 6.7311e+01, 5.7725e+00, 
 2DIAGNOSTIC,     9, -5.844134297903e-01, 1.797693134862e+308, 7.1745e+01, 4.4342e+00, 
 2DIAGNOSTIC,    10, -5.844132750524e-01, 4.817382872365e-04, 7.6145e+01, 4.4005e+00, 
 2DIAGNOSTIC,    11, -5.844132352899e-01, 3.243586220338e-04, 8.0515e+01, 4.3690e+00, 
 2DIAGNOSTIC,    12, -5.844130245066e-01, 1.879964342228e-04, 8.5336e+01, 4.8211e+00, 
 2DIAGNOSTIC,    13, -5.844129238384e-01, 7.954377841048e-05, 8.9705e+01, 4.3693e+00, 
 2DIAGNOSTIC,    14, -5.844126902774e-01, 2.142373654021e-06, 9.3679e+01, 3.9743e+00, 
 2DIAGNOSTIC,    15, -5.844125125288e-01, 2.009819142682e-06, 9.8038e+01, 4.3588e+00, 
 2DIAGNOSTIC,    16, -5.844127073790e-01, 1.900710708103e-06, 1.0237e+02, 4.3291e+00, 
 2DIAGNOSTIC,    17, -5.844127450113e-01, 1.807513952783e-06, 1.0670e+02, 4.3311e+00, 
 2DIAGNOSTIC,    18, -5.844125565879e-01, 1.715585296762e-06, 1.1063e+02, 3.9280e+00, 
 2DIAGNOSTIC,    19, -5.844124551380e-01, 1.631470884778e-06, 1.1501e+02, 4.3805e+00, 
 2DIAGNOSTIC,    20, -5.844124855939e-01, 1.556925656669e-06, 1.1891e+02, 3.9016e+00, 
 2DIAGNOSTIC,    21, -5.844123311797e-01, 1.488107463560e-06, 1.2331e+02, 4.3998e+00, 
 2DIAGNOSTIC,    22, -5.844124073198e-01, 1.425192729089e-06, 1.2765e+02, 4.3414e+00, 
 2DIAGNOSTIC,    23, -5.844124834406e-01, 1.369461173559e-06, 1.3207e+02, 4.4220e+00, 
 2DIAGNOSTIC,    24, -5.844125595689e-01, 1.316708828046e-06, 1.3746e+02, 5.3844e+00, 
 2DIAGNOSTIC,    25, -5.844124599459e-01, 1.263554059876e-06, 1.4136e+02, 3.9027e+00, 
 2DIAGNOSTIC,    26, -5.844122141607e-01, 1.214510698809e-06, 1.4574e+02, 4.3849e+00, 
 2DIAGNOSTIC,    27, -5.844122584023e-01, 1.171707730223e-06, 1.5018e+02, 4.4337e+00, 
 2DIAGNOSTIC,    28, -5.844121298279e-01, 1.127026701540e-06, 1.5411e+02, 3.9348e+00, 
 2DIAGNOSTIC,    29, -5.844120210063e-01, 1.082792675557e-06, 1.5804e+02, 3.9255e+00, 
 2DIAGNOSTIC,    30, -5.844121027320e-01, 1.044918630830e-06, 1.6198e+02, 3.9436e+00, 
 2DIAGNOSTIC,    31, -5.844122409079e-01, 1.010740962051e-06, 1.6640e+02, 4.4158e+00, 
  Elapsed time (stage 1): 1.6890e+02


Stage 2
  iterations = 100x70x50x20
  convergence threshold = 1.0000e-06
  convergence window size = 10
  number of levels = 4
  using the CC metric (radius = 4, weight = 1.0000e+00, use gradient filter = 0)
  preprocessing:  winsorizing the image intensities
  Shrink factors (level 1 out of 4): [8, 8, 8]
  Shrink factors (level 2 out of 4): [4, 4, 4]
  Shrink factors (level 3 out of 4): [2, 2, 2]
  Shrink factors (level 4 out of 4): [1, 1, 1]
  smoothing sigmas per level: [3, 2, 1, 0]
  Using default NONE metricSamplingStrategy 

*** Running SyN registration (varianceForUpdateField = 3.0000e+00, varianceForTotalField = 0.0000e+00) ***

XXDIAGNOSTIC,Iteration,metricValue,convergenceValue,ITERATION_TIME_INDEX,SINCE_LAST
 1DIAGNOSTIC,     1, -9.438085550222e-01, 1.797693134862e+308, 1.8143e+00, 1.8143e+00, 
 1DIAGNOSTIC,     2, -9.502543884420e-01, 1.797693134862e+308, 2.4600e+00, 6.4567e-01, 
 1DIAGNOSTIC,     3, -9.544905651988e-01, 1.797693134862e+308, 3.0921e+00, 6.3208e-01, 
 1DIAGNOSTIC,     4, -9.570663208473e-01, 1.797693134862e+308, 3.7591e+00, 6.6705e-01, 
 1DIAGNOSTIC,     5, -9.600363022147e-01, 1.797693134862e+308, 4.3753e+00, 6.1617e-01, 
 1DIAGNOSTIC,     6, -9.635244043082e-01, 1.797693134862e+308, 4.9904e+00, 6.1513e-01, 
 1DIAGNOSTIC,     7, -9.665108988239e-01, 1.797693134862e+308, 5.6082e+00, 6.1778e-01, 
 1DIAGNOSTIC,     8, -9.693787542181e-01, 1.797693134862e+308, 6.2369e+00, 6.2871e-01, 
 1DIAGNOSTIC,     9, -9.717726986545e-01, 1.797693134862e+308, 6.8549e+00, 6.1792e-01, 
 1DIAGNOSTIC,    10, -9.739652559387e-01, 1.907429318618e-03, 7.4710e+00, 6.1611e-01, 
 1DIAGNOSTIC,    11, -9.751051868764e-01, 1.534425388203e-03, 8.0871e+00, 6.1616e-01, 
 1DIAGNOSTIC,    12, -9.759316292449e-01, 1.263809211324e-03, 8.7046e+00, 6.1750e-01, 
 1DIAGNOSTIC,    13, -9.761713341915e-01, 1.022464824456e-03, 9.3191e+00, 6.1446e-01, 
 1DIAGNOSTIC,    14, -9.769241679068e-01, 7.927037836771e-04, 9.9371e+00, 6.1796e-01, 
 1DIAGNOSTIC,    15, -9.770609158933e-01, 5.813151572314e-04, 1.0554e+01, 6.1743e-01, 
 1DIAGNOSTIC,    16, -9.775448645944e-01, 4.159046764644e-04, 1.1171e+01, 6.1682e-01, 
 1DIAGNOSTIC,    17, -9.774681812931e-01, 2.817278361188e-04, 1.1787e+01, 6.1599e-01, 
 1DIAGNOSTIC,    18, -9.777663553961e-01, 1.880246098442e-04, 1.2402e+01, 6.1484e-01, 
 1DIAGNOSTIC,    19, -9.776735510741e-01, 1.217763782030e-04, 1.3035e+01, 6.3247e-01, 
 1DIAGNOSTIC,    20, -9.779241380673e-01, 8.658125160076e-05, 1.3698e+01, 6.6343e-01, 
 1DIAGNOSTIC,    21, -9.777465500826e-01, 6.000599865096e-05, 1.4327e+01, 6.2856e-01, 
 1DIAGNOSTIC,    22, -9.779423564167e-01, 4.414992078862e-05, 1.4941e+01, 6.1482e-01, 
 1DIAGNOSTIC,    23, -9.778159896141e-01, 2.687862640420e-05, 1.5595e+01, 6.5356e-01, 
 1DIAGNOSTIC,    24, -9.780576382166e-01, 2.084342043812e-05, 1.6226e+01, 6.3115e-01, 
 1DIAGNOSTIC,    25, -9.779061431605e-01, 1.307549047702e-05, 1.6857e+01, 6.3083e-01, 
 1DIAGNOSTIC,    26, -9.780899731015e-01, 1.243862109408e-05, 1.7489e+01, 6.3234e-01, 
 1DIAGNOSTIC,    27, -9.778940941269e-01, 7.722424613096e-06, 1.8133e+01, 6.4366e-01, 
 1DIAGNOSTIC,    28, -9.780524607234e-01, 7.588546217262e-06, 1.8749e+01, 6.1620e-01, 
 1DIAGNOSTIC,    29, -9.778674941132e-01, 3.922594003516e-06, 1.9380e+01, 6.3078e-01, 
 1DIAGNOSTIC,    30, -9.780306628853e-01, 4.369597946273e-06, 2.0004e+01, 6.2448e-01, 
 1DIAGNOSTIC,    31, -9.778482153125e-01, 9.921012861444e-07, 2.0625e+01, 6.2084e-01, 
XXDIAGNOSTIC,Iteration,metricValue,convergenceValue,ITERATION_TIME_INDEX,SINCE_LAST
 1DIAGNOSTIC,     1, -9.246330678921e-01, 1.797693134862e+308, 2.6894e+01, 6.2683e+00, 
 1DIAGNOSTIC,     2, -9.268070937047e-01, 1.797693134862e+308, 3.1946e+01, 5.0523e+00, 
 1DIAGNOSTIC,     3, -9.294326331555e-01, 1.797693134862e+308, 3.7085e+01, 5.1387e+00, 
 1DIAGNOSTIC,     4, -9.323852303487e-01, 1.797693134862e+308, 4.2097e+01, 5.0128e+00, 
 1DIAGNOSTIC,     5, -9.346828321912e-01, 1.797693134862e+308, 4.7122e+01, 5.0243e+00, 
 1DIAGNOSTIC,     6, -9.364989758946e-01, 1.797693134862e+308, 5.2169e+01, 5.0477e+00, 
 1DIAGNOSTIC,     7, -9.379212101170e-01, 1.797693134862e+308, 5.7239e+01, 5.0697e+00, 
 1DIAGNOSTIC,     8, -9.391228878180e-01, 1.797693134862e+308, 6.2259e+01, 5.0202e+00, 
 1DIAGNOSTIC,     9, -9.400447471953e-01, 1.797693134862e+308, 6.7313e+01, 5.0537e+00, 
 1DIAGNOSTIC,    10, -9.408601872463e-01, 1.143377816370e-03, 7.2322e+01, 5.0094e+00, 
 1DIAGNOSTIC,    11, -9.415171592440e-01, 8.977311112768e-04, 7.7455e+01, 5.1323e+00, 
 1DIAGNOSTIC,    12, -9.420919252004e-01, 6.818670006370e-04, 8.2547e+01, 5.0929e+00, 
 1DIAGNOSTIC,    13, -9.424558826190e-01, 5.067395843993e-04, 8.7688e+01, 5.1408e+00, 
 1DIAGNOSTIC,    14, -9.428535330556e-01, 3.828261888755e-04, 9.2718e+01, 5.0298e+00, 
 1DIAGNOSTIC,    15, -9.430807186891e-01, 2.912057067956e-04, 9.7819e+01, 5.1006e+00, 
 1DIAGNOSTIC,    16, -9.434317863968e-01, 2.252321202663e-04, 1.0288e+02, 5.0659e+00, 
 1DIAGNOSTIC,    17, -9.436204302852e-01, 1.748066017621e-04, 1.0797e+02, 5.0862e+00, 
 1DIAGNOSTIC,    18, -9.439511910548e-01, 1.396175450665e-04, 1.1305e+02, 5.0779e+00, 
 1DIAGNOSTIC,    19, -9.441034569104e-01, 1.122439105984e-04, 1.1815e+02, 5.1053e+00, 
 1DIAGNOSTIC,    20, -9.444054331213e-01, 9.411734225775e-05, 1.2324e+02, 5.0838e+00, 
 1DIAGNOSTIC,    21, -9.445399899293e-01, 8.030992323705e-05, 1.2832e+02, 5.0783e+00, 
 1DIAGNOSTIC,    22, -9.448193420469e-01, 7.208299049190e-05, 1.3346e+02, 5.1391e+00, 
 1DIAGNOSTIC,    23, -9.449393553586e-01, 6.418631440182e-05, 1.3854e+02, 5.0887e+00, 
 1DIAGNOSTIC,    24, -9.450638159577e-01, 5.761993380932e-05, 1.4364e+02, 5.0993e+00, 
 1DIAGNOSTIC,    25, -9.451886067260e-01, 5.048004830054e-05, 1.4872e+02, 5.0753e+00, 
 1DIAGNOSTIC,    26, -9.453142524777e-01, 4.476757969469e-05, 1.5383e+02, 5.1158e+00, 
 1DIAGNOSTIC,    27, -9.454394649590e-01, 3.879888855064e-05, 1.5890e+02, 5.0659e+00, 
 1DIAGNOSTIC,    28, -9.455637122045e-01, 3.459917461433e-05, 1.6403e+02, 5.1295e+00, 
 1DIAGNOSTIC,    29, -9.456886445374e-01, 3.036180550725e-05, 1.6914e+02, 5.1137e+00, 
 1DIAGNOSTIC,    30, -9.458077959221e-01, 2.786619049867e-05, 1.7422e+02, 5.0723e+00, 
 1DIAGNOSTIC,    31, -9.459236811518e-01, 2.536289646553e-05, 1.7945e+02, 5.2387e+00, 
 1DIAGNOSTIC,    32, -9.460305480907e-01, 2.432960376839e-05, 1.8459e+02, 5.1341e+00, 
 1DIAGNOSTIC,    33, -9.461359220824e-01, 2.318328635684e-05, 1.8973e+02, 5.1389e+00, 
 1DIAGNOSTIC,    34, -9.462350176828e-01, 2.195522006704e-05, 1.9476e+02, 5.0341e+00, 
 1DIAGNOSTIC,    35, -9.463298131658e-01, 2.067046027671e-05, 1.9989e+02, 5.1267e+00, 
 1DIAGNOSTIC,    36, -9.464205187950e-01, 1.937009963440e-05, 2.0502e+02, 5.1281e+00, 
 1DIAGNOSTIC,    37, -9.465076577471e-01, 1.809224958946e-05, 2.1014e+02, 5.1210e+00, 
 1DIAGNOSTIC,    38, -9.465915080544e-01, 1.687234670337e-05, 2.1520e+02, 5.0675e+00, 
 1DIAGNOSTIC,    39, -9.466716065711e-01, 1.575357622242e-05, 2.2023e+02, 5.0207e+00, 
 1DIAGNOSTIC,    40, -9.467479893972e-01, 1.472256901908e-05, 2.2528e+02, 5.0594e+00, 
 1DIAGNOSTIC,    41, -9.468267290739e-01, 1.382861052664e-05, 2.3040e+02, 5.1133e+00, 
 1DIAGNOSTIC,    42, -9.468961786539e-01, 1.297998109524e-05, 2.3545e+02, 5.0531e+00, 
 1DIAGNOSTIC,    43, -9.469608416330e-01, 1.218160172152e-05, 2.4051e+02, 5.0558e+00, 
 1DIAGNOSTIC,    44, -9.470237797541e-01, 1.142368229926e-05, 2.4561e+02, 5.1050e+00, 
 1DIAGNOSTIC,    45, -9.470844651424e-01, 1.070502986184e-05, 2.5067e+02, 5.0605e+00, 
 1DIAGNOSTIC,    46, -9.471399616791e-01, 1.000648459269e-05, 2.5576e+02, 5.0834e+00, 
 1DIAGNOSTIC,    47, -9.471964497292e-01, 9.356326618682e-06, 2.6091e+02, 5.1499e+00, 
 1DIAGNOSTIC,    48, -9.472511811953e-01, 8.762233620712e-06, 2.6594e+02, 5.0381e+00, 
 1DIAGNOSTIC,    49, -9.472965822823e-01, 8.178577082459e-06, 2.7096e+02, 5.0140e+00, 
 1DIAGNOSTIC,    50, -9.473475083562e-01, 7.654773118027e-06, 2.7600e+02, 5.0464e+00, 
 1DIAGNOSTIC,    51, -9.473956158915e-01, 7.218883524639e-06, 2.8114e+02, 5.1340e+00, 
 1DIAGNOSTIC,    52, -9.474444467719e-01, 6.844026998978e-06, 2.8619e+02, 5.0550e+00, 
 1DIAGNOSTIC,    53, -9.474918149765e-01, 6.514005709054e-06, 2.9123e+02, 5.0348e+00, 
 1DIAGNOSTIC,    54, -9.475380974482e-01, 6.230801925800e-06, 2.9633e+02, 5.0966e+00, 
 1DIAGNOSTIC,    55, -9.475841612852e-01, 5.994485518655e-06, 3.0136e+02, 5.0376e+00, 
 1DIAGNOSTIC,    56, -9.476276404119e-01, 5.771383001542e-06, 3.0641e+02, 5.0495e+00, 
 1DIAGNOSTIC,    57, -9.476699328779e-01, 5.571329437567e-06, 3.1152e+02, 5.1070e+00, 
 1DIAGNOSTIC,    58, -9.477125701304e-01, 5.396885043918e-06, 3.1665e+02, 5.1296e+00, 
 1DIAGNOSTIC,    59, -9.477388527067e-01, 5.122030415434e-06, 3.2171e+02, 5.0607e+00, 
 1DIAGNOSTIC,    60, -9.477750017746e-01, 4.849331584750e-06, 3.2675e+02, 5.0391e+00, 
 1DIAGNOSTIC,    61, -9.478103237793e-01, 4.576308296006e-06, 3.3185e+02, 5.1007e+00, 
 1DIAGNOSTIC,    62, -9.478390017209e-01, 4.292482737162e-06, 3.3688e+02, 5.0317e+00, 
 1DIAGNOSTIC,    63, -9.478744037279e-01, 4.045549948171e-06, 3.4196e+02, 5.0777e+00, 
 1DIAGNOSTIC,    64, -9.479087893145e-01, 3.840642065125e-06, 3.4701e+02, 5.0523e+00, 
 1DIAGNOSTIC,    65, -9.479430239947e-01, 3.687564832801e-06, 3.5211e+02, 5.0966e+00, 
 1DIAGNOSTIC,    66, -9.479767139841e-01, 3.578146117858e-06, 3.5722e+02, 5.1118e+00, 
 1DIAGNOSTIC,    67, -9.480101108583e-01, 3.509100255407e-06, 3.6225e+02, 5.0267e+00, 
 1DIAGNOSTIC,    68, -9.480422376799e-01, 3.478199541742e-06, 3.6730e+02, 5.0577e+00, 
 1DIAGNOSTIC,    69, -9.480748882932e-01, 3.411045681250e-06, 3.7236e+02, 5.0528e+00, 
 1DIAGNOSTIC,    70, -9.481069599996e-01, 3.350834392582e-06, 3.7748e+02, 5.1236e+00, 
XXDIAGNOSTIC,Iteration,metricValue,convergenceValue,ITERATION_TIME_INDEX,SINCE_LAST
 1DIAGNOSTIC,     1, -8.974429074253e-01, 1.797693134862e+308, 4.1909e+02, 4.1608e+01, 
 1DIAGNOSTIC,     2, -8.997950264520e-01, 1.797693134862e+308, 4.5898e+02, 3.9896e+01, 
 1DIAGNOSTIC,     3, -9.025039006360e-01, 1.797693134862e+308, 4.9907e+02, 4.0084e+01, 
 1DIAGNOSTIC,     4, -9.048980763455e-01, 1.797693134862e+308, 5.3944e+02, 4.0367e+01, 
 1DIAGNOSTIC,     5, -9.071660076836e-01, 1.797693134862e+308, 5.7970e+02, 4.0264e+01, 
 1DIAGNOSTIC,     6, -9.091126003518e-01, 1.797693134862e+308, 6.1962e+02, 3.9919e+01, 
 1DIAGNOSTIC,     7, -9.107425358348e-01, 1.797693134862e+308, 6.5970e+02, 4.0082e+01, 
 1DIAGNOSTIC,     8, -9.122643009130e-01, 1.797693134862e+308, 6.9987e+02, 4.0168e+01, 
 1DIAGNOSTIC,     9, -9.136960646966e-01, 1.797693134862e+308, 7.4014e+02, 4.0272e+01, 
 1DIAGNOSTIC,    10, -9.148984511485e-01, 1.240656483458e-03, 7.8036e+02, 4.0216e+01, 
 1DIAGNOSTIC,    11, -9.160304002633e-01, 1.024092929660e-03, 8.2109e+02, 4.0734e+01, 
 1DIAGNOSTIC,    12, -9.170728624501e-01, 8.395877301625e-04, 8.6148e+02, 4.0390e+01, 
 1DIAGNOSTIC,    13, -9.179138723750e-01, 6.924382829252e-04, 9.0220e+02, 4.0721e+01, 
 1DIAGNOSTIC,    14, -9.188057690029e-01, 5.761743123428e-04, 9.4273e+02, 4.0529e+01, 
 1DIAGNOSTIC,    15, -9.195137196418e-01, 4.842505268790e-04, 9.8341e+02, 4.0676e+01, 
 1DIAGNOSTIC,    16, -9.201717851678e-01, 4.099323790979e-04, 1.0239e+03, 4.0534e+01, 
 1DIAGNOSTIC,    17, -9.207944292976e-01, 3.476825401542e-04, 1.0646e+03, 4.0647e+01, 
 1DIAGNOSTIC,    18, -9.213933570815e-01, 2.966895447494e-04, 1.1052e+03, 4.0571e+01, 
 1DIAGNOSTIC,    19, -9.219723296735e-01, 2.563504637108e-04, 1.1457e+03, 4.0588e+01, 
 1DIAGNOSTIC,    20, -9.225441819729e-01, 2.236661684515e-04, 1.1864e+03, 4.0658e+01, 
 1DIAGNOSTIC,    21, -9.231089723605e-01, 1.982588263485e-04, 1.2271e+03, 4.0717e+01, 
 1DIAGNOSTIC,    22, -9.236239220938e-01, 1.785851944180e-04, 1.2678e+03, 4.0668e+01, 
 1DIAGNOSTIC,    23, -9.240956155383e-01, 1.615390398417e-04, 1.3083e+03, 4.0475e+01, 
 1DIAGNOSTIC,    24, -9.245325363464e-01, 1.479265154040e-04, 1.3492e+03, 4.0890e+01, 
 1DIAGNOSTIC,    25, -9.249324423409e-01, 1.352346665046e-04, 1.3897e+03, 4.0505e+01, 
 1DIAGNOSTIC,    26, -9.253054164917e-01, 1.230795663235e-04, 1.4304e+03, 4.0755e+01, 
 1DIAGNOSTIC,    27, -9.256574932901e-01, 1.114172005062e-04, 1.4711e+03, 4.0646e+01, 
 1DIAGNOSTIC,    28, -9.259948632068e-01, 1.004468359723e-04, 1.5117e+03, 4.0645e+01, 
 1DIAGNOSTIC,    29, -9.263212223223e-01, 9.042111276421e-05, 1.5526e+03, 4.0929e+01, 
 1DIAGNOSTIC,    30, -9.266307037830e-01, 8.160950984987e-05, 1.5933e+03, 4.0677e+01, 
 1DIAGNOSTIC,    31, -9.269287551636e-01, 7.426590672442e-05, 1.6341e+03, 4.0763e+01, 
 1DIAGNOSTIC,    32, -9.272188157255e-01, 6.814225667504e-05, 1.6747e+03, 4.0607e+01, 
 1DIAGNOSTIC,    33, -9.275028179466e-01, 6.302536037234e-05, 1.7154e+03, 4.0724e+01, 
 1DIAGNOSTIC,    34, -9.277832473498e-01, 5.876976427761e-05, 1.7560e+03, 4.0591e+01, 
 1DIAGNOSTIC,    35, -9.280581665229e-01, 5.515644384353e-05, 1.7967e+03, 4.0711e+01, 
 1DIAGNOSTIC,    36, -9.283252783336e-01, 5.202000410976e-05, 1.8375e+03, 4.0789e+01, 
 1DIAGNOSTIC,    37, -9.285864908380e-01, 4.925138099189e-05, 1.8782e+03, 4.0746e+01, 
 1DIAGNOSTIC,    38, -9.288452854027e-01, 4.681090236979e-05, 1.9185e+03, 4.0303e+01, 
 1DIAGNOSTIC,    39, -9.291020914064e-01, 4.467945971735e-05, 1.9593e+03, 4.0801e+01, 
 1DIAGNOSTIC,    40, -9.293452547286e-01, 4.268719178998e-05, 2.0000e+03, 4.0654e+01, 
 1DIAGNOSTIC,    41, -9.295644272062e-01, 4.064403181469e-05, 2.0409e+03, 4.0884e+01, 
 1DIAGNOSTIC,    42, -9.297630873261e-01, 3.844374916200e-05, 2.0819e+03, 4.1009e+01, 
 1DIAGNOSTIC,    43, -9.299454126001e-01, 3.605391651471e-05, 2.1227e+03, 4.0781e+01, 
 1DIAGNOSTIC,    44, -9.301129214898e-01, 3.349999393019e-05, 2.1635e+03, 4.0798e+01, 
 1DIAGNOSTIC,    45, -9.302685873647e-01, 3.084146038834e-05, 2.2046e+03, 4.1135e+01, 
 1DIAGNOSTIC,    46, -9.304111275626e-01, 2.813087466574e-05, 2.2455e+03, 4.0897e+01, 
 1DIAGNOSTIC,    47, -9.305448531888e-01, 2.547176363753e-05, 2.2863e+03, 4.0823e+01, 
 1DIAGNOSTIC,    48, -9.306701276805e-01, 2.298663545658e-05, 2.3269e+03, 4.0555e+01, 
 1DIAGNOSTIC,    49, -9.307880310030e-01, 2.079290955416e-05, 2.3676e+03, 4.0757e+01, 
 1DIAGNOSTIC,    50, -9.309020977007e-01, 1.893280501105e-05, 2.4083e+03, 4.0672e+01, 
XXDIAGNOSTIC,Iteration,metricValue,convergenceValue,ITERATION_TIME_INDEX,SINCE_LAST
 1DIAGNOSTIC,     1, -8.794510530532e-01, 1.797693134862e+308, 2.7389e+03, 3.3056e+02, 
 1DIAGNOSTIC,     2, -8.805892541299e-01, 1.797693134862e+308, 3.0637e+03, 3.2484e+02, 
 1DIAGNOSTIC,     3, -8.820070384487e-01, 1.797693134862e+308, 3.3889e+03, 3.2519e+02, 
 1DIAGNOSTIC,     4, -8.834753948751e-01, 1.797693134862e+308, 3.7128e+03, 3.2386e+02, 
 1DIAGNOSTIC,     5, -8.849060269149e-01, 1.797693134862e+308, 4.0365e+03, 3.2372e+02, 
 1DIAGNOSTIC,     6, -8.863411919299e-01, 1.797693134862e+308, 4.3606e+03, 3.2408e+02, 
 1DIAGNOSTIC,     7, -8.876828439788e-01, 1.797693134862e+308, 4.6848e+03, 3.2427e+02, 
 1DIAGNOSTIC,     8, -8.889900391129e-01, 1.797693134862e+308, 5.0087e+03, 3.2381e+02, 
 1DIAGNOSTIC,     9, -8.902258153353e-01, 1.797693134862e+308, 5.3340e+03, 3.2530e+02, 
 1DIAGNOSTIC,    10, -8.913762744970e-01, 8.841462910162e-04, 5.6578e+03, 3.2385e+02, 
 1DIAGNOSTIC,    11, -8.923321347737e-01, 7.841925812658e-04, 5.9832e+03, 3.2535e+02, 
 1DIAGNOSTIC,    12, -8.933064815464e-01, 6.866673910686e-04, 6.3093e+03, 3.2612e+02, 
 1DIAGNOSTIC,    13, -8.941404780008e-01, 5.972084427597e-04, 6.6349e+03, 3.2567e+02, 
 1DIAGNOSTIC,    14, -8.948303670576e-01, 5.153027054890e-04, 6.9611e+03, 3.2620e+02, 
 1DIAGNOSTIC,    15, -8.954511059812e-01, 4.407861484578e-04, 7.2874e+03, 3.2628e+02, 
 1DIAGNOSTIC,    16, -8.960309517552e-01, 3.752548966382e-04, 7.6134e+03, 3.2596e+02, 
 1DIAGNOSTIC,    17, -8.965693723698e-01, 3.180136011074e-04, 7.9391e+03, 3.2574e+02, 
 1DIAGNOSTIC,    18, -8.970799969970e-01, 2.698065035206e-04, 8.2654e+03, 3.2624e+02, 
 1DIAGNOSTIC,    19, -8.975577421659e-01, 2.303179872834e-04, 8.5924e+03, 3.2704e+02, 
 1DIAGNOSTIC,    20, -8.980066812562e-01, 1.988349306546e-04, 8.9185e+03, 3.2608e+02, 
  Elapsed time (stage 2): 8921


Total elapsed time: 9223
 Registration finished. The antsRegistration call was:
--------------------------------------------------------------------------------------
/opt/ants/bin/antsRegistration --verbose 1 --dimensionality 3 --float 0 --collapse-output-transforms 1 --output [ /data/derivatives/ants/registrationSyN/sub-s031/ses-open/anat/,/data/derivatives/ants/registrationSyN/sub-s031/ses-open/anat/Warped.nii.gz,/data/derivatives/ants/registrationSyN/sub-s031/ses-open/anat/InverseWarped.nii.gz ] --interpolation Linear --use-histogram-matching 0 --winsorize-image-intensities [ 0.005,0.995 ] --initial-moving-transform [ /templateflow/tpl-MNI152NLin2009cAsym//tpl-MNI152NLin2009cAsym_res-01_desc-brain_T1w.nii.gz,/data/derivatives/fsl/fast/sub-s031/ses-open/anat/BrainExtractionBrain_seg.nii.gz,1 ] --transform Rigid[ 0.1 ] --metric MI[ /templateflow/tpl-MNI152NLin2009cAsym//tpl-MNI152NLin2009cAsym_res-01_desc-brain_T1w.nii.gz,/data/derivatives/fsl/fast/sub-s031/ses-open/anat/BrainExtractionBrain_seg.nii.gz,1,32,Regular,0.25 ] --convergence [ 1000x500x250x100,1e-6,10 ] --shrink-factors 8x4x2x1 --smoothing-sigmas 3x2x1x0vox --transform Affine[ 0.1 ] --metric MI[ /templateflow/tpl-MNI152NLin2009cAsym//tpl-MNI152NLin2009cAsym_res-01_desc-brain_T1w.nii.gz,/data/derivatives/fsl/fast/sub-s031/ses-open/anat/BrainExtractionBrain_seg.nii.gz,1,32,Regular,0.25 ] --convergence [ 1000x500x250x100,1e-6,10 ] --shrink-factors 8x4x2x1 --smoothing-sigmas 3x2x1x0vox --transform SyN[ 0.1,3,0 ] --metric CC[ /templateflow/tpl-MNI152NLin2009cAsym//tpl-MNI152NLin2009cAsym_res-01_desc-brain_T1w.nii.gz,/data/derivatives/fsl/fast/sub-s031/ses-open/anat/BrainExtractionBrain_seg.nii.gz,1,4 ] --convergence [ 100x70x50x20,1e-6,10 ] --shrink-factors 8x4x2x1 --smoothing-sigmas 3x2x1x0vox
--------------------------------------------------------------------------------------
Moving image resampled into fixed space: /data/derivatives/ants/registrationSyN/sub-s031/ses-open/anat/Warped.nii.gz
Fixed image resampled into moving space: /data/derivatives/ants/registrationSyN/sub-s031/ses-open/anat/InverseWarped.nii.gz
--------------------------------------------------------------------------------------
Elapsed Time: 9227.753s
    SP GFLOPS: 0.000
    DP GFLOPS: 0.914
    x87 GFLOPS: 0.003
    CPI Rate: 0.457
    Average CPU Frequency: 3.636 GHz
    Total Thread Count: 15
Effective Physical Core Utilization: 3.1% (0.977 out of 32)
 | The metric value is low, which may signal a poor physical CPU cores
 | utilization caused by:
 |     - load imbalance
 |     - threading runtime overhead
 |     - contended synchronization
 |     - thread/process underutilization
 |     - incorrect affinity that utilizes logical cores instead of physical
 |       cores
 | Explore sub-metrics to estimate the efficiency of MPI and OpenMP parallelism
 | or run the Locks and Waits analysis to identify parallel bottlenecks for
 | other parallel runtimes.
 |
    Effective Logical Core Utilization: 1.5% (0.979 out of 64)
     | The metric value is low, which may signal a poor logical CPU cores
     | utilization. Consider improving physical core utilization as the first
     | step and then look at opportunities to utilize logical cores, which in
     | some cases can improve processor throughput and overall performance of
     | multi-threaded applications.
     |
Memory Bound: 14.7% of Pipeline Slots
    Cache Bound: 7.6% of Clockticks
    DRAM Bound: 0.4% of Clockticks
        DRAM Bandwidth Bound: 0.0% of Elapsed Time
    NUMA: % of Remote Accesses: 0.0%

    Bandwidth Utilization
    Bandwidth Domain             Platform Maximum  Observed Maximum  Average  % of Elapsed Time with High BW Utilization(%)
    ---------------------------  ----------------  ----------------  -------  ---------------------------------------------
    DRAM, GB/sec                 214                         12.100    0.068                                           0.0%
    DRAM Single-Package, GB/sec  107                         12.100    0.066                                           0.0%
Vectorization: 0.0% of Packed FP Operations
 | This code has floating point operations and is not vectorized. Consider
 | either recompiling the code with optimization options that allow
 | vectorization or using Intel Advisor to vectorize the loops.
 |
    Instruction Mix
        SP FLOPs: 0.0% of uOps
            Packed: 0.0% from SP FP
                128-bit: 0.0% from SP FP
                256-bit: 0.0% from SP FP
                512-bit: 0.0% from SP FP
            Scalar: 0.0% from SP FP
        DP FLOPs: 15.0% of uOps
            Packed: 0.0% from DP FP
                128-bit: 0.0% from DP FP
                256-bit: 0.0% from DP FP
                512-bit: 0.0% from DP FP
            Scalar: 100.0% from DP FP
             | This code has floating point operations and is not vectorized.
             | Consider either recompiling the code with optimization options
             | that allow vectorization or using Intel Advisor to vectorize the
             | loops.
             |
        x87 FLOPs: 0.0% of uOps
        Non-FP: 84.9% of uOps
    FP Arith/Mem Rd Instr. Ratio: 0.500
     | The metric value is low. This can be a result of unaligned access to data
     | for vector operations. Use Intel Advisor to find possible data access
     | inefficiencies for vector operations.
     |
    FP Arith/Mem Wr Instr. Ratio: 1.112
Collection and Platform Info
    Application Command Line: bash "tmp-scripts/LUIQqbBzTgALin63nclZiETxxX9sjxio.sh" 
    Operating System: 4.18.0-477.10.1.el8_lustre.x86_64 DISTRIB_ID=Ubuntu DISTRIB_RELEASE=20.04 DISTRIB_CODENAME=focal DISTRIB_DESCRIPTION="Ubuntu 20.04.5 LTS"
    Computer Name: comp01
    Result Size: 15.1 GB 
    Collection start time: 13:21:09 25/11/2023 UTC
    Collection stop time: 15:54:57 25/11/2023 UTC
    Collector Type: Driverless Perf per-process sampling
    CPU
        Name: Intel(R) Xeon(R) Processor code named Skylake
        Frequency: 2.095 GHz
        Logical CPU Count: 64
        Max DRAM Single-Package Bandwidth: 107.000 GB/s
        LLC size: 23.1 MB 

If you want to skip descriptions of detected performance issues in the report,
enter: vtune -report summary -report-knob show-issues=false -r <my_result_dir>.
Alternatively, you may view the report in the csv format: vtune -report
<report_name> -format=csv.
