---------------------
Profiling information

Pipeline: ants registrationSyN
NTHREAD: 1

DATASET: ds004513
SUBJECT_ID: s030
SLURM_ARRAY_TASK_ID: 13

SIF_IMG: /mnt/lustre/mathdugre/containers/ants-debug.simg
DATA_DIR: /mnt/lustre/mathdugre/mri-bottleneck/datasets/ds004513

PROJECT_DIR: /mnt/lustre/mathdugre/mri-bottleneck
PROFILING_DIR: /mnt/lustre/mathdugre/mri-bottleneck/vtune_output/1-threads/ants/registrationSyN/ds004513/sub-s030/n5OIjprEwSF6PqPpiYHz7Io6OByhJEO3
---------------------

Command to profile: bash tmp-scripts/n5OIjprEwSF6PqPpiYHz7Io6OByhJEO3.sh

--------------------------------------------------------------------------------------
 Mapping parameters
--------------------------------------------------------------------------------------
 ANTSPATH is /opt/ants/bin

 Dimensionality:           3
 Output name prefix:       /data/derivatives/ants/registrationSyN/sub-s030/ses-open/anat/
 Fixed images:             /templateflow/tpl-MNI152NLin2009cAsym//tpl-MNI152NLin2009cAsym_res-01_desc-brain_T1w.nii.gz
 Moving images:            /data/derivatives/fsl/fast/sub-s030/ses-open/anat/BrainExtractionBrain_seg.nii.gz
 Mask images:              
 Initial transforms:       
 Number of threads:        1
 Spline distance:          26
 SyN gradient step:        0.1
 Transform type:           s
 CC radius:                4
 Precision:                d
 Use histogram matching    0
 Repro                     0
======================================================================================
 antsRegistration call:
--------------------------------------------------------------------------------------
/opt/ants/bin/antsRegistration --verbose 1 --dimensionality 3 --float 0 --collapse-output-transforms 1 --output [ /data/derivatives/ants/registrationSyN/sub-s030/ses-open/anat/,/data/derivatives/ants/registrationSyN/sub-s030/ses-open/anat/Warped.nii.gz,/data/derivatives/ants/registrationSyN/sub-s030/ses-open/anat/InverseWarped.nii.gz ] --interpolation Linear --use-histogram-matching 0 --winsorize-image-intensities [ 0.005,0.995 ] --initial-moving-transform [ /templateflow/tpl-MNI152NLin2009cAsym//tpl-MNI152NLin2009cAsym_res-01_desc-brain_T1w.nii.gz,/data/derivatives/fsl/fast/sub-s030/ses-open/anat/BrainExtractionBrain_seg.nii.gz,1 ] --transform Rigid[ 0.1 ] --metric MI[ /templateflow/tpl-MNI152NLin2009cAsym//tpl-MNI152NLin2009cAsym_res-01_desc-brain_T1w.nii.gz,/data/derivatives/fsl/fast/sub-s030/ses-open/anat/BrainExtractionBrain_seg.nii.gz,1,32,Regular,0.25 ] --convergence [ 1000x500x250x100,1e-6,10 ] --shrink-factors 8x4x2x1 --smoothing-sigmas 3x2x1x0vox --transform Affine[ 0.1 ] --metric MI[ /templateflow/tpl-MNI152NLin2009cAsym//tpl-MNI152NLin2009cAsym_res-01_desc-brain_T1w.nii.gz,/data/derivatives/fsl/fast/sub-s030/ses-open/anat/BrainExtractionBrain_seg.nii.gz,1,32,Regular,0.25 ] --convergence [ 1000x500x250x100,1e-6,10 ] --shrink-factors 8x4x2x1 --smoothing-sigmas 3x2x1x0vox --transform SyN[ 0.1,3,0 ] --metric CC[ /templateflow/tpl-MNI152NLin2009cAsym//tpl-MNI152NLin2009cAsym_res-01_desc-brain_T1w.nii.gz,/data/derivatives/fsl/fast/sub-s030/ses-open/anat/BrainExtractionBrain_seg.nii.gz,1,4 ] --convergence [ 100x70x50x20,1e-6,10 ] --shrink-factors 8x4x2x1 --smoothing-sigmas 3x2x1x0vox
--------------------------------------------------------------------------------------
All_Command_lines_OK
Using double precision for computations.
=============================================================================
The composite transform comprises the following transforms (in order): 
  1. Center of mass alignment using fixed image: /templateflow/tpl-MNI152NLin2009cAsym//tpl-MNI152NLin2009cAsym_res-01_desc-brain_T1w.nii.gz and moving image: /data/derivatives/fsl/fast/sub-s030/ses-open/anat/BrainExtractionBrain_seg.nii.gz (type = Euler3DTransform)
=============================================================================
  number of levels = 4
  number of levels = 4
  number of levels = 4
  fixed image: /templateflow/tpl-MNI152NLin2009cAsym//tpl-MNI152NLin2009cAsym_res-01_desc-brain_T1w.nii.gz
  moving image: /data/derivatives/fsl/fast/sub-s030/ses-open/anat/BrainExtractionBrain_seg.nii.gz
  fixed image: /templateflow/tpl-MNI152NLin2009cAsym//tpl-MNI152NLin2009cAsym_res-01_desc-brain_T1w.nii.gz
  moving image: /data/derivatives/fsl/fast/sub-s030/ses-open/anat/BrainExtractionBrain_seg.nii.gz
  fixed image: /templateflow/tpl-MNI152NLin2009cAsym//tpl-MNI152NLin2009cAsym_res-01_desc-brain_T1w.nii.gz
  moving image: /data/derivatives/fsl/fast/sub-s030/ses-open/anat/BrainExtractionBrain_seg.nii.gz
Dimension = 3
Number of stages = 3
Use histogram matching = false
Winsorize image intensities = true
  Lower quantile = 0.005
  Upper quantile = 0.995


Stage 1 State
   Image metric = Mattes
     Fixed image = Image (0x55784baee5b0)
  RTTI typeinfo:   itk::Image<double, 3u>
  Reference Count: 2
  Modified Time: 1717
  Debug: Off
  Object Name: 
  Observers: 
    none
  Source: (none)
  Source output name: (none)
  Release Data: Off
  Data Released: False
  Global Release Data: Off
  PipelineMTime: 0
  UpdateMTime: 1502
  RealTimeStamp: 0 seconds 
  LargestPossibleRegion: 
    Dimension: 3
    Index: [0, 0, 0]
    Size: [193, 229, 193]
  BufferedRegion: 
    Dimension: 3
    Index: [0, 0, 0]
    Size: [193, 229, 193]
  RequestedRegion: 
    Dimension: 3
    Index: [0, 0, 0]
    Size: [193, 229, 193]
  Spacing: [1, 1, 1]
  Origin: [96, 132, -78]
  Direction: 
-1 0 0
0 -1 0
0 0 1

  IndexToPointMatrix: 
-1 0 0
0 -1 0
0 0 1

  PointToIndexMatrix: 
-1 0 0
0 -1 0
0 0 1

  Inverse Direction: 
-1 0 0
0 -1 0
0 0 1

  PixelContainer: 
    ImportImageContainer (0x55784baf7160)
      RTTI typeinfo:   itk::ImportImageContainer<unsigned long, double>
      Reference Count: 1
      Modified Time: 1499
      Debug: Off
      Object Name: 
      Observers: 
        none
      Pointer: 0x7fa854675010
      Container manages memory: true
      Size: 8530021
      Capacity: 8530021

     Moving image = Image (0x55784bafa0a0)
  RTTI typeinfo:   itk::Image<double, 3u>
  Reference Count: 2
  Modified Time: 1718
  Debug: Off
  Object Name: 
  Observers: 
    none
  Source: (none)
  Source output name: (none)
  Release Data: Off
  Data Released: False
  Global Release Data: Off
  PipelineMTime: 0
  UpdateMTime: 1715
  RealTimeStamp: 0 seconds 
  LargestPossibleRegion: 
    Dimension: 3
    Index: [0, 0, 0]
    Size: [160, 240, 256]
  BufferedRegion: 
    Dimension: 3
    Index: [0, 0, 0]
    Size: [160, 240, 256]
  RequestedRegion: 
    Dimension: 3
    Index: [0, 0, 0]
    Size: [160, 240, 256]
  Spacing: [1, 1, 1]
  Origin: [74.5645, 103.784, -122.692]
  Direction: 
-0.99889 0.0471064 0
-0.0471064 -0.99889 0
0 0 1

  IndexToPointMatrix: 
-0.99889 0.0471064 0
-0.0471064 -0.99889 0
0 0 1

  PointToIndexMatrix: 
-0.99889 -0.0471064 0
0.0471064 -0.99889 0
0 0 1

  Inverse Direction: 
-0.99889 -0.0471064 0
0.0471064 -0.99889 0
0 0 1

  PixelContainer: 
    ImportImageContainer (0x55784bb71f50)
      RTTI typeinfo:   itk::ImportImageContainer<unsigned long, double>
      Reference Count: 1
      Modified Time: 1712
      Debug: Off
      Object Name: 
      Observers: 
        none
      Pointer: 0x7fa84fb74010
      Container manages memory: true
      Size: 9830400
      Capacity: 9830400

     Weighting = 1
     Sampling strategy = regular
     Number of bins = 32
     Radius = 4
     Sampling percentage  = 0.25
   Transform = Rigid
     Gradient step = 0.1
     Update field sigma (voxel space) = 0
     Total field sigma (voxel space) = 0
     Update field time sigma = 0
     Total field time sigma  = 0
     Number of time indices = 0
     Number of time point samples = 0
Stage 2 State
   Image metric = Mattes
     Fixed image = Image (0x55784bb494a0)
  RTTI typeinfo:   itk::Image<double, 3u>
  Reference Count: 2
  Modified Time: 2145
  Debug: Off
  Object Name: 
  Observers: 
    none
  Source: (none)
  Source output name: (none)
  Release Data: Off
  Data Released: False
  Global Release Data: Off
  PipelineMTime: 0
  UpdateMTime: 1930
  RealTimeStamp: 0 seconds 
  LargestPossibleRegion: 
    Dimension: 3
    Index: [0, 0, 0]
    Size: [193, 229, 193]
  BufferedRegion: 
    Dimension: 3
    Index: [0, 0, 0]
    Size: [193, 229, 193]
  RequestedRegion: 
    Dimension: 3
    Index: [0, 0, 0]
    Size: [193, 229, 193]
  Spacing: [1, 1, 1]
  Origin: [96, 132, -78]
  Direction: 
-1 0 0
0 -1 0
0 0 1

  IndexToPointMatrix: 
-1 0 0
0 -1 0
0 0 1

  PointToIndexMatrix: 
-1 0 0
0 -1 0
0 0 1

  Inverse Direction: 
-1 0 0
0 -1 0
0 0 1

  PixelContainer: 
    ImportImageContainer (0x55784bbd2050)
      RTTI typeinfo:   itk::ImportImageContainer<unsigned long, double>
      Reference Count: 1
      Modified Time: 1927
      Debug: Off
      Object Name: 
      Observers: 
        none
      Pointer: 0x7fa84ba5f010
      Container manages memory: true
      Size: 8530021
      Capacity: 8530021

     Moving image = Image (0x55784bb49760)
  RTTI typeinfo:   itk::Image<double, 3u>
  Reference Count: 2
  Modified Time: 2146
  Debug: Off
  Object Name: 
  Observers: 
    none
  Source: (none)
  Source output name: (none)
  Release Data: Off
  Data Released: False
  Global Release Data: Off
  PipelineMTime: 0
  UpdateMTime: 2143
  RealTimeStamp: 0 seconds 
  LargestPossibleRegion: 
    Dimension: 3
    Index: [0, 0, 0]
    Size: [160, 240, 256]
  BufferedRegion: 
    Dimension: 3
    Index: [0, 0, 0]
    Size: [160, 240, 256]
  RequestedRegion: 
    Dimension: 3
    Index: [0, 0, 0]
    Size: [160, 240, 256]
  Spacing: [1, 1, 1]
  Origin: [74.5645, 103.784, -122.692]
  Direction: 
-0.99889 0.0471064 0
-0.0471064 -0.99889 0
0 0 1

  IndexToPointMatrix: 
-0.99889 0.0471064 0
-0.0471064 -0.99889 0
0 0 1

  PointToIndexMatrix: 
-0.99889 -0.0471064 0
0.0471064 -0.99889 0
0 0 1

  Inverse Direction: 
-0.99889 -0.0471064 0
0.0471064 -0.99889 0
0 0 1

  PixelContainer: 
    ImportImageContainer (0x55784bc721d0)
      RTTI typeinfo:   itk::ImportImageContainer<unsigned long, double>
      Reference Count: 1
      Modified Time: 2140
      Debug: Off
      Object Name: 
      Observers: 
        none
      Pointer: 0x7fa846f5e010
      Container manages memory: true
      Size: 9830400
      Capacity: 9830400

     Weighting = 1
     Sampling strategy = regular
     Number of bins = 32
     Radius = 4
     Sampling percentage  = 0.25
   Transform = Affine
     Gradient step = 0.1
     Update field sigma (voxel space) = 0
     Total field sigma (voxel space) = 0
     Update field time sigma = 0
     Total field time sigma  = 0
     Number of time indices = 0
     Number of time point samples = 0
Stage 3 State
   Image metric = CC
     Fixed image = Image (0x55784bb511a0)
  RTTI typeinfo:   itk::Image<double, 3u>
  Reference Count: 2
  Modified Time: 2573
  Debug: Off
  Object Name: 
  Observers: 
    none
  Source: (none)
  Source output name: (none)
  Release Data: Off
  Data Released: False
  Global Release Data: Off
  PipelineMTime: 0
  UpdateMTime: 2358
  RealTimeStamp: 0 seconds 
  LargestPossibleRegion: 
    Dimension: 3
    Index: [0, 0, 0]
    Size: [193, 229, 193]
  BufferedRegion: 
    Dimension: 3
    Index: [0, 0, 0]
    Size: [193, 229, 193]
  RequestedRegion: 
    Dimension: 3
    Index: [0, 0, 0]
    Size: [193, 229, 193]
  Spacing: [1, 1, 1]
  Origin: [96, 132, -78]
  Direction: 
-1 0 0
0 -1 0
0 0 1

  IndexToPointMatrix: 
-1 0 0
0 -1 0
0 0 1

  PointToIndexMatrix: 
-1 0 0
0 -1 0
0 0 1

  Inverse Direction: 
-1 0 0
0 -1 0
0 0 1

  PixelContainer: 
    ImportImageContainer (0x55784bc12150)
      RTTI typeinfo:   itk::ImportImageContainer<unsigned long, double>
      Reference Count: 1
      Modified Time: 2355
      Debug: Off
      Object Name: 
      Observers: 
        none
      Pointer: 0x7fa842e49010
      Container manages memory: true
      Size: 8530021
      Capacity: 8530021

     Moving image = Image (0x55784bb45f70)
  RTTI typeinfo:   itk::Image<double, 3u>
  Reference Count: 2
  Modified Time: 2574
  Debug: Off
  Object Name: 
  Observers: 
    none
  Source: (none)
  Source output name: (none)
  Release Data: Off
  Data Released: False
  Global Release Data: Off
  PipelineMTime: 0
  UpdateMTime: 2571
  RealTimeStamp: 0 seconds 
  LargestPossibleRegion: 
    Dimension: 3
    Index: [0, 0, 0]
    Size: [160, 240, 256]
  BufferedRegion: 
    Dimension: 3
    Index: [0, 0, 0]
    Size: [160, 240, 256]
  RequestedRegion: 
    Dimension: 3
    Index: [0, 0, 0]
    Size: [160, 240, 256]
  Spacing: [1, 1, 1]
  Origin: [74.5645, 103.784, -122.692]
  Direction: 
-0.99889 0.0471064 0
-0.0471064 -0.99889 0
0 0 1

  IndexToPointMatrix: 
-0.99889 0.0471064 0
-0.0471064 -0.99889 0
0 0 1

  PointToIndexMatrix: 
-0.99889 -0.0471064 0
0.0471064 -0.99889 0
0 0 1

  Inverse Direction: 
-0.99889 -0.0471064 0
0.0471064 -0.99889 0
0 0 1

  PixelContainer: 
    ImportImageContainer (0x55784bb4c100)
      RTTI typeinfo:   itk::ImportImageContainer<unsigned long, double>
      Reference Count: 1
      Modified Time: 2568
      Debug: Off
      Object Name: 
      Observers: 
        none
      Pointer: 0x7fa83e348010
      Container manages memory: true
      Size: 9830400
      Capacity: 9830400

     Weighting = 1
     Sampling strategy = none
     Number of bins = 32
     Radius = 4
     Sampling percentage  = 1
   Transform = SyN
     Gradient step = 0.1
     Update field sigma (voxel space) = 3
     Total field sigma (voxel space) = 0
     Update field time sigma = 0
     Total field time sigma  = 0
     Number of time indices = 0
     Number of time point samples = 0
Registration using 3 total stages.

Stage 0
  iterations = 1000x500x250x100
  convergence threshold = 1e-06
  convergence window size = 10
  number of levels = 4
  using the Mattes MI metric (number of bins = 32, weight = 1, use gradient filter = 0)
  preprocessing:  winsorizing the image intensities
  Shrink factors (level 1 out of 4): [8, 8, 8]
  Shrink factors (level 2 out of 4): [4, 4, 4]
  Shrink factors (level 3 out of 4): [2, 2, 2]
  Shrink factors (level 4 out of 4): [1, 1, 1]
  smoothing sigmas per level: [3, 2, 1, 0]
  regular sampling (percentage = 0.25)

*** Running Euler3DTransform registration ***

DIAGNOSTIC,Iteration,metricValue,convergenceValue,ITERATION_TIME_INDEX,SINCE_LAST
 2DIAGNOSTIC,     1, -6.142602185334e-01, 1.797693134862e+308, 1.4645e+00, 1.4645e+00, 
 2DIAGNOSTIC,     2, -6.149238237744e-01, 1.797693134862e+308, 1.4795e+00, 1.5036e-02, 
 2DIAGNOSTIC,     3, -6.155853285510e-01, 1.797693134862e+308, 1.4934e+00, 1.3945e-02, 
 2DIAGNOSTIC,     4, -6.179254424209e-01, 1.797693134862e+308, 1.5028e+00, 9.3489e-03, 
 2DIAGNOSTIC,     5, -6.206823440197e-01, 1.797693134862e+308, 1.5132e+00, 1.0461e-02, 
 2DIAGNOSTIC,     6, -6.209118691204e-01, 1.797693134862e+308, 1.5291e+00, 1.5842e-02, 
 2DIAGNOSTIC,     7, -6.211995049741e-01, 1.797693134862e+308, 1.5398e+00, 1.0755e-02, 
 2DIAGNOSTIC,     8, -6.215200866154e-01, 1.797693134862e+308, 1.5467e+00, 6.8150e-03, 
 2DIAGNOSTIC,     9, -6.220177139444e-01, 1.797693134862e+308, 1.5534e+00, 6.7019e-03, 
 2DIAGNOSTIC,    10, -6.229732435218e-01, 9.507145650451e-04, 1.5635e+00, 1.0144e-02, 
 2DIAGNOSTIC,    11, -6.242866539815e-01, 8.004862890822e-04, 1.5798e+00, 1.6321e-02, 
 2DIAGNOSTIC,    12, -6.245246851059e-01, 6.395380910198e-04, 1.5932e+00, 1.3418e-02, 
 2DIAGNOSTIC,    13, -6.246577792718e-01, 4.735458322769e-04, 1.6005e+00, 7.2551e-03, 
 2DIAGNOSTIC,    14, -6.247959370316e-01, 3.675916815466e-04, 1.6149e+00, 1.4425e-02, 
 2DIAGNOSTIC,    15, -6.252250640800e-01, 3.391190724533e-04, 1.6265e+00, 1.1593e-02, 
 2DIAGNOSTIC,    16, -6.256959896575e-01, 3.024541398781e-04, 1.6349e+00, 8.4150e-03, 
 2DIAGNOSTIC,    17, -6.289339965885e-01, 3.371187666755e-04, 1.6483e+00, 1.3347e-02, 
 2DIAGNOSTIC,    18, -6.290768341153e-01, 3.470492210439e-04, 1.6630e+00, 1.4675e-02, 
 2DIAGNOSTIC,    19, -6.297020981953e-01, 3.516407287842e-04, 1.6762e+00, 1.3279e-02, 
 2DIAGNOSTIC,    20, -6.297639571945e-01, 3.463486319216e-04, 1.6835e+00, 7.2539e-03, 
 2DIAGNOSTIC,    21, -6.296549905680e-01, 3.352630507896e-04, 1.6915e+00, 8.0011e-03, 
 2DIAGNOSTIC,    22, -6.298669362102e-01, 3.025795679742e-04, 1.6986e+00, 7.1561e-03, 
 2DIAGNOSTIC,    23, -6.298284661287e-01, 2.461941077268e-04, 1.7073e+00, 8.6260e-03, 
 2DIAGNOSTIC,    24, -6.298729852141e-01, 1.757758017014e-04, 1.7154e+00, 8.1339e-03, 
 2DIAGNOSTIC,    25, -6.298107611482e-01, 1.018330479402e-04, 1.7224e+00, 6.9981e-03, 
 2DIAGNOSTIC,    26, -6.297773470156e-01, 3.045743437362e-05, 1.7292e+00, 6.8042e-03, 
 2DIAGNOSTIC,    27, -6.299056347421e-01, 1.842111809818e-05, 1.7362e+00, 7.0260e-03, 
 2DIAGNOSTIC,    28, -6.301371493594e-01, 1.131098861307e-05, 1.7442e+00, 8.0068e-03, 
 2DIAGNOSTIC,    29, -6.302382176641e-01, 1.503471279963e-05, 1.7511e+00, 6.8269e-03, 
 2DIAGNOSTIC,    30, -6.306341083918e-01, 2.424828536606e-05, 1.7690e+00, 1.7985e-02, 
 2DIAGNOSTIC,    31, -6.312171769304e-01, 3.744355078877e-05, 1.7840e+00, 1.4956e-02, 
 2DIAGNOSTIC,    32, -6.321030018568e-01, 6.176005560576e-05, 1.8074e+00, 2.3359e-02, 
 2DIAGNOSTIC,    33, -6.324191140211e-01, 8.238202634944e-05, 1.8150e+00, 7.6201e-03, 
 2DIAGNOSTIC,    34, -6.325099712626e-01, 9.599995030626e-05, 1.8231e+00, 8.1630e-03, 
 2DIAGNOSTIC,    35, -6.325092634789e-01, 9.915075352710e-05, 1.8309e+00, 7.7231e-03, 
 2DIAGNOSTIC,    36, -6.324820066524e-01, 9.192495464902e-05, 1.8407e+00, 9.7980e-03, 
 2DIAGNOSTIC,    37, -6.324226647944e-01, 7.709305075615e-05, 1.8487e+00, 7.9949e-03, 
 2DIAGNOSTIC,    38, -6.324430936737e-01, 5.884191143826e-05, 1.8566e+00, 7.9229e-03, 
 2DIAGNOSTIC,    39, -6.323412262749e-01, 3.606549984246e-05, 1.8635e+00, 6.8800e-03, 
 2DIAGNOSTIC,    40, -6.323420816853e-01, 1.558520856215e-05, 1.8706e+00, 7.1099e-03, 
DIAGNOSTIC,Iteration,metricValue,convergenceValue,ITERATION_TIME_INDEX,SINCE_LAST
 2DIAGNOSTIC,     1, -5.129600859016e-01, 1.797693134862e+308, 3.3791e+00, 1.5086e+00, 
 2DIAGNOSTIC,     2, -5.134180401541e-01, 1.797693134862e+308, 3.4490e+00, 6.9838e-02, 
 2DIAGNOSTIC,     3, -5.142500110697e-01, 1.797693134862e+308, 3.5245e+00, 7.5556e-02, 
 2DIAGNOSTIC,     4, -5.151945161645e-01, 1.797693134862e+308, 3.5955e+00, 7.1007e-02, 
 2DIAGNOSTIC,     5, -5.158322990913e-01, 1.797693134862e+308, 3.6733e+00, 7.7725e-02, 
 2DIAGNOSTIC,     6, -5.158852379474e-01, 1.797693134862e+308, 3.7712e+00, 9.7943e-02, 
 2DIAGNOSTIC,     7, -5.159665762836e-01, 1.797693134862e+308, 3.8506e+00, 7.9407e-02, 
 2DIAGNOSTIC,     8, -5.159899197335e-01, 1.797693134862e+308, 3.9188e+00, 6.8219e-02, 
 2DIAGNOSTIC,     9, -5.159303856437e-01, 1.797693134862e+308, 3.9884e+00, 6.9554e-02, 
 2DIAGNOSTIC,    10, -5.160096701149e-01, 3.802869077820e-04, 4.0676e+00, 7.9200e-02, 
 2DIAGNOSTIC,    11, -5.160821424285e-01, 2.438522365736e-04, 4.1370e+00, 6.9420e-02, 
 2DIAGNOSTIC,    12, -5.161888025688e-01, 1.342700477355e-04, 4.2066e+00, 6.9543e-02, 
 2DIAGNOSTIC,    13, -5.164495473505e-01, 7.519691148229e-05, 4.2797e+00, 7.3143e-02, 
 2DIAGNOSTIC,    14, -5.170020409512e-01, 7.610644183284e-05, 4.3699e+00, 9.0170e-02, 
 2DIAGNOSTIC,    15, -5.182354054014e-01, 1.384332725278e-04, 4.4747e+00, 1.0482e-01, 
 2DIAGNOSTIC,    16, -5.183923436468e-01, 1.866515514159e-04, 4.5409e+00, 6.6230e-02, 
 2DIAGNOSTIC,    17, -5.184419388797e-01, 2.169425762480e-04, 4.6172e+00, 7.6305e-02, 
 2DIAGNOSTIC,    18, -5.184407452304e-01, 2.252045314214e-04, 4.6932e+00, 7.6024e-02, 
 2DIAGNOSTIC,    19, -5.184486167755e-01, 2.100655712294e-04, 4.7689e+00, 7.5633e-02, 
 2DIAGNOSTIC,    20, -5.184588121779e-01, 1.790139697360e-04, 4.8443e+00, 7.5407e-02, 
 2DIAGNOSTIC,    21, -5.184678843053e-01, 1.365800533165e-04, 4.9290e+00, 8.4712e-02, 
 2DIAGNOSTIC,    22, -5.184402145351e-01, 8.783237864767e-05, 5.0054e+00, 7.6372e-02, 
 2DIAGNOSTIC,    23, -5.184141640730e-01, 4.092976375013e-05, 5.0725e+00, 6.7106e-02, 
 2DIAGNOSTIC,    24, -5.184227048249e-01, 6.360263027458e-06, 5.1473e+00, 7.4826e-02, 
 2DIAGNOSTIC,    25, -5.184339001966e-01, 1.357086456912e-06, 5.2236e+00, 7.6295e-02, 
DIAGNOSTIC,Iteration,metricValue,convergenceValue,ITERATION_TIME_INDEX,SINCE_LAST
 2DIAGNOSTIC,     1, -4.436057307995e-01, 1.797693134862e+308, 7.1118e+00, 1.8882e+00, 
 2DIAGNOSTIC,     2, -4.438105821723e-01, 1.797693134862e+308, 7.6328e+00, 5.2096e-01, 
 2DIAGNOSTIC,     3, -4.439270739076e-01, 1.797693134862e+308, 8.1719e+00, 5.3915e-01, 
 2DIAGNOSTIC,     4, -4.440461013587e-01, 1.797693134862e+308, 8.7042e+00, 5.3223e-01, 
 2DIAGNOSTIC,     5, -4.441933559918e-01, 1.797693134862e+308, 9.2377e+00, 5.3355e-01, 
 2DIAGNOSTIC,     6, -4.443358373340e-01, 1.797693134862e+308, 1.0503e+01, 1.2658e+00, 
 2DIAGNOSTIC,     7, -4.443522949768e-01, 1.797693134862e+308, 1.1203e+01, 6.9934e-01, 
 2DIAGNOSTIC,     8, -4.443473925717e-01, 1.797693134862e+308, 1.2069e+01, 8.6638e-01, 
 2DIAGNOSTIC,     9, -4.443471216652e-01, 1.797693134862e+308, 1.2678e+01, 6.0881e-01, 
 2DIAGNOSTIC,    10, -4.443466164299e-01, 1.101260239017e-04, 1.3290e+01, 6.1219e-01, 
 2DIAGNOSTIC,    11, -4.443443763743e-01, 7.190179026724e-05, 1.3886e+01, 5.9622e-01, 
 2DIAGNOSTIC,    12, -4.443428696372e-01, 4.469328255498e-05, 1.4408e+01, 5.2171e-01, 
 2DIAGNOSTIC,    13, -4.443415558207e-01, 2.358062157390e-05, 1.5005e+01, 5.9730e-01, 
 2DIAGNOSTIC,    14, -4.443449460246e-01, 9.058596610309e-06, 1.5835e+01, 8.2954e-01, 
 2DIAGNOSTIC,    15, -4.443432870708e-01, 1.890006035579e-06, 1.6367e+01, 5.3221e-01, 
 2DIAGNOSTIC,    16, -4.443426219159e-01, 1.293006504699e-06, 1.6977e+01, 6.1021e-01, 
 2DIAGNOSTIC,    17, -4.443392533943e-01, 1.331288321221e-06, 1.7509e+01, 5.3130e-01, 
 2DIAGNOSTIC,    18, -4.443378407495e-01, 1.192252636291e-06, 1.8120e+01, 6.1130e-01, 
 2DIAGNOSTIC,    19, -4.443381772420e-01, 1.120217511662e-06, 1.8828e+01, 7.0758e-01, 
 2DIAGNOSTIC,    20, -4.443383555753e-01, 1.095193870031e-06, 1.9451e+01, 6.2292e-01, 
 2DIAGNOSTIC,    21, -4.443375692120e-01, 1.029233362183e-06, 2.0042e+01, 5.9106e-01, 
DIAGNOSTIC,Iteration,metricValue,convergenceValue,ITERATION_TIME_INDEX,SINCE_LAST
 2DIAGNOSTIC,     1, -4.024261893290e-01, 1.797693134862e+308, 2.4017e+01, 3.9758e+00, 
 2DIAGNOSTIC,     2, -4.025480008747e-01, 1.797693134862e+308, 2.7610e+01, 3.5925e+00, 
 2DIAGNOSTIC,     3, -4.025605089774e-01, 1.797693134862e+308, 3.1595e+01, 3.9855e+00, 
 2DIAGNOSTIC,     4, -4.025663889574e-01, 1.797693134862e+308, 3.5100e+01, 3.5044e+00, 
 2DIAGNOSTIC,     5, -4.025653086912e-01, 1.797693134862e+308, 3.8602e+01, 3.5025e+00, 
 2DIAGNOSTIC,     6, -4.025639433551e-01, 1.797693134862e+308, 4.1749e+01, 3.1467e+00, 
 2DIAGNOSTIC,     7, -4.025679949556e-01, 1.797693134862e+308, 4.4913e+01, 3.1642e+00, 
 2DIAGNOSTIC,     8, -4.025918237847e-01, 1.797693134862e+308, 4.8036e+01, 3.1226e+00, 
 2DIAGNOSTIC,     9, -4.027214679372e-01, 1.797693134862e+308, 5.5041e+01, 7.0049e+00, 
 2DIAGNOSTIC,    10, -4.027217876121e-01, 3.633595202984e-05, 6.5745e+01, 1.0704e+01, 
 2DIAGNOSTIC,    11, -4.027217876119e-01, 3.091304531948e-05, 7.3926e+01, 8.1809e+00, 
 2DIAGNOSTIC,    12, -4.027217876119e-01, 3.114524908682e-05, 7.7888e+01, 3.9618e+00, 
 2DIAGNOSTIC,    13, -4.027217876119e-01, 2.938828590217e-05, 8.1820e+01, 3.9325e+00, 
 2DIAGNOSTIC,    14, -4.027217876119e-01, 2.562116791821e-05, 8.5769e+01, 3.9492e+00, 
 2DIAGNOSTIC,    15, -4.027217876119e-01, 2.017329994833e-05, 8.9358e+01, 3.5889e+00, 
 2DIAGNOSTIC,    16, -4.027217876119e-01, 1.379172416467e-05, 9.2884e+01, 3.5256e+00, 
 2DIAGNOSTIC,    17, -4.027217876119e-01, 7.279449228174e-06, 9.6381e+01, 3.4970e+00, 
 2DIAGNOSTIC,    18, -4.027217876119e-01, 1.780091361238e-06, 9.9931e+01, 3.5499e+00, 
 2DIAGNOSTIC,    19, -4.027217876119e-01, 1.674509439636e-06, 1.0428e+02, 4.3507e+00, 
 2DIAGNOSTIC,    20, -4.027217876119e-01, 1.590769580465e-06, 1.0915e+02, 4.8673e+00, 
 2DIAGNOSTIC,    21, -4.027217876119e-01, 1.515006245414e-06, 1.1267e+02, 3.5240e+00, 
 2DIAGNOSTIC,    22, -4.027217876119e-01, 1.446131562687e-06, 1.1621e+02, 3.5400e+00, 
 2DIAGNOSTIC,    23, -4.027217876119e-01, 1.383246878109e-06, 1.1974e+02, 3.5267e+00, 
 2DIAGNOSTIC,    24, -4.027217876119e-01, 1.325603334670e-06, 1.2333e+02, 3.5884e+00, 
 2DIAGNOSTIC,    25, -4.027217876119e-01, 1.272571908899e-06, 1.2777e+02, 4.4428e+00, 
 2DIAGNOSTIC,    26, -4.027217876119e-01, 1.223620363006e-06, 1.3173e+02, 3.9609e+00, 
 2DIAGNOSTIC,    27, -4.027217876119e-01, 1.178295319301e-06, 1.3571e+02, 3.9807e+00, 
 2DIAGNOSTIC,    28, -4.027217876119e-01, 1.136208176253e-06, 1.3925e+02, 3.5386e+00, 
 2DIAGNOSTIC,    29, -4.027217876119e-01, 1.097023938926e-06, 1.4285e+02, 3.5950e+00, 
 2DIAGNOSTIC,    30, -4.027217876119e-01, 1.060452283458e-06, 1.4642e+02, 3.5783e+00, 
 2DIAGNOSTIC,    31, -4.027217876119e-01, 1.026240351337e-06, 1.4999e+02, 3.5660e+00, 
  Elapsed time (stage 0): 1.5214e+02


Stage 1
  iterations = 1000x500x250x100
  convergence threshold = 1.0000e-06
  convergence window size = 10
  number of levels = 4
  using the Mattes MI metric (number of bins = 32, weight = 1.0000e+00, use gradient filter = 0)
  preprocessing:  winsorizing the image intensities
  Shrink factors (level 1 out of 4): [8, 8, 8]
  Shrink factors (level 2 out of 4): [4, 4, 4]
  Shrink factors (level 3 out of 4): [2, 2, 2]
  Shrink factors (level 4 out of 4): [1, 1, 1]
  smoothing sigmas per level: [3, 2, 1, 0]
  regular sampling (percentage = 2.5000e-01)

*** Running AffineTransform registration ***

DIAGNOSTIC,Iteration,metricValue,convergenceValue,ITERATION_TIME_INDEX,SINCE_LAST
 2DIAGNOSTIC,     1, -6.143998454208e-01, 1.797693134862e+308, 1.2479e+00, 1.2479e+00, 
 2DIAGNOSTIC,     2, -6.170615222541e-01, 1.797693134862e+308, 1.2561e+00, 8.2059e-03, 
 2DIAGNOSTIC,     3, -6.212850891822e-01, 1.797693134862e+308, 1.2639e+00, 7.7479e-03, 
 2DIAGNOSTIC,     4, -6.277172425148e-01, 1.797693134862e+308, 1.2718e+00, 7.9429e-03, 
 2DIAGNOSTIC,     5, -6.379669571839e-01, 1.797693134862e+308, 1.2797e+00, 7.8850e-03, 
 2DIAGNOSTIC,     6, -6.557965889608e-01, 1.797693134862e+308, 1.2877e+00, 7.9591e-03, 
 2DIAGNOSTIC,     7, -7.056092465423e-01, 1.797693134862e+308, 1.2969e+00, 9.2530e-03, 
 2DIAGNOSTIC,     8, -8.182042004846e-01, 1.797693134862e+308, 1.3065e+00, 9.6099e-03, 
 2DIAGNOSTIC,     9, -8.442066343831e-01, 1.797693134862e+308, 1.3173e+00, 1.0803e-02, 
 2DIAGNOSTIC,    10, -8.502455541860e-01, 2.487214360994e-02, 1.3260e+00, 8.6780e-03, 
 2DIAGNOSTIC,    11, -8.872236401494e-01, 2.577585805418e-02, 1.3361e+00, 1.0051e-02, 
 2DIAGNOSTIC,    12, -9.084028216298e-01, 2.488624239638e-02, 1.3456e+00, 9.5222e-03, 
 2DIAGNOSTIC,    13, -9.118393579566e-01, 2.211497863779e-02, 1.3562e+00, 1.0570e-02, 
 2DIAGNOSTIC,    14, -9.140849822078e-01, 1.808779886892e-02, 1.3644e+00, 8.2650e-03, 
 2DIAGNOSTIC,    15, -9.216706040940e-01, 1.354838571045e-02, 1.3738e+00, 9.3322e-03, 
 2DIAGNOSTIC,    16, -9.297802904742e-01, 9.028064543249e-03, 1.3901e+00, 1.6387e-02, 
 2DIAGNOSTIC,    17, -9.298315924548e-01, 5.298863135797e-03, 1.3984e+00, 8.2140e-03, 
 2DIAGNOSTIC,    18, -9.299175856183e-01, 3.804954939382e-03, 1.4075e+00, 9.1698e-03, 
 2DIAGNOSTIC,    19, -9.301536813962e-01, 2.645131108128e-03, 1.4167e+00, 9.1550e-03, 
 2DIAGNOSTIC,    20, -9.304610928956e-01, 1.470166141779e-03, 1.4259e+00, 9.1791e-03, 
 2DIAGNOSTIC,    21, -9.301911871703e-01, 8.850552297310e-04, 1.4350e+00, 9.1510e-03, 
 2DIAGNOSTIC,    22, -9.296947213327e-01, 6.046277000278e-04, 1.4443e+00, 9.2809e-03, 
 2DIAGNOSTIC,    23, -9.298203565488e-01, 3.515261459208e-04, 1.4534e+00, 9.0802e-03, 
 2DIAGNOSTIC,    24, -9.298171018358e-01, 1.194783725920e-04, 1.4625e+00, 9.1529e-03, 
DIAGNOSTIC,Iteration,metricValue,convergenceValue,ITERATION_TIME_INDEX,SINCE_LAST
 2DIAGNOSTIC,     1, -7.490539350663e-01, 1.797693134862e+308, 2.7946e+00, 1.3320e+00, 
 2DIAGNOSTIC,     2, -7.500497834068e-01, 1.797693134862e+308, 2.8765e+00, 8.1949e-02, 
 2DIAGNOSTIC,     3, -7.508962456274e-01, 1.797693134862e+308, 2.9580e+00, 8.1432e-02, 
 2DIAGNOSTIC,     4, -7.515154125403e-01, 1.797693134862e+308, 3.0398e+00, 8.1803e-02, 
 2DIAGNOSTIC,     5, -7.522395679467e-01, 1.797693134862e+308, 3.1209e+00, 8.1181e-02, 
 2DIAGNOSTIC,     6, -7.527398915876e-01, 1.797693134862e+308, 3.2338e+00, 1.1286e-01, 
 2DIAGNOSTIC,     7, -7.531258733962e-01, 1.797693134862e+308, 3.3862e+00, 1.5237e-01, 
 2DIAGNOSTIC,     8, -7.531369697313e-01, 1.797693134862e+308, 3.4746e+00, 8.8407e-02, 
 2DIAGNOSTIC,     9, -7.531394974239e-01, 1.797693134862e+308, 3.5654e+00, 9.0845e-02, 
 2DIAGNOSTIC,    10, -7.531412853450e-01, 3.507133633548e-04, 3.6470e+00, 8.1609e-02, 
 2DIAGNOSTIC,    11, -7.531299215870e-01, 2.318671919378e-04, 3.7271e+00, 8.0104e-02, 
 2DIAGNOSTIC,    12, -7.531347367999e-01, 1.434281850814e-04, 3.8086e+00, 8.1439e-02, 
 2DIAGNOSTIC,    13, -7.531420860101e-01, 8.063883948793e-05, 3.8905e+00, 8.1891e-02, 
 2DIAGNOSTIC,    14, -7.531531415279e-01, 3.649693445790e-05, 3.9715e+00, 8.1002e-02, 
 2DIAGNOSTIC,    15, -7.531691884487e-01, 1.352205412902e-05, 4.0528e+00, 8.1355e-02, 
 2DIAGNOSTIC,    16, -7.531922343914e-01, 4.475187404165e-06, 4.1334e+00, 8.0555e-02, 
 2DIAGNOSTIC,    17, -7.532381898018e-01, 5.848714624918e-06, 4.2153e+00, 8.1959e-02, 
 2DIAGNOSTIC,    18, -7.532823096611e-01, 7.835713386008e-06, 4.3009e+00, 8.5545e-02, 
 2DIAGNOSTIC,    19, -7.533378971483e-01, 1.019206411398e-05, 4.3830e+00, 8.2142e-02, 
 2DIAGNOSTIC,    20, -7.533801690297e-01, 1.234927089070e-05, 4.5037e+00, 1.2069e-01, 
 2DIAGNOSTIC,    21, -7.534057563047e-01, 1.354889434851e-05, 4.7618e+00, 2.5805e-01, 
 2DIAGNOSTIC,    22, -7.534057562562e-01, 1.359583204322e-05, 4.8432e+00, 8.1454e-02, 
 2DIAGNOSTIC,    23, -7.534057566345e-01, 1.262477733266e-05, 4.9236e+00, 8.0336e-02, 
 2DIAGNOSTIC,    24, -7.534057572742e-01, 1.085065740849e-05, 5.0122e+00, 8.8664e-02, 
 2DIAGNOSTIC,    25, -7.534057583554e-01, 8.560546304881e-06, 5.1073e+00, 9.5057e-02, 
 2DIAGNOSTIC,    26, -7.534057601826e-01, 6.089274934014e-06, 5.1904e+00, 8.3148e-02, 
 2DIAGNOSTIC,    27, -7.534057632691e-01, 3.985628356927e-06, 5.2726e+00, 8.2180e-02, 
 2DIAGNOSTIC,    28, -7.534057684790e-01, 2.353618235057e-06, 5.3544e+00, 8.1843e-02, 
 2DIAGNOSTIC,    29, -7.534057772751e-01, 1.431342530549e-06, 5.4380e+00, 8.3528e-02, 
 2DIAGNOSTIC,    30, -7.534057920608e-01, 1.061949650716e-06, 5.5208e+00, 8.2847e-02, 
 2DIAGNOSTIC,    31, -7.534058168471e-01, 1.028219821758e-06, 5.6032e+00, 8.2359e-02, 
DIAGNOSTIC,Iteration,metricValue,convergenceValue,ITERATION_TIME_INDEX,SINCE_LAST
 2DIAGNOSTIC,     1, -6.265380646194e-01, 1.797693134862e+308, 7.5980e+00, 1.9949e+00, 
 2DIAGNOSTIC,     2, -6.272329147897e-01, 1.797693134862e+308, 8.2353e+00, 6.3726e-01, 
 2DIAGNOSTIC,     3, -6.281720732700e-01, 1.797693134862e+308, 8.8721e+00, 6.3678e-01, 
 2DIAGNOSTIC,     4, -6.294137434960e-01, 1.797693134862e+308, 9.5078e+00, 6.3575e-01, 
 2DIAGNOSTIC,     5, -6.313834044490e-01, 1.797693134862e+308, 1.0160e+01, 6.5229e-01, 
 2DIAGNOSTIC,     6, -6.356376856673e-01, 1.797693134862e+308, 1.1664e+01, 1.5042e+00, 
 2DIAGNOSTIC,     7, -6.356422869151e-01, 1.797693134862e+308, 1.2731e+01, 1.0665e+00, 
 2DIAGNOSTIC,     8, -6.356425521344e-01, 1.797693134862e+308, 1.3447e+01, 7.1586e-01, 
 2DIAGNOSTIC,     9, -6.356408388663e-01, 1.797693134862e+308, 1.4254e+01, 8.0739e-01, 
 2DIAGNOSTIC,    10, -6.356345029094e-01, 1.140646593708e-03, 1.4969e+01, 7.1446e-01, 
 2DIAGNOSTIC,    11, -6.356344632288e-01, 8.723688534514e-04, 1.5787e+01, 8.1877e-01, 
 2DIAGNOSTIC,    12, -6.356336761946e-01, 5.972172719567e-04, 1.6511e+01, 7.2360e-01, 
 2DIAGNOSTIC,    13, -6.356328155515e-01, 3.453103315497e-04, 1.7264e+01, 7.5290e-01, 
 2DIAGNOSTIC,    14, -6.356319547244e-01, 1.380276355424e-04, 1.7891e+01, 6.2765e-01, 
 2DIAGNOSTIC,    15, -6.356314731277e-01, 1.367858534329e-06, 1.8602e+01, 7.1007e-01, 
 2DIAGNOSTIC,    16, -6.356322915127e-01, 1.242665459505e-06, 1.9352e+01, 7.5039e-01, 
 2DIAGNOSTIC,    17, -6.356287831091e-01, 1.226170184908e-06, 1.9986e+01, 6.3366e-01, 
 2DIAGNOSTIC,    18, -6.356285922812e-01, 1.275880443387e-06, 2.0808e+01, 8.2252e-01, 
 2DIAGNOSTIC,    19, -6.356292562281e-01, 1.345489148416e-06, 2.1448e+01, 6.3997e-01, 
 2DIAGNOSTIC,    20, -6.356261483460e-01, 1.225322302637e-06, 2.2094e+01, 6.4579e-01, 
 2DIAGNOSTIC,    21, -6.356280433848e-01, 1.192652811031e-06, 2.2836e+01, 7.4200e-01, 
 2DIAGNOSTIC,    22, -6.356278560388e-01, 1.173195931813e-06, 2.3515e+01, 6.7963e-01, 
 2DIAGNOSTIC,    23, -6.356271007819e-01, 1.150261809538e-06, 2.4241e+01, 7.2571e-01, 
 2DIAGNOSTIC,    24, -6.356272203171e-01, 1.137867145715e-06, 2.5051e+01, 8.0939e-01, 
 2DIAGNOSTIC,    25, -6.356269826661e-01, 1.130724695181e-06, 2.5767e+01, 7.1663e-01, 
 2DIAGNOSTIC,    26, -6.356269681130e-01, 1.153050031240e-06, 2.6394e+01, 6.2663e-01, 
 2DIAGNOSTIC,    27, -6.356265059100e-01, 1.114061393241e-06, 2.7106e+01, 7.1177e-01, 
 2DIAGNOSTIC,    28, -6.356237971178e-01, 1.037686774723e-06, 2.7915e+01, 8.0960e-01, 
DIAGNOSTIC,Iteration,metricValue,convergenceValue,ITERATION_TIME_INDEX,SINCE_LAST
 2DIAGNOSTIC,     1, -5.590097901080e-01, 1.797693134862e+308, 3.2906e+01, 4.9906e+00, 
 2DIAGNOSTIC,     2, -5.592276742090e-01, 1.797693134862e+308, 3.7004e+01, 4.0978e+00, 
 2DIAGNOSTIC,     3, -5.593143735822e-01, 1.797693134862e+308, 4.3446e+01, 6.4428e+00, 
 2DIAGNOSTIC,     4, -5.593114263252e-01, 1.797693134862e+308, 4.8522e+01, 5.0761e+00, 
 2DIAGNOSTIC,     5, -5.593117217169e-01, 1.797693134862e+308, 5.3605e+01, 5.0829e+00, 
 2DIAGNOSTIC,     6, -5.593117367073e-01, 1.797693134862e+308, 5.9599e+01, 5.9940e+00, 
 2DIAGNOSTIC,     7, -5.593119678688e-01, 1.797693134862e+308, 6.4123e+01, 4.5233e+00, 
 2DIAGNOSTIC,     8, -5.593116208345e-01, 1.797693134862e+308, 6.8659e+01, 4.5368e+00, 
 2DIAGNOSTIC,     9, -5.593113211435e-01, 1.797693134862e+308, 7.3616e+01, 4.9571e+00, 
 2DIAGNOSTIC,    10, -5.593112254942e-01, 2.212727925438e-05, 7.7686e+01, 4.0691e+00, 
 2DIAGNOSTIC,    11, -5.593111274144e-01, 6.616481177946e-06, 8.4666e+01, 6.9800e+00, 
 2DIAGNOSTIC,    12, -5.593111977618e-01, 2.480031701821e-06, 8.9686e+01, 5.0204e+00, 
 2DIAGNOSTIC,    13, -5.593110912299e-01, 2.383849764739e-06, 9.3755e+01, 4.0689e+00, 
 2DIAGNOSTIC,    14, -5.593108663184e-01, 2.192169591506e-06, 9.8282e+01, 4.5275e+00, 
 2DIAGNOSTIC,    15, -5.593106690623e-01, 2.036890155974e-06, 1.0284e+02, 4.5572e+00, 
 2DIAGNOSTIC,    16, -5.593106165885e-01, 1.907116504482e-06, 1.0737e+02, 4.5293e+00, 
 2DIAGNOSTIC,    17, -5.593105817282e-01, 1.805938452837e-06, 1.1190e+02, 4.5352e+00, 
 2DIAGNOSTIC,    18, -5.593105468423e-01, 1.711405509371e-06, 1.1597e+02, 4.0657e+00, 
 2DIAGNOSTIC,    19, -5.593102432096e-01, 1.616063068338e-06, 1.2051e+02, 4.5421e+00, 
 2DIAGNOSTIC,    20, -5.593099644208e-01, 1.526505521363e-06, 1.2499e+02, 4.4823e+00, 
 2DIAGNOSTIC,    21, -5.593099569283e-01, 1.448853439001e-06, 1.2951e+02, 4.5112e+00, 
 2DIAGNOSTIC,    22, -5.593099492863e-01, 1.385634931149e-06, 1.3405e+02, 4.5496e+00, 
 2DIAGNOSTIC,    23, -5.593094584446e-01, 1.320373752771e-06, 1.3862e+02, 4.5604e+00, 
 2DIAGNOSTIC,    24, -5.593095639142e-01, 1.264420406225e-06, 1.4325e+02, 4.6334e+00, 
 2DIAGNOSTIC,    25, -5.593093997476e-01, 1.211273712685e-06, 1.4739e+02, 4.1447e+00, 
 2DIAGNOSTIC,    26, -5.593093226676e-01, 1.165333417055e-06, 1.5194e+02, 4.5429e+00, 
 2DIAGNOSTIC,    27, -5.593095101108e-01, 1.131084159750e-06, 1.5653e+02, 4.5948e+00, 
 2DIAGNOSTIC,    28, -5.593092984781e-01, 1.099324691091e-06, 1.6104e+02, 4.5063e+00, 
 2DIAGNOSTIC,    29, -5.593091727948e-01, 1.065977440103e-06, 1.6511e+02, 4.0690e+00, 
 2DIAGNOSTIC,    30, -5.593088703227e-01, 1.027914429026e-06, 1.7019e+02, 5.0813e+00, 
  Elapsed time (stage 1): 1.7283e+02


Stage 2
  iterations = 100x70x50x20
  convergence threshold = 1.0000e-06
  convergence window size = 10
  number of levels = 4
  using the CC metric (radius = 4, weight = 1.0000e+00, use gradient filter = 0)
  preprocessing:  winsorizing the image intensities
  Shrink factors (level 1 out of 4): [8, 8, 8]
  Shrink factors (level 2 out of 4): [4, 4, 4]
  Shrink factors (level 3 out of 4): [2, 2, 2]
  Shrink factors (level 4 out of 4): [1, 1, 1]
  smoothing sigmas per level: [3, 2, 1, 0]
  Using default NONE metricSamplingStrategy 

*** Running SyN registration (varianceForUpdateField = 3.0000e+00, varianceForTotalField = 0.0000e+00) ***

XXDIAGNOSTIC,Iteration,metricValue,convergenceValue,ITERATION_TIME_INDEX,SINCE_LAST
 1DIAGNOSTIC,     1, -9.398835462871e-01, 1.797693134862e+308, 1.8424e+00, 1.8424e+00, 
 1DIAGNOSTIC,     2, -9.494763462776e-01, 1.797693134862e+308, 2.4953e+00, 6.5284e-01, 
 1DIAGNOSTIC,     3, -9.557507160173e-01, 1.797693134862e+308, 3.1428e+00, 6.4748e-01, 
 1DIAGNOSTIC,     4, -9.596525341028e-01, 1.797693134862e+308, 3.7610e+00, 6.1824e-01, 
 1DIAGNOSTIC,     5, -9.626627900162e-01, 1.797693134862e+308, 4.3829e+00, 6.2191e-01, 
 1DIAGNOSTIC,     6, -9.660544663988e-01, 1.797693134862e+308, 5.0254e+00, 6.4245e-01, 
 1DIAGNOSTIC,     7, -9.689437752873e-01, 1.797693134862e+308, 5.6557e+00, 6.3035e-01, 
 1DIAGNOSTIC,     8, -9.713792886035e-01, 1.797693134862e+308, 6.3121e+00, 6.5638e-01, 
 1DIAGNOSTIC,     9, -9.733269562455e-01, 1.797693134862e+308, 6.9376e+00, 6.2551e-01, 
 1DIAGNOSTIC,    10, -9.742060776130e-01, 2.101363713609e-03, 7.5770e+00, 6.3939e-01, 
 1DIAGNOSTIC,    11, -9.743531841548e-01, 1.482125378371e-03, 8.2140e+00, 6.3700e-01, 
 1DIAGNOSTIC,    12, -9.754666790659e-01, 1.094708511938e-03, 8.8489e+00, 6.3488e-01, 
 1DIAGNOSTIC,    13, -9.758554927532e-01, 8.177727237251e-04, 9.4701e+00, 6.2127e-01, 
 1DIAGNOSTIC,    14, -9.762770370975e-01, 5.968392043678e-04, 1.0087e+01, 6.1715e-01, 
 1DIAGNOSTIC,    15, -9.763376829855e-01, 4.109304703783e-04, 1.0707e+01, 6.2011e-01, 
 1DIAGNOSTIC,    16, -9.768044593023e-01, 2.814611088673e-04, 1.1328e+01, 6.2060e-01, 
 1DIAGNOSTIC,    17, -9.767826014200e-01, 1.901729385805e-04, 1.1946e+01, 6.1802e-01, 
 1DIAGNOSTIC,    18, -9.772584574900e-01, 1.384175688008e-04, 1.2584e+01, 6.3750e-01, 
 1DIAGNOSTIC,    19, -9.771871942715e-01, 1.081597294318e-04, 1.3233e+01, 6.4907e-01, 
 1DIAGNOSTIC,    20, -9.776305113824e-01, 9.072213893783e-05, 1.3875e+01, 6.4283e-01, 
 1DIAGNOSTIC,    21, -9.775218544305e-01, 6.672046707306e-05, 1.4506e+01, 6.3017e-01, 
 1DIAGNOSTIC,    22, -9.779207266116e-01, 5.896022584789e-05, 1.5125e+01, 6.1967e-01, 
 1DIAGNOSTIC,    23, -9.777868658902e-01, 4.953350113052e-05, 1.5746e+01, 6.2107e-01, 
 1DIAGNOSTIC,    24, -9.781438643287e-01, 4.598333200263e-05, 1.6364e+01, 6.1798e-01, 
 1DIAGNOSTIC,    25, -9.779895074686e-01, 3.722029382668e-05, 1.6985e+01, 6.2081e-01, 
 1DIAGNOSTIC,    26, -9.782949648601e-01, 3.456448403825e-05, 1.7617e+01, 6.3179e-01, 
 1DIAGNOSTIC,    27, -9.781283739042e-01, 2.673282997149e-05, 1.8249e+01, 6.3171e-01, 
 1DIAGNOSTIC,    28, -9.784081315063e-01, 2.506195425694e-05, 1.8870e+01, 6.2139e-01, 
 1DIAGNOSTIC,    29, -9.782336764287e-01, 1.859512363915e-05, 1.9503e+01, 6.3252e-01, 
 1DIAGNOSTIC,    30, -9.784928695498e-01, 1.786599984311e-05, 2.0144e+01, 6.4165e-01, 
 1DIAGNOSTIC,    31, -9.783175046707e-01, 1.276463282996e-05, 2.0763e+01, 6.1918e-01, 
 1DIAGNOSTIC,    32, -9.785566273624e-01, 1.280362143381e-05, 2.1383e+01, 6.1916e-01, 
 1DIAGNOSTIC,    33, -9.783831521163e-01, 8.864729199580e-06, 2.2003e+01, 6.2033e-01, 
 1DIAGNOSTIC,    34, -9.786050974895e-01, 9.480329230864e-06, 2.2622e+01, 6.1906e-01, 
 1DIAGNOSTIC,    35, -9.784357406056e-01, 6.432909407269e-06, 2.3262e+01, 6.3962e-01, 
 1DIAGNOSTIC,    36, -9.786425661238e-01, 7.276156775121e-06, 2.3920e+01, 6.5890e-01, 
 1DIAGNOSTIC,    37, -9.784774359963e-01, 4.745877944131e-06, 2.4541e+01, 6.2037e-01, 
 1DIAGNOSTIC,    38, -9.786720817097e-01, 5.708185463697e-06, 2.5176e+01, 6.3518e-01, 
 1DIAGNOSTIC,    39, -9.785123741649e-01, 3.564186883201e-06, 2.5803e+01, 6.2692e-01, 
 1DIAGNOSTIC,    40, -9.786974655008e-01, 4.584813910160e-06, 2.6434e+01, 6.3103e-01, 
 1DIAGNOSTIC,    41, -9.785428740946e-01, 2.763146043781e-06, 2.7060e+01, 6.2654e-01, 
 1DIAGNOSTIC,    42, -9.787201762432e-01, 3.803198395484e-06, 2.7699e+01, 6.3834e-01, 
 1DIAGNOSTIC,    43, -9.785703091839e-01, 2.235472887035e-06, 2.8318e+01, 6.1915e-01, 
 1DIAGNOSTIC,    44, -9.787816152560e-01, 3.534291614066e-06, 2.8937e+01, 6.1880e-01, 
 1DIAGNOSTIC,    45, -9.785956065974e-01, 2.127624056630e-06, 2.9568e+01, 6.3150e-01, 
 1DIAGNOSTIC,    46, -9.788027099548e-01, 3.341912628713e-06, 3.0187e+01, 6.1852e-01, 
 1DIAGNOSTIC,    47, -9.786602790412e-01, 2.273888804048e-06, 3.0819e+01, 6.3180e-01, 
 1DIAGNOSTIC,    48, -9.788225189951e-01, 3.320047686588e-06, 3.1458e+01, 6.3975e-01, 
 1DIAGNOSTIC,    49, -9.786830104135e-01, 2.231569883684e-06, 3.2077e+01, 6.1890e-01, 
 1DIAGNOSTIC,    50, -9.788430953851e-01, 3.102478639119e-06, 3.2710e+01, 6.3242e-01, 
 1DIAGNOSTIC,    51, -9.787065655636e-01, 1.985439648404e-06, 3.3329e+01, 6.1889e-01, 
 1DIAGNOSTIC,    52, -9.788633962601e-01, 2.701299906618e-06, 3.3968e+01, 6.3923e-01, 
 1DIAGNOSTIC,    53, -9.787293251472e-01, 1.572480054605e-06, 3.4592e+01, 6.2457e-01, 
 1DIAGNOSTIC,    54, -9.788830762178e-01, 2.417717545413e-06, 3.5225e+01, 6.3314e-01, 
 1DIAGNOSTIC,    55, -9.787512864338e-01, 1.319002120394e-06, 3.5855e+01, 6.2979e-01, 
 1DIAGNOSTIC,    56, -9.789012492068e-01, 2.090202242563e-06, 3.6489e+01, 6.3334e-01, 
 1DIAGNOSTIC,    57, -9.787712141773e-01, 1.250618201970e-06, 3.7127e+01, 6.3878e-01, 
 1DIAGNOSTIC,    58, -9.789181701037e-01, 1.968183520648e-06, 3.7758e+01, 6.3087e-01, 
 1DIAGNOSTIC,    59, -9.787899815015e-01, 1.160527402549e-06, 3.8381e+01, 6.2291e-01, 
 1DIAGNOSTIC,    60, -9.789347596728e-01, 1.839635673701e-06, 3.9023e+01, 6.4139e-01, 
 1DIAGNOSTIC,    61, -9.788082928304e-01, 1.074201106586e-06, 3.9684e+01, 6.6192e-01, 
 1DIAGNOSTIC,    62, -9.789509421711e-01, 1.724818255375e-06, 4.0306e+01, 6.2158e-01, 
 1DIAGNOSTIC,    63, -9.788257505118e-01, 1.001033756685e-06, 4.0941e+01, 6.3447e-01, 
 1DIAGNOSTIC,    64, -9.789688214716e-01, 1.638666967944e-06, 4.1604e+01, 6.6382e-01, 
 1DIAGNOSTIC,    65, -9.788456028132e-01, 9.672063827244e-07, 4.2223e+01, 6.1875e-01, 
XXDIAGNOSTIC,Iteration,metricValue,convergenceValue,ITERATION_TIME_INDEX,SINCE_LAST
 1DIAGNOSTIC,     1, -9.232509294096e-01, 1.797693134862e+308, 4.8594e+01, 6.3706e+00, 
 1DIAGNOSTIC,     2, -9.255742222772e-01, 1.797693134862e+308, 5.3742e+01, 5.1480e+00, 
 1DIAGNOSTIC,     3, -9.281806042515e-01, 1.797693134862e+308, 5.8920e+01, 5.1786e+00, 
 1DIAGNOSTIC,     4, -9.304001609215e-01, 1.797693134862e+308, 6.4057e+01, 5.1364e+00, 
 1DIAGNOSTIC,     5, -9.322228637280e-01, 1.797693134862e+308, 6.9247e+01, 5.1906e+00, 
 1DIAGNOSTIC,     6, -9.337912763367e-01, 1.797693134862e+308, 7.4373e+01, 5.1259e+00, 
 1DIAGNOSTIC,     7, -9.351824231105e-01, 1.797693134862e+308, 7.9515e+01, 5.1412e+00, 
 1DIAGNOSTIC,     8, -9.364098940985e-01, 1.797693134862e+308, 8.4714e+01, 5.1993e+00, 
 1DIAGNOSTIC,     9, -9.373610921143e-01, 1.797693134862e+308, 8.9865e+01, 5.1512e+00, 
 1DIAGNOSTIC,    10, -9.381967132682e-01, 1.025070064137e-03, 9.5024e+01, 5.1589e+00, 
 1DIAGNOSTIC,    11, -9.389476196639e-01, 8.116694426335e-04, 1.0020e+02, 5.1732e+00, 
 1DIAGNOSTIC,    12, -9.396237434124e-01, 6.364405912512e-04, 1.0531e+02, 5.1091e+00, 
 1DIAGNOSTIC,    13, -9.402406121627e-01, 5.055966022725e-04, 1.1051e+02, 5.2003e+00, 
 1DIAGNOSTIC,    14, -9.408045541202e-01, 4.076635007147e-04, 1.1565e+02, 5.1462e+00, 
 1DIAGNOSTIC,    15, -9.413228771102e-01, 3.327878407600e-04, 1.2075e+02, 5.1018e+00, 
 1DIAGNOSTIC,    16, -9.417825016604e-01, 2.750453025131e-04, 1.2592e+02, 5.1675e+00, 
 1DIAGNOSTIC,    17, -9.422066491161e-01, 2.310104329841e-04, 1.3111e+02, 5.1865e+00, 
 1DIAGNOSTIC,    18, -9.425837690606e-01, 1.974993463957e-04, 1.3633e+02, 5.2193e+00, 
 1DIAGNOSTIC,    19, -9.429268673609e-01, 1.698290645456e-04, 1.4148e+02, 5.1535e+00, 
 1DIAGNOSTIC,    20, -9.432277970910e-01, 1.463484303068e-04, 1.4670e+02, 5.2198e+00, 
 1DIAGNOSTIC,    21, -9.434984867425e-01, 1.262136846494e-04, 1.5183e+02, 5.1321e+00, 
 1DIAGNOSTIC,    22, -9.437426155849e-01, 1.088095946715e-04, 1.5696e+02, 5.1282e+00, 
 1DIAGNOSTIC,    23, -9.439625612415e-01, 9.377657673618e-05, 1.6209e+02, 5.1262e+00, 
 1DIAGNOSTIC,    24, -9.441584758952e-01, 8.081789700078e-05, 1.6721e+02, 5.1222e+00, 
 1DIAGNOSTIC,    25, -9.443376311522e-01, 6.979184999020e-05, 1.7241e+02, 5.1965e+00, 
 1DIAGNOSTIC,    26, -9.445003739945e-01, 6.033555187195e-05, 1.7750e+02, 5.0908e+00, 
 1DIAGNOSTIC,    27, -9.446424622059e-01, 5.228907309005e-05, 1.8266e+02, 5.1624e+00, 
 1DIAGNOSTIC,    28, -9.447692485870e-01, 4.538092902093e-05, 1.8774e+02, 5.0792e+00, 
 1DIAGNOSTIC,    29, -9.448841602844e-01, 3.949793796425e-05, 1.9287e+02, 5.1352e+00, 
 1DIAGNOSTIC,    30, -9.449854452785e-01, 3.438570050522e-05, 1.9803e+02, 5.1557e+00, 
 1DIAGNOSTIC,    31, -9.450763012926e-01, 2.993565294858e-05, 2.0316e+02, 5.1329e+00, 
 1DIAGNOSTIC,    32, -9.451566390525e-01, 2.605591208694e-05, 2.0831e+02, 5.1446e+00, 
 1DIAGNOSTIC,    33, -9.452321154004e-01, 2.271197118892e-05, 2.1347e+02, 5.1642e+00, 
 1DIAGNOSTIC,    34, -9.452896614786e-01, 1.972606957194e-05, 2.1854e+02, 5.0731e+00, 
 1DIAGNOSTIC,    35, -9.453444724232e-01, 1.712375087697e-05, 2.2364e+02, 5.0953e+00, 
 1DIAGNOSTIC,    36, -9.453900785797e-01, 1.485357709741e-05, 2.2874e+02, 5.1031e+00, 
 1DIAGNOSTIC,    37, -9.454286740540e-01, 1.283504343141e-05, 2.3387e+02, 5.1246e+00, 
 1DIAGNOSTIC,    38, -9.454631943222e-01, 1.104980183750e-05, 2.3899e+02, 5.1188e+00, 
 1DIAGNOSTIC,    39, -9.454993339576e-01, 9.540514849991e-06, 2.4409e+02, 5.1007e+00, 
 1DIAGNOSTIC,    40, -9.455267185857e-01, 8.234359271390e-06, 2.4918e+02, 5.0935e+00, 
 1DIAGNOSTIC,    41, -9.455441871559e-01, 7.070824637891e-06, 2.5427e+02, 5.0885e+00, 
 1DIAGNOSTIC,    42, -9.455558776027e-01, 6.016117096937e-06, 2.5939e+02, 5.1182e+00, 
 1DIAGNOSTIC,    43, -9.455592447792e-01, 5.056881948670e-06, 2.6448e+02, 5.0883e+00, 
 1DIAGNOSTIC,    44, -9.455631397712e-01, 4.144583643242e-06, 2.6961e+02, 5.1345e+00, 
 1DIAGNOSTIC,    45, -9.455640368869e-01, 3.314370584942e-06, 2.7479e+02, 5.1822e+00, 
 1DIAGNOSTIC,    46, -9.455618680998e-01, 2.553256835097e-06, 2.7994e+02, 5.1473e+00, 
 1DIAGNOSTIC,    47, -9.455586682194e-01, 1.872504276693e-06, 2.8505e+02, 5.1113e+00, 
 1DIAGNOSTIC,    48, -9.455497004729e-01, 1.263822332086e-06, 2.9018e+02, 5.1266e+00, 
 1DIAGNOSTIC,    49, -9.455350930586e-01, 7.536515313870e-07, 2.9530e+02, 5.1215e+00, 
XXDIAGNOSTIC,Iteration,metricValue,convergenceValue,ITERATION_TIME_INDEX,SINCE_LAST
 1DIAGNOSTIC,     1, -8.938863472624e-01, 1.797693134862e+308, 3.3740e+02, 4.2098e+01, 
 1DIAGNOSTIC,     2, -8.950832207445e-01, 1.797693134862e+308, 3.7786e+02, 4.0468e+01, 
 1DIAGNOSTIC,     3, -8.968812326759e-01, 1.797693134862e+308, 4.1845e+02, 4.0583e+01, 
 1DIAGNOSTIC,     4, -8.986450746714e-01, 1.797693134862e+308, 4.5905e+02, 4.0599e+01, 
 1DIAGNOSTIC,     5, -9.004165070135e-01, 1.797693134862e+308, 4.9959e+02, 4.0540e+01, 
 1DIAGNOSTIC,     6, -9.022331717439e-01, 1.797693134862e+308, 5.3992e+02, 4.0329e+01, 
 1DIAGNOSTIC,     7, -9.040266316314e-01, 1.797693134862e+308, 5.8042e+02, 4.0502e+01, 
 1DIAGNOSTIC,     8, -9.057762658182e-01, 1.797693134862e+308, 6.2094e+02, 4.0523e+01, 
 1DIAGNOSTIC,     9, -9.072638719461e-01, 1.797693134862e+308, 6.6149e+02, 4.0548e+01, 
 1DIAGNOSTIC,    10, -9.087326700982e-01, 1.092513854899e-03, 7.0218e+02, 4.0693e+01, 
 1DIAGNOSTIC,    11, -9.098525767216e-01, 9.759445458384e-04, 7.4290e+02, 4.0715e+01, 
 1DIAGNOSTIC,    12, -9.110185433852e-01, 8.527505578826e-04, 7.8365e+02, 4.0752e+01, 
 1DIAGNOSTIC,    13, -9.119481293689e-01, 7.370083346988e-04, 8.2428e+02, 4.0630e+01, 
 1DIAGNOSTIC,    14, -9.128145766954e-01, 6.295872692181e-04, 8.6501e+02, 4.0729e+01, 
 1DIAGNOSTIC,    15, -9.136254737330e-01, 5.327794111713e-04, 9.0562e+02, 4.0610e+01, 
 1DIAGNOSTIC,    16, -9.143955579313e-01, 4.496418096561e-04, 9.4603e+02, 4.0413e+01, 
 1DIAGNOSTIC,    17, -9.151244983960e-01, 3.810966156555e-04, 9.8669e+02, 4.0661e+01, 
 1DIAGNOSTIC,    18, -9.159506749593e-01, 3.295826770977e-04, 1.0274e+03, 4.0759e+01, 
 1DIAGNOSTIC,    19, -9.165872980182e-01, 2.876606786559e-04, 1.0683e+03, 4.0893e+01, 
 1DIAGNOSTIC,    20, -9.171993030854e-01, 2.556864774031e-04, 1.1090e+03, 4.0669e+01, 
 1DIAGNOSTIC,    21, -9.177990733492e-01, 2.284076481470e-04, 1.1499e+03, 4.0920e+01, 
 1DIAGNOSTIC,    22, -9.183942320402e-01, 2.072029760620e-04, 1.1907e+03, 4.0784e+01, 
 1DIAGNOSTIC,    23, -9.189800291231e-01, 1.889251344321e-04, 1.2315e+03, 4.0766e+01, 
 1DIAGNOSTIC,    24, -9.195073645781e-01, 1.725260615762e-04, 1.2722e+03, 4.0762e+01, 
 1DIAGNOSTIC,    25, -9.199886567000e-01, 1.573636877587e-04, 1.3130e+03, 4.0797e+01, 
 1DIAGNOSTIC,    26, -9.204371040167e-01, 1.431803184814e-04, 1.3538e+03, 4.0785e+01, 
 1DIAGNOSTIC,    27, -9.208572694812e-01, 1.297556428693e-04, 1.3945e+03, 4.0670e+01, 
 1DIAGNOSTIC,    28, -9.212541635526e-01, 1.186482445634e-04, 1.4355e+03, 4.0979e+01, 
 1DIAGNOSTIC,    29, -9.216351656963e-01, 1.080292103575e-04, 1.4762e+03, 4.0702e+01, 
 1DIAGNOSTIC,    30, -9.220015887671e-01, 9.806521660401e-05, 1.5168e+03, 4.0614e+01, 
 1DIAGNOSTIC,    31, -9.223455208049e-01, 8.893934372174e-05, 1.5575e+03, 4.0680e+01, 
 1DIAGNOSTIC,    32, -9.226704015631e-01, 8.090083761875e-05, 1.5983e+03, 4.0825e+01, 
 1DIAGNOSTIC,    33, -9.229826497696e-01, 7.414941107064e-05, 1.6391e+03, 4.0830e+01, 
 1DIAGNOSTIC,    34, -9.232823255101e-01, 6.833152269509e-05, 1.6799e+03, 4.0727e+01, 
 1DIAGNOSTIC,    35, -9.235726584009e-01, 6.322175700900e-05, 1.7204e+03, 4.0577e+01, 
 1DIAGNOSTIC,    36, -9.238560429847e-01, 5.872081947525e-05, 1.7611e+03, 4.0623e+01, 
 1DIAGNOSTIC,    37, -9.241339691277e-01, 5.475946787541e-05, 1.8016e+03, 4.0593e+01, 
 1DIAGNOSTIC,    38, -9.244099771231e-01, 5.131441185402e-05, 1.8426e+03, 4.0928e+01, 
 1DIAGNOSTIC,    39, -9.246794761430e-01, 4.835656757492e-05, 1.8834e+03, 4.0788e+01, 
 1DIAGNOSTIC,    40, -9.249465035410e-01, 4.587580188213e-05, 1.9242e+03, 4.0816e+01, 
 1DIAGNOSTIC,    41, -9.252145270080e-01, 4.379655035084e-05, 1.9650e+03, 4.0840e+01, 
 1DIAGNOSTIC,    42, -9.254793171213e-01, 4.201574862378e-05, 2.0057e+03, 4.0649e+01, 
 1DIAGNOSTIC,    43, -9.257414550828e-01, 4.047342753426e-05, 2.0464e+03, 4.0687e+01, 
 1DIAGNOSTIC,    44, -9.260008936029e-01, 3.910038321604e-05, 2.0872e+03, 4.0816e+01, 
 1DIAGNOSTIC,    45, -9.262554233569e-01, 3.783041799950e-05, 2.1276e+03, 4.0463e+01, 
 1DIAGNOSTIC,    46, -9.265089696790e-01, 3.664137355757e-05, 2.1683e+03, 4.0670e+01, 
 1DIAGNOSTIC,    47, -9.267599797778e-01, 3.550900609080e-05, 2.2091e+03, 4.0761e+01, 
 1DIAGNOSTIC,    48, -9.270040218309e-01, 3.440673960410e-05, 2.2499e+03, 4.0813e+01, 
 1DIAGNOSTIC,    49, -9.272354179195e-01, 3.324712778234e-05, 2.2905e+03, 4.0620e+01, 
 1DIAGNOSTIC,    50, -9.274535481365e-01, 3.198060381790e-05, 2.3313e+03, 4.0827e+01, 
XXDIAGNOSTIC,Iteration,metricValue,convergenceValue,ITERATION_TIME_INDEX,SINCE_LAST
 1DIAGNOSTIC,     1, -8.728431833150e-01, 1.797693134862e+308, 2.6630e+03, 3.3169e+02, 
 1DIAGNOSTIC,     2, -8.741352172110e-01, 1.797693134862e+308, 2.9894e+03, 3.2642e+02, 
 1DIAGNOSTIC,     3, -8.756856141061e-01, 1.797693134862e+308, 3.3156e+03, 3.2620e+02, 
 1DIAGNOSTIC,     4, -8.772371924118e-01, 1.797693134862e+308, 3.6423e+03, 3.2671e+02, 
 1DIAGNOSTIC,     5, -8.786932556081e-01, 1.797693134862e+308, 3.9689e+03, 3.2658e+02, 
 1DIAGNOSTIC,     6, -8.800849372603e-01, 1.797693134862e+308, 4.2957e+03, 3.2681e+02, 
 1DIAGNOSTIC,     7, -8.814092587536e-01, 1.797693134862e+308, 4.6238e+03, 3.2811e+02, 
 1DIAGNOSTIC,     8, -8.826599977248e-01, 1.797693134862e+308, 4.9515e+03, 3.2766e+02, 
 1DIAGNOSTIC,     9, -8.837150196532e-01, 1.797693134862e+308, 5.2784e+03, 3.2692e+02, 
 1DIAGNOSTIC,    10, -8.847424610899e-01, 8.871406209032e-04, 5.6065e+03, 3.2808e+02, 
 1DIAGNOSTIC,    11, -8.857775039878e-01, 7.715932078418e-04, 5.9348e+03, 3.2831e+02, 
 1DIAGNOSTIC,    12, -8.866546461254e-01, 6.639273736803e-04, 6.2627e+03, 3.2792e+02, 
 1DIAGNOSTIC,    13, -8.874311925053e-01, 5.702324750755e-04, 6.5903e+03, 3.2756e+02, 
 1DIAGNOSTIC,    14, -8.881296416766e-01, 4.897081669694e-04, 6.9184e+03, 3.2806e+02, 
 1DIAGNOSTIC,    15, -8.887874922195e-01, 4.203820801088e-04, 7.2470e+03, 3.2859e+02, 
 1DIAGNOSTIC,    16, -8.893916692603e-01, 3.610517100267e-04, 7.5747e+03, 3.2777e+02, 
 1DIAGNOSTIC,    17, -8.899598194883e-01, 3.110519017390e-04, 7.9022e+03, 3.2744e+02, 
 1DIAGNOSTIC,    18, -8.904861921177e-01, 2.695372218285e-04, 8.2308e+03, 3.2861e+02, 
 1DIAGNOSTIC,    19, -8.909741466796e-01, 2.334306862700e-04, 8.5577e+03, 3.2694e+02, 
 1DIAGNOSTIC,    20, -8.914556352650e-01, 2.033542433094e-04, 8.8857e+03, 3.2801e+02, 
  Elapsed time (stage 2): 8888


Total elapsed time: 9213
 Registration finished. The antsRegistration call was:
--------------------------------------------------------------------------------------
/opt/ants/bin/antsRegistration --verbose 1 --dimensionality 3 --float 0 --collapse-output-transforms 1 --output [ /data/derivatives/ants/registrationSyN/sub-s030/ses-open/anat/,/data/derivatives/ants/registrationSyN/sub-s030/ses-open/anat/Warped.nii.gz,/data/derivatives/ants/registrationSyN/sub-s030/ses-open/anat/InverseWarped.nii.gz ] --interpolation Linear --use-histogram-matching 0 --winsorize-image-intensities [ 0.005,0.995 ] --initial-moving-transform [ /templateflow/tpl-MNI152NLin2009cAsym//tpl-MNI152NLin2009cAsym_res-01_desc-brain_T1w.nii.gz,/data/derivatives/fsl/fast/sub-s030/ses-open/anat/BrainExtractionBrain_seg.nii.gz,1 ] --transform Rigid[ 0.1 ] --metric MI[ /templateflow/tpl-MNI152NLin2009cAsym//tpl-MNI152NLin2009cAsym_res-01_desc-brain_T1w.nii.gz,/data/derivatives/fsl/fast/sub-s030/ses-open/anat/BrainExtractionBrain_seg.nii.gz,1,32,Regular,0.25 ] --convergence [ 1000x500x250x100,1e-6,10 ] --shrink-factors 8x4x2x1 --smoothing-sigmas 3x2x1x0vox --transform Affine[ 0.1 ] --metric MI[ /templateflow/tpl-MNI152NLin2009cAsym//tpl-MNI152NLin2009cAsym_res-01_desc-brain_T1w.nii.gz,/data/derivatives/fsl/fast/sub-s030/ses-open/anat/BrainExtractionBrain_seg.nii.gz,1,32,Regular,0.25 ] --convergence [ 1000x500x250x100,1e-6,10 ] --shrink-factors 8x4x2x1 --smoothing-sigmas 3x2x1x0vox --transform SyN[ 0.1,3,0 ] --metric CC[ /templateflow/tpl-MNI152NLin2009cAsym//tpl-MNI152NLin2009cAsym_res-01_desc-brain_T1w.nii.gz,/data/derivatives/fsl/fast/sub-s030/ses-open/anat/BrainExtractionBrain_seg.nii.gz,1,4 ] --convergence [ 100x70x50x20,1e-6,10 ] --shrink-factors 8x4x2x1 --smoothing-sigmas 3x2x1x0vox
--------------------------------------------------------------------------------------
Moving image resampled into fixed space: /data/derivatives/ants/registrationSyN/sub-s030/ses-open/anat/Warped.nii.gz
Fixed image resampled into moving space: /data/derivatives/ants/registrationSyN/sub-s030/ses-open/anat/InverseWarped.nii.gz
--------------------------------------------------------------------------------------
Elapsed Time: 9218.018s
    SP GFLOPS: 0.000
    DP GFLOPS: 0.911
    x87 GFLOPS: 0.003
    CPI Rate: 0.457
    Average CPU Frequency: 3.634 GHz
    Total Thread Count: 15
Effective Physical Core Utilization: 3.0% (0.973 out of 32)
 | The metric value is low, which may signal a poor physical CPU cores
 | utilization caused by:
 |     - load imbalance
 |     - threading runtime overhead
 |     - contended synchronization
 |     - thread/process underutilization
 |     - incorrect affinity that utilizes logical cores instead of physical
 |       cores
 | Explore sub-metrics to estimate the efficiency of MPI and OpenMP parallelism
 | or run the Locks and Waits analysis to identify parallel bottlenecks for
 | other parallel runtimes.
 |
    Effective Logical Core Utilization: 1.5% (0.975 out of 64)
     | The metric value is low, which may signal a poor logical CPU cores
     | utilization. Consider improving physical core utilization as the first
     | step and then look at opportunities to utilize logical cores, which in
     | some cases can improve processor throughput and overall performance of
     | multi-threaded applications.
     |
Memory Bound: 14.5% of Pipeline Slots
    Cache Bound: 7.4% of Clockticks
    DRAM Bound: 0.4% of Clockticks
        DRAM Bandwidth Bound: 0.0% of Elapsed Time
    NUMA: % of Remote Accesses: 1.0%

    Bandwidth Utilization
    Bandwidth Domain             Platform Maximum  Observed Maximum  Average  % of Elapsed Time with High BW Utilization(%)
    ---------------------------  ----------------  ----------------  -------  ---------------------------------------------
    DRAM, GB/sec                 214                         10.500    0.071                                           0.0%
    DRAM Single-Package, GB/sec  107                         10.400    0.068                                           0.0%
Vectorization: 0.0% of Packed FP Operations
 | This code has floating point operations and is not vectorized. Consider
 | either recompiling the code with optimization options that allow
 | vectorization or using Intel Advisor to vectorize the loops.
 |
    Instruction Mix
        SP FLOPs: 0.0% of uOps
            Packed: 0.0% from SP FP
                128-bit: 0.0% from SP FP
                256-bit: 0.0% from SP FP
                512-bit: 0.0% from SP FP
            Scalar: 0.0% from SP FP
        DP FLOPs: 15.1% of uOps
            Packed: 0.0% from DP FP
                128-bit: 0.0% from DP FP
                256-bit: 0.0% from DP FP
                512-bit: 0.0% from DP FP
            Scalar: 100.0% from DP FP
             | This code has floating point operations and is not vectorized.
             | Consider either recompiling the code with optimization options
             | that allow vectorization or using Intel Advisor to vectorize the
             | loops.
             |
        x87 FLOPs: 0.0% of uOps
        Non-FP: 84.9% of uOps
    FP Arith/Mem Rd Instr. Ratio: 0.501
    FP Arith/Mem Wr Instr. Ratio: 1.114
Collection and Platform Info
    Application Command Line: bash "tmp-scripts/n5OIjprEwSF6PqPpiYHz7Io6OByhJEO3.sh" 
    Operating System: 4.18.0-477.10.1.el8_lustre.x86_64 DISTRIB_ID=Ubuntu DISTRIB_RELEASE=20.04 DISTRIB_CODENAME=focal DISTRIB_DESCRIPTION="Ubuntu 20.04.5 LTS"
    Computer Name: comp01
    Result Size: 15.2 GB 
    Collection start time: 20:49:41 27/11/2023 UTC
    Collection stop time: 23:23:19 27/11/2023 UTC
    Collector Type: Driverless Perf per-process sampling
    CPU
        Name: Intel(R) Xeon(R) Processor code named Skylake
        Frequency: 2.095 GHz
        Logical CPU Count: 64
        Max DRAM Single-Package Bandwidth: 107.000 GB/s
        LLC size: 23.1 MB 

If you want to skip descriptions of detected performance issues in the report,
enter: vtune -report summary -report-knob show-issues=false -r <my_result_dir>.
Alternatively, you may view the report in the csv format: vtune -report
<report_name> -format=csv.
