---------------------
Profiling information

Pipeline: ants registrationSyN
NTHREAD: 1

DATASET: ds004513
SUBJECT_ID: s020

SIF_IMG: /mnt/lustre/mathdugre/containers/ants-debug.simg
DATA_DIR: /mnt/lustre/mathdugre/mri-bottleneck/datasets/ds004513

PROJECT_DIR: /mnt/lustre/mathdugre/mri-bottleneck
PROFILING_DIR: /mnt/lustre/mathdugre/mri-bottleneck/vtune_output/1-threads/ants/registrationSyN/ds004513/sub-s020/U1jw9lM5jyAr6PCwifupCcyzr7bGypWi
---------------------

Command to profile: bash tmp-scripts/U1jw9lM5jyAr6PCwifupCcyzr7bGypWi.sh

--------------------------------------------------------------------------------------
 Mapping parameters
--------------------------------------------------------------------------------------
 ANTSPATH is /opt/ants/bin

 Dimensionality:           3
 Output name prefix:       /data/derivatives/ants/registrationSyN/sub-s020/ses-open/anat/
 Fixed images:             /templateflow/tpl-MNI152NLin2009cAsym//tpl-MNI152NLin2009cAsym_res-01_desc-brain_T1w.nii.gz
 Moving images:            /data/derivatives/fsl/fast/sub-s020/ses-open/anat/BrainExtractionBrain_seg.nii.gz
 Mask images:              
 Initial transforms:       
 Number of threads:        1
 Spline distance:          26
 SyN gradient step:        0.1
 Transform type:           s
 CC radius:                4
 Precision:                d
 Use histogram matching    0
 Repro                     0
======================================================================================
 antsRegistration call:
--------------------------------------------------------------------------------------
/opt/ants/bin/antsRegistration --verbose 1 --dimensionality 3 --float 0 --collapse-output-transforms 1 --output [ /data/derivatives/ants/registrationSyN/sub-s020/ses-open/anat/,/data/derivatives/ants/registrationSyN/sub-s020/ses-open/anat/Warped.nii.gz,/data/derivatives/ants/registrationSyN/sub-s020/ses-open/anat/InverseWarped.nii.gz ] --interpolation Linear --use-histogram-matching 0 --winsorize-image-intensities [ 0.005,0.995 ] --initial-moving-transform [ /templateflow/tpl-MNI152NLin2009cAsym//tpl-MNI152NLin2009cAsym_res-01_desc-brain_T1w.nii.gz,/data/derivatives/fsl/fast/sub-s020/ses-open/anat/BrainExtractionBrain_seg.nii.gz,1 ] --transform Rigid[ 0.1 ] --metric MI[ /templateflow/tpl-MNI152NLin2009cAsym//tpl-MNI152NLin2009cAsym_res-01_desc-brain_T1w.nii.gz,/data/derivatives/fsl/fast/sub-s020/ses-open/anat/BrainExtractionBrain_seg.nii.gz,1,32,Regular,0.25 ] --convergence [ 1000x500x250x100,1e-6,10 ] --shrink-factors 8x4x2x1 --smoothing-sigmas 3x2x1x0vox --transform Affine[ 0.1 ] --metric MI[ /templateflow/tpl-MNI152NLin2009cAsym//tpl-MNI152NLin2009cAsym_res-01_desc-brain_T1w.nii.gz,/data/derivatives/fsl/fast/sub-s020/ses-open/anat/BrainExtractionBrain_seg.nii.gz,1,32,Regular,0.25 ] --convergence [ 1000x500x250x100,1e-6,10 ] --shrink-factors 8x4x2x1 --smoothing-sigmas 3x2x1x0vox --transform SyN[ 0.1,3,0 ] --metric CC[ /templateflow/tpl-MNI152NLin2009cAsym//tpl-MNI152NLin2009cAsym_res-01_desc-brain_T1w.nii.gz,/data/derivatives/fsl/fast/sub-s020/ses-open/anat/BrainExtractionBrain_seg.nii.gz,1,4 ] --convergence [ 100x70x50x20,1e-6,10 ] --shrink-factors 8x4x2x1 --smoothing-sigmas 3x2x1x0vox
--------------------------------------------------------------------------------------
All_Command_lines_OK
Using double precision for computations.
=============================================================================
The composite transform comprises the following transforms (in order): 
  1. Center of mass alignment using fixed image: /templateflow/tpl-MNI152NLin2009cAsym//tpl-MNI152NLin2009cAsym_res-01_desc-brain_T1w.nii.gz and moving image: /data/derivatives/fsl/fast/sub-s020/ses-open/anat/BrainExtractionBrain_seg.nii.gz (type = Euler3DTransform)
=============================================================================
  number of levels = 4
  number of levels = 4
  number of levels = 4
  fixed image: /templateflow/tpl-MNI152NLin2009cAsym//tpl-MNI152NLin2009cAsym_res-01_desc-brain_T1w.nii.gz
  moving image: /data/derivatives/fsl/fast/sub-s020/ses-open/anat/BrainExtractionBrain_seg.nii.gz
  fixed image: /templateflow/tpl-MNI152NLin2009cAsym//tpl-MNI152NLin2009cAsym_res-01_desc-brain_T1w.nii.gz
  moving image: /data/derivatives/fsl/fast/sub-s020/ses-open/anat/BrainExtractionBrain_seg.nii.gz
  fixed image: /templateflow/tpl-MNI152NLin2009cAsym//tpl-MNI152NLin2009cAsym_res-01_desc-brain_T1w.nii.gz
  moving image: /data/derivatives/fsl/fast/sub-s020/ses-open/anat/BrainExtractionBrain_seg.nii.gz
Dimension = 3
Number of stages = 3
Use histogram matching = false
Winsorize image intensities = true
  Lower quantile = 0.005
  Upper quantile = 0.995


Stage 1 State
   Image metric = Mattes
     Fixed image = Image (0x556e7c90e5b0)
  RTTI typeinfo:   itk::Image<double, 3u>
  Reference Count: 2
  Modified Time: 1721
  Debug: Off
  Object Name: 
  Observers: 
    none
  Source: (none)
  Source output name: (none)
  Release Data: Off
  Data Released: False
  Global Release Data: Off
  PipelineMTime: 0
  UpdateMTime: 1504
  RealTimeStamp: 0 seconds 
  LargestPossibleRegion: 
    Dimension: 3
    Index: [0, 0, 0]
    Size: [193, 229, 193]
  BufferedRegion: 
    Dimension: 3
    Index: [0, 0, 0]
    Size: [193, 229, 193]
  RequestedRegion: 
    Dimension: 3
    Index: [0, 0, 0]
    Size: [193, 229, 193]
  Spacing: [1, 1, 1]
  Origin: [96, 132, -78]
  Direction: 
-1 0 0
0 -1 0
0 0 1

  IndexToPointMatrix: 
-1 0 0
0 -1 0
0 0 1

  PointToIndexMatrix: 
-1 0 0
0 -1 0
0 0 1

  Inverse Direction: 
-1 0 0
0 -1 0
0 0 1

  PixelContainer: 
    ImportImageContainer (0x556e7c917160)
      RTTI typeinfo:   itk::ImportImageContainer<unsigned long, double>
      Reference Count: 1
      Modified Time: 1501
      Debug: Off
      Object Name: 
      Observers: 
        none
      Pointer: 0x7fef1256d010
      Container manages memory: true
      Size: 8530021
      Capacity: 8530021

     Moving image = Image (0x556e7c91a0a0)
  RTTI typeinfo:   itk::Image<double, 3u>
  Reference Count: 2
  Modified Time: 1722
  Debug: Off
  Object Name: 
  Observers: 
    none
  Source: (none)
  Source output name: (none)
  Release Data: Off
  Data Released: False
  Global Release Data: Off
  PipelineMTime: 0
  UpdateMTime: 1719
  RealTimeStamp: 0 seconds 
  LargestPossibleRegion: 
    Dimension: 3
    Index: [0, 0, 0]
    Size: [160, 240, 256]
  BufferedRegion: 
    Dimension: 3
    Index: [0, 0, 0]
    Size: [160, 240, 256]
  RequestedRegion: 
    Dimension: 3
    Index: [0, 0, 0]
    Size: [160, 240, 256]
  Spacing: [0.999995, 1, 1]
  Origin: [87.0906, 98.7205, -152.377]
  Direction: 
-0.996975 0.0261379 -0.0731913
-0.0260677 -0.999658 -0.00191374
-0.0732163 -2.46403e-08 0.997316

  IndexToPointMatrix: 
-0.996971 0.0261379 -0.0731913
-0.0260676 -0.999658 -0.00191374
-0.0732159 -2.46403e-08 0.997316

  PointToIndexMatrix: 
-0.99698 -0.0260679 -0.0732166
0.0261379 -0.999658 -2.46993e-08
-0.0731913 -0.00191374 0.997316

  Inverse Direction: 
-0.996975 -0.0260677 -0.0732163
0.0261379 -0.999658 -2.46993e-08
-0.0731913 -0.00191374 0.997316

  PixelContainer: 
    ImportImageContainer (0x556e7c9156c0)
      RTTI typeinfo:   itk::ImportImageContainer<unsigned long, double>
      Reference Count: 1
      Modified Time: 1716
      Debug: Off
      Object Name: 
      Observers: 
        none
      Pointer: 0x7fef0da6c010
      Container manages memory: true
      Size: 9830400
      Capacity: 9830400

     Weighting = 1
     Sampling strategy = regular
     Number of bins = 32
     Radius = 4
     Sampling percentage  = 0.25
   Transform = Rigid
     Gradient step = 0.1
     Update field sigma (voxel space) = 0
     Total field sigma (voxel space) = 0
     Update field time sigma = 0
     Total field time sigma  = 0
     Number of time indices = 0
     Number of time point samples = 0
Stage 2 State
   Image metric = Mattes
     Fixed image = Image (0x556e7c9714d0)
  RTTI typeinfo:   itk::Image<double, 3u>
  Reference Count: 2
  Modified Time: 2151
  Debug: Off
  Object Name: 
  Observers: 
    none
  Source: (none)
  Source output name: (none)
  Release Data: Off
  Data Released: False
  Global Release Data: Off
  PipelineMTime: 0
  UpdateMTime: 1934
  RealTimeStamp: 0 seconds 
  LargestPossibleRegion: 
    Dimension: 3
    Index: [0, 0, 0]
    Size: [193, 229, 193]
  BufferedRegion: 
    Dimension: 3
    Index: [0, 0, 0]
    Size: [193, 229, 193]
  RequestedRegion: 
    Dimension: 3
    Index: [0, 0, 0]
    Size: [193, 229, 193]
  Spacing: [1, 1, 1]
  Origin: [96, 132, -78]
  Direction: 
-1 0 0
0 -1 0
0 0 1

  IndexToPointMatrix: 
-1 0 0
0 -1 0
0 0 1

  PointToIndexMatrix: 
-1 0 0
0 -1 0
0 0 1

  Inverse Direction: 
-1 0 0
0 -1 0
0 0 1

  PixelContainer: 
    ImportImageContainer (0x556e7c965ec0)
      RTTI typeinfo:   itk::ImportImageContainer<unsigned long, double>
      Reference Count: 1
      Modified Time: 1931
      Debug: Off
      Object Name: 
      Observers: 
        none
      Pointer: 0x7fef09957010
      Container manages memory: true
      Size: 8530021
      Capacity: 8530021

     Moving image = Image (0x556e7c96f4e0)
  RTTI typeinfo:   itk::Image<double, 3u>
  Reference Count: 2
  Modified Time: 2152
  Debug: Off
  Object Name: 
  Observers: 
    none
  Source: (none)
  Source output name: (none)
  Release Data: Off
  Data Released: False
  Global Release Data: Off
  PipelineMTime: 0
  UpdateMTime: 2149
  RealTimeStamp: 0 seconds 
  LargestPossibleRegion: 
    Dimension: 3
    Index: [0, 0, 0]
    Size: [160, 240, 256]
  BufferedRegion: 
    Dimension: 3
    Index: [0, 0, 0]
    Size: [160, 240, 256]
  RequestedRegion: 
    Dimension: 3
    Index: [0, 0, 0]
    Size: [160, 240, 256]
  Spacing: [0.999995, 1, 1]
  Origin: [87.0906, 98.7205, -152.377]
  Direction: 
-0.996975 0.0261379 -0.0731913
-0.0260677 -0.999658 -0.00191374
-0.0732163 -2.46403e-08 0.997316

  IndexToPointMatrix: 
-0.996971 0.0261379 -0.0731913
-0.0260676 -0.999658 -0.00191374
-0.0732159 -2.46403e-08 0.997316

  PointToIndexMatrix: 
-0.99698 -0.0260679 -0.0732166
0.0261379 -0.999658 -2.46993e-08
-0.0731913 -0.00191374 0.997316

  Inverse Direction: 
-0.996975 -0.0260677 -0.0732163
0.0261379 -0.999658 -2.46993e-08
-0.0731913 -0.00191374 0.997316

  PixelContainer: 
    ImportImageContainer (0x556e7ca3a1d0)
      RTTI typeinfo:   itk::ImportImageContainer<unsigned long, double>
      Reference Count: 1
      Modified Time: 2146
      Debug: Off
      Object Name: 
      Observers: 
        none
      Pointer: 0x7fef04e56010
      Container manages memory: true
      Size: 9830400
      Capacity: 9830400

     Weighting = 1
     Sampling strategy = regular
     Number of bins = 32
     Radius = 4
     Sampling percentage  = 0.25
   Transform = Affine
     Gradient step = 0.1
     Update field sigma (voxel space) = 0
     Total field sigma (voxel space) = 0
     Update field time sigma = 0
     Total field time sigma  = 0
     Number of time indices = 0
     Number of time point samples = 0
Stage 3 State
   Image metric = CC
     Fixed image = Image (0x556e7c96dd40)
  RTTI typeinfo:   itk::Image<double, 3u>
  Reference Count: 2
  Modified Time: 2581
  Debug: Off
  Object Name: 
  Observers: 
    none
  Source: (none)
  Source output name: (none)
  Release Data: Off
  Data Released: False
  Global Release Data: Off
  PipelineMTime: 0
  UpdateMTime: 2364
  RealTimeStamp: 0 seconds 
  LargestPossibleRegion: 
    Dimension: 3
    Index: [0, 0, 0]
    Size: [193, 229, 193]
  BufferedRegion: 
    Dimension: 3
    Index: [0, 0, 0]
    Size: [193, 229, 193]
  RequestedRegion: 
    Dimension: 3
    Index: [0, 0, 0]
    Size: [193, 229, 193]
  Spacing: [1, 1, 1]
  Origin: [96, 132, -78]
  Direction: 
-1 0 0
0 -1 0
0 0 1

  IndexToPointMatrix: 
-1 0 0
0 -1 0
0 0 1

  PointToIndexMatrix: 
-1 0 0
0 -1 0
0 0 1

  Inverse Direction: 
-1 0 0
0 -1 0
0 0 1

  PixelContainer: 
    ImportImageContainer (0x556e7c96e4c0)
      RTTI typeinfo:   itk::ImportImageContainer<unsigned long, double>
      Reference Count: 1
      Modified Time: 2361
      Debug: Off
      Object Name: 
      Observers: 
        none
      Pointer: 0x7fef00d41010
      Container manages memory: true
      Size: 8530021
      Capacity: 8530021

     Moving image = Image (0x556e7c9929d0)
  RTTI typeinfo:   itk::Image<double, 3u>
  Reference Count: 2
  Modified Time: 2582
  Debug: Off
  Object Name: 
  Observers: 
    none
  Source: (none)
  Source output name: (none)
  Release Data: Off
  Data Released: False
  Global Release Data: Off
  PipelineMTime: 0
  UpdateMTime: 2579
  RealTimeStamp: 0 seconds 
  LargestPossibleRegion: 
    Dimension: 3
    Index: [0, 0, 0]
    Size: [160, 240, 256]
  BufferedRegion: 
    Dimension: 3
    Index: [0, 0, 0]
    Size: [160, 240, 256]
  RequestedRegion: 
    Dimension: 3
    Index: [0, 0, 0]
    Size: [160, 240, 256]
  Spacing: [0.999995, 1, 1]
  Origin: [87.0906, 98.7205, -152.377]
  Direction: 
-0.996975 0.0261379 -0.0731913
-0.0260677 -0.999658 -0.00191374
-0.0732163 -2.46403e-08 0.997316

  IndexToPointMatrix: 
-0.996971 0.0261379 -0.0731913
-0.0260676 -0.999658 -0.00191374
-0.0732159 -2.46403e-08 0.997316

  PointToIndexMatrix: 
-0.99698 -0.0260679 -0.0732166
0.0261379 -0.999658 -2.46993e-08
-0.0731913 -0.00191374 0.997316

  Inverse Direction: 
-0.996975 -0.0260677 -0.0732163
0.0261379 -0.999658 -2.46993e-08
-0.0731913 -0.00191374 0.997316

  PixelContainer: 
    ImportImageContainer (0x556e7cada2d0)
      RTTI typeinfo:   itk::ImportImageContainer<unsigned long, double>
      Reference Count: 1
      Modified Time: 2576
      Debug: Off
      Object Name: 
      Observers: 
        none
      Pointer: 0x7feefc240010
      Container manages memory: true
      Size: 9830400
      Capacity: 9830400

     Weighting = 1
     Sampling strategy = none
     Number of bins = 32
     Radius = 4
     Sampling percentage  = 1
   Transform = SyN
     Gradient step = 0.1
     Update field sigma (voxel space) = 3
     Total field sigma (voxel space) = 0
     Update field time sigma = 0
     Total field time sigma  = 0
     Number of time indices = 0
     Number of time point samples = 0
Registration using 3 total stages.

Stage 0
  iterations = 1000x500x250x100
  convergence threshold = 1e-06
  convergence window size = 10
  number of levels = 4
  using the Mattes MI metric (number of bins = 32, weight = 1, use gradient filter = 0)
  preprocessing:  winsorizing the image intensities
  Shrink factors (level 1 out of 4): [8, 8, 8]
  Shrink factors (level 2 out of 4): [4, 4, 4]
  Shrink factors (level 3 out of 4): [2, 2, 2]
  Shrink factors (level 4 out of 4): [1, 1, 1]
  smoothing sigmas per level: [3, 2, 1, 0]
  regular sampling (percentage = 0.25)

*** Running Euler3DTransform registration ***

DIAGNOSTIC,Iteration,metricValue,convergenceValue,ITERATION_TIME_INDEX,SINCE_LAST
 2DIAGNOSTIC,     1, -4.133235031305e-01, 1.797693134862e+308, 1.5815e+00, 1.5815e+00, 
 2DIAGNOSTIC,     2, -4.146153498807e-01, 1.797693134862e+308, 1.5887e+00, 7.1859e-03, 
 2DIAGNOSTIC,     3, -4.173762925547e-01, 1.797693134862e+308, 1.5964e+00, 7.7519e-03, 
 2DIAGNOSTIC,     4, -4.234000270860e-01, 1.797693134862e+308, 1.6035e+00, 7.0691e-03, 
 2DIAGNOSTIC,     5, -4.291265528724e-01, 1.797693134862e+308, 1.6106e+00, 7.1402e-03, 
 2DIAGNOSTIC,     6, -4.353391728027e-01, 1.797693134862e+308, 1.6184e+00, 7.7770e-03, 
 2DIAGNOSTIC,     7, -4.429585973402e-01, 1.797693134862e+308, 1.6273e+00, 8.9412e-03, 
 2DIAGNOSTIC,     8, -4.473910751929e-01, 1.797693134862e+308, 1.6351e+00, 7.7920e-03, 
 2DIAGNOSTIC,     9, -4.477503202337e-01, 1.797693134862e+308, 1.6421e+00, 6.9480e-03, 
 2DIAGNOSTIC,    10, -4.481849846758e-01, 6.256584438402e-03, 1.6521e+00, 1.0038e-02, 
 2DIAGNOSTIC,    11, -4.495080511256e-01, 5.288427412195e-03, 1.6611e+00, 8.9920e-03, 
 2DIAGNOSTIC,    12, -4.501138177240e-01, 4.111560024642e-03, 1.6730e+00, 1.1849e-02, 
 2DIAGNOSTIC,    13, -4.572231494315e-01, 3.237234938219e-03, 1.6889e+00, 1.5963e-02, 
 2DIAGNOSTIC,    14, -4.556794296493e-01, 2.401052130520e-03, 1.6993e+00, 1.0356e-02, 
 2DIAGNOSTIC,    15, -4.624327614318e-01, 2.003330351466e-03, 1.7074e+00, 8.1341e-03, 
 2DIAGNOSTIC,    16, -4.678219575274e-01, 1.929264777297e-03, 1.7175e+00, 1.0065e-02, 
 2DIAGNOSTIC,    17, -4.784128797752e-01, 2.361939356578e-03, 1.7434e+00, 2.5968e-02, 
 2DIAGNOSTIC,    18, -4.784119090238e-01, 2.674909914269e-03, 1.7600e+00, 1.6595e-02, 
 2DIAGNOSTIC,    19, -4.784142882268e-01, 2.724768760500e-03, 1.7705e+00, 1.0447e-02, 
 2DIAGNOSTIC,    20, -4.784183043496e-01, 2.535148290574e-03, 1.7779e+00, 7.4370e-03, 
 2DIAGNOSTIC,    21, -4.784250711227e-01, 2.166022799479e-03, 1.7849e+00, 7.0300e-03, 
 2DIAGNOSTIC,    22, -4.784364952644e-01, 1.639690814932e-03, 1.7917e+00, 6.7611e-03, 
 2DIAGNOSTIC,    23, -4.784556379217e-01, 1.208193564746e-03, 1.7987e+00, 7.0190e-03, 
 2DIAGNOSTIC,    24, -4.784874900056e-01, 6.634427515227e-04, 1.8057e+00, 7.0150e-03, 
 2DIAGNOSTIC,    25, -4.785402866678e-01, 2.719851909203e-04, 1.8126e+00, 6.8471e-03, 
 2DIAGNOSTIC,    26, -4.786252324378e-01, 1.076590441111e-05, 1.8196e+00, 6.9971e-03, 
 2DIAGNOSTIC,    27, -4.788918200901e-01, 1.926927628794e-05, 1.8266e+00, 7.0400e-03, 
 2DIAGNOSTIC,    28, -4.790863644650e-01, 2.959831065616e-05, 1.8334e+00, 6.7828e-03, 
 2DIAGNOSTIC,    29, -4.793401575222e-01, 4.194877442318e-05, 1.8405e+00, 7.0729e-03, 
 2DIAGNOSTIC,    30, -4.795842813550e-01, 5.467580603753e-05, 1.8484e+00, 7.9629e-03, 
 2DIAGNOSTIC,    31, -4.796461359848e-01, 6.279218158634e-05, 1.8554e+00, 6.9261e-03, 
 2DIAGNOSTIC,    32, -4.796996917205e-01, 6.580199388955e-05, 1.8693e+00, 1.3916e-02, 
 2DIAGNOSTIC,    33, -4.798978642764e-01, 6.653072280784e-05, 1.8789e+00, 9.5990e-03, 
 2DIAGNOSTIC,    34, -4.800645593776e-01, 6.448845960969e-05, 1.8864e+00, 7.4880e-03, 
 2DIAGNOSTIC,    35, -4.804672419058e-01, 6.449617071141e-05, 1.8935e+00, 7.1552e-03, 
 2DIAGNOSTIC,    36, -4.808560301892e-01, 6.639022530559e-05, 1.9007e+00, 7.1750e-03, 
 2DIAGNOSTIC,    37, -4.816335303922e-01, 7.921117933000e-05, 1.9091e+00, 8.4059e-03, 
 2DIAGNOSTIC,    38, -4.839952118331e-01, 1.248236118398e-04, 1.9242e+00, 1.5047e-02, 
 2DIAGNOSTIC,    39, -4.844400301163e-01, 1.661863261948e-04, 1.9310e+00, 6.8331e-03, 
 2DIAGNOSTIC,    40, -4.851376476056e-01, 2.043700505400e-04, 1.9381e+00, 7.0989e-03, 
 2DIAGNOSTIC,    41, -4.858686458912e-01, 2.332634001785e-04, 1.9451e+00, 7.0581e-03, 
 2DIAGNOSTIC,    42, -4.866215629335e-01, 2.498859923739e-04, 1.9521e+00, 6.9661e-03, 
 2DIAGNOSTIC,    43, -4.885844123702e-01, 2.719913260369e-04, 1.9603e+00, 8.1580e-03, 
 2DIAGNOSTIC,    44, -4.897954304852e-01, 2.855330761659e-04, 1.9702e+00, 9.9099e-03, 
 2DIAGNOSTIC,    45, -4.904303000777e-01, 2.855520732333e-04, 1.9780e+00, 7.8430e-03, 
 2DIAGNOSTIC,    46, -4.910210399836e-01, 2.715982812531e-04, 1.9849e+00, 6.8312e-03, 
 2DIAGNOSTIC,    47, -4.929705774781e-01, 2.667450307974e-04, 1.9931e+00, 8.1971e-03, 
 2DIAGNOSTIC,    48, -5.025218864252e-01, 3.860778837457e-04, 2.0025e+00, 9.4080e-03, 
 2DIAGNOSTIC,    49, -5.056508605637e-01, 5.040737109415e-04, 2.0094e+00, 6.9809e-03, 
 2DIAGNOSTIC,    50, -5.075094328817e-01, 6.003823480317e-04, 2.0176e+00, 8.1599e-03, 
 2DIAGNOSTIC,    51, -5.088619327117e-01, 6.614916086358e-04, 2.0249e+00, 7.3099e-03, 
 2DIAGNOSTIC,    52, -5.104452925688e-01, 6.829987060949e-04, 2.0344e+00, 9.4621e-03, 
 2DIAGNOSTIC,    53, -5.130732937497e-01, 6.880310234750e-04, 2.0426e+00, 8.2071e-03, 
 2DIAGNOSTIC,    54, -5.165237815278e-01, 6.774898996863e-04, 2.0516e+00, 9.0101e-03, 
 2DIAGNOSTIC,    55, -5.211720184167e-01, 6.607056575773e-04, 2.0590e+00, 7.4570e-03, 
 2DIAGNOSTIC,    56, -5.270007143199e-01, 6.499690951825e-04, 2.0673e+00, 8.2569e-03, 
 2DIAGNOSTIC,    57, -5.293518361172e-01, 6.191783282287e-04, 2.0754e+00, 8.1339e-03, 
 2DIAGNOSTIC,    58, -5.302855145689e-01, 6.375607006667e-04, 2.0840e+00, 8.5850e-03, 
 2DIAGNOSTIC,    59, -5.303778366520e-01, 6.265726247787e-04, 2.0925e+00, 8.4858e-03, 
 2DIAGNOSTIC,    60, -5.385509882128e-01, 6.544836720872e-04, 2.1068e+00, 1.4328e-02, 
 2DIAGNOSTIC,    61, -5.396898906356e-01, 6.398311521360e-04, 2.1139e+00, 7.0288e-03, 
 2DIAGNOSTIC,    62, -5.418528051105e-01, 6.003886570437e-04, 2.1217e+00, 7.8461e-03, 
 2DIAGNOSTIC,    63, -5.428073598062e-01, 5.392900438538e-04, 2.1283e+00, 6.6190e-03, 
 2DIAGNOSTIC,    64, -5.429501895491e-01, 4.612034776600e-04, 2.1370e+00, 8.6901e-03, 
 2DIAGNOSTIC,    65, -5.431816101000e-01, 3.835986878470e-04, 2.1447e+00, 7.7240e-03, 
 2DIAGNOSTIC,    66, -5.433942013564e-01, 3.245436859040e-04, 2.1514e+00, 6.6140e-03, 
 2DIAGNOSTIC,    67, -5.435705047905e-01, 2.589129908235e-04, 2.1582e+00, 6.8569e-03, 
 2DIAGNOSTIC,    68, -5.437810573141e-01, 1.811893332314e-04, 2.1688e+00, 1.0623e-02, 
 2DIAGNOSTIC,    69, -5.439931644044e-01, 8.953641085347e-05, 2.1757e+00, 6.8491e-03, 
 2DIAGNOSTIC,    70, -5.442666790173e-01, 6.250160950176e-05, 2.1823e+00, 6.6411e-03, 
 2DIAGNOSTIC,    71, -5.462602849422e-01, 5.553210498849e-05, 2.1912e+00, 8.8241e-03, 
 2DIAGNOSTIC,    72, -5.470310586700e-01, 6.650021845661e-05, 2.1998e+00, 8.6112e-03, 
 2DIAGNOSTIC,    73, -5.469576955600e-01, 7.779639333086e-05, 2.2064e+00, 6.6020e-03, 
 2DIAGNOSTIC,    74, -5.469618233592e-01, 8.274424249251e-05, 2.2132e+00, 6.8150e-03, 
 2DIAGNOSTIC,    75, -5.470566097523e-01, 8.211480412222e-05, 2.2201e+00, 6.8681e-03, 
 2DIAGNOSTIC,    76, -5.470710250971e-01, 7.504977755909e-05, 2.2275e+00, 7.4770e-03, 
 2DIAGNOSTIC,    77, -5.471853188415e-01, 6.303266296683e-05, 2.2371e+00, 9.5868e-03, 
 2DIAGNOSTIC,    78, -5.471126113776e-01, 4.653453801633e-05, 2.2475e+00, 1.0374e-02, 
 2DIAGNOSTIC,    79, -5.471126382572e-01, 2.783044571689e-05, 2.2615e+00, 1.4022e-02, 
 2DIAGNOSTIC,    80, -5.471126388437e-01, 8.604892351055e-06, 2.2969e+00, 3.5427e-02, 
 2DIAGNOSTIC,    81, -5.471126388437e-01, 3.034292226622e-06, 2.3052e+00, 8.2750e-03, 
 2DIAGNOSTIC,    82, -5.471126388437e-01, 2.753285762437e-06, 2.3145e+00, 9.2709e-03, 
 2DIAGNOSTIC,    83, -5.471126388437e-01, 1.764350189976e-06, 2.3224e+00, 7.8850e-03, 
DIAGNOSTIC,Iteration,metricValue,convergenceValue,ITERATION_TIME_INDEX,SINCE_LAST
 2DIAGNOSTIC,     1, -4.390253966315e-01, 1.797693134862e+308, 3.6385e+00, 1.3161e+00, 
 2DIAGNOSTIC,     2, -4.394381979048e-01, 1.797693134862e+308, 3.7026e+00, 6.4137e-02, 
 2DIAGNOSTIC,     3, -4.399300496541e-01, 1.797693134862e+308, 3.7681e+00, 6.5444e-02, 
 2DIAGNOSTIC,     4, -4.412793801352e-01, 1.797693134862e+308, 3.8352e+00, 6.7095e-02, 
 2DIAGNOSTIC,     5, -4.430129923827e-01, 1.797693134862e+308, 3.9007e+00, 6.5497e-02, 
 2DIAGNOSTIC,     6, -4.450034170098e-01, 1.797693134862e+308, 3.9771e+00, 7.6446e-02, 
 2DIAGNOSTIC,     7, -4.461468200927e-01, 1.797693134862e+308, 4.0714e+00, 9.4338e-02, 
 2DIAGNOSTIC,     8, -4.463977729941e-01, 1.797693134862e+308, 4.1522e+00, 8.0785e-02, 
 2DIAGNOSTIC,     9, -4.464721016482e-01, 1.797693134862e+308, 4.2257e+00, 7.3501e-02, 
 2DIAGNOSTIC,    10, -4.464653365781e-01, 1.331999457563e-03, 4.2989e+00, 7.3122e-02, 
 2DIAGNOSTIC,    11, -4.464626530690e-01, 1.059954569209e-03, 4.3892e+00, 9.0387e-02, 
 2DIAGNOSTIC,    12, -4.464581143743e-01, 7.607866454203e-04, 4.4615e+00, 7.2243e-02, 
 2DIAGNOSTIC,    13, -4.464544936530e-01, 4.638006468488e-04, 4.5436e+00, 8.2068e-02, 
 2DIAGNOSTIC,    14, -4.464492534943e-01, 2.285720886156e-04, 4.6168e+00, 7.3257e-02, 
 2DIAGNOSTIC,    15, -4.464435224518e-01, 7.620160629467e-05, 4.6803e+00, 6.3464e-02, 
 2DIAGNOSTIC,    16, -4.464387600351e-01, 1.438718823807e-05, 4.7449e+00, 6.4647e-02, 
 2DIAGNOSTIC,    17, -4.464568269799e-01, 2.170611087773e-06, 4.8178e+00, 7.2915e-02, 
DIAGNOSTIC,Iteration,metricValue,convergenceValue,ITERATION_TIME_INDEX,SINCE_LAST
 2DIAGNOSTIC,     1, -3.881955199749e-01, 1.797693134862e+308, 6.6676e+00, 1.8498e+00, 
 2DIAGNOSTIC,     2, -3.886236503653e-01, 1.797693134862e+308, 7.1751e+00, 5.0753e-01, 
 2DIAGNOSTIC,     3, -3.893134584926e-01, 1.797693134862e+308, 7.6854e+00, 5.1028e-01, 
 2DIAGNOSTIC,     4, -3.899357007154e-01, 1.797693134862e+308, 8.1991e+00, 5.1371e-01, 
 2DIAGNOSTIC,     5, -3.904182722969e-01, 1.797693134862e+308, 8.7100e+00, 5.1091e-01, 
 2DIAGNOSTIC,     6, -3.907679023161e-01, 1.797693134862e+308, 9.2215e+00, 5.1151e-01, 
 2DIAGNOSTIC,     7, -3.910623810801e-01, 1.797693134862e+308, 9.8385e+00, 6.1698e-01, 
 2DIAGNOSTIC,     8, -3.912604223045e-01, 1.797693134862e+308, 1.0459e+01, 6.2034e-01, 
 2DIAGNOSTIC,     9, -3.914526386424e-01, 1.797693134862e+308, 1.1006e+01, 5.4722e-01, 
 2DIAGNOSTIC,    10, -3.925348433929e-01, 6.410825790067e-04, 1.1525e+01, 5.1872e-01, 
 2DIAGNOSTIC,    11, -3.929871538376e-01, 5.773581744651e-04, 1.2155e+01, 6.2993e-01, 
 2DIAGNOSTIC,    12, -3.937931399012e-01, 5.470330839275e-04, 1.2872e+01, 7.1757e-01, 
 2DIAGNOSTIC,    13, -3.956639192244e-01, 6.145517985757e-04, 1.3507e+01, 6.3481e-01, 
 2DIAGNOSTIC,    14, -3.962798183708e-01, 6.783342446539e-04, 1.4040e+01, 5.3280e-01, 
 2DIAGNOSTIC,    15, -3.969917582154e-01, 7.292253511588e-04, 1.4568e+01, 5.2795e-01, 
 2DIAGNOSTIC,    16, -3.982210522043e-01, 7.783964610581e-04, 1.5238e+01, 6.7030e-01, 
 2DIAGNOSTIC,    17, -3.987018877839e-01, 7.821929302689e-04, 1.6033e+01, 7.9450e-01, 
 2DIAGNOSTIC,    18, -3.987736790114e-01, 7.239952499069e-04, 1.6632e+01, 5.9950e-01, 
 2DIAGNOSTIC,    19, -3.988434202993e-01, 6.147570850362e-04, 1.7144e+01, 5.1217e-01, 
 2DIAGNOSTIC,    20, -3.989202705108e-01, 5.020386446389e-04, 1.7662e+01, 5.1731e-01, 
 2DIAGNOSTIC,    21, -3.991255332771e-01, 3.756410357058e-04, 1.8187e+01, 5.2588e-01, 
 2DIAGNOSTIC,    22, -3.992692548676e-01, 2.554093294449e-04, 1.8713e+01, 5.2538e-01, 
 2DIAGNOSTIC,    23, -3.994460030669e-01, 1.863981458048e-04, 1.9730e+01, 1.0175e+00, 
 2DIAGNOSTIC,    24, -3.994462316228e-01, 1.243833838485e-04, 2.0324e+01, 5.9404e-01, 
 2DIAGNOSTIC,    25, -3.994495257280e-01, 7.568351556709e-05, 2.0829e+01, 5.0421e-01, 
 2DIAGNOSTIC,    26, -3.994538542974e-01, 5.755318236469e-05, 2.1339e+01, 5.1019e-01, 
 2DIAGNOSTIC,    27, -3.994651224821e-01, 4.848398323206e-05, 2.1843e+01, 5.0409e-01, 
 2DIAGNOSTIC,    28, -3.994846916288e-01, 3.791878890991e-05, 2.2351e+01, 5.0809e-01, 
 2DIAGNOSTIC,    29, -3.995140841866e-01, 2.711431472349e-05, 2.2856e+01, 5.0456e-01, 
 2DIAGNOSTIC,    30, -3.996510908939e-01, 1.965837256845e-05, 2.3668e+01, 8.1223e-01, 
 2DIAGNOSTIC,    31, -3.996743504437e-01, 1.609983198893e-05, 2.4173e+01, 5.0528e-01, 
 2DIAGNOSTIC,    32, -3.997021614999e-01, 1.510181412069e-05, 2.4683e+01, 5.0959e-01, 
 2DIAGNOSTIC,    33, -3.997421877548e-01, 1.757226713774e-05, 2.5201e+01, 5.1848e-01, 
 2DIAGNOSTIC,    34, -3.997848875696e-01, 1.919752412059e-05, 2.5794e+01, 5.9314e-01, 
 2DIAGNOSTIC,    35, -3.997954380734e-01, 1.922835500121e-05, 2.6305e+01, 5.1059e-01, 
 2DIAGNOSTIC,    36, -3.998505888312e-01, 1.870629425398e-05, 2.7209e+01, 9.0374e-01, 
 2DIAGNOSTIC,    37, -3.998628925704e-01, 1.698542216195e-05, 2.7952e+01, 7.4312e-01, 
 2DIAGNOSTIC,    38, -3.998632839514e-01, 1.421151835395e-05, 2.8541e+01, 5.8880e-01, 
 2DIAGNOSTIC,    39, -3.998594862043e-01, 1.072130077124e-05, 2.9143e+01, 6.0275e-01, 
 2DIAGNOSTIC,    40, -3.998545136676e-01, 8.830052314855e-06, 2.9727e+01, 5.8395e-01, 
 2DIAGNOSTIC,    41, -3.998548854995e-01, 6.669444787739e-06, 3.0312e+01, 5.8471e-01, 
 2DIAGNOSTIC,    42, -3.998552491280e-01, 4.513744252026e-06, 3.0900e+01, 5.8771e-01, 
 2DIAGNOSTIC,    43, -3.998545150644e-01, 2.749833481613e-06, 3.1506e+01, 6.0620e-01, 
 2DIAGNOSTIC,    44, -3.998529805072e-01, 1.556023922024e-06, 3.2098e+01, 5.9230e-01, 
DIAGNOSTIC,Iteration,metricValue,convergenceValue,ITERATION_TIME_INDEX,SINCE_LAST
 2DIAGNOSTIC,     1, -3.652451767421e-01, 1.797693134862e+308, 3.5979e+01, 3.8812e+00, 
 2DIAGNOSTIC,     2, -3.653238480161e-01, 1.797693134862e+308, 3.8974e+01, 2.9951e+00, 
 2DIAGNOSTIC,     3, -3.653890762699e-01, 1.797693134862e+308, 4.1977e+01, 3.0021e+00, 
 2DIAGNOSTIC,     4, -3.654200344817e-01, 1.797693134862e+308, 4.5828e+01, 3.8510e+00, 
 2DIAGNOSTIC,     5, -3.654398365430e-01, 1.797693134862e+308, 4.9288e+01, 3.4608e+00, 
 2DIAGNOSTIC,     6, -3.654680522933e-01, 1.797693134862e+308, 5.2680e+01, 3.3915e+00, 
 2DIAGNOSTIC,     7, -3.654688773891e-01, 1.797693134862e+308, 5.6498e+01, 3.8184e+00, 
 2DIAGNOSTIC,     8, -3.654694727866e-01, 1.797693134862e+308, 5.9952e+01, 3.4538e+00, 
 2DIAGNOSTIC,     9, -3.654738895277e-01, 1.797693134862e+308, 6.4674e+01, 4.7224e+00, 
 2DIAGNOSTIC,    10, -3.654743576348e-01, 3.772709855963e-05, 6.9338e+01, 4.6632e+00, 
 2DIAGNOSTIC,    11, -3.654745194125e-01, 2.247434048913e-05, 7.5252e+01, 5.9140e+00, 
 2DIAGNOSTIC,    12, -3.654746384609e-01, 1.303552961909e-05, 7.8710e+01, 3.4586e+00, 
 2DIAGNOSTIC,    13, -3.654745197643e-01, 7.993964167022e-06, 8.2577e+01, 3.8672e+00, 
 2DIAGNOSTIC,    14, -3.654744620617e-01, 4.869658113874e-06, 8.6020e+01, 3.4424e+00, 
 2DIAGNOSTIC,    15, -3.654743973008e-01, 2.906078984830e-06, 8.9034e+01, 3.0138e+00, 
 2DIAGNOSTIC,    16, -3.654743414321e-01, 2.487179421209e-06, 9.2035e+01, 3.0015e+00, 
 2DIAGNOSTIC,    17, -3.654743782437e-01, 2.112971096958e-06, 9.5479e+01, 3.4441e+00, 
 2DIAGNOSTIC,    18, -3.654744019674e-01, 1.779614488016e-06, 9.8496e+01, 3.0162e+00, 
 2DIAGNOSTIC,    19, -3.654743642878e-01, 1.659092172715e-06, 1.0197e+02, 3.4750e+00, 
 2DIAGNOSTIC,    20, -3.654744041157e-01, 1.571727047442e-06, 1.0547e+02, 3.4963e+00, 
 2DIAGNOSTIC,    21, -3.654743662526e-01, 1.498811945035e-06, 1.0892e+02, 3.4548e+00, 
 2DIAGNOSTIC,    22, -3.654743236162e-01, 1.436800856736e-06, 1.1234e+02, 3.4233e+00, 
 2DIAGNOSTIC,    23, -3.654742808646e-01, 1.375617951729e-06, 1.1540e+02, 3.0529e+00, 
 2DIAGNOSTIC,    24, -3.654742618578e-01, 1.317826442693e-06, 1.1842e+02, 3.0271e+00, 
 2DIAGNOSTIC,    25, -3.654739723491e-01, 1.254401823421e-06, 1.2230e+02, 3.8734e+00, 
 2DIAGNOSTIC,    26, -3.654740174176e-01, 1.197431058919e-06, 1.2577e+02, 3.4702e+00, 
 2DIAGNOSTIC,    27, -3.654739729389e-01, 1.146787246664e-06, 1.2883e+02, 3.0641e+00, 
 2DIAGNOSTIC,    28, -3.654738736097e-01, 1.100597346551e-06, 1.3309e+02, 4.2530e+00, 
 2DIAGNOSTIC,    29, -3.654738097654e-01, 1.058288653689e-06, 1.3649e+02, 3.4080e+00, 
 2DIAGNOSTIC,    30, -3.654737459076e-01, 1.021951888121e-06, 1.3995e+02, 3.4605e+00, 
  Elapsed time (stage 0): 1.4197e+02


Stage 1
  iterations = 1000x500x250x100
  convergence threshold = 1.0000e-06
  convergence window size = 10
  number of levels = 4
  using the Mattes MI metric (number of bins = 32, weight = 1.0000e+00, use gradient filter = 0)
  preprocessing:  winsorizing the image intensities
  Shrink factors (level 1 out of 4): [8, 8, 8]
  Shrink factors (level 2 out of 4): [4, 4, 4]
  Shrink factors (level 3 out of 4): [2, 2, 2]
  Shrink factors (level 4 out of 4): [1, 1, 1]
  smoothing sigmas per level: [3, 2, 1, 0]
  regular sampling (percentage = 2.5000e-01)

*** Running AffineTransform registration ***

DIAGNOSTIC,Iteration,metricValue,convergenceValue,ITERATION_TIME_INDEX,SINCE_LAST
 2DIAGNOSTIC,     1, -5.646521554179e-01, 1.797693134862e+308, 1.2179e+00, 1.2179e+00, 
 2DIAGNOSTIC,     2, -5.668089483474e-01, 1.797693134862e+308, 1.2259e+00, 7.9679e-03, 
 2DIAGNOSTIC,     3, -5.704719548537e-01, 1.797693134862e+308, 1.2335e+00, 7.6201e-03, 
 2DIAGNOSTIC,     4, -5.772674342762e-01, 1.797693134862e+308, 1.2412e+00, 7.7090e-03, 
 2DIAGNOSTIC,     5, -5.882933248406e-01, 1.797693134862e+308, 1.2490e+00, 7.7560e-03, 
 2DIAGNOSTIC,     6, -6.071387591448e-01, 1.797693134862e+308, 1.2574e+00, 8.4410e-03, 
 2DIAGNOSTIC,     7, -6.315941533081e-01, 1.797693134862e+308, 1.2653e+00, 7.9219e-03, 
 2DIAGNOSTIC,     8, -6.685060364699e-01, 1.797693134862e+308, 1.2738e+00, 8.4751e-03, 
 2DIAGNOSTIC,     9, -6.996866243131e-01, 1.797693134862e+308, 1.2881e+00, 1.4298e-02, 
 2DIAGNOSTIC,    10, -7.045888320644e-01, 1.625480326827e-02, 1.2962e+00, 8.1520e-03, 
 2DIAGNOSTIC,    11, -7.120062667137e-01, 1.607983947173e-02, 1.3046e+00, 8.3511e-03, 
 2DIAGNOSTIC,    12, -7.203232532591e-01, 1.488347048440e-02, 1.3132e+00, 8.5969e-03, 
 2DIAGNOSTIC,    13, -7.318657306730e-01, 1.304252769199e-02, 1.3231e+00, 9.9030e-03, 
 2DIAGNOSTIC,    14, -7.372791002506e-01, 1.068675651216e-02, 1.3327e+00, 9.5840e-03, 
 2DIAGNOSTIC,    15, -7.512158556260e-01, 8.436039517976e-03, 1.3465e+00, 1.3860e-02, 
 2DIAGNOSTIC,    16, -7.525157479646e-01, 6.276891430622e-03, 1.3556e+00, 9.0280e-03, 
 2DIAGNOSTIC,    17, -7.599470141747e-01, 4.612804890961e-03, 1.3650e+00, 9.4450e-03, 
 2DIAGNOSTIC,    18, -7.651989694825e-01, 3.701569423645e-03, 1.3744e+00, 9.3460e-03, 
 2DIAGNOSTIC,    19, -7.660215616291e-01, 3.261418693586e-03, 1.3837e+00, 9.3629e-03, 
 2DIAGNOSTIC,    20, -7.661639834619e-01, 2.674354067208e-03, 1.3921e+00, 8.3380e-03, 
 2DIAGNOSTIC,    21, -7.670757145438e-01, 2.065948705312e-03, 1.4004e+00, 8.3878e-03, 
 2DIAGNOSTIC,    22, -7.695150693754e-01, 1.524802420255e-03, 1.4090e+00, 8.5349e-03, 
 2DIAGNOSTIC,    23, -7.743451674880e-01, 1.182966591723e-03, 1.4175e+00, 8.4910e-03, 
 2DIAGNOSTIC,    24, -7.871659264671e-01, 1.064922770993e-03, 1.4267e+00, 9.1791e-03, 
 2DIAGNOSTIC,    25, -8.270885714917e-01, 1.725281616122e-03, 1.4457e+00, 1.9079e-02, 
 2DIAGNOSTIC,    26, -8.271982270695e-01, 2.170451789473e-03, 1.4544e+00, 8.7061e-03, 
 2DIAGNOSTIC,    27, -8.289720567492e-01, 2.517325161649e-03, 1.4630e+00, 8.5170e-03, 
 2DIAGNOSTIC,    28, -8.314331503740e-01, 2.715034514497e-03, 1.4714e+00, 8.4879e-03, 
 2DIAGNOSTIC,    29, -8.337940430447e-01, 2.679898821372e-03, 1.4810e+00, 9.5980e-03, 
 2DIAGNOSTIC,    30, -8.359824322361e-01, 2.417269601912e-03, 1.4896e+00, 8.5831e-03, 
 2DIAGNOSTIC,    31, -8.383869178316e-01, 1.988662336661e-03, 1.4994e+00, 9.7880e-03, 
 2DIAGNOSTIC,    32, -8.407634312628e-01, 1.469240315941e-03, 1.5143e+00, 1.4919e-02, 
 2DIAGNOSTIC,    33, -8.406641162238e-01, 9.033298848289e-04, 1.5239e+00, 9.6190e-03, 
 2DIAGNOSTIC,    34, -8.406260724413e-01, 4.224070397206e-04, 1.5342e+00, 1.0258e-02, 
 2DIAGNOSTIC,    35, -8.406861681253e-01, 3.715758624562e-04, 1.5429e+00, 8.6992e-03, 
 2DIAGNOSTIC,    36, -8.406361507293e-01, 2.889955839727e-04, 1.5515e+00, 8.5499e-03, 
 2DIAGNOSTIC,    37, -8.407304306166e-01, 2.028113024383e-04, 1.5599e+00, 8.4891e-03, 
 2DIAGNOSTIC,    38, -8.408386223154e-01, 1.281146566403e-04, 1.5695e+00, 9.5990e-03, 
 2DIAGNOSTIC,    39, -8.410938526407e-01, 7.103952268017e-05, 1.5781e+00, 8.5740e-03, 
 2DIAGNOSTIC,    40, -8.411461177139e-01, 3.117493261850e-05, 1.5878e+00, 9.6951e-03, 
 2DIAGNOSTIC,    41, -8.411899936009e-01, 1.245245493400e-05, 1.5964e+00, 8.5740e-03, 
 2DIAGNOSTIC,    42, -8.415504719770e-01, 1.811414124047e-05, 1.6060e+00, 9.5670e-03, 
 2DIAGNOSTIC,    43, -8.416731431086e-01, 2.194480888351e-05, 1.6145e+00, 8.5950e-03, 
 2DIAGNOSTIC,    44, -8.425270541749e-01, 3.045485169731e-05, 1.6259e+00, 1.1396e-02, 
 2DIAGNOSTIC,    45, -8.424363727535e-01, 3.534274171131e-05, 1.6355e+00, 9.5899e-03, 
 2DIAGNOSTIC,    46, -8.423653774092e-01, 3.584322536666e-05, 1.6451e+00, 9.6011e-03, 
 2DIAGNOSTIC,    47, -8.429363524549e-01, 3.828758907684e-05, 1.6548e+00, 9.6440e-03, 
 2DIAGNOSTIC,    48, -8.438746485702e-01, 4.485662668942e-05, 1.6666e+00, 1.1821e-02, 
 2DIAGNOSTIC,    49, -8.437715582994e-01, 4.782696998523e-05, 1.6935e+00, 2.6897e-02, 
 2DIAGNOSTIC,    50, -8.437715569311e-01, 4.674552048343e-05, 1.7020e+00, 8.5261e-03, 
 2DIAGNOSTIC,    51, -8.437715712668e-01, 4.175261777187e-05, 1.7113e+00, 9.2909e-03, 
 2DIAGNOSTIC,    52, -8.437715955062e-01, 3.551635583653e-05, 1.7199e+00, 8.6060e-03, 
 2DIAGNOSTIC,    53, -8.437716364891e-01, 2.673966041333e-05, 1.7284e+00, 8.5211e-03, 
 2DIAGNOSTIC,    54, -8.437717057743e-01, 2.166704313752e-05, 1.7369e+00, 8.4519e-03, 
 2DIAGNOSTIC,    55, -8.437718228887e-01, 1.434015752713e-05, 1.7454e+00, 8.5549e-03, 
 2DIAGNOSTIC,    56, -8.437720208001e-01, 5.476122230310e-06, 1.7541e+00, 8.6319e-03, 
DIAGNOSTIC,Iteration,metricValue,convergenceValue,ITERATION_TIME_INDEX,SINCE_LAST
 2DIAGNOSTIC,     1, -6.951775769724e-01, 1.797693134862e+308, 3.0716e+00, 1.3175e+00, 
 2DIAGNOSTIC,     2, -6.961177910376e-01, 1.797693134862e+308, 3.1539e+00, 8.2340e-02, 
 2DIAGNOSTIC,     3, -6.970970826334e-01, 1.797693134862e+308, 3.2360e+00, 8.2081e-02, 
 2DIAGNOSTIC,     4, -6.982054757188e-01, 1.797693134862e+308, 3.3179e+00, 8.1916e-02, 
 2DIAGNOSTIC,     5, -7.009792644059e-01, 1.797693134862e+308, 3.4003e+00, 8.2372e-02, 
 2DIAGNOSTIC,     6, -7.030719356521e-01, 1.797693134862e+308, 3.5719e+00, 1.7164e-01, 
 2DIAGNOSTIC,     7, -7.030896824317e-01, 1.797693134862e+308, 3.6732e+00, 1.0130e-01, 
 2DIAGNOSTIC,     8, -7.030541830004e-01, 1.797693134862e+308, 3.7648e+00, 9.1556e-02, 
 2DIAGNOSTIC,     9, -7.030412009745e-01, 1.797693134862e+308, 3.8553e+00, 9.0543e-02, 
 2DIAGNOSTIC,    10, -7.030274931926e-01, 8.435629739235e-04, 3.9470e+00, 9.1697e-02, 
 2DIAGNOSTIC,    11, -7.030006427482e-01, 6.088969406458e-04, 4.0387e+00, 9.1687e-02, 
 2DIAGNOSTIC,    12, -7.029846294191e-01, 3.911592032804e-04, 4.1206e+00, 8.1883e-02, 
 2DIAGNOSTIC,    13, -7.029739130063e-01, 2.032925114719e-04, 4.2122e+00, 9.1609e-02, 
 2DIAGNOSTIC,    14, -7.029870732146e-01, 5.501418879525e-05, 4.3040e+00, 9.1765e-02, 
DIAGNOSTIC,Iteration,metricValue,convergenceValue,ITERATION_TIME_INDEX,SINCE_LAST
 2DIAGNOSTIC,     1, -5.857686110157e-01, 1.797693134862e+308, 6.2629e+00, 1.9589e+00, 
 2DIAGNOSTIC,     2, -5.862907918737e-01, 1.797693134862e+308, 6.8832e+00, 6.2037e-01, 
 2DIAGNOSTIC,     3, -5.868696897880e-01, 1.797693134862e+308, 7.5230e+00, 6.3979e-01, 
 2DIAGNOSTIC,     4, -5.874900208176e-01, 1.797693134862e+308, 8.1499e+00, 6.2691e-01, 
 2DIAGNOSTIC,     5, -5.882772710658e-01, 1.797693134862e+308, 8.8656e+00, 7.1567e-01, 
 2DIAGNOSTIC,     6, -5.893292958429e-01, 1.797693134862e+308, 9.9377e+00, 1.0722e+00, 
 2DIAGNOSTIC,     7, -5.893323206522e-01, 1.797693134862e+308, 1.0634e+01, 6.9578e-01, 
 2DIAGNOSTIC,     8, -5.893390914650e-01, 1.797693134862e+308, 1.1270e+01, 6.3631e-01, 
 2DIAGNOSTIC,     9, -5.893458008945e-01, 1.797693134862e+308, 1.1973e+01, 7.0356e-01, 
 2DIAGNOSTIC,    10, -5.893441472139e-01, 4.386812355461e-04, 1.2845e+01, 8.7135e-01, 
 2DIAGNOSTIC,    11, -5.893428650511e-01, 3.109193328340e-04, 1.3713e+01, 8.6828e-01, 
 2DIAGNOSTIC,    12, -5.893382734073e-01, 1.977018102682e-04, 1.4335e+01, 6.2161e-01, 
 2DIAGNOSTIC,    13, -5.893374447283e-01, 1.061258952369e-04, 1.5206e+01, 8.7169e-01, 
 2DIAGNOSTIC,    14, -5.893371553399e-01, 3.927919636249e-05, 1.5940e+01, 7.3338e-01, 
 2DIAGNOSTIC,    15, -5.893356388190e-01, 2.306565576912e-06, 1.6635e+01, 6.9535e-01, 
 2DIAGNOSTIC,    16, -5.893362574992e-01, 1.717899016554e-06, 1.7335e+01, 6.9995e-01, 
 2DIAGNOSTIC,    17, -5.893350198610e-01, 1.271724554573e-06, 1.8032e+01, 6.9729e-01, 
 2DIAGNOSTIC,    18, -5.893337802489e-01, 1.074218260941e-06, 1.8729e+01, 6.9666e-01, 
 2DIAGNOSTIC,    19, -5.893337396079e-01, 1.131406623285e-06, 1.9509e+01, 7.7988e-01, 
 2DIAGNOSTIC,    20, -5.893330660462e-01, 1.176293528707e-06, 2.0210e+01, 7.0119e-01, 
 2DIAGNOSTIC,    21, -5.893311911912e-01, 1.185722437569e-06, 2.0826e+01, 6.1649e-01, 
 2DIAGNOSTIC,    22, -5.893308746394e-01, 1.118855056312e-06, 2.1447e+01, 6.2099e-01, 
 2DIAGNOSTIC,    23, -5.893307168258e-01, 1.067854816905e-06, 2.2155e+01, 7.0776e-01, 
 2DIAGNOSTIC,    24, -5.893297906249e-01, 1.026497121671e-06, 2.2858e+01, 7.0300e-01, 
 2DIAGNOSTIC,    25, -5.893306681262e-01, 1.003998205081e-06, 2.3640e+01, 7.8218e-01, 
DIAGNOSTIC,Iteration,metricValue,convergenceValue,ITERATION_TIME_INDEX,SINCE_LAST
 2DIAGNOSTIC,     1, -5.157019089181e-01, 1.797693134862e+308, 2.8593e+01, 4.9524e+00, 
 2DIAGNOSTIC,     2, -5.158776470790e-01, 1.797693134862e+308, 3.2597e+01, 4.0044e+00, 
 2DIAGNOSTIC,     3, -5.160458593418e-01, 1.797693134862e+308, 3.6608e+01, 4.0109e+00, 
 2DIAGNOSTIC,     4, -5.164475446566e-01, 1.797693134862e+308, 4.1080e+01, 4.4719e+00, 
 2DIAGNOSTIC,     5, -5.171960751093e-01, 1.797693134862e+308, 5.2237e+01, 1.1157e+01, 
 2DIAGNOSTIC,     6, -5.171957227696e-01, 1.797693134862e+308, 5.7173e+01, 4.9366e+00, 
 2DIAGNOSTIC,     7, -5.171953785046e-01, 1.797693134862e+308, 6.1149e+01, 3.9761e+00, 
 2DIAGNOSTIC,     8, -5.171950614694e-01, 1.797693134862e+308, 6.5617e+01, 4.4677e+00, 
 2DIAGNOSTIC,     9, -5.171951715702e-01, 1.797693134862e+308, 6.9650e+01, 4.0327e+00, 
 2DIAGNOSTIC,    10, -5.171951138367e-01, 2.121975052791e-04, 7.4579e+01, 4.9291e+00, 
 2DIAGNOSTIC,    11, -5.171950661292e-01, 1.451799505159e-04, 7.9100e+01, 4.5210e+00, 
 2DIAGNOSTIC,    12, -5.171949921526e-01, 8.519473751346e-05, 8.3122e+01, 4.0223e+00, 
 2DIAGNOSTIC,    13, -5.171950731004e-01, 3.400555153636e-05, 8.8102e+01, 4.9803e+00, 
 2DIAGNOSTIC,    14, -5.171951054067e-01, 2.202291394249e-06, 9.3101e+01, 4.9981e+00, 
 2DIAGNOSTIC,    15, -5.171948792451e-01, 2.079224191778e-06, 9.7118e+01, 4.0170e+00, 
 2DIAGNOSTIC,    16, -5.171947871376e-01, 1.960789007285e-06, 1.0158e+02, 4.4663e+00, 
 2DIAGNOSTIC,    17, -5.171947007305e-01, 1.845343199976e-06, 1.0609e+02, 4.5054e+00, 
 2DIAGNOSTIC,    18, -5.171947429865e-01, 1.736567228169e-06, 1.1057e+02, 4.4811e+00, 
 2DIAGNOSTIC,    19, -5.171946483991e-01, 1.642506762552e-06, 1.1500e+02, 4.4304e+00, 
 2DIAGNOSTIC,    20, -5.171945654515e-01, 1.557219701111e-06, 1.1948e+02, 4.4787e+00, 
 2DIAGNOSTIC,    21, -5.171943680419e-01, 1.477025899206e-06, 1.2348e+02, 4.0018e+00, 
 2DIAGNOSTIC,    22, -5.171944464609e-01, 1.407798721015e-06, 1.2794e+02, 4.4576e+00, 
 2DIAGNOSTIC,    23, -5.171944029719e-01, 1.348843488590e-06, 1.3192e+02, 3.9853e+00, 
 2DIAGNOSTIC,    24, -5.171944135841e-01, 1.299150148001e-06, 1.3644e+02, 4.5158e+00, 
 2DIAGNOSTIC,    25, -5.171945303311e-01, 1.253656117528e-06, 1.4093e+02, 4.4867e+00, 
 2DIAGNOSTIC,    26, -5.171945113862e-01, 1.211139387815e-06, 1.4547e+02, 4.5483e+00, 
 2DIAGNOSTIC,    27, -5.171945362270e-01, 1.171679499333e-06, 1.5048e+02, 5.0013e+00, 
 2DIAGNOSTIC,    28, -5.171943509351e-01, 1.132875557724e-06, 1.5496e+02, 4.4814e+00, 
 2DIAGNOSTIC,    29, -5.171942986506e-01, 1.094416873751e-06, 1.5947e+02, 4.5163e+00, 
 2DIAGNOSTIC,    30, -5.171941060835e-01, 1.053807961136e-06, 1.6397e+02, 4.4970e+00, 
 2DIAGNOSTIC,    31, -5.171940172522e-01, 1.011375088851e-06, 1.6851e+02, 4.5412e+00, 
  Elapsed time (stage 1): 1.7119e+02


Stage 2
  iterations = 100x70x50x20
  convergence threshold = 1.0000e-06
  convergence window size = 10
  number of levels = 4
  using the CC metric (radius = 4, weight = 1.0000e+00, use gradient filter = 0)
  preprocessing:  winsorizing the image intensities
  Shrink factors (level 1 out of 4): [8, 8, 8]
  Shrink factors (level 2 out of 4): [4, 4, 4]
  Shrink factors (level 3 out of 4): [2, 2, 2]
  Shrink factors (level 4 out of 4): [1, 1, 1]
  smoothing sigmas per level: [3, 2, 1, 0]
  Using default NONE metricSamplingStrategy 

*** Running SyN registration (varianceForUpdateField = 3.0000e+00, varianceForTotalField = 0.0000e+00) ***

XXDIAGNOSTIC,Iteration,metricValue,convergenceValue,ITERATION_TIME_INDEX,SINCE_LAST
 1DIAGNOSTIC,     1, -8.868273931986e-01, 1.797693134862e+308, 1.8467e+00, 1.8467e+00, 
 1DIAGNOSTIC,     2, -8.934492337700e-01, 1.797693134862e+308, 2.4830e+00, 6.3630e-01, 
 1DIAGNOSTIC,     3, -8.984879885322e-01, 1.797693134862e+308, 3.1129e+00, 6.2997e-01, 
 1DIAGNOSTIC,     4, -9.019433806335e-01, 1.797693134862e+308, 3.7454e+00, 6.3248e-01, 
 1DIAGNOSTIC,     5, -9.050014079390e-01, 1.797693134862e+308, 4.3681e+00, 6.2269e-01, 
 1DIAGNOSTIC,     6, -9.072792464019e-01, 1.797693134862e+308, 5.0035e+00, 6.3536e-01, 
 1DIAGNOSTIC,     7, -9.091916842220e-01, 1.797693134862e+308, 5.6296e+00, 6.2617e-01, 
 1DIAGNOSTIC,     8, -9.108137449869e-01, 1.797693134862e+308, 6.2561e+00, 6.2648e-01, 
 1DIAGNOSTIC,     9, -9.121472986604e-01, 1.797693134862e+308, 6.8831e+00, 6.2696e-01, 
 1DIAGNOSTIC,    10, -9.133076367095e-01, 1.739840211025e-03, 7.5330e+00, 6.4990e-01, 
 1DIAGNOSTIC,    11, -9.142622424781e-01, 1.258031600573e-03, 8.1664e+00, 6.3340e-01, 
 1DIAGNOSTIC,    12, -9.151217358616e-01, 9.380498250525e-04, 8.7928e+00, 6.2641e-01, 
 1DIAGNOSTIC,    13, -9.159001891733e-01, 7.222294187198e-04, 9.4461e+00, 6.5329e-01, 
 1DIAGNOSTIC,    14, -9.165994185306e-01, 5.638534314258e-04, 1.0068e+01, 6.2183e-01, 
 1DIAGNOSTIC,    15, -9.172363331165e-01, 4.518184895177e-04, 1.0704e+01, 6.3659e-01, 
 1DIAGNOSTIC,    16, -9.178152813429e-01, 3.678884765377e-04, 1.1332e+01, 6.2796e-01, 
 1DIAGNOSTIC,    17, -9.183247038100e-01, 3.042445879736e-04, 1.1959e+01, 6.2661e-01, 
 1DIAGNOSTIC,    18, -9.188169129065e-01, 2.560867999007e-04, 1.2595e+01, 6.3553e-01, 
 1DIAGNOSTIC,    19, -9.192737043370e-01, 2.185309553831e-04, 1.3226e+01, 6.3097e-01, 
 1DIAGNOSTIC,    20, -9.196821312437e-01, 1.888135112025e-04, 1.3858e+01, 6.3290e-01, 
 1DIAGNOSTIC,    21, -9.200752813277e-01, 1.643011689014e-04, 1.4479e+01, 6.2071e-01, 
 1DIAGNOSTIC,    22, -9.204381819742e-01, 1.439579012902e-04, 1.5100e+01, 6.2073e-01, 
 1DIAGNOSTIC,    23, -9.207717159799e-01, 1.269527720494e-04, 1.5721e+01, 6.2144e-01, 
 1DIAGNOSTIC,    24, -9.210794827643e-01, 1.125171513111e-04, 1.6342e+01, 6.2057e-01, 
 1DIAGNOSTIC,    25, -9.213660463547e-01, 1.001717928885e-04, 1.6963e+01, 6.2141e-01, 
 1DIAGNOSTIC,    26, -9.216350797714e-01, 8.952229340054e-05, 1.7611e+01, 6.4808e-01, 
 1DIAGNOSTIC,    27, -9.218864510759e-01, 8.000805470901e-05, 1.8232e+01, 6.2067e-01, 
 1DIAGNOSTIC,    28, -9.221156300208e-01, 7.165974262948e-05, 1.8853e+01, 6.2065e-01, 
 1DIAGNOSTIC,    29, -9.223361774263e-01, 6.441521999044e-05, 1.9473e+01, 6.2053e-01, 
 1DIAGNOSTIC,    30, -9.225439379834e-01, 5.797670735904e-05, 2.0094e+01, 6.2064e-01, 
 1DIAGNOSTIC,    31, -9.227405461585e-01, 5.240933808080e-05, 2.0734e+01, 6.4039e-01, 
 1DIAGNOSTIC,    32, -9.229277319056e-01, 4.760070219234e-05, 2.1363e+01, 6.2873e-01, 
 1DIAGNOSTIC,    33, -9.231060596779e-01, 4.342646178787e-05, 2.2018e+01, 6.5519e-01, 
 1DIAGNOSTIC,    34, -9.232764773218e-01, 3.978388369508e-05, 2.2646e+01, 6.2800e-01, 
 1DIAGNOSTIC,    35, -9.234391113492e-01, 3.659523937071e-05, 2.3274e+01, 6.2752e-01, 
 1DIAGNOSTIC,    36, -9.235947207989e-01, 3.380794163205e-05, 2.3913e+01, 6.3955e-01, 
 1DIAGNOSTIC,    37, -9.237439360435e-01, 3.135963490547e-05, 2.4534e+01, 6.2082e-01, 
 1DIAGNOSTIC,    38, -9.238883085024e-01, 2.914884177475e-05, 2.5155e+01, 6.2131e-01, 
 1DIAGNOSTIC,    39, -9.240285709002e-01, 2.718896998473e-05, 2.5776e+01, 6.2035e-01, 
 1DIAGNOSTIC,    40, -9.241641349768e-01, 2.544212424772e-05, 2.6396e+01, 6.2047e-01, 
 1DIAGNOSTIC,    41, -9.242950938609e-01, 2.387634641278e-05, 2.7034e+01, 6.3788e-01, 
 1DIAGNOSTIC,    42, -9.244227071713e-01, 2.247556510110e-05, 2.7662e+01, 6.2800e-01, 
 1DIAGNOSTIC,    43, -9.245463718293e-01, 2.121570392790e-05, 2.8310e+01, 6.4781e-01, 
 1DIAGNOSTIC,    44, -9.246667408785e-01, 2.007920228848e-05, 2.8945e+01, 6.3525e-01, 
 1DIAGNOSTIC,    45, -9.247852277803e-01, 1.905447482860e-05, 2.9567e+01, 6.2156e-01, 
 1DIAGNOSTIC,    46, -9.249012228261e-01, 1.812589870183e-05, 3.0188e+01, 6.2123e-01, 
 1DIAGNOSTIC,    47, -9.250145553740e-01, 1.727717999172e-05, 3.0825e+01, 6.3688e-01, 
 1DIAGNOSTIC,    48, -9.251252605895e-01, 1.649976837573e-05, 3.1452e+01, 6.2756e-01, 
 1DIAGNOSTIC,    49, -9.252320254801e-01, 1.577880138282e-05, 3.2080e+01, 6.2765e-01, 
 1DIAGNOSTIC,    50, -9.253356317927e-01, 1.509954788604e-05, 3.2707e+01, 6.2720e-01, 
 1DIAGNOSTIC,    51, -9.254402298318e-01, 1.447257917274e-05, 3.3340e+01, 6.3239e-01, 
 1DIAGNOSTIC,    52, -9.255428605469e-01, 1.389463082779e-05, 3.3961e+01, 6.2118e-01, 
 1DIAGNOSTIC,    53, -9.256442923661e-01, 1.336209694447e-05, 3.4582e+01, 6.2069e-01, 
 1DIAGNOSTIC,    54, -9.257446755815e-01, 1.287386575556e-05, 3.5223e+01, 6.4142e-01, 
 1DIAGNOSTIC,    55, -9.258425398163e-01, 1.242595085473e-05, 3.5851e+01, 6.2758e-01, 
 1DIAGNOSTIC,    56, -9.259386420076e-01, 1.201318929126e-05, 3.6478e+01, 6.2716e-01, 
 1DIAGNOSTIC,    57, -9.260277756779e-01, 1.159973069942e-05, 3.7106e+01, 6.2814e-01, 
 1DIAGNOSTIC,    58, -9.261162275358e-01, 1.118869354839e-05, 3.7735e+01, 6.2894e-01, 
 1DIAGNOSTIC,    59, -9.262011044508e-01, 1.076077829644e-05, 3.8362e+01, 6.2714e-01, 
 1DIAGNOSTIC,    60, -9.262828395201e-01, 1.030696791798e-05, 3.8990e+01, 6.2796e-01, 
 1DIAGNOSTIC,    61, -9.263602042065e-01, 9.838348881904e-06, 3.9624e+01, 6.3409e-01, 
 1DIAGNOSTIC,    62, -9.264326030018e-01, 9.350487008876e-06, 4.0244e+01, 6.2047e-01, 
 1DIAGNOSTIC,    63, -9.265013744149e-01, 8.852508877950e-06, 4.0865e+01, 6.2097e-01, 
 1DIAGNOSTIC,    64, -9.265679438189e-01, 8.362682215202e-06, 4.1487e+01, 6.2130e-01, 
 1DIAGNOSTIC,    65, -9.266317364812e-01, 7.889107789222e-06, 4.2108e+01, 6.2180e-01, 
 1DIAGNOSTIC,    66, -9.266923858358e-01, 7.442306535051e-06, 4.2732e+01, 6.2348e-01, 
 1DIAGNOSTIC,    67, -9.267512248787e-01, 7.012330782558e-06, 4.3366e+01, 6.3401e-01, 
 1DIAGNOSTIC,    68, -9.268081047926e-01, 6.617326619093e-06, 4.3995e+01, 6.2951e-01, 
 1DIAGNOSTIC,    69, -9.268631585563e-01, 6.259662646686e-06, 4.4623e+01, 6.2755e-01, 
 1DIAGNOSTIC,    70, -9.269164083559e-01, 5.941406519454e-06, 4.5250e+01, 6.2726e-01, 
 1DIAGNOSTIC,    71, -9.269681631446e-01, 5.657954934879e-06, 4.5888e+01, 6.3739e-01, 
 1DIAGNOSTIC,    72, -9.270176443909e-01, 5.396337585796e-06, 4.6536e+01, 6.4856e-01, 
 1DIAGNOSTIC,    73, -9.270647104577e-01, 5.147889631737e-06, 4.7158e+01, 6.2158e-01, 
 1DIAGNOSTIC,    74, -9.271077616355e-01, 4.903248537518e-06, 4.7778e+01, 6.2009e-01, 
 1DIAGNOSTIC,    75, -9.271479855550e-01, 4.656580657864e-06, 4.8401e+01, 6.2339e-01, 
 1DIAGNOSTIC,    76, -9.271856921416e-01, 4.402571673676e-06, 4.9023e+01, 6.2188e-01, 
 1DIAGNOSTIC,    77, -9.272206086350e-01, 4.141765381833e-06, 4.9644e+01, 6.2121e-01, 
 1DIAGNOSTIC,    78, -9.272484050982e-01, 3.858432744537e-06, 5.0285e+01, 6.4081e-01, 
 1DIAGNOSTIC,    79, -9.272763066412e-01, 3.569746970414e-06, 5.0913e+01, 6.2815e-01, 
 1DIAGNOSTIC,    80, -9.273061435341e-01, 3.299221160743e-06, 5.1553e+01, 6.3928e-01, 
 1DIAGNOSTIC,    81, -9.273341094695e-01, 3.054639074162e-06, 5.2175e+01, 6.2207e-01, 
 1DIAGNOSTIC,    82, -9.273603519191e-01, 2.840196534919e-06, 5.2808e+01, 6.3332e-01, 
 1DIAGNOSTIC,    83, -9.273846396321e-01, 2.656509166955e-06, 5.3429e+01, 6.2118e-01, 
 1DIAGNOSTIC,    84, -9.274070296387e-01, 2.495292097286e-06, 5.4051e+01, 6.2228e-01, 
 1DIAGNOSTIC,    85, -9.274275241596e-01, 2.350756336304e-06, 5.4686e+01, 6.3468e-01, 
 1DIAGNOSTIC,    86, -9.274468649731e-01, 2.220366166126e-06, 5.5321e+01, 6.3445e-01, 
 1DIAGNOSTIC,    87, -9.274651670252e-01, 2.100930927163e-06, 5.5951e+01, 6.3058e-01, 
 1DIAGNOSTIC,    88, -9.274826448764e-01, 1.973385095883e-06, 5.6582e+01, 6.3072e-01, 
 1DIAGNOSTIC,    89, -9.274995197082e-01, 1.846058293013e-06, 5.7209e+01, 6.2691e-01, 
 1DIAGNOSTIC,    90, -9.275156067626e-01, 1.733151585279e-06, 5.7838e+01, 6.2954e-01, 
 1DIAGNOSTIC,    91, -9.275309372998e-01, 1.634305974937e-06, 5.8476e+01, 6.3810e-01, 
 1DIAGNOSTIC,    92, -9.275454326997e-01, 1.548297627843e-06, 5.9098e+01, 6.2108e-01, 
 1DIAGNOSTIC,    93, -9.275590683144e-01, 1.472091893240e-06, 5.9731e+01, 6.3337e-01, 
 1DIAGNOSTIC,    94, -9.275715984048e-01, 1.401420289196e-06, 6.0362e+01, 6.3109e-01, 
 1DIAGNOSTIC,    95, -9.275832892061e-01, 1.332659560259e-06, 6.0987e+01, 6.2464e-01, 
 1DIAGNOSTIC,    96, -9.275942427281e-01, 1.264982011877e-06, 6.1608e+01, 6.2160e-01, 
 1DIAGNOSTIC,    97, -9.276046835384e-01, 1.198678937980e-06, 6.2229e+01, 6.2110e-01, 
 1DIAGNOSTIC,    98, -9.276147208603e-01, 1.135027468792e-06, 6.2851e+01, 6.2167e-01, 
 1DIAGNOSTIC,    99, -9.276246090149e-01, 1.076635138264e-06, 6.3472e+01, 6.2052e-01, 
 1DIAGNOSTIC,   100, -9.276343578378e-01, 1.025055486369e-06, 6.4093e+01, 6.2193e-01, 
XXDIAGNOSTIC,Iteration,metricValue,convergenceValue,ITERATION_TIME_INDEX,SINCE_LAST
 1DIAGNOSTIC,     1, -8.531064168620e-01, 1.797693134862e+308, 7.0412e+01, 6.3187e+00, 
 1DIAGNOSTIC,     2, -8.559617416959e-01, 1.797693134862e+308, 7.5512e+01, 5.0995e+00, 
 1DIAGNOSTIC,     3, -8.585664480352e-01, 1.797693134862e+308, 8.0662e+01, 5.1503e+00, 
 1DIAGNOSTIC,     4, -8.609248109060e-01, 1.797693134862e+308, 8.5757e+01, 5.0954e+00, 
 1DIAGNOSTIC,     5, -8.630385448265e-01, 1.797693134862e+308, 9.0812e+01, 5.0546e+00, 
 1DIAGNOSTIC,     6, -8.649292698651e-01, 1.797693134862e+308, 9.5933e+01, 5.1205e+00, 
 1DIAGNOSTIC,     7, -8.666203874353e-01, 1.797693134862e+308, 1.0103e+02, 5.1015e+00, 
 1DIAGNOSTIC,     8, -8.680936376888e-01, 1.797693134862e+308, 1.0609e+02, 5.0545e+00, 
 1DIAGNOSTIC,     9, -8.693649388699e-01, 1.797693134862e+308, 1.1124e+02, 5.1468e+00, 
 1DIAGNOSTIC,    10, -8.705805453940e-01, 1.282238891841e-03, 1.1633e+02, 5.0898e+00, 
 1DIAGNOSTIC,    11, -8.715893030637e-01, 1.040360786537e-03, 1.2146e+02, 5.1329e+00, 
 1DIAGNOSTIC,    12, -8.725936373511e-01, 8.505531830093e-04, 1.2657e+02, 5.1141e+00, 
 1DIAGNOSTIC,    13, -8.733936882573e-01, 6.985601133630e-04, 1.3170e+02, 5.1248e+00, 
 1DIAGNOSTIC,    14, -8.742018362384e-01, 5.786400757995e-04, 1.3679e+02, 5.0888e+00, 
 1DIAGNOSTIC,    15, -8.748477426203e-01, 4.818018842019e-04, 1.4187e+02, 5.0861e+00, 
 1DIAGNOSTIC,    16, -8.754351078077e-01, 4.033327319389e-04, 1.4700e+02, 5.1248e+00, 
 1DIAGNOSTIC,    17, -8.759761644014e-01, 3.397404737101e-04, 1.5212e+02, 5.1223e+00, 
 1DIAGNOSTIC,    18, -8.764915831408e-01, 2.878183515388e-04, 1.5722e+02, 5.1055e+00, 
 1DIAGNOSTIC,    19, -8.769589933498e-01, 2.444430088825e-04, 1.6234e+02, 5.1149e+00, 
 1DIAGNOSTIC,    20, -8.773988593470e-01, 2.096660634810e-04, 1.6744e+02, 5.1048e+00, 
 1DIAGNOSTIC,    21, -8.778343295203e-01, 1.810413801479e-04, 1.7255e+02, 5.1078e+00, 
 1DIAGNOSTIC,    22, -8.782194947829e-01, 1.586933660840e-04, 1.7769e+02, 5.1331e+00, 
 1DIAGNOSTIC,    23, -8.785882166240e-01, 1.399557630043e-04, 1.8282e+02, 5.1310e+00, 
 1DIAGNOSTIC,    24, -8.789370536125e-01, 1.253712710972e-04, 1.8792e+02, 5.0996e+00, 
 1DIAGNOSTIC,    25, -8.792615705904e-01, 1.128308410415e-04, 1.9301e+02, 5.0968e+00, 
 1DIAGNOSTIC,    26, -8.795625923704e-01, 1.017808254294e-04, 1.9812e+02, 5.1095e+00, 
 1DIAGNOSTIC,    27, -8.798250634718e-01, 9.166611299550e-05, 2.0322e+02, 5.1024e+00, 
 1DIAGNOSTIC,    28, -8.801009916638e-01, 8.286153818603e-05, 2.0834e+02, 5.1148e+00, 
 1DIAGNOSTIC,    29, -8.803384068677e-01, 7.476852155736e-05, 2.1345e+02, 5.1093e+00, 
 1DIAGNOSTIC,    30, -8.805840415602e-01, 6.760301106336e-05, 2.1852e+02, 5.0692e+00, 
 1DIAGNOSTIC,    31, -8.808135871315e-01, 6.151081506883e-05, 2.2356e+02, 5.0428e+00, 
 1DIAGNOSTIC,    32, -8.810346291292e-01, 5.616552884773e-05, 2.2864e+02, 5.0825e+00, 
 1DIAGNOSTIC,    33, -8.812334590384e-01, 5.144188051425e-05, 2.3375e+02, 5.1105e+00, 
 1DIAGNOSTIC,    34, -8.814258938237e-01, 4.732444172123e-05, 2.3888e+02, 5.1221e+00, 
 1DIAGNOSTIC,    35, -8.816065059053e-01, 4.367362469950e-05, 2.4404e+02, 5.1640e+00, 
 1DIAGNOSTIC,    36, -8.817711246894e-01, 4.031829464912e-05, 2.4914e+02, 5.0971e+00, 
 1DIAGNOSTIC,    37, -8.819401505955e-01, 3.713518611223e-05, 2.5422e+02, 5.0802e+00, 
 1DIAGNOSTIC,    38, -8.820854359001e-01, 3.422848483806e-05, 2.5924e+02, 5.0188e+00, 
 1DIAGNOSTIC,    39, -8.822223881856e-01, 3.137063107195e-05, 2.6437e+02, 5.1390e+00, 
 1DIAGNOSTIC,    40, -8.823600682009e-01, 2.882119970568e-05, 2.6949e+02, 5.1121e+00, 
 1DIAGNOSTIC,    41, -8.824881734882e-01, 2.651923008187e-05, 2.7459e+02, 5.1068e+00, 
 1DIAGNOSTIC,    42, -8.826304170390e-01, 2.464711770225e-05, 2.7970e+02, 5.1028e+00, 
 1DIAGNOSTIC,    43, -8.827774612446e-01, 2.315880671596e-05, 2.8478e+02, 5.0877e+00, 
 1DIAGNOSTIC,    44, -8.829011289537e-01, 2.189767004104e-05, 2.8984e+02, 5.0606e+00, 
 1DIAGNOSTIC,    45, -8.830038602872e-01, 2.069022633984e-05, 2.9496e+02, 5.1171e+00, 
 1DIAGNOSTIC,    46, -8.831007032060e-01, 1.944683359087e-05, 3.0005e+02, 5.0878e+00, 
 1DIAGNOSTIC,    47, -8.831985356493e-01, 1.828203693727e-05, 3.0518e+02, 5.1339e+00, 
 1DIAGNOSTIC,    48, -8.833030264296e-01, 1.714437061815e-05, 3.1027e+02, 5.0902e+00, 
 1DIAGNOSTIC,    49, -8.833881732296e-01, 1.592300865531e-05, 3.1538e+02, 5.1045e+00, 
 1DIAGNOSTIC,    50, -8.834754598445e-01, 1.473548713612e-05, 3.2048e+02, 5.0993e+00, 
 1DIAGNOSTIC,    51, -8.835710330615e-01, 1.364999344642e-05, 3.2558e+02, 5.0998e+00, 
 1DIAGNOSTIC,    52, -8.836499726519e-01, 1.271309416419e-05, 3.3067e+02, 5.0967e+00, 
 1DIAGNOSTIC,    53, -8.837340169417e-01, 1.204685023365e-05, 3.3578e+02, 5.1016e+00, 
 1DIAGNOSTIC,    54, -8.838151552374e-01, 1.152289090692e-05, 3.4084e+02, 5.0602e+00, 
 1DIAGNOSTIC,    55, -8.839094421116e-01, 1.111722762118e-05, 3.4592e+02, 5.0880e+00, 
 1DIAGNOSTIC,    56, -8.839972796298e-01, 1.076687325192e-05, 3.5101e+02, 5.0865e+00, 
 1DIAGNOSTIC,    57, -8.840862631872e-01, 1.049625382208e-05, 3.5606e+02, 5.0528e+00, 
 1DIAGNOSTIC,    58, -8.841685638695e-01, 1.031330876625e-05, 3.6113e+02, 5.0711e+00, 
 1DIAGNOSTIC,    59, -8.842687222739e-01, 1.020460423966e-05, 3.6620e+02, 5.0691e+00, 
 1DIAGNOSTIC,    60, -8.843382236205e-01, 1.000001065636e-05, 3.7128e+02, 5.0727e+00, 
 1DIAGNOSTIC,    61, -8.844051003772e-01, 9.745651764738e-06, 3.7635e+02, 5.0788e+00, 
 1DIAGNOSTIC,    62, -8.844538456603e-01, 9.271327566233e-06, 3.8143e+02, 5.0733e+00, 
 1DIAGNOSTIC,    63, -8.845020151829e-01, 8.642124785494e-06, 3.8654e+02, 5.1084e+00, 
 1DIAGNOSTIC,    64, -8.845572135130e-01, 7.928257492733e-06, 3.9160e+02, 5.0614e+00, 
 1DIAGNOSTIC,    65, -8.846223886277e-01, 7.304678635901e-06, 3.9667e+02, 5.0680e+00, 
 1DIAGNOSTIC,    66, -8.846910309467e-01, 6.801826345521e-06, 4.0170e+02, 5.0383e+00, 
 1DIAGNOSTIC,    67, -8.847393360056e-01, 6.361034344704e-06, 4.0679e+02, 5.0841e+00, 
 1DIAGNOSTIC,    68, -8.848049116971e-01, 6.062126063258e-06, 4.1187e+02, 5.0815e+00, 
 1DIAGNOSTIC,    69, -8.848563069890e-01, 5.934533843817e-06, 4.1698e+02, 5.1062e+00, 
 1DIAGNOSTIC,    70, -8.848992212834e-01, 5.793426165475e-06, 4.2206e+02, 5.0793e+00, 
XXDIAGNOSTIC,Iteration,metricValue,convergenceValue,ITERATION_TIME_INDEX,SINCE_LAST
 1DIAGNOSTIC,     1, -8.501708483831e-01, 1.797693134862e+308, 4.6437e+02, 4.2310e+01, 
 1DIAGNOSTIC,     2, -8.537389224412e-01, 1.797693134862e+308, 5.0451e+02, 4.0143e+01, 
 1DIAGNOSTIC,     3, -8.570160122928e-01, 1.797693134862e+308, 5.4498e+02, 4.0474e+01, 
 1DIAGNOSTIC,     4, -8.601909239014e-01, 1.797693134862e+308, 5.8530e+02, 4.0319e+01, 
 1DIAGNOSTIC,     5, -8.628891704284e-01, 1.797693134862e+308, 6.2553e+02, 4.0228e+01, 
 1DIAGNOSTIC,     6, -8.653055694029e-01, 1.797693134862e+308, 6.6581e+02, 4.0284e+01, 
 1DIAGNOSTIC,     7, -8.674832297597e-01, 1.797693134862e+308, 7.0626e+02, 4.0450e+01, 
 1DIAGNOSTIC,     8, -8.694487094978e-01, 1.797693134862e+308, 7.4670e+02, 4.0441e+01, 
 1DIAGNOSTIC,     9, -8.712148209589e-01, 1.797693134862e+308, 7.8714e+02, 4.0437e+01, 
 1DIAGNOSTIC,    10, -8.727983957683e-01, 1.663847291949e-03, 8.2749e+02, 4.0353e+01, 
 1DIAGNOSTIC,    11, -8.742206333794e-01, 1.361420385636e-03, 8.6788e+02, 4.0390e+01, 
 1DIAGNOSTIC,    12, -8.755103417503e-01, 1.119556840637e-03, 9.0840e+02, 4.0519e+01, 
 1DIAGNOSTIC,    13, -8.766904980042e-01, 9.254796571647e-04, 9.4878e+02, 4.0373e+01, 
 1DIAGNOSTIC,    14, -8.777912727131e-01, 7.745770669833e-04, 9.8905e+02, 4.0274e+01, 
 1DIAGNOSTIC,    15, -8.788194128058e-01, 6.539239163216e-04, 1.0296e+03, 4.0552e+01, 
 1DIAGNOSTIC,    16, -8.797782694888e-01, 5.569759421017e-04, 1.0701e+03, 4.0450e+01, 
 1DIAGNOSTIC,    17, -8.805410184451e-01, 4.763396428025e-04, 1.1107e+03, 4.0676e+01, 
 1DIAGNOSTIC,    18, -8.812592068516e-01, 4.091229924745e-04, 1.1513e+03, 4.0596e+01, 
 1DIAGNOSTIC,    19, -8.819379351095e-01, 3.528429700686e-04, 1.1922e+03, 4.0876e+01, 
 1DIAGNOSTIC,    20, -8.825770282640e-01, 3.054278484563e-04, 1.2329e+03, 4.0748e+01, 
 1DIAGNOSTIC,    21, -8.831887845202e-01, 2.654719150214e-04, 1.2738e+03, 4.0872e+01, 
 1DIAGNOSTIC,    22, -8.837746928166e-01, 2.320214426126e-04, 1.3144e+03, 4.0568e+01, 
 1DIAGNOSTIC,    23, -8.843440175848e-01, 2.044421918476e-04, 1.3552e+03, 4.0811e+01, 
 1DIAGNOSTIC,    24, -8.848739073298e-01, 1.819911286837e-04, 1.3959e+03, 4.0654e+01, 
 1DIAGNOSTIC,    25, -8.853805164052e-01, 1.640997715483e-04, 1.4364e+03, 4.0585e+01, 
 1DIAGNOSTIC,    26, -8.858646982262e-01, 1.501415085283e-04, 1.4768e+03, 4.0393e+01, 
 1DIAGNOSTIC,    27, -8.863226866729e-01, 1.377167511224e-04, 1.5174e+03, 4.0519e+01, 
 1DIAGNOSTIC,    28, -8.867596845806e-01, 1.265492317404e-04, 1.5580e+03, 4.0605e+01, 
 1DIAGNOSTIC,    29, -8.871828973466e-01, 1.165080115518e-04, 1.5986e+03, 4.0602e+01, 
 1DIAGNOSTIC,    30, -8.875770041338e-01, 1.072730023407e-04, 1.6392e+03, 4.0597e+01, 
 1DIAGNOSTIC,    31, -8.879638551274e-01, 9.891333574454e-05, 1.6797e+03, 4.0528e+01, 
 1DIAGNOSTIC,    32, -8.883327159632e-01, 9.136038434873e-05, 1.7201e+03, 4.0419e+01, 
 1DIAGNOSTIC,    33, -8.886868361549e-01, 8.466097266756e-05, 1.7606e+03, 4.0448e+01, 
 1DIAGNOSTIC,    34, -8.890197301117e-01, 7.853524900082e-05, 1.8010e+03, 4.0469e+01, 
 1DIAGNOSTIC,    35, -8.893182268918e-01, 7.274865414389e-05, 1.8416e+03, 4.0588e+01, 
 1DIAGNOSTIC,    36, -8.895728410371e-01, 6.702010318977e-05, 1.8820e+03, 4.0396e+01, 
 1DIAGNOSTIC,    37, -8.898008897041e-01, 6.124121286425e-05, 1.9223e+03, 4.0345e+01, 
 1DIAGNOSTIC,    38, -8.900125968793e-01, 5.547381660066e-05, 1.9628e+03, 4.0477e+01, 
 1DIAGNOSTIC,    39, -8.902078094288e-01, 4.986362148462e-05, 2.0034e+03, 4.0603e+01, 
 1DIAGNOSTIC,    40, -8.903912341875e-01, 4.446923028563e-05, 2.0439e+03, 4.0422e+01, 
 1DIAGNOSTIC,    41, -8.905728017990e-01, 3.960368514240e-05, 2.0844e+03, 4.0527e+01, 
 1DIAGNOSTIC,    42, -8.907453573775e-01, 3.538016301264e-05, 2.1249e+03, 4.0557e+01, 
 1DIAGNOSTIC,    43, -8.909129689032e-01, 3.191745722983e-05, 2.1655e+03, 4.0552e+01, 
 1DIAGNOSTIC,    44, -8.910772955500e-01, 2.923758713291e-05, 2.2060e+03, 4.0489e+01, 
 1DIAGNOSTIC,    45, -8.912479943399e-01, 2.727871128078e-05, 2.2465e+03, 4.0476e+01, 
 1DIAGNOSTIC,    46, -8.914174694190e-01, 2.580206093184e-05, 2.2869e+03, 4.0436e+01, 
 1DIAGNOSTIC,    47, -8.915894195447e-01, 2.469719486685e-05, 2.3275e+03, 4.0596e+01, 
 1DIAGNOSTIC,    48, -8.917689872244e-01, 2.393761117312e-05, 2.3680e+03, 4.0472e+01, 
 1DIAGNOSTIC,    49, -8.919499000162e-01, 2.342520427180e-05, 2.4084e+03, 4.0463e+01, 
 1DIAGNOSTIC,    50, -8.921304412958e-01, 2.306746532797e-05, 2.4490e+03, 4.0603e+01, 
XXDIAGNOSTIC,Iteration,metricValue,convergenceValue,ITERATION_TIME_INDEX,SINCE_LAST
 1DIAGNOSTIC,     1, -8.552918626813e-01, 1.797693134862e+308, 2.7786e+03, 3.2956e+02, 
 1DIAGNOSTIC,     2, -8.565418274783e-01, 1.797693134862e+308, 3.1050e+03, 3.2637e+02, 
 1DIAGNOSTIC,     3, -8.579791359660e-01, 1.797693134862e+308, 3.4302e+03, 3.2528e+02, 
 1DIAGNOSTIC,     4, -8.593256434216e-01, 1.797693134862e+308, 3.7543e+03, 3.2407e+02, 
 1DIAGNOSTIC,     5, -8.606900698241e-01, 1.797693134862e+308, 4.0794e+03, 3.2512e+02, 
 1DIAGNOSTIC,     6, -8.621731460157e-01, 1.797693134862e+308, 4.4052e+03, 3.2578e+02, 
 1DIAGNOSTIC,     7, -8.635367549902e-01, 1.797693134862e+308, 4.7322e+03, 3.2699e+02, 
 1DIAGNOSTIC,     8, -8.648155923283e-01, 1.797693134862e+308, 5.0576e+03, 3.2540e+02, 
 1DIAGNOSTIC,     9, -8.658677316262e-01, 1.797693134862e+308, 5.3827e+03, 3.2511e+02, 
 1DIAGNOSTIC,    10, -8.668572683536e-01, 8.849898200673e-04, 5.7060e+03, 3.2335e+02, 
 1DIAGNOSTIC,    11, -8.677407605449e-01, 7.732967290200e-04, 6.0316e+03, 3.2555e+02, 
 1DIAGNOSTIC,    12, -8.686809366711e-01, 6.704976200856e-04, 6.3582e+03, 3.2662e+02, 
 1DIAGNOSTIC,    13, -8.695448520153e-01, 5.808803546914e-04, 6.6840e+03, 3.2575e+02, 
 1DIAGNOSTIC,    14, -8.702681000791e-01, 4.997073076011e-04, 7.0101e+03, 3.2618e+02, 
 1DIAGNOSTIC,    15, -8.709447791561e-01, 4.282579617465e-04, 7.3361e+03, 3.2593e+02, 
 1DIAGNOSTIC,    16, -8.715848271011e-01, 3.698407844759e-04, 7.6615e+03, 3.2538e+02, 
 1DIAGNOSTIC,    17, -8.721689809280e-01, 3.215842607859e-04, 7.9875e+03, 3.2602e+02, 
 1DIAGNOSTIC,    18, -8.728189096730e-01, 2.839793564210e-04, 8.3128e+03, 3.2532e+02, 
 1DIAGNOSTIC,    19, -8.733363818570e-01, 2.509656955507e-04, 8.6385e+03, 3.2571e+02, 
 1DIAGNOSTIC,    20, -8.738318651938e-01, 2.222552638111e-04, 8.9642e+03, 3.2573e+02, 
  Elapsed time (stage 2): 8967


Total elapsed time: 9280
 Registration finished. The antsRegistration call was:
--------------------------------------------------------------------------------------
/opt/ants/bin/antsRegistration --verbose 1 --dimensionality 3 --float 0 --collapse-output-transforms 1 --output [ /data/derivatives/ants/registrationSyN/sub-s020/ses-open/anat/,/data/derivatives/ants/registrationSyN/sub-s020/ses-open/anat/Warped.nii.gz,/data/derivatives/ants/registrationSyN/sub-s020/ses-open/anat/InverseWarped.nii.gz ] --interpolation Linear --use-histogram-matching 0 --winsorize-image-intensities [ 0.005,0.995 ] --initial-moving-transform [ /templateflow/tpl-MNI152NLin2009cAsym//tpl-MNI152NLin2009cAsym_res-01_desc-brain_T1w.nii.gz,/data/derivatives/fsl/fast/sub-s020/ses-open/anat/BrainExtractionBrain_seg.nii.gz,1 ] --transform Rigid[ 0.1 ] --metric MI[ /templateflow/tpl-MNI152NLin2009cAsym//tpl-MNI152NLin2009cAsym_res-01_desc-brain_T1w.nii.gz,/data/derivatives/fsl/fast/sub-s020/ses-open/anat/BrainExtractionBrain_seg.nii.gz,1,32,Regular,0.25 ] --convergence [ 1000x500x250x100,1e-6,10 ] --shrink-factors 8x4x2x1 --smoothing-sigmas 3x2x1x0vox --transform Affine[ 0.1 ] --metric MI[ /templateflow/tpl-MNI152NLin2009cAsym//tpl-MNI152NLin2009cAsym_res-01_desc-brain_T1w.nii.gz,/data/derivatives/fsl/fast/sub-s020/ses-open/anat/BrainExtractionBrain_seg.nii.gz,1,32,Regular,0.25 ] --convergence [ 1000x500x250x100,1e-6,10 ] --shrink-factors 8x4x2x1 --smoothing-sigmas 3x2x1x0vox --transform SyN[ 0.1,3,0 ] --metric CC[ /templateflow/tpl-MNI152NLin2009cAsym//tpl-MNI152NLin2009cAsym_res-01_desc-brain_T1w.nii.gz,/data/derivatives/fsl/fast/sub-s020/ses-open/anat/BrainExtractionBrain_seg.nii.gz,1,4 ] --convergence [ 100x70x50x20,1e-6,10 ] --shrink-factors 8x4x2x1 --smoothing-sigmas 3x2x1x0vox
--------------------------------------------------------------------------------------
Moving image resampled into fixed space: /data/derivatives/ants/registrationSyN/sub-s020/ses-open/anat/Warped.nii.gz
Fixed image resampled into moving space: /data/derivatives/ants/registrationSyN/sub-s020/ses-open/anat/InverseWarped.nii.gz
--------------------------------------------------------------------------------------
Elapsed Time: 9285.155s
    SP GFLOPS: 0.000
    DP GFLOPS: 0.915
    x87 GFLOPS: 0.003
    CPI Rate: 0.457
    Average CPU Frequency: 3.648 GHz
    Total Thread Count: 15
Effective Physical Core Utilization: 3.0% (0.973 out of 32)
 | The metric value is low, which may signal a poor physical CPU cores
 | utilization caused by:
 |     - load imbalance
 |     - threading runtime overhead
 |     - contended synchronization
 |     - thread/process underutilization
 |     - incorrect affinity that utilizes logical cores instead of physical
 |       cores
 | Explore sub-metrics to estimate the efficiency of MPI and OpenMP parallelism
 | or run the Locks and Waits analysis to identify parallel bottlenecks for
 | other parallel runtimes.
 |
    Effective Logical Core Utilization: 1.5% (0.975 out of 64)
     | The metric value is low, which may signal a poor logical CPU cores
     | utilization. Consider improving physical core utilization as the first
     | step and then look at opportunities to utilize logical cores, which in
     | some cases can improve processor throughput and overall performance of
     | multi-threaded applications.
     |
Memory Bound: 14.5% of Pipeline Slots
    Cache Bound: 7.5% of Clockticks
    DRAM Bound: 0.4% of Clockticks
        DRAM Bandwidth Bound: 0.0% of Elapsed Time
    NUMA: % of Remote Accesses: 0.0%

    Bandwidth Utilization
    Bandwidth Domain             Platform Maximum  Observed Maximum  Average  % of Elapsed Time with High BW Utilization(%)
    ---------------------------  ----------------  ----------------  -------  ---------------------------------------------
    DRAM, GB/sec                 214                         12.000    0.068                                           0.0%
    DRAM Single-Package, GB/sec  107                         11.900    0.066                                           0.0%
Vectorization: 0.0% of Packed FP Operations
 | This code has floating point operations and is not vectorized. Consider
 | either recompiling the code with optimization options that allow
 | vectorization or using Intel Advisor to vectorize the loops.
 |
    Instruction Mix
        SP FLOPs: 0.0% of uOps
            Packed: 0.0% from SP FP
                128-bit: 0.0% from SP FP
                256-bit: 0.0% from SP FP
                512-bit: 0.0% from SP FP
            Scalar: 0.0% from SP FP
        DP FLOPs: 15.1% of uOps
            Packed: 0.0% from DP FP
                128-bit: 0.0% from DP FP
                256-bit: 0.0% from DP FP
                512-bit: 0.0% from DP FP
            Scalar: 100.0% from DP FP
             | This code has floating point operations and is not vectorized.
             | Consider either recompiling the code with optimization options
             | that allow vectorization or using Intel Advisor to vectorize the
             | loops.
             |
        x87 FLOPs: 0.0% of uOps
        Non-FP: 84.9% of uOps
    FP Arith/Mem Rd Instr. Ratio: 0.501
    FP Arith/Mem Wr Instr. Ratio: 1.113
Collection and Platform Info
    Application Command Line: bash "tmp-scripts/U1jw9lM5jyAr6PCwifupCcyzr7bGypWi.sh" 
    Operating System: 4.18.0-477.10.1.el8_lustre.x86_64 DISTRIB_ID=Ubuntu DISTRIB_RELEASE=20.04 DISTRIB_CODENAME=focal DISTRIB_DESCRIPTION="Ubuntu 20.04.5 LTS"
    Computer Name: comp04
    Result Size: 15.3 GB 
    Collection start time: 19:14:55 25/11/2023 UTC
    Collection stop time: 21:49:40 25/11/2023 UTC
    Collector Type: Driverless Perf per-process sampling
    CPU
        Name: Intel(R) Xeon(R) Processor code named Skylake
        Frequency: 2.095 GHz
        Logical CPU Count: 64
        Max DRAM Single-Package Bandwidth: 107.000 GB/s
        LLC size: 23.1 MB 

If you want to skip descriptions of detected performance issues in the report,
enter: vtune -report summary -report-knob show-issues=false -r <my_result_dir>.
Alternatively, you may view the report in the csv format: vtune -report
<report_name> -format=csv.
