---------------------
Profiling information

Pipeline: ants registrationSyN
NTHREAD: 1

DATASET: ds004513
SUBJECT_ID: s012

SIF_IMG: /mnt/lustre/mathdugre/containers/ants-debug.simg
DATA_DIR: /mnt/lustre/mathdugre/mri-bottleneck/datasets/ds004513

PROJECT_DIR: /mnt/lustre/mathdugre/mri-bottleneck
PROFILING_DIR: /mnt/lustre/mathdugre/mri-bottleneck/vtune_output/1-threads/ants/registrationSyN/ds004513/sub-s012/XwxW5E5eb4pExiIc7Nb3dGMIM07RNS6P
---------------------

Command to profile: bash tmp-scripts/XwxW5E5eb4pExiIc7Nb3dGMIM07RNS6P.sh

--------------------------------------------------------------------------------------
 Mapping parameters
--------------------------------------------------------------------------------------
 ANTSPATH is /opt/ants/bin

 Dimensionality:           3
 Output name prefix:       /data/derivatives/ants/registrationSyN/sub-s012/ses-open/anat/
 Fixed images:             /templateflow/tpl-MNI152NLin2009cAsym//tpl-MNI152NLin2009cAsym_res-01_desc-brain_T1w.nii.gz
 Moving images:            /data/derivatives/fsl/fast/sub-s012/ses-open/anat/BrainExtractionBrain_seg.nii.gz
 Mask images:              
 Initial transforms:       
 Number of threads:        1
 Spline distance:          26
 SyN gradient step:        0.1
 Transform type:           s
 CC radius:                4
 Precision:                d
 Use histogram matching    0
 Repro                     0
======================================================================================
 antsRegistration call:
--------------------------------------------------------------------------------------
/opt/ants/bin/antsRegistration --verbose 1 --dimensionality 3 --float 0 --collapse-output-transforms 1 --output [ /data/derivatives/ants/registrationSyN/sub-s012/ses-open/anat/,/data/derivatives/ants/registrationSyN/sub-s012/ses-open/anat/Warped.nii.gz,/data/derivatives/ants/registrationSyN/sub-s012/ses-open/anat/InverseWarped.nii.gz ] --interpolation Linear --use-histogram-matching 0 --winsorize-image-intensities [ 0.005,0.995 ] --initial-moving-transform [ /templateflow/tpl-MNI152NLin2009cAsym//tpl-MNI152NLin2009cAsym_res-01_desc-brain_T1w.nii.gz,/data/derivatives/fsl/fast/sub-s012/ses-open/anat/BrainExtractionBrain_seg.nii.gz,1 ] --transform Rigid[ 0.1 ] --metric MI[ /templateflow/tpl-MNI152NLin2009cAsym//tpl-MNI152NLin2009cAsym_res-01_desc-brain_T1w.nii.gz,/data/derivatives/fsl/fast/sub-s012/ses-open/anat/BrainExtractionBrain_seg.nii.gz,1,32,Regular,0.25 ] --convergence [ 1000x500x250x100,1e-6,10 ] --shrink-factors 8x4x2x1 --smoothing-sigmas 3x2x1x0vox --transform Affine[ 0.1 ] --metric MI[ /templateflow/tpl-MNI152NLin2009cAsym//tpl-MNI152NLin2009cAsym_res-01_desc-brain_T1w.nii.gz,/data/derivatives/fsl/fast/sub-s012/ses-open/anat/BrainExtractionBrain_seg.nii.gz,1,32,Regular,0.25 ] --convergence [ 1000x500x250x100,1e-6,10 ] --shrink-factors 8x4x2x1 --smoothing-sigmas 3x2x1x0vox --transform SyN[ 0.1,3,0 ] --metric CC[ /templateflow/tpl-MNI152NLin2009cAsym//tpl-MNI152NLin2009cAsym_res-01_desc-brain_T1w.nii.gz,/data/derivatives/fsl/fast/sub-s012/ses-open/anat/BrainExtractionBrain_seg.nii.gz,1,4 ] --convergence [ 100x70x50x20,1e-6,10 ] --shrink-factors 8x4x2x1 --smoothing-sigmas 3x2x1x0vox
--------------------------------------------------------------------------------------
All_Command_lines_OK
Using double precision for computations.
=============================================================================
The composite transform comprises the following transforms (in order): 
  1. Center of mass alignment using fixed image: /templateflow/tpl-MNI152NLin2009cAsym//tpl-MNI152NLin2009cAsym_res-01_desc-brain_T1w.nii.gz and moving image: /data/derivatives/fsl/fast/sub-s012/ses-open/anat/BrainExtractionBrain_seg.nii.gz (type = Euler3DTransform)
=============================================================================
  number of levels = 4
  number of levels = 4
  number of levels = 4
  fixed image: /templateflow/tpl-MNI152NLin2009cAsym//tpl-MNI152NLin2009cAsym_res-01_desc-brain_T1w.nii.gz
  moving image: /data/derivatives/fsl/fast/sub-s012/ses-open/anat/BrainExtractionBrain_seg.nii.gz
  fixed image: /templateflow/tpl-MNI152NLin2009cAsym//tpl-MNI152NLin2009cAsym_res-01_desc-brain_T1w.nii.gz
  moving image: /data/derivatives/fsl/fast/sub-s012/ses-open/anat/BrainExtractionBrain_seg.nii.gz
  fixed image: /templateflow/tpl-MNI152NLin2009cAsym//tpl-MNI152NLin2009cAsym_res-01_desc-brain_T1w.nii.gz
  moving image: /data/derivatives/fsl/fast/sub-s012/ses-open/anat/BrainExtractionBrain_seg.nii.gz
Dimension = 3
Number of stages = 3
Use histogram matching = false
Winsorize image intensities = true
  Lower quantile = 0.005
  Upper quantile = 0.995


Stage 1 State
   Image metric = Mattes
     Fixed image = Image (0x5573e3cbd5b0)
  RTTI typeinfo:   itk::Image<double, 3u>
  Reference Count: 2
  Modified Time: 1721
  Debug: Off
  Object Name: 
  Observers: 
    none
  Source: (none)
  Source output name: (none)
  Release Data: Off
  Data Released: False
  Global Release Data: Off
  PipelineMTime: 0
  UpdateMTime: 1504
  RealTimeStamp: 0 seconds 
  LargestPossibleRegion: 
    Dimension: 3
    Index: [0, 0, 0]
    Size: [193, 229, 193]
  BufferedRegion: 
    Dimension: 3
    Index: [0, 0, 0]
    Size: [193, 229, 193]
  RequestedRegion: 
    Dimension: 3
    Index: [0, 0, 0]
    Size: [193, 229, 193]
  Spacing: [1, 1, 1]
  Origin: [96, 132, -78]
  Direction: 
-1 0 0
0 -1 0
0 0 1

  IndexToPointMatrix: 
-1 0 0
0 -1 0
0 0 1

  PointToIndexMatrix: 
-1 0 0
0 -1 0
0 0 1

  Inverse Direction: 
-1 0 0
0 -1 0
0 0 1

  PixelContainer: 
    ImportImageContainer (0x5573e3cc6160)
      RTTI typeinfo:   itk::ImportImageContainer<unsigned long, double>
      Reference Count: 1
      Modified Time: 1501
      Debug: Off
      Object Name: 
      Observers: 
        none
      Pointer: 0x7f48c0dde010
      Container manages memory: true
      Size: 8530021
      Capacity: 8530021

     Moving image = Image (0x5573e3cc90a0)
  RTTI typeinfo:   itk::Image<double, 3u>
  Reference Count: 2
  Modified Time: 1722
  Debug: Off
  Object Name: 
  Observers: 
    none
  Source: (none)
  Source output name: (none)
  Release Data: Off
  Data Released: False
  Global Release Data: Off
  PipelineMTime: 0
  UpdateMTime: 1719
  RealTimeStamp: 0 seconds 
  LargestPossibleRegion: 
    Dimension: 3
    Index: [0, 0, 0]
    Size: [176, 240, 256]
  BufferedRegion: 
    Dimension: 3
    Index: [0, 0, 0]
    Size: [176, 240, 256]
  RequestedRegion: 
    Dimension: 3
    Index: [0, 0, 0]
    Size: [176, 240, 256]
  Spacing: [1, 1, 1]
  Origin: [65.5297, 106.836, -142.348]
  Direction: 
-0.983885 0.178802 0
-0.178802 -0.983885 0
0 0 1

  IndexToPointMatrix: 
-0.983887 0.178802 0
-0.178803 -0.983885 0
0 0 1

  PointToIndexMatrix: 
-0.983883 -0.178802 0
0.178802 -0.983885 0
0 0 1

  Inverse Direction: 
-0.983885 -0.178802 0
0.178802 -0.983885 0
0 0 1

  PixelContainer: 
    ImportImageContainer (0x5573e3cf8df0)
      RTTI typeinfo:   itk::ImportImageContainer<unsigned long, double>
      Reference Count: 1
      Modified Time: 1716
      Debug: Off
      Object Name: 
      Observers: 
        none
      Pointer: 0x7f48bbb5d010
      Container manages memory: true
      Size: 10813440
      Capacity: 10813440

     Weighting = 1
     Sampling strategy = regular
     Number of bins = 32
     Radius = 4
     Sampling percentage  = 0.25
   Transform = Rigid
     Gradient step = 0.1
     Update field sigma (voxel space) = 0
     Total field sigma (voxel space) = 0
     Update field time sigma = 0
     Total field time sigma  = 0
     Number of time indices = 0
     Number of time point samples = 0
Stage 2 State
   Image metric = Mattes
     Fixed image = Image (0x5573e3d16d80)
  RTTI typeinfo:   itk::Image<double, 3u>
  Reference Count: 2
  Modified Time: 2151
  Debug: Off
  Object Name: 
  Observers: 
    none
  Source: (none)
  Source output name: (none)
  Release Data: Off
  Data Released: False
  Global Release Data: Off
  PipelineMTime: 0
  UpdateMTime: 1934
  RealTimeStamp: 0 seconds 
  LargestPossibleRegion: 
    Dimension: 3
    Index: [0, 0, 0]
    Size: [193, 229, 193]
  BufferedRegion: 
    Dimension: 3
    Index: [0, 0, 0]
    Size: [193, 229, 193]
  RequestedRegion: 
    Dimension: 3
    Index: [0, 0, 0]
    Size: [193, 229, 193]
  Spacing: [1, 1, 1]
  Origin: [96, 132, -78]
  Direction: 
-1 0 0
0 -1 0
0 0 1

  IndexToPointMatrix: 
-1 0 0
0 -1 0
0 0 1

  PointToIndexMatrix: 
-1 0 0
0 -1 0
0 0 1

  Inverse Direction: 
-1 0 0
0 -1 0
0 0 1

  PixelContainer: 
    ImportImageContainer (0x5573e3d17cc0)
      RTTI typeinfo:   itk::ImportImageContainer<unsigned long, double>
      Reference Count: 1
      Modified Time: 1931
      Debug: Off
      Object Name: 
      Observers: 
        none
      Pointer: 0x7f48b7a48010
      Container manages memory: true
      Size: 8530021
      Capacity: 8530021

     Moving image = Image (0x5573e3d17200)
  RTTI typeinfo:   itk::Image<double, 3u>
  Reference Count: 2
  Modified Time: 2152
  Debug: Off
  Object Name: 
  Observers: 
    none
  Source: (none)
  Source output name: (none)
  Release Data: Off
  Data Released: False
  Global Release Data: Off
  PipelineMTime: 0
  UpdateMTime: 2149
  RealTimeStamp: 0 seconds 
  LargestPossibleRegion: 
    Dimension: 3
    Index: [0, 0, 0]
    Size: [176, 240, 256]
  BufferedRegion: 
    Dimension: 3
    Index: [0, 0, 0]
    Size: [176, 240, 256]
  RequestedRegion: 
    Dimension: 3
    Index: [0, 0, 0]
    Size: [176, 240, 256]
  Spacing: [1, 1, 1]
  Origin: [65.5297, 106.836, -142.348]
  Direction: 
-0.983885 0.178802 0
-0.178802 -0.983885 0
0 0 1

  IndexToPointMatrix: 
-0.983887 0.178802 0
-0.178803 -0.983885 0
0 0 1

  PointToIndexMatrix: 
-0.983883 -0.178802 0
0.178802 -0.983885 0
0 0 1

  Inverse Direction: 
-0.983885 -0.178802 0
0.178802 -0.983885 0
0 0 1

  PixelContainer: 
    ImportImageContainer (0x5573e3d1c380)
      RTTI typeinfo:   itk::ImportImageContainer<unsigned long, double>
      Reference Count: 1
      Modified Time: 2146
      Debug: Off
      Object Name: 
      Observers: 
        none
      Pointer: 0x7f48b27c7010
      Container manages memory: true
      Size: 10813440
      Capacity: 10813440

     Weighting = 1
     Sampling strategy = regular
     Number of bins = 32
     Radius = 4
     Sampling percentage  = 0.25
   Transform = Affine
     Gradient step = 0.1
     Update field sigma (voxel space) = 0
     Total field sigma (voxel space) = 0
     Update field time sigma = 0
     Total field time sigma  = 0
     Number of time indices = 0
     Number of time point samples = 0
Stage 3 State
   Image metric = CC
     Fixed image = Image (0x5573e3d18850)
  RTTI typeinfo:   itk::Image<double, 3u>
  Reference Count: 2
  Modified Time: 2581
  Debug: Off
  Object Name: 
  Observers: 
    none
  Source: (none)
  Source output name: (none)
  Release Data: Off
  Data Released: False
  Global Release Data: Off
  PipelineMTime: 0
  UpdateMTime: 2364
  RealTimeStamp: 0 seconds 
  LargestPossibleRegion: 
    Dimension: 3
    Index: [0, 0, 0]
    Size: [193, 229, 193]
  BufferedRegion: 
    Dimension: 3
    Index: [0, 0, 0]
    Size: [193, 229, 193]
  RequestedRegion: 
    Dimension: 3
    Index: [0, 0, 0]
    Size: [193, 229, 193]
  Spacing: [1, 1, 1]
  Origin: [96, 132, -78]
  Direction: 
-1 0 0
0 -1 0
0 0 1

  IndexToPointMatrix: 
-1 0 0
0 -1 0
0 0 1

  PointToIndexMatrix: 
-1 0 0
0 -1 0
0 0 1

  Inverse Direction: 
-1 0 0
0 -1 0
0 0 1

  PixelContainer: 
    ImportImageContainer (0x5573e3d14100)
      RTTI typeinfo:   itk::ImportImageContainer<unsigned long, double>
      Reference Count: 1
      Modified Time: 2361
      Debug: Off
      Object Name: 
      Observers: 
        none
      Pointer: 0x7f48ae6b2010
      Container manages memory: true
      Size: 8530021
      Capacity: 8530021

     Moving image = Image (0x5573e3d201a0)
  RTTI typeinfo:   itk::Image<double, 3u>
  Reference Count: 2
  Modified Time: 2582
  Debug: Off
  Object Name: 
  Observers: 
    none
  Source: (none)
  Source output name: (none)
  Release Data: Off
  Data Released: False
  Global Release Data: Off
  PipelineMTime: 0
  UpdateMTime: 2579
  RealTimeStamp: 0 seconds 
  LargestPossibleRegion: 
    Dimension: 3
    Index: [0, 0, 0]
    Size: [176, 240, 256]
  BufferedRegion: 
    Dimension: 3
    Index: [0, 0, 0]
    Size: [176, 240, 256]
  RequestedRegion: 
    Dimension: 3
    Index: [0, 0, 0]
    Size: [176, 240, 256]
  Spacing: [1, 1, 1]
  Origin: [65.5297, 106.836, -142.348]
  Direction: 
-0.983885 0.178802 0
-0.178802 -0.983885 0
0 0 1

  IndexToPointMatrix: 
-0.983887 0.178802 0
-0.178803 -0.983885 0
0 0 1

  PointToIndexMatrix: 
-0.983883 -0.178802 0
0.178802 -0.983885 0
0 0 1

  Inverse Direction: 
-0.983885 -0.178802 0
0.178802 -0.983885 0
0 0 1

  PixelContainer: 
    ImportImageContainer (0x5573e3d105d0)
      RTTI typeinfo:   itk::ImportImageContainer<unsigned long, double>
      Reference Count: 1
      Modified Time: 2576
      Debug: Off
      Object Name: 
      Observers: 
        none
      Pointer: 0x7f48a9431010
      Container manages memory: true
      Size: 10813440
      Capacity: 10813440

     Weighting = 1
     Sampling strategy = none
     Number of bins = 32
     Radius = 4
     Sampling percentage  = 1
   Transform = SyN
     Gradient step = 0.1
     Update field sigma (voxel space) = 3
     Total field sigma (voxel space) = 0
     Update field time sigma = 0
     Total field time sigma  = 0
     Number of time indices = 0
     Number of time point samples = 0
Registration using 3 total stages.

Stage 0
  iterations = 1000x500x250x100
  convergence threshold = 1e-06
  convergence window size = 10
  number of levels = 4
  using the Mattes MI metric (number of bins = 32, weight = 1, use gradient filter = 0)
  preprocessing:  winsorizing the image intensities
  Shrink factors (level 1 out of 4): [8, 8, 8]
  Shrink factors (level 2 out of 4): [4, 4, 4]
  Shrink factors (level 3 out of 4): [2, 2, 2]
  Shrink factors (level 4 out of 4): [1, 1, 1]
  smoothing sigmas per level: [3, 2, 1, 0]
  regular sampling (percentage = 0.25)

*** Running Euler3DTransform registration ***

DIAGNOSTIC,Iteration,metricValue,convergenceValue,ITERATION_TIME_INDEX,SINCE_LAST
 2DIAGNOSTIC,     1, -5.408294141910e-01, 1.797693134862e+308, 1.4182e+00, 1.4182e+00, 
 2DIAGNOSTIC,     2, -5.420081495210e-01, 1.797693134862e+308, 1.4307e+00, 1.2552e-02, 
 2DIAGNOSTIC,     3, -5.435009426310e-01, 1.797693134862e+308, 1.4385e+00, 7.7448e-03, 
 2DIAGNOSTIC,     4, -5.473239040848e-01, 1.797693134862e+308, 1.4464e+00, 7.8721e-03, 
 2DIAGNOSTIC,     5, -5.606717772606e-01, 1.797693134862e+308, 1.4541e+00, 7.7550e-03, 
 2DIAGNOSTIC,     6, -5.628039947309e-01, 1.797693134862e+308, 1.4614e+00, 7.2598e-03, 
 2DIAGNOSTIC,     7, -5.660248922199e-01, 1.797693134862e+308, 1.4691e+00, 7.6890e-03, 
 2DIAGNOSTIC,     8, -5.721640404124e-01, 1.797693134862e+308, 1.4799e+00, 1.0811e-02, 
 2DIAGNOSTIC,     9, -5.896500967913e-01, 1.797693134862e+308, 1.4914e+00, 1.1555e-02, 
 2DIAGNOSTIC,    10, -5.899889496338e-01, 6.076442149055e-03, 1.5014e+00, 9.9859e-03, 
 2DIAGNOSTIC,    11, -5.904004321361e-01, 5.710704070872e-03, 1.5098e+00, 8.3680e-03, 
 2DIAGNOSTIC,    12, -5.922431824618e-01, 5.040978677836e-03, 1.5173e+00, 7.5469e-03, 
 2DIAGNOSTIC,    13, -5.942779345282e-01, 4.154507713263e-03, 1.5362e+00, 1.8823e-02, 
 2DIAGNOSTIC,    14, -5.971926445277e-01, 3.239413579663e-03, 1.5438e+00, 7.6430e-03, 
 2DIAGNOSTIC,    15, -5.997952368954e-01, 2.683360236276e-03, 1.5517e+00, 7.8809e-03, 
 2DIAGNOSTIC,    16, -6.102457248954e-01, 2.348861425319e-03, 1.5695e+00, 1.7871e-02, 
 2DIAGNOSTIC,    17, -6.255485747968e-01, 2.367320985070e-03, 1.5808e+00, 1.1256e-02, 
 2DIAGNOSTIC,    18, -6.296024079947e-01, 2.420234174485e-03, 1.5894e+00, 8.5869e-03, 
 2DIAGNOSTIC,    19, -6.444093135199e-01, 3.073011603130e-03, 1.6026e+00, 1.3197e-02, 
 2DIAGNOSTIC,    20, -6.514325362363e-01, 3.542019819918e-03, 1.6102e+00, 7.5841e-03, 
 2DIAGNOSTIC,    21, -6.725175743349e-01, 4.115132210715e-03, 1.6189e+00, 8.7121e-03, 
 2DIAGNOSTIC,    22, -6.811337765863e-01, 4.459357185755e-03, 1.6274e+00, 8.4772e-03, 
 2DIAGNOSTIC,    23, -6.855877086339e-01, 4.488608915941e-03, 1.6360e+00, 8.6420e-03, 
 2DIAGNOSTIC,    24, -6.856491817146e-01, 4.161866882107e-03, 1.6445e+00, 8.5199e-03, 
 2DIAGNOSTIC,    25, -6.878156881915e-01, 3.562961038225e-03, 1.6526e+00, 8.1010e-03, 
 2DIAGNOSTIC,    26, -6.937867555774e-01, 2.966213893327e-03, 1.6758e+00, 2.3168e-02, 
 2DIAGNOSTIC,    27, -6.955710144295e-01, 2.431237435936e-03, 1.6843e+00, 8.5480e-03, 
 2DIAGNOSTIC,    28, -7.042732755396e-01, 1.919750853517e-03, 1.6917e+00, 7.3941e-03, 
 2DIAGNOSTIC,    29, -7.086474608276e-01, 1.571807266389e-03, 1.6990e+00, 7.3140e-03, 
 2DIAGNOSTIC,    30, -7.125321078063e-01, 1.260942392386e-03, 1.7078e+00, 8.7159e-03, 
 2DIAGNOSTIC,    31, -7.173388065606e-01, 1.230138707584e-03, 1.7196e+00, 1.1850e-02, 
 2DIAGNOSTIC,    32, -7.183211205374e-01, 1.218411070308e-03, 1.7266e+00, 7.0121e-03, 
 2DIAGNOSTIC,    33, -7.227440836843e-01, 1.213991589820e-03, 1.7347e+00, 8.0750e-03, 
 2DIAGNOSTIC,    34, -7.237085301120e-01, 1.107119114348e-03, 1.7427e+00, 8.0271e-03, 
 2DIAGNOSTIC,    35, -7.248841833381e-01, 9.442458008549e-04, 1.7497e+00, 6.9931e-03, 
 2DIAGNOSTIC,    36, -7.268799550037e-01, 8.015519569028e-04, 1.7701e+00, 2.0404e-02, 
 2DIAGNOSTIC,    37, -7.278931944450e-01, 6.226169114985e-04, 1.7797e+00, 9.6209e-03, 
 2DIAGNOSTIC,    38, -7.326389118835e-01, 5.506440649954e-04, 1.7871e+00, 7.3340e-03, 
 2DIAGNOSTIC,    39, -7.359788746289e-01, 5.156963245915e-04, 1.7983e+00, 1.1178e-02, 
 2DIAGNOSTIC,    40, -7.373955500437e-01, 4.906857986223e-04, 1.8059e+00, 7.6830e-03, 
 2DIAGNOSTIC,    41, -7.374324306242e-01, 4.728737712335e-04, 1.8130e+00, 7.0779e-03, 
 2DIAGNOSTIC,    42, -7.378661673507e-01, 4.250578191548e-04, 1.8201e+00, 7.0689e-03, 
 2DIAGNOSTIC,    43, -7.386730771160e-01, 3.914478306403e-04, 1.8270e+00, 6.9408e-03, 
 2DIAGNOSTIC,    44, -7.421845909273e-01, 3.654155730271e-04, 1.8351e+00, 8.0218e-03, 
 2DIAGNOSTIC,    45, -7.557627384794e-01, 4.463166069309e-04, 1.8437e+00, 8.6811e-03, 
 2DIAGNOSTIC,    46, -7.620667376577e-01, 5.557362275704e-04, 1.8506e+00, 6.8891e-03, 
 2DIAGNOSTIC,    47, -7.644497119406e-01, 6.373681471635e-04, 1.8715e+00, 2.0879e-02, 
 2DIAGNOSTIC,    48, -7.645065948053e-01, 6.981271369269e-04, 1.8796e+00, 8.1210e-03, 
 2DIAGNOSTIC,    49, -7.647551966321e-01, 7.204539835333e-04, 1.8864e+00, 6.7570e-03, 
 2DIAGNOSTIC,    50, -7.654353583041e-01, 6.889217519070e-04, 1.8935e+00, 7.1070e-03, 
 2DIAGNOSTIC,    51, -7.678947915131e-01, 6.126046831581e-04, 1.9047e+00, 1.1189e-02, 
 2DIAGNOSTIC,    52, -7.691240278210e-01, 4.955373372874e-04, 1.9142e+00, 9.5069e-03, 
 2DIAGNOSTIC,    53, -7.691754164213e-01, 3.442310264419e-04, 1.9314e+00, 1.7256e-02, 
 2DIAGNOSTIC,    54, -7.690711927411e-01, 1.911143989589e-04, 1.9421e+00, 1.0671e-02, 
 2DIAGNOSTIC,    55, -7.689523805444e-01, 1.274195254852e-04, 1.9497e+00, 7.5819e-03, 
 2DIAGNOSTIC,    56, -7.688279239304e-01, 9.943893431024e-05, 1.9566e+00, 6.8970e-03, 
 2DIAGNOSTIC,    57, -7.687052337287e-01, 7.949762074360e-05, 1.9635e+00, 6.9621e-03, 
 2DIAGNOSTIC,    58, -7.685839773944e-01, 5.256293974761e-05, 1.9702e+00, 6.6731e-03, 
 2DIAGNOSTIC,    59, -7.685956603970e-01, 2.372625518463e-05, 1.9775e+00, 7.2300e-03, 
DIAGNOSTIC,Iteration,metricValue,convergenceValue,ITERATION_TIME_INDEX,SINCE_LAST
 2DIAGNOSTIC,     1, -6.171418695429e-01, 1.797693134862e+308, 3.3530e+00, 1.3756e+00, 
 2DIAGNOSTIC,     2, -6.182061945352e-01, 1.797693134862e+308, 3.4211e+00, 6.8035e-02, 
 2DIAGNOSTIC,     3, -6.192122578559e-01, 1.797693134862e+308, 3.4888e+00, 6.7739e-02, 
 2DIAGNOSTIC,     4, -6.202402424427e-01, 1.797693134862e+308, 3.5555e+00, 6.6675e-02, 
 2DIAGNOSTIC,     5, -6.207526474104e-01, 1.797693134862e+308, 3.6323e+00, 7.6812e-02, 
 2DIAGNOSTIC,     6, -6.208385902527e-01, 1.797693134862e+308, 3.7084e+00, 7.6146e-02, 
 2DIAGNOSTIC,     7, -6.208697282982e-01, 1.797693134862e+308, 3.7841e+00, 7.5671e-02, 
 2DIAGNOSTIC,     8, -6.209040405415e-01, 1.797693134862e+308, 3.8770e+00, 9.2937e-02, 
 2DIAGNOSTIC,     9, -6.208935802970e-01, 1.797693134862e+308, 3.9514e+00, 7.4377e-02, 
 2DIAGNOSTIC,    10, -6.208857230487e-01, 3.509985093322e-04, 4.0272e+00, 7.5825e-02, 
 2DIAGNOSTIC,    11, -6.208832826774e-01, 1.976314564350e-04, 4.0944e+00, 6.7159e-02, 
 2DIAGNOSTIC,    12, -6.208865530002e-01, 9.281610914026e-05, 4.1698e+00, 7.5377e-02, 
 2DIAGNOSTIC,    13, -6.209024986903e-01, 3.122613010260e-05, 4.2451e+00, 7.5347e-02, 
 2DIAGNOSTIC,    14, -6.209120014717e-01, 9.344377117013e-06, 4.3201e+00, 7.5017e-02, 
 2DIAGNOSTIC,    15, -6.209177628149e-01, 5.523426413467e-06, 4.3870e+00, 6.6807e-02, 
 2DIAGNOSTIC,    16, -6.209330417101e-01, 4.756212525769e-06, 4.4539e+00, 6.6951e-02, 
 2DIAGNOSTIC,    17, -6.209943199104e-01, 6.273130805895e-06, 4.5210e+00, 6.7140e-02, 
 2DIAGNOSTIC,    18, -6.210910606558e-01, 1.050860134957e-05, 4.5883e+00, 6.7245e-02, 
 2DIAGNOSTIC,    19, -6.211472149683e-01, 1.454672703669e-05, 4.6557e+00, 6.7406e-02, 
 2DIAGNOSTIC,    20, -6.213159510213e-01, 2.068556940300e-05, 4.7329e+00, 7.7175e-02, 
 2DIAGNOSTIC,    21, -6.215037436573e-01, 2.844068801704e-05, 4.8260e+00, 9.3103e-02, 
 2DIAGNOSTIC,    22, -6.215076723200e-01, 3.303999869844e-05, 4.9007e+00, 7.4750e-02, 
 2DIAGNOSTIC,    23, -6.215172666113e-01, 3.484882207640e-05, 4.9682e+00, 6.7500e-02, 
 2DIAGNOSTIC,    24, -6.215393889925e-01, 3.400968642903e-05, 5.0441e+00, 7.5859e-02, 
 2DIAGNOSTIC,    25, -6.215504820394e-01, 3.043480567073e-05, 5.1196e+00, 7.5521e-02, 
 2DIAGNOSTIC,    26, -6.216378667321e-01, 2.614084865001e-05, 5.1940e+00, 7.4424e-02, 
 2DIAGNOSTIC,    27, -6.215986645555e-01, 2.015647162208e-05, 5.2696e+00, 7.5590e-02, 
 2DIAGNOSTIC,    28, -6.216002361724e-01, 1.450897624074e-05, 5.3363e+00, 6.6710e-02, 
 2DIAGNOSTIC,    29, -6.215912106765e-01, 8.700224682821e-06, 5.4027e+00, 6.6415e-02, 
 2DIAGNOSTIC,    30, -6.215814784439e-01, 4.892939166327e-06, 5.4691e+00, 6.6338e-02, 
 2DIAGNOSTIC,    31, -6.215601174471e-01, 3.414574032190e-06, 5.5619e+00, 9.2841e-02, 
 2DIAGNOSTIC,    32, -6.215972923302e-01, 2.402529596789e-06, 5.6458e+00, 8.3882e-02, 
 2DIAGNOSTIC,    33, -6.215973534133e-01, 1.446786930454e-06, 5.7296e+00, 8.3819e-02, 
DIAGNOSTIC,Iteration,metricValue,convergenceValue,ITERATION_TIME_INDEX,SINCE_LAST
 2DIAGNOSTIC,     1, -5.372170248950e-01, 1.797693134862e+308, 7.6415e+00, 1.9119e+00, 
 2DIAGNOSTIC,     2, -5.374566098994e-01, 1.797693134862e+308, 8.1841e+00, 5.4255e-01, 
 2DIAGNOSTIC,     3, -5.375785599412e-01, 1.797693134862e+308, 8.7288e+00, 5.4474e-01, 
 2DIAGNOSTIC,     4, -5.376485637013e-01, 1.797693134862e+308, 9.2749e+00, 5.4610e-01, 
 2DIAGNOSTIC,     5, -5.377001783623e-01, 1.797693134862e+308, 9.8200e+00, 5.4507e-01, 
 2DIAGNOSTIC,     6, -5.378206120273e-01, 1.797693134862e+308, 1.0362e+01, 5.4175e-01, 
 2DIAGNOSTIC,     7, -5.380607206327e-01, 1.797693134862e+308, 1.0985e+01, 6.2286e-01, 
 2DIAGNOSTIC,     8, -5.382160617133e-01, 1.797693134862e+308, 1.2044e+01, 1.0594e+00, 
 2DIAGNOSTIC,     9, -5.382376507795e-01, 1.797693134862e+308, 1.2762e+01, 7.1822e-01, 
 2DIAGNOSTIC,    10, -5.382321676818e-01, 1.277573068419e-04, 1.3649e+01, 8.8658e-01, 
 2DIAGNOSTIC,    11, -5.382311626024e-01, 1.008730561401e-04, 1.4284e+01, 6.3543e-01, 
 2DIAGNOSTIC,    12, -5.382277872452e-01, 7.979860887397e-05, 1.5086e+01, 8.0195e-01, 
 2DIAGNOSTIC,    13, -5.382260654875e-01, 5.976634364033e-05, 1.5742e+01, 6.5533e-01, 
 2DIAGNOSTIC,    14, -5.382256066149e-01, 4.012744704229e-05, 1.6375e+01, 6.3381e-01, 
 2DIAGNOSTIC,    15, -5.382249561416e-01, 2.151556757250e-05, 1.7023e+01, 6.4779e-01, 
 2DIAGNOSTIC,    16, -5.382219901485e-01, 7.178791389548e-06, 1.7740e+01, 7.1654e-01, 
 2DIAGNOSTIC,    17, -5.382199528859e-01, 1.321021148533e-06, 1.8376e+01, 6.3611e-01, 
DIAGNOSTIC,Iteration,metricValue,convergenceValue,ITERATION_TIME_INDEX,SINCE_LAST
 2DIAGNOSTIC,     1, -4.849799178109e-01, 1.797693134862e+308, 2.2539e+01, 4.1635e+00, 
 2DIAGNOSTIC,     2, -4.852125423305e-01, 1.797693134862e+308, 2.5842e+01, 3.3032e+00, 
 2DIAGNOSTIC,     3, -4.852772566394e-01, 1.797693134862e+308, 3.0455e+01, 4.6125e+00, 
 2DIAGNOSTIC,     4, -4.852771134880e-01, 1.797693134862e+308, 3.4269e+01, 3.8139e+00, 
 2DIAGNOSTIC,     5, -4.852774793624e-01, 1.797693134862e+308, 3.8003e+01, 3.7341e+00, 
 2DIAGNOSTIC,     6, -4.852715940527e-01, 1.797693134862e+308, 4.2644e+01, 4.6408e+00, 
 2DIAGNOSTIC,     7, -4.852707044390e-01, 1.797693134862e+308, 4.8607e+01, 5.9628e+00, 
 2DIAGNOSTIC,     8, -4.852707880161e-01, 1.797693134862e+308, 5.2296e+01, 3.6898e+00, 
 2DIAGNOSTIC,     9, -4.852705990721e-01, 1.797693134862e+308, 5.6002e+01, 3.7060e+00, 
 2DIAGNOSTIC,    10, -4.852705426179e-01, 2.267557914318e-05, 5.9721e+01, 3.7188e+00, 
 2DIAGNOSTIC,    11, -4.852706079051e-01, 5.253790103688e-06, 6.3458e+01, 3.7369e+00, 
 2DIAGNOSTIC,    12, -4.852704295383e-01, 1.780616945349e-06, 6.7248e+01, 3.7899e+00, 
 2DIAGNOSTIC,    13, -4.852703661467e-01, 1.829589059574e-06, 7.0563e+01, 3.3144e+00, 
 2DIAGNOSTIC,    14, -4.852703141394e-01, 1.915627033930e-06, 7.4297e+01, 3.7342e+00, 
 2DIAGNOSTIC,    15, -4.852702915325e-01, 2.042348721032e-06, 7.7990e+01, 3.6931e+00, 
 2DIAGNOSTIC,    16, -4.852702578734e-01, 1.944561798736e-06, 8.1671e+01, 3.6810e+00, 
 2DIAGNOSTIC,    17, -4.852702006053e-01, 1.829579882692e-06, 8.5367e+01, 3.6962e+00, 
 2DIAGNOSTIC,    18, -4.852701427803e-01, 1.732341246501e-06, 8.8691e+01, 3.3235e+00, 
 2DIAGNOSTIC,    19, -4.852701276261e-01, 1.642319359153e-06, 9.2414e+01, 3.7229e+00, 
 2DIAGNOSTIC,    20, -4.852700742062e-01, 1.560888388916e-06, 9.6099e+01, 3.6856e+00, 
 2DIAGNOSTIC,    21, -4.852698984572e-01, 1.487028661151e-06, 1.0025e+02, 4.1469e+00, 
 2DIAGNOSTIC,    22, -4.852696854133e-01, 1.412224015993e-06, 1.0397e+02, 3.7221e+00, 
 2DIAGNOSTIC,    23, -4.852695861297e-01, 1.343065156201e-06, 1.0722e+02, 3.2546e+00, 
 2DIAGNOSTIC,    24, -4.852695024696e-01, 1.280046204435e-06, 1.1047e+02, 3.2496e+00, 
 2DIAGNOSTIC,    25, -4.852694445984e-01, 1.224415959102e-06, 1.1375e+02, 3.2739e+00, 
 2DIAGNOSTIC,    26, -4.852696738671e-01, 1.182070255644e-06, 1.1702e+02, 3.2786e+00, 
 2DIAGNOSTIC,    27, -4.852700991606e-01, 1.154672063818e-06, 1.2073e+02, 3.7068e+00, 
 2DIAGNOSTIC,    28, -4.852701599241e-01, 1.131286711031e-06, 1.2446e+02, 3.7295e+00, 
 2DIAGNOSTIC,    29, -4.852701963419e-01, 1.110499947291e-06, 1.2827e+02, 3.8127e+00, 
 2DIAGNOSTIC,    30, -4.852699445722e-01, 1.084011149392e-06, 1.3196e+02, 3.6869e+00, 
 2DIAGNOSTIC,    31, -4.852697835010e-01, 1.050759382192e-06, 1.3528e+02, 3.3154e+00, 
 2DIAGNOSTIC,    32, -4.852696784634e-01, 1.011336924726e-06, 1.3955e+02, 4.2750e+00, 
  Elapsed time (stage 0): 1.4176e+02


Stage 1
  iterations = 1000x500x250x100
  convergence threshold = 1.0000e-06
  convergence window size = 10
  number of levels = 4
  using the Mattes MI metric (number of bins = 32, weight = 1.0000e+00, use gradient filter = 0)
  preprocessing:  winsorizing the image intensities
  Shrink factors (level 1 out of 4): [8, 8, 8]
  Shrink factors (level 2 out of 4): [4, 4, 4]
  Shrink factors (level 3 out of 4): [2, 2, 2]
  Shrink factors (level 4 out of 4): [1, 1, 1]
  smoothing sigmas per level: [3, 2, 1, 0]
  regular sampling (percentage = 2.5000e-01)

*** Running AffineTransform registration ***

DIAGNOSTIC,Iteration,metricValue,convergenceValue,ITERATION_TIME_INDEX,SINCE_LAST
 2DIAGNOSTIC,     1, -7.448131326428e-01, 1.797693134862e+308, 1.2520e+00, 1.2520e+00, 
 2DIAGNOSTIC,     2, -7.475881052449e-01, 1.797693134862e+308, 1.2605e+00, 8.4379e-03, 
 2DIAGNOSTIC,     3, -7.529879642829e-01, 1.797693134862e+308, 1.2683e+00, 7.8058e-03, 
 2DIAGNOSTIC,     4, -7.619618980147e-01, 1.797693134862e+308, 1.2858e+00, 1.7494e-02, 
 2DIAGNOSTIC,     5, -7.764098305670e-01, 1.797693134862e+308, 1.2952e+00, 9.3932e-03, 
 2DIAGNOSTIC,     6, -8.074985277636e-01, 1.797693134862e+308, 1.3036e+00, 8.4100e-03, 
 2DIAGNOSTIC,     7, -8.520173200831e-01, 1.797693134862e+308, 1.3129e+00, 9.3441e-03, 
 2DIAGNOSTIC,     8, -8.601558161939e-01, 1.797693134862e+308, 1.3214e+00, 8.4310e-03, 
 2DIAGNOSTIC,     9, -8.741198970059e-01, 1.797693134862e+308, 1.3318e+00, 1.0428e-02, 
 2DIAGNOSTIC,    10, -8.839290985277e-01, 1.312082314391e-02, 1.3433e+00, 1.1466e-02, 
 2DIAGNOSTIC,    11, -8.855494137608e-01, 1.199623384711e-02, 1.3516e+00, 8.3151e-03, 
 2DIAGNOSTIC,    12, -8.874304888804e-01, 1.012755035293e-02, 1.3649e+00, 1.3355e-02, 
 2DIAGNOSTIC,    13, -8.876428772456e-01, 7.813529076538e-03, 1.3743e+00, 9.3491e-03, 
 2DIAGNOSTIC,    14, -8.875879136285e-01, 5.376550151226e-03, 1.3835e+00, 9.2421e-03, 
 2DIAGNOSTIC,    15, -8.871979209869e-01, 3.107841314295e-03, 1.3928e+00, 9.3200e-03, 
 2DIAGNOSTIC,    16, -8.871292928408e-01, 1.493576619701e-03, 1.4039e+00, 1.1055e-02, 
 2DIAGNOSTIC,    17, -8.867976126457e-01, 8.242431738769e-04, 1.4131e+00, 9.2380e-03, 
 2DIAGNOSTIC,    18, -8.868993471867e-01, 3.070601836306e-04, 1.4214e+00, 8.2850e-03, 
 2DIAGNOSTIC,    19, -8.870119758009e-01, 6.399429269122e-05, 1.4307e+00, 9.3031e-03, 
 2DIAGNOSTIC,    20, -8.872771284499e-01, 9.384147879071e-06, 1.4410e+00, 1.0306e-02, 
DIAGNOSTIC,Iteration,metricValue,convergenceValue,ITERATION_TIME_INDEX,SINCE_LAST
 2DIAGNOSTIC,     1, -7.496230872497e-01, 1.797693134862e+308, 2.7861e+00, 1.3451e+00, 
 2DIAGNOSTIC,     2, -7.507914974952e-01, 1.797693134862e+308, 2.8662e+00, 8.0084e-02, 
 2DIAGNOSTIC,     3, -7.522025500999e-01, 1.797693134862e+308, 2.9454e+00, 7.9265e-02, 
 2DIAGNOSTIC,     4, -7.531704769573e-01, 1.797693134862e+308, 3.0248e+00, 7.9342e-02, 
 2DIAGNOSTIC,     5, -7.539291260815e-01, 1.797693134862e+308, 3.1036e+00, 7.8862e-02, 
 2DIAGNOSTIC,     6, -7.549435047693e-01, 1.797693134862e+308, 3.1829e+00, 7.9223e-02, 
 2DIAGNOSTIC,     7, -7.555782425736e-01, 1.797693134862e+308, 3.2824e+00, 9.9570e-02, 
 2DIAGNOSTIC,     8, -7.557805591166e-01, 1.797693134862e+308, 3.4284e+00, 1.4596e-01, 
 2DIAGNOSTIC,     9, -7.557633451830e-01, 1.797693134862e+308, 3.5073e+00, 7.8866e-02, 
 2DIAGNOSTIC,    10, -7.557818123378e-01, 5.426012670559e-04, 3.5862e+00, 7.8920e-02, 
 2DIAGNOSTIC,    11, -7.558049140734e-01, 3.774592836124e-04, 3.6746e+00, 8.8440e-02, 
 2DIAGNOSTIC,    12, -7.558353468973e-01, 2.429588760145e-04, 3.7535e+00, 7.8875e-02, 
 2DIAGNOSTIC,    13, -7.558609462203e-01, 1.489095553698e-04, 3.8413e+00, 8.7811e-02, 
 2DIAGNOSTIC,    14, -7.558748646875e-01, 8.145309457404e-05, 3.9198e+00, 7.8458e-02, 
 2DIAGNOSTIC,    15, -7.559048225354e-01, 3.513161249594e-05, 3.9982e+00, 7.8459e-02, 
 2DIAGNOSTIC,    16, -7.559740230140e-01, 1.669555780344e-05, 4.0760e+00, 7.7810e-02, 
 2DIAGNOSTIC,    17, -7.560341517520e-01, 1.430009319596e-05, 4.1741e+00, 9.8096e-02, 
 2DIAGNOSTIC,    18, -7.560708678739e-01, 1.602625380686e-05, 4.2715e+00, 9.7374e-02, 
 2DIAGNOSTIC,    19, -7.560727016716e-01, 1.595662139921e-05, 4.3595e+00, 8.7978e-02, 
 2DIAGNOSTIC,    20, -7.560418367980e-01, 1.434648776857e-05, 4.4467e+00, 8.7197e-02, 
 2DIAGNOSTIC,    21, -7.560496372159e-01, 1.224983611852e-05, 4.5363e+00, 8.9642e-02, 
 2DIAGNOSTIC,    22, -7.560298169625e-01, 9.488479549104e-06, 4.6244e+00, 8.8050e-02, 
 2DIAGNOSTIC,    23, -7.560404083908e-01, 6.814121782987e-06, 4.7032e+00, 7.8808e-02, 
 2DIAGNOSTIC,    24, -7.560433587375e-01, 4.126251266189e-06, 4.7821e+00, 7.8953e-02, 
 2DIAGNOSTIC,    25, -7.560718623748e-01, 2.264138873463e-06, 4.8703e+00, 8.8176e-02, 
 2DIAGNOSTIC,    26, -7.560904763084e-01, 1.697454963576e-06, 4.9584e+00, 8.8045e-02, 
 2DIAGNOSTIC,    27, -7.560917849540e-01, 1.965020214503e-06, 5.0582e+00, 9.9816e-02, 
 2DIAGNOSTIC,    28, -7.561021418946e-01, 2.775263094494e-06, 5.1389e+00, 8.0761e-02, 
 2DIAGNOSTIC,    29, -7.561414533077e-01, 3.915039625359e-06, 5.2286e+00, 8.9692e-02, 
 2DIAGNOSTIC,    30, -7.561693973313e-01, 4.652792239379e-06, 5.3190e+00, 9.0385e-02, 
 2DIAGNOSTIC,    31, -7.561806430981e-01, 5.236102691979e-06, 5.4092e+00, 9.0149e-02, 
 2DIAGNOSTIC,    32, -7.561819995308e-01, 5.175480075899e-06, 5.4902e+00, 8.1019e-02, 
 2DIAGNOSTIC,    33, -7.562074399929e-01, 5.141834823107e-06, 5.5797e+00, 8.9567e-02, 
 2DIAGNOSTIC,    34, -7.562469262633e-01, 5.162130279280e-06, 5.6705e+00, 9.0786e-02, 
 2DIAGNOSTIC,    35, -7.562561367451e-01, 5.165707357990e-06, 5.7509e+00, 8.0374e-02, 
 2DIAGNOSTIC,    36, -7.562798985617e-01, 5.218249787196e-06, 5.8419e+00, 9.1001e-02, 
 2DIAGNOSTIC,    37, -7.562832250134e-01, 4.908206645487e-06, 5.9337e+00, 9.1796e-02, 
 2DIAGNOSTIC,    38, -7.563118853495e-01, 4.606873264059e-06, 6.0250e+00, 9.1348e-02, 
 2DIAGNOSTIC,    39, -7.563202321520e-01, 4.403852782029e-06, 6.1059e+00, 8.0871e-02, 
 2DIAGNOSTIC,    40, -7.563556736202e-01, 4.463808816944e-06, 6.1946e+00, 8.8659e-02, 
 2DIAGNOSTIC,    41, -7.563627817330e-01, 4.339398292825e-06, 6.2743e+00, 7.9690e-02, 
 2DIAGNOSTIC,    42, -7.563732759605e-01, 3.986894866238e-06, 6.3658e+00, 9.1558e-02, 
 2DIAGNOSTIC,    43, -7.563918473112e-01, 3.720354166511e-06, 6.4550e+00, 8.9162e-02, 
 2DIAGNOSTIC,    44, -7.564117719271e-01, 3.683899357995e-06, 6.5449e+00, 8.9890e-02, 
 2DIAGNOSTIC,    45, -7.564199281467e-01, 3.502714493508e-06, 6.6350e+00, 9.0090e-02, 
 2DIAGNOSTIC,    46, -7.564274433384e-01, 3.320996332021e-06, 6.7252e+00, 9.0218e-02, 
 2DIAGNOSTIC,    47, -7.564141688697e-01, 2.814088491787e-06, 6.8056e+00, 8.0417e-02, 
 2DIAGNOSTIC,    48, -7.564533411002e-01, 2.658937864376e-06, 6.9145e+00, 1.0893e-01, 
 2DIAGNOSTIC,    49, -7.564597560449e-01, 2.414153764053e-06, 7.0044e+00, 8.9871e-02, 
 2DIAGNOSTIC,    50, -7.564515680558e-01, 2.215476017933e-06, 7.0943e+00, 8.9927e-02, 
 2DIAGNOSTIC,    51, -7.564443484049e-01, 1.880433984053e-06, 7.1839e+00, 8.9538e-02, 
 2DIAGNOSTIC,    52, -7.564253044519e-01, 1.376693358680e-06, 7.2633e+00, 7.9396e-02, 
 2DIAGNOSTIC,    53, -7.564554032459e-01, 1.159269675872e-06, 7.3520e+00, 8.8728e-02, 
 2DIAGNOSTIC,    54, -7.564844980158e-01, 1.225175367176e-06, 7.4326e+00, 8.0584e-02, 
 2DIAGNOSTIC,    55, -7.565079199713e-01, 1.440985809020e-06, 7.5222e+00, 8.9602e-02, 
 2DIAGNOSTIC,    56, -7.565330901529e-01, 1.794831926770e-06, 7.6119e+00, 8.9745e-02, 
 2DIAGNOSTIC,    57, -7.565297560287e-01, 1.902848201951e-06, 7.6923e+00, 8.0332e-02, 
 2DIAGNOSTIC,    58, -7.565090402369e-01, 1.996510342120e-06, 7.7818e+00, 8.9556e-02, 
 2DIAGNOSTIC,    59, -7.565414130117e-01, 2.195690266594e-06, 7.8625e+00, 8.0732e-02, 
 2DIAGNOSTIC,    60, -7.565366254833e-01, 2.139098500678e-06, 7.9613e+00, 9.8728e-02, 
 2DIAGNOSTIC,    61, -7.565341626204e-01, 1.876544240047e-06, 8.0550e+00, 9.3752e-02, 
 2DIAGNOSTIC,    62, -7.565035956220e-01, 1.193964334189e-06, 8.1437e+00, 8.8722e-02, 
DIAGNOSTIC,Iteration,metricValue,convergenceValue,ITERATION_TIME_INDEX,SINCE_LAST
 2DIAGNOSTIC,     1, -6.372310702708e-01, 1.797693134862e+308, 1.0204e+01, 2.0605e+00, 
 2DIAGNOSTIC,     2, -6.376417575418e-01, 1.797693134862e+308, 1.0914e+01, 7.0953e-01, 
 2DIAGNOSTIC,     3, -6.380134530338e-01, 1.797693134862e+308, 1.1614e+01, 7.0002e-01, 
 2DIAGNOSTIC,     4, -6.384112206897e-01, 1.797693134862e+308, 1.2317e+01, 7.0337e-01, 
 2DIAGNOSTIC,     5, -6.396713076998e-01, 1.797693134862e+308, 1.3604e+01, 1.2866e+00, 
 2DIAGNOSTIC,     6, -6.396737276970e-01, 1.797693134862e+308, 1.4421e+01, 8.1679e-01, 
 2DIAGNOSTIC,     7, -6.396675832883e-01, 1.797693134862e+308, 1.5325e+01, 9.0450e-01, 
 2DIAGNOSTIC,     8, -6.396669385170e-01, 1.797693134862e+308, 1.6528e+01, 1.2034e+00, 
 2DIAGNOSTIC,     9, -6.396676614228e-01, 1.797693134862e+308, 1.7438e+01, 9.0929e-01, 
 2DIAGNOSTIC,    10, -6.396652204340e-01, 2.679309006664e-04, 1.8174e+01, 7.3655e-01, 
 2DIAGNOSTIC,    11, -6.396644678145e-01, 1.785765801059e-04, 1.9003e+01, 8.2908e-01, 
 2DIAGNOSTIC,    12, -6.396639945430e-01, 1.041291913118e-04, 1.9987e+01, 9.8361e-01, 
 2DIAGNOSTIC,    13, -6.396642263197e-01, 4.483729627297e-05, 2.0808e+01, 8.2112e-01, 
 2DIAGNOSTIC,    14, -6.396630848273e-01, 1.619716674880e-06, 2.1622e+01, 8.1369e-01, 
 2DIAGNOSTIC,    15, -6.396606434190e-01, 1.507063725176e-06, 2.2366e+01, 7.4395e-01, 
 2DIAGNOSTIC,    16, -6.396598903660e-01, 1.518569736680e-06, 2.3063e+01, 6.9742e-01, 
 2DIAGNOSTIC,    17, -6.396578438518e-01, 1.357095114181e-06, 2.3875e+01, 8.1168e-01, 
 2DIAGNOSTIC,    18, -6.396571183409e-01, 1.226083397234e-06, 2.4701e+01, 8.2601e-01, 
 2DIAGNOSTIC,    19, -6.396551049208e-01, 1.130434923287e-06, 2.5512e+01, 8.1149e-01, 
 2DIAGNOSTIC,    20, -6.396556335354e-01, 1.054322619438e-06, 2.6228e+01, 7.1559e-01, 
 2DIAGNOSTIC,    21, -6.396551077539e-01, 1.007926498028e-06, 2.7038e+01, 8.1008e-01, 
DIAGNOSTIC,Iteration,metricValue,convergenceValue,ITERATION_TIME_INDEX,SINCE_LAST
 2DIAGNOSTIC,     1, -5.639714302461e-01, 1.797693134862e+308, 3.2064e+01, 5.0256e+00, 
 2DIAGNOSTIC,     2, -5.643143986305e-01, 1.797693134862e+308, 3.6139e+01, 4.0755e+00, 
 2DIAGNOSTIC,     3, -5.645833152563e-01, 1.797693134862e+308, 4.0188e+01, 4.0485e+00, 
 2DIAGNOSTIC,     4, -5.648325733358e-01, 1.797693134862e+308, 4.4290e+01, 4.1028e+00, 
 2DIAGNOSTIC,     5, -5.650383222306e-01, 1.797693134862e+308, 4.8803e+01, 4.5129e+00, 
 2DIAGNOSTIC,     6, -5.651415713932e-01, 1.797693134862e+308, 5.4271e+01, 5.4672e+00, 
 2DIAGNOSTIC,     7, -5.651622123214e-01, 1.797693134862e+308, 5.9288e+01, 5.0176e+00, 
 2DIAGNOSTIC,     8, -5.651636886874e-01, 1.797693134862e+308, 6.3832e+01, 4.5436e+00, 
 2DIAGNOSTIC,     9, -5.651643482191e-01, 1.797693134862e+308, 6.8342e+01, 4.5104e+00, 
 2DIAGNOSTIC,    10, -5.651655986250e-01, 1.297318874666e-04, 7.2382e+01, 4.0401e+00, 
 2DIAGNOSTIC,    11, -5.651690195268e-01, 7.873680754265e-05, 7.6965e+01, 4.5826e+00, 
 2DIAGNOSTIC,    12, -5.651722624819e-01, 4.386914210437e-05, 8.1038e+01, 4.0730e+00, 
 2DIAGNOSTIC,    13, -5.651777408902e-01, 2.114482896896e-05, 8.5045e+01, 4.0069e+00, 
 2DIAGNOSTIC,    14, -5.651854815149e-01, 9.046802969245e-06, 8.9600e+01, 4.5556e+00, 
 2DIAGNOSTIC,    15, -5.651897585454e-01, 4.893003671236e-06, 9.4605e+01, 5.0048e+00, 
 2DIAGNOSTIC,    16, -5.651941310548e-01, 4.369986751671e-06, 1.0294e+02, 8.3374e+00, 
 2DIAGNOSTIC,    17, -5.651942464509e-01, 4.302040749402e-06, 1.0843e+02, 5.4891e+00, 
 2DIAGNOSTIC,    18, -5.651939802891e-01, 4.052009637198e-06, 1.1300e+02, 4.5669e+00, 
 2DIAGNOSTIC,    19, -5.651938723470e-01, 3.630484124613e-06, 1.1752e+02, 4.5208e+00, 
 2DIAGNOSTIC,    20, -5.651937503902e-01, 3.095619598499e-06, 1.2153e+02, 4.0089e+00, 
 2DIAGNOSTIC,    21, -5.651936329001e-01, 2.550834109494e-06, 1.2554e+02, 4.0084e+00, 
 2DIAGNOSTIC,    22, -5.651935354297e-01, 2.030552469126e-06, 1.2958e+02, 4.0403e+00, 
 2DIAGNOSTIC,    23, -5.651934715575e-01, 1.617190014493e-06, 1.3461e+02, 5.0348e+00, 
 2DIAGNOSTIC,    24, -5.651935158835e-01, 1.378139205657e-06, 1.3914e+02, 4.5260e+00, 
 2DIAGNOSTIC,    25, -5.651933973591e-01, 1.234366775189e-06, 1.4369e+02, 4.5518e+00, 
 2DIAGNOSTIC,    26, -5.651932837806e-01, 1.187602228406e-06, 1.4772e+02, 4.0293e+00, 
 2DIAGNOSTIC,    27, -5.651930460991e-01, 1.145600881491e-06, 1.5219e+02, 4.4760e+00, 
 2DIAGNOSTIC,    28, -5.651932285174e-01, 1.108271202796e-06, 1.5620e+02, 4.0029e+00, 
 2DIAGNOSTIC,    29, -5.651929945801e-01, 1.070071284665e-06, 1.6068e+02, 4.4784e+00, 
 2DIAGNOSTIC,    30, -5.651930324739e-01, 1.035708505986e-06, 1.6517e+02, 4.4961e+00, 
  Elapsed time (stage 1): 1.6789e+02


Stage 2
  iterations = 100x70x50x20
  convergence threshold = 1.0000e-06
  convergence window size = 10
  number of levels = 4
  using the CC metric (radius = 4, weight = 1.0000e+00, use gradient filter = 0)
  preprocessing:  winsorizing the image intensities
  Shrink factors (level 1 out of 4): [8, 8, 8]
  Shrink factors (level 2 out of 4): [4, 4, 4]
  Shrink factors (level 3 out of 4): [2, 2, 2]
  Shrink factors (level 4 out of 4): [1, 1, 1]
  smoothing sigmas per level: [3, 2, 1, 0]
  Using default NONE metricSamplingStrategy 

*** Running SyN registration (varianceForUpdateField = 3.0000e+00, varianceForTotalField = 0.0000e+00) ***

XXDIAGNOSTIC,Iteration,metricValue,convergenceValue,ITERATION_TIME_INDEX,SINCE_LAST
 1DIAGNOSTIC,     1, -9.288848746922e-01, 1.797693134862e+308, 1.8703e+00, 1.8703e+00, 
 1DIAGNOSTIC,     2, -9.385113355103e-01, 1.797693134862e+308, 2.5047e+00, 6.3435e-01, 
 1DIAGNOSTIC,     3, -9.452577328245e-01, 1.797693134862e+308, 3.1459e+00, 6.4120e-01, 
 1DIAGNOSTIC,     4, -9.498361495211e-01, 1.797693134862e+308, 3.7634e+00, 6.1757e-01, 
 1DIAGNOSTIC,     5, -9.531932682438e-01, 1.797693134862e+308, 4.3941e+00, 6.3070e-01, 
 1DIAGNOSTIC,     6, -9.566984913666e-01, 1.797693134862e+308, 5.0113e+00, 6.1716e-01, 
 1DIAGNOSTIC,     7, -9.605779500868e-01, 1.797693134862e+308, 5.6274e+00, 6.1614e-01, 
 1DIAGNOSTIC,     8, -9.645492265092e-01, 1.797693134862e+308, 6.2456e+00, 6.1817e-01, 
 1DIAGNOSTIC,     9, -9.678980450619e-01, 1.797693134862e+308, 6.8630e+00, 6.1740e-01, 
 1DIAGNOSTIC,    10, -9.705833824660e-01, 2.581506693949e-03, 7.4807e+00, 6.1771e-01, 
 1DIAGNOSTIC,    11, -9.706224531719e-01, 1.973799376331e-03, 8.0980e+00, 6.1724e-01, 
 1DIAGNOSTIC,    12, -9.719134546103e-01, 1.560312978277e-03, 8.7152e+00, 6.1725e-01, 
 1DIAGNOSTIC,    13, -9.717354461935e-01, 1.218121924832e-03, 9.3320e+00, 6.1678e-01, 
 1DIAGNOSTIC,    14, -9.729524062169e-01, 9.367311137856e-04, 9.9497e+00, 6.1776e-01, 
 1DIAGNOSTIC,    15, -9.727035672255e-01, 6.682852800582e-04, 1.0593e+01, 6.4360e-01, 
 1DIAGNOSTIC,    16, -9.733077637708e-01, 4.486609615153e-04, 1.1225e+01, 6.3210e-01, 
 1DIAGNOSTIC,    17, -9.730324232009e-01, 2.758994718344e-04, 1.1855e+01, 6.2929e-01, 
 1DIAGNOSTIC,    18, -9.734475709666e-01, 1.682944982025e-04, 1.2473e+01, 6.1807e-01, 
 1DIAGNOSTIC,    19, -9.731893050765e-01, 1.035132764500e-04, 1.3090e+01, 6.1702e-01, 
 1DIAGNOSTIC,    20, -9.735042985698e-01, 8.033737768939e-05, 1.3708e+01, 6.1790e-01, 
 1DIAGNOSTIC,    21, -9.732761600344e-01, 4.894416045133e-05, 1.4327e+01, 6.1934e-01, 
 1DIAGNOSTIC,    22, -9.735287100117e-01, 3.699431410280e-05, 1.4944e+01, 6.1738e-01, 
 1DIAGNOSTIC,    23, -9.733241769049e-01, 1.738386484928e-05, 1.5562e+01, 6.1713e-01, 
 1DIAGNOSTIC,    24, -9.735378444792e-01, 1.568796905649e-05, 1.6179e+01, 6.1739e-01, 
 1DIAGNOSTIC,    25, -9.733530919023e-01, 7.417973547197e-06, 1.6810e+01, 6.3094e-01, 
 1DIAGNOSTIC,    26, -9.735456239586e-01, 8.401785558859e-06, 1.7434e+01, 6.2438e-01, 
 1DIAGNOSTIC,    27, -9.733818119416e-01, 3.668199430672e-06, 1.8059e+01, 6.2422e-01, 
 1DIAGNOSTIC,    28, -9.735567821690e-01, 5.379983754328e-06, 1.8683e+01, 6.2479e-01, 
 1DIAGNOSTIC,    29, -9.734119036796e-01, 2.346035371630e-06, 1.9308e+01, 6.2437e-01, 
 1DIAGNOSTIC,    30, -9.735291221757e-01, 3.746639304171e-06, 1.9955e+01, 6.4704e-01, 
 1DIAGNOSTIC,    31, -9.734089084400e-01, 1.400693299833e-06, 2.0579e+01, 6.2396e-01, 
 1DIAGNOSTIC,    32, -9.735383033997e-01, 2.760925984807e-06, 2.1205e+01, 6.2618e-01, 
 1DIAGNOSTIC,    33, -9.734321189507e-01, 1.013293930811e-06, 2.1829e+01, 6.2426e-01, 
 1DIAGNOSTIC,    34, -9.735596610599e-01, 2.390519905075e-06, 2.2454e+01, 6.2526e-01, 
 1DIAGNOSTIC,    35, -9.734579912216e-01, 1.076276905005e-06, 2.3078e+01, 6.2338e-01, 
 1DIAGNOSTIC,    36, -9.735851660849e-01, 2.495607235597e-06, 2.3722e+01, 6.4396e-01, 
 1DIAGNOSTIC,    37, -9.734915492505e-01, 1.570725350324e-06, 2.4357e+01, 6.3511e-01, 
 1DIAGNOSTIC,    38, -9.736117926888e-01, 2.962379829680e-06, 2.4992e+01, 6.3523e-01, 
 1DIAGNOSTIC,    39, -9.735376672628e-01, 2.382376606328e-06, 2.5610e+01, 6.1799e-01, 
 1DIAGNOSTIC,    40, -9.736518449412e-01, 3.425042194017e-06, 2.6228e+01, 6.1810e-01, 
 1DIAGNOSTIC,    41, -9.735712165621e-01, 2.681820154615e-06, 2.6845e+01, 6.1714e-01, 
 1DIAGNOSTIC,    42, -9.736809441164e-01, 3.505446031480e-06, 2.7462e+01, 6.1709e-01, 
 1DIAGNOSTIC,    43, -9.736038490615e-01, 2.733849035683e-06, 2.8122e+01, 6.5951e-01, 
 1DIAGNOSTIC,    44, -9.737092544597e-01, 3.397074802663e-06, 2.8780e+01, 6.5839e-01, 
 1DIAGNOSTIC,    45, -9.736346971424e-01, 2.585434022390e-06, 2.9407e+01, 6.2706e-01, 
 1DIAGNOSTIC,    46, -9.737360778970e-01, 3.122744972855e-06, 3.0025e+01, 6.1762e-01, 
 1DIAGNOSTIC,    47, -9.736634990944e-01, 2.331376201557e-06, 3.0642e+01, 6.1731e-01, 
 1DIAGNOSTIC,    48, -9.737613968009e-01, 2.776705400279e-06, 3.1273e+01, 6.3038e-01, 
 1DIAGNOSTIC,    49, -9.736905715287e-01, 2.100148696480e-06, 3.1897e+01, 6.2456e-01, 
 1DIAGNOSTIC,    50, -9.737851418281e-01, 2.564610993728e-06, 3.2522e+01, 6.2450e-01, 
 1DIAGNOSTIC,    51, -9.737172699330e-01, 1.941066999144e-06, 3.3150e+01, 6.2789e-01, 
 1DIAGNOSTIC,    52, -9.738060998559e-01, 2.361099208269e-06, 3.3803e+01, 6.5331e-01, 
 1DIAGNOSTIC,    53, -9.737412837907e-01, 1.784048326365e-06, 3.4421e+01, 6.1814e-01, 
 1DIAGNOSTIC,    54, -9.738226111615e-01, 2.152774176537e-06, 3.5056e+01, 6.3534e-01, 
 1DIAGNOSTIC,    55, -9.737602291026e-01, 1.602247129921e-06, 3.5691e+01, 6.3461e-01, 
 1DIAGNOSTIC,    56, -9.738357802771e-01, 1.921527214736e-06, 3.6325e+01, 6.3360e-01, 
 1DIAGNOSTIC,    57, -9.737761454647e-01, 1.395872690994e-06, 3.6949e+01, 6.2476e-01, 
 1DIAGNOSTIC,    58, -9.738488678420e-01, 1.690810407864e-06, 3.7581e+01, 6.3177e-01, 
 1DIAGNOSTIC,    59, -9.737905033003e-01, 1.202008359354e-06, 3.8199e+01, 6.1789e-01, 
 1DIAGNOSTIC,    60, -9.738608311732e-01, 1.490658149021e-06, 3.8838e+01, 6.3897e-01, 
 1DIAGNOSTIC,    61, -9.738040191356e-01, 1.057955283226e-06, 3.9463e+01, 6.2541e-01, 
 1DIAGNOSTIC,    62, -9.738718040053e-01, 1.345668718001e-06, 4.0087e+01, 6.2384e-01, 
 1DIAGNOSTIC,    63, -9.738167377391e-01, 9.677722298783e-07, 4.0710e+01, 6.2300e-01, 
XXDIAGNOSTIC,Iteration,metricValue,convergenceValue,ITERATION_TIME_INDEX,SINCE_LAST
 1DIAGNOSTIC,     1, -9.181007450541e-01, 1.797693134862e+308, 4.7031e+01, 6.3205e+00, 
 1DIAGNOSTIC,     2, -9.207816975017e-01, 1.797693134862e+308, 5.2188e+01, 5.1574e+00, 
 1DIAGNOSTIC,     3, -9.244976503271e-01, 1.797693134862e+308, 5.7244e+01, 5.0564e+00, 
 1DIAGNOSTIC,     4, -9.277845503178e-01, 1.797693134862e+308, 6.2341e+01, 5.0961e+00, 
 1DIAGNOSTIC,     5, -9.308528463622e-01, 1.797693134862e+308, 6.7429e+01, 5.0880e+00, 
 1DIAGNOSTIC,     6, -9.334870089126e-01, 1.797693134862e+308, 7.2479e+01, 5.0500e+00, 
 1DIAGNOSTIC,     7, -9.354827270346e-01, 1.797693134862e+308, 7.7533e+01, 5.0545e+00, 
 1DIAGNOSTIC,     8, -9.372085739606e-01, 1.797693134862e+308, 8.2598e+01, 5.0644e+00, 
 1DIAGNOSTIC,     9, -9.386684868349e-01, 1.797693134862e+308, 8.7690e+01, 5.0926e+00, 
 1DIAGNOSTIC,    10, -9.398748711691e-01, 1.540888424877e-03, 9.2731e+01, 5.0410e+00, 
 1DIAGNOSTIC,    11, -9.407195147872e-01, 1.231824161461e-03, 9.7800e+01, 5.0685e+00, 
 1DIAGNOSTIC,    12, -9.415934470439e-01, 9.535217433737e-04, 1.0290e+02, 5.1020e+00, 
 1DIAGNOSTIC,    13, -9.421867157836e-01, 7.323521125145e-04, 1.0794e+02, 5.0399e+00, 
 1DIAGNOSTIC,    14, -9.427093723902e-01, 5.584773837879e-04, 1.1307e+02, 5.1240e+00, 
 1DIAGNOSTIC,    15, -9.431767317804e-01, 4.279922112286e-04, 1.1819e+02, 5.1257e+00, 
 1DIAGNOSTIC,    16, -9.434774294401e-01, 3.300701507462e-04, 1.2330e+02, 5.1074e+00, 
 1DIAGNOSTIC,    17, -9.437404947380e-01, 2.534615221088e-04, 1.2837e+02, 5.0685e+00, 
 1DIAGNOSTIC,    18, -9.439832206340e-01, 1.949874969894e-04, 1.3341e+02, 5.0449e+00, 
 1DIAGNOSTIC,    19, -9.443534550000e-01, 1.537045192266e-04, 1.3855e+02, 5.1422e+00, 
 1DIAGNOSTIC,    20, -9.445128317037e-01, 1.228994167641e-04, 1.4365e+02, 5.0991e+00, 
 1DIAGNOSTIC,    21, -9.446615163265e-01, 9.790610405638e-05, 1.4879e+02, 5.1371e+00, 
 1DIAGNOSTIC,    22, -9.447969876040e-01, 8.003343832832e-05, 1.5385e+02, 5.0566e+00, 
 1DIAGNOSTIC,    23, -9.449090202227e-01, 6.553196827827e-05, 1.5892e+02, 5.0680e+00, 
 1DIAGNOSTIC,    24, -9.450213210001e-01, 5.409502949864e-05, 1.6397e+02, 5.0500e+00, 
 1DIAGNOSTIC,    25, -9.451182197884e-01, 4.539156238162e-05, 1.6906e+02, 5.0913e+00, 
 1DIAGNOSTIC,    26, -9.452035849209e-01, 3.768915974802e-05, 1.7414e+02, 5.0845e+00, 
 1DIAGNOSTIC,    27, -9.452804400055e-01, 3.090928963818e-05, 1.7923e+02, 5.0852e+00, 
 1DIAGNOSTIC,    28, -9.453522718375e-01, 2.511958456889e-05, 1.8437e+02, 5.1436e+00, 
 1DIAGNOSTIC,    29, -9.454149784021e-01, 2.195325476806e-05, 1.8950e+02, 5.1338e+00, 
 1DIAGNOSTIC,    30, -9.454791706640e-01, 1.925359145037e-05, 1.9458e+02, 5.0790e+00, 
 1DIAGNOSTIC,    31, -9.455287984410e-01, 1.691609747840e-05, 1.9970e+02, 5.1154e+00, 
 1DIAGNOSTIC,    32, -9.455719632049e-01, 1.489163523509e-05, 2.0480e+02, 5.1003e+00, 
 1DIAGNOSTIC,    33, -9.456176198556e-01, 1.309946387260e-05, 2.0990e+02, 5.1063e+00, 
 1DIAGNOSTIC,    34, -9.456600107846e-01, 1.161887908549e-05, 2.1503e+02, 5.1302e+00, 
 1DIAGNOSTIC,    35, -9.457091368445e-01, 1.045402341261e-05, 2.2014e+02, 5.1050e+00, 
 1DIAGNOSTIC,    36, -9.457542940880e-01, 9.528263344168e-06, 2.2520e+02, 5.0579e+00, 
 1DIAGNOSTIC,    37, -9.457955906825e-01, 8.784312117593e-06, 2.3026e+02, 5.0629e+00, 
 1DIAGNOSTIC,    38, -9.458298832638e-01, 8.159998340224e-06, 2.3540e+02, 5.1378e+00, 
 1DIAGNOSTIC,    39, -9.458633936057e-01, 7.605041971139e-06, 2.4055e+02, 5.1531e+00, 
 1DIAGNOSTIC,    40, -9.458947066190e-01, 7.142990311595e-06, 2.4573e+02, 5.1831e+00, 
 1DIAGNOSTIC,    41, -9.459201987602e-01, 6.643904397939e-06, 2.5086e+02, 5.1276e+00, 
 1DIAGNOSTIC,    42, -9.459407985276e-01, 6.061427937135e-06, 2.5595e+02, 5.0899e+00, 
 1DIAGNOSTIC,    43, -9.459586004628e-01, 5.441685072785e-06, 2.6106e+02, 5.1102e+00, 
 1DIAGNOSTIC,    44, -9.459730795852e-01, 4.785469079643e-06, 2.6617e+02, 5.1128e+00, 
 1DIAGNOSTIC,    45, -9.459831848495e-01, 4.161912719146e-06, 2.7130e+02, 5.1286e+00, 
 1DIAGNOSTIC,    46, -9.459958855612e-01, 3.610473639504e-06, 2.7643e+02, 5.1305e+00, 
 1DIAGNOSTIC,    47, -9.460036996821e-01, 3.115032825150e-06, 2.8152e+02, 5.0849e+00, 
 1DIAGNOSTIC,    48, -9.460106254646e-01, 2.663019351694e-06, 2.8670e+02, 5.1813e+00, 
 1DIAGNOSTIC,    49, -9.460161451608e-01, 2.275383954916e-06, 2.9180e+02, 5.1039e+00, 
 1DIAGNOSTIC,    50, -9.460208871505e-01, 1.962757729439e-06, 2.9685e+02, 5.0511e+00, 
 1DIAGNOSTIC,    51, -9.460236138268e-01, 1.700161369089e-06, 3.0197e+02, 5.1191e+00, 
 1DIAGNOSTIC,    52, -9.460283291452e-01, 1.489743870882e-06, 3.0709e+02, 5.1145e+00, 
 1DIAGNOSTIC,    53, -9.460285296261e-01, 1.304139264996e-06, 3.1220e+02, 5.1072e+00, 
 1DIAGNOSTIC,    54, -9.460279291358e-01, 1.135311021614e-06, 3.1732e+02, 5.1241e+00, 
 1DIAGNOSTIC,    55, -9.460270976419e-01, 9.703141481306e-07, 3.2244e+02, 5.1191e+00, 
XXDIAGNOSTIC,Iteration,metricValue,convergenceValue,ITERATION_TIME_INDEX,SINCE_LAST
 1DIAGNOSTIC,     1, -8.988753476895e-01, 1.797693134862e+308, 3.6427e+02, 4.1833e+01, 
 1DIAGNOSTIC,     2, -9.009491150007e-01, 1.797693134862e+308, 4.0468e+02, 4.0403e+01, 
 1DIAGNOSTIC,     3, -9.037023833392e-01, 1.797693134862e+308, 4.4511e+02, 4.0432e+01, 
 1DIAGNOSTIC,     4, -9.062843436881e-01, 1.797693134862e+308, 4.8540e+02, 4.0293e+01, 
 1DIAGNOSTIC,     5, -9.085424673478e-01, 1.797693134862e+308, 5.2570e+02, 4.0298e+01, 
 1DIAGNOSTIC,     6, -9.105248535327e-01, 1.797693134862e+308, 5.6591e+02, 4.0210e+01, 
 1DIAGNOSTIC,     7, -9.122891779842e-01, 1.797693134862e+308, 6.0647e+02, 4.0565e+01, 
 1DIAGNOSTIC,     8, -9.138643184643e-01, 1.797693134862e+308, 6.4692e+02, 4.0445e+01, 
 1DIAGNOSTIC,     9, -9.150116652871e-01, 1.797693134862e+308, 6.8723e+02, 4.0313e+01, 
 1DIAGNOSTIC,    10, -9.160576310995e-01, 1.246019976517e-03, 7.2775e+02, 4.0521e+01, 
 1DIAGNOSTIC,    11, -9.171645194015e-01, 1.023233476147e-03, 7.6833e+02, 4.0579e+01, 
 1DIAGNOSTIC,    12, -9.180479812990e-01, 8.219258217460e-04, 8.0893e+02, 4.0595e+01, 
 1DIAGNOSTIC,    13, -9.188863744374e-01, 6.629623255724e-04, 8.4958e+02, 4.0654e+01, 
 1DIAGNOSTIC,    14, -9.196937849340e-01, 5.415902445692e-04, 8.9012e+02, 4.0536e+01, 
 1DIAGNOSTIC,    15, -9.204758630613e-01, 4.497515290308e-04, 9.3076e+02, 4.0642e+01, 
 1DIAGNOSTIC,    16, -9.212469268652e-01, 3.813094579447e-04, 9.7148e+02, 4.0720e+01, 
 1DIAGNOSTIC,    17, -9.219890986492e-01, 3.313081057968e-04, 1.0121e+03, 4.0574e+01, 
 1DIAGNOSTIC,    18, -9.226834037020e-01, 2.953255528584e-04, 1.0526e+03, 4.0585e+01, 
 1DIAGNOSTIC,    19, -9.233276424833e-01, 2.649517101015e-04, 1.0934e+03, 4.0808e+01, 
 1DIAGNOSTIC,    20, -9.239265739261e-01, 2.383598839836e-04, 1.1340e+03, 4.0539e+01, 
 1DIAGNOSTIC,    21, -9.244790482833e-01, 2.165354030744e-04, 1.1745e+03, 4.0557e+01, 
 1DIAGNOSTIC,    22, -9.249922976200e-01, 1.961015889523e-04, 1.2151e+03, 4.0542e+01, 
 1DIAGNOSTIC,    23, -9.254750677659e-01, 1.768569906311e-04, 1.2557e+03, 4.0650e+01, 
 1DIAGNOSTIC,    24, -9.259172831522e-01, 1.587371881213e-04, 1.2964e+03, 4.0692e+01, 
 1DIAGNOSTIC,    25, -9.263258264350e-01, 1.418832979443e-04, 1.3372e+03, 4.0739e+01, 
 1DIAGNOSTIC,    26, -9.267077748465e-01, 1.266881664572e-04, 1.3777e+03, 4.0506e+01, 
 1DIAGNOSTIC,    27, -9.270617956575e-01, 1.132340335583e-04, 1.4183e+03, 4.0633e+01, 
 1DIAGNOSTIC,    28, -9.273974877471e-01, 1.014324431470e-04, 1.4589e+03, 4.0603e+01, 
 1DIAGNOSTIC,    29, -9.277166295737e-01, 9.113705949181e-05, 1.4995e+03, 4.0571e+01, 
 1DIAGNOSTIC,    30, -9.280203733512e-01, 8.221937411042e-05, 1.5401e+03, 4.0579e+01, 
 1DIAGNOSTIC,    31, -9.283057998895e-01, 7.445945463564e-05, 1.5806e+03, 4.0550e+01, 
 1DIAGNOSTIC,    32, -9.285738491697e-01, 6.768761321357e-05, 1.6212e+03, 4.0562e+01, 
 1DIAGNOSTIC,    33, -9.288245531290e-01, 6.179239903662e-05, 1.6618e+03, 4.0604e+01, 
 1DIAGNOSTIC,    34, -9.290535110990e-01, 5.649788370899e-05, 1.7024e+03, 4.0638e+01, 
 1DIAGNOSTIC,    35, -9.292582258054e-01, 5.157537439047e-05, 1.7431e+03, 4.0639e+01, 
 1DIAGNOSTIC,    36, -9.294427749714e-01, 4.691321929708e-05, 1.7836e+03, 4.0594e+01, 
 1DIAGNOSTIC,    37, -9.296128252781e-01, 4.244573585869e-05, 1.8242e+03, 4.0580e+01, 
 1DIAGNOSTIC,    38, -9.297692986580e-01, 3.820349641569e-05, 1.8650e+03, 4.0735e+01, 
 1DIAGNOSTIC,    39, -9.299182042954e-01, 3.427774369918e-05, 1.9055e+03, 4.0588e+01, 
 1DIAGNOSTIC,    40, -9.300647005773e-01, 3.079045764314e-05, 1.9464e+03, 4.0868e+01, 
 1DIAGNOSTIC,    41, -9.302077253642e-01, 2.779690655043e-05, 1.9871e+03, 4.0723e+01, 
 1DIAGNOSTIC,    42, -9.303485420629e-01, 2.533232005580e-05, 2.0278e+03, 4.0636e+01, 
 1DIAGNOSTIC,    43, -9.304889676180e-01, 2.340606107833e-05, 2.0684e+03, 4.0601e+01, 
 1DIAGNOSTIC,    44, -9.306298615626e-01, 2.196165976373e-05, 2.1090e+03, 4.0595e+01, 
 1DIAGNOSTIC,    45, -9.307741754156e-01, 2.091234430436e-05, 2.1498e+03, 4.0780e+01, 
 1DIAGNOSTIC,    46, -9.309185949772e-01, 2.015176000512e-05, 2.1905e+03, 4.0733e+01, 
 1DIAGNOSTIC,    47, -9.310547339204e-01, 1.954326433210e-05, 2.2314e+03, 4.0915e+01, 
 1DIAGNOSTIC,    48, -9.311841101509e-01, 1.896643484607e-05, 2.2720e+03, 4.0579e+01, 
 1DIAGNOSTIC,    49, -9.313074783606e-01, 1.835034871371e-05, 2.3126e+03, 4.0573e+01, 
 1DIAGNOSTIC,    50, -9.314225358641e-01, 1.765277769307e-05, 2.3531e+03, 4.0541e+01, 
XXDIAGNOSTIC,Iteration,metricValue,convergenceValue,ITERATION_TIME_INDEX,SINCE_LAST
 1DIAGNOSTIC,     1, -8.807206461755e-01, 1.797693134862e+308, 2.6842e+03, 3.3108e+02, 
 1DIAGNOSTIC,     2, -8.819190625510e-01, 1.797693134862e+308, 3.0107e+03, 3.2655e+02, 
 1DIAGNOSTIC,     3, -8.836156896111e-01, 1.797693134862e+308, 3.3381e+03, 3.2739e+02, 
 1DIAGNOSTIC,     4, -8.851629227978e-01, 1.797693134862e+308, 3.6641e+03, 3.2596e+02, 
 1DIAGNOSTIC,     5, -8.865700331348e-01, 1.797693134862e+308, 3.9909e+03, 3.2684e+02, 
 1DIAGNOSTIC,     6, -8.879809220950e-01, 1.797693134862e+308, 4.3150e+03, 3.2408e+02, 
 1DIAGNOSTIC,     7, -8.892193584469e-01, 1.797693134862e+308, 4.6413e+03, 3.2626e+02, 
 1DIAGNOSTIC,     8, -8.905458339084e-01, 1.797693134862e+308, 4.9667e+03, 3.2546e+02, 
 1DIAGNOSTIC,     9, -8.916088661662e-01, 1.797693134862e+308, 5.2940e+03, 3.2731e+02, 
 1DIAGNOSTIC,    10, -8.926988235508e-01, 8.822679979862e-04, 5.6217e+03, 3.2764e+02, 
 1DIAGNOSTIC,    11, -8.936184406261e-01, 7.661574249693e-04, 5.9482e+03, 3.2656e+02, 
 1DIAGNOSTIC,    12, -8.944871363647e-01, 6.552840972386e-04, 6.2751e+03, 3.2687e+02, 
 1DIAGNOSTIC,    13, -8.953090244222e-01, 5.638313913613e-04, 6.6022e+03, 3.2711e+02, 
 1DIAGNOSTIC,    14, -8.961045672253e-01, 4.873822335291e-04, 6.9292e+03, 3.2703e+02, 
 1DIAGNOSTIC,    15, -8.968718042612e-01, 4.226105285283e-04, 7.2545e+03, 3.2528e+02, 
 1DIAGNOSTIC,    16, -8.976044532323e-01, 3.697298254327e-04, 7.5813e+03, 3.2682e+02, 
 1DIAGNOSTIC,    17, -8.983963749126e-01, 3.268597727661e-04, 7.9085e+03, 3.2718e+02, 
 1DIAGNOSTIC,    18, -8.990180119949e-01, 2.928678855783e-04, 8.2356e+03, 3.2704e+02, 
 1DIAGNOSTIC,    19, -8.995842396876e-01, 2.624830710250e-04, 8.5620e+03, 3.2648e+02, 
 1DIAGNOSTIC,    20, -9.001095345621e-01, 2.363929546039e-04, 8.8888e+03, 3.2682e+02, 
  Elapsed time (stage 2): 8891


Total elapsed time: 9201
 Registration finished. The antsRegistration call was:
--------------------------------------------------------------------------------------
/opt/ants/bin/antsRegistration --verbose 1 --dimensionality 3 --float 0 --collapse-output-transforms 1 --output [ /data/derivatives/ants/registrationSyN/sub-s012/ses-open/anat/,/data/derivatives/ants/registrationSyN/sub-s012/ses-open/anat/Warped.nii.gz,/data/derivatives/ants/registrationSyN/sub-s012/ses-open/anat/InverseWarped.nii.gz ] --interpolation Linear --use-histogram-matching 0 --winsorize-image-intensities [ 0.005,0.995 ] --initial-moving-transform [ /templateflow/tpl-MNI152NLin2009cAsym//tpl-MNI152NLin2009cAsym_res-01_desc-brain_T1w.nii.gz,/data/derivatives/fsl/fast/sub-s012/ses-open/anat/BrainExtractionBrain_seg.nii.gz,1 ] --transform Rigid[ 0.1 ] --metric MI[ /templateflow/tpl-MNI152NLin2009cAsym//tpl-MNI152NLin2009cAsym_res-01_desc-brain_T1w.nii.gz,/data/derivatives/fsl/fast/sub-s012/ses-open/anat/BrainExtractionBrain_seg.nii.gz,1,32,Regular,0.25 ] --convergence [ 1000x500x250x100,1e-6,10 ] --shrink-factors 8x4x2x1 --smoothing-sigmas 3x2x1x0vox --transform Affine[ 0.1 ] --metric MI[ /templateflow/tpl-MNI152NLin2009cAsym//tpl-MNI152NLin2009cAsym_res-01_desc-brain_T1w.nii.gz,/data/derivatives/fsl/fast/sub-s012/ses-open/anat/BrainExtractionBrain_seg.nii.gz,1,32,Regular,0.25 ] --convergence [ 1000x500x250x100,1e-6,10 ] --shrink-factors 8x4x2x1 --smoothing-sigmas 3x2x1x0vox --transform SyN[ 0.1,3,0 ] --metric CC[ /templateflow/tpl-MNI152NLin2009cAsym//tpl-MNI152NLin2009cAsym_res-01_desc-brain_T1w.nii.gz,/data/derivatives/fsl/fast/sub-s012/ses-open/anat/BrainExtractionBrain_seg.nii.gz,1,4 ] --convergence [ 100x70x50x20,1e-6,10 ] --shrink-factors 8x4x2x1 --smoothing-sigmas 3x2x1x0vox
--------------------------------------------------------------------------------------
Moving image resampled into fixed space: /data/derivatives/ants/registrationSyN/sub-s012/ses-open/anat/Warped.nii.gz
Fixed image resampled into moving space: /data/derivatives/ants/registrationSyN/sub-s012/ses-open/anat/InverseWarped.nii.gz
--------------------------------------------------------------------------------------
Elapsed Time: 9206.458s
    SP GFLOPS: 0.000
    DP GFLOPS: 0.914
    x87 GFLOPS: 0.003
    CPI Rate: 0.457
    Average CPU Frequency: 3.650 GHz
    Total Thread Count: 15
Effective Physical Core Utilization: 3.0% (0.972 out of 32)
 | The metric value is low, which may signal a poor physical CPU cores
 | utilization caused by:
 |     - load imbalance
 |     - threading runtime overhead
 |     - contended synchronization
 |     - thread/process underutilization
 |     - incorrect affinity that utilizes logical cores instead of physical
 |       cores
 | Explore sub-metrics to estimate the efficiency of MPI and OpenMP parallelism
 | or run the Locks and Waits analysis to identify parallel bottlenecks for
 | other parallel runtimes.
 |
    Effective Logical Core Utilization: 1.5% (0.974 out of 64)
     | The metric value is low, which may signal a poor logical CPU cores
     | utilization. Consider improving physical core utilization as the first
     | step and then look at opportunities to utilize logical cores, which in
     | some cases can improve processor throughput and overall performance of
     | multi-threaded applications.
     |
Memory Bound: 14.6% of Pipeline Slots
    Cache Bound: 7.6% of Clockticks
    DRAM Bound: 0.4% of Clockticks
        DRAM Bandwidth Bound: 0.0% of Elapsed Time
    NUMA: % of Remote Accesses: 0.0%

    Bandwidth Utilization
    Bandwidth Domain             Platform Maximum  Observed Maximum  Average  % of Elapsed Time with High BW Utilization(%)
    ---------------------------  ----------------  ----------------  -------  ---------------------------------------------
    DRAM, GB/sec                 214                         10.500    0.069                                           0.0%
    DRAM Single-Package, GB/sec  107                         10.400    0.065                                           0.0%
Vectorization: 0.0% of Packed FP Operations
 | This code has floating point operations and is not vectorized. Consider
 | either recompiling the code with optimization options that allow
 | vectorization or using Intel Advisor to vectorize the loops.
 |
    Instruction Mix
        SP FLOPs: 0.0% of uOps
            Packed: 0.0% from SP FP
                128-bit: 0.0% from SP FP
                256-bit: 0.0% from SP FP
                512-bit: 0.0% from SP FP
            Scalar: 0.0% from SP FP
        DP FLOPs: 15.0% of uOps
            Packed: 0.0% from DP FP
                128-bit: 0.0% from DP FP
                256-bit: 0.0% from DP FP
                512-bit: 0.0% from DP FP
            Scalar: 100.0% from DP FP
             | This code has floating point operations and is not vectorized.
             | Consider either recompiling the code with optimization options
             | that allow vectorization or using Intel Advisor to vectorize the
             | loops.
             |
        x87 FLOPs: 0.0% of uOps
        Non-FP: 85.0% of uOps
    FP Arith/Mem Rd Instr. Ratio: 0.517
    FP Arith/Mem Wr Instr. Ratio: 1.161
Collection and Platform Info
    Application Command Line: bash "tmp-scripts/XwxW5E5eb4pExiIc7Nb3dGMIM07RNS6P.sh" 
    Operating System: 4.18.0-477.10.1.el8_lustre.x86_64 DISTRIB_ID=Ubuntu DISTRIB_RELEASE=20.04 DISTRIB_CODENAME=focal DISTRIB_DESCRIPTION="Ubuntu 20.04.5 LTS"
    Computer Name: comp03
    Result Size: 15.2 GB 
    Collection start time: 19:12:07 25/11/2023 UTC
    Collection stop time: 21:45:34 25/11/2023 UTC
    Collector Type: Driverless Perf per-process sampling
    CPU
        Name: Intel(R) Xeon(R) Processor code named Skylake
        Frequency: 2.095 GHz
        Logical CPU Count: 64
        Max DRAM Single-Package Bandwidth: 107.000 GB/s
        LLC size: 23.1 MB 

If you want to skip descriptions of detected performance issues in the report,
enter: vtune -report summary -report-knob show-issues=false -r <my_result_dir>.
Alternatively, you may view the report in the csv format: vtune -report
<report_name> -format=csv.
