---------------------
Profiling information

Pipeline: ants registrationSyN-fp
NTHREAD: 32

DATASET: ds004513
SUBJECT_ID: s031

SIF_IMG: /mnt/lustre/mathdugre/containers/ants-debug.simg
DATA_DIR: /mnt/lustre/mathdugre/mri-bottleneck/datasets/ds004513

PROJECT_DIR: /mnt/lustre/mathdugre/mri-bottleneck
PROFILING_DIR: /mnt/lustre/mathdugre/mri-bottleneck/vtune_output/32-threads/ants/registrationSyN-fp/ds004513/sub-s031/g4HchgGgNo3CvVAaGfOC0iJKIXV1iXtF
---------------------

Command to profile: bash tmp-scripts/g4HchgGgNo3CvVAaGfOC0iJKIXV1iXtF.sh

--------------------------------------------------------------------------------------
 Mapping parameters
--------------------------------------------------------------------------------------
 ANTSPATH is /opt/ants/bin

 Dimensionality:           3
 Output name prefix:       /data/derivatives/ants/registrationSyN-fp/sub-s031/ses-open/anat/
 Fixed images:             /templateflow/tpl-MNI152NLin2009cAsym//tpl-MNI152NLin2009cAsym_res-01_desc-brain_T1w.nii.gz
 Moving images:            /data/derivatives/fsl/fast/sub-s031/ses-open/anat/BrainExtractionBrain_seg.nii.gz
 Mask images:              
 Initial transforms:       
 Number of threads:        32
 Spline distance:          26
 SyN gradient step:        0.1
 Transform type:           s
 CC radius:                4
 Precision:                f
 Use histogram matching    0
 Repro                     0
======================================================================================
 antsRegistration call:
--------------------------------------------------------------------------------------
/opt/ants/bin/antsRegistration --verbose 1 --dimensionality 3 --float 1 --collapse-output-transforms 1 --output [ /data/derivatives/ants/registrationSyN-fp/sub-s031/ses-open/anat/,/data/derivatives/ants/registrationSyN-fp/sub-s031/ses-open/anat/Warped.nii.gz,/data/derivatives/ants/registrationSyN-fp/sub-s031/ses-open/anat/InverseWarped.nii.gz ] --interpolation Linear --use-histogram-matching 0 --winsorize-image-intensities [ 0.005,0.995 ] --initial-moving-transform [ /templateflow/tpl-MNI152NLin2009cAsym//tpl-MNI152NLin2009cAsym_res-01_desc-brain_T1w.nii.gz,/data/derivatives/fsl/fast/sub-s031/ses-open/anat/BrainExtractionBrain_seg.nii.gz,1 ] --transform Rigid[ 0.1 ] --metric MI[ /templateflow/tpl-MNI152NLin2009cAsym//tpl-MNI152NLin2009cAsym_res-01_desc-brain_T1w.nii.gz,/data/derivatives/fsl/fast/sub-s031/ses-open/anat/BrainExtractionBrain_seg.nii.gz,1,32,Regular,0.25 ] --convergence [ 1000x500x250x100,1e-6,10 ] --shrink-factors 8x4x2x1 --smoothing-sigmas 3x2x1x0vox --transform Affine[ 0.1 ] --metric MI[ /templateflow/tpl-MNI152NLin2009cAsym//tpl-MNI152NLin2009cAsym_res-01_desc-brain_T1w.nii.gz,/data/derivatives/fsl/fast/sub-s031/ses-open/anat/BrainExtractionBrain_seg.nii.gz,1,32,Regular,0.25 ] --convergence [ 1000x500x250x100,1e-6,10 ] --shrink-factors 8x4x2x1 --smoothing-sigmas 3x2x1x0vox --transform SyN[ 0.1,3,0 ] --metric CC[ /templateflow/tpl-MNI152NLin2009cAsym//tpl-MNI152NLin2009cAsym_res-01_desc-brain_T1w.nii.gz,/data/derivatives/fsl/fast/sub-s031/ses-open/anat/BrainExtractionBrain_seg.nii.gz,1,4 ] --convergence [ 100x70x50x20,1e-6,10 ] --shrink-factors 8x4x2x1 --smoothing-sigmas 3x2x1x0vox
--------------------------------------------------------------------------------------
All_Command_lines_OK
Using single precision for computations.
=============================================================================
The composite transform comprises the following transforms (in order): 
  1. Center of mass alignment using fixed image: /templateflow/tpl-MNI152NLin2009cAsym//tpl-MNI152NLin2009cAsym_res-01_desc-brain_T1w.nii.gz and moving image: /data/derivatives/fsl/fast/sub-s031/ses-open/anat/BrainExtractionBrain_seg.nii.gz (type = Euler3DTransform)
=============================================================================
  number of levels = 4
  number of levels = 4
  number of levels = 4
  fixed image: /templateflow/tpl-MNI152NLin2009cAsym//tpl-MNI152NLin2009cAsym_res-01_desc-brain_T1w.nii.gz
  moving image: /data/derivatives/fsl/fast/sub-s031/ses-open/anat/BrainExtractionBrain_seg.nii.gz
  fixed image: /templateflow/tpl-MNI152NLin2009cAsym//tpl-MNI152NLin2009cAsym_res-01_desc-brain_T1w.nii.gz
  moving image: /data/derivatives/fsl/fast/sub-s031/ses-open/anat/BrainExtractionBrain_seg.nii.gz
  fixed image: /templateflow/tpl-MNI152NLin2009cAsym//tpl-MNI152NLin2009cAsym_res-01_desc-brain_T1w.nii.gz
  moving image: /data/derivatives/fsl/fast/sub-s031/ses-open/anat/BrainExtractionBrain_seg.nii.gz
Dimension = 3
Number of stages = 3
Use histogram matching = false
Winsorize image intensities = true
  Lower quantile = 0.005
  Upper quantile = 0.995


Stage 1 State
   Image metric = Mattes
     Fixed image = Image (0x56055cce22b0)
  RTTI typeinfo:   itk::Image<float, 3u>
  Reference Count: 2
  Modified Time: 1717
  Debug: Off
  Object Name: 
  Observers: 
    none
  Source: (none)
  Source output name: (none)
  Release Data: Off
  Data Released: False
  Global Release Data: Off
  PipelineMTime: 0
  UpdateMTime: 1502
  RealTimeStamp: 0 seconds 
  LargestPossibleRegion: 
    Dimension: 3
    Index: [0, 0, 0]
    Size: [193, 229, 193]
  BufferedRegion: 
    Dimension: 3
    Index: [0, 0, 0]
    Size: [193, 229, 193]
  RequestedRegion: 
    Dimension: 3
    Index: [0, 0, 0]
    Size: [193, 229, 193]
  Spacing: [1, 1, 1]
  Origin: [96, 132, -78]
  Direction: 
-1 0 0
0 -1 0
0 0 1

  IndexToPointMatrix: 
-1 0 0
0 -1 0
0 0 1

  PointToIndexMatrix: 
-1 0 0
0 -1 0
0 0 1

  Inverse Direction: 
-1 0 0
0 -1 0
0 0 1

  PixelContainer: 
    ImportImageContainer (0x56055cceae50)
      RTTI typeinfo:   itk::ImportImageContainer<unsigned long, float>
      Reference Count: 1
      Modified Time: 1499
      Debug: Off
      Object Name: 
      Observers: 
        none
      Pointer: 0x7fb2c380a010
      Container manages memory: true
      Size: 8530021
      Capacity: 8530021

     Moving image = Image (0x56055cce55d0)
  RTTI typeinfo:   itk::Image<float, 3u>
  Reference Count: 2
  Modified Time: 1718
  Debug: Off
  Object Name: 
  Observers: 
    none
  Source: (none)
  Source output name: (none)
  Release Data: Off
  Data Released: False
  Global Release Data: Off
  PipelineMTime: 0
  UpdateMTime: 1715
  RealTimeStamp: 0 seconds 
  LargestPossibleRegion: 
    Dimension: 3
    Index: [0, 0, 0]
    Size: [160, 240, 256]
  BufferedRegion: 
    Dimension: 3
    Index: [0, 0, 0]
    Size: [160, 240, 256]
  RequestedRegion: 
    Dimension: 3
    Index: [0, 0, 0]
    Size: [160, 240, 256]
  Spacing: [1, 1, 1]
  Origin: [78.2143, 95.8571, -127]
  Direction: 
-1 0 0
0 -1 0
0 0 1

  IndexToPointMatrix: 
-1 0 0
0 -1 0
0 0 1

  PointToIndexMatrix: 
-1 0 0
0 -1 0
0 0 1

  Inverse Direction: 
-1 0 0
0 -1 0
0 0 1

  PixelContainer: 
    ImportImageContainer (0x56055cce4780)
      RTTI typeinfo:   itk::ImportImageContainer<unsigned long, float>
      Reference Count: 1
      Modified Time: 1712
      Debug: Off
      Object Name: 
      Observers: 
        none
      Pointer: 0x7fb2c1289010
      Container manages memory: true
      Size: 9830400
      Capacity: 9830400

     Weighting = 1
     Sampling strategy = regular
     Number of bins = 32
     Radius = 4
     Sampling percentage  = 0.25
   Transform = Rigid
     Gradient step = 0.1
     Update field sigma (voxel space) = 0
     Total field sigma (voxel space) = 0
     Update field time sigma = 0
     Total field time sigma  = 0
     Number of time indices = 0
     Number of time point samples = 0
Stage 2 State
   Image metric = Mattes
     Fixed image = Image (0x56055ccf48c0)
  RTTI typeinfo:   itk::Image<float, 3u>
  Reference Count: 2
  Modified Time: 2145
  Debug: Off
  Object Name: 
  Observers: 
    none
  Source: (none)
  Source output name: (none)
  Release Data: Off
  Data Released: False
  Global Release Data: Off
  PipelineMTime: 0
  UpdateMTime: 1930
  RealTimeStamp: 0 seconds 
  LargestPossibleRegion: 
    Dimension: 3
    Index: [0, 0, 0]
    Size: [193, 229, 193]
  BufferedRegion: 
    Dimension: 3
    Index: [0, 0, 0]
    Size: [193, 229, 193]
  RequestedRegion: 
    Dimension: 3
    Index: [0, 0, 0]
    Size: [193, 229, 193]
  Spacing: [1, 1, 1]
  Origin: [96, 132, -78]
  Direction: 
-1 0 0
0 -1 0
0 0 1

  IndexToPointMatrix: 
-1 0 0
0 -1 0
0 0 1

  PointToIndexMatrix: 
-1 0 0
0 -1 0
0 0 1

  Inverse Direction: 
-1 0 0
0 -1 0
0 0 1

  PixelContainer: 
    ImportImageContainer (0x56055ccf4280)
      RTTI typeinfo:   itk::ImportImageContainer<unsigned long, float>
      Reference Count: 1
      Modified Time: 1927
      Debug: Off
      Object Name: 
      Observers: 
        none
      Pointer: 0x7fb2bf1fe010
      Container manages memory: true
      Size: 8530021
      Capacity: 8530021

     Moving image = Image (0x56055ccf0120)
  RTTI typeinfo:   itk::Image<float, 3u>
  Reference Count: 2
  Modified Time: 2146
  Debug: Off
  Object Name: 
  Observers: 
    none
  Source: (none)
  Source output name: (none)
  Release Data: Off
  Data Released: False
  Global Release Data: Off
  PipelineMTime: 0
  UpdateMTime: 2143
  RealTimeStamp: 0 seconds 
  LargestPossibleRegion: 
    Dimension: 3
    Index: [0, 0, 0]
    Size: [160, 240, 256]
  BufferedRegion: 
    Dimension: 3
    Index: [0, 0, 0]
    Size: [160, 240, 256]
  RequestedRegion: 
    Dimension: 3
    Index: [0, 0, 0]
    Size: [160, 240, 256]
  Spacing: [1, 1, 1]
  Origin: [78.2143, 95.8571, -127]
  Direction: 
-1 0 0
0 -1 0
0 0 1

  IndexToPointMatrix: 
-1 0 0
0 -1 0
0 0 1

  PointToIndexMatrix: 
-1 0 0
0 -1 0
0 0 1

  Inverse Direction: 
-1 0 0
0 -1 0
0 0 1

  PixelContainer: 
    ImportImageContainer (0x56055cd54f10)
      RTTI typeinfo:   itk::ImportImageContainer<unsigned long, float>
      Reference Count: 1
      Modified Time: 2140
      Debug: Off
      Object Name: 
      Observers: 
        none
      Pointer: 0x7fb2bcc7d010
      Container manages memory: true
      Size: 9830400
      Capacity: 9830400

     Weighting = 1
     Sampling strategy = regular
     Number of bins = 32
     Radius = 4
     Sampling percentage  = 0.25
   Transform = Affine
     Gradient step = 0.1
     Update field sigma (voxel space) = 0
     Total field sigma (voxel space) = 0
     Update field time sigma = 0
     Total field time sigma  = 0
     Number of time indices = 0
     Number of time point samples = 0
Stage 3 State
   Image metric = CC
     Fixed image = Image (0x56055cd40d70)
  RTTI typeinfo:   itk::Image<float, 3u>
  Reference Count: 2
  Modified Time: 2573
  Debug: Off
  Object Name: 
  Observers: 
    none
  Source: (none)
  Source output name: (none)
  Release Data: Off
  Data Released: False
  Global Release Data: Off
  PipelineMTime: 0
  UpdateMTime: 2358
  RealTimeStamp: 0 seconds 
  LargestPossibleRegion: 
    Dimension: 3
    Index: [0, 0, 0]
    Size: [193, 229, 193]
  BufferedRegion: 
    Dimension: 3
    Index: [0, 0, 0]
    Size: [193, 229, 193]
  RequestedRegion: 
    Dimension: 3
    Index: [0, 0, 0]
    Size: [193, 229, 193]
  Spacing: [1, 1, 1]
  Origin: [96, 132, -78]
  Direction: 
-1 0 0
0 -1 0
0 0 1

  IndexToPointMatrix: 
-1 0 0
0 -1 0
0 0 1

  PointToIndexMatrix: 
-1 0 0
0 -1 0
0 0 1

  Inverse Direction: 
-1 0 0
0 -1 0
0 0 1

  PixelContainer: 
    ImportImageContainer (0x56055cd523c0)
      RTTI typeinfo:   itk::ImportImageContainer<unsigned long, float>
      Reference Count: 1
      Modified Time: 2355
      Debug: Off
      Object Name: 
      Observers: 
        none
      Pointer: 0x7fb2babf2010
      Container manages memory: true
      Size: 8530021
      Capacity: 8530021

     Moving image = Image (0x56055cd54140)
  RTTI typeinfo:   itk::Image<float, 3u>
  Reference Count: 2
  Modified Time: 2574
  Debug: Off
  Object Name: 
  Observers: 
    none
  Source: (none)
  Source output name: (none)
  Release Data: Off
  Data Released: False
  Global Release Data: Off
  PipelineMTime: 0
  UpdateMTime: 2571
  RealTimeStamp: 0 seconds 
  LargestPossibleRegion: 
    Dimension: 3
    Index: [0, 0, 0]
    Size: [160, 240, 256]
  BufferedRegion: 
    Dimension: 3
    Index: [0, 0, 0]
    Size: [160, 240, 256]
  RequestedRegion: 
    Dimension: 3
    Index: [0, 0, 0]
    Size: [160, 240, 256]
  Spacing: [1, 1, 1]
  Origin: [78.2143, 95.8571, -127]
  Direction: 
-1 0 0
0 -1 0
0 0 1

  IndexToPointMatrix: 
-1 0 0
0 -1 0
0 0 1

  PointToIndexMatrix: 
-1 0 0
0 -1 0
0 0 1

  Inverse Direction: 
-1 0 0
0 -1 0
0 0 1

  PixelContainer: 
    ImportImageContainer (0x56055ccf21c0)
      RTTI typeinfo:   itk::ImportImageContainer<unsigned long, float>
      Reference Count: 1
      Modified Time: 2568
      Debug: Off
      Object Name: 
      Observers: 
        none
      Pointer: 0x7fb2b8671010
      Container manages memory: true
      Size: 9830400
      Capacity: 9830400

     Weighting = 1
     Sampling strategy = none
     Number of bins = 32
     Radius = 4
     Sampling percentage  = 1
   Transform = SyN
     Gradient step = 0.1
     Update field sigma (voxel space) = 3
     Total field sigma (voxel space) = 0
     Update field time sigma = 0
     Total field time sigma  = 0
     Number of time indices = 0
     Number of time point samples = 0
Registration using 3 total stages.

Stage 0
  iterations = 1000x500x250x100
  convergence threshold = 1e-06
  convergence window size = 10
  number of levels = 4
  using the Mattes MI metric (number of bins = 32, weight = 1, use gradient filter = 0)
  preprocessing:  winsorizing the image intensities
  Shrink factors (level 1 out of 4): [8, 8, 8]
  Shrink factors (level 2 out of 4): [4, 4, 4]
  Shrink factors (level 3 out of 4): [2, 2, 2]
  Shrink factors (level 4 out of 4): [1, 1, 1]
  smoothing sigmas per level: [3, 2, 1, 0]
  regular sampling (percentage = 0.25)

*** Running Euler3DTransform registration ***

DIAGNOSTIC,Iteration,metricValue,convergenceValue,ITERATION_TIME_INDEX,SINCE_LAST
 2DIAGNOSTIC,     1, -6.426455974579e-01, inf, 1.6571e-01, 1.6571e-01, 
 2DIAGNOSTIC,     2, -6.438893079758e-01, inf, 1.7084e-01, 5.1239e-03, 
 2DIAGNOSTIC,     3, -6.462766528130e-01, inf, 1.7683e-01, 5.9919e-03, 
 2DIAGNOSTIC,     4, -6.500307917595e-01, inf, 1.8259e-01, 5.7659e-03, 
 2DIAGNOSTIC,     5, -6.528202891350e-01, inf, 1.8801e-01, 5.4178e-03, 
 2DIAGNOSTIC,     6, -6.566165685654e-01, inf, 1.9543e-01, 7.4170e-03, 
 2DIAGNOSTIC,     7, -6.585578322411e-01, inf, 2.0268e-01, 7.2479e-03, 
 2DIAGNOSTIC,     8, -6.605128645897e-01, inf, 2.0876e-01, 6.0818e-03, 
 2DIAGNOSTIC,     9, -6.638643145561e-01, inf, 2.1629e-01, 7.5328e-03, 
 2DIAGNOSTIC,    10, -6.655611395836e-01, 2.391710411757e-03, 2.3417e-01, 1.7883e-02, 
 2DIAGNOSTIC,    11, -6.668716669083e-01, 2.110686618835e-03, 2.4114e-01, 6.9709e-03, 
 2DIAGNOSTIC,    12, -6.737408638000e-01, 1.979826018214e-03, 2.4843e-01, 7.2899e-03, 
 2DIAGNOSTIC,    13, -6.808813214302e-01, 1.999016618356e-03, 2.5606e-01, 7.6261e-03, 
 2DIAGNOSTIC,    14, -6.823496818542e-01, 1.989423530176e-03, 2.6192e-01, 5.8560e-03, 
 2DIAGNOSTIC,    15, -6.823354959488e-01, 1.881211996078e-03, 2.6960e-01, 7.6871e-03, 
 2DIAGNOSTIC,    16, -6.829006075859e-01, 1.734436606057e-03, 2.7679e-01, 7.1840e-03, 
 2DIAGNOSTIC,    17, -6.841765642166e-01, 1.523778890260e-03, 2.8697e-01, 1.0178e-02, 
 2DIAGNOSTIC,    18, -6.841170191765e-01, 1.236210111529e-03, 2.9395e-01, 6.9871e-03, 
 2DIAGNOSTIC,    19, -6.842907071114e-01, 9.458157001063e-04, 3.0037e-01, 6.4151e-03, 
 2DIAGNOSTIC,    20, -6.844124794006e-01, 6.399136036634e-04, 3.0749e-01, 7.1261e-03, 
 2DIAGNOSTIC,    21, -6.845863461494e-01, 3.324298013467e-04, 3.1468e-01, 7.1888e-03, 
 2DIAGNOSTIC,    22, -6.847680807114e-01, 1.547843858134e-04, 3.2155e-01, 6.8660e-03, 
 2DIAGNOSTIC,    23, -6.856108307838e-01, 1.252094953088e-04, 3.3151e-01, 9.9590e-03, 
 2DIAGNOSTIC,    24, -6.856352686882e-01, 1.130373420892e-04, 3.5188e-01, 2.0370e-02, 
 2DIAGNOSTIC,    25, -6.856347918510e-01, 9.125717042480e-05, 3.5897e-01, 7.0908e-03, 
 2DIAGNOSTIC,    26, -6.856350302696e-01, 7.153837941587e-05, 3.6708e-01, 8.1110e-03, 
 2DIAGNOSTIC,    27, -6.856350898743e-01, 6.667034176644e-05, 3.7467e-01, 7.5941e-03, 
 2DIAGNOSTIC,    28, -6.856352090836e-01, 5.485271321959e-05, 3.8097e-01, 6.3009e-03, 
 2DIAGNOSTIC,    29, -6.856350302696e-01, 4.129541775910e-05, 3.8704e-01, 6.0680e-03, 
 2DIAGNOSTIC,    30, -6.856353878975e-01, 2.673299604794e-05, 3.9466e-01, 7.6129e-03, 
 2DIAGNOSTIC,    31, -6.856361031532e-01, 1.314786823059e-05, 4.0140e-01, 6.7410e-03, 
 2DIAGNOSTIC,    32, -6.856362819672e-01, 1.361695922242e-06, 4.0855e-01, 7.1561e-03, 
 2DIAGNOSTIC,    33, -6.856361627579e-01, 1.018921693685e-06, 4.1726e-01, 8.7080e-03, 
DIAGNOSTIC,Iteration,metricValue,convergenceValue,ITERATION_TIME_INDEX,SINCE_LAST
 2DIAGNOSTIC,     1, -5.812897682190e-01, inf, 5.6033e-01, 1.4306e-01, 
 2DIAGNOSTIC,     2, -5.813738107681e-01, inf, 5.7305e-01, 1.2720e-02, 
 2DIAGNOSTIC,     3, -5.815472602844e-01, inf, 5.9075e-01, 1.7706e-02, 
 2DIAGNOSTIC,     4, -5.815620422363e-01, inf, 6.0089e-01, 1.0140e-02, 
 2DIAGNOSTIC,     5, -5.815973877907e-01, inf, 6.1084e-01, 9.9468e-03, 
 2DIAGNOSTIC,     6, -5.818799138069e-01, inf, 6.2147e-01, 1.0627e-02, 
 2DIAGNOSTIC,     7, -5.819576978683e-01, inf, 6.3081e-01, 9.3439e-03, 
 2DIAGNOSTIC,     8, -5.822982788086e-01, inf, 6.4002e-01, 9.2061e-03, 
 2DIAGNOSTIC,     9, -5.827414393425e-01, inf, 6.5159e-01, 1.1576e-02, 
 2DIAGNOSTIC,    10, -5.829206109047e-01, 1.782381878002e-04, 6.5989e-01, 8.2960e-03, 
 2DIAGNOSTIC,    11, -5.830381512642e-01, 1.818934542825e-04, 6.6821e-01, 8.3201e-03, 
 2DIAGNOSTIC,    12, -5.831311345100e-01, 1.760158338584e-04, 6.7664e-01, 8.4350e-03, 
 2DIAGNOSTIC,    13, -5.832268595695e-01, 1.654455991229e-04, 6.8457e-01, 7.9260e-03, 
 2DIAGNOSTIC,    14, -5.834957361221e-01, 1.512788003311e-04, 6.9457e-01, 1.0006e-02, 
 2DIAGNOSTIC,    15, -5.835179090500e-01, 1.268916967092e-04, 7.0457e-01, 9.9959e-03, 
 2DIAGNOSTIC,    16, -5.833928585052e-01, 9.923572361004e-05, 7.1298e-01, 8.4071e-03, 
 2DIAGNOSTIC,    17, -5.836169123650e-01, 7.467294926755e-05, 7.2124e-01, 8.2600e-03, 
 2DIAGNOSTIC,    18, -5.841864347458e-01, 7.026276580291e-05, 7.3137e-01, 1.0132e-02, 
 2DIAGNOSTIC,    19, -5.845761895180e-01, 8.076553058345e-05, 7.4320e-01, 1.1834e-02, 
 2DIAGNOSTIC,    20, -5.845898985863e-01, 8.751526911510e-05, 7.5498e-01, 1.1777e-02, 
 2DIAGNOSTIC,    21, -5.845982432365e-01, 8.894970960682e-05, 7.6690e-01, 1.1924e-02, 
 2DIAGNOSTIC,    22, -5.846308469772e-01, 8.491126936860e-05, 7.7902e-01, 1.2112e-02, 
 2DIAGNOSTIC,    23, -5.846275687218e-01, 7.490999996662e-05, 7.8948e-01, 1.0467e-02, 
 2DIAGNOSTIC,    24, -5.846154093742e-01, 6.393209332600e-05, 7.9739e-01, 7.9060e-03, 
 2DIAGNOSTIC,    25, -5.846841931343e-01, 5.001582030673e-05, 8.0858e-01, 1.1187e-02, 
 2DIAGNOSTIC,    26, -5.846814513206e-01, 3.027474667761e-05, 8.1989e-01, 1.1312e-02, 
 2DIAGNOSTIC,    27, -5.847185254097e-01, 1.377269927616e-05, 8.2855e-01, 8.6601e-03, 
 2DIAGNOSTIC,    28, -5.847127437592e-01, 6.884981303301e-06, 8.3796e-01, 9.4149e-03, 
 2DIAGNOSTIC,    29, -5.846858620644e-01, 6.039637810318e-06, 8.4746e-01, 9.4960e-03, 
 2DIAGNOSTIC,    30, -5.847052335739e-01, 5.325701295078e-06, 8.5647e-01, 9.0151e-03, 
 2DIAGNOSTIC,    31, -5.846890211105e-01, 4.091562004760e-06, 8.6582e-01, 9.3460e-03, 
 2DIAGNOSTIC,    32, -5.847114920616e-01, 3.493935992083e-06, 8.7305e-01, 7.2331e-03, 
 2DIAGNOSTIC,    33, -5.846939086914e-01, 2.397710204605e-06, 8.8119e-01, 8.1360e-03, 
 2DIAGNOSTIC,    34, -5.847290754318e-01, 1.552682533656e-06, 8.9014e-01, 8.9550e-03, 
 2DIAGNOSTIC,    35, -5.847194790840e-01, 1.512989229013e-06, 9.0205e-01, 1.1905e-02, 
 2DIAGNOSTIC,    36, -5.847095251083e-01, 1.232367822013e-06, 9.1360e-01, 1.1551e-02, 
 2DIAGNOSTIC,    37, -5.847453474998e-01, 1.901775704027e-06, 9.2341e-01, 9.8100e-03, 
 2DIAGNOSTIC,    38, -5.847897529602e-01, 2.925512717411e-06, 9.3347e-01, 1.0061e-02, 
 2DIAGNOSTIC,    39, -5.848081111908e-01, 3.567924522940e-06, 9.4254e-01, 9.0690e-03, 
 2DIAGNOSTIC,    40, -5.848896503448e-01, 5.157533905731e-06, 9.5647e-01, 1.3933e-02, 
 2DIAGNOSTIC,    41, -5.848468542099e-01, 5.533661806112e-06, 9.6437e-01, 7.8940e-03, 
 2DIAGNOSTIC,    42, -5.848371386528e-01, 5.615026566375e-06, 9.7276e-01, 8.3950e-03, 
 2DIAGNOSTIC,    43, -5.848165750504e-01, 4.783799340657e-06, 9.8259e-01, 9.8250e-03, 
 2DIAGNOSTIC,    44, -5.848180055618e-01, 4.005867140222e-06, 9.9223e-01, 9.6440e-03, 
 2DIAGNOSTIC,    45, -5.848290324211e-01, 2.961062591567e-06, 1.0035e+00, 1.1252e-02, 
 2DIAGNOSTIC,    46, -5.848291516304e-01, 1.638149797145e-06, 1.0145e+00, 1.0984e-02, 
DIAGNOSTIC,Iteration,metricValue,convergenceValue,ITERATION_TIME_INDEX,SINCE_LAST
 2DIAGNOSTIC,     1, -4.924306273460e-01, inf, 1.3650e+00, 3.5056e-01, 
 2DIAGNOSTIC,     2, -4.924319386482e-01, inf, 1.4368e+00, 7.1788e-02, 
 2DIAGNOSTIC,     3, -4.924315512180e-01, inf, 1.4852e+00, 4.8414e-02, 
 2DIAGNOSTIC,     4, -4.924297630787e-01, inf, 1.5465e+00, 6.1287e-02, 
 2DIAGNOSTIC,     5, -4.924304485321e-01, inf, 1.5941e+00, 4.7551e-02, 
 2DIAGNOSTIC,     6, -4.924297332764e-01, inf, 1.6317e+00, 3.7669e-02, 
 2DIAGNOSTIC,     7, -4.924292862415e-01, inf, 1.6854e+00, 5.3661e-02, 
 2DIAGNOSTIC,     8, -4.924296736717e-01, inf, 1.7309e+00, 4.5550e-02, 
 2DIAGNOSTIC,     9, -4.924289882183e-01, inf, 1.7686e+00, 3.7640e-02, 
 2DIAGNOSTIC,    10, -4.924277961254e-01, 2.773067762973e-06, 1.8164e+00, 4.7827e-02, 
 2DIAGNOSTIC,    11, -4.924280941486e-01, 2.466583509886e-06, 1.8590e+00, 4.2573e-02, 
 2DIAGNOSTIC,    12, -4.924286305904e-01, 2.336994839425e-06, 1.9016e+00, 4.2588e-02, 
 2DIAGNOSTIC,    13, -4.924269020557e-01, 2.162380724258e-06, 1.9453e+00, 4.3752e-02, 
 2DIAGNOSTIC,    14, -4.924260377884e-01, 1.930848611664e-06, 1.9910e+00, 4.5721e-02, 
 2DIAGNOSTIC,    15, -4.924252331257e-01, 1.758899429660e-06, 2.0521e+00, 6.1100e-02, 
 2DIAGNOSTIC,    16, -4.924252331257e-01, 1.615389351173e-06, 2.0962e+00, 4.4073e-02, 
 2DIAGNOSTIC,    17, -4.924253225327e-01, 1.508684590590e-06, 2.1497e+00, 5.3527e-02, 
 2DIAGNOSTIC,    18, -4.924255013466e-01, 1.466274966333e-06, 2.1935e+00, 4.3705e-02, 
 2DIAGNOSTIC,    19, -4.924252927303e-01, 1.431080477232e-06, 2.2407e+00, 4.7269e-02, 
 2DIAGNOSTIC,    20, -4.924254417419e-01, 1.391783484905e-06, 2.2785e+00, 3.7825e-02, 
 2DIAGNOSTIC,    21, -4.924245178699e-01, 1.356124926133e-06, 2.3234e+00, 4.4845e-02, 
 2DIAGNOSTIC,    22, -4.924235939980e-01, 1.329632368652e-06, 2.3749e+00, 5.1467e-02, 
 2DIAGNOSTIC,    23, -4.924234747887e-01, 1.270713028134e-06, 2.4261e+00, 5.1205e-02, 
 2DIAGNOSTIC,    24, -4.924235343933e-01, 1.207978584716e-06, 2.4655e+00, 3.9407e-02, 
 2DIAGNOSTIC,    25, -4.924234747887e-01, 1.141049096987e-06, 2.5126e+00, 4.7102e-02, 
 2DIAGNOSTIC,    26, -4.924238324165e-01, 1.099895939660e-06, 2.5599e+00, 4.7348e-02, 
 2DIAGNOSTIC,    27, -4.924235343933e-01, 1.069062136594e-06, 2.6049e+00, 4.4966e-02, 
 2DIAGNOSTIC,    28, -4.924232959747e-01, 1.049693082678e-06, 2.6583e+00, 5.3456e-02, 
 2DIAGNOSTIC,    29, -4.924234449863e-01, 1.038197183334e-06, 2.7041e+00, 4.5732e-02, 
 2DIAGNOSTIC,    30, -4.924234151840e-01, 1.035326931742e-06, 2.7522e+00, 4.8075e-02, 
 2DIAGNOSTIC,    31, -4.924235045910e-01, 1.019846308736e-06, 2.7995e+00, 4.7306e-02, 
DIAGNOSTIC,Iteration,metricValue,convergenceValue,ITERATION_TIME_INDEX,SINCE_LAST
 2DIAGNOSTIC,     1, -4.434549510479e-01, inf, 3.5913e+00, 7.9188e-01, 
 2DIAGNOSTIC,     2, -4.435433745384e-01, inf, 3.8077e+00, 2.1640e-01, 
 2DIAGNOSTIC,     3, -4.436148107052e-01, inf, 4.1691e+00, 3.6133e-01, 
 2DIAGNOSTIC,     4, -4.436137080193e-01, inf, 4.4001e+00, 2.3100e-01, 
 2DIAGNOSTIC,     5, -4.436132013798e-01, inf, 4.6335e+00, 2.3348e-01, 
 2DIAGNOSTIC,     6, -4.436123073101e-01, inf, 4.8814e+00, 2.4785e-01, 
 2DIAGNOSTIC,     7, -4.436121582985e-01, inf, 5.1257e+00, 2.4426e-01, 
 2DIAGNOSTIC,     8, -4.436092674732e-01, inf, 5.3548e+00, 2.2920e-01, 
 2DIAGNOSTIC,     9, -4.436087608337e-01, inf, 5.6327e+00, 2.7781e-01, 
 2DIAGNOSTIC,    10, -4.436068832874e-01, 1.626973607927e-05, 5.8584e+00, 2.2577e-01, 
 2DIAGNOSTIC,    11, -4.436070919037e-01, 5.889142812521e-06, 6.1167e+00, 2.5827e-01, 
 2DIAGNOSTIC,    12, -4.436070024967e-01, 1.574676048222e-06, 6.3250e+00, 2.0829e-01, 
 2DIAGNOSTIC,    13, -4.436064064503e-01, 1.514308337391e-06, 6.5319e+00, 2.0688e-01, 
 2DIAGNOSTIC,    14, -4.436074495316e-01, 1.546707835587e-06, 6.8110e+00, 2.7909e-01, 
 2DIAGNOSTIC,    15, -4.436085224152e-01, 1.663966372689e-06, 7.0562e+00, 2.4526e-01, 
 2DIAGNOSTIC,    16, -4.436077475548e-01, 1.739109279697e-06, 7.3045e+00, 2.4826e-01, 
 2DIAGNOSTIC,    17, -4.436081349850e-01, 1.841140488068e-06, 7.5625e+00, 2.5798e-01, 
 2DIAGNOSTIC,    18, -4.436080157757e-01, 1.827432242862e-06, 7.8123e+00, 2.4982e-01, 
 2DIAGNOSTIC,    19, -4.436079263687e-01, 1.790536089175e-06, 8.0573e+00, 2.4500e-01, 
 2DIAGNOSTIC,    20, -4.436078965664e-01, 1.684510948508e-06, 8.3246e+00, 2.6728e-01, 
 2DIAGNOSTIC,    21, -4.436079263687e-01, 1.587645556356e-06, 8.5644e+00, 2.3981e-01, 
 2DIAGNOSTIC,    22, -4.436076879501e-01, 1.484440758759e-06, 8.7886e+00, 2.2427e-01, 
 2DIAGNOSTIC,    23, -4.436075091362e-01, 1.364409513371e-06, 9.0619e+00, 2.7320e-01, 
 2DIAGNOSTIC,    24, -4.436075389385e-01, 1.283996766688e-06, 9.3141e+00, 2.5229e-01, 
 2DIAGNOSTIC,    25, -4.436075389385e-01, 1.241885343006e-06, 9.5566e+00, 2.4248e-01, 
 2DIAGNOSTIC,    26, -4.436073601246e-01, 1.181989205179e-06, 9.8166e+00, 2.6001e-01, 
 2DIAGNOSTIC,    27, -4.436073601246e-01, 1.139916889770e-06, 1.0053e+01, 2.3668e-01, 
 2DIAGNOSTIC,    28, -4.436073005199e-01, 1.100464942283e-06, 1.0263e+01, 2.0951e-01, 
 2DIAGNOSTIC,    29, -4.436080157757e-01, 1.080841798284e-06, 1.0485e+01, 2.2267e-01, 
 2DIAGNOSTIC,    30, -4.436073005199e-01, 1.047553155331e-06, 1.0721e+01, 2.3587e-01, 
 2DIAGNOSTIC,    31, -4.436082243919e-01, 1.038082018567e-06, 1.0969e+01, 2.4746e-01, 
 2DIAGNOSTIC,    32, -4.436076283455e-01, 1.011024323816e-06, 1.1213e+01, 2.4384e-01, 
  Elapsed time (stage 0): 1.1467e+01


Stage 1
  iterations = 1000x500x250x100
  convergence threshold = 1.0000e-06
  convergence window size = 10
  number of levels = 4
  using the Mattes MI metric (number of bins = 32, weight = 1.0000e+00, use gradient filter = 0)
  preprocessing:  winsorizing the image intensities
  Shrink factors (level 1 out of 4): [8, 8, 8]
  Shrink factors (level 2 out of 4): [4, 4, 4]
  Shrink factors (level 3 out of 4): [2, 2, 2]
  Shrink factors (level 4 out of 4): [1, 1, 1]
  smoothing sigmas per level: [3, 2, 1, 0]
  regular sampling (percentage = 2.5000e-01)

*** Running AffineTransform registration ***

DIAGNOSTIC,Iteration,metricValue,convergenceValue,ITERATION_TIME_INDEX,SINCE_LAST
 2DIAGNOSTIC,     1, -6.856946349144e-01, inf, 1.0902e-01, 1.0902e-01, 
 2DIAGNOSTIC,     2, -6.878930926323e-01, inf, 1.1673e-01, 7.7178e-03, 
 2DIAGNOSTIC,     3, -6.920364499092e-01, inf, 1.2406e-01, 7.3230e-03, 
 2DIAGNOSTIC,     4, -6.984457969666e-01, inf, 1.3183e-01, 7.7679e-03, 
 2DIAGNOSTIC,     5, -7.091609835625e-01, inf, 1.3947e-01, 7.6439e-03, 
 2DIAGNOSTIC,     6, -7.266768813133e-01, inf, 1.4628e-01, 6.8119e-03, 
 2DIAGNOSTIC,     7, -7.676405310631e-01, inf, 1.5601e-01, 9.7270e-03, 
 2DIAGNOSTIC,     8, -9.022758603096e-01, inf, 1.6590e-01, 9.8932e-03, 
 2DIAGNOSTIC,     9, -9.494729638100e-01, inf, 1.7297e-01, 7.0639e-03, 
 2DIAGNOSTIC,    10, -9.757535457611e-01, 2.557618170977e-02, 1.8189e-01, 8.9278e-03, 
 2DIAGNOSTIC,    11, -9.855619072914e-01, 2.650238759816e-02, 1.9250e-01, 1.0603e-02, 
 2DIAGNOSTIC,    12, -9.881631731987e-01, 2.503476664424e-02, 2.0158e-01, 9.0878e-03, 
 2DIAGNOSTIC,    13, -9.885787963867e-01, 2.168267406523e-02, 2.1024e-01, 8.6560e-03, 
 2DIAGNOSTIC,    14, -9.884070158005e-01, 1.708814874291e-02, 2.2002e-01, 9.7780e-03, 
 2DIAGNOSTIC,    15, -9.882845282555e-01, 1.193720661104e-02, 2.3051e-01, 1.0491e-02, 
 2DIAGNOSTIC,    16, -9.881777763367e-01, 6.825238000602e-03, 2.3814e-01, 7.6258e-03, 
 2DIAGNOSTIC,    17, -9.882538318634e-01, 2.513459883630e-03, 2.4666e-01, 8.5289e-03, 
 2DIAGNOSTIC,    18, -9.883174896240e-01, 9.366915328428e-04, 2.5431e-01, 7.6461e-03, 
 2DIAGNOSTIC,    19, -9.881973266602e-01, 2.523727889638e-04, 2.6309e-01, 8.7771e-03, 
 2DIAGNOSTIC,    20, -9.882646799088e-01, 4.133355469094e-05, 2.7278e-01, 9.6891e-03, 
DIAGNOSTIC,Iteration,metricValue,convergenceValue,ITERATION_TIME_INDEX,SINCE_LAST
 2DIAGNOSTIC,     1, -7.788459658623e-01, inf, 4.0914e-01, 1.3637e-01, 
 2DIAGNOSTIC,     2, -7.796941995621e-01, inf, 4.2100e-01, 1.1862e-02, 
 2DIAGNOSTIC,     3, -7.806560993195e-01, inf, 4.3416e-01, 1.3155e-02, 
 2DIAGNOSTIC,     4, -7.817702293396e-01, inf, 4.4599e-01, 1.1831e-02, 
 2DIAGNOSTIC,     5, -7.833684682846e-01, inf, 4.5879e-01, 1.2795e-02, 
 2DIAGNOSTIC,     6, -7.848604917526e-01, inf, 4.7510e-01, 1.6318e-02, 
 2DIAGNOSTIC,     7, -7.848544120789e-01, inf, 4.9084e-01, 1.5741e-02, 
 2DIAGNOSTIC,     8, -7.848541736603e-01, inf, 5.0133e-01, 1.0482e-02, 
 2DIAGNOSTIC,     9, -7.848573923111e-01, inf, 5.1360e-01, 1.2276e-02, 
 2DIAGNOSTIC,    10, -7.848639488220e-01, 5.536411190405e-04, 5.2494e-01, 1.1333e-02, 
 2DIAGNOSTIC,    11, -7.848749160767e-01, 3.895033150911e-04, 5.3636e-01, 1.1429e-02, 
 2DIAGNOSTIC,    12, -7.848917841911e-01, 2.444714482408e-04, 5.4796e-01, 1.1594e-02, 
 2DIAGNOSTIC,    13, -7.848950624466e-01, 1.272230874747e-04, 5.5834e-01, 1.0386e-02, 
 2DIAGNOSTIC,    14, -7.849097847939e-01, 4.395675205160e-05, 5.6845e-01, 1.0108e-02, 
 2DIAGNOSTIC,    15, -7.849363684654e-01, 6.255086191231e-06, 5.7839e-01, 9.9390e-03, 
 2DIAGNOSTIC,    16, -7.849647402763e-01, 7.346101028816e-06, 5.9050e-01, 1.2110e-02, 
 2DIAGNOSTIC,    17, -7.850280404091e-01, 9.026869520312e-06, 6.0059e-01, 1.0090e-02, 
 2DIAGNOSTIC,    18, -7.850590944290e-01, 1.045958833856e-05, 6.1025e-01, 9.6610e-03, 
 2DIAGNOSTIC,    19, -7.851051688194e-01, 1.188041187561e-05, 6.2039e-01, 1.0137e-02, 
 2DIAGNOSTIC,    20, -7.851734757423e-01, 1.355730637442e-05, 6.3149e-01, 1.1100e-02, 
 2DIAGNOSTIC,    21, -7.851933836937e-01, 1.445969974156e-05, 6.4187e-01, 1.0385e-02, 
 2DIAGNOSTIC,    22, -7.852274775505e-01, 1.491501916462e-05, 6.5437e-01, 1.2500e-02, 
 2DIAGNOSTIC,    23, -7.852195501328e-01, 1.399441771355e-05, 6.6892e-01, 1.4547e-02, 
 2DIAGNOSTIC,    24, -7.852133512497e-01, 1.210382379213e-05, 6.8177e-01, 1.2844e-02, 
 2DIAGNOSTIC,    25, -7.851927280426e-01, 9.434768799110e-06, 6.9531e-01, 1.3541e-02, 
 2DIAGNOSTIC,    26, -7.851952314377e-01, 6.619859959756e-06, 7.0835e-01, 1.3040e-02, 
 2DIAGNOSTIC,    27, -7.851668000221e-01, 3.970097168349e-06, 7.2318e-01, 1.4831e-02, 
 2DIAGNOSTIC,    28, -7.851533889771e-01, 1.479658976677e-06, 7.3630e-01, 1.3118e-02, 
DIAGNOSTIC,Iteration,metricValue,convergenceValue,ITERATION_TIME_INDEX,SINCE_LAST
 2DIAGNOSTIC,     1, -6.565576791763e-01, inf, 9.8846e-01, 2.5216e-01, 
 2DIAGNOSTIC,     2, -6.573193669319e-01, inf, 1.0442e+00, 5.5700e-02, 
 2DIAGNOSTIC,     3, -6.577663421631e-01, inf, 1.1022e+00, 5.8016e-02, 
 2DIAGNOSTIC,     4, -6.583953499794e-01, inf, 1.1554e+00, 5.3196e-02, 
 2DIAGNOSTIC,     5, -6.585065722466e-01, inf, 1.2145e+00, 5.9176e-02, 
 2DIAGNOSTIC,     6, -6.587383747101e-01, inf, 1.2683e+00, 5.3735e-02, 
 2DIAGNOSTIC,     7, -6.591720581055e-01, inf, 1.3642e+00, 9.5882e-02, 
 2DIAGNOSTIC,     8, -6.591683626175e-01, inf, 1.4215e+00, 5.7337e-02, 
 2DIAGNOSTIC,     9, -6.591663956642e-01, inf, 1.4896e+00, 6.8071e-02, 
 2DIAGNOSTIC,    10, -6.591665148735e-01, 2.452502376400e-04, 1.5472e+00, 5.7676e-02, 
 2DIAGNOSTIC,    11, -6.591650247574e-01, 1.594864734216e-04, 1.6056e+00, 5.8394e-02, 
 2DIAGNOSTIC,    12, -6.591640114784e-01, 1.009328698274e-04, 1.6620e+00, 5.6380e-02, 
 2DIAGNOSTIC,    13, -6.591640114784e-01, 5.688029341400e-05, 1.7121e+00, 5.0097e-02, 
 2DIAGNOSTIC,    14, -6.591639518738e-01, 3.377510074642e-05, 1.7694e+00, 5.7266e-02, 
 2DIAGNOSTIC,    15, -6.591634750366e-01, 1.402043653798e-05, 1.8245e+00, 5.5098e-02, 
 2DIAGNOSTIC,    16, -6.591635346413e-01, 1.562271904731e-06, 1.8861e+00, 6.1663e-02, 
 2DIAGNOSTIC,    17, -6.591636538506e-01, 1.622625859454e-06, 1.9452e+00, 5.9071e-02, 
 2DIAGNOSTIC,    18, -6.591621041298e-01, 1.574275870553e-06, 2.0018e+00, 5.6581e-02, 
 2DIAGNOSTIC,    19, -6.591625809669e-01, 1.515430199106e-06, 2.0655e+00, 6.3687e-02, 
 2DIAGNOSTIC,    20, -6.591624021530e-01, 1.476212901252e-06, 2.1221e+00, 5.6640e-02, 
 2DIAGNOSTIC,    21, -6.591626405716e-01, 1.426038807040e-06, 2.1772e+00, 5.5090e-02, 
 2DIAGNOSTIC,    22, -6.591627597809e-01, 1.371138750983e-06, 2.2329e+00, 5.5670e-02, 
 2DIAGNOSTIC,    23, -6.591625809669e-01, 1.325053972323e-06, 2.3005e+00, 6.7623e-02, 
 2DIAGNOSTIC,    24, -6.591628193855e-01, 1.291979742746e-06, 2.3591e+00, 5.8558e-02, 
 2DIAGNOSTIC,    25, -6.591621041298e-01, 1.243627252734e-06, 2.4135e+00, 5.4426e-02, 
 2DIAGNOSTIC,    26, -6.591620445251e-01, 1.201795271299e-06, 2.4838e+00, 7.0285e-02, 
 2DIAGNOSTIC,    27, -6.591618657112e-01, 1.164874447568e-06, 2.5425e+00, 5.8727e-02, 
 2DIAGNOSTIC,    28, -6.591618657112e-01, 1.107747380047e-06, 2.5999e+00, 5.7436e-02, 
 2DIAGNOSTIC,    29, -6.591617465019e-01, 1.062692035703e-06, 2.6612e+00, 6.1229e-02, 
 2DIAGNOSTIC,    30, -6.591618061066e-01, 1.022254082272e-06, 2.7171e+00, 5.5945e-02, 
DIAGNOSTIC,Iteration,metricValue,convergenceValue,ITERATION_TIME_INDEX,SINCE_LAST
 2DIAGNOSTIC,     1, -5.806792974472e-01, inf, 3.5934e+00, 8.7629e-01, 
 2DIAGNOSTIC,     2, -5.812693834305e-01, inf, 3.9046e+00, 3.1120e-01, 
 2DIAGNOSTIC,     3, -5.818711519241e-01, inf, 4.2147e+00, 3.1013e-01, 
 2DIAGNOSTIC,     4, -5.828642845154e-01, inf, 4.5148e+00, 3.0006e-01, 
 2DIAGNOSTIC,     5, -5.830919146538e-01, inf, 4.8699e+00, 3.5510e-01, 
 2DIAGNOSTIC,     6, -5.831275582314e-01, inf, 5.1861e+00, 3.1622e-01, 
 2DIAGNOSTIC,     7, -5.831893086433e-01, inf, 5.4943e+00, 3.0819e-01, 
 2DIAGNOSTIC,     8, -5.832210183144e-01, inf, 5.8611e+00, 3.6674e-01, 
 2DIAGNOSTIC,     9, -5.832479596138e-01, inf, 6.2246e+00, 3.6359e-01, 
 2DIAGNOSTIC,    10, -5.832480192184e-01, 2.667488297448e-04, 6.6263e+00, 4.0161e-01, 
 2DIAGNOSTIC,    11, -5.832481980324e-01, 1.590528263478e-04, 6.9777e+00, 3.5145e-01, 
 2DIAGNOSTIC,    12, -5.832479596138e-01, 7.919899508124e-05, 7.3132e+00, 3.3550e-01, 
 2DIAGNOSTIC,    13, -5.832480788231e-01, 2.633517942741e-05, 7.6635e+00, 3.5032e-01, 
 2DIAGNOSTIC,    14, -5.832481980324e-01, 1.326240362687e-05, 8.1366e+00, 4.7307e-01, 
 2DIAGNOSTIC,    15, -5.832476615906e-01, 8.318105756189e-06, 8.4417e+00, 3.0515e-01, 
 2DIAGNOSTIC,    16, -5.832479000092e-01, 4.489302682487e-06, 8.8073e+00, 3.6559e-01, 
 2DIAGNOSTIC,    17, -5.832478404045e-01, 2.633647227412e-06, 9.1428e+00, 3.3545e-01, 
 2DIAGNOSTIC,    18, -5.832479596138e-01, 1.755206540111e-06, 9.5688e+00, 4.2598e-01, 
 2DIAGNOSTIC,    19, -5.832479596138e-01, 1.661774831518e-06, 1.0016e+01, 4.4675e-01, 
 2DIAGNOSTIC,    20, -5.832479000092e-01, 1.578991827955e-06, 1.0356e+01, 3.4075e-01, 
 2DIAGNOSTIC,    21, -5.832479000092e-01, 1.509685944256e-06, 1.0695e+01, 3.3892e-01, 
 2DIAGNOSTIC,    22, -5.832478404045e-01, 1.440368691874e-06, 1.1028e+01, 3.3329e-01, 
 2DIAGNOSTIC,    23, -5.832478404045e-01, 1.380047820021e-06, 1.1386e+01, 3.5717e-01, 
 2DIAGNOSTIC,    24, -5.832478404045e-01, 1.327854647570e-06, 1.1735e+01, 3.4906e-01, 
 2DIAGNOSTIC,    25, -5.832478404045e-01, 1.269099243473e-06, 1.2081e+01, 3.4607e-01, 
 2DIAGNOSTIC,    26, -5.832477211952e-01, 1.217533167619e-06, 1.2415e+01, 3.3391e-01, 
 2DIAGNOSTIC,    27, -5.832478404045e-01, 1.171473627437e-06, 1.2754e+01, 3.3890e-01, 
 2DIAGNOSTIC,    28, -5.832477807999e-01, 1.130326495513e-06, 1.3094e+01, 3.4059e-01, 
 2DIAGNOSTIC,    29, -5.832477211952e-01, 1.091635112971e-06, 1.3430e+01, 3.3608e-01, 
 2DIAGNOSTIC,    30, -5.832477211952e-01, 1.055136863215e-06, 1.3756e+01, 3.2571e-01, 
 2DIAGNOSTIC,    31, -5.832477211952e-01, 1.021548996505e-06, 1.4099e+01, 3.4347e-01, 
  Elapsed time (stage 1): 1.4350e+01


Stage 2
  iterations = 100x70x50x20
  convergence threshold = 1.0000e-06
  convergence window size = 10
  number of levels = 4
  using the CC metric (radius = 4, weight = 1.0000e+00, use gradient filter = 0)
  preprocessing:  winsorizing the image intensities
  Shrink factors (level 1 out of 4): [8, 8, 8]
  Shrink factors (level 2 out of 4): [4, 4, 4]
  Shrink factors (level 3 out of 4): [2, 2, 2]
  Shrink factors (level 4 out of 4): [1, 1, 1]
  smoothing sigmas per level: [3, 2, 1, 0]
  Using default NONE metricSamplingStrategy 

*** Running SyN registration (varianceForUpdateField = 3.0000e+00, varianceForTotalField = 0.0000e+00) ***

XXDIAGNOSTIC,Iteration,metricValue,convergenceValue,ITERATION_TIME_INDEX,SINCE_LAST
 1DIAGNOSTIC,     1, -9.604715108871e-01, inf, 1.6490e-01, 1.6490e-01, 
 1DIAGNOSTIC,     2, -9.660128951073e-01, inf, 2.5864e-01, 9.3738e-02, 
 1DIAGNOSTIC,     3, -9.705838561058e-01, inf, 3.5668e-01, 9.8045e-02, 
 1DIAGNOSTIC,     4, -9.736505150795e-01, inf, 4.5706e-01, 1.0038e-01, 
 1DIAGNOSTIC,     5, -9.762205481529e-01, inf, 5.5088e-01, 9.3821e-02, 
 1DIAGNOSTIC,     6, -9.786533117294e-01, inf, 6.4687e-01, 9.5987e-02, 
 1DIAGNOSTIC,     7, -9.803719520569e-01, inf, 7.3968e-01, 9.2807e-02, 
 1DIAGNOSTIC,     8, -9.818162918091e-01, inf, 8.2914e-01, 8.9463e-02, 
 1DIAGNOSTIC,     9, -9.829034209251e-01, inf, 9.2463e-01, 9.5492e-02, 
 1DIAGNOSTIC,    10, -9.838464260101e-01, 1.447080168873e-03, 1.0182e+00, 9.3595e-02, 
 1DIAGNOSTIC,    11, -9.842528104782e-01, 1.040860312060e-03, 1.1109e+00, 9.2692e-02, 
 1DIAGNOSTIC,    12, -9.845605492592e-01, 7.497349870391e-04, 1.1994e+00, 8.8451e-02, 
 1DIAGNOSTIC,    13, -9.845983386040e-01, 5.384688265622e-04, 1.2852e+00, 8.5845e-02, 
 1DIAGNOSTIC,    14, -9.849194288254e-01, 3.785213630181e-04, 1.3743e+00, 8.9075e-02, 
 1DIAGNOSTIC,    15, -9.849091768265e-01, 2.542916045059e-04, 1.4732e+00, 9.8956e-02, 
 1DIAGNOSTIC,    16, -9.851753115654e-01, 1.711624063319e-04, 1.5634e+00, 9.0108e-02, 
 1DIAGNOSTIC,    17, -9.851139783859e-01, 1.102170717786e-04, 1.6544e+00, 9.1000e-02, 
 1DIAGNOSTIC,    18, -9.852681756020e-01, 7.165739225456e-05, 1.7457e+00, 9.1373e-02, 
 1DIAGNOSTIC,    19, -9.852204918861e-01, 4.621424523066e-05, 1.8395e+00, 9.3767e-02, 
 1DIAGNOSTIC,    20, -9.853973388672e-01, 3.532288974384e-05, 1.9347e+00, 9.5186e-02, 
 1DIAGNOSTIC,    21, -9.853014945984e-01, 2.647547444212e-05, 2.0305e+00, 9.5858e-02, 
 1DIAGNOSTIC,    22, -9.854220747948e-01, 2.183030846936e-05, 2.1137e+00, 8.3195e-02, 
 1DIAGNOSTIC,    23, -9.853658676147e-01, 1.534067632747e-05, 2.1976e+00, 8.3878e-02, 
 1DIAGNOSTIC,    24, -9.854956269264e-01, 1.357157725579e-05, 2.3008e+00, 1.0323e-01, 
 1DIAGNOSTIC,    25, -9.854226708412e-01, 9.707253411761e-06, 2.3953e+00, 9.4417e-02, 
 1DIAGNOSTIC,    26, -9.855449795723e-01, 9.742851943884e-06, 2.4915e+00, 9.6294e-02, 
 1DIAGNOSTIC,    27, -9.854375123978e-01, 7.101212304406e-06, 2.5878e+00, 9.6250e-02, 
 1DIAGNOSTIC,    28, -9.855177402496e-01, 6.569444849447e-06, 2.6764e+00, 8.8645e-02, 
 1DIAGNOSTIC,    29, -9.854218959808e-01, 4.053782959090e-06, 2.7696e+00, 9.3156e-02, 
 1DIAGNOSTIC,    30, -9.855019450188e-01, 3.959002242482e-06, 2.8469e+00, 7.7257e-02, 
 1DIAGNOSTIC,    31, -9.854067564011e-01, 1.761303110470e-06, 2.9359e+00, 8.9082e-02, 
 1DIAGNOSTIC,    32, -9.854877591133e-01, 1.501615656707e-06, 3.0237e+00, 8.7761e-02, 
 1DIAGNOSTIC,    33, -9.854299426079e-01, 1.632415944641e-07, 3.1049e+00, 8.1223e-02, 
XXDIAGNOSTIC,Iteration,metricValue,convergenceValue,ITERATION_TIME_INDEX,SINCE_LAST
 1DIAGNOSTIC,     1, -9.518476128578e-01, inf, 3.6105e+00, 5.0556e-01, 
 1DIAGNOSTIC,     2, -9.539182782173e-01, inf, 4.0400e+00, 4.2955e-01, 
 1DIAGNOSTIC,     3, -9.562727212906e-01, inf, 4.4550e+00, 4.1498e-01, 
 1DIAGNOSTIC,     4, -9.586459398270e-01, inf, 4.8565e+00, 4.0152e-01, 
 1DIAGNOSTIC,     5, -9.604581594467e-01, inf, 5.2565e+00, 4.0000e-01, 
 1DIAGNOSTIC,     6, -9.618661999702e-01, inf, 5.6835e+00, 4.2695e-01, 
 1DIAGNOSTIC,     7, -9.629734754562e-01, inf, 6.0891e+00, 4.0562e-01, 
 1DIAGNOSTIC,     8, -9.638691544533e-01, inf, 6.4993e+00, 4.1024e-01, 
 1DIAGNOSTIC,     9, -9.646504521370e-01, inf, 6.9010e+00, 4.0162e-01, 
 1DIAGNOSTIC,    10, -9.652547836304e-01, 9.022967424244e-04, 7.3226e+00, 4.2169e-01, 
 1DIAGNOSTIC,    11, -9.657816886902e-01, 6.942553445697e-04, 7.7245e+00, 4.0181e-01, 
 1DIAGNOSTIC,    12, -9.662464857101e-01, 5.207884823903e-04, 8.1344e+00, 4.0999e-01, 
 1DIAGNOSTIC,    13, -9.665555953979e-01, 3.869741049130e-04, 8.5490e+00, 4.1455e-01, 
 1DIAGNOSTIC,    14, -9.668771028519e-01, 2.936892560683e-04, 8.9635e+00, 4.1451e-01, 
 1DIAGNOSTIC,    15, -9.670781493187e-01, 2.254522842122e-04, 9.3823e+00, 4.1875e-01, 
 1DIAGNOSTIC,    16, -9.673722982407e-01, 1.763938926160e-04, 9.7949e+00, 4.1262e-01, 
 1DIAGNOSTIC,    17, -9.675461053848e-01, 1.390133838868e-04, 1.0231e+01, 4.3575e-01, 
 1DIAGNOSTIC,    18, -9.678161144257e-01, 1.120399756473e-04, 1.0642e+01, 4.1122e-01, 
 1DIAGNOSTIC,    19, -9.679591059685e-01, 9.187595424009e-05, 1.1081e+01, 4.3961e-01, 
 1DIAGNOSTIC,    20, -9.682008028030e-01, 7.771396485623e-05, 1.1505e+01, 4.2396e-01, 
 1DIAGNOSTIC,    21, -9.683229923248e-01, 6.677040073555e-05, 1.1929e+01, 4.2329e-01, 
 1DIAGNOSTIC,    22, -9.684426784515e-01, 5.850040179212e-05, 1.2343e+01, 4.1412e-01, 
 1DIAGNOSTIC,    23, -9.685577154160e-01, 5.097794200992e-05, 1.2749e+01, 4.0571e-01, 
 1DIAGNOSTIC,    24, -9.686872959137e-01, 4.493239612202e-05, 1.3154e+01, 4.0573e-01, 
 1DIAGNOSTIC,    25, -9.688076972961e-01, 3.898042632500e-05, 1.3573e+01, 4.1876e-01, 
 1DIAGNOSTIC,    26, -9.689252376556e-01, 3.457536877249e-05, 1.3986e+01, 4.1287e-01, 
 1DIAGNOSTIC,    27, -9.690396189690e-01, 3.044902041438e-05, 1.4428e+01, 4.4166e-01, 
 1DIAGNOSTIC,    28, -9.691528081894e-01, 2.786833101709e-05, 1.4849e+01, 4.2097e-01, 
 1DIAGNOSTIC,    29, -9.692594408989e-01, 2.541081084928e-05, 1.5251e+01, 4.0251e-01, 
 1DIAGNOSTIC,    30, -9.693615436554e-01, 2.416435017949e-05, 1.5670e+01, 4.1903e-01, 
 1DIAGNOSTIC,    31, -9.694572687149e-01, 2.285696064064e-05, 1.6088e+01, 4.1783e-01, 
 1DIAGNOSTIC,    32, -9.695482850075e-01, 2.148006024072e-05, 1.6494e+01, 4.0630e-01, 
 1DIAGNOSTIC,    33, -9.696365594864e-01, 2.003190820687e-05, 1.6893e+01, 3.9866e-01, 
 1DIAGNOSTIC,    34, -9.697191715240e-01, 1.867309947556e-05, 1.7324e+01, 4.3144e-01, 
 1DIAGNOSTIC,    35, -9.697979092598e-01, 1.736082595016e-05, 1.7740e+01, 4.1568e-01, 
 1DIAGNOSTIC,    36, -9.698715209961e-01, 1.610068648006e-05, 1.8154e+01, 4.1370e-01, 
 1DIAGNOSTIC,    37, -9.699408411980e-01, 1.490308477514e-05, 1.8576e+01, 4.2188e-01, 
 1DIAGNOSTIC,    38, -9.700083136559e-01, 1.381286529067e-05, 1.8977e+01, 4.0100e-01, 
 1DIAGNOSTIC,    39, -9.700721502304e-01, 1.281137247133e-05, 1.9387e+01, 4.1003e-01, 
 1DIAGNOSTIC,    40, -9.701305627823e-01, 1.188182159240e-05, 1.9802e+01, 4.1534e-01, 
 1DIAGNOSTIC,    41, -9.701927304268e-01, 1.105963838199e-05, 2.0210e+01, 4.0826e-01, 
 1DIAGNOSTIC,    42, -9.702466130257e-01, 1.029559916788e-05, 2.0626e+01, 4.1560e-01, 
 1DIAGNOSTIC,    43, -9.702973961830e-01, 9.595402843843e-06, 2.1053e+01, 4.2702e-01, 
 1DIAGNOSTIC,    44, -9.703466892242e-01, 8.951647942013e-06, 2.1472e+01, 4.1896e-01, 
 1DIAGNOSTIC,    45, -9.703899025917e-01, 8.336350219906e-06, 2.1947e+01, 4.7573e-01, 
 1DIAGNOSTIC,    46, -9.704347252846e-01, 7.765814189042e-06, 2.2370e+01, 4.2298e-01, 
 1DIAGNOSTIC,    47, -9.704775810242e-01, 7.234713393700e-06, 2.2799e+01, 4.2816e-01, 
 1DIAGNOSTIC,    48, -9.705185890198e-01, 6.753951765859e-06, 2.3216e+01, 4.1775e-01, 
 1DIAGNOSTIC,    49, -9.705576300621e-01, 6.319494787022e-06, 2.3640e+01, 4.2407e-01, 
 1DIAGNOSTIC,    50, -9.705958366394e-01, 5.919259365328e-06, 2.4037e+01, 3.9655e-01, 
 1DIAGNOSTIC,    51, -9.706315398216e-01, 5.585517556028e-06, 2.4446e+01, 4.0859e-01, 
 1DIAGNOSTIC,    52, -9.706667661667e-01, 5.285961833579e-06, 2.4862e+01, 4.1662e-01, 
 1DIAGNOSTIC,    53, -9.707041978836e-01, 5.032164153818e-06, 2.5274e+01, 4.1184e-01, 
 1DIAGNOSTIC,    54, -9.707359075546e-01, 4.797620931640e-06, 2.5714e+01, 4.3955e-01, 
 1DIAGNOSTIC,    55, -9.707677364349e-01, 4.563596576190e-06, 2.6151e+01, 4.3767e-01, 
 1DIAGNOSTIC,    56, -9.707986116409e-01, 4.347646154201e-06, 2.6561e+01, 4.0982e-01, 
 1DIAGNOSTIC,    57, -9.708219170570e-01, 4.112368969800e-06, 2.6984e+01, 4.2310e-01, 
 1DIAGNOSTIC,    58, -9.708515405655e-01, 3.897670012520e-06, 2.7392e+01, 4.0753e-01, 
 1DIAGNOSTIC,    59, -9.708775281906e-01, 3.687355047077e-06, 2.7799e+01, 4.0760e-01, 
 1DIAGNOSTIC,    60, -9.709042906761e-01, 3.495657438179e-06, 2.8230e+01, 4.3107e-01, 
 1DIAGNOSTIC,    61, -9.709298610687e-01, 3.316518132124e-06, 2.8643e+01, 4.1234e-01, 
 1DIAGNOSTIC,    62, -9.709548354149e-01, 3.155771992169e-06, 2.9043e+01, 4.0040e-01, 
 1DIAGNOSTIC,    63, -9.709793925285e-01, 3.031653704966e-06, 2.9462e+01, 4.1857e-01, 
 1DIAGNOSTIC,    64, -9.710005521774e-01, 2.907177531597e-06, 2.9907e+01, 4.4493e-01, 
 1DIAGNOSTIC,    65, -9.710248708725e-01, 2.805150870699e-06, 3.0331e+01, 4.2485e-01, 
 1DIAGNOSTIC,    66, -9.710466265678e-01, 2.714929678405e-06, 3.0750e+01, 4.1855e-01, 
 1DIAGNOSTIC,    67, -9.710717797279e-01, 2.621673502290e-06, 3.1169e+01, 4.1888e-01, 
 1DIAGNOSTIC,    68, -9.710955023766e-01, 2.551859324740e-06, 3.1619e+01, 4.4966e-01, 
 1DIAGNOSTIC,    69, -9.711189270020e-01, 2.490906126695e-06, 3.2046e+01, 4.2720e-01, 
 1DIAGNOSTIC,    70, -9.711402654648e-01, 2.435387841615e-06, 3.2470e+01, 4.2458e-01, 
XXDIAGNOSTIC,Iteration,metricValue,convergenceValue,ITERATION_TIME_INDEX,SINCE_LAST
 1DIAGNOSTIC,     1, -9.162937402725e-01, inf, 3.5278e+01, 2.8075e+00, 
 1DIAGNOSTIC,     2, -9.185815453529e-01, inf, 3.7747e+01, 2.4692e+00, 
 1DIAGNOSTIC,     3, -9.211532473564e-01, inf, 4.0383e+01, 2.6357e+00, 
 1DIAGNOSTIC,     4, -9.235870242119e-01, inf, 4.2997e+01, 2.6143e+00, 
 1DIAGNOSTIC,     5, -9.256669878960e-01, inf, 4.5500e+01, 2.5031e+00, 
 1DIAGNOSTIC,     6, -9.274932146072e-01, inf, 4.8054e+01, 2.5541e+00, 
 1DIAGNOSTIC,     7, -9.291340112686e-01, inf, 5.0609e+01, 2.5550e+00, 
 1DIAGNOSTIC,     8, -9.305539131165e-01, inf, 5.3063e+01, 2.4532e+00, 
 1DIAGNOSTIC,     9, -9.319151639938e-01, inf, 5.5574e+01, 2.5116e+00, 
 1DIAGNOSTIC,    10, -9.330511689186e-01, 1.166659989394e-03, 5.8226e+01, 2.6521e+00, 
 1DIAGNOSTIC,    11, -9.340971708298e-01, 9.596821619198e-04, 6.0821e+01, 2.5950e+00, 
 1DIAGNOSTIC,    12, -9.350546002388e-01, 7.834286661819e-04, 6.3345e+01, 2.5236e+00, 
 1DIAGNOSTIC,    13, -9.358267188072e-01, 6.417077383958e-04, 6.6011e+01, 2.6664e+00, 
 1DIAGNOSTIC,    14, -9.366408586502e-01, 5.325424717739e-04, 6.8483e+01, 2.4723e+00, 
 1DIAGNOSTIC,    15, -9.372853636742e-01, 4.444789374247e-04, 7.1045e+01, 2.5612e+00, 
 1DIAGNOSTIC,    16, -9.379982948303e-01, 3.749140305445e-04, 7.3569e+01, 2.5242e+00, 
 1DIAGNOSTIC,    17, -9.385644793510e-01, 3.184408124071e-04, 7.6047e+01, 2.4782e+00, 
 1DIAGNOSTIC,    18, -9.391077160835e-01, 2.719395270105e-04, 7.8761e+01, 2.7142e+00, 
 1DIAGNOSTIC,    19, -9.396398663521e-01, 2.354332682444e-04, 8.1367e+01, 2.6060e+00, 
 1DIAGNOSTIC,    20, -9.401647448540e-01, 2.058938698610e-04, 8.3876e+01, 2.5089e+00, 
 1DIAGNOSTIC,    21, -9.406504631042e-01, 1.820995967137e-04, 8.6298e+01, 2.4222e+00, 
 1DIAGNOSTIC,    22, -9.411000013351e-01, 1.629169710213e-04, 8.8774e+01, 2.4758e+00, 
 1DIAGNOSTIC,    23, -9.415085315704e-01, 1.457460457459e-04, 9.1321e+01, 2.5466e+00, 
 1DIAGNOSTIC,    24, -9.418851137161e-01, 1.314480905421e-04, 9.3792e+01, 2.4710e+00, 
 1DIAGNOSTIC,    25, -9.422366619110e-01, 1.180241160910e-04, 9.6236e+01, 2.4440e+00, 
 1DIAGNOSTIC,    26, -9.425678253174e-01, 1.067481862265e-04, 9.8649e+01, 2.4132e+00, 
 1DIAGNOSTIC,    27, -9.428796172142e-01, 9.615089220461e-05, 1.0108e+02, 2.4273e+00, 
 1DIAGNOSTIC,    28, -9.431726336479e-01, 8.633395918878e-05, 1.0353e+02, 2.4505e+00, 
 1DIAGNOSTIC,    29, -9.434543848038e-01, 7.758066931274e-05, 1.0602e+02, 2.4976e+00, 
 1DIAGNOSTIC,    30, -9.437265396118e-01, 7.016080053290e-05, 1.0847e+02, 2.4489e+00, 
 1DIAGNOSTIC,    31, -9.439945220947e-01, 6.397850665962e-05, 1.1102e+02, 2.5485e+00, 
 1DIAGNOSTIC,    32, -9.442579746246e-01, 5.890626198379e-05, 1.1351e+02, 2.4893e+00, 
 1DIAGNOSTIC,    33, -9.445236921310e-01, 5.478144157678e-05, 1.1605e+02, 2.5422e+00, 
 1DIAGNOSTIC,    34, -9.447895288467e-01, 5.145855902811e-05, 1.1857e+02, 2.5157e+00, 
 1DIAGNOSTIC,    35, -9.450621604919e-01, 4.887328032055e-05, 1.2109e+02, 2.5238e+00, 
 1DIAGNOSTIC,    36, -9.453359842300e-01, 4.690761488746e-05, 1.2361e+02, 2.5136e+00, 
 1DIAGNOSTIC,    37, -9.456139802933e-01, 4.544611874735e-05, 1.2610e+02, 2.4932e+00, 
 1DIAGNOSTIC,    38, -9.458872675896e-01, 4.427960811881e-05, 1.2856e+02, 2.4610e+00, 
 1DIAGNOSTIC,    39, -9.461438655853e-01, 4.316657941672e-05, 1.3118e+02, 2.6154e+00, 
 1DIAGNOSTIC,    40, -9.463815689087e-01, 4.188759339740e-05, 1.3370e+02, 2.5239e+00, 
 1DIAGNOSTIC,    41, -9.466006159782e-01, 4.030702621094e-05, 1.3628e+02, 2.5833e+00, 
 1DIAGNOSTIC,    42, -9.468030929565e-01, 3.834710150841e-05, 1.3879e+02, 2.5052e+00, 
 1DIAGNOSTIC,    43, -9.469853639603e-01, 3.600407580961e-05, 1.4137e+02, 2.5802e+00, 
 1DIAGNOSTIC,    44, -9.471522569656e-01, 3.333954373375e-05, 1.4382e+02, 2.4546e+00, 
 1DIAGNOSTIC,    45, -9.473068714142e-01, 3.051625390071e-05, 1.4636e+02, 2.5410e+00, 
 1DIAGNOSTIC,    46, -9.474484920502e-01, 2.766454053926e-05, 1.4896e+02, 2.5993e+00, 
 1DIAGNOSTIC,    47, -9.475783705711e-01, 2.494657019270e-05, 1.5144e+02, 2.4805e+00, 
 1DIAGNOSTIC,    48, -9.476989507675e-01, 2.247148586321e-05, 1.5397e+02, 2.5212e+00, 
 1DIAGNOSTIC,    49, -9.478135704994e-01, 2.027345908573e-05, 1.5649e+02, 2.5280e+00, 
 1DIAGNOSTIC,    50, -9.479201436043e-01, 1.834021350078e-05, 1.5909e+02, 2.5920e+00, 
XXDIAGNOSTIC,Iteration,metricValue,convergenceValue,ITERATION_TIME_INDEX,SINCE_LAST
 1DIAGNOSTIC,     1, -8.791561126709e-01, inf, 1.7871e+02, 1.9620e+01, 
 1DIAGNOSTIC,     2, -8.803104758263e-01, inf, 1.9757e+02, 1.8864e+01, 
 1DIAGNOSTIC,     3, -8.818683028221e-01, inf, 2.1608e+02, 1.8514e+01, 
 1DIAGNOSTIC,     4, -8.833367824554e-01, inf, 2.3458e+02, 1.8496e+01, 
 1DIAGNOSTIC,     5, -8.847631812096e-01, inf, 2.5327e+02, 1.8687e+01, 
 1DIAGNOSTIC,     6, -8.861175775528e-01, inf, 2.7194e+02, 1.8669e+01, 
 1DIAGNOSTIC,     7, -8.873903751373e-01, inf, 2.9043e+02, 1.8495e+01, 
 1DIAGNOSTIC,     8, -8.886654376984e-01, inf, 3.0911e+02, 1.8683e+01, 
 1DIAGNOSTIC,     9, -8.898833394051e-01, inf, 3.2776e+02, 1.8648e+01, 
 1DIAGNOSTIC,    10, -8.910366296768e-01, 8.742504869588e-04, 3.4652e+02, 1.8760e+01, 
 1DIAGNOSTIC,    11, -8.920925259590e-01, 7.734555983916e-04, 3.6524e+02, 1.8722e+01, 
 1DIAGNOSTIC,    12, -8.928971290588e-01, 6.719669909216e-04, 3.8438e+02, 1.9141e+01, 
 1DIAGNOSTIC,    13, -8.937517404556e-01, 5.845968844369e-04, 4.0302e+02, 1.8632e+01, 
 1DIAGNOSTIC,    14, -8.944532871246e-01, 5.058485548943e-04, 4.2177e+02, 1.8755e+01, 
 1DIAGNOSTIC,    15, -8.951066136360e-01, 4.354967677500e-04, 4.4058e+02, 1.8804e+01, 
 1DIAGNOSTIC,    16, -8.957039117813e-01, 3.728322335519e-04, 4.5937e+02, 1.8798e+01, 
 1DIAGNOSTIC,    17, -8.962648510933e-01, 3.175408928655e-04, 4.7814e+02, 1.8765e+01, 
 1DIAGNOSTIC,    18, -8.967794775963e-01, 2.706645464059e-04, 4.9676e+02, 1.8618e+01, 
 1DIAGNOSTIC,    19, -8.972647190094e-01, 2.320938365301e-04, 5.1556e+02, 1.8800e+01, 
 1DIAGNOSTIC,    20, -8.978126645088e-01, 2.028232702287e-04, 5.3414e+02, 1.8583e+01, 
  Elapsed time (stage 2): 534.4


Total elapsed time: 560.3
 Registration finished. The antsRegistration call was:
--------------------------------------------------------------------------------------
/opt/ants/bin/antsRegistration --verbose 1 --dimensionality 3 --float 1 --collapse-output-transforms 1 --output [ /data/derivatives/ants/registrationSyN-fp/sub-s031/ses-open/anat/,/data/derivatives/ants/registrationSyN-fp/sub-s031/ses-open/anat/Warped.nii.gz,/data/derivatives/ants/registrationSyN-fp/sub-s031/ses-open/anat/InverseWarped.nii.gz ] --interpolation Linear --use-histogram-matching 0 --winsorize-image-intensities [ 0.005,0.995 ] --initial-moving-transform [ /templateflow/tpl-MNI152NLin2009cAsym//tpl-MNI152NLin2009cAsym_res-01_desc-brain_T1w.nii.gz,/data/derivatives/fsl/fast/sub-s031/ses-open/anat/BrainExtractionBrain_seg.nii.gz,1 ] --transform Rigid[ 0.1 ] --metric MI[ /templateflow/tpl-MNI152NLin2009cAsym//tpl-MNI152NLin2009cAsym_res-01_desc-brain_T1w.nii.gz,/data/derivatives/fsl/fast/sub-s031/ses-open/anat/BrainExtractionBrain_seg.nii.gz,1,32,Regular,0.25 ] --convergence [ 1000x500x250x100,1e-6,10 ] --shrink-factors 8x4x2x1 --smoothing-sigmas 3x2x1x0vox --transform Affine[ 0.1 ] --metric MI[ /templateflow/tpl-MNI152NLin2009cAsym//tpl-MNI152NLin2009cAsym_res-01_desc-brain_T1w.nii.gz,/data/derivatives/fsl/fast/sub-s031/ses-open/anat/BrainExtractionBrain_seg.nii.gz,1,32,Regular,0.25 ] --convergence [ 1000x500x250x100,1e-6,10 ] --shrink-factors 8x4x2x1 --smoothing-sigmas 3x2x1x0vox --transform SyN[ 0.1,3,0 ] --metric CC[ /templateflow/tpl-MNI152NLin2009cAsym//tpl-MNI152NLin2009cAsym_res-01_desc-brain_T1w.nii.gz,/data/derivatives/fsl/fast/sub-s031/ses-open/anat/BrainExtractionBrain_seg.nii.gz,1,4 ] --convergence [ 100x70x50x20,1e-6,10 ] --shrink-factors 8x4x2x1 --smoothing-sigmas 3x2x1x0vox
--------------------------------------------------------------------------------------
Moving image resampled into fixed space: /data/derivatives/ants/registrationSyN-fp/sub-s031/ses-open/anat/Warped.nii.gz
Fixed image resampled into moving space: /data/derivatives/ants/registrationSyN-fp/sub-s031/ses-open/anat/InverseWarped.nii.gz
--------------------------------------------------------------------------------------
Elapsed Time: 564.241s
    SP GFLOPS: 3.081
    DP GFLOPS: 11.501
    x87 GFLOPS: 0.000
    CPI Rate: 0.549
    Average CPU Frequency: 2.769 GHz
    Total Thread Count: 77
Effective Physical Core Utilization: 81.4% (26.040 out of 32)
    Effective Logical Core Utilization: 42.5% (27.181 out of 64)
     | The metric value is low, which may signal a poor utilization of logical
     | CPU cores while the utilization of physical cores is acceptable. Consider
     | using logical cores, which in some cases can improve processor throughput
     | and overall performance of multi-threaded applications.
     |
Memory Bound: 20.2% of Pipeline Slots
 | The metric value is high. This can indicate that the significant fraction of
 | execution pipeline slots could be stalled due to demand memory load and
 | stores. Use Memory Access analysis to have the metric breakdown by memory
 | hierarchy, memory bandwidth information, correlation by memory objects.
 |
    Cache Bound: 12.4% of Clockticks
    DRAM Bound: 0.2% of Clockticks
        DRAM Bandwidth Bound: 0.0% of Elapsed Time
    NUMA: % of Remote Accesses: 33.3%

    Bandwidth Utilization
    Bandwidth Domain             Platform Maximum  Observed Maximum  Average  % of Elapsed Time with High BW Utilization(%)
    ---------------------------  ----------------  ----------------  -------  ---------------------------------------------
    DRAM, GB/sec                 214                         69.000    1.504                                           0.0%
    DRAM Single-Package, GB/sec  107                         68.400    1.150                                           0.0%
Vectorization: 0.0% of Packed FP Operations
 | This code has floating point operations and is not vectorized. Consider
 | either recompiling the code with optimization options that allow
 | vectorization or using Intel Advisor to vectorize the loops.
 |
    Instruction Mix
        SP FLOPs: 2.7% of uOps
            Packed: 0.0% from SP FP
                128-bit: 0.0% from SP FP
                256-bit: 0.0% from SP FP
                512-bit: 0.0% from SP FP
            Scalar: 100.0% from SP FP
             | This code has floating point operations and is not vectorized.
             | Consider either recompiling the code with optimization options
             | that allow vectorization or using Intel Advisor to vectorize the
             | loops.
             |
        DP FLOPs: 10.3% of uOps
            Packed: 0.0% from DP FP
                128-bit: 0.0% from DP FP
                256-bit: 0.0% from DP FP
                512-bit: 0.0% from DP FP
            Scalar: 100.0% from DP FP
             | This code has floating point operations and is not vectorized.
             | Consider either recompiling the code with optimization options
             | that allow vectorization or using Intel Advisor to vectorize the
             | loops.
             |
        x87 FLOPs: 0.0% of uOps
        Non-FP: 87.0% of uOps
    FP Arith/Mem Rd Instr. Ratio: 0.498
     | The metric value is low. This can be a result of unaligned access to data
     | for vector operations. Use Intel Advisor to find possible data access
     | inefficiencies for vector operations.
     |
    FP Arith/Mem Wr Instr. Ratio: 1.043
Collection and Platform Info
    Application Command Line: bash "tmp-scripts/g4HchgGgNo3CvVAaGfOC0iJKIXV1iXtF.sh" 
    Operating System: 4.18.0-477.10.1.el8_lustre.x86_64 DISTRIB_ID=Ubuntu DISTRIB_RELEASE=20.04 DISTRIB_CODENAME=focal DISTRIB_DESCRIPTION="Ubuntu 20.04.5 LTS"
    Computer Name: comp05
    Result Size: 5.2 GB 
    Collection start time: 08:46:51 26/11/2023 UTC
    Collection stop time: 08:56:15 26/11/2023 UTC
    Collector Type: Driverless Perf per-process sampling
    CPU
        Name: Intel(R) Xeon(R) Processor code named Skylake
        Frequency: 2.095 GHz
        Logical CPU Count: 64
        Max DRAM Single-Package Bandwidth: 107.000 GB/s
        LLC size: 23.1 MB 

If you want to skip descriptions of detected performance issues in the report,
enter: vtune -report summary -report-knob show-issues=false -r <my_result_dir>.
Alternatively, you may view the report in the csv format: vtune -report
<report_name> -format=csv.
