---------------------
Profiling information

Pipeline: ants registrationSyN
NTHREAD: 32

DATASET: ds004513
SUBJECT_ID: s029

SIF_IMG: /mnt/lustre/mathdugre/containers/ants-debug.simg
DATA_DIR: /mnt/lustre/mathdugre/mri-bottleneck/datasets/ds004513

PROJECT_DIR: /mnt/lustre/mathdugre/mri-bottleneck
PROFILING_DIR: /mnt/lustre/mathdugre/mri-bottleneck/vtune_output/32-threads/ants/registrationSyN/ds004513/sub-s029/DskBvGHwyUGpqGzy2fREF3u40Z6PXYlE
---------------------

Command to profile: bash tmp-scripts/DskBvGHwyUGpqGzy2fREF3u40Z6PXYlE.sh

--------------------------------------------------------------------------------------
 Mapping parameters
--------------------------------------------------------------------------------------
 ANTSPATH is /opt/ants/bin

 Dimensionality:           3
 Output name prefix:       /data/derivatives/ants/registrationSyN/sub-s029/ses-open/anat/
 Fixed images:             /templateflow/tpl-MNI152NLin2009cAsym//tpl-MNI152NLin2009cAsym_res-01_desc-brain_T1w.nii.gz
 Moving images:            /data/derivatives/fsl/fast/sub-s029/ses-open/anat/BrainExtractionBrain_seg.nii.gz
 Mask images:              
 Initial transforms:       
 Number of threads:        32
 Spline distance:          26
 SyN gradient step:        0.1
 Transform type:           s
 CC radius:                4
 Precision:                d
 Use histogram matching    0
 Repro                     0
======================================================================================
 antsRegistration call:
--------------------------------------------------------------------------------------
/opt/ants/bin/antsRegistration --verbose 1 --dimensionality 3 --float 0 --collapse-output-transforms 1 --output [ /data/derivatives/ants/registrationSyN/sub-s029/ses-open/anat/,/data/derivatives/ants/registrationSyN/sub-s029/ses-open/anat/Warped.nii.gz,/data/derivatives/ants/registrationSyN/sub-s029/ses-open/anat/InverseWarped.nii.gz ] --interpolation Linear --use-histogram-matching 0 --winsorize-image-intensities [ 0.005,0.995 ] --initial-moving-transform [ /templateflow/tpl-MNI152NLin2009cAsym//tpl-MNI152NLin2009cAsym_res-01_desc-brain_T1w.nii.gz,/data/derivatives/fsl/fast/sub-s029/ses-open/anat/BrainExtractionBrain_seg.nii.gz,1 ] --transform Rigid[ 0.1 ] --metric MI[ /templateflow/tpl-MNI152NLin2009cAsym//tpl-MNI152NLin2009cAsym_res-01_desc-brain_T1w.nii.gz,/data/derivatives/fsl/fast/sub-s029/ses-open/anat/BrainExtractionBrain_seg.nii.gz,1,32,Regular,0.25 ] --convergence [ 1000x500x250x100,1e-6,10 ] --shrink-factors 8x4x2x1 --smoothing-sigmas 3x2x1x0vox --transform Affine[ 0.1 ] --metric MI[ /templateflow/tpl-MNI152NLin2009cAsym//tpl-MNI152NLin2009cAsym_res-01_desc-brain_T1w.nii.gz,/data/derivatives/fsl/fast/sub-s029/ses-open/anat/BrainExtractionBrain_seg.nii.gz,1,32,Regular,0.25 ] --convergence [ 1000x500x250x100,1e-6,10 ] --shrink-factors 8x4x2x1 --smoothing-sigmas 3x2x1x0vox --transform SyN[ 0.1,3,0 ] --metric CC[ /templateflow/tpl-MNI152NLin2009cAsym//tpl-MNI152NLin2009cAsym_res-01_desc-brain_T1w.nii.gz,/data/derivatives/fsl/fast/sub-s029/ses-open/anat/BrainExtractionBrain_seg.nii.gz,1,4 ] --convergence [ 100x70x50x20,1e-6,10 ] --shrink-factors 8x4x2x1 --smoothing-sigmas 3x2x1x0vox
--------------------------------------------------------------------------------------
All_Command_lines_OK
Using double precision for computations.
=============================================================================
The composite transform comprises the following transforms (in order): 
  1. Center of mass alignment using fixed image: /templateflow/tpl-MNI152NLin2009cAsym//tpl-MNI152NLin2009cAsym_res-01_desc-brain_T1w.nii.gz and moving image: /data/derivatives/fsl/fast/sub-s029/ses-open/anat/BrainExtractionBrain_seg.nii.gz (type = Euler3DTransform)
=============================================================================
  number of levels = 4
  number of levels = 4
  number of levels = 4
  fixed image: /templateflow/tpl-MNI152NLin2009cAsym//tpl-MNI152NLin2009cAsym_res-01_desc-brain_T1w.nii.gz
  moving image: /data/derivatives/fsl/fast/sub-s029/ses-open/anat/BrainExtractionBrain_seg.nii.gz
  fixed image: /templateflow/tpl-MNI152NLin2009cAsym//tpl-MNI152NLin2009cAsym_res-01_desc-brain_T1w.nii.gz
  moving image: /data/derivatives/fsl/fast/sub-s029/ses-open/anat/BrainExtractionBrain_seg.nii.gz
  fixed image: /templateflow/tpl-MNI152NLin2009cAsym//tpl-MNI152NLin2009cAsym_res-01_desc-brain_T1w.nii.gz
  moving image: /data/derivatives/fsl/fast/sub-s029/ses-open/anat/BrainExtractionBrain_seg.nii.gz
Dimension = 3
Number of stages = 3
Use histogram matching = false
Winsorize image intensities = true
  Lower quantile = 0.005
  Upper quantile = 0.995


Stage 1 State
   Image metric = Mattes
     Fixed image = Image (0x560110d44f70)
  RTTI typeinfo:   itk::Image<double, 3u>
  Reference Count: 2
  Modified Time: 1717
  Debug: Off
  Object Name: 
  Observers: 
    none
  Source: (none)
  Source output name: (none)
  Release Data: Off
  Data Released: False
  Global Release Data: Off
  PipelineMTime: 0
  UpdateMTime: 1502
  RealTimeStamp: 0 seconds 
  LargestPossibleRegion: 
    Dimension: 3
    Index: [0, 0, 0]
    Size: [193, 229, 193]
  BufferedRegion: 
    Dimension: 3
    Index: [0, 0, 0]
    Size: [193, 229, 193]
  RequestedRegion: 
    Dimension: 3
    Index: [0, 0, 0]
    Size: [193, 229, 193]
  Spacing: [1, 1, 1]
  Origin: [96, 132, -78]
  Direction: 
-1 0 0
0 -1 0
0 0 1

  IndexToPointMatrix: 
-1 0 0
0 -1 0
0 0 1

  PointToIndexMatrix: 
-1 0 0
0 -1 0
0 0 1

  Inverse Direction: 
-1 0 0
0 -1 0
0 0 1

  PixelContainer: 
    ImportImageContainer (0x560110d4dcf0)
      RTTI typeinfo:   itk::ImportImageContainer<unsigned long, double>
      Reference Count: 1
      Modified Time: 1499
      Debug: Off
      Object Name: 
      Observers: 
        none
      Pointer: 0x7f48d80e7010
      Container manages memory: true
      Size: 8530021
      Capacity: 8530021

     Moving image = Image (0x560110d46de0)
  RTTI typeinfo:   itk::Image<double, 3u>
  Reference Count: 2
  Modified Time: 1718
  Debug: Off
  Object Name: 
  Observers: 
    none
  Source: (none)
  Source output name: (none)
  Release Data: Off
  Data Released: False
  Global Release Data: Off
  PipelineMTime: 0
  UpdateMTime: 1715
  RealTimeStamp: 0 seconds 
  LargestPossibleRegion: 
    Dimension: 3
    Index: [0, 0, 0]
    Size: [160, 240, 256]
  BufferedRegion: 
    Dimension: 3
    Index: [0, 0, 0]
    Size: [160, 240, 256]
  RequestedRegion: 
    Dimension: 3
    Index: [0, 0, 0]
    Size: [160, 240, 256]
  Spacing: [1, 1, 1]
  Origin: [72.4486, 104.7, -127]
  Direction: 
-0.997053 0.076719 0
-0.076719 -0.997053 0
0 0 1

  IndexToPointMatrix: 
-0.997053 0.076719 0
-0.076719 -0.997053 0
0 0 1

  PointToIndexMatrix: 
-0.997053 -0.076719 0
0.076719 -0.997053 0
0 0 1

  Inverse Direction: 
-0.997053 -0.076719 0
0.076719 -0.997053 0
0 0 1

  PixelContainer: 
    ImportImageContainer (0x560110d4cb40)
      RTTI typeinfo:   itk::ImportImageContainer<unsigned long, double>
      Reference Count: 1
      Modified Time: 1712
      Debug: Off
      Object Name: 
      Observers: 
        none
      Pointer: 0x7f48d35e6010
      Container manages memory: true
      Size: 9830400
      Capacity: 9830400

     Weighting = 1
     Sampling strategy = regular
     Number of bins = 32
     Radius = 4
     Sampling percentage  = 0.25
   Transform = Rigid
     Gradient step = 0.1
     Update field sigma (voxel space) = 0
     Total field sigma (voxel space) = 0
     Update field time sigma = 0
     Total field time sigma  = 0
     Number of time indices = 0
     Number of time point samples = 0
Stage 2 State
   Image metric = Mattes
     Fixed image = Image (0x560110d75e10)
  RTTI typeinfo:   itk::Image<double, 3u>
  Reference Count: 2
  Modified Time: 2145
  Debug: Off
  Object Name: 
  Observers: 
    none
  Source: (none)
  Source output name: (none)
  Release Data: Off
  Data Released: False
  Global Release Data: Off
  PipelineMTime: 0
  UpdateMTime: 1930
  RealTimeStamp: 0 seconds 
  LargestPossibleRegion: 
    Dimension: 3
    Index: [0, 0, 0]
    Size: [193, 229, 193]
  BufferedRegion: 
    Dimension: 3
    Index: [0, 0, 0]
    Size: [193, 229, 193]
  RequestedRegion: 
    Dimension: 3
    Index: [0, 0, 0]
    Size: [193, 229, 193]
  Spacing: [1, 1, 1]
  Origin: [96, 132, -78]
  Direction: 
-1 0 0
0 -1 0
0 0 1

  IndexToPointMatrix: 
-1 0 0
0 -1 0
0 0 1

  PointToIndexMatrix: 
-1 0 0
0 -1 0
0 0 1

  Inverse Direction: 
-1 0 0
0 -1 0
0 0 1

  PixelContainer: 
    ImportImageContainer (0x560110de5740)
      RTTI typeinfo:   itk::ImportImageContainer<unsigned long, double>
      Reference Count: 1
      Modified Time: 1927
      Debug: Off
      Object Name: 
      Observers: 
        none
      Pointer: 0x7f48cf4d1010
      Container manages memory: true
      Size: 8530021
      Capacity: 8530021

     Moving image = Image (0x560110de5db0)
  RTTI typeinfo:   itk::Image<double, 3u>
  Reference Count: 2
  Modified Time: 2146
  Debug: Off
  Object Name: 
  Observers: 
    none
  Source: (none)
  Source output name: (none)
  Release Data: Off
  Data Released: False
  Global Release Data: Off
  PipelineMTime: 0
  UpdateMTime: 2143
  RealTimeStamp: 0 seconds 
  LargestPossibleRegion: 
    Dimension: 3
    Index: [0, 0, 0]
    Size: [160, 240, 256]
  BufferedRegion: 
    Dimension: 3
    Index: [0, 0, 0]
    Size: [160, 240, 256]
  RequestedRegion: 
    Dimension: 3
    Index: [0, 0, 0]
    Size: [160, 240, 256]
  Spacing: [1, 1, 1]
  Origin: [72.4486, 104.7, -127]
  Direction: 
-0.997053 0.076719 0
-0.076719 -0.997053 0
0 0 1

  IndexToPointMatrix: 
-0.997053 0.076719 0
-0.076719 -0.997053 0
0 0 1

  PointToIndexMatrix: 
-0.997053 -0.076719 0
0.076719 -0.997053 0
0 0 1

  Inverse Direction: 
-0.997053 -0.076719 0
0.076719 -0.997053 0
0 0 1

  PixelContainer: 
    ImportImageContainer (0x560110de4cc0)
      RTTI typeinfo:   itk::ImportImageContainer<unsigned long, double>
      Reference Count: 1
      Modified Time: 2140
      Debug: Off
      Object Name: 
      Observers: 
        none
      Pointer: 0x7f48ca9d0010
      Container manages memory: true
      Size: 9830400
      Capacity: 9830400

     Weighting = 1
     Sampling strategy = regular
     Number of bins = 32
     Radius = 4
     Sampling percentage  = 0.25
   Transform = Affine
     Gradient step = 0.1
     Update field sigma (voxel space) = 0
     Total field sigma (voxel space) = 0
     Update field time sigma = 0
     Total field time sigma  = 0
     Number of time indices = 0
     Number of time point samples = 0
Stage 3 State
   Image metric = CC
     Fixed image = Image (0x560110de85b0)
  RTTI typeinfo:   itk::Image<double, 3u>
  Reference Count: 2
  Modified Time: 2573
  Debug: Off
  Object Name: 
  Observers: 
    none
  Source: (none)
  Source output name: (none)
  Release Data: Off
  Data Released: False
  Global Release Data: Off
  PipelineMTime: 0
  UpdateMTime: 2358
  RealTimeStamp: 0 seconds 
  LargestPossibleRegion: 
    Dimension: 3
    Index: [0, 0, 0]
    Size: [193, 229, 193]
  BufferedRegion: 
    Dimension: 3
    Index: [0, 0, 0]
    Size: [193, 229, 193]
  RequestedRegion: 
    Dimension: 3
    Index: [0, 0, 0]
    Size: [193, 229, 193]
  Spacing: [1, 1, 1]
  Origin: [96, 132, -78]
  Direction: 
-1 0 0
0 -1 0
0 0 1

  IndexToPointMatrix: 
-1 0 0
0 -1 0
0 0 1

  PointToIndexMatrix: 
-1 0 0
0 -1 0
0 0 1

  Inverse Direction: 
-1 0 0
0 -1 0
0 0 1

  PixelContainer: 
    ImportImageContainer (0x560110de8d80)
      RTTI typeinfo:   itk::ImportImageContainer<unsigned long, double>
      Reference Count: 1
      Modified Time: 2355
      Debug: Off
      Object Name: 
      Observers: 
        none
      Pointer: 0x7f48c68bb010
      Container manages memory: true
      Size: 8530021
      Capacity: 8530021

     Moving image = Image (0x560110dfbb40)
  RTTI typeinfo:   itk::Image<double, 3u>
  Reference Count: 2
  Modified Time: 2574
  Debug: Off
  Object Name: 
  Observers: 
    none
  Source: (none)
  Source output name: (none)
  Release Data: Off
  Data Released: False
  Global Release Data: Off
  PipelineMTime: 0
  UpdateMTime: 2571
  RealTimeStamp: 0 seconds 
  LargestPossibleRegion: 
    Dimension: 3
    Index: [0, 0, 0]
    Size: [160, 240, 256]
  BufferedRegion: 
    Dimension: 3
    Index: [0, 0, 0]
    Size: [160, 240, 256]
  RequestedRegion: 
    Dimension: 3
    Index: [0, 0, 0]
    Size: [160, 240, 256]
  Spacing: [1, 1, 1]
  Origin: [72.4486, 104.7, -127]
  Direction: 
-0.997053 0.076719 0
-0.076719 -0.997053 0
0 0 1

  IndexToPointMatrix: 
-0.997053 0.076719 0
-0.076719 -0.997053 0
0 0 1

  PointToIndexMatrix: 
-0.997053 -0.076719 0
0.076719 -0.997053 0
0 0 1

  Inverse Direction: 
-0.997053 -0.076719 0
0.076719 -0.997053 0
0 0 1

  PixelContainer: 
    ImportImageContainer (0x560110de9cd0)
      RTTI typeinfo:   itk::ImportImageContainer<unsigned long, double>
      Reference Count: 1
      Modified Time: 2568
      Debug: Off
      Object Name: 
      Observers: 
        none
      Pointer: 0x7f48c1dba010
      Container manages memory: true
      Size: 9830400
      Capacity: 9830400

     Weighting = 1
     Sampling strategy = none
     Number of bins = 32
     Radius = 4
     Sampling percentage  = 1
   Transform = SyN
     Gradient step = 0.1
     Update field sigma (voxel space) = 3
     Total field sigma (voxel space) = 0
     Update field time sigma = 0
     Total field time sigma  = 0
     Number of time indices = 0
     Number of time point samples = 0
Registration using 3 total stages.

Stage 0
  iterations = 1000x500x250x100
  convergence threshold = 1e-06
  convergence window size = 10
  number of levels = 4
  using the Mattes MI metric (number of bins = 32, weight = 1, use gradient filter = 0)
  preprocessing:  winsorizing the image intensities
  Shrink factors (level 1 out of 4): [8, 8, 8]
  Shrink factors (level 2 out of 4): [4, 4, 4]
  Shrink factors (level 3 out of 4): [2, 2, 2]
  Shrink factors (level 4 out of 4): [1, 1, 1]
  smoothing sigmas per level: [3, 2, 1, 0]
  regular sampling (percentage = 0.25)

*** Running Euler3DTransform registration ***

DIAGNOSTIC,Iteration,metricValue,convergenceValue,ITERATION_TIME_INDEX,SINCE_LAST
 2DIAGNOSTIC,     1, -5.171617472151e-01, 1.797693134862e+308, 1.4946e-01, 1.4946e-01, 
 2DIAGNOSTIC,     2, -5.180599899734e-01, 1.797693134862e+308, 1.5583e-01, 6.3720e-03, 
 2DIAGNOSTIC,     3, -5.194455215368e-01, 1.797693134862e+308, 1.6196e-01, 6.1300e-03, 
 2DIAGNOSTIC,     4, -5.214704304185e-01, 1.797693134862e+308, 1.6829e-01, 6.3329e-03, 
 2DIAGNOSTIC,     5, -5.250755889252e-01, 1.797693134862e+308, 1.7443e-01, 6.1369e-03, 
 2DIAGNOSTIC,     6, -5.299528460372e-01, 1.797693134862e+308, 1.8059e-01, 6.1629e-03, 
 2DIAGNOSTIC,     7, -5.368081876007e-01, 1.797693134862e+308, 1.8901e-01, 8.4171e-03, 
 2DIAGNOSTIC,     8, -5.423302173427e-01, 1.797693134862e+308, 1.9633e-01, 7.3159e-03, 
 2DIAGNOSTIC,     9, -5.449115290668e-01, 1.797693134862e+308, 2.0673e-01, 1.0401e-02, 
 2DIAGNOSTIC,    10, -5.451933620991e-01, 4.052771629897e-03, 2.1587e-01, 9.1391e-03, 
 2DIAGNOSTIC,    11, -5.462354742272e-01, 3.712658141384e-03, 2.2419e-01, 8.3220e-03, 
 2DIAGNOSTIC,    12, -5.466203976596e-01, 3.151411569194e-03, 2.3195e-01, 7.7629e-03, 
 2DIAGNOSTIC,    13, -5.465832066658e-01, 2.447722136945e-03, 2.3869e-01, 6.7401e-03, 
 2DIAGNOSTIC,    14, -5.466215245567e-01, 1.704318665589e-03, 2.4698e-01, 8.2870e-03, 
 2DIAGNOSTIC,    15, -5.468903547240e-01, 1.044639299647e-03, 2.5786e-01, 1.0879e-02, 
 2DIAGNOSTIC,    16, -5.470270166647e-01, 5.358172899695e-04, 2.6947e-01, 1.1616e-02, 
 2DIAGNOSTIC,    17, -5.472613033610e-01, 2.555119355366e-04, 2.7662e-01, 7.1461e-03, 
 2DIAGNOSTIC,    18, -5.472897102736e-01, 1.449398645238e-04, 2.8602e-01, 9.3970e-03, 
 2DIAGNOSTIC,    19, -5.472787556519e-01, 1.047949350752e-04, 2.9404e-01, 8.0240e-03, 
 2DIAGNOSTIC,    20, -5.472553117168e-01, 6.527650251006e-05, 3.0111e-01, 7.0670e-03, 
 2DIAGNOSTIC,    21, -5.474732392609e-01, 5.494481719443e-05, 3.0905e-01, 7.9401e-03, 
 2DIAGNOSTIC,    22, -5.480830196093e-01, 6.427960162672e-05, 3.1575e-01, 6.7039e-03, 
 2DIAGNOSTIC,    23, -5.483695607084e-01, 7.234658772855e-05, 3.2356e-01, 7.8108e-03, 
 2DIAGNOSTIC,    24, -5.484821834426e-01, 7.640796222238e-05, 3.3286e-01, 9.2950e-03, 
 2DIAGNOSTIC,    25, -5.484633008774e-01, 7.854608800037e-05, 3.3929e-01, 6.4301e-03, 
 2DIAGNOSTIC,    26, -5.485699399681e-01, 7.805458555384e-05, 3.4736e-01, 8.0750e-03, 
 2DIAGNOSTIC,    27, -5.489792800203e-01, 8.259775849798e-05, 3.5716e-01, 9.8009e-03, 
 2DIAGNOSTIC,    28, -5.490641576445e-01, 8.098597756206e-05, 3.6458e-01, 7.4129e-03, 
 2DIAGNOSTIC,    29, -5.491743447894e-01, 7.400982430490e-05, 3.7539e-01, 1.0816e-02, 
 2DIAGNOSTIC,    30, -5.491744164436e-01, 6.037833286707e-05, 3.8303e-01, 7.6408e-03, 
 2DIAGNOSTIC,    31, -5.491744686658e-01, 4.549742958150e-05, 3.9422e-01, 1.1190e-02, 
 2DIAGNOSTIC,    32, -5.491744703777e-01, 3.712121480010e-05, 4.0632e-01, 1.2093e-02, 
 2DIAGNOSTIC,    33, -5.491744704385e-01, 3.030257851391e-05, 4.1739e-01, 1.1070e-02, 
 2DIAGNOSTIC,    34, -5.491744704397e-01, 2.293874013404e-05, 4.3120e-01, 1.3814e-02, 
 2DIAGNOSTIC,    35, -5.491744704397e-01, 1.367171763368e-05, 4.4167e-01, 1.0474e-02, 
 2DIAGNOSTIC,    36, -5.491744704397e-01, 5.133556813690e-06, 4.5024e-01, 8.5621e-03, 
 2DIAGNOSTIC,    37, -5.491744704397e-01, 2.431075370738e-06, 4.5749e-01, 7.2551e-03, 
DIAGNOSTIC,Iteration,metricValue,convergenceValue,ITERATION_TIME_INDEX,SINCE_LAST
 2DIAGNOSTIC,     1, -4.472147609405e-01, 1.797693134862e+308, 6.1328e-01, 1.5579e-01, 
 2DIAGNOSTIC,     2, -4.479721290609e-01, 1.797693134862e+308, 6.4761e-01, 3.4330e-02, 
 2DIAGNOSTIC,     3, -4.492444799165e-01, 1.797693134862e+308, 6.7554e-01, 2.7927e-02, 
 2DIAGNOSTIC,     4, -4.510029828478e-01, 1.797693134862e+308, 7.0035e-01, 2.4809e-02, 
 2DIAGNOSTIC,     5, -4.531062563577e-01, 1.797693134862e+308, 7.1995e-01, 1.9609e-02, 
 2DIAGNOSTIC,     6, -4.548942048020e-01, 1.797693134862e+308, 7.3275e-01, 1.2796e-02, 
 2DIAGNOSTIC,     7, -4.556548933719e-01, 1.797693134862e+308, 7.4252e-01, 9.7680e-03, 
 2DIAGNOSTIC,     8, -4.566660338065e-01, 1.797693134862e+308, 7.5161e-01, 9.0892e-03, 
 2DIAGNOSTIC,     9, -4.570501467406e-01, 1.797693134862e+308, 7.6494e-01, 1.3328e-02, 
 2DIAGNOSTIC,    10, -4.576957375115e-01, 1.639850192803e-03, 7.7479e-01, 9.8560e-03, 
 2DIAGNOSTIC,    11, -4.582032057975e-01, 1.350110240446e-03, 7.8411e-01, 9.3181e-03, 
 2DIAGNOSTIC,    12, -4.598204130491e-01, 1.111742584864e-03, 7.9494e-01, 1.0833e-02, 
 2DIAGNOSTIC,    13, -4.602063375732e-01, 8.878908943641e-04, 8.0340e-01, 8.4600e-03, 
 2DIAGNOSTIC,    14, -4.618767308649e-01, 7.678504651742e-04, 8.1252e-01, 9.1219e-03, 
 2DIAGNOSTIC,    15, -4.621649376050e-01, 6.913124830649e-04, 8.2079e-01, 8.2619e-03, 
 2DIAGNOSTIC,    16, -4.621886370516e-01, 6.318235340572e-04, 8.3272e-01, 1.1938e-02, 
 2DIAGNOSTIC,    17, -4.621782580258e-01, 5.484505347042e-04, 8.4200e-01, 9.2769e-03, 
 2DIAGNOSTIC,    18, -4.622738560920e-01, 4.619661935435e-04, 8.5091e-01, 8.9059e-03, 
 2DIAGNOSTIC,    19, -4.623659411074e-01, 3.570331380620e-04, 8.5888e-01, 7.9720e-03, 
 2DIAGNOSTIC,    20, -4.624819081585e-01, 2.533273699790e-04, 8.7108e-01, 1.2204e-02, 
 2DIAGNOSTIC,    21, -4.626395773152e-01, 1.553546511683e-04, 8.8191e-01, 1.0827e-02, 
 2DIAGNOSTIC,    22, -4.634141289983e-01, 1.198618275134e-04, 8.9093e-01, 9.0239e-03, 
 2DIAGNOSTIC,    23, -4.658131822725e-01, 1.497890882424e-04, 8.9911e-01, 8.1780e-03, 
 2DIAGNOSTIC,    24, -4.674980485803e-01, 2.481817498953e-04, 9.0962e-01, 1.0503e-02, 
 2DIAGNOSTIC,    25, -4.687611888865e-01, 3.535722367774e-04, 9.2052e-01, 1.0903e-02, 
 2DIAGNOSTIC,    26, -4.688510747621e-01, 4.207641465893e-04, 9.2958e-01, 9.0649e-03, 
 2DIAGNOSTIC,    27, -4.690406893971e-01, 4.478965558183e-04, 9.3909e-01, 9.5050e-03, 
 2DIAGNOSTIC,    28, -4.695484546980e-01, 4.435376606701e-04, 9.4866e-01, 9.5670e-03, 
 2DIAGNOSTIC,    29, -4.701936382144e-01, 4.125230245776e-04, 9.5812e-01, 9.4640e-03, 
 2DIAGNOSTIC,    30, -4.708178807434e-01, 3.600901187821e-04, 9.6747e-01, 9.3520e-03, 
 2DIAGNOSTIC,    31, -4.718232506981e-01, 3.007643049670e-04, 9.8365e-01, 1.6181e-02, 
 2DIAGNOSTIC,    32, -4.721005608594e-01, 2.362455290317e-04, 9.9426e-01, 1.0603e-02, 
 2DIAGNOSTIC,    33, -4.721466689818e-01, 1.984966944531e-04, 1.0031e+00, 8.8611e-03, 
 2DIAGNOSTIC,    34, -4.721206407172e-01, 1.737694722546e-04, 1.0123e+00, 9.1929e-03, 
 2DIAGNOSTIC,    35, -4.721775015250e-01, 1.572073899340e-04, 1.0216e+00, 9.2490e-03, 
 2DIAGNOSTIC,    36, -4.722211918981e-01, 1.288344500272e-04, 1.0314e+00, 9.8770e-03, 
 2DIAGNOSTIC,    37, -4.722734950795e-01, 9.376872213016e-05, 1.0423e+00, 1.0890e-02, 
 2DIAGNOSTIC,    38, -4.722948097587e-01, 6.034643310936e-05, 1.0520e+00, 9.6581e-03, 
 2DIAGNOSTIC,    39, -4.723035431391e-01, 3.328139317335e-05, 1.0605e+00, 8.5611e-03, 
 2DIAGNOSTIC,    40, -4.724055448166e-01, 1.525143798036e-05, 1.0695e+00, 8.9669e-03, 
 2DIAGNOSTIC,    41, -4.725408117747e-01, 1.361738927349e-05, 1.0790e+00, 9.4750e-03, 
 2DIAGNOSTIC,    42, -4.729468588339e-01, 2.074055106434e-05, 1.0889e+00, 9.9630e-03, 
 2DIAGNOSTIC,    43, -4.736080739620e-01, 3.559227947277e-05, 1.1032e+00, 1.4288e-02, 
 2DIAGNOSTIC,    44, -4.736673524527e-01, 4.671282179008e-05, 1.1144e+00, 1.1184e-02, 
 2DIAGNOSTIC,    45, -4.736647155675e-01, 5.381197050609e-05, 1.1246e+00, 1.0180e-02, 
 2DIAGNOSTIC,    46, -4.736689543933e-01, 5.623886630643e-05, 1.1347e+00, 1.0081e-02, 
 2DIAGNOSTIC,    47, -4.736571848158e-01, 5.367088395602e-05, 1.1439e+00, 9.2261e-03, 
 2DIAGNOSTIC,    48, -4.736441025233e-01, 4.612491966064e-05, 1.1521e+00, 8.2350e-03, 
 2DIAGNOSTIC,    49, -4.736412549320e-01, 3.463924518013e-05, 1.1607e+00, 8.5309e-03, 
 2DIAGNOSTIC,    50, -4.736368596110e-01, 2.169519827102e-05, 1.1697e+00, 9.0430e-03, 
 2DIAGNOSTIC,    51, -4.736311105195e-01, 8.765459710250e-06, 1.1785e+00, 8.7721e-03, 
DIAGNOSTIC,Iteration,metricValue,convergenceValue,ITERATION_TIME_INDEX,SINCE_LAST
 2DIAGNOSTIC,     1, -4.056156676784e-01, 1.797693134862e+308, 1.5321e+00, 3.5363e-01, 
 2DIAGNOSTIC,     2, -4.057408812510e-01, 1.797693134862e+308, 1.5928e+00, 6.0693e-02, 
 2DIAGNOSTIC,     3, -4.058508756067e-01, 1.797693134862e+308, 1.6445e+00, 5.1721e-02, 
 2DIAGNOSTIC,     4, -4.059855258228e-01, 1.797693134862e+308, 1.6891e+00, 4.4567e-02, 
 2DIAGNOSTIC,     5, -4.061224732876e-01, 1.797693134862e+308, 1.7421e+00, 5.3036e-02, 
 2DIAGNOSTIC,     6, -4.062084268628e-01, 1.797693134862e+308, 1.8050e+00, 6.2873e-02, 
 2DIAGNOSTIC,     7, -4.062145536113e-01, 1.797693134862e+308, 1.8608e+00, 5.5823e-02, 
 2DIAGNOSTIC,     8, -4.062172086392e-01, 1.797693134862e+308, 1.9051e+00, 4.4249e-02, 
 2DIAGNOSTIC,     9, -4.062167119833e-01, 1.797693134862e+308, 1.9480e+00, 4.2909e-02, 
 2DIAGNOSTIC,    10, -4.062139014054e-01, 1.006334104066e-04, 1.9942e+00, 4.6216e-02, 
 2DIAGNOSTIC,    11, -4.062157844383e-01, 6.649721598102e-05, 2.0457e+00, 5.1457e-02, 
 2DIAGNOSTIC,    12, -4.062182262075e-01, 3.980513006252e-05, 2.0942e+00, 4.8525e-02, 
 2DIAGNOSTIC,    13, -4.062160487813e-01, 1.961893201483e-05, 2.1454e+00, 5.1225e-02, 
 2DIAGNOSTIC,    14, -4.062159011065e-01, 7.348700192561e-06, 2.1941e+00, 4.8651e-02, 
 2DIAGNOSTIC,    15, -4.062154686551e-01, 2.514236822598e-06, 2.2392e+00, 4.5176e-02, 
 2DIAGNOSTIC,    16, -4.062238832073e-01, 2.366822992095e-06, 2.2922e+00, 5.2952e-02, 
 2DIAGNOSTIC,    17, -4.062296939583e-01, 2.676221337213e-06, 2.3363e+00, 4.4119e-02, 
 2DIAGNOSTIC,    18, -4.062259582272e-01, 2.833629055843e-06, 2.3772e+00, 4.0886e-02, 
 2DIAGNOSTIC,    19, -4.062354794268e-01, 3.225349693291e-06, 2.4164e+00, 3.9244e-02, 
 2DIAGNOSTIC,    20, -4.062591179345e-01, 4.151788573478e-06, 2.4586e+00, 4.2130e-02, 
 2DIAGNOSTIC,    21, -4.062710544814e-01, 5.182471670258e-06, 2.5045e+00, 4.5922e-02, 
 2DIAGNOSTIC,    22, -4.062755740235e-01, 5.999601903457e-06, 2.5599e+00, 5.5451e-02, 
 2DIAGNOSTIC,    23, -4.062768201386e-01, 6.307779279117e-06, 2.6087e+00, 4.8772e-02, 
 2DIAGNOSTIC,    24, -4.062761707785e-01, 6.110866497842e-06, 2.6545e+00, 4.5795e-02, 
 2DIAGNOSTIC,    25, -4.062769552998e-01, 5.473322914215e-06, 2.7005e+00, 4.5977e-02, 
 2DIAGNOSTIC,    26, -4.062773659109e-01, 4.717220971007e-06, 2.7472e+00, 4.6742e-02, 
 2DIAGNOSTIC,    27, -4.062787397469e-01, 3.886435229895e-06, 2.7935e+00, 4.6283e-02, 
 2DIAGNOSTIC,    28, -4.062775115183e-01, 2.739276066095e-06, 2.8363e+00, 4.2784e-02, 
 2DIAGNOSTIC,    29, -4.062802036486e-01, 1.804934470058e-06, 2.8768e+00, 4.0472e-02, 
 2DIAGNOSTIC,    30, -4.062928885797e-01, 1.705017185480e-06, 2.9281e+00, 5.1379e-02, 
 2DIAGNOSTIC,    31, -4.062966875108e-01, 1.894639968893e-06, 2.9756e+00, 4.7491e-02, 
 2DIAGNOSTIC,    32, -4.062966403864e-01, 2.088740049526e-06, 3.0247e+00, 4.9077e-02, 
 2DIAGNOSTIC,    33, -4.062963003182e-01, 2.192712635199e-06, 3.0705e+00, 4.5772e-02, 
 2DIAGNOSTIC,    34, -4.062957333083e-01, 2.148642588934e-06, 3.1107e+00, 4.0184e-02, 
 2DIAGNOSTIC,    35, -4.062979621669e-01, 2.047244759298e-06, 3.1560e+00, 4.5349e-02, 
 2DIAGNOSTIC,    36, -4.062993330599e-01, 1.874019622927e-06, 3.2041e+00, 4.8098e-02, 
 2DIAGNOSTIC,    37, -4.063014596787e-01, 1.686667552854e-06, 3.2508e+00, 4.6706e-02, 
 2DIAGNOSTIC,    38, -4.063008599738e-01, 1.399320496843e-06, 3.3024e+00, 5.1534e-02, 
 2DIAGNOSTIC,    39, -4.063007408207e-01, 1.114800947971e-06, 3.3497e+00, 4.7334e-02, 
 2DIAGNOSTIC,    40, -4.063015842547e-01, 1.050445599688e-06, 3.3966e+00, 4.6869e-02, 
 2DIAGNOSTIC,    41, -4.063023868592e-01, 1.041935998650e-06, 3.4431e+00, 4.6559e-02, 
DIAGNOSTIC,Iteration,metricValue,convergenceValue,ITERATION_TIME_INDEX,SINCE_LAST
 2DIAGNOSTIC,     1, -3.690955747271e-01, 1.797693134862e+308, 4.2431e+00, 7.9995e-01, 
 2DIAGNOSTIC,     2, -3.691452866041e-01, 1.797693134862e+308, 4.5118e+00, 2.6874e-01, 
 2DIAGNOSTIC,     3, -3.691489148396e-01, 1.797693134862e+308, 4.7411e+00, 2.2930e-01, 
 2DIAGNOSTIC,     4, -3.691494988448e-01, 1.797693134862e+308, 4.9876e+00, 2.4647e-01, 
 2DIAGNOSTIC,     5, -3.691530498420e-01, 1.797693134862e+308, 5.2111e+00, 2.2348e-01, 
 2DIAGNOSTIC,     6, -3.691541150556e-01, 1.797693134862e+308, 5.5698e+00, 3.5874e-01, 
 2DIAGNOSTIC,     7, -3.691543531516e-01, 1.797693134862e+308, 5.8479e+00, 2.7809e-01, 
 2DIAGNOSTIC,     8, -3.691542950382e-01, 1.797693134862e+308, 6.0780e+00, 2.3009e-01, 
 2DIAGNOSTIC,     9, -3.691541547010e-01, 1.797693134862e+308, 6.3032e+00, 2.2522e-01, 
 2DIAGNOSTIC,    10, -3.691540115198e-01, 8.755466377131e-06, 6.5333e+00, 2.3012e-01, 
 2DIAGNOSTIC,    11, -3.691541211966e-01, 4.094107870459e-06, 6.7565e+00, 2.2316e-01, 
 2DIAGNOSTIC,    12, -3.691541413088e-01, 3.289154768021e-06, 6.9706e+00, 2.1414e-01, 
 2DIAGNOSTIC,    13, -3.691540100504e-01, 2.760031482266e-06, 7.1941e+00, 2.2352e-01, 
 2DIAGNOSTIC,    14, -3.691540436932e-01, 2.307837824816e-06, 7.4445e+00, 2.5038e-01, 
 2DIAGNOSTIC,    15, -3.691539794695e-01, 2.090194467605e-06, 7.6749e+00, 2.3036e-01, 
 2DIAGNOSTIC,    16, -3.691536651291e-01, 1.938151353381e-06, 7.9036e+00, 2.2877e-01, 
 2DIAGNOSTIC,    17, -3.691535139194e-01, 1.812812021405e-06, 8.1064e+00, 2.0275e-01, 
 2DIAGNOSTIC,    18, -3.691534550836e-01, 1.702029768465e-06, 8.3540e+00, 2.4756e-01, 
 2DIAGNOSTIC,    19, -3.691534645918e-01, 1.603676943497e-06, 8.5845e+00, 2.3055e-01, 
 2DIAGNOSTIC,    20, -3.691532263239e-01, 1.506787035303e-06, 8.8026e+00, 2.1804e-01, 
 2DIAGNOSTIC,    21, -3.691530775363e-01, 1.425874523141e-06, 9.0381e+00, 2.3557e-01, 
 2DIAGNOSTIC,    22, -3.691530883243e-01, 1.362000804007e-06, 9.2713e+00, 2.3316e-01, 
 2DIAGNOSTIC,    23, -3.691530152464e-01, 1.304313771044e-06, 9.4855e+00, 2.1419e-01, 
 2DIAGNOSTIC,    24, -3.691530311421e-01, 1.260286408997e-06, 9.6940e+00, 2.0855e-01, 
 2DIAGNOSTIC,    25, -3.691532227960e-01, 1.230117939274e-06, 9.9212e+00, 2.2718e-01, 
 2DIAGNOSTIC,    26, -3.691532606208e-01, 1.198079001660e-06, 1.0141e+01, 2.1952e-01, 
 2DIAGNOSTIC,    27, -3.691531599436e-01, 1.163623798248e-06, 1.0365e+01, 2.2413e-01, 
 2DIAGNOSTIC,    28, -3.691533228979e-01, 1.135918254687e-06, 1.0622e+01, 2.5689e-01, 
 2DIAGNOSTIC,    29, -3.691533555215e-01, 1.111236755058e-06, 1.0883e+01, 2.6087e-01, 
 2DIAGNOSTIC,    30, -3.691532877676e-01, 1.078970104179e-06, 1.1124e+01, 2.4170e-01, 
 2DIAGNOSTIC,    31, -3.691531436012e-01, 1.039822262919e-06, 1.1346e+01, 2.2186e-01, 
  Elapsed time (stage 0): 1.1583e+01


Stage 1
  iterations = 1000x500x250x100
  convergence threshold = 1.0000e-06
  convergence window size = 10
  number of levels = 4
  using the Mattes MI metric (number of bins = 32, weight = 1.0000e+00, use gradient filter = 0)
  preprocessing:  winsorizing the image intensities
  Shrink factors (level 1 out of 4): [8, 8, 8]
  Shrink factors (level 2 out of 4): [4, 4, 4]
  Shrink factors (level 3 out of 4): [2, 2, 2]
  Shrink factors (level 4 out of 4): [1, 1, 1]
  smoothing sigmas per level: [3, 2, 1, 0]
  regular sampling (percentage = 2.5000e-01)

*** Running AffineTransform registration ***

DIAGNOSTIC,Iteration,metricValue,convergenceValue,ITERATION_TIME_INDEX,SINCE_LAST
 2DIAGNOSTIC,     1, -5.629173375081e-01, 1.797693134862e+308, 1.1860e-01, 1.1860e-01, 
 2DIAGNOSTIC,     2, -5.649220761736e-01, 1.797693134862e+308, 1.2540e-01, 6.7968e-03, 
 2DIAGNOSTIC,     3, -5.683504931933e-01, 1.797693134862e+308, 1.3449e-01, 9.0930e-03, 
 2DIAGNOSTIC,     4, -5.744911896832e-01, 1.797693134862e+308, 1.4222e-01, 7.7240e-03, 
 2DIAGNOSTIC,     5, -5.865747309236e-01, 1.797693134862e+308, 1.4948e-01, 7.2579e-03, 
 2DIAGNOSTIC,     6, -6.018622950311e-01, 1.797693134862e+308, 1.5623e-01, 6.7561e-03, 
 2DIAGNOSTIC,     7, -6.369024392071e-01, 1.797693134862e+308, 1.6291e-01, 6.6800e-03, 
 2DIAGNOSTIC,     8, -7.202494559203e-01, 1.797693134862e+308, 1.7109e-01, 8.1789e-03, 
 2DIAGNOSTIC,     9, -8.402662197355e-01, 1.797693134862e+308, 1.7823e-01, 7.1368e-03, 
 2DIAGNOSTIC,    10, -8.802144842812e-01, 3.027069754793e-02, 1.8580e-01, 7.5769e-03, 
 2DIAGNOSTIC,    11, -8.878858286002e-01, 3.254860266090e-02, 1.9331e-01, 7.5090e-03, 
 2DIAGNOSTIC,    12, -8.916671179986e-01, 3.172874321676e-02, 2.0209e-01, 8.7800e-03, 
 2DIAGNOSTIC,    13, -8.940570766835e-01, 2.840211950771e-02, 2.0938e-01, 7.2882e-03, 
 2DIAGNOSTIC,    14, -8.959381327689e-01, 2.329781868672e-02, 2.1723e-01, 7.8530e-03, 
 2DIAGNOSTIC,    15, -8.978567944601e-01, 1.729630530677e-02, 2.2658e-01, 9.3491e-03, 
 2DIAGNOSTIC,    16, -8.975503468626e-01, 1.103420143185e-02, 2.3609e-01, 9.5060e-03, 
 2DIAGNOSTIC,    17, -8.975977172843e-01, 5.418714337036e-03, 2.4293e-01, 6.8400e-03, 
 2DIAGNOSTIC,    18, -8.975198761002e-01, 1.712408304158e-03, 2.4975e-01, 6.8178e-03, 
 2DIAGNOSTIC,    19, -8.976169402888e-01, 6.237628934335e-04, 2.5610e-01, 6.3491e-03, 
 2DIAGNOSTIC,    20, -8.974584701859e-01, 3.307014937935e-04, 2.6355e-01, 7.4558e-03, 
 2DIAGNOSTIC,    21, -8.974622857165e-01, 1.716150042791e-04, 2.7193e-01, 8.3790e-03, 
 2DIAGNOSTIC,    22, -8.974175497541e-01, 7.448965053488e-05, 2.8038e-01, 8.4500e-03, 
 2DIAGNOSTIC,    23, -8.973445652248e-01, 1.582375841196e-05, 2.8811e-01, 7.7271e-03, 
DIAGNOSTIC,Iteration,metricValue,convergenceValue,ITERATION_TIME_INDEX,SINCE_LAST
 2DIAGNOSTIC,     1, -7.501083748038e-01, 1.797693134862e+308, 4.3849e-01, 1.5038e-01, 
 2DIAGNOSTIC,     2, -7.514867169454e-01, 1.797693134862e+308, 4.5129e-01, 1.2804e-02, 
 2DIAGNOSTIC,     3, -7.524467367156e-01, 1.797693134862e+308, 4.6413e-01, 1.2838e-02, 
 2DIAGNOSTIC,     4, -7.531553263476e-01, 1.797693134862e+308, 4.7607e-01, 1.1939e-02, 
 2DIAGNOSTIC,     5, -7.538890479053e-01, 1.797693134862e+308, 4.8940e-01, 1.3334e-02, 
 2DIAGNOSTIC,     6, -7.551486270385e-01, 1.797693134862e+308, 5.0123e-01, 1.1833e-02, 
 2DIAGNOSTIC,     7, -7.554456258672e-01, 1.797693134862e+308, 5.1934e-01, 1.8108e-02, 
 2DIAGNOSTIC,     8, -7.554762595058e-01, 1.797693134862e+308, 5.3018e-01, 1.0839e-02, 
 2DIAGNOSTIC,     9, -7.555295259330e-01, 1.797693134862e+308, 5.4346e-01, 1.3279e-02, 
 2DIAGNOSTIC,    10, -7.555407987480e-01, 4.695115156915e-04, 5.5440e-01, 1.0938e-02, 
 2DIAGNOSTIC,    11, -7.555296361953e-01, 3.182591050772e-04, 5.6641e-01, 1.2012e-02, 
 2DIAGNOSTIC,    12, -7.555318566549e-01, 2.068618120190e-04, 5.7937e-01, 1.2961e-02, 
 2DIAGNOSTIC,    13, -7.555133371278e-01, 1.216978271999e-04, 5.9045e-01, 1.1074e-02, 
 2DIAGNOSTIC,    14, -7.555298751046e-01, 5.735966132732e-05, 6.0202e-01, 1.1571e-02, 
 2DIAGNOSTIC,    15, -7.555413771745e-01, 1.447151964200e-05, 6.1302e-01, 1.1005e-02, 
 2DIAGNOSTIC,    16, -7.555455160581e-01, 5.394630000155e-06, 6.2409e-01, 1.1064e-02, 
 2DIAGNOSTIC,    17, -7.555661617490e-01, 4.118743986072e-06, 6.3832e-01, 1.4234e-02, 
 2DIAGNOSTIC,    18, -7.555543088679e-01, 3.135154672908e-06, 6.5047e-01, 1.2153e-02, 
 2DIAGNOSTIC,    19, -7.555804749356e-01, 3.702788267647e-06, 6.6133e-01, 1.0853e-02, 
 2DIAGNOSTIC,    20, -7.556037903473e-01, 4.661836908934e-06, 6.7366e-01, 1.2337e-02, 
 2DIAGNOSTIC,    21, -7.556248803321e-01, 5.408010907315e-06, 6.8697e-01, 1.3305e-02, 
 2DIAGNOSTIC,    22, -7.556215622316e-01, 5.716201499521e-06, 6.9923e-01, 1.2266e-02, 
 2DIAGNOSTIC,    23, -7.556189202537e-01, 5.259692917946e-06, 7.1201e-01, 1.2772e-02, 
 2DIAGNOSTIC,    24, -7.556191534238e-01, 4.740374103911e-06, 7.2392e-01, 1.1919e-02, 
 2DIAGNOSTIC,    25, -7.556192448719e-01, 4.105763918155e-06, 7.3391e-01, 9.9900e-03, 
 2DIAGNOSTIC,    26, -7.556099957686e-01, 3.168344701932e-06, 7.4403e-01, 1.0117e-02, 
 2DIAGNOSTIC,    27, -7.556333015949e-01, 2.748179739873e-06, 7.5531e-01, 1.1283e-02, 
 2DIAGNOSTIC,    28, -7.556461755095e-01, 2.212423048049e-06, 7.6804e-01, 1.2726e-02, 
 2DIAGNOSTIC,    29, -7.556614645212e-01, 2.141111464654e-06, 7.8013e-01, 1.2091e-02, 
 2DIAGNOSTIC,    30, -7.556661412171e-01, 2.320156467894e-06, 7.9205e-01, 1.1917e-02, 
 2DIAGNOSTIC,    31, -7.557669801623e-01, 3.853761284665e-06, 8.0324e-01, 1.1186e-02, 
 2DIAGNOSTIC,    32, -7.559227367691e-01, 6.782407037789e-06, 8.1482e-01, 1.1587e-02, 
 2DIAGNOSTIC,    33, -7.559730651628e-01, 9.486309538176e-06, 8.3128e-01, 1.6453e-02, 
 2DIAGNOSTIC,    34, -7.560511407990e-01, 1.211120218260e-05, 8.4772e-01, 1.6440e-02, 
 2DIAGNOSTIC,    35, -7.562284501246e-01, 1.544400996390e-05, 8.6341e-01, 1.5692e-02, 
 2DIAGNOSTIC,    36, -7.562420220945e-01, 1.719302055460e-05, 8.7789e-01, 1.4486e-02, 
 2DIAGNOSTIC,    37, -7.562638402832e-01, 1.775139110891e-05, 8.9396e-01, 1.6068e-02, 
 2DIAGNOSTIC,    38, -7.562563875469e-01, 1.674486072911e-05, 9.0669e-01, 1.2726e-02, 
 2DIAGNOSTIC,    39, -7.562465199423e-01, 1.434707307907e-05, 9.1972e-01, 1.3031e-02, 
 2DIAGNOSTIC,    40, -7.562360621800e-01, 1.069657172192e-05, 9.3355e-01, 1.3836e-02, 
 2DIAGNOSTIC,    41, -7.562376564198e-01, 7.187535425633e-06, 9.4413e-01, 1.0576e-02, 
 2DIAGNOSTIC,    42, -7.562244587400e-01, 4.525795518046e-06, 9.5580e-01, 1.1671e-02, 
 2DIAGNOSTIC,    43, -7.562254720280e-01, 2.081056535670e-06, 9.6956e-01, 1.3760e-02, 
DIAGNOSTIC,Iteration,metricValue,convergenceValue,ITERATION_TIME_INDEX,SINCE_LAST
 2DIAGNOSTIC,     1, -6.263558713992e-01, 1.797693134862e+308, 1.2342e+00, 2.6463e-01, 
 2DIAGNOSTIC,     2, -6.272341450288e-01, 1.797693134862e+308, 1.2896e+00, 5.5449e-02, 
 2DIAGNOSTIC,     3, -6.282469990276e-01, 1.797693134862e+308, 1.3446e+00, 5.4964e-02, 
 2DIAGNOSTIC,     4, -6.295298830637e-01, 1.797693134862e+308, 1.4042e+00, 5.9570e-02, 
 2DIAGNOSTIC,     5, -6.307588482795e-01, 1.797693134862e+308, 1.4622e+00, 5.8009e-02, 
 2DIAGNOSTIC,     6, -6.318848832676e-01, 1.797693134862e+308, 1.5625e+00, 1.0031e-01, 
 2DIAGNOSTIC,     7, -6.318876416793e-01, 1.797693134862e+308, 1.6294e+00, 6.6943e-02, 
 2DIAGNOSTIC,     8, -6.318872616877e-01, 1.797693134862e+308, 1.6949e+00, 6.5454e-02, 
 2DIAGNOSTIC,     9, -6.318842463100e-01, 1.797693134862e+308, 1.7531e+00, 5.8246e-02, 
 2DIAGNOSTIC,    10, -6.318855114866e-01, 6.091083782364e-04, 1.8335e+00, 8.0412e-02, 
 2DIAGNOSTIC,    11, -6.318829307051e-01, 4.131220754817e-04, 1.8962e+00, 6.2684e-02, 
 2DIAGNOSTIC,    12, -6.318817659016e-01, 2.461346296427e-04, 1.9579e+00, 6.1719e-02, 
 2DIAGNOSTIC,    13, -6.318806411723e-01, 1.178659676843e-04, 2.0136e+00, 5.5699e-02, 
 2DIAGNOSTIC,    14, -6.318755450016e-01, 3.791294077164e-05, 2.0754e+00, 6.1762e-02, 
 2DIAGNOSTIC,    15, -6.318759204688e-01, 1.350600035491e-06, 2.1416e+00, 6.6163e-02, 
 2DIAGNOSTIC,    16, -6.318709140407e-01, 1.000004214047e-06, 2.2035e+00, 6.1902e-02, 
DIAGNOSTIC,Iteration,metricValue,convergenceValue,ITERATION_TIME_INDEX,SINCE_LAST
 2DIAGNOSTIC,     1, -5.585442669398e-01, 1.797693134862e+308, 3.1536e+00, 9.5011e-01, 
 2DIAGNOSTIC,     2, -5.588893116208e-01, 1.797693134862e+308, 3.4995e+00, 3.4596e-01, 
 2DIAGNOSTIC,     3, -5.592339978787e-01, 1.797693134862e+308, 3.8446e+00, 3.4506e-01, 
 2DIAGNOSTIC,     4, -5.598668887262e-01, 1.797693134862e+308, 4.1830e+00, 3.3842e-01, 
 2DIAGNOSTIC,     5, -5.600130964068e-01, 1.797693134862e+308, 4.6468e+00, 4.6379e-01, 
 2DIAGNOSTIC,     6, -5.600228298101e-01, 1.797693134862e+308, 5.0581e+00, 4.1125e-01, 
 2DIAGNOSTIC,     7, -5.600230054673e-01, 1.797693134862e+308, 5.4209e+00, 3.6282e-01, 
 2DIAGNOSTIC,     8, -5.600228387283e-01, 1.797693134862e+308, 5.7825e+00, 3.6157e-01, 
 2DIAGNOSTIC,     9, -5.600223811311e-01, 1.797693134862e+308, 6.2117e+00, 4.2922e-01, 
 2DIAGNOSTIC,    10, -5.600222237552e-01, 1.604131035410e-04, 6.5800e+00, 3.6828e-01, 
 2DIAGNOSTIC,    11, -5.600219417965e-01, 9.221540624403e-05, 6.9368e+00, 3.5686e-01, 
 2DIAGNOSTIC,    12, -5.600218881328e-01, 4.198320850395e-05, 7.3056e+00, 3.6880e-01, 
 2DIAGNOSTIC,    13, -5.600216756942e-01, 8.752087995820e-06, 7.6473e+00, 3.4163e-01, 
 2DIAGNOSTIC,    14, -5.600215103929e-01, 2.497171679577e-06, 8.0036e+00, 3.5630e-01, 
 2DIAGNOSTIC,    15, -5.600219934492e-01, 2.012035408505e-06, 8.3705e+00, 3.6697e-01, 
 2DIAGNOSTIC,    16, -5.600217194657e-01, 1.896872810964e-06, 8.7397e+00, 3.6916e-01, 
 2DIAGNOSTIC,    17, -5.600213986814e-01, 1.799714279938e-06, 9.2044e+00, 4.6469e-01, 
 2DIAGNOSTIC,    18, -5.600212681408e-01, 1.712335250502e-06, 9.5706e+00, 3.6624e-01, 
 2DIAGNOSTIC,    19, -5.600211430119e-01, 1.623661356379e-06, 9.9348e+00, 3.6416e-01, 
 2DIAGNOSTIC,    20, -5.600208813216e-01, 1.537823841158e-06, 1.0288e+01, 3.5320e-01, 
 2DIAGNOSTIC,    21, -5.600209264209e-01, 1.459491713769e-06, 1.0653e+01, 3.6463e-01, 
 2DIAGNOSTIC,    22, -5.600209555062e-01, 1.393205125835e-06, 1.1018e+01, 3.6540e-01, 
 2DIAGNOSTIC,    23, -5.600208366473e-01, 1.330461451780e-06, 1.1378e+01, 3.5985e-01, 
 2DIAGNOSTIC,    24, -5.600207085725e-01, 1.271404051310e-06, 1.1711e+01, 3.3284e-01, 
 2DIAGNOSTIC,    25, -5.600204475630e-01, 1.226874155220e-06, 1.2043e+01, 3.3259e-01, 
 2DIAGNOSTIC,    26, -5.600203488171e-01, 1.182994208336e-06, 1.2418e+01, 3.7515e-01, 
 2DIAGNOSTIC,    27, -5.600202366228e-01, 1.137977083336e-06, 1.2782e+01, 3.6365e-01, 
 2DIAGNOSTIC,    28, -5.600201300039e-01, 1.095715223755e-06, 1.3118e+01, 3.3582e-01, 
 2DIAGNOSTIC,    29, -5.600200489113e-01, 1.056807774097e-06, 1.3481e+01, 3.6351e-01, 
 2DIAGNOSTIC,    30, -5.600201019017e-01, 1.020802953694e-06, 1.3824e+01, 3.4208e-01, 
  Elapsed time (stage 1): 1.4128e+01


Stage 2
  iterations = 100x70x50x20
  convergence threshold = 1.0000e-06
  convergence window size = 10
  number of levels = 4
  using the CC metric (radius = 4, weight = 1.0000e+00, use gradient filter = 0)
  preprocessing:  winsorizing the image intensities
  Shrink factors (level 1 out of 4): [8, 8, 8]
  Shrink factors (level 2 out of 4): [4, 4, 4]
  Shrink factors (level 3 out of 4): [2, 2, 2]
  Shrink factors (level 4 out of 4): [1, 1, 1]
  smoothing sigmas per level: [3, 2, 1, 0]
  Using default NONE metricSamplingStrategy 

*** Running SyN registration (varianceForUpdateField = 3.0000e+00, varianceForTotalField = 0.0000e+00) ***

XXDIAGNOSTIC,Iteration,metricValue,convergenceValue,ITERATION_TIME_INDEX,SINCE_LAST
 1DIAGNOSTIC,     1, -9.308141716239e-01, 1.797693134862e+308, 1.8874e-01, 1.8874e-01, 
 1DIAGNOSTIC,     2, -9.381541141838e-01, 1.797693134862e+308, 2.7186e-01, 8.3119e-02, 
 1DIAGNOSTIC,     3, -9.437071266822e-01, 1.797693134862e+308, 3.6684e-01, 9.4981e-02, 
 1DIAGNOSTIC,     4, -9.478503025672e-01, 1.797693134862e+308, 4.4902e-01, 8.2177e-02, 
 1DIAGNOSTIC,     5, -9.507192379391e-01, 1.797693134862e+308, 5.3323e-01, 8.4209e-02, 
 1DIAGNOSTIC,     6, -9.533063703240e-01, 1.797693134862e+308, 6.2129e-01, 8.8062e-02, 
 1DIAGNOSTIC,     7, -9.557380019329e-01, 1.797693134862e+308, 6.9391e-01, 7.2613e-02, 
 1DIAGNOSTIC,     8, -9.581083640169e-01, 1.797693134862e+308, 7.7250e-01, 7.8594e-02, 
 1DIAGNOSTIC,     9, -9.602691676375e-01, 1.797693134862e+308, 8.6269e-01, 9.0187e-02, 
 1DIAGNOSTIC,    10, -9.621921967640e-01, 1.945175778831e-03, 9.4372e-01, 8.1036e-02, 
 1DIAGNOSTIC,    11, -9.638324128369e-01, 1.480282555992e-03, 1.0290e+00, 8.5318e-02, 
 1DIAGNOSTIC,    12, -9.653656232943e-01, 1.179231874897e-03, 1.1220e+00, 9.2926e-02, 
 1DIAGNOSTIC,    13, -9.666332498859e-01, 9.731286430670e-04, 1.2183e+00, 9.6343e-02, 
 1DIAGNOSTIC,    14, -9.677888676274e-01, 8.202166687344e-04, 1.3110e+00, 9.2657e-02, 
 1DIAGNOSTIC,    15, -9.688536865130e-01, 6.904006575406e-04, 1.3997e+00, 8.8692e-02, 
 1DIAGNOSTIC,    16, -9.696563027758e-01, 5.761030671978e-04, 1.4931e+00, 9.3432e-02, 
 1DIAGNOSTIC,    17, -9.703776095807e-01, 4.769894324135e-04, 1.5782e+00, 8.5071e-02, 
 1DIAGNOSTIC,    18, -9.709579000049e-01, 3.931813760562e-04, 1.6635e+00, 8.5329e-02, 
 1DIAGNOSTIC,    19, -9.714620463310e-01, 3.231141583824e-04, 1.7636e+00, 1.0008e-01, 
 1DIAGNOSTIC,    20, -9.719065679737e-01, 2.649292951361e-04, 1.8638e+00, 1.0025e-01, 
 1DIAGNOSTIC,    21, -9.722847774131e-01, 2.159067850508e-04, 1.9536e+00, 8.9808e-02, 
 1DIAGNOSTIC,    22, -9.725650414253e-01, 1.755137229422e-04, 2.0371e+00, 8.3489e-02, 
 1DIAGNOSTIC,    23, -9.728642931161e-01, 1.423137477669e-04, 2.1254e+00, 8.8309e-02, 
 1DIAGNOSTIC,    24, -9.730920274195e-01, 1.154930321395e-04, 2.2229e+00, 9.7509e-02, 
 1DIAGNOSTIC,    25, -9.733359361206e-01, 9.542664911603e-05, 2.3220e+00, 9.9026e-02, 
 1DIAGNOSTIC,    26, -9.734828839051e-01, 7.869652792934e-05, 2.4107e+00, 8.8702e-02, 
 1DIAGNOSTIC,    27, -9.736838292729e-01, 6.591840834327e-05, 2.4976e+00, 8.6906e-02, 
 1DIAGNOSTIC,    28, -9.737653009705e-01, 5.482863164277e-05, 2.5792e+00, 8.1659e-02, 
 1DIAGNOSTIC,    29, -9.739139560164e-01, 4.601105863325e-05, 2.6643e+00, 8.5056e-02, 
 1DIAGNOSTIC,    30, -9.739318335408e-01, 3.800754244405e-05, 2.7428e+00, 7.8536e-02, 
 1DIAGNOSTIC,    31, -9.740542695407e-01, 3.176829617332e-05, 2.8273e+00, 8.4452e-02, 
 1DIAGNOSTIC,    32, -9.740270433250e-01, 2.527720878279e-05, 2.9253e+00, 9.8073e-02, 
 1DIAGNOSTIC,    33, -9.741095098305e-01, 2.027650810782e-05, 3.0110e+00, 8.5700e-02, 
 1DIAGNOSTIC,    34, -9.740755250327e-01, 1.537076806696e-05, 3.0981e+00, 8.7091e-02, 
 1DIAGNOSTIC,    35, -9.741607042502e-01, 1.214302907774e-05, 3.1852e+00, 8.7067e-02, 
 1DIAGNOSTIC,    36, -9.741245731034e-01, 8.886713867787e-06, 3.2697e+00, 8.4454e-02, 
 1DIAGNOSTIC,    37, -9.742136393439e-01, 7.360852014752e-06, 3.3534e+00, 8.3758e-02, 
 1DIAGNOSTIC,    38, -9.741748344245e-01, 5.590750574772e-06, 3.4375e+00, 8.4066e-02, 
 1DIAGNOSTIC,    39, -9.742649122016e-01, 5.275646869828e-06, 3.5266e+00, 8.9141e-02, 
 1DIAGNOSTIC,    40, -9.742235610906e-01, 4.340595368597e-06, 3.6153e+00, 8.8710e-02, 
 1DIAGNOSTIC,    41, -9.743142350076e-01, 4.662047939752e-06, 3.6938e+00, 7.8470e-02, 
 1DIAGNOSTIC,    42, -9.742712152156e-01, 4.076458101902e-06, 3.7693e+00, 7.5511e-02, 
 1DIAGNOSTIC,    43, -9.744105636192e-01, 4.738517977353e-06, 3.8495e+00, 8.0236e-02, 
 1DIAGNOSTIC,    44, -9.743576491745e-01, 4.370465174233e-06, 3.9267e+00, 7.7135e-02, 
 1DIAGNOSTIC,    45, -9.744226911430e-01, 4.677304724018e-06, 4.0241e+00, 9.7455e-02, 
 1DIAGNOSTIC,    46, -9.743317084655e-01, 3.760572594911e-06, 4.1243e+00, 1.0016e-01, 
 1DIAGNOSTIC,    47, -9.745287095798e-01, 4.401727994315e-06, 4.2083e+00, 8.4042e-02, 
 1DIAGNOSTIC,    48, -9.744158613741e-01, 3.675340241101e-06, 4.2926e+00, 8.4284e-02, 
 1DIAGNOSTIC,    49, -9.744763732980e-01, 3.627776312048e-06, 4.3784e+00, 8.5757e-02, 
 1DIAGNOSTIC,    50, -9.744357989795e-01, 2.808537441803e-06, 4.4626e+00, 8.4179e-02, 
 1DIAGNOSTIC,    51, -9.745756038568e-01, 3.155460011513e-06, 4.5392e+00, 7.6648e-02, 
 1DIAGNOSTIC,    52, -9.745126230113e-01, 2.593883214021e-06, 4.6218e+00, 8.2548e-02, 
 1DIAGNOSTIC,    53, -9.745693973828e-01, 2.975041756292e-06, 4.7114e+00, 8.9643e-02, 
 1DIAGNOSTIC,    54, -9.745267466623e-01, 2.593510850687e-06, 4.8047e+00, 9.3343e-02, 
 1DIAGNOSTIC,    55, -9.746636030504e-01, 3.131851126700e-06, 4.8902e+00, 8.5458e-02, 
 1DIAGNOSTIC,    56, -9.746004790043e-01, 2.538413451460e-06, 4.9947e+00, 1.0455e-01, 
 1DIAGNOSTIC,    57, -9.746557854768e-01, 3.108163474718e-06, 5.0890e+00, 9.4221e-02, 
 1DIAGNOSTIC,    58, -9.746118384144e-01, 2.617361066271e-06, 5.1737e+00, 8.4742e-02, 
 1DIAGNOSTIC,    59, -9.747476274480e-01, 2.933839871572e-06, 5.2602e+00, 8.6446e-02, 
 1DIAGNOSTIC,    60, -9.746841634059e-01, 2.455965207215e-06, 5.3472e+00, 8.7006e-02, 
 1DIAGNOSTIC,    61, -9.747377078743e-01, 2.761655515111e-06, 5.4391e+00, 9.1954e-02, 
 1DIAGNOSTIC,    62, -9.746936287772e-01, 2.333412800027e-06, 5.5361e+00, 9.6969e-02, 
 1DIAGNOSTIC,    63, -9.748269344629e-01, 2.641106589905e-06, 5.6225e+00, 8.6367e-02, 
 1DIAGNOSTIC,    64, -9.747637980046e-01, 2.207348405257e-06, 5.7058e+00, 8.3338e-02, 
 1DIAGNOSTIC,    65, -9.748141987700e-01, 2.488660435063e-06, 5.7890e+00, 8.3161e-02, 
 1DIAGNOSTIC,    66, -9.747700370536e-01, 2.090752483055e-06, 5.8840e+00, 9.5013e-02, 
 1DIAGNOSTIC,    67, -9.749002231927e-01, 2.373359217631e-06, 5.9711e+00, 8.7090e-02, 
 1DIAGNOSTIC,    68, -9.748375931085e-01, 1.966547758032e-06, 6.0672e+00, 9.6159e-02, 
 1DIAGNOSTIC,    69, -9.748868178004e-01, 2.233248583481e-06, 6.1533e+00, 8.6056e-02, 
 1DIAGNOSTIC,    70, -9.748425793536e-01, 1.869266105001e-06, 6.2489e+00, 9.5636e-02, 
 1DIAGNOSTIC,    71, -9.749723691185e-01, 2.147188466526e-06, 6.3351e+00, 8.6236e-02, 
 1DIAGNOSTIC,    72, -9.749087301513e-01, 1.778795829976e-06, 6.4229e+00, 8.7729e-02, 
 1DIAGNOSTIC,    73, -9.749571877772e-01, 2.040182471543e-06, 6.5110e+00, 8.8152e-02, 
 1DIAGNOSTIC,    74, -9.749123299064e-01, 1.711133207410e-06, 6.6088e+00, 9.7775e-02, 
 1DIAGNOSTIC,    75, -9.750412866566e-01, 1.978482888638e-06, 6.6969e+00, 8.8129e-02, 
 1DIAGNOSTIC,    76, -9.749768898466e-01, 1.636266262477e-06, 6.7765e+00, 7.9604e-02, 
 1DIAGNOSTIC,    77, -9.750232690894e-01, 1.875163573480e-06, 6.8523e+00, 7.5785e-02, 
 1DIAGNOSTIC,    78, -9.749778693490e-01, 1.560453017451e-06, 6.9375e+00, 8.5224e-02, 
 1DIAGNOSTIC,    79, -9.751027001520e-01, 1.797739553088e-06, 7.0294e+00, 9.1872e-02, 
 1DIAGNOSTIC,    80, -9.750374861015e-01, 1.461604670738e-06, 7.1254e+00, 9.6010e-02, 
 1DIAGNOSTIC,    81, -9.750826724085e-01, 1.680791949886e-06, 7.2087e+00, 8.3232e-02, 
 1DIAGNOSTIC,    82, -9.750351281401e-01, 1.372508156825e-06, 7.2874e+00, 7.8750e-02, 
 1DIAGNOSTIC,    83, -9.751581446408e-01, 1.591234185883e-06, 7.3756e+00, 8.8184e-02, 
 1DIAGNOSTIC,    84, -9.750919998953e-01, 1.270771906814e-06, 7.4536e+00, 7.7995e-02, 
 1DIAGNOSTIC,    85, -9.751351858846e-01, 1.480919721885e-06, 7.5399e+00, 8.6313e-02, 
 1DIAGNOSTIC,    86, -9.750864155740e-01, 1.193452556373e-06, 7.6315e+00, 9.1587e-02, 
 1DIAGNOSTIC,    87, -9.752069988797e-01, 1.404104235188e-06, 7.7101e+00, 7.8661e-02, 
 1DIAGNOSTIC,    88, -9.751401469046e-01, 1.107711986175e-06, 7.8126e+00, 1.0242e-01, 
 1DIAGNOSTIC,    89, -9.751815255959e-01, 1.308008054672e-06, 7.8954e+00, 8.2870e-02, 
 1DIAGNOSTIC,    90, -9.751319012353e-01, 1.038022387276e-06, 7.9774e+00, 8.2011e-02, 
 1DIAGNOSTIC,    91, -9.752504392377e-01, 1.243426255845e-06, 8.0545e+00, 7.7022e-02, 
 1DIAGNOSTIC,    92, -9.751833507460e-01, 9.662527030822e-07, 8.1454e+00, 9.0924e-02, 
XXDIAGNOSTIC,Iteration,metricValue,convergenceValue,ITERATION_TIME_INDEX,SINCE_LAST
 1DIAGNOSTIC,     1, -9.170882169442e-01, 1.797693134862e+308, 8.6184e+00, 4.7306e-01, 
 1DIAGNOSTIC,     2, -9.192320898901e-01, 1.797693134862e+308, 8.9845e+00, 3.6603e-01, 
 1DIAGNOSTIC,     3, -9.223006243016e-01, 1.797693134862e+308, 9.3475e+00, 3.6304e-01, 
 1DIAGNOSTIC,     4, -9.254088477544e-01, 1.797693134862e+308, 9.7137e+00, 3.6621e-01, 
 1DIAGNOSTIC,     5, -9.276961011134e-01, 1.797693134862e+308, 1.0073e+01, 3.5939e-01, 
 1DIAGNOSTIC,     6, -9.297284621478e-01, 1.797693134862e+308, 1.0428e+01, 3.5471e-01, 
 1DIAGNOSTIC,     7, -9.315170779183e-01, 1.797693134862e+308, 1.0763e+01, 3.3532e-01, 
 1DIAGNOSTIC,     8, -9.330938606800e-01, 1.797693134862e+308, 1.1109e+01, 3.4589e-01, 
 1DIAGNOSTIC,     9, -9.345220874102e-01, 1.797693134862e+308, 1.1470e+01, 3.6112e-01, 
 1DIAGNOSTIC,    10, -9.358345727266e-01, 1.316606114559e-03, 1.1826e+01, 3.5632e-01, 
 1DIAGNOSTIC,    11, -9.370065576601e-01, 1.082913178382e-03, 1.2171e+01, 3.4480e-01, 
 1DIAGNOSTIC,    12, -9.380414290096e-01, 8.713632167737e-04, 1.2573e+01, 4.0187e-01, 
 1DIAGNOSTIC,    13, -9.389712806827e-01, 7.067673577732e-04, 1.2939e+01, 3.6538e-01, 
 1DIAGNOSTIC,    14, -9.397602440739e-01, 5.860273242925e-04, 1.3303e+01, 3.6397e-01, 
 1DIAGNOSTIC,    15, -9.404465522270e-01, 4.879839299080e-04, 1.3650e+01, 3.4706e-01, 
 1DIAGNOSTIC,    16, -9.410565609196e-01, 4.075088024023e-04, 1.4004e+01, 3.5421e-01, 
 1DIAGNOSTIC,    17, -9.416150332244e-01, 3.408378157578e-04, 1.4356e+01, 3.5174e-01, 
 1DIAGNOSTIC,    18, -9.421281518073e-01, 2.852640808324e-04, 1.4731e+01, 3.7542e-01, 
 1DIAGNOSTIC,    19, -9.426184018720e-01, 2.396859831778e-04, 1.5095e+01, 3.6416e-01, 
 1DIAGNOSTIC,    20, -9.427874984885e-01, 1.988138785851e-04, 1.5462e+01, 3.6735e-01, 
 1DIAGNOSTIC,    21, -9.430843958863e-01, 1.646156587007e-04, 1.5846e+01, 3.8340e-01, 
 1DIAGNOSTIC,    22, -9.432877468511e-01, 1.351922779220e-04, 1.6222e+01, 3.7591e-01, 
 1DIAGNOSTIC,    23, -9.435082965774e-01, 1.108226516056e-04, 1.6591e+01, 3.6959e-01, 
 1DIAGNOSTIC,    24, -9.437361196866e-01, 9.095035451877e-05, 1.6959e+01, 3.6809e-01, 
 1DIAGNOSTIC,    25, -9.439644253430e-01, 7.527144231186e-05, 1.7312e+01, 3.5254e-01, 
 1DIAGNOSTIC,    26, -9.441543961268e-01, 6.309313515993e-05, 1.7671e+01, 3.5883e-01, 
 1DIAGNOSTIC,    27, -9.443151199705e-01, 5.396553489569e-05, 1.8039e+01, 3.6789e-01, 
 1DIAGNOSTIC,    28, -9.444536297655e-01, 4.745808416649e-05, 1.8399e+01, 3.6056e-01, 
 1DIAGNOSTIC,    29, -9.445702759465e-01, 4.335184163406e-05, 1.8755e+01, 3.5617e-01, 
 1DIAGNOSTIC,    30, -9.446670689995e-01, 3.814496043680e-05, 1.9145e+01, 3.8923e-01, 
 1DIAGNOSTIC,    31, -9.447469188454e-01, 3.342002673772e-05, 1.9504e+01, 3.5926e-01, 
 1DIAGNOSTIC,    32, -9.448119992014e-01, 2.843796070075e-05, 1.9883e+01, 3.7899e-01, 
 1DIAGNOSTIC,    33, -9.448651396182e-01, 2.363995079752e-05, 2.0234e+01, 3.5113e-01, 
 1DIAGNOSTIC,    34, -9.449011177796e-01, 1.928981067030e-05, 2.0607e+01, 3.7312e-01, 
 1DIAGNOSTIC,    35, -9.449210812783e-01, 1.556967054119e-05, 2.0976e+01, 3.6856e-01, 
 1DIAGNOSTIC,    36, -9.449330656218e-01, 1.234386344881e-05, 2.1349e+01, 3.7305e-01, 
 1DIAGNOSTIC,    37, -9.449345696514e-01, 9.513848696324e-06, 2.1734e+01, 3.8485e-01, 
 1DIAGNOSTIC,    38, -9.449266166982e-01, 7.036408153138e-06, 2.2110e+01, 3.7683e-01, 
 1DIAGNOSTIC,    39, -9.449123672043e-01, 4.881933671274e-06, 2.2488e+01, 3.7783e-01, 
 1DIAGNOSTIC,    40, -9.448892231106e-01, 2.999534413208e-06, 2.2831e+01, 3.4260e-01, 
 1DIAGNOSTIC,    41, -9.448635946474e-01, 1.395620214055e-06, 2.3193e+01, 3.6217e-01, 
 1DIAGNOSTIC,    42, -9.448324838191e-01, 5.026199372676e-08, 2.3557e+01, 3.6430e-01, 
XXDIAGNOSTIC,Iteration,metricValue,convergenceValue,ITERATION_TIME_INDEX,SINCE_LAST
 1DIAGNOSTIC,     1, -8.993683032402e-01, 1.797693134862e+308, 2.5885e+01, 2.3275e+00, 
 1DIAGNOSTIC,     2, -9.013224223124e-01, 1.797693134862e+308, 2.8035e+01, 2.1498e+00, 
 1DIAGNOSTIC,     3, -9.039510262816e-01, 1.797693134862e+308, 3.0187e+01, 2.1525e+00, 
 1DIAGNOSTIC,     4, -9.062498720866e-01, 1.797693134862e+308, 3.2331e+01, 2.1434e+00, 
 1DIAGNOSTIC,     5, -9.082007022612e-01, 1.797693134862e+308, 3.4443e+01, 2.1126e+00, 
 1DIAGNOSTIC,     6, -9.100390815054e-01, 1.797693134862e+308, 3.6582e+01, 2.1391e+00, 
 1DIAGNOSTIC,     7, -9.117822478407e-01, 1.797693134862e+308, 3.8633e+01, 2.0509e+00, 
 1DIAGNOSTIC,     8, -9.134662682219e-01, 1.797693134862e+308, 4.0761e+01, 2.1279e+00, 
 1DIAGNOSTIC,     9, -9.150859562257e-01, 1.797693134862e+308, 4.2837e+01, 2.0759e+00, 
 1DIAGNOSTIC,    10, -9.165870446840e-01, 1.217147136764e-03, 4.4954e+01, 2.1176e+00, 
 1DIAGNOSTIC,    11, -9.179909804250e-01, 1.044318856058e-03, 4.7023e+01, 2.0685e+00, 
 1DIAGNOSTIC,    12, -9.193221802255e-01, 8.912091596482e-04, 4.9137e+01, 2.1140e+00, 
 1DIAGNOSTIC,    13, -9.204524431143e-01, 7.706345604569e-04, 5.1261e+01, 2.1237e+00, 
 1DIAGNOSTIC,    14, -9.214830608521e-01, 6.709611634548e-04, 5.3432e+01, 2.1709e+00, 
 1DIAGNOSTIC,    15, -9.224823709507e-01, 5.841950043689e-04, 5.5573e+01, 2.1410e+00, 
 1DIAGNOSTIC,    16, -9.234007486234e-01, 5.079528659885e-04, 5.7664e+01, 2.0917e+00, 
 1DIAGNOSTIC,    17, -9.240712486153e-01, 4.377500891785e-04, 5.9719e+01, 2.0546e+00, 
 1DIAGNOSTIC,    18, -9.247458820761e-01, 3.754662890036e-04, 6.1847e+01, 2.1285e+00, 
 1DIAGNOSTIC,    19, -9.255430842823e-01, 3.242718219172e-04, 6.3890e+01, 2.0429e+00, 
 1DIAGNOSTIC,    20, -9.261915148697e-01, 2.811238539869e-04, 6.5989e+01, 2.0992e+00, 
 1DIAGNOSTIC,    21, -9.267610527703e-01, 2.448476223151e-04, 6.8032e+01, 2.0430e+00, 
 1DIAGNOSTIC,    22, -9.272593501195e-01, 2.147467654606e-04, 7.0087e+01, 2.0549e+00, 
 1DIAGNOSTIC,    23, -9.277010823823e-01, 1.883051105397e-04, 7.2152e+01, 2.0644e+00, 
 1DIAGNOSTIC,    24, -9.281009991140e-01, 1.647493867808e-04, 7.4285e+01, 2.1335e+00, 
 1DIAGNOSTIC,    25, -9.284618479539e-01, 1.443391323996e-04, 7.6365e+01, 2.0800e+00, 
 1DIAGNOSTIC,    26, -9.287912719356e-01, 1.267945178119e-04, 7.8471e+01, 2.1056e+00, 
 1DIAGNOSTIC,    27, -9.290952523647e-01, 1.097910064227e-04, 8.0541e+01, 2.0697e+00, 
 1DIAGNOSTIC,    28, -9.293806226357e-01, 9.420549797925e-05, 8.2580e+01, 2.0392e+00, 
 1DIAGNOSTIC,    29, -9.296474466543e-01, 8.212731203936e-05, 8.4704e+01, 2.1246e+00, 
 1DIAGNOSTIC,    30, -9.298944823001e-01, 7.231116706825e-05, 8.6795e+01, 2.0909e+00, 
 1DIAGNOSTIC,    31, -9.301299172437e-01, 6.431645179047e-05, 8.8861e+01, 2.0659e+00, 
 1DIAGNOSTIC,    32, -9.303565036116e-01, 5.774070059964e-05, 9.0946e+01, 2.0849e+00, 
 1DIAGNOSTIC,    33, -9.305732809957e-01, 5.226844249902e-05, 9.3018e+01, 2.0720e+00, 
 1DIAGNOSTIC,    34, -9.307877532953e-01, 4.775958941855e-05, 9.5146e+01, 2.1280e+00, 
 1DIAGNOSTIC,    35, -9.309924121624e-01, 4.398558549872e-05, 9.7224e+01, 2.0785e+00, 
 1DIAGNOSTIC,    36, -9.311891493059e-01, 4.078050567097e-05, 9.9300e+01, 2.0756e+00, 
 1DIAGNOSTIC,    37, -9.313802485591e-01, 3.802877934751e-05, 1.0138e+02, 2.0772e+00, 
 1DIAGNOSTIC,    38, -9.315684930009e-01, 3.567799326148e-05, 1.0348e+02, 2.1027e+00, 
 1DIAGNOSTIC,    39, -9.317536551372e-01, 3.365607341841e-05, 1.0551e+02, 2.0272e+00, 
 1DIAGNOSTIC,    40, -9.319366850818e-01, 3.187582241443e-05, 1.0759e+02, 2.0876e+00, 
 1DIAGNOSTIC,    41, -9.321174699897e-01, 3.030620574438e-05, 1.0966e+02, 2.0664e+00, 
 1DIAGNOSTIC,    42, -9.322958506868e-01, 2.892605996856e-05, 1.1179e+02, 2.1264e+00, 
 1DIAGNOSTIC,    43, -9.324721690789e-01, 2.769864878017e-05, 1.1384e+02, 2.0492e+00, 
 1DIAGNOSTIC,    44, -9.326505380353e-01, 2.666519117609e-05, 1.1602e+02, 2.1813e+00, 
 1DIAGNOSTIC,    45, -9.328284656371e-01, 2.578089610773e-05, 1.1821e+02, 2.1898e+00, 
 1DIAGNOSTIC,    46, -9.330075322760e-01, 2.501887181371e-05, 1.2034e+02, 2.1367e+00, 
 1DIAGNOSTIC,    47, -9.331875795128e-01, 2.435996275958e-05, 1.2251e+02, 2.1674e+00, 
 1DIAGNOSTIC,    48, -9.333679878993e-01, 2.379359501778e-05, 1.2459e+02, 2.0740e+00, 
 1DIAGNOSTIC,    49, -9.335507481839e-01, 2.331458543608e-05, 1.2665e+02, 2.0690e+00, 
 1DIAGNOSTIC,    50, -9.337338649786e-01, 2.290535654581e-05, 1.2890e+02, 2.2479e+00, 
XXDIAGNOSTIC,Iteration,metricValue,convergenceValue,ITERATION_TIME_INDEX,SINCE_LAST
 1DIAGNOSTIC,     1, -8.810903746310e-01, 1.797693134862e+308, 1.4608e+02, 1.7181e+01, 
 1DIAGNOSTIC,     2, -8.821795425718e-01, 1.797693134862e+308, 1.6255e+02, 1.6469e+01, 
 1DIAGNOSTIC,     3, -8.836893169681e-01, 1.797693134862e+308, 1.7899e+02, 1.6438e+01, 
 1DIAGNOSTIC,     4, -8.853975168925e-01, 1.797693134862e+308, 1.9539e+02, 1.6401e+01, 
 1DIAGNOSTIC,     5, -8.870103310453e-01, 1.797693134862e+308, 2.1192e+02, 1.6526e+01, 
 1DIAGNOSTIC,     6, -8.885854002783e-01, 1.797693134862e+308, 2.2864e+02, 1.6719e+01, 
 1DIAGNOSTIC,     7, -8.900549149430e-01, 1.797693134862e+308, 2.4511e+02, 1.6473e+01, 
 1DIAGNOSTIC,     8, -8.913939257164e-01, 1.797693134862e+308, 2.6166e+02, 1.6555e+01, 
 1DIAGNOSTIC,     9, -8.925739050939e-01, 1.797693134862e+308, 2.7796e+02, 1.6298e+01, 
 1DIAGNOSTIC,    10, -8.937587913714e-01, 9.507798382356e-04, 2.9471e+02, 1.6751e+01, 
 1DIAGNOSTIC,    11, -8.948618580242e-01, 8.408389255048e-04, 3.1109e+02, 1.6380e+01, 
 1DIAGNOSTIC,    12, -8.957174910264e-01, 7.252222560528e-04, 3.2787e+02, 1.6779e+01, 
 1DIAGNOSTIC,    13, -8.966450247726e-01, 6.214843493287e-04, 3.4453e+02, 1.6660e+01, 
 1DIAGNOSTIC,    14, -8.974496671938e-01, 5.330635210999e-04, 3.6124e+02, 1.6705e+01, 
 1DIAGNOSTIC,    15, -8.983111925580e-01, 4.600266645335e-04, 3.7787e+02, 1.6630e+01, 
 1DIAGNOSTIC,    16, -8.989987964675e-01, 3.986580161655e-04, 3.9455e+02, 1.6687e+01, 
 1DIAGNOSTIC,    17, -8.996505842478e-01, 3.474008357558e-04, 4.1134e+02, 1.6782e+01, 
 1DIAGNOSTIC,    18, -9.002512621656e-01, 3.039552638453e-04, 4.2805e+02, 1.6712e+01, 
 1DIAGNOSTIC,    19, -9.008090494883e-01, 2.658284571559e-04, 4.4477e+02, 1.6723e+01, 
 1DIAGNOSTIC,    20, -9.013258699351e-01, 2.336990731758e-04, 4.6142e+02, 1.6650e+01, 
  Elapsed time (stage 2): 461.8


Total elapsed time: 487.5
 Registration finished. The antsRegistration call was:
--------------------------------------------------------------------------------------
/opt/ants/bin/antsRegistration --verbose 1 --dimensionality 3 --float 0 --collapse-output-transforms 1 --output [ /data/derivatives/ants/registrationSyN/sub-s029/ses-open/anat/,/data/derivatives/ants/registrationSyN/sub-s029/ses-open/anat/Warped.nii.gz,/data/derivatives/ants/registrationSyN/sub-s029/ses-open/anat/InverseWarped.nii.gz ] --interpolation Linear --use-histogram-matching 0 --winsorize-image-intensities [ 0.005,0.995 ] --initial-moving-transform [ /templateflow/tpl-MNI152NLin2009cAsym//tpl-MNI152NLin2009cAsym_res-01_desc-brain_T1w.nii.gz,/data/derivatives/fsl/fast/sub-s029/ses-open/anat/BrainExtractionBrain_seg.nii.gz,1 ] --transform Rigid[ 0.1 ] --metric MI[ /templateflow/tpl-MNI152NLin2009cAsym//tpl-MNI152NLin2009cAsym_res-01_desc-brain_T1w.nii.gz,/data/derivatives/fsl/fast/sub-s029/ses-open/anat/BrainExtractionBrain_seg.nii.gz,1,32,Regular,0.25 ] --convergence [ 1000x500x250x100,1e-6,10 ] --shrink-factors 8x4x2x1 --smoothing-sigmas 3x2x1x0vox --transform Affine[ 0.1 ] --metric MI[ /templateflow/tpl-MNI152NLin2009cAsym//tpl-MNI152NLin2009cAsym_res-01_desc-brain_T1w.nii.gz,/data/derivatives/fsl/fast/sub-s029/ses-open/anat/BrainExtractionBrain_seg.nii.gz,1,32,Regular,0.25 ] --convergence [ 1000x500x250x100,1e-6,10 ] --shrink-factors 8x4x2x1 --smoothing-sigmas 3x2x1x0vox --transform SyN[ 0.1,3,0 ] --metric CC[ /templateflow/tpl-MNI152NLin2009cAsym//tpl-MNI152NLin2009cAsym_res-01_desc-brain_T1w.nii.gz,/data/derivatives/fsl/fast/sub-s029/ses-open/anat/BrainExtractionBrain_seg.nii.gz,1,4 ] --convergence [ 100x70x50x20,1e-6,10 ] --shrink-factors 8x4x2x1 --smoothing-sigmas 3x2x1x0vox
--------------------------------------------------------------------------------------
Moving image resampled into fixed space: /data/derivatives/ants/registrationSyN/sub-s029/ses-open/anat/Warped.nii.gz
Fixed image resampled into moving space: /data/derivatives/ants/registrationSyN/sub-s029/ses-open/anat/InverseWarped.nii.gz
--------------------------------------------------------------------------------------
Elapsed Time: 491.575s
    SP GFLOPS: 0.000
    DP GFLOPS: 16.795
    x87 GFLOPS: 0.000
    CPI Rate: 0.483
    Average CPU Frequency: 2.755 GHz
    Total Thread Count: 77
Effective Physical Core Utilization: 75.8% (24.240 out of 32)
 | The metric value is low, which may signal a poor physical CPU cores
 | utilization caused by:
 |     - load imbalance
 |     - threading runtime overhead
 |     - contended synchronization
 |     - thread/process underutilization
 |     - incorrect affinity that utilizes logical cores instead of physical
 |       cores
 | Explore sub-metrics to estimate the efficiency of MPI and OpenMP parallelism
 | or run the Locks and Waits analysis to identify parallel bottlenecks for
 | other parallel runtimes.
 |
    Effective Logical Core Utilization: 39.6% (25.340 out of 64)
     | The metric value is low, which may signal a poor logical CPU cores
     | utilization. Consider improving physical core utilization as the first
     | step and then look at opportunities to utilize logical cores, which in
     | some cases can improve processor throughput and overall performance of
     | multi-threaded applications.
     |
Memory Bound: 16.5% of Pipeline Slots
    Cache Bound: 9.0% of Clockticks
    DRAM Bound: 0.5% of Clockticks
        DRAM Bandwidth Bound: 0.1% of Elapsed Time
    NUMA: % of Remote Accesses: 0.0%

    Bandwidth Utilization
    Bandwidth Domain             Platform Maximum  Observed Maximum  Average  % of Elapsed Time with High BW Utilization(%)
    ---------------------------  ----------------  ----------------  -------  ---------------------------------------------
    DRAM, GB/sec                 212                        142.000    3.075                                           0.0%
    DRAM Single-Package, GB/sec  106                        141.800    2.486                                           0.1%
Vectorization: 0.0% of Packed FP Operations
 | This code has floating point operations and is not vectorized. Consider
 | either recompiling the code with optimization options that allow
 | vectorization or using Intel Advisor to vectorize the loops.
 |
    Instruction Mix
        SP FLOPs: 0.0% of uOps
            Packed: 0.0% from SP FP
                128-bit: 0.0% from SP FP
                256-bit: 0.0% from SP FP
                512-bit: 0.0% from SP FP
            Scalar: 0.0% from SP FP
        DP FLOPs: 14.9% of uOps
            Packed: 0.0% from DP FP
                128-bit: 0.0% from DP FP
                256-bit: 0.0% from DP FP
                512-bit: 0.0% from DP FP
            Scalar: 100.0% from DP FP
             | This code has floating point operations and is not vectorized.
             | Consider either recompiling the code with optimization options
             | that allow vectorization or using Intel Advisor to vectorize the
             | loops.
             |
        x87 FLOPs: 0.0% of uOps
        Non-FP: 85.1% of uOps
    FP Arith/Mem Rd Instr. Ratio: 0.492
     | The metric value is low. This can be a result of unaligned access to data
     | for vector operations. Use Intel Advisor to find possible data access
     | inefficiencies for vector operations.
     |
    FP Arith/Mem Wr Instr. Ratio: 1.104
Collection and Platform Info
    Application Command Line: bash "tmp-scripts/DskBvGHwyUGpqGzy2fREF3u40Z6PXYlE.sh" 
    Operating System: 4.18.0-477.10.1.el8_lustre.x86_64 DISTRIB_ID=Ubuntu DISTRIB_RELEASE=20.04 DISTRIB_CODENAME=focal DISTRIB_DESCRIPTION="Ubuntu 20.04.5 LTS"
    Computer Name: comp01
    Result Size: 4.7 GB 
    Collection start time: 08:03:39 26/11/2023 UTC
    Collection stop time: 08:11:51 26/11/2023 UTC
    Collector Type: Driverless Perf per-process sampling
    CPU
        Name: Intel(R) Xeon(R) Processor code named Skylake
        Frequency: 2.095 GHz
        Logical CPU Count: 64
        Max DRAM Single-Package Bandwidth: 106.000 GB/s
        LLC size: 23.1 MB 

If you want to skip descriptions of detected performance issues in the report,
enter: vtune -report summary -report-knob show-issues=false -r <my_result_dir>.
Alternatively, you may view the report in the csv format: vtune -report
<report_name> -format=csv.
