---------------------
Profiling information

Pipeline: ants registrationSyN-fp
NTHREAD: 32

DATASET: ds004513
SUBJECT_ID: s003

SIF_IMG: /mnt/lustre/mathdugre/containers/ants-debug.simg
DATA_DIR: /mnt/lustre/mathdugre/mri-bottleneck/datasets/ds004513

PROJECT_DIR: /mnt/lustre/mathdugre/mri-bottleneck
PROFILING_DIR: /mnt/lustre/mathdugre/mri-bottleneck/vtune_output/32-threads/ants/registrationSyN-fp/ds004513/sub-s003/GV6Av3LlIIa4uFQ8smAr6XAUXj5EuMiR
---------------------

Command to profile: bash tmp-scripts/GV6Av3LlIIa4uFQ8smAr6XAUXj5EuMiR.sh

--------------------------------------------------------------------------------------
 Mapping parameters
--------------------------------------------------------------------------------------
 ANTSPATH is /opt/ants/bin

 Dimensionality:           3
 Output name prefix:       /data/derivatives/ants/registrationSyN-fp/sub-s003/ses-open/anat/
 Fixed images:             /templateflow/tpl-MNI152NLin2009cAsym//tpl-MNI152NLin2009cAsym_res-01_desc-brain_T1w.nii.gz
 Moving images:            /data/derivatives/fsl/fast/sub-s003/ses-open/anat/BrainExtractionBrain_seg.nii.gz
 Mask images:              
 Initial transforms:       
 Number of threads:        32
 Spline distance:          26
 SyN gradient step:        0.1
 Transform type:           s
 CC radius:                4
 Precision:                f
 Use histogram matching    0
 Repro                     0
======================================================================================
 antsRegistration call:
--------------------------------------------------------------------------------------
/opt/ants/bin/antsRegistration --verbose 1 --dimensionality 3 --float 1 --collapse-output-transforms 1 --output [ /data/derivatives/ants/registrationSyN-fp/sub-s003/ses-open/anat/,/data/derivatives/ants/registrationSyN-fp/sub-s003/ses-open/anat/Warped.nii.gz,/data/derivatives/ants/registrationSyN-fp/sub-s003/ses-open/anat/InverseWarped.nii.gz ] --interpolation Linear --use-histogram-matching 0 --winsorize-image-intensities [ 0.005,0.995 ] --initial-moving-transform [ /templateflow/tpl-MNI152NLin2009cAsym//tpl-MNI152NLin2009cAsym_res-01_desc-brain_T1w.nii.gz,/data/derivatives/fsl/fast/sub-s003/ses-open/anat/BrainExtractionBrain_seg.nii.gz,1 ] --transform Rigid[ 0.1 ] --metric MI[ /templateflow/tpl-MNI152NLin2009cAsym//tpl-MNI152NLin2009cAsym_res-01_desc-brain_T1w.nii.gz,/data/derivatives/fsl/fast/sub-s003/ses-open/anat/BrainExtractionBrain_seg.nii.gz,1,32,Regular,0.25 ] --convergence [ 1000x500x250x100,1e-6,10 ] --shrink-factors 8x4x2x1 --smoothing-sigmas 3x2x1x0vox --transform Affine[ 0.1 ] --metric MI[ /templateflow/tpl-MNI152NLin2009cAsym//tpl-MNI152NLin2009cAsym_res-01_desc-brain_T1w.nii.gz,/data/derivatives/fsl/fast/sub-s003/ses-open/anat/BrainExtractionBrain_seg.nii.gz,1,32,Regular,0.25 ] --convergence [ 1000x500x250x100,1e-6,10 ] --shrink-factors 8x4x2x1 --smoothing-sigmas 3x2x1x0vox --transform SyN[ 0.1,3,0 ] --metric CC[ /templateflow/tpl-MNI152NLin2009cAsym//tpl-MNI152NLin2009cAsym_res-01_desc-brain_T1w.nii.gz,/data/derivatives/fsl/fast/sub-s003/ses-open/anat/BrainExtractionBrain_seg.nii.gz,1,4 ] --convergence [ 100x70x50x20,1e-6,10 ] --shrink-factors 8x4x2x1 --smoothing-sigmas 3x2x1x0vox
--------------------------------------------------------------------------------------
All_Command_lines_OK
Using single precision for computations.
=============================================================================
The composite transform comprises the following transforms (in order): 
  1. Center of mass alignment using fixed image: /templateflow/tpl-MNI152NLin2009cAsym//tpl-MNI152NLin2009cAsym_res-01_desc-brain_T1w.nii.gz and moving image: /data/derivatives/fsl/fast/sub-s003/ses-open/anat/BrainExtractionBrain_seg.nii.gz (type = Euler3DTransform)
=============================================================================
  number of levels = 4
  number of levels = 4
  number of levels = 4
  fixed image: /templateflow/tpl-MNI152NLin2009cAsym//tpl-MNI152NLin2009cAsym_res-01_desc-brain_T1w.nii.gz
  moving image: /data/derivatives/fsl/fast/sub-s003/ses-open/anat/BrainExtractionBrain_seg.nii.gz
  fixed image: /templateflow/tpl-MNI152NLin2009cAsym//tpl-MNI152NLin2009cAsym_res-01_desc-brain_T1w.nii.gz
  moving image: /data/derivatives/fsl/fast/sub-s003/ses-open/anat/BrainExtractionBrain_seg.nii.gz
  fixed image: /templateflow/tpl-MNI152NLin2009cAsym//tpl-MNI152NLin2009cAsym_res-01_desc-brain_T1w.nii.gz
  moving image: /data/derivatives/fsl/fast/sub-s003/ses-open/anat/BrainExtractionBrain_seg.nii.gz
Dimension = 3
Number of stages = 3
Use histogram matching = false
Winsorize image intensities = true
  Lower quantile = 0.005
  Upper quantile = 0.995


Stage 1 State
   Image metric = Mattes
     Fixed image = Image (0x56043b6682b0)
  RTTI typeinfo:   itk::Image<float, 3u>
  Reference Count: 2
  Modified Time: 1721
  Debug: Off
  Object Name: 
  Observers: 
    none
  Source: (none)
  Source output name: (none)
  Release Data: Off
  Data Released: False
  Global Release Data: Off
  PipelineMTime: 0
  UpdateMTime: 1504
  RealTimeStamp: 0 seconds 
  LargestPossibleRegion: 
    Dimension: 3
    Index: [0, 0, 0]
    Size: [193, 229, 193]
  BufferedRegion: 
    Dimension: 3
    Index: [0, 0, 0]
    Size: [193, 229, 193]
  RequestedRegion: 
    Dimension: 3
    Index: [0, 0, 0]
    Size: [193, 229, 193]
  Spacing: [1, 1, 1]
  Origin: [96, 132, -78]
  Direction: 
-1 0 0
0 -1 0
0 0 1

  IndexToPointMatrix: 
-1 0 0
0 -1 0
0 0 1

  PointToIndexMatrix: 
-1 0 0
0 -1 0
0 0 1

  Inverse Direction: 
-1 0 0
0 -1 0
0 0 1

  PixelContainer: 
    ImportImageContainer (0x56043b670e50)
      RTTI typeinfo:   itk::ImportImageContainer<unsigned long, float>
      Reference Count: 1
      Modified Time: 1501
      Debug: Off
      Object Name: 
      Observers: 
        none
      Pointer: 0x7fee95eff010
      Container manages memory: true
      Size: 8530021
      Capacity: 8530021

     Moving image = Image (0x56043b66ddc0)
  RTTI typeinfo:   itk::Image<float, 3u>
  Reference Count: 2
  Modified Time: 1722
  Debug: Off
  Object Name: 
  Observers: 
    none
  Source: (none)
  Source output name: (none)
  Release Data: Off
  Data Released: False
  Global Release Data: Off
  PipelineMTime: 0
  UpdateMTime: 1719
  RealTimeStamp: 0 seconds 
  LargestPossibleRegion: 
    Dimension: 3
    Index: [0, 0, 0]
    Size: [176, 240, 256]
  BufferedRegion: 
    Dimension: 3
    Index: [0, 0, 0]
    Size: [176, 240, 256]
  RequestedRegion: 
    Dimension: 3
    Index: [0, 0, 0]
    Size: [176, 240, 256]
  Spacing: [0.999999, 1, 1]
  Origin: [93.3499, 86.9368, -128.957]
  Direction: 
-0.999513 -0.0279216 -0.0139567
0.0279189 -0.99961 0.000389866
-0.0139622 2.01492e-08 0.999903

  IndexToPointMatrix: 
-0.999512 -0.0279216 -0.0139567
0.0279189 -0.99961 0.000389866
-0.0139621 2.01492e-08 0.999903

  PointToIndexMatrix: 
-0.999514 0.0279189 -0.0139622
-0.0279216 -0.99961 2.01716e-08
-0.0139567 0.000389866 0.999903

  Inverse Direction: 
-0.999513 0.0279189 -0.0139622
-0.0279216 -0.99961 2.01716e-08
-0.0139567 0.000389866 0.999903

  PixelContainer: 
    ImportImageContainer (0x56043b6692c0)
      RTTI typeinfo:   itk::ImportImageContainer<unsigned long, float>
      Reference Count: 1
      Modified Time: 1716
      Debug: Off
      Object Name: 
      Observers: 
        none
      Pointer: 0x7fee935be010
      Container manages memory: true
      Size: 10813440
      Capacity: 10813440

     Weighting = 1
     Sampling strategy = regular
     Number of bins = 32
     Radius = 4
     Sampling percentage  = 0.25
   Transform = Rigid
     Gradient step = 0.1
     Update field sigma (voxel space) = 0
     Total field sigma (voxel space) = 0
     Update field time sigma = 0
     Total field time sigma  = 0
     Number of time indices = 0
     Number of time point samples = 0
Stage 2 State
   Image metric = Mattes
     Fixed image = Image (0x56043b67b1a0)
  RTTI typeinfo:   itk::Image<float, 3u>
  Reference Count: 2
  Modified Time: 2151
  Debug: Off
  Object Name: 
  Observers: 
    none
  Source: (none)
  Source output name: (none)
  Release Data: Off
  Data Released: False
  Global Release Data: Off
  PipelineMTime: 0
  UpdateMTime: 1934
  RealTimeStamp: 0 seconds 
  LargestPossibleRegion: 
    Dimension: 3
    Index: [0, 0, 0]
    Size: [193, 229, 193]
  BufferedRegion: 
    Dimension: 3
    Index: [0, 0, 0]
    Size: [193, 229, 193]
  RequestedRegion: 
    Dimension: 3
    Index: [0, 0, 0]
    Size: [193, 229, 193]
  Spacing: [1, 1, 1]
  Origin: [96, 132, -78]
  Direction: 
-1 0 0
0 -1 0
0 0 1

  IndexToPointMatrix: 
-1 0 0
0 -1 0
0 0 1

  PointToIndexMatrix: 
-1 0 0
0 -1 0
0 0 1

  Inverse Direction: 
-1 0 0
0 -1 0
0 0 1

  PixelContainer: 
    ImportImageContainer (0x56043b67a880)
      RTTI typeinfo:   itk::ImportImageContainer<unsigned long, float>
      Reference Count: 1
      Modified Time: 1931
      Debug: Off
      Object Name: 
      Observers: 
        none
      Pointer: 0x7fee91533010
      Container manages memory: true
      Size: 8530021
      Capacity: 8530021

     Moving image = Image (0x56043b6da150)
  RTTI typeinfo:   itk::Image<float, 3u>
  Reference Count: 2
  Modified Time: 2152
  Debug: Off
  Object Name: 
  Observers: 
    none
  Source: (none)
  Source output name: (none)
  Release Data: Off
  Data Released: False
  Global Release Data: Off
  PipelineMTime: 0
  UpdateMTime: 2149
  RealTimeStamp: 0 seconds 
  LargestPossibleRegion: 
    Dimension: 3
    Index: [0, 0, 0]
    Size: [176, 240, 256]
  BufferedRegion: 
    Dimension: 3
    Index: [0, 0, 0]
    Size: [176, 240, 256]
  RequestedRegion: 
    Dimension: 3
    Index: [0, 0, 0]
    Size: [176, 240, 256]
  Spacing: [0.999999, 1, 1]
  Origin: [93.3499, 86.9368, -128.957]
  Direction: 
-0.999513 -0.0279216 -0.0139567
0.0279189 -0.99961 0.000389866
-0.0139622 2.01492e-08 0.999903

  IndexToPointMatrix: 
-0.999512 -0.0279216 -0.0139567
0.0279189 -0.99961 0.000389866
-0.0139621 2.01492e-08 0.999903

  PointToIndexMatrix: 
-0.999514 0.0279189 -0.0139622
-0.0279216 -0.99961 2.01716e-08
-0.0139567 0.000389866 0.999903

  Inverse Direction: 
-0.999513 0.0279189 -0.0139622
-0.0279216 -0.99961 2.01716e-08
-0.0139567 0.000389866 0.999903

  PixelContainer: 
    ImportImageContainer (0x56043b670ec0)
      RTTI typeinfo:   itk::ImportImageContainer<unsigned long, float>
      Reference Count: 1
      Modified Time: 2146
      Debug: Off
      Object Name: 
      Observers: 
        none
      Pointer: 0x7fee8ebf2010
      Container manages memory: true
      Size: 10813440
      Capacity: 10813440

     Weighting = 1
     Sampling strategy = regular
     Number of bins = 32
     Radius = 4
     Sampling percentage  = 0.25
   Transform = Affine
     Gradient step = 0.1
     Update field sigma (voxel space) = 0
     Total field sigma (voxel space) = 0
     Update field time sigma = 0
     Total field time sigma  = 0
     Number of time indices = 0
     Number of time point samples = 0
Stage 3 State
   Image metric = CC
     Fixed image = Image (0x56043b675b50)
  RTTI typeinfo:   itk::Image<float, 3u>
  Reference Count: 2
  Modified Time: 2581
  Debug: Off
  Object Name: 
  Observers: 
    none
  Source: (none)
  Source output name: (none)
  Release Data: Off
  Data Released: False
  Global Release Data: Off
  PipelineMTime: 0
  UpdateMTime: 2364
  RealTimeStamp: 0 seconds 
  LargestPossibleRegion: 
    Dimension: 3
    Index: [0, 0, 0]
    Size: [193, 229, 193]
  BufferedRegion: 
    Dimension: 3
    Index: [0, 0, 0]
    Size: [193, 229, 193]
  RequestedRegion: 
    Dimension: 3
    Index: [0, 0, 0]
    Size: [193, 229, 193]
  Spacing: [1, 1, 1]
  Origin: [96, 132, -78]
  Direction: 
-1 0 0
0 -1 0
0 0 1

  IndexToPointMatrix: 
-1 0 0
0 -1 0
0 0 1

  PointToIndexMatrix: 
-1 0 0
0 -1 0
0 0 1

  Inverse Direction: 
-1 0 0
0 -1 0
0 0 1

  PixelContainer: 
    ImportImageContainer (0x56043b6765c0)
      RTTI typeinfo:   itk::ImportImageContainer<unsigned long, float>
      Reference Count: 1
      Modified Time: 2361
      Debug: Off
      Object Name: 
      Observers: 
        none
      Pointer: 0x7fee8cb67010
      Container manages memory: true
      Size: 8530021
      Capacity: 8530021

     Moving image = Image (0x56043b6d92c0)
  RTTI typeinfo:   itk::Image<float, 3u>
  Reference Count: 2
  Modified Time: 2582
  Debug: Off
  Object Name: 
  Observers: 
    none
  Source: (none)
  Source output name: (none)
  Release Data: Off
  Data Released: False
  Global Release Data: Off
  PipelineMTime: 0
  UpdateMTime: 2579
  RealTimeStamp: 0 seconds 
  LargestPossibleRegion: 
    Dimension: 3
    Index: [0, 0, 0]
    Size: [176, 240, 256]
  BufferedRegion: 
    Dimension: 3
    Index: [0, 0, 0]
    Size: [176, 240, 256]
  RequestedRegion: 
    Dimension: 3
    Index: [0, 0, 0]
    Size: [176, 240, 256]
  Spacing: [0.999999, 1, 1]
  Origin: [93.3499, 86.9368, -128.957]
  Direction: 
-0.999513 -0.0279216 -0.0139567
0.0279189 -0.99961 0.000389866
-0.0139622 2.01492e-08 0.999903

  IndexToPointMatrix: 
-0.999512 -0.0279216 -0.0139567
0.0279189 -0.99961 0.000389866
-0.0139621 2.01492e-08 0.999903

  PointToIndexMatrix: 
-0.999514 0.0279189 -0.0139622
-0.0279216 -0.99961 2.01716e-08
-0.0139567 0.000389866 0.999903

  Inverse Direction: 
-0.999513 0.0279189 -0.0139622
-0.0279216 -0.99961 2.01716e-08
-0.0139567 0.000389866 0.999903

  PixelContainer: 
    ImportImageContainer (0x56043b677ec0)
      RTTI typeinfo:   itk::ImportImageContainer<unsigned long, float>
      Reference Count: 1
      Modified Time: 2576
      Debug: Off
      Object Name: 
      Observers: 
        none
      Pointer: 0x7fee8a226010
      Container manages memory: true
      Size: 10813440
      Capacity: 10813440

     Weighting = 1
     Sampling strategy = none
     Number of bins = 32
     Radius = 4
     Sampling percentage  = 1
   Transform = SyN
     Gradient step = 0.1
     Update field sigma (voxel space) = 3
     Total field sigma (voxel space) = 0
     Update field time sigma = 0
     Total field time sigma  = 0
     Number of time indices = 0
     Number of time point samples = 0
Registration using 3 total stages.

Stage 0
  iterations = 1000x500x250x100
  convergence threshold = 1e-06
  convergence window size = 10
  number of levels = 4
  using the Mattes MI metric (number of bins = 32, weight = 1, use gradient filter = 0)
  preprocessing:  winsorizing the image intensities
  Shrink factors (level 1 out of 4): [8, 8, 8]
  Shrink factors (level 2 out of 4): [4, 4, 4]
  Shrink factors (level 3 out of 4): [2, 2, 2]
  Shrink factors (level 4 out of 4): [1, 1, 1]
  smoothing sigmas per level: [3, 2, 1, 0]
  regular sampling (percentage = 0.25)

*** Running Euler3DTransform registration ***

DIAGNOSTIC,Iteration,metricValue,convergenceValue,ITERATION_TIME_INDEX,SINCE_LAST
 2DIAGNOSTIC,     1, -5.221099257469e-01, inf, 1.6381e-01, 1.6381e-01, 
 2DIAGNOSTIC,     2, -5.238950848579e-01, inf, 1.7086e-01, 7.0550e-03, 
 2DIAGNOSTIC,     3, -5.271308422089e-01, inf, 1.7738e-01, 6.5150e-03, 
 2DIAGNOSTIC,     4, -5.329343080521e-01, inf, 1.8320e-01, 5.8210e-03, 
 2DIAGNOSTIC,     5, -5.395157933235e-01, inf, 1.8901e-01, 5.8150e-03, 
 2DIAGNOSTIC,     6, -5.475715398788e-01, inf, 1.9439e-01, 5.3780e-03, 
 2DIAGNOSTIC,     7, -5.550854206085e-01, inf, 1.9989e-01, 5.4970e-03, 
 2DIAGNOSTIC,     8, -5.690768361092e-01, inf, 2.0629e-01, 6.4070e-03, 
 2DIAGNOSTIC,     9, -5.721725821495e-01, inf, 2.1267e-01, 6.3782e-03, 
 2DIAGNOSTIC,    10, -5.744771361351e-01, 7.059941999614e-03, 2.3652e-01, 2.3844e-02, 
 2DIAGNOSTIC,    11, -5.778836011887e-01, 6.491717882454e-03, 2.4992e-01, 1.3401e-02, 
 2DIAGNOSTIC,    12, -5.781682729721e-01, 5.525843240321e-03, 2.5790e-01, 7.9830e-03, 
 2DIAGNOSTIC,    13, -5.786726474762e-01, 4.359288141131e-03, 2.6437e-01, 6.4700e-03, 
 2DIAGNOSTIC,    14, -5.820989012718e-01, 3.306311788037e-03, 2.7098e-01, 6.6118e-03, 
 2DIAGNOSTIC,    15, -5.851518511772e-01, 2.423638477921e-03, 2.7751e-01, 6.5269e-03, 
 2DIAGNOSTIC,    16, -5.869394540787e-01, 1.743974280544e-03, 2.8380e-01, 6.2931e-03, 
 2DIAGNOSTIC,    17, -5.966731309891e-01, 1.491279108450e-03, 2.9777e-01, 1.3971e-02, 
 2DIAGNOSTIC,    18, -5.970829129219e-01, 1.527947722934e-03, 3.0528e-01, 7.5102e-03, 
 2DIAGNOSTIC,    19, -5.970844626427e-01, 1.502636354417e-03, 3.1153e-01, 6.2451e-03, 
 2DIAGNOSTIC,    20, -5.971177220345e-01, 1.399654895067e-03, 3.1722e-01, 5.6911e-03, 
 2DIAGNOSTIC,    21, -5.972723960876e-01, 1.261389232241e-03, 3.2456e-01, 7.3390e-03, 
 2DIAGNOSTIC,    22, -5.973842144012e-01, 1.025661826134e-03, 3.3174e-01, 7.1859e-03, 
 2DIAGNOSTIC,    23, -5.976558327675e-01, 7.308794301935e-04, 3.3831e-01, 6.5689e-03, 
 2DIAGNOSTIC,    24, -5.976236462593e-01, 4.655731609091e-04, 3.4397e-01, 5.6520e-03, 
 2DIAGNOSTIC,    25, -5.977246761322e-01, 2.429863816360e-04, 3.4993e-01, 5.9609e-03, 
 2DIAGNOSTIC,    26, -5.980419516563e-01, 5.035374124418e-05, 3.5689e-01, 6.9630e-03, 
 2DIAGNOSTIC,    27, -5.982305407524e-01, 4.917175101582e-05, 3.6403e-01, 7.1440e-03, 
 2DIAGNOSTIC,    28, -5.985600352287e-01, 5.655794666382e-05, 3.7316e-01, 9.1259e-03, 
 2DIAGNOSTIC,    29, -5.985122919083e-01, 5.740578853874e-05, 3.7934e-01, 6.1829e-03, 
 2DIAGNOSTIC,    30, -5.986074209213e-01, 5.510216578841e-05, 3.8471e-01, 5.3718e-03, 
 2DIAGNOSTIC,    31, -5.989223122597e-01, 5.521659841179e-05, 3.9169e-01, 6.9790e-03, 
 2DIAGNOSTIC,    32, -5.989392995834e-01, 5.185571353650e-05, 3.9990e-01, 8.2121e-03, 
 2DIAGNOSTIC,    33, -5.988919138908e-01, 4.731376611744e-05, 4.0565e-01, 5.7430e-03, 
 2DIAGNOSTIC,    34, -5.991379022598e-01, 4.187890590401e-05, 4.1281e-01, 7.1621e-03, 
 2DIAGNOSTIC,    35, -5.992919802666e-01, 3.628996637417e-05, 4.1903e-01, 6.2151e-03, 
 2DIAGNOSTIC,    36, -5.994137525558e-01, 3.349025791977e-05, 4.2605e-01, 7.0210e-03, 
 2DIAGNOSTIC,    37, -5.994677543640e-01, 3.085565913352e-05, 4.3308e-01, 7.0350e-03, 
 2DIAGNOSTIC,    38, -5.997146368027e-01, 3.304618803668e-05, 4.4141e-01, 8.3270e-03, 
 2DIAGNOSTIC,    39, -5.998979806900e-01, 3.365697557456e-05, 4.4759e-01, 6.1810e-03, 
 2DIAGNOSTIC,    40, -6.000238060951e-01, 3.361970811966e-05, 4.5521e-01, 7.6170e-03, 
 2DIAGNOSTIC,    41, -6.001204252243e-01, 3.537949305610e-05, 4.6109e-01, 5.8861e-03, 
 2DIAGNOSTIC,    42, -6.002252101898e-01, 3.523772465996e-05, 4.6679e-01, 5.6939e-03, 
 2DIAGNOSTIC,    43, -6.002763509750e-01, 3.176397149218e-05, 4.7307e-01, 6.2799e-03, 
 2DIAGNOSTIC,    44, -6.007249355316e-01, 3.310902684461e-05, 4.8045e-01, 7.3791e-03, 
 2DIAGNOSTIC,    45, -6.009818315506e-01, 3.560206823749e-05, 4.8955e-01, 9.1012e-03, 
 2DIAGNOSTIC,    46, -6.013301610947e-01, 3.962005212088e-05, 4.9547e-01, 5.9271e-03, 
 2DIAGNOSTIC,    47, -6.014647483826e-01, 4.163855919614e-05, 5.0153e-01, 6.0561e-03, 
 2DIAGNOSTIC,    48, -6.016498804092e-01, 4.401153637446e-05, 5.0811e-01, 6.5830e-03, 
 2DIAGNOSTIC,    49, -6.031569838524e-01, 5.878494266653e-05, 5.1394e-01, 5.8281e-03, 
 2DIAGNOSTIC,    50, -6.126267910004e-01, 1.598661474418e-04, 5.2297e-01, 9.0261e-03, 
 2DIAGNOSTIC,    51, -6.146090626717e-01, 2.588757779449e-04, 5.2905e-01, 6.0821e-03, 
 2DIAGNOSTIC,    52, -6.153237819672e-01, 3.375624364708e-04, 5.3464e-01, 5.5921e-03, 
 2DIAGNOSTIC,    53, -6.193590760231e-01, 4.193438799120e-04, 5.4299e-01, 8.3511e-03, 
 2DIAGNOSTIC,    54, -6.224502921104e-01, 4.881373606622e-04, 5.5240e-01, 9.4121e-03, 
 2DIAGNOSTIC,    55, -6.227926015854e-01, 5.109561025165e-04, 5.5845e-01, 6.0420e-03, 
 2DIAGNOSTIC,    56, -6.231900453568e-01, 4.907242837362e-04, 5.6447e-01, 6.0191e-03, 
 2DIAGNOSTIC,    57, -6.238874793053e-01, 4.326820780989e-04, 5.7080e-01, 6.3341e-03, 
 2DIAGNOSTIC,    58, -6.250199079514e-01, 3.462533350103e-04, 5.7798e-01, 7.1790e-03, 
 2DIAGNOSTIC,    59, -6.263689398766e-01, 2.503194555175e-04, 5.8531e-01, 7.3280e-03, 
 2DIAGNOSTIC,    60, -6.269937157631e-01, 2.143326419173e-04, 5.9519e-01, 9.8848e-03, 
 2DIAGNOSTIC,    61, -6.272858381271e-01, 1.775742712198e-04, 6.0108e-01, 5.8868e-03, 
 2DIAGNOSTIC,    62, -6.302539110184e-01, 1.529341243440e-04, 6.0722e-01, 6.1460e-03, 
 2DIAGNOSTIC,    63, -6.332852244377e-01, 1.667544274824e-04, 6.1331e-01, 6.0880e-03, 
 2DIAGNOSTIC,    64, -6.339955925941e-01, 1.919790811371e-04, 6.1913e-01, 5.8141e-03, 
 2DIAGNOSTIC,    65, -6.389600634575e-01, 2.373474562773e-04, 6.2714e-01, 8.0111e-03, 
 2DIAGNOSTIC,    66, -6.418791413307e-01, 2.817533677444e-04, 6.3411e-01, 6.9752e-03, 
 2DIAGNOSTIC,    67, -6.449317336082e-01, 3.237094497308e-04, 6.4012e-01, 6.0060e-03, 
 2DIAGNOSTIC,    68, -6.461646556854e-01, 3.493103722576e-04, 6.4967e-01, 9.5551e-03, 
 2DIAGNOSTIC,    69, -6.463792920113e-01, 3.515664138831e-04, 6.5687e-01, 7.2010e-03, 
 2DIAGNOSTIC,    70, -6.465033292770e-01, 3.252718015574e-04, 6.6280e-01, 5.9218e-03, 
 2DIAGNOSTIC,    71, -6.468868255615e-01, 2.723457291722e-04, 6.6839e-01, 5.5950e-03, 
 2DIAGNOSTIC,    72, -6.479399800301e-01, 2.207707439084e-04, 6.7415e-01, 5.7549e-03, 
 2DIAGNOSTIC,    73, -6.514224410057e-01, 1.918510388350e-04, 6.8389e-01, 9.7461e-03, 
 2DIAGNOSTIC,    74, -6.515696644783e-01, 1.498658384662e-04, 6.9089e-01, 7.0002e-03, 
 2DIAGNOSTIC,    75, -6.517892479897e-01, 1.274364040000e-04, 6.9662e-01, 5.7259e-03, 
 2DIAGNOSTIC,    76, -6.521465182304e-01, 1.135374841397e-04, 7.0224e-01, 5.6210e-03, 
 2DIAGNOSTIC,    77, -6.528776884079e-01, 1.118294385378e-04, 7.0842e-01, 6.1851e-03, 
 2DIAGNOSTIC,    78, -6.539780497551e-01, 1.130349628511e-04, 7.1540e-01, 6.9780e-03, 
 2DIAGNOSTIC,    79, -6.559100747108e-01, 1.160116371466e-04, 7.2385e-01, 8.4491e-03, 
 2DIAGNOSTIC,    80, -6.563801765442e-01, 1.113722901209e-04, 7.2934e-01, 5.4851e-03, 
 2DIAGNOSTIC,    81, -6.566278338432e-01, 9.998824680224e-05, 7.3534e-01, 6.0039e-03, 
 2DIAGNOSTIC,    82, -6.567524075508e-01, 8.554817031836e-05, 7.4091e-01, 5.5649e-03, 
 2DIAGNOSTIC,    83, -6.575866937637e-01, 8.749135304242e-05, 7.4902e-01, 8.1179e-03, 
 2DIAGNOSTIC,    84, -6.591051816940e-01, 8.997810073197e-05, 7.5467e-01, 5.6450e-03, 
 2DIAGNOSTIC,    85, -6.593498587608e-01, 8.613087265985e-05, 7.6757e-01, 1.2903e-02, 
 2DIAGNOSTIC,    86, -6.593622565269e-01, 7.633427594556e-05, 7.7358e-01, 6.0060e-03, 
 2DIAGNOSTIC,    87, -6.596087217331e-01, 6.479071453214e-05, 7.8000e-01, 6.4230e-03, 
 2DIAGNOSTIC,    88, -6.599069833755e-01, 5.434179911390e-05, 7.8666e-01, 6.6612e-03, 
 2DIAGNOSTIC,    89, -6.600949168205e-01, 4.978228025720e-05, 7.9375e-01, 7.0858e-03, 
 2DIAGNOSTIC,    90, -6.604549884796e-01, 4.484533201321e-05, 7.9985e-01, 6.0990e-03, 
 2DIAGNOSTIC,    91, -6.609603166580e-01, 3.970100078732e-05, 8.0678e-01, 6.9358e-03, 
 2DIAGNOSTIC,    92, -6.615211367607e-01, 3.426002513152e-05, 8.1554e-01, 8.7609e-03, 
 2DIAGNOSTIC,    93, -6.614784002304e-01, 2.935822158179e-05, 8.2254e-01, 7.0000e-03, 
 2DIAGNOSTIC,    94, -6.614631414413e-01, 2.920791666838e-05, 8.2858e-01, 6.0380e-03, 
 2DIAGNOSTIC,    95, -6.615014076233e-01, 2.768778176687e-05, 8.3561e-01, 7.0322e-03, 
 2DIAGNOSTIC,    96, -6.617465019226e-01, 2.472916094121e-05, 8.4186e-01, 6.2501e-03, 
 2DIAGNOSTIC,    97, -6.625561714172e-01, 2.441943070153e-05, 8.4765e-01, 5.7881e-03, 
 2DIAGNOSTIC,    98, -6.644447445869e-01, 3.202092193533e-05, 8.5484e-01, 7.1931e-03, 
 2DIAGNOSTIC,    99, -6.650595664978e-01, 3.996794839622e-05, 8.6584e-01, 1.0994e-02, 
 2DIAGNOSTIC,   100, -6.655382514000e-01, 4.781283132615e-05, 8.7513e-01, 9.2919e-03, 
 2DIAGNOSTIC,   101, -6.653283834457e-01, 5.224502820056e-05, 8.8150e-01, 6.3710e-03, 
 2DIAGNOSTIC,   102, -6.661014556885e-01, 5.758347469964e-05, 8.8842e-01, 6.9139e-03, 
 2DIAGNOSTIC,   103, -6.664533019066e-01, 5.842899190611e-05, 8.9549e-01, 7.0751e-03, 
 2DIAGNOSTIC,   104, -6.672667264938e-01, 5.712064012187e-05, 9.0365e-01, 8.1592e-03, 
 2DIAGNOSTIC,   105, -6.675705909729e-01, 5.191302989260e-05, 9.0940e-01, 5.7490e-03, 
 2DIAGNOSTIC,   106, -6.680060029030e-01, 4.482676013140e-05, 9.1652e-01, 7.1170e-03, 
 2DIAGNOSTIC,   107, -6.680924296379e-01, 3.720636595972e-05, 9.2280e-01, 6.2840e-03, 
 2DIAGNOSTIC,   108, -6.681399941444e-01, 3.429388743825e-05, 9.2995e-01, 7.1502e-03, 
 2DIAGNOSTIC,   109, -6.684541702271e-01, 3.199396451237e-05, 9.3706e-01, 7.1111e-03, 
 2DIAGNOSTIC,   110, -6.685392856598e-01, 2.903233871621e-05, 9.4446e-01, 7.4041e-03, 
 2DIAGNOSTIC,   111, -6.687295436859e-01, 2.321834290342e-05, 9.5129e-01, 6.8278e-03, 
 2DIAGNOSTIC,   112, -6.690757870674e-01, 1.986943425436e-05, 9.5851e-01, 7.2188e-03, 
 2DIAGNOSTIC,   113, -6.693978905678e-01, 1.732559758238e-05, 9.6775e-01, 9.2380e-03, 
 2DIAGNOSTIC,   114, -6.696006059647e-01, 1.720669934002e-05, 9.7490e-01, 7.1521e-03, 
 2DIAGNOSTIC,   115, -6.696937084198e-01, 1.698439882603e-05, 9.8126e-01, 6.3541e-03, 
 2DIAGNOSTIC,   116, -6.696275472641e-01, 1.661254100327e-05, 9.8829e-01, 7.0310e-03, 
 2DIAGNOSTIC,   117, -6.696372032166e-01, 1.504901138105e-05, 9.9430e-01, 6.0160e-03, 
 2DIAGNOSTIC,   118, -6.695519685745e-01, 1.189227259601e-05, 1.0017e+00, 7.4341e-03, 
 2DIAGNOSTIC,   119, -6.695557236671e-01, 8.890038770915e-06, 1.0083e+00, 6.6130e-03, 
 2DIAGNOSTIC,   120, -6.696528792381e-01, 5.800986855320e-06, 1.0167e+00, 8.3690e-03, 
 2DIAGNOSTIC,   121, -6.695661544800e-01, 2.597281763883e-06, 1.0225e+00, 5.7359e-03, 
DIAGNOSTIC,Iteration,metricValue,convergenceValue,ITERATION_TIME_INDEX,SINCE_LAST
 2DIAGNOSTIC,     1, -5.408561825752e-01, inf, 1.1691e+00, 1.4666e-01, 
 2DIAGNOSTIC,     2, -5.412288308144e-01, inf, 1.1876e+00, 1.8455e-02, 
 2DIAGNOSTIC,     3, -5.415736436844e-01, inf, 1.2001e+00, 1.2521e-02, 
 2DIAGNOSTIC,     4, -5.419069528580e-01, inf, 1.2132e+00, 1.3095e-02, 
 2DIAGNOSTIC,     5, -5.421647429466e-01, inf, 1.2217e+00, 8.5621e-03, 
 2DIAGNOSTIC,     6, -5.426858067513e-01, inf, 1.2294e+00, 7.6859e-03, 
 2DIAGNOSTIC,     7, -5.442654490471e-01, inf, 1.2399e+00, 1.0478e-02, 
 2DIAGNOSTIC,     8, -5.445615053177e-01, inf, 1.2473e+00, 7.3578e-03, 
 2DIAGNOSTIC,     9, -5.448981523514e-01, inf, 1.2549e+00, 7.5960e-03, 
 2DIAGNOSTIC,    10, -5.453692674637e-01, 5.791646544822e-04, 1.2661e+00, 1.1228e-02, 
 2DIAGNOSTIC,    11, -5.457678437233e-01, 5.420335219242e-04, 1.2747e+00, 8.6198e-03, 
 2DIAGNOSTIC,    12, -5.459747314453e-01, 4.866605158895e-04, 1.2839e+00, 9.1550e-03, 
 2DIAGNOSTIC,    13, -5.465145111084e-01, 4.315538972151e-04, 1.2978e+00, 1.3938e-02, 
 2DIAGNOSTIC,    14, -5.467339754105e-01, 3.663799725473e-04, 1.3078e+00, 1.0001e-02, 
 2DIAGNOSTIC,    15, -5.468238592148e-01, 2.888773451559e-04, 1.3172e+00, 9.3660e-03, 
 2DIAGNOSTIC,    16, -5.469281673431e-01, 2.140329743270e-04, 1.3261e+00, 8.9560e-03, 
 2DIAGNOSTIC,    17, -5.470133423805e-01, 1.795772695914e-04, 1.3366e+00, 1.0479e-02, 
 2DIAGNOSTIC,    18, -5.473729372025e-01, 1.513308234280e-04, 1.3446e+00, 7.9820e-03, 
 2DIAGNOSTIC,    19, -5.475655794144e-01, 1.262280275114e-04, 1.3541e+00, 9.4841e-03, 
 2DIAGNOSTIC,    20, -5.476502776146e-01, 1.065027026925e-04, 1.3623e+00, 8.2729e-03, 
 2DIAGNOSTIC,    21, -5.477067828178e-01, 9.038078860613e-05, 1.3707e+00, 8.3261e-03, 
 2DIAGNOSTIC,    22, -5.479865074158e-01, 7.868136890465e-05, 1.3802e+00, 9.5639e-03, 
 2DIAGNOSTIC,    23, -5.481224060059e-01, 7.571600872325e-05, 1.3922e+00, 1.1941e-02, 
 2DIAGNOSTIC,    24, -5.481657385826e-01, 7.164229464252e-05, 1.4003e+00, 8.1351e-03, 
 2DIAGNOSTIC,    25, -5.485546588898e-01, 7.140603702283e-05, 1.4093e+00, 8.9729e-03, 
 2DIAGNOSTIC,    26, -5.487212538719e-01, 6.990618567215e-05, 1.4179e+00, 8.6291e-03, 
 2DIAGNOSTIC,    27, -5.487961769104e-01, 6.491766544059e-05, 1.4269e+00, 9.0289e-03, 
 2DIAGNOSTIC,    28, -5.488919615746e-01, 6.272768223425e-05, 1.4376e+00, 1.0702e-02, 
 2DIAGNOSTIC,    29, -5.489297509193e-01, 5.902806879021e-05, 1.4462e+00, 8.5311e-03, 
 2DIAGNOSTIC,    30, -5.492409467697e-01, 5.693080311175e-05, 1.4553e+00, 9.0859e-03, 
 2DIAGNOSTIC,    31, -5.492808818817e-01, 5.101377610117e-05, 1.4636e+00, 8.3771e-03, 
 2DIAGNOSTIC,    32, -5.493186712265e-01, 4.595916834660e-05, 1.4727e+00, 9.0790e-03, 
 2DIAGNOSTIC,    33, -5.493829250336e-01, 4.023898873129e-05, 1.4873e+00, 1.4547e-02, 
 2DIAGNOSTIC,    34, -5.493909120560e-01, 3.174885205226e-05, 1.4951e+00, 7.8158e-03, 
 2DIAGNOSTIC,    35, -5.494132637978e-01, 2.683020829863e-05, 1.5038e+00, 8.7180e-03, 
 2DIAGNOSTIC,    36, -5.494182109833e-01, 2.217252222181e-05, 1.5127e+00, 8.9052e-03, 
 2DIAGNOSTIC,    37, -5.494174361229e-01, 1.681250432739e-05, 1.5215e+00, 8.7740e-03, 
 2DIAGNOSTIC,    38, -5.494221448898e-01, 1.162611351901e-05, 1.5315e+00, 9.9759e-03, 
 2DIAGNOSTIC,    39, -5.494307279587e-01, 6.185843631101e-06, 1.5393e+00, 7.8561e-03, 
 2DIAGNOSTIC,    40, -5.494491457939e-01, 4.785732471646e-06, 1.5510e+00, 1.1642e-02, 
 2DIAGNOSTIC,    41, -5.494831800461e-01, 4.002459263575e-06, 1.5617e+00, 1.0786e-02, 
 2DIAGNOSTIC,    42, -5.495787262917e-01, 4.573261321639e-06, 1.5706e+00, 8.9009e-03, 
 2DIAGNOSTIC,    43, -5.496931672096e-01, 6.887613380968e-06, 1.5797e+00, 9.0449e-03, 
 2DIAGNOSTIC,    44, -5.498114824295e-01, 9.971623512683e-06, 1.5928e+00, 1.3139e-02, 
 2DIAGNOSTIC,    45, -5.498795509338e-01, 1.306581907556e-05, 1.6016e+00, 8.8201e-03, 
 2DIAGNOSTIC,    46, -5.498991608620e-01, 1.512620110589e-05, 1.6104e+00, 8.7919e-03, 
 2DIAGNOSTIC,    47, -5.499083399773e-01, 1.581305332365e-05, 1.6196e+00, 9.1159e-03, 
 2DIAGNOSTIC,    48, -5.499136447906e-01, 1.511807295174e-05, 1.6284e+00, 8.8222e-03, 
 2DIAGNOSTIC,    49, -5.499168038368e-01, 1.318110844295e-05, 1.6361e+00, 7.7071e-03, 
 2DIAGNOSTIC,    50, -5.499370694160e-01, 1.052783773048e-05, 1.6461e+00, 9.9890e-03, 
 2DIAGNOSTIC,    51, -5.499399900436e-01, 7.401798029605e-06, 1.6545e+00, 8.4541e-03, 
 2DIAGNOSTIC,    52, -5.499411225319e-01, 4.703731519839e-06, 1.6631e+00, 8.6060e-03, 
 2DIAGNOSTIC,    53, -5.499463081360e-01, 2.866735940188e-06, 1.6711e+00, 7.9288e-03, 
 2DIAGNOSTIC,    54, -5.499750971794e-01, 2.277043904542e-06, 1.6786e+00, 7.5769e-03, 
 2DIAGNOSTIC,    55, -5.500509738922e-01, 2.891142685257e-06, 1.6864e+00, 7.7710e-03, 
 2DIAGNOSTIC,    56, -5.501449704170e-01, 4.295144663047e-06, 1.6947e+00, 8.2500e-03, 
 2DIAGNOSTIC,    57, -5.502979159355e-01, 6.756963557564e-06, 1.7074e+00, 1.2736e-02, 
 2DIAGNOSTIC,    58, -5.503391623497e-01, 8.936318408814e-06, 1.7153e+00, 7.9229e-03, 
 2DIAGNOSTIC,    59, -5.503940582275e-01, 1.075328964362e-05, 1.7232e+00, 7.8390e-03, 
 2DIAGNOSTIC,    60, -5.504396557808e-01, 1.209396123159e-05, 1.7320e+00, 8.8859e-03, 
 2DIAGNOSTIC,    61, -5.504426956177e-01, 1.231258920598e-05, 1.7408e+00, 8.7819e-03, 
 2DIAGNOSTIC,    62, -5.505106449127e-01, 1.196502307721e-05, 1.7533e+00, 1.2491e-02, 
 2DIAGNOSTIC,    63, -5.505134463310e-01, 1.058380257746e-05, 1.7615e+00, 8.1539e-03, 
 2DIAGNOSTIC,    64, -5.505610704422e-01, 8.902833542379e-06, 1.7705e+00, 9.0010e-03, 
 2DIAGNOSTIC,    65, -5.505819320679e-01, 7.225123681565e-06, 1.7782e+00, 7.7689e-03, 
 2DIAGNOSTIC,    66, -5.505815148354e-01, 5.657868314302e-06, 1.7867e+00, 8.4481e-03, 
 2DIAGNOSTIC,    67, -5.506083369255e-01, 5.030830834585e-06, 1.7950e+00, 8.3361e-03, 
 2DIAGNOSTIC,    68, -5.506483912468e-01, 4.588819592755e-06, 1.8032e+00, 8.1851e-03, 
 2DIAGNOSTIC,    69, -5.507262945175e-01, 4.746106696984e-06, 1.8114e+00, 8.1699e-03, 
 2DIAGNOSTIC,    70, -5.508518815041e-01, 5.745609996666e-06, 1.8196e+00, 8.2140e-03, 
 2DIAGNOSTIC,    71, -5.510262846947e-01, 7.477853614546e-06, 1.8292e+00, 9.5611e-03, 
 2DIAGNOSTIC,    72, -5.511305928230e-01, 9.709577170725e-06, 1.8431e+00, 1.3955e-02, 
 2DIAGNOSTIC,    73, -5.512220859528e-01, 1.164805598819e-05, 1.8517e+00, 8.5831e-03, 
 2DIAGNOSTIC,    74, -5.512692928314e-01, 1.311192227149e-05, 1.8610e+00, 9.3288e-03, 
 2DIAGNOSTIC,    75, -5.513263940811e-01, 1.384713505104e-05, 1.8716e+00, 1.0536e-02, 
 2DIAGNOSTIC,    76, -5.513367056847e-01, 1.331861403742e-05, 1.8804e+00, 8.8620e-03, 
 2DIAGNOSTIC,    77, -5.513489842415e-01, 1.182343839901e-05, 1.8883e+00, 7.9129e-03, 
 2DIAGNOSTIC,    78, -5.513657927513e-01, 9.647671504354e-06, 1.8971e+00, 8.7450e-03, 
 2DIAGNOSTIC,    79, -5.513671040535e-01, 7.145932613639e-06, 1.9052e+00, 8.0950e-03, 
 2DIAGNOSTIC,    80, -5.513892173767e-01, 4.992386493541e-06, 1.9142e+00, 9.0201e-03, 
 2DIAGNOSTIC,    81, -5.513972043991e-01, 3.602753622545e-06, 1.9236e+00, 9.4459e-03, 
 2DIAGNOSTIC,    82, -5.513951778412e-01, 2.574562586233e-06, 1.9317e+00, 8.0459e-03, 
 2DIAGNOSTIC,    83, -5.514135360718e-01, 2.043592758127e-06, 1.9396e+00, 7.9291e-03, 
 2DIAGNOSTIC,    84, -5.514271855354e-01, 1.728491838549e-06, 1.9478e+00, 8.1589e-03, 
 2DIAGNOSTIC,    85, -5.514642000198e-01, 1.860947236310e-06, 1.9557e+00, 7.9422e-03, 
 2DIAGNOSTIC,    86, -5.515140295029e-01, 2.203225449193e-06, 1.9646e+00, 8.9018e-03, 
 2DIAGNOSTIC,    87, -5.515437722206e-01, 2.605065674288e-06, 1.9741e+00, 9.5081e-03, 
 2DIAGNOSTIC,    88, -5.515288114548e-01, 2.794333568090e-06, 1.9833e+00, 9.1722e-03, 
 2DIAGNOSTIC,    89, -5.515810251236e-01, 3.058971515202e-06, 1.9939e+00, 1.0568e-02, 
 2DIAGNOSTIC,    90, -5.515635013580e-01, 3.071426817769e-06, 2.0032e+00, 9.3541e-03, 
 2DIAGNOSTIC,    91, -5.515431761742e-01, 2.752348109425e-06, 2.0122e+00, 8.9920e-03, 
 2DIAGNOSTIC,    92, -5.515479445457e-01, 2.228027369711e-06, 2.0200e+00, 7.7460e-03, 
 2DIAGNOSTIC,    93, -5.515376925468e-01, 1.578983642503e-06, 2.0281e+00, 8.1379e-03, 
DIAGNOSTIC,Iteration,metricValue,convergenceValue,ITERATION_TIME_INDEX,SINCE_LAST
 2DIAGNOSTIC,     1, -4.866987764835e-01, inf, 2.3308e+00, 3.0269e-01, 
 2DIAGNOSTIC,     2, -4.871032238007e-01, inf, 2.3937e+00, 6.2917e-02, 
 2DIAGNOSTIC,     3, -4.875202476978e-01, inf, 2.4467e+00, 5.2968e-02, 
 2DIAGNOSTIC,     4, -4.876961708069e-01, inf, 2.4945e+00, 4.7860e-02, 
 2DIAGNOSTIC,     5, -4.877445101738e-01, inf, 2.5380e+00, 4.3498e-02, 
 2DIAGNOSTIC,     6, -4.877517223358e-01, inf, 2.5843e+00, 4.6310e-02, 
 2DIAGNOSTIC,     7, -4.878223240376e-01, inf, 2.6247e+00, 4.0344e-02, 
 2DIAGNOSTIC,     8, -4.879685044289e-01, inf, 2.6641e+00, 3.9442e-02, 
 2DIAGNOSTIC,     9, -4.880913794041e-01, inf, 2.7141e+00, 4.9978e-02, 
 2DIAGNOSTIC,    10, -4.880883395672e-01, 1.563236874063e-04, 2.7535e+00, 3.9379e-02, 
 2DIAGNOSTIC,    11, -4.881397783756e-01, 1.049590209732e-04, 2.7945e+00, 4.1020e-02, 
 2DIAGNOSTIC,    12, -4.882510006428e-01, 7.754936814308e-05, 2.8523e+00, 5.7795e-02, 
 2DIAGNOSTIC,    13, -4.882477223873e-01, 6.568806566065e-05, 2.8983e+00, 4.5969e-02, 
 2DIAGNOSTIC,    14, -4.882502555847e-01, 5.718558168155e-05, 2.9520e+00, 5.3706e-02, 
 2DIAGNOSTIC,    15, -4.882493317127e-01, 4.680671190727e-05, 2.9981e+00, 4.6153e-02, 
 2DIAGNOSTIC,    16, -4.882476925850e-01, 3.384884621482e-05, 3.0418e+00, 4.3712e-02, 
 2DIAGNOSTIC,    17, -4.882457256317e-01, 2.167314778490e-05, 3.0806e+00, 3.8787e-02, 
 2DIAGNOSTIC,    18, -4.882434308529e-01, 1.357903056487e-05, 3.1227e+00, 4.2113e-02, 
 2DIAGNOSTIC,    19, -4.882422983646e-01, 9.052296263690e-06, 3.1690e+00, 4.6289e-02, 
 2DIAGNOSTIC,    20, -4.882445037365e-01, 4.262822130841e-06, 3.2150e+00, 4.5937e-02, 
 2DIAGNOSTIC,    21, -4.882446229458e-01, 1.020387117023e-06, 3.2592e+00, 4.4211e-02, 
 2DIAGNOSTIC,    22, -4.882445931435e-01, 1.067162543222e-06, 3.3042e+00, 4.5046e-02, 
 2DIAGNOSTIC,    23, -4.882438480854e-01, 1.042944177243e-06, 3.3656e+00, 6.1341e-02, 
 2DIAGNOSTIC,    24, -4.882431924343e-01, 1.098669144994e-06, 3.4135e+00, 4.7940e-02, 
 2DIAGNOSTIC,    25, -4.882425367832e-01, 1.133603404924e-06, 3.4562e+00, 4.2740e-02, 
 2DIAGNOSTIC,    26, -4.882434904575e-01, 1.163579895547e-06, 3.4998e+00, 4.3516e-02, 
 2DIAGNOSTIC,    27, -4.882436096668e-01, 1.158148279501e-06, 3.5537e+00, 5.3963e-02, 
 2DIAGNOSTIC,    28, -4.882435798645e-01, 1.108223273150e-06, 3.6097e+00, 5.5971e-02, 
 2DIAGNOSTIC,    29, -4.882436394691e-01, 1.042309804689e-06, 3.6515e+00, 4.1848e-02, 
 2DIAGNOSTIC,    30, -4.882435500622e-01, 1.026953214023e-06, 3.7090e+00, 5.7505e-02, 
 2DIAGNOSTIC,    31, -4.882435798645e-01, 1.018022203425e-06, 3.7516e+00, 4.2517e-02, 
 2DIAGNOSTIC,    32, -4.882434308529e-01, 1.007135438158e-06, 3.7933e+00, 4.1741e-02, 
DIAGNOSTIC,Iteration,metricValue,convergenceValue,ITERATION_TIME_INDEX,SINCE_LAST
 2DIAGNOSTIC,     1, -4.475014805794e-01, inf, 4.5491e+00, 7.5583e-01, 
 2DIAGNOSTIC,     2, -4.475969374180e-01, inf, 4.7700e+00, 2.2092e-01, 
 2DIAGNOSTIC,     3, -4.476850330830e-01, inf, 5.0512e+00, 2.8115e-01, 
 2DIAGNOSTIC,     4, -4.476938843727e-01, inf, 5.3494e+00, 2.9817e-01, 
 2DIAGNOSTIC,     5, -4.476959407330e-01, inf, 5.5869e+00, 2.3755e-01, 
 2DIAGNOSTIC,     6, -4.476960003376e-01, inf, 5.8306e+00, 2.4373e-01, 
 2DIAGNOSTIC,     7, -4.476985931396e-01, inf, 6.0626e+00, 2.3199e-01, 
 2DIAGNOSTIC,     8, -4.477004706860e-01, inf, 6.2834e+00, 2.2078e-01, 
 2DIAGNOSTIC,     9, -4.477087557316e-01, inf, 6.5411e+00, 2.5765e-01, 
 2DIAGNOSTIC,    10, -4.477244913578e-01, 2.436877184664e-05, 6.7662e+00, 2.2515e-01, 
 2DIAGNOSTIC,    11, -4.477692544460e-01, 1.557569703436e-05, 7.0910e+00, 3.2478e-01, 
 2DIAGNOSTIC,    12, -4.477747678757e-01, 1.227333450515e-05, 7.3399e+00, 2.4889e-01, 
 2DIAGNOSTIC,    13, -4.477766752243e-01, 1.302193959418e-05, 7.5556e+00, 2.1577e-01, 
 2DIAGNOSTIC,    14, -4.477823674679e-01, 1.338611764368e-05, 7.7862e+00, 2.3059e-01, 
 2DIAGNOSTIC,    15, -4.477976262569e-01, 1.340061680821e-05, 8.0084e+00, 2.2219e-01, 
 2DIAGNOSTIC,    16, -4.478248357773e-01, 1.341760344076e-05, 8.2298e+00, 2.2141e-01, 
 2DIAGNOSTIC,    17, -4.479109048843e-01, 1.567337130837e-05, 8.4514e+00, 2.2153e-01, 
 2DIAGNOSTIC,    18, -4.480839073658e-01, 2.252480589959e-05, 8.7228e+00, 2.7140e-01, 
 2DIAGNOSTIC,    19, -4.481939375401e-01, 3.056789864786e-05, 9.0795e+00, 3.5677e-01, 
 2DIAGNOSTIC,    20, -4.482086300850e-01, 3.604784797062e-05, 9.3128e+00, 2.3329e-01, 
 2DIAGNOSTIC,    21, -4.482517540455e-01, 4.053751763422e-05, 9.5784e+00, 2.6563e-01, 
 2DIAGNOSTIC,    22, -4.482558667660e-01, 4.121830352233e-05, 9.8183e+00, 2.3987e-01, 
 2DIAGNOSTIC,    23, -4.482579827309e-01, 3.815954551101e-05, 1.0075e+01, 2.5659e-01, 
 2DIAGNOSTIC,    24, -4.482614994049e-01, 3.213700983906e-05, 1.0313e+01, 2.3770e-01, 
 2DIAGNOSTIC,    25, -4.482663571835e-01, 2.427122853987e-05, 1.0535e+01, 2.2215e-01, 
 2DIAGNOSTIC,    26, -4.482811093330e-01, 1.588560007804e-05, 1.0768e+01, 2.3285e-01, 
 2DIAGNOSTIC,    27, -4.482946097851e-01, 8.988033187052e-06, 1.1016e+01, 2.4808e-01, 
 2DIAGNOSTIC,    28, -4.482993781567e-01, 5.819488251291e-06, 1.1290e+01, 2.7389e-01, 
 2DIAGNOSTIC,    29, -4.483059644699e-01, 4.986418844055e-06, 1.1549e+01, 2.5971e-01, 
 2DIAGNOSTIC,    30, -4.483077228069e-01, 4.163483936281e-06, 1.1808e+01, 2.5862e-01, 
 2DIAGNOSTIC,    31, -4.483100473881e-01, 4.025134785479e-06, 1.2061e+01, 2.5340e-01, 
 2DIAGNOSTIC,    32, -4.483114480972e-01, 3.717114623214e-06, 1.2315e+01, 2.5398e-01, 
 2DIAGNOSTIC,    33, -4.483127295971e-01, 3.236014435970e-06, 1.2572e+01, 2.5656e-01, 
 2DIAGNOSTIC,    34, -4.483133554459e-01, 2.647528162925e-06, 1.2803e+01, 2.3096e-01, 
 2DIAGNOSTIC,    35, -4.483208656311e-01, 2.150173258997e-06, 1.3029e+01, 2.2669e-01, 
 2DIAGNOSTIC,    36, -4.483321011066e-01, 2.012317281697e-06, 1.3253e+01, 2.2338e-01, 
 2DIAGNOSTIC,    37, -4.483651518822e-01, 2.567737965364e-06, 1.3547e+01, 2.9396e-01, 
 2DIAGNOSTIC,    38, -4.483761489391e-01, 3.180333123964e-06, 1.3799e+01, 2.5257e-01, 
 2DIAGNOSTIC,    39, -4.483815431595e-01, 3.736719691005e-06, 1.4027e+01, 2.2745e-01, 
 2DIAGNOSTIC,    40, -4.483924508095e-01, 4.192616415821e-06, 1.4284e+01, 2.5670e-01, 
 2DIAGNOSTIC,    41, -4.483982324600e-01, 4.420950517670e-06, 1.4535e+01, 2.5187e-01, 
 2DIAGNOSTIC,    42, -4.484052658081e-01, 4.410318979353e-06, 1.4834e+01, 2.9876e-01, 
 2DIAGNOSTIC,    43, -4.484089016914e-01, 4.123358849029e-06, 1.5089e+01, 2.5479e-01, 
 2DIAGNOSTIC,    44, -4.484115242958e-01, 3.578090399969e-06, 1.5311e+01, 2.2237e-01, 
 2DIAGNOSTIC,    45, -4.484137892723e-01, 2.923429974544e-06, 1.5531e+01, 2.1987e-01, 
 2DIAGNOSTIC,    46, -4.484186172485e-01, 2.294746309417e-06, 1.5776e+01, 2.4470e-01, 
 2DIAGNOSTIC,    47, -4.484201073647e-01, 2.001542952712e-06, 1.6045e+01, 2.6948e-01, 
 2DIAGNOSTIC,    48, -4.484244585037e-01, 1.796873220883e-06, 1.6333e+01, 2.8793e-01, 
 2DIAGNOSTIC,    49, -4.484235942364e-01, 1.547686338199e-06, 1.6581e+01, 2.4774e-01, 
 2DIAGNOSTIC,    50, -4.484250545502e-01, 1.379438344884e-06, 1.6813e+01, 2.3202e-01, 
 2DIAGNOSTIC,    51, -4.484255015850e-01, 1.221630554937e-06, 1.7069e+01, 2.5548e-01, 
 2DIAGNOSTIC,    52, -4.484303593636e-01, 1.156324856311e-06, 1.7295e+01, 2.2624e-01, 
 2DIAGNOSTIC,    53, -4.484296739101e-01, 1.074714646165e-06, 1.7517e+01, 2.2199e-01, 
 2DIAGNOSTIC,    54, -4.484509825706e-01, 1.232777435689e-06, 1.7911e+01, 3.9459e-01, 
 2DIAGNOSTIC,    55, -4.484514296055e-01, 1.347532247564e-06, 1.8176e+01, 2.6489e-01, 
 2DIAGNOSTIC,    56, -4.484504461288e-01, 1.430098564015e-06, 1.8437e+01, 2.6042e-01, 
 2DIAGNOSTIC,    57, -4.484497010708e-01, 1.437344508304e-06, 1.8714e+01, 2.7745e-01, 
 2DIAGNOSTIC,    58, -4.484489858150e-01, 1.399381517331e-06, 1.9030e+01, 3.1554e-01, 
 2DIAGNOSTIC,    59, -4.484490454197e-01, 1.268825599254e-06, 1.9338e+01, 3.0816e-01, 
 2DIAGNOSTIC,    60, -4.484493136406e-01, 1.089982788471e-06, 1.9589e+01, 2.5110e-01, 
  Elapsed time (stage 0): 1.9856e+01


Stage 1
  iterations = 1000x500x250x100
  convergence threshold = 1.0000e-06
  convergence window size = 10
  number of levels = 4
  using the Mattes MI metric (number of bins = 32, weight = 1.0000e+00, use gradient filter = 0)
  preprocessing:  winsorizing the image intensities
  Shrink factors (level 1 out of 4): [8, 8, 8]
  Shrink factors (level 2 out of 4): [4, 4, 4]
  Shrink factors (level 3 out of 4): [2, 2, 2]
  Shrink factors (level 4 out of 4): [1, 1, 1]
  smoothing sigmas per level: [3, 2, 1, 0]
  regular sampling (percentage = 2.5000e-01)

*** Running AffineTransform registration ***

DIAGNOSTIC,Iteration,metricValue,convergenceValue,ITERATION_TIME_INDEX,SINCE_LAST
 2DIAGNOSTIC,     1, -6.782444119453e-01, inf, 1.2296e-01, 1.2296e-01, 
 2DIAGNOSTIC,     2, -6.799889802933e-01, inf, 1.2851e-01, 5.5490e-03, 
 2DIAGNOSTIC,     3, -6.831918358803e-01, inf, 1.3515e-01, 6.6371e-03, 
 2DIAGNOSTIC,     4, -6.882384419441e-01, inf, 1.4545e-01, 1.0295e-02, 
 2DIAGNOSTIC,     5, -6.958100795746e-01, inf, 1.5280e-01, 7.3590e-03, 
 2DIAGNOSTIC,     6, -7.054569125175e-01, inf, 1.6194e-01, 9.1350e-03, 
 2DIAGNOSTIC,     7, -7.403140664101e-01, inf, 1.8038e-01, 1.8441e-02, 
 2DIAGNOSTIC,     8, -7.402301430702e-01, inf, 1.8880e-01, 8.4159e-03, 
 2DIAGNOSTIC,     9, -7.402498126030e-01, inf, 1.9653e-01, 7.7350e-03, 
 2DIAGNOSTIC,    10, -7.403841614723e-01, 7.245989516377e-03, 2.0424e-01, 7.7071e-03, 
 2DIAGNOSTIC,    11, -7.405809164047e-01, 6.300976034254e-03, 2.1356e-01, 9.3219e-03, 
 2DIAGNOSTIC,    12, -7.409309148788e-01, 5.007901694626e-03, 2.2181e-01, 8.2469e-03, 
 2DIAGNOSTIC,    13, -7.416408061981e-01, 3.588066436350e-03, 2.3020e-01, 8.3950e-03, 
 2DIAGNOSTIC,    14, -7.428597211838e-01, 2.242415910587e-03, 2.3802e-01, 7.8161e-03, 
 2DIAGNOSTIC,    15, -7.438424229622e-01, 1.105934614316e-03, 2.4801e-01, 9.9900e-03, 
 2DIAGNOSTIC,    16, -7.439600229263e-01, 2.304415247636e-04, 2.5602e-01, 8.0121e-03, 
 2DIAGNOSTIC,    17, -7.438184618950e-01, 2.433277259115e-04, 2.6301e-01, 6.9921e-03, 
 2DIAGNOSTIC,    18, -7.439994812012e-01, 2.347631671000e-04, 2.7073e-01, 7.7178e-03, 
 2DIAGNOSTIC,    19, -7.438939809799e-01, 2.032286138274e-04, 2.7842e-01, 7.6859e-03, 
 2DIAGNOSTIC,    20, -7.439650893211e-01, 1.600766845513e-04, 2.8529e-01, 6.8700e-03, 
 2DIAGNOSTIC,    21, -7.439715862274e-01, 1.104118346120e-04, 2.9509e-01, 9.8028e-03, 
 2DIAGNOSTIC,    22, -7.441455125809e-01, 6.469740765169e-05, 3.0378e-01, 8.6899e-03, 
 2DIAGNOSTIC,    23, -7.442449927330e-01, 3.040573028557e-05, 3.1037e-01, 6.5961e-03, 
 2DIAGNOSTIC,    24, -7.442966103554e-01, 1.648277611821e-05, 3.1838e-01, 8.0080e-03, 
 2DIAGNOSTIC,    25, -7.441869378090e-01, 1.587175211171e-05, 3.2714e-01, 8.7552e-03, 
 2DIAGNOSTIC,    26, -7.441586852074e-01, 1.540917764942e-05, 3.3471e-01, 7.5760e-03, 
 2DIAGNOSTIC,    27, -7.441609501839e-01, 1.152229287982e-05, 3.4216e-01, 7.4461e-03, 
 2DIAGNOSTIC,    28, -7.440257072449e-01, 7.570364687126e-06, 3.5064e-01, 8.4751e-03, 
 2DIAGNOSTIC,    29, -7.441347241402e-01, 3.383782996025e-06, 3.5841e-01, 7.7770e-03, 
DIAGNOSTIC,Iteration,metricValue,convergenceValue,ITERATION_TIME_INDEX,SINCE_LAST
 2DIAGNOSTIC,     1, -6.124119758606e-01, inf, 5.0008e-01, 1.4167e-01, 
 2DIAGNOSTIC,     2, -6.127099394798e-01, inf, 5.1399e-01, 1.3910e-02, 
 2DIAGNOSTIC,     3, -6.130232810974e-01, inf, 5.2517e-01, 1.1178e-02, 
 2DIAGNOSTIC,     4, -6.135522127151e-01, inf, 5.3601e-01, 1.0841e-02, 
 2DIAGNOSTIC,     5, -6.143694519997e-01, inf, 5.4870e-01, 1.2689e-02, 
 2DIAGNOSTIC,     6, -6.151139140129e-01, inf, 5.6091e-01, 1.2209e-02, 
 2DIAGNOSTIC,     7, -6.157718896866e-01, inf, 5.7375e-01, 1.2839e-02, 
 2DIAGNOSTIC,     8, -6.159071922302e-01, inf, 5.8888e-01, 1.5127e-02, 
 2DIAGNOSTIC,     9, -6.159080862999e-01, inf, 6.0250e-01, 1.3628e-02, 
 2DIAGNOSTIC,    10, -6.159218549728e-01, 4.420248442329e-04, 6.1912e-01, 1.6616e-02, 
 2DIAGNOSTIC,    11, -6.159159541130e-01, 3.484115295578e-04, 6.3003e-01, 1.0912e-02, 
 2DIAGNOSTIC,    12, -6.158922910690e-01, 2.498973335605e-04, 6.4238e-01, 1.2346e-02, 
 2DIAGNOSTIC,    13, -6.158945560455e-01, 1.555717753945e-04, 6.5377e-01, 1.1392e-02, 
 2DIAGNOSTIC,    14, -6.158871650696e-01, 7.789999654051e-05, 6.6401e-01, 1.0243e-02, 
 2DIAGNOSTIC,    15, -6.158809065819e-01, 2.832809877873e-05, 6.7605e-01, 1.2039e-02, 
 2DIAGNOSTIC,    16, -6.158860921860e-01, 3.721014991243e-06, 6.8733e-01, 1.1275e-02, 
DIAGNOSTIC,Iteration,metricValue,convergenceValue,ITERATION_TIME_INDEX,SINCE_LAST
 2DIAGNOSTIC,     1, -5.347144603729e-01, inf, 9.3499e-01, 2.4766e-01, 
 2DIAGNOSTIC,     2, -5.349385738373e-01, inf, 9.9319e-01, 5.8201e-02, 
 2DIAGNOSTIC,     3, -5.351994037628e-01, inf, 1.0522e+00, 5.8991e-02, 
 2DIAGNOSTIC,     4, -5.355668663979e-01, inf, 1.1073e+00, 5.5075e-02, 
 2DIAGNOSTIC,     5, -5.363542437553e-01, inf, 1.1609e+00, 5.3683e-02, 
 2DIAGNOSTIC,     6, -5.372636318207e-01, inf, 1.2152e+00, 5.4226e-02, 
 2DIAGNOSTIC,     7, -5.394816994667e-01, inf, 1.2867e+00, 7.1490e-02, 
 2DIAGNOSTIC,     8, -5.406496524811e-01, inf, 1.3502e+00, 6.3538e-02, 
 2DIAGNOSTIC,     9, -5.411669015884e-01, inf, 1.4295e+00, 7.9314e-02, 
 2DIAGNOSTIC,    10, -5.411716699600e-01, 9.389811311848e-04, 1.4819e+00, 5.2433e-02, 
 2DIAGNOSTIC,    11, -5.412030816078e-01, 8.570870850235e-04, 1.5318e+00, 4.9821e-02, 
 2DIAGNOSTIC,    12, -5.412212014198e-01, 7.217980455607e-04, 1.5860e+00, 5.4218e-02, 
 2DIAGNOSTIC,    13, -5.412884354591e-01, 5.551793146878e-04, 1.6585e+00, 7.2494e-02, 
 2DIAGNOSTIC,    14, -5.412993431091e-01, 3.769391332753e-04, 1.7189e+00, 6.0473e-02, 
 2DIAGNOSTIC,    15, -5.412898659706e-01, 2.163780009141e-04, 1.7808e+00, 6.1900e-02, 
 2DIAGNOSTIC,    16, -5.412940979004e-01, 8.511413034284e-05, 1.8416e+00, 6.0707e-02, 
 2DIAGNOSTIC,    17, -5.412892699242e-01, 2.946958557004e-05, 1.9070e+00, 6.5440e-02, 
 2DIAGNOSTIC,    18, -5.412899255753e-01, 1.124637856265e-05, 1.9671e+00, 6.0098e-02, 
 2DIAGNOSTIC,    19, -5.412897467613e-01, 8.414281182922e-06, 2.0271e+00, 6.0030e-02, 
 2DIAGNOSTIC,    20, -5.412876605988e-01, 5.323249752109e-06, 2.0895e+00, 6.2405e-02, 
 2DIAGNOSTIC,    21, -5.412843227386e-01, 2.897603735619e-06, 2.1530e+00, 6.3523e-02, 
DIAGNOSTIC,Iteration,metricValue,convergenceValue,ITERATION_TIME_INDEX,SINCE_LAST
 2DIAGNOSTIC,     1, -4.915754497051e-01, inf, 3.1256e+00, 9.7252e-01, 
 2DIAGNOSTIC,     2, -4.918191134930e-01, inf, 3.4963e+00, 3.7074e-01, 
 2DIAGNOSTIC,     3, -4.922182261944e-01, inf, 3.8778e+00, 3.8152e-01, 
 2DIAGNOSTIC,     4, -4.926427602768e-01, inf, 4.2546e+00, 3.7678e-01, 
 2DIAGNOSTIC,     5, -4.928793013096e-01, inf, 4.6446e+00, 3.8999e-01, 
 2DIAGNOSTIC,     6, -4.932439029217e-01, inf, 5.2060e+00, 5.6138e-01, 
 2DIAGNOSTIC,     7, -4.934803247452e-01, inf, 5.5716e+00, 3.6563e-01, 
 2DIAGNOSTIC,     8, -4.935848116875e-01, inf, 5.9482e+00, 3.7656e-01, 
 2DIAGNOSTIC,     9, -4.936956763268e-01, inf, 6.3108e+00, 3.6259e-01, 
 2DIAGNOSTIC,    10, -4.938635528088e-01, 3.109881654382e-04, 6.6903e+00, 3.7957e-01, 
 2DIAGNOSTIC,    11, -4.940600693226e-01, 2.537152904551e-04, 7.2728e+00, 5.8247e-01, 
 2DIAGNOSTIC,    12, -4.941102862358e-01, 1.971542078536e-04, 7.7257e+00, 4.5293e-01, 
 2DIAGNOSTIC,    13, -4.941157400608e-01, 1.495636388427e-04, 8.1790e+00, 4.5329e-01, 
 2DIAGNOSTIC,    14, -4.941157698631e-01, 1.129892407334e-04, 8.6128e+00, 4.3376e-01, 
 2DIAGNOSTIC,    15, -4.941166341305e-01, 7.996580097824e-05, 9.0075e+00, 3.9475e-01, 
 2DIAGNOSTIC,    16, -4.941164255142e-01, 5.677897934220e-05, 9.4100e+00, 4.0247e-01, 
 2DIAGNOSTIC,    17, -4.941179156303e-01, 3.932468098355e-05, 9.8260e+00, 4.1601e-01, 
 2DIAGNOSTIC,    18, -4.941198229790e-01, 2.381307422183e-05, 1.0189e+01, 3.6332e-01, 
 2DIAGNOSTIC,    19, -4.941206872463e-01, 1.122940739151e-05, 1.0567e+01, 3.7749e-01, 
 2DIAGNOSTIC,    20, -4.941245317459e-01, 3.820684923994e-06, 1.0918e+01, 3.5167e-01, 
 2DIAGNOSTIC,    21, -4.941346943378e-01, 2.538717353673e-06, 1.1300e+01, 3.8158e-01, 
 2DIAGNOSTIC,    22, -4.941498935223e-01, 2.979626515298e-06, 1.1649e+01, 3.4906e-01, 
 2DIAGNOSTIC,    23, -4.941798746586e-01, 4.118765900785e-06, 1.2031e+01, 3.8183e-01, 
 2DIAGNOSTIC,    24, -4.942096173763e-01, 5.607654202322e-06, 1.2404e+01, 3.7287e-01, 
 2DIAGNOSTIC,    25, -4.942966699600e-01, 8.593150596425e-06, 1.2774e+01, 3.7025e-01, 
 2DIAGNOSTIC,    26, -4.946895837784e-01, 1.931305996550e-05, 1.3233e+01, 4.5854e-01, 
 2DIAGNOSTIC,    27, -4.947814345360e-01, 2.930835580628e-05, 1.3685e+01, 4.5200e-01, 
 2DIAGNOSTIC,    28, -4.948340058327e-01, 3.711750468938e-05, 1.4045e+01, 3.6075e-01, 
 2DIAGNOSTIC,    29, -4.949364066124e-01, 4.314401303418e-05, 1.4513e+01, 4.6722e-01, 
 2DIAGNOSTIC,    30, -4.950096011162e-01, 4.620351319318e-05, 1.4891e+01, 3.7828e-01, 
 2DIAGNOSTIC,    31, -4.950954020023e-01, 4.644560613087e-05, 1.5258e+01, 3.6667e-01, 
 2DIAGNOSTIC,    32, -4.952262043953e-01, 4.495436223806e-05, 1.5828e+01, 5.7054e-01, 
 2DIAGNOSTIC,    33, -4.952290356159e-01, 4.001724300906e-05, 1.6275e+01, 4.4732e-01, 
 2DIAGNOSTIC,    34, -4.952287971973e-01, 3.223834937671e-05, 1.6668e+01, 3.9221e-01, 
 2DIAGNOSTIC,    35, -4.952285289764e-01, 2.320835119463e-05, 1.7090e+01, 4.2256e-01, 
 2DIAGNOSTIC,    36, -4.952281117439e-01, 1.879272349470e-05, 1.7469e+01, 3.7905e-01, 
 2DIAGNOSTIC,    37, -4.952271282673e-01, 1.429973690392e-05, 1.7992e+01, 5.2241e-01, 
 2DIAGNOSTIC,    38, -4.952276349068e-01, 9.549577043799e-06, 1.8415e+01, 4.2361e-01, 
 2DIAGNOSTIC,    39, -4.952275753021e-01, 5.737832907471e-06, 1.8841e+01, 4.2550e-01, 
 2DIAGNOSTIC,    40, -4.952271878719e-01, 2.682580998226e-06, 1.9275e+01, 4.3431e-01, 
  Elapsed time (stage 1): 1.9546e+01


Stage 2
  iterations = 100x70x50x20
  convergence threshold = 1.0000e-06
  convergence window size = 10
  number of levels = 4
  using the CC metric (radius = 4, weight = 1.0000e+00, use gradient filter = 0)
  preprocessing:  winsorizing the image intensities
  Shrink factors (level 1 out of 4): [8, 8, 8]
  Shrink factors (level 2 out of 4): [4, 4, 4]
  Shrink factors (level 3 out of 4): [2, 2, 2]
  Shrink factors (level 4 out of 4): [1, 1, 1]
  smoothing sigmas per level: [3, 2, 1, 0]
  Using default NONE metricSamplingStrategy 

*** Running SyN registration (varianceForUpdateField = 3.0000e+00, varianceForTotalField = 0.0000e+00) ***

XXDIAGNOSTIC,Iteration,metricValue,convergenceValue,ITERATION_TIME_INDEX,SINCE_LAST
 1DIAGNOSTIC,     1, -8.799238204956e-01, inf, 1.5225e-01, 1.5225e-01, 
 1DIAGNOSTIC,     2, -8.926620483398e-01, inf, 2.3676e-01, 8.4515e-02, 
 1DIAGNOSTIC,     3, -9.053578376770e-01, inf, 3.2839e-01, 9.1627e-02, 
 1DIAGNOSTIC,     4, -9.151340723038e-01, inf, 4.1799e-01, 8.9597e-02, 
 1DIAGNOSTIC,     5, -9.235591292381e-01, inf, 5.0098e-01, 8.2991e-02, 
 1DIAGNOSTIC,     6, -9.299651384354e-01, inf, 5.9668e-01, 9.5704e-02, 
 1DIAGNOSTIC,     7, -9.349278807640e-01, inf, 6.9408e-01, 9.7395e-02, 
 1DIAGNOSTIC,     8, -9.390621781349e-01, inf, 7.8325e-01, 8.9174e-02, 
 1DIAGNOSTIC,     9, -9.422927498817e-01, inf, 8.8001e-01, 9.6759e-02, 
 1DIAGNOSTIC,    10, -9.448904991150e-01, 4.395079798996e-03, 9.6446e-01, 8.4447e-02, 
 1DIAGNOSTIC,    11, -9.470143914223e-01, 3.249893197790e-03, 1.0617e+00, 9.7271e-02, 
 1DIAGNOSTIC,    12, -9.487729072571e-01, 2.374968258664e-03, 1.1614e+00, 9.9657e-02, 
 1DIAGNOSTIC,    13, -9.503428936005e-01, 1.756485551596e-03, 1.2517e+00, 9.0310e-02, 
 1DIAGNOSTIC,    14, -9.517165422440e-01, 1.309584826231e-03, 1.3405e+00, 8.8775e-02, 
 1DIAGNOSTIC,    15, -9.528607726097e-01, 9.969709208235e-04, 1.4284e+00, 8.7895e-02, 
 1DIAGNOSTIC,    16, -9.539242982864e-01, 7.739606662653e-04, 1.5322e+00, 1.0385e-01, 
 1DIAGNOSTIC,    17, -9.548905491829e-01, 6.116221193224e-04, 1.6214e+00, 8.9191e-02, 
 1DIAGNOSTIC,    18, -9.557650089264e-01, 4.950236179866e-04, 1.7296e+00, 1.0817e-01, 
 1DIAGNOSTIC,    19, -9.565689563751e-01, 4.089937428944e-04, 1.8132e+00, 8.3576e-02, 
 1DIAGNOSTIC,    20, -9.573199748993e-01, 3.441312001087e-04, 1.9086e+00, 9.5400e-02, 
 1DIAGNOSTIC,    21, -9.580212831497e-01, 2.939911792055e-04, 2.0022e+00, 9.3646e-02, 
 1DIAGNOSTIC,    22, -9.586910605431e-01, 2.542011206970e-04, 2.1017e+00, 9.9486e-02, 
 1DIAGNOSTIC,    23, -9.593203663826e-01, 2.228619850939e-04, 2.2012e+00, 9.9497e-02, 
 1DIAGNOSTIC,    24, -9.599195718765e-01, 1.979986991500e-04, 2.2885e+00, 8.7302e-02, 
 1DIAGNOSTIC,    25, -9.604933261871e-01, 1.771967945388e-04, 2.3844e+00, 9.5942e-02, 
 1DIAGNOSTIC,    26, -9.610397219658e-01, 1.599380047992e-04, 2.4743e+00, 8.9918e-02, 
 1DIAGNOSTIC,    27, -9.615709781647e-01, 1.455571182305e-04, 2.5740e+00, 9.9604e-02, 
 1DIAGNOSTIC,    28, -9.620918035507e-01, 1.334398257313e-04, 2.6652e+00, 9.1239e-02, 
 1DIAGNOSTIC,    29, -9.625955820084e-01, 1.230914058397e-04, 2.7524e+00, 8.7197e-02, 
 1DIAGNOSTIC,    30, -9.632084965706e-01, 1.154413985205e-04, 2.8483e+00, 9.5939e-02, 
 1DIAGNOSTIC,    31, -9.636839032173e-01, 1.087086420739e-04, 2.9292e+00, 8.0825e-02, 
 1DIAGNOSTIC,    32, -9.641274213791e-01, 1.025426827255e-04, 3.0184e+00, 8.9282e-02, 
 1DIAGNOSTIC,    33, -9.645290970802e-01, 9.641196083976e-05, 3.1106e+00, 9.2187e-02, 
 1DIAGNOSTIC,    34, -9.648954272270e-01, 9.000533464132e-05, 3.2001e+00, 8.9497e-02, 
 1DIAGNOSTIC,    35, -9.652081727982e-01, 8.299687760882e-05, 3.3052e+00, 1.0511e-01, 
 1DIAGNOSTIC,    36, -9.655112028122e-01, 7.556705531897e-05, 3.4035e+00, 9.8244e-02, 
 1DIAGNOSTIC,    37, -9.657835960388e-01, 6.788101745769e-05, 3.5015e+00, 9.8036e-02, 
 1DIAGNOSTIC,    38, -9.660261869431e-01, 6.017947816872e-05, 3.5939e+00, 9.2349e-02, 
 1DIAGNOSTIC,    39, -9.662347435951e-01, 5.260135731078e-05, 3.6966e+00, 1.0277e-01, 
 1DIAGNOSTIC,    40, -9.664106965065e-01, 4.631301271729e-05, 3.7908e+00, 9.4200e-02, 
 1DIAGNOSTIC,    41, -9.665555357933e-01, 4.046340109198e-05, 3.8804e+00, 8.9553e-02, 
 1DIAGNOSTIC,    42, -9.666781425476e-01, 3.508782901918e-05, 3.9733e+00, 9.2950e-02, 
 1DIAGNOSTIC,    43, -9.667792320251e-01, 3.013702735188e-05, 4.0709e+00, 9.7613e-02, 
 1DIAGNOSTIC,    44, -9.668621420860e-01, 2.562272311479e-05, 4.1584e+00, 8.7488e-02, 
 1DIAGNOSTIC,    45, -9.669299125671e-01, 2.142518678738e-05, 4.2439e+00, 8.5488e-02, 
 1DIAGNOSTIC,    46, -9.669839739799e-01, 1.772127689037e-05, 4.3351e+00, 9.1130e-02, 
 1DIAGNOSTIC,    47, -9.670257568359e-01, 1.451829029975e-05, 4.4316e+00, 9.6524e-02, 
 1DIAGNOSTIC,    48, -9.670571684837e-01, 1.180810977530e-05, 4.5196e+00, 8.8004e-02, 
 1DIAGNOSTIC,    49, -9.670796394348e-01, 9.532232070342e-06, 4.6126e+00, 9.3034e-02, 
 1DIAGNOSTIC,    50, -9.670945405960e-01, 7.622810699104e-06, 4.7087e+00, 9.6084e-02, 
 1DIAGNOSTIC,    51, -9.671036005020e-01, 6.008616765030e-06, 4.8096e+00, 1.0092e-01, 
 1DIAGNOSTIC,    52, -9.671074151993e-01, 4.657381850848e-06, 4.9047e+00, 9.5113e-02, 
 1DIAGNOSTIC,    53, -9.671065807343e-01, 3.527188027874e-06, 5.0046e+00, 9.9858e-02, 
 1DIAGNOSTIC,    54, -9.671005010605e-01, 2.577773557277e-06, 5.0937e+00, 8.9135e-02, 
 1DIAGNOSTIC,    55, -9.670947194099e-01, 1.805054580473e-06, 5.1814e+00, 8.7671e-02, 
 1DIAGNOSTIC,    56, -9.670689702034e-01, 1.090522687264e-06, 5.2722e+00, 9.0790e-02, 
 1DIAGNOSTIC,    57, -9.670585989952e-01, 5.163347509551e-07, 5.3635e+00, 9.1274e-02, 
XXDIAGNOSTIC,Iteration,metricValue,convergenceValue,ITERATION_TIME_INDEX,SINCE_LAST
 1DIAGNOSTIC,     1, -9.194218516350e-01, inf, 5.8690e+00, 5.0549e-01, 
 1DIAGNOSTIC,     2, -9.222450256348e-01, inf, 6.2730e+00, 4.0400e-01, 
 1DIAGNOSTIC,     3, -9.255765676498e-01, inf, 6.6817e+00, 4.0877e-01, 
 1DIAGNOSTIC,     4, -9.286618828773e-01, inf, 7.0912e+00, 4.0948e-01, 
 1DIAGNOSTIC,     5, -9.313709139824e-01, inf, 7.5033e+00, 4.1213e-01, 
 1DIAGNOSTIC,     6, -9.336525201797e-01, inf, 7.9138e+00, 4.1046e-01, 
 1DIAGNOSTIC,     7, -9.355584383011e-01, inf, 8.3208e+00, 4.0701e-01, 
 1DIAGNOSTIC,     8, -9.371693730354e-01, inf, 8.7253e+00, 4.0449e-01, 
 1DIAGNOSTIC,     9, -9.385386705399e-01, inf, 9.1460e+00, 4.2073e-01, 
 1DIAGNOSTIC,    10, -9.397165179253e-01, 1.415240578353e-03, 9.5636e+00, 4.1754e-01, 
 1DIAGNOSTIC,    11, -9.407153129578e-01, 1.133334240876e-03, 9.9722e+00, 4.0865e-01, 
 1DIAGNOSTIC,    12, -9.416048526764e-01, 8.903844864108e-04, 1.0394e+01, 4.2223e-01, 
 1DIAGNOSTIC,    13, -9.422374367714e-01, 6.966147338971e-04, 1.0798e+01, 4.0361e-01, 
 1DIAGNOSTIC,    14, -9.428132772446e-01, 5.463419947773e-04, 1.1211e+01, 4.1314e-01, 
 1DIAGNOSTIC,    15, -9.433501958847e-01, 4.316165868659e-04, 1.1643e+01, 4.3166e-01, 
 1DIAGNOSTIC,    16, -9.438512921333e-01, 3.441486915108e-04, 1.2066e+01, 4.2343e-01, 
 1DIAGNOSTIC,    17, -9.443107843399e-01, 2.772849693429e-04, 1.2471e+01, 4.0500e-01, 
 1DIAGNOSTIC,    18, -9.447398185730e-01, 2.264831273351e-04, 1.2894e+01, 4.2259e-01, 
 1DIAGNOSTIC,    19, -9.451498985291e-01, 1.883493823698e-04, 1.3300e+01, 4.0585e-01, 
 1DIAGNOSTIC,    20, -9.454240798950e-01, 1.584354176885e-04, 1.3712e+01, 4.1223e-01, 
 1DIAGNOSTIC,    21, -9.458028674126e-01, 1.364302443108e-04, 1.4127e+01, 4.1478e-01, 
 1DIAGNOSTIC,    22, -9.460543394089e-01, 1.193627103930e-04, 1.4540e+01, 4.1338e-01, 
 1DIAGNOSTIC,    23, -9.463142752647e-01, 1.043761876645e-04, 1.4961e+01, 4.2064e-01, 
 1DIAGNOSTIC,    24, -9.465658664703e-01, 9.131307888310e-05, 1.5406e+01, 4.4520e-01, 
 1DIAGNOSTIC,    25, -9.468255043030e-01, 8.038520172704e-05, 1.5821e+01, 4.1500e-01, 
 1DIAGNOSTIC,    26, -9.470654726028e-01, 7.137497595977e-05, 1.6227e+01, 4.0582e-01, 
 1DIAGNOSTIC,    27, -9.472866654396e-01, 6.395412492566e-05, 1.6631e+01, 4.0377e-01, 
 1DIAGNOSTIC,    28, -9.475110769272e-01, 5.812077870360e-05, 1.7044e+01, 4.1303e-01, 
 1DIAGNOSTIC,    29, -9.477113485336e-01, 5.362017327570e-05, 1.7448e+01, 4.0454e-01, 
 1DIAGNOSTIC,    30, -9.479038119316e-01, 4.906473623123e-05, 1.7874e+01, 4.2566e-01, 
 1DIAGNOSTIC,    31, -9.480861425400e-01, 4.568000440486e-05, 1.8287e+01, 4.1292e-01, 
 1DIAGNOSTIC,    32, -9.482523798943e-01, 4.217117384542e-05, 1.8700e+01, 4.1370e-01, 
 1DIAGNOSTIC,    33, -9.484136104584e-01, 3.878070128849e-05, 1.9116e+01, 4.1513e-01, 
 1DIAGNOSTIC,    34, -9.485708475113e-01, 3.558315438568e-05, 1.9534e+01, 4.1819e-01, 
 1DIAGNOSTIC,    35, -9.487141370773e-01, 3.270947127021e-05, 1.9945e+01, 4.1145e-01, 
 1DIAGNOSTIC,    36, -9.488507509232e-01, 3.009350439243e-05, 2.0346e+01, 4.0092e-01, 
 1DIAGNOSTIC,    37, -9.489834904671e-01, 2.768955346255e-05, 2.0758e+01, 4.1198e-01, 
 1DIAGNOSTIC,    38, -9.491288661957e-01, 2.576067527116e-05, 2.1162e+01, 4.0404e-01, 
 1DIAGNOSTIC,    39, -9.492664933205e-01, 2.413320362393e-05, 2.1594e+01, 4.3154e-01, 
 1DIAGNOSTIC,    40, -9.493874311447e-01, 2.269602191518e-05, 2.2010e+01, 4.1608e-01, 
 1DIAGNOSTIC,    41, -9.495000839233e-01, 2.138698619092e-05, 2.2429e+01, 4.1921e-01, 
 1DIAGNOSTIC,    42, -9.496055245399e-01, 2.010010575759e-05, 2.2842e+01, 4.1275e-01, 
 1DIAGNOSTIC,    43, -9.497013092041e-01, 1.880154195533e-05, 2.3256e+01, 4.1447e-01, 
 1DIAGNOSTIC,    44, -9.497947692871e-01, 1.753109427227e-05, 2.3653e+01, 3.9690e-01, 
 1DIAGNOSTIC,    45, -9.498804807663e-01, 1.622549825697e-05, 2.4073e+01, 4.2006e-01, 
 1DIAGNOSTIC,    46, -9.499590396881e-01, 1.488655016146e-05, 2.4484e+01, 4.1086e-01, 
 1DIAGNOSTIC,    47, -9.500338435173e-01, 1.355870244879e-05, 2.4916e+01, 4.3215e-01, 
 1DIAGNOSTIC,    48, -9.501032829285e-01, 1.238338700205e-05, 2.5329e+01, 4.1317e-01, 
 1DIAGNOSTIC,    49, -9.501792192459e-01, 1.143107601820e-05, 2.5743e+01, 4.1375e-01, 
 1DIAGNOSTIC,    50, -9.502472877502e-01, 1.060642625816e-05, 2.6166e+01, 4.2272e-01, 
 1DIAGNOSTIC,    51, -9.503159523010e-01, 9.916063390847e-06, 2.6589e+01, 4.2311e-01, 
 1DIAGNOSTIC,    52, -9.503864049911e-01, 9.368257451570e-06, 2.6994e+01, 4.0520e-01, 
 1DIAGNOSTIC,    53, -9.504583477974e-01, 8.941339729063e-06, 2.7392e+01, 3.9830e-01, 
 1DIAGNOSTIC,    54, -9.505293369293e-01, 8.634215191705e-06, 2.7802e+01, 4.0968e-01, 
 1DIAGNOSTIC,    55, -9.505962133408e-01, 8.390301445615e-06, 2.8211e+01, 4.0865e-01, 
 1DIAGNOSTIC,    56, -9.506597518921e-01, 8.159668141161e-06, 2.8622e+01, 4.1101e-01, 
 1DIAGNOSTIC,    57, -9.507323503494e-01, 7.977788300195e-06, 2.9039e+01, 4.1736e-01, 
 1DIAGNOSTIC,    58, -9.507886171341e-01, 7.729808203294e-06, 2.9466e+01, 4.2657e-01, 
 1DIAGNOSTIC,    59, -9.508460760117e-01, 7.472970537492e-06, 2.9882e+01, 4.1607e-01, 
 1DIAGNOSTIC,    60, -9.509001374245e-01, 7.163445843617e-06, 3.0290e+01, 4.0797e-01, 
 1DIAGNOSTIC,    61, -9.509484171867e-01, 6.795190074627e-06, 3.0697e+01, 4.0699e-01, 
 1DIAGNOSTIC,    62, -9.510104060173e-01, 6.470005700976e-06, 3.1138e+01, 4.4110e-01, 
 1DIAGNOSTIC,    63, -9.510691761971e-01, 6.196570211614e-06, 3.1551e+01, 4.1329e-01, 
 1DIAGNOSTIC,    64, -9.511160850525e-01, 5.930719908065e-06, 3.1967e+01, 4.1634e-01, 
 1DIAGNOSTIC,    65, -9.511618018150e-01, 5.666282504535e-06, 3.2375e+01, 4.0743e-01, 
 1DIAGNOSTIC,    66, -9.512134790421e-01, 5.429309112515e-06, 3.2789e+01, 4.1369e-01, 
 1DIAGNOSTIC,    67, -9.512541294098e-01, 5.223594143899e-06, 3.3198e+01, 4.0912e-01, 
 1DIAGNOSTIC,    68, -9.513014554977e-01, 5.018138381274e-06, 3.3620e+01, 4.2280e-01, 
 1DIAGNOSTIC,    69, -9.513397216797e-01, 4.792083473149e-06, 3.4036e+01, 4.1589e-01, 
 1DIAGNOSTIC,    70, -9.513801336288e-01, 4.557750798995e-06, 3.4447e+01, 4.1102e-01, 
XXDIAGNOSTIC,Iteration,metricValue,convergenceValue,ITERATION_TIME_INDEX,SINCE_LAST
 1DIAGNOSTIC,     1, -8.834360837936e-01, inf, 3.6999e+01, 2.5521e+00, 
 1DIAGNOSTIC,     2, -8.861591219902e-01, inf, 3.9389e+01, 2.3900e+00, 
 1DIAGNOSTIC,     3, -8.889724016190e-01, inf, 4.1779e+01, 2.3891e+00, 
 1DIAGNOSTIC,     4, -8.915548920631e-01, inf, 4.4151e+01, 2.3725e+00, 
 1DIAGNOSTIC,     5, -8.940150737762e-01, inf, 4.6503e+01, 2.3516e+00, 
 1DIAGNOSTIC,     6, -8.960844278336e-01, inf, 4.8838e+01, 2.3356e+00, 
 1DIAGNOSTIC,     7, -8.979887366295e-01, inf, 5.1237e+01, 2.3991e+00, 
 1DIAGNOSTIC,     8, -8.996136784554e-01, inf, 5.3645e+01, 2.4076e+00, 
 1DIAGNOSTIC,     9, -9.012504816055e-01, inf, 5.6010e+01, 2.3655e+00, 
 1DIAGNOSTIC,    10, -9.026345610619e-01, 1.376258442178e-03, 5.8388e+01, 2.3778e+00, 
 1DIAGNOSTIC,    11, -9.040371179581e-01, 1.144530368038e-03, 6.0958e+01, 2.5697e+00, 
 1DIAGNOSTIC,    12, -9.052315354347e-01, 9.515872225165e-04, 6.3460e+01, 2.5018e+00, 
 1DIAGNOSTIC,    13, -9.063603281975e-01, 7.979189394973e-04, 6.5913e+01, 2.4532e+00, 
 1DIAGNOSTIC,    14, -9.074150323868e-01, 6.753522902727e-04, 6.8313e+01, 2.3995e+00, 
 1DIAGNOSTIC,    15, -9.082065224648e-01, 5.755776073784e-04, 7.0839e+01, 2.5263e+00, 
 1DIAGNOSTIC,    16, -9.089241027832e-01, 4.902522778139e-04, 7.3305e+01, 2.4664e+00, 
 1DIAGNOSTIC,    17, -9.095789790154e-01, 4.171852779109e-04, 7.5703e+01, 2.3976e+00, 
 1DIAGNOSTIC,    18, -9.101757407188e-01, 3.523800114635e-04, 7.8110e+01, 2.4070e+00, 
 1DIAGNOSTIC,    19, -9.107252955437e-01, 2.978741540574e-04, 8.0487e+01, 2.3769e+00, 
 1DIAGNOSTIC,    20, -9.112334847450e-01, 2.508031029720e-04, 8.2905e+01, 2.4183e+00, 
 1DIAGNOSTIC,    21, -9.117039442062e-01, 2.128809137503e-04, 8.5500e+01, 2.5948e+00, 
 1DIAGNOSTIC,    22, -9.121415019035e-01, 1.817825395847e-04, 8.7980e+01, 2.4800e+00, 
 1DIAGNOSTIC,    23, -9.125529527664e-01, 1.573338231537e-04, 9.0529e+01, 2.5496e+00, 
 1DIAGNOSTIC,    24, -9.129400253296e-01, 1.390329998685e-04, 9.2967e+01, 2.4375e+00, 
 1DIAGNOSTIC,    25, -9.133104681969e-01, 1.237260439666e-04, 9.5394e+01, 2.4276e+00, 
 1DIAGNOSTIC,    26, -9.136611223221e-01, 1.108541910071e-04, 9.7810e+01, 2.4156e+00, 
 1DIAGNOSTIC,    27, -9.139927625656e-01, 9.996624430642e-05, 1.0035e+02, 2.5416e+00, 
 1DIAGNOSTIC,    28, -9.143096208572e-01, 9.067568316823e-05, 1.0283e+02, 2.4825e+00, 
 1DIAGNOSTIC,    29, -9.146096706390e-01, 8.266602526419e-05, 1.0530e+02, 2.4656e+00, 
 1DIAGNOSTIC,    30, -9.148907661438e-01, 7.564263796667e-05, 1.0781e+02, 2.5126e+00, 
 1DIAGNOSTIC,    31, -9.151585698128e-01, 6.940199091332e-05, 1.1027e+02, 2.4549e+00, 
 1DIAGNOSTIC,    32, -9.154151678085e-01, 6.380032573361e-05, 1.1269e+02, 2.4245e+00, 
 1DIAGNOSTIC,    33, -9.156581163406e-01, 5.872857218492e-05, 1.1516e+02, 2.4725e+00, 
 1DIAGNOSTIC,    34, -9.158896803856e-01, 5.410929588834e-05, 1.1763e+02, 2.4698e+00, 
 1DIAGNOSTIC,    35, -9.161137342453e-01, 4.996484494768e-05, 1.2012e+02, 2.4836e+00, 
 1DIAGNOSTIC,    36, -9.163305759430e-01, 4.626835288946e-05, 1.2261e+02, 2.4893e+00, 
 1DIAGNOSTIC,    37, -9.165340662003e-01, 4.292864468880e-05, 1.2511e+02, 2.5060e+00, 
 1DIAGNOSTIC,    38, -9.167293906212e-01, 3.993027712568e-05, 1.2753e+02, 2.4188e+00, 
 1DIAGNOSTIC,    39, -9.169207811356e-01, 3.726067006937e-05, 1.2999e+02, 2.4541e+00, 
 1DIAGNOSTIC,    40, -9.171037077904e-01, 3.483649925329e-05, 1.3248e+02, 2.4900e+00, 
 1DIAGNOSTIC,    41, -9.172824621201e-01, 3.264968836447e-05, 1.3493e+02, 2.4539e+00, 
 1DIAGNOSTIC,    42, -9.174506664276e-01, 3.065069176955e-05, 1.3735e+02, 2.4224e+00, 
 1DIAGNOSTIC,    43, -9.176126122475e-01, 2.880062857002e-05, 1.3977e+02, 2.4135e+00, 
 1DIAGNOSTIC,    44, -9.177674055099e-01, 2.706572922762e-05, 1.4225e+02, 2.4835e+00, 
 1DIAGNOSTIC,    45, -9.179189205170e-01, 2.546630821598e-05, 1.4471e+02, 2.4575e+00, 
 1DIAGNOSTIC,    46, -9.180658459663e-01, 2.401001984254e-05, 1.4713e+02, 2.4225e+00, 
 1DIAGNOSTIC,    47, -9.182065725327e-01, 2.264516479045e-05, 1.4960e+02, 2.4705e+00, 
 1DIAGNOSTIC,    48, -9.183423519135e-01, 2.136314833479e-05, 1.5211e+02, 2.5102e+00, 
 1DIAGNOSTIC,    49, -9.184762835503e-01, 2.020027932303e-05, 1.5457e+02, 2.4598e+00, 
 1DIAGNOSTIC,    50, -9.186049699783e-01, 1.913226151373e-05, 1.5706e+02, 2.4858e+00, 
XXDIAGNOSTIC,Iteration,metricValue,convergenceValue,ITERATION_TIME_INDEX,SINCE_LAST
 1DIAGNOSTIC,     1, -8.525013327599e-01, inf, 1.7668e+02, 1.9621e+01, 
 1DIAGNOSTIC,     2, -8.536489605904e-01, inf, 1.9541e+02, 1.8736e+01, 
 1DIAGNOSTIC,     3, -8.550080060959e-01, inf, 2.1435e+02, 1.8932e+01, 
 1DIAGNOSTIC,     4, -8.563009500504e-01, inf, 2.3292e+02, 1.8577e+01, 
 1DIAGNOSTIC,     5, -8.575059771538e-01, inf, 2.5141e+02, 1.8490e+01, 
 1DIAGNOSTIC,     6, -8.586981296539e-01, inf, 2.6997e+02, 1.8558e+01, 
 1DIAGNOSTIC,     7, -8.598951697350e-01, inf, 2.8873e+02, 1.8759e+01, 
 1DIAGNOSTIC,     8, -8.609392046928e-01, inf, 3.0727e+02, 1.8539e+01, 
 1DIAGNOSTIC,     9, -8.618260622025e-01, inf, 3.2598e+02, 1.8711e+01, 
 1DIAGNOSTIC,    10, -8.627460002899e-01, 7.792946998961e-04, 3.4448e+02, 1.8502e+01, 
 1DIAGNOSTIC,    11, -8.635385036469e-01, 6.749762687832e-04, 3.6307e+02, 1.8592e+01, 
 1DIAGNOSTIC,    12, -8.642758131027e-01, 5.790343275294e-04, 3.8180e+02, 1.8724e+01, 
 1DIAGNOSTIC,    13, -8.649602532387e-01, 4.972412134521e-04, 4.0036e+02, 1.8562e+01, 
 1DIAGNOSTIC,    14, -8.655925989151e-01, 4.272297665011e-04, 4.1897e+02, 1.8612e+01, 
 1DIAGNOSTIC,    15, -8.661930561066e-01, 3.670921141747e-04, 4.3763e+02, 1.8665e+01, 
 1DIAGNOSTIC,    16, -8.667759299278e-01, 3.171685093548e-04, 4.5603e+02, 1.8390e+01, 
 1DIAGNOSTIC,    17, -8.673127889633e-01, 2.773966116365e-04, 4.7462e+02, 1.8599e+01, 
 1DIAGNOSTIC,    18, -8.678447008133e-01, 2.452055050526e-04, 4.9335e+02, 1.8725e+01, 
 1DIAGNOSTIC,    19, -8.683607578278e-01, 2.178834547522e-04, 5.1192e+02, 1.8571e+01, 
 1DIAGNOSTIC,    20, -8.688524961472e-01, 1.962143724086e-04, 5.3040e+02, 1.8478e+01, 
  Elapsed time (stage 2): 530.7


Total elapsed time: 570.1
 Registration finished. The antsRegistration call was:
--------------------------------------------------------------------------------------
/opt/ants/bin/antsRegistration --verbose 1 --dimensionality 3 --float 1 --collapse-output-transforms 1 --output [ /data/derivatives/ants/registrationSyN-fp/sub-s003/ses-open/anat/,/data/derivatives/ants/registrationSyN-fp/sub-s003/ses-open/anat/Warped.nii.gz,/data/derivatives/ants/registrationSyN-fp/sub-s003/ses-open/anat/InverseWarped.nii.gz ] --interpolation Linear --use-histogram-matching 0 --winsorize-image-intensities [ 0.005,0.995 ] --initial-moving-transform [ /templateflow/tpl-MNI152NLin2009cAsym//tpl-MNI152NLin2009cAsym_res-01_desc-brain_T1w.nii.gz,/data/derivatives/fsl/fast/sub-s003/ses-open/anat/BrainExtractionBrain_seg.nii.gz,1 ] --transform Rigid[ 0.1 ] --metric MI[ /templateflow/tpl-MNI152NLin2009cAsym//tpl-MNI152NLin2009cAsym_res-01_desc-brain_T1w.nii.gz,/data/derivatives/fsl/fast/sub-s003/ses-open/anat/BrainExtractionBrain_seg.nii.gz,1,32,Regular,0.25 ] --convergence [ 1000x500x250x100,1e-6,10 ] --shrink-factors 8x4x2x1 --smoothing-sigmas 3x2x1x0vox --transform Affine[ 0.1 ] --metric MI[ /templateflow/tpl-MNI152NLin2009cAsym//tpl-MNI152NLin2009cAsym_res-01_desc-brain_T1w.nii.gz,/data/derivatives/fsl/fast/sub-s003/ses-open/anat/BrainExtractionBrain_seg.nii.gz,1,32,Regular,0.25 ] --convergence [ 1000x500x250x100,1e-6,10 ] --shrink-factors 8x4x2x1 --smoothing-sigmas 3x2x1x0vox --transform SyN[ 0.1,3,0 ] --metric CC[ /templateflow/tpl-MNI152NLin2009cAsym//tpl-MNI152NLin2009cAsym_res-01_desc-brain_T1w.nii.gz,/data/derivatives/fsl/fast/sub-s003/ses-open/anat/BrainExtractionBrain_seg.nii.gz,1,4 ] --convergence [ 100x70x50x20,1e-6,10 ] --shrink-factors 8x4x2x1 --smoothing-sigmas 3x2x1x0vox
--------------------------------------------------------------------------------------
Moving image resampled into fixed space: /data/derivatives/ants/registrationSyN-fp/sub-s003/ses-open/anat/Warped.nii.gz
Fixed image resampled into moving space: /data/derivatives/ants/registrationSyN-fp/sub-s003/ses-open/anat/InverseWarped.nii.gz
--------------------------------------------------------------------------------------
Elapsed Time: 573.915s
    SP GFLOPS: 3.139
    DP GFLOPS: 11.473
    x87 GFLOPS: 0.000
    CPI Rate: 0.547
    Average CPU Frequency: 2.767 GHz
    Total Thread Count: 77
Effective Physical Core Utilization: 81.2% (25.982 out of 32)
    Effective Logical Core Utilization: 42.4% (27.138 out of 64)
     | The metric value is low, which may signal a poor utilization of logical
     | CPU cores while the utilization of physical cores is acceptable. Consider
     | using logical cores, which in some cases can improve processor throughput
     | and overall performance of multi-threaded applications.
     |
Memory Bound: 20.1% of Pipeline Slots
 | The metric value is high. This can indicate that the significant fraction of
 | execution pipeline slots could be stalled due to demand memory load and
 | stores. Use Memory Access analysis to have the metric breakdown by memory
 | hierarchy, memory bandwidth information, correlation by memory objects.
 |
    Cache Bound: 12.2% of Clockticks
    DRAM Bound: 0.2% of Clockticks
        DRAM Bandwidth Bound: 0.0% of Elapsed Time
    NUMA: % of Remote Accesses: 40.0%

    Bandwidth Utilization
    Bandwidth Domain             Platform Maximum  Observed Maximum  Average  % of Elapsed Time with High BW Utilization(%)
    ---------------------------  ----------------  ----------------  -------  ---------------------------------------------
    DRAM, GB/sec                 214                         89.100    1.658                                           0.0%
    DRAM Single-Package, GB/sec  107                         70.400    1.248                                           0.0%
Vectorization: 0.0% of Packed FP Operations
 | This code has floating point operations and is not vectorized. Consider
 | either recompiling the code with optimization options that allow
 | vectorization or using Intel Advisor to vectorize the loops.
 |
    Instruction Mix
        SP FLOPs: 2.8% of uOps
            Packed: 0.0% from SP FP
                128-bit: 0.0% from SP FP
                256-bit: 0.0% from SP FP
                512-bit: 0.0% from SP FP
            Scalar: 100.0% from SP FP
             | This code has floating point operations and is not vectorized.
             | Consider either recompiling the code with optimization options
             | that allow vectorization or using Intel Advisor to vectorize the
             | loops.
             |
        DP FLOPs: 10.2% of uOps
            Packed: 0.0% from DP FP
                128-bit: 0.0% from DP FP
                256-bit: 0.0% from DP FP
                512-bit: 0.0% from DP FP
            Scalar: 100.0% from DP FP
             | This code has floating point operations and is not vectorized.
             | Consider either recompiling the code with optimization options
             | that allow vectorization or using Intel Advisor to vectorize the
             | loops.
             |
        x87 FLOPs: 0.0% of uOps
        Non-FP: 87.0% of uOps
    FP Arith/Mem Rd Instr. Ratio: 0.491
     | The metric value is low. This can be a result of unaligned access to data
     | for vector operations. Use Intel Advisor to find possible data access
     | inefficiencies for vector operations.
     |
    FP Arith/Mem Wr Instr. Ratio: 1.033
Collection and Platform Info
    Application Command Line: bash "tmp-scripts/GV6Av3LlIIa4uFQ8smAr6XAUXj5EuMiR.sh" 
    Operating System: 4.18.0-477.10.1.el8_lustre.x86_64 DISTRIB_ID=Ubuntu DISTRIB_RELEASE=20.04 DISTRIB_CODENAME=focal DISTRIB_DESCRIPTION="Ubuntu 20.04.5 LTS"
    Computer Name: comp04
    Result Size: 5.3 GB 
    Collection start time: 08:44:33 26/11/2023 UTC
    Collection stop time: 08:54:07 26/11/2023 UTC
    Collector Type: Driverless Perf per-process sampling
    CPU
        Name: Intel(R) Xeon(R) Processor code named Skylake
        Frequency: 2.095 GHz
        Logical CPU Count: 64
        Max DRAM Single-Package Bandwidth: 107.000 GB/s
        LLC size: 23.1 MB 

If you want to skip descriptions of detected performance issues in the report,
enter: vtune -report summary -report-knob show-issues=false -r <my_result_dir>.
Alternatively, you may view the report in the csv format: vtune -report
<report_name> -format=csv.
