---------------------
Profiling information

Pipeline: ants registrationSyN-fp
NTHREAD: 32

DATASET: ds004513
SUBJECT_ID: s030

SIF_IMG: /mnt/lustre/mathdugre/containers/ants-debug.simg
DATA_DIR: /mnt/lustre/mathdugre/mri-bottleneck/datasets/ds004513

PROJECT_DIR: /mnt/lustre/mathdugre/mri-bottleneck
PROFILING_DIR: /mnt/lustre/mathdugre/mri-bottleneck/vtune_output/32-threads/ants/registrationSyN-fp/ds004513/sub-s030/pnBCSnxkLcAqRytN93hbCWMzbzfdsrWd
---------------------

Command to profile: bash tmp-scripts/pnBCSnxkLcAqRytN93hbCWMzbzfdsrWd.sh

--------------------------------------------------------------------------------------
 Mapping parameters
--------------------------------------------------------------------------------------
 ANTSPATH is /opt/ants/bin

 Dimensionality:           3
 Output name prefix:       /data/derivatives/ants/registrationSyN-fp/sub-s030/ses-open/anat/
 Fixed images:             /templateflow/tpl-MNI152NLin2009cAsym//tpl-MNI152NLin2009cAsym_res-01_desc-brain_T1w.nii.gz
 Moving images:            /data/derivatives/fsl/fast/sub-s030/ses-open/anat/BrainExtractionBrain_seg.nii.gz
 Mask images:              
 Initial transforms:       
 Number of threads:        32
 Spline distance:          26
 SyN gradient step:        0.1
 Transform type:           s
 CC radius:                4
 Precision:                f
 Use histogram matching    0
 Repro                     0
======================================================================================
 antsRegistration call:
--------------------------------------------------------------------------------------
/opt/ants/bin/antsRegistration --verbose 1 --dimensionality 3 --float 1 --collapse-output-transforms 1 --output [ /data/derivatives/ants/registrationSyN-fp/sub-s030/ses-open/anat/,/data/derivatives/ants/registrationSyN-fp/sub-s030/ses-open/anat/Warped.nii.gz,/data/derivatives/ants/registrationSyN-fp/sub-s030/ses-open/anat/InverseWarped.nii.gz ] --interpolation Linear --use-histogram-matching 0 --winsorize-image-intensities [ 0.005,0.995 ] --initial-moving-transform [ /templateflow/tpl-MNI152NLin2009cAsym//tpl-MNI152NLin2009cAsym_res-01_desc-brain_T1w.nii.gz,/data/derivatives/fsl/fast/sub-s030/ses-open/anat/BrainExtractionBrain_seg.nii.gz,1 ] --transform Rigid[ 0.1 ] --metric MI[ /templateflow/tpl-MNI152NLin2009cAsym//tpl-MNI152NLin2009cAsym_res-01_desc-brain_T1w.nii.gz,/data/derivatives/fsl/fast/sub-s030/ses-open/anat/BrainExtractionBrain_seg.nii.gz,1,32,Regular,0.25 ] --convergence [ 1000x500x250x100,1e-6,10 ] --shrink-factors 8x4x2x1 --smoothing-sigmas 3x2x1x0vox --transform Affine[ 0.1 ] --metric MI[ /templateflow/tpl-MNI152NLin2009cAsym//tpl-MNI152NLin2009cAsym_res-01_desc-brain_T1w.nii.gz,/data/derivatives/fsl/fast/sub-s030/ses-open/anat/BrainExtractionBrain_seg.nii.gz,1,32,Regular,0.25 ] --convergence [ 1000x500x250x100,1e-6,10 ] --shrink-factors 8x4x2x1 --smoothing-sigmas 3x2x1x0vox --transform SyN[ 0.1,3,0 ] --metric CC[ /templateflow/tpl-MNI152NLin2009cAsym//tpl-MNI152NLin2009cAsym_res-01_desc-brain_T1w.nii.gz,/data/derivatives/fsl/fast/sub-s030/ses-open/anat/BrainExtractionBrain_seg.nii.gz,1,4 ] --convergence [ 100x70x50x20,1e-6,10 ] --shrink-factors 8x4x2x1 --smoothing-sigmas 3x2x1x0vox
--------------------------------------------------------------------------------------
All_Command_lines_OK
Using single precision for computations.
=============================================================================
The composite transform comprises the following transforms (in order): 
  1. Center of mass alignment using fixed image: /templateflow/tpl-MNI152NLin2009cAsym//tpl-MNI152NLin2009cAsym_res-01_desc-brain_T1w.nii.gz and moving image: /data/derivatives/fsl/fast/sub-s030/ses-open/anat/BrainExtractionBrain_seg.nii.gz (type = Euler3DTransform)
=============================================================================
  number of levels = 4
  number of levels = 4
  number of levels = 4
  fixed image: /templateflow/tpl-MNI152NLin2009cAsym//tpl-MNI152NLin2009cAsym_res-01_desc-brain_T1w.nii.gz
  moving image: /data/derivatives/fsl/fast/sub-s030/ses-open/anat/BrainExtractionBrain_seg.nii.gz
  fixed image: /templateflow/tpl-MNI152NLin2009cAsym//tpl-MNI152NLin2009cAsym_res-01_desc-brain_T1w.nii.gz
  moving image: /data/derivatives/fsl/fast/sub-s030/ses-open/anat/BrainExtractionBrain_seg.nii.gz
  fixed image: /templateflow/tpl-MNI152NLin2009cAsym//tpl-MNI152NLin2009cAsym_res-01_desc-brain_T1w.nii.gz
  moving image: /data/derivatives/fsl/fast/sub-s030/ses-open/anat/BrainExtractionBrain_seg.nii.gz
Dimension = 3
Number of stages = 3
Use histogram matching = false
Winsorize image intensities = true
  Lower quantile = 0.005
  Upper quantile = 0.995


Stage 1 State
   Image metric = Mattes
     Fixed image = Image (0x55e2e08442b0)
  RTTI typeinfo:   itk::Image<float, 3u>
  Reference Count: 2
  Modified Time: 1717
  Debug: Off
  Object Name: 
  Observers: 
    none
  Source: (none)
  Source output name: (none)
  Release Data: Off
  Data Released: False
  Global Release Data: Off
  PipelineMTime: 0
  UpdateMTime: 1502
  RealTimeStamp: 0 seconds 
  LargestPossibleRegion: 
    Dimension: 3
    Index: [0, 0, 0]
    Size: [193, 229, 193]
  BufferedRegion: 
    Dimension: 3
    Index: [0, 0, 0]
    Size: [193, 229, 193]
  RequestedRegion: 
    Dimension: 3
    Index: [0, 0, 0]
    Size: [193, 229, 193]
  Spacing: [1, 1, 1]
  Origin: [96, 132, -78]
  Direction: 
-1 0 0
0 -1 0
0 0 1

  IndexToPointMatrix: 
-1 0 0
0 -1 0
0 0 1

  PointToIndexMatrix: 
-1 0 0
0 -1 0
0 0 1

  Inverse Direction: 
-1 0 0
0 -1 0
0 0 1

  PixelContainer: 
    ImportImageContainer (0x55e2e084ce50)
      RTTI typeinfo:   itk::ImportImageContainer<unsigned long, float>
      Reference Count: 1
      Modified Time: 1499
      Debug: Off
      Object Name: 
      Observers: 
        none
      Pointer: 0x7fe6bc688010
      Container manages memory: true
      Size: 8530021
      Capacity: 8530021

     Moving image = Image (0x55e2e0845630)
  RTTI typeinfo:   itk::Image<float, 3u>
  Reference Count: 2
  Modified Time: 1718
  Debug: Off
  Object Name: 
  Observers: 
    none
  Source: (none)
  Source output name: (none)
  Release Data: Off
  Data Released: False
  Global Release Data: Off
  PipelineMTime: 0
  UpdateMTime: 1715
  RealTimeStamp: 0 seconds 
  LargestPossibleRegion: 
    Dimension: 3
    Index: [0, 0, 0]
    Size: [160, 240, 256]
  BufferedRegion: 
    Dimension: 3
    Index: [0, 0, 0]
    Size: [160, 240, 256]
  RequestedRegion: 
    Dimension: 3
    Index: [0, 0, 0]
    Size: [160, 240, 256]
  Spacing: [1, 1, 1]
  Origin: [74.5645, 103.784, -122.692]
  Direction: 
-0.99889 0.0471064 0
-0.0471064 -0.99889 0
0 0 1

  IndexToPointMatrix: 
-0.99889 0.0471064 0
-0.0471064 -0.99889 0
0 0 1

  PointToIndexMatrix: 
-0.99889 -0.0471064 0
0.0471064 -0.99889 0
0 0 1

  Inverse Direction: 
-0.99889 -0.0471064 0
0.0471064 -0.99889 0
0 0 1

  PixelContainer: 
    ImportImageContainer (0x55e2e0849400)
      RTTI typeinfo:   itk::ImportImageContainer<unsigned long, float>
      Reference Count: 1
      Modified Time: 1712
      Debug: Off
      Object Name: 
      Observers: 
        none
      Pointer: 0x7fe6ba107010
      Container manages memory: true
      Size: 9830400
      Capacity: 9830400

     Weighting = 1
     Sampling strategy = regular
     Number of bins = 32
     Radius = 4
     Sampling percentage  = 0.25
   Transform = Rigid
     Gradient step = 0.1
     Update field sigma (voxel space) = 0
     Total field sigma (voxel space) = 0
     Update field time sigma = 0
     Total field time sigma  = 0
     Number of time indices = 0
     Number of time point samples = 0
Stage 2 State
   Image metric = Mattes
     Fixed image = Image (0x55e2e0854f10)
  RTTI typeinfo:   itk::Image<float, 3u>
  Reference Count: 2
  Modified Time: 2145
  Debug: Off
  Object Name: 
  Observers: 
    none
  Source: (none)
  Source output name: (none)
  Release Data: Off
  Data Released: False
  Global Release Data: Off
  PipelineMTime: 0
  UpdateMTime: 1930
  RealTimeStamp: 0 seconds 
  LargestPossibleRegion: 
    Dimension: 3
    Index: [0, 0, 0]
    Size: [193, 229, 193]
  BufferedRegion: 
    Dimension: 3
    Index: [0, 0, 0]
    Size: [193, 229, 193]
  RequestedRegion: 
    Dimension: 3
    Index: [0, 0, 0]
    Size: [193, 229, 193]
  Spacing: [1, 1, 1]
  Origin: [96, 132, -78]
  Direction: 
-1 0 0
0 -1 0
0 0 1

  IndexToPointMatrix: 
-1 0 0
0 -1 0
0 0 1

  PointToIndexMatrix: 
-1 0 0
0 -1 0
0 0 1

  Inverse Direction: 
-1 0 0
0 -1 0
0 0 1

  PixelContainer: 
    ImportImageContainer (0x55e2e08a3410)
      RTTI typeinfo:   itk::ImportImageContainer<unsigned long, float>
      Reference Count: 1
      Modified Time: 1927
      Debug: Off
      Object Name: 
      Observers: 
        none
      Pointer: 0x7fe6b807c010
      Container manages memory: true
      Size: 8530021
      Capacity: 8530021

     Moving image = Image (0x55e2e08a00b0)
  RTTI typeinfo:   itk::Image<float, 3u>
  Reference Count: 2
  Modified Time: 2146
  Debug: Off
  Object Name: 
  Observers: 
    none
  Source: (none)
  Source output name: (none)
  Release Data: Off
  Data Released: False
  Global Release Data: Off
  PipelineMTime: 0
  UpdateMTime: 2143
  RealTimeStamp: 0 seconds 
  LargestPossibleRegion: 
    Dimension: 3
    Index: [0, 0, 0]
    Size: [160, 240, 256]
  BufferedRegion: 
    Dimension: 3
    Index: [0, 0, 0]
    Size: [160, 240, 256]
  RequestedRegion: 
    Dimension: 3
    Index: [0, 0, 0]
    Size: [160, 240, 256]
  Spacing: [1, 1, 1]
  Origin: [74.5645, 103.784, -122.692]
  Direction: 
-0.99889 0.0471064 0
-0.0471064 -0.99889 0
0 0 1

  IndexToPointMatrix: 
-0.99889 0.0471064 0
-0.0471064 -0.99889 0
0 0 1

  PointToIndexMatrix: 
-0.99889 -0.0471064 0
0.0471064 -0.99889 0
0 0 1

  Inverse Direction: 
-0.99889 -0.0471064 0
0.0471064 -0.99889 0
0 0 1

  PixelContainer: 
    ImportImageContainer (0x55e2e08a1200)
      RTTI typeinfo:   itk::ImportImageContainer<unsigned long, float>
      Reference Count: 1
      Modified Time: 2140
      Debug: Off
      Object Name: 
      Observers: 
        none
      Pointer: 0x7fe6b5afb010
      Container manages memory: true
      Size: 9830400
      Capacity: 9830400

     Weighting = 1
     Sampling strategy = regular
     Number of bins = 32
     Radius = 4
     Sampling percentage  = 0.25
   Transform = Affine
     Gradient step = 0.1
     Update field sigma (voxel space) = 0
     Total field sigma (voxel space) = 0
     Update field time sigma = 0
     Total field time sigma  = 0
     Number of time indices = 0
     Number of time point samples = 0
Stage 3 State
   Image metric = CC
     Fixed image = Image (0x55e2e0854060)
  RTTI typeinfo:   itk::Image<float, 3u>
  Reference Count: 2
  Modified Time: 2573
  Debug: Off
  Object Name: 
  Observers: 
    none
  Source: (none)
  Source output name: (none)
  Release Data: Off
  Data Released: False
  Global Release Data: Off
  PipelineMTime: 0
  UpdateMTime: 2358
  RealTimeStamp: 0 seconds 
  LargestPossibleRegion: 
    Dimension: 3
    Index: [0, 0, 0]
    Size: [193, 229, 193]
  BufferedRegion: 
    Dimension: 3
    Index: [0, 0, 0]
    Size: [193, 229, 193]
  RequestedRegion: 
    Dimension: 3
    Index: [0, 0, 0]
    Size: [193, 229, 193]
  Spacing: [1, 1, 1]
  Origin: [96, 132, -78]
  Direction: 
-1 0 0
0 -1 0
0 0 1

  IndexToPointMatrix: 
-1 0 0
0 -1 0
0 0 1

  PointToIndexMatrix: 
-1 0 0
0 -1 0
0 0 1

  Inverse Direction: 
-1 0 0
0 -1 0
0 0 1

  PixelContainer: 
    ImportImageContainer (0x55e2e0854780)
      RTTI typeinfo:   itk::ImportImageContainer<unsigned long, float>
      Reference Count: 1
      Modified Time: 2355
      Debug: Off
      Object Name: 
      Observers: 
        none
      Pointer: 0x7fe6b3a70010
      Container manages memory: true
      Size: 8530021
      Capacity: 8530021

     Moving image = Image (0x55e2e08a9180)
  RTTI typeinfo:   itk::Image<float, 3u>
  Reference Count: 2
  Modified Time: 2574
  Debug: Off
  Object Name: 
  Observers: 
    none
  Source: (none)
  Source output name: (none)
  Release Data: Off
  Data Released: False
  Global Release Data: Off
  PipelineMTime: 0
  UpdateMTime: 2571
  RealTimeStamp: 0 seconds 
  LargestPossibleRegion: 
    Dimension: 3
    Index: [0, 0, 0]
    Size: [160, 240, 256]
  BufferedRegion: 
    Dimension: 3
    Index: [0, 0, 0]
    Size: [160, 240, 256]
  RequestedRegion: 
    Dimension: 3
    Index: [0, 0, 0]
    Size: [160, 240, 256]
  Spacing: [1, 1, 1]
  Origin: [74.5645, 103.784, -122.692]
  Direction: 
-0.99889 0.0471064 0
-0.0471064 -0.99889 0
0 0 1

  IndexToPointMatrix: 
-0.99889 0.0471064 0
-0.0471064 -0.99889 0
0 0 1

  PointToIndexMatrix: 
-0.99889 -0.0471064 0
0.0471064 -0.99889 0
0 0 1

  Inverse Direction: 
-0.99889 -0.0471064 0
0.0471064 -0.99889 0
0 0 1

  PixelContainer: 
    ImportImageContainer (0x55e2e08a5ac0)
      RTTI typeinfo:   itk::ImportImageContainer<unsigned long, float>
      Reference Count: 1
      Modified Time: 2568
      Debug: Off
      Object Name: 
      Observers: 
        none
      Pointer: 0x7fe6b14ef010
      Container manages memory: true
      Size: 9830400
      Capacity: 9830400

     Weighting = 1
     Sampling strategy = none
     Number of bins = 32
     Radius = 4
     Sampling percentage  = 1
   Transform = SyN
     Gradient step = 0.1
     Update field sigma (voxel space) = 3
     Total field sigma (voxel space) = 0
     Update field time sigma = 0
     Total field time sigma  = 0
     Number of time indices = 0
     Number of time point samples = 0
Registration using 3 total stages.

Stage 0
  iterations = 1000x500x250x100
  convergence threshold = 1e-06
  convergence window size = 10
  number of levels = 4
  using the Mattes MI metric (number of bins = 32, weight = 1, use gradient filter = 0)
  preprocessing:  winsorizing the image intensities
  Shrink factors (level 1 out of 4): [8, 8, 8]
  Shrink factors (level 2 out of 4): [4, 4, 4]
  Shrink factors (level 3 out of 4): [2, 2, 2]
  Shrink factors (level 4 out of 4): [1, 1, 1]
  smoothing sigmas per level: [3, 2, 1, 0]
  regular sampling (percentage = 0.25)

*** Running Euler3DTransform registration ***

DIAGNOSTIC,Iteration,metricValue,convergenceValue,ITERATION_TIME_INDEX,SINCE_LAST
 2DIAGNOSTIC,     1, -6.034913659096e-01, inf, 1.5190e-01, 1.5190e-01, 
 2DIAGNOSTIC,     2, -6.041478514671e-01, inf, 1.5808e-01, 6.1781e-03, 
 2DIAGNOSTIC,     3, -6.045970916748e-01, inf, 1.6401e-01, 5.9378e-03, 
 2DIAGNOSTIC,     4, -6.053313016891e-01, inf, 1.6991e-01, 5.9001e-03, 
 2DIAGNOSTIC,     5, -6.064676046371e-01, inf, 1.7710e-01, 7.1850e-03, 
 2DIAGNOSTIC,     6, -6.142691373825e-01, inf, 1.8418e-01, 7.0829e-03, 
 2DIAGNOSTIC,     7, -6.181471347809e-01, inf, 1.9168e-01, 7.4999e-03, 
 2DIAGNOSTIC,     8, -6.191667914391e-01, inf, 1.9772e-01, 6.0360e-03, 
 2DIAGNOSTIC,     9, -6.198276281357e-01, inf, 2.0376e-01, 6.0420e-03, 
 2DIAGNOSTIC,    10, -6.210379600525e-01, 2.268238691613e-03, 2.2268e-01, 1.8923e-02, 
 2DIAGNOSTIC,    11, -6.220288276672e-01, 2.069185953587e-03, 2.3406e-01, 1.1377e-02, 
 2DIAGNOSTIC,    12, -6.222072243690e-01, 1.747578266077e-03, 2.4129e-01, 7.2329e-03, 
 2DIAGNOSTIC,    13, -6.225405335426e-01, 1.350527862087e-03, 2.4912e-01, 7.8309e-03, 
 2DIAGNOSTIC,    14, -6.228400468826e-01, 9.264715481550e-04, 2.5656e-01, 7.4320e-03, 
 2DIAGNOSTIC,    15, -6.228348016739e-01, 5.043779965490e-04, 2.6319e-01, 6.6352e-03, 
 2DIAGNOSTIC,    16, -6.228514909744e-01, 3.122685593553e-04, 2.7030e-01, 7.1089e-03, 
 2DIAGNOSTIC,    17, -6.229014396667e-01, 2.208984806202e-04, 2.7661e-01, 6.3100e-03, 
 2DIAGNOSTIC,    18, -6.230772733688e-01, 1.502584054833e-04, 2.8515e-01, 8.5430e-03, 
 2DIAGNOSTIC,    19, -6.232653856277e-01, 9.322717232862e-05, 2.9462e-01, 9.4650e-03, 
 2DIAGNOSTIC,    20, -6.232824325562e-01, 6.115072756074e-05, 3.0247e-01, 7.8540e-03, 
 2DIAGNOSTIC,    21, -6.232989430428e-01, 4.886686656391e-05, 3.0896e-01, 6.4840e-03, 
 2DIAGNOSTIC,    22, -6.232209205627e-01, 3.529055538820e-05, 3.1473e-01, 5.7719e-03, 
 2DIAGNOSTIC,    23, -6.232557296753e-01, 2.691037661862e-05, 3.2124e-01, 6.5131e-03, 
 2DIAGNOSTIC,    24, -6.233221292496e-01, 2.376795418968e-05, 3.2780e-01, 6.5582e-03, 
 2DIAGNOSTIC,    25, -6.235273480415e-01, 2.243380185973e-05, 3.3563e-01, 7.8330e-03, 
 2DIAGNOSTIC,    26, -6.236074566841e-01, 2.091059104714e-05, 3.4308e-01, 7.4489e-03, 
 2DIAGNOSTIC,    27, -6.236270666122e-01, 1.882944343379e-05, 3.5270e-01, 9.6178e-03, 
 2DIAGNOSTIC,    28, -6.236013770103e-01, 1.766848254192e-05, 3.6499e-01, 1.2293e-02, 
 2DIAGNOSTIC,    29, -6.235505938530e-01, 1.718109342619e-05, 3.7673e-01, 1.1735e-02, 
 2DIAGNOSTIC,    30, -6.236735582352e-01, 1.729635732772e-05, 3.8293e-01, 6.2020e-03, 
 2DIAGNOSTIC,    31, -6.236956715584e-01, 1.639546280785e-05, 3.9498e-01, 1.2048e-02, 
 2DIAGNOSTIC,    32, -6.237142086029e-01, 1.328087819275e-05, 4.0435e-01, 9.3758e-03, 
 2DIAGNOSTIC,    33, -6.237155199051e-01, 9.751638572197e-06, 4.1138e-01, 7.0262e-03, 
 2DIAGNOSTIC,    34, -6.237350702286e-01, 6.708836735925e-06, 4.1804e-01, 6.6659e-03, 
 2DIAGNOSTIC,    35, -6.237661242485e-01, 6.326503353193e-06, 4.2480e-01, 6.7561e-03, 
 2DIAGNOSTIC,    36, -6.238982081413e-01, 8.111388524412e-06, 4.3222e-01, 7.4182e-03, 
 2DIAGNOSTIC,    37, -6.237351894379e-01, 7.318996722461e-06, 4.4092e-01, 8.7049e-03, 
 2DIAGNOSTIC,    38, -6.238138675690e-01, 6.712135473208e-06, 4.5036e-01, 9.4349e-03, 
 2DIAGNOSTIC,    39, -6.239135265350e-01, 6.087023848522e-06, 4.5676e-01, 6.4020e-03, 
 2DIAGNOSTIC,    40, -6.238337755203e-01, 5.416861768026e-06, 4.6369e-01, 6.9249e-03, 
 2DIAGNOSTIC,    41, -6.238531470299e-01, 4.834127139475e-06, 4.7170e-01, 8.0109e-03, 
 2DIAGNOSTIC,    42, -6.238545179367e-01, 4.139513748669e-06, 4.7799e-01, 6.2931e-03, 
 2DIAGNOSTIC,    43, -6.237694621086e-01, 2.260480869154e-06, 4.8672e-01, 8.7340e-03, 
DIAGNOSTIC,Iteration,metricValue,convergenceValue,ITERATION_TIME_INDEX,SINCE_LAST
 2DIAGNOSTIC,     1, -5.191777944565e-01, inf, 6.2395e-01, 1.3723e-01, 
 2DIAGNOSTIC,     2, -5.196765661240e-01, inf, 6.4518e-01, 2.1230e-02, 
 2DIAGNOSTIC,     3, -5.204262137413e-01, inf, 6.6336e-01, 1.8176e-02, 
 2DIAGNOSTIC,     4, -5.212668180466e-01, inf, 6.7775e-01, 1.4395e-02, 
 2DIAGNOSTIC,     5, -5.213171243668e-01, inf, 6.8894e-01, 1.1186e-02, 
 2DIAGNOSTIC,     6, -5.213700532913e-01, inf, 7.0391e-01, 1.4970e-02, 
 2DIAGNOSTIC,     7, -5.213723182678e-01, inf, 7.1195e-01, 8.0371e-03, 
 2DIAGNOSTIC,     8, -5.213553905487e-01, inf, 7.2071e-01, 8.7681e-03, 
 2DIAGNOSTIC,     9, -5.213472843170e-01, inf, 7.2797e-01, 7.2560e-03, 
 2DIAGNOSTIC,    10, -5.213406682014e-01, 2.396037889412e-04, 7.3649e-01, 8.5161e-03, 
 2DIAGNOSTIC,    11, -5.213353633881e-01, 1.284988538828e-04, 7.4474e-01, 8.2581e-03, 
 2DIAGNOSTIC,    12, -5.213235616684e-01, 4.631368210539e-05, 7.5506e-01, 1.0312e-02, 
 2DIAGNOSTIC,    13, -5.213267803192e-01, 3.502471372485e-06, 7.6374e-01, 8.6830e-03, 
DIAGNOSTIC,Iteration,metricValue,convergenceValue,ITERATION_TIME_INDEX,SINCE_LAST
 2DIAGNOSTIC,     1, -4.430193305016e-01, inf, 1.0579e+00, 2.9414e-01, 
 2DIAGNOSTIC,     2, -4.431565403938e-01, inf, 1.1255e+00, 6.7673e-02, 
 2DIAGNOSTIC,     3, -4.432453513145e-01, inf, 1.1908e+00, 6.5250e-02, 
 2DIAGNOSTIC,     4, -4.432577490807e-01, inf, 1.2514e+00, 6.0609e-02, 
 2DIAGNOSTIC,     5, -4.432585537434e-01, inf, 1.2961e+00, 4.4659e-02, 
 2DIAGNOSTIC,     6, -4.432644844055e-01, inf, 1.3358e+00, 3.9716e-02, 
 2DIAGNOSTIC,     7, -4.432729780674e-01, inf, 1.3771e+00, 4.1281e-02, 
 2DIAGNOSTIC,     8, -4.432912766933e-01, inf, 1.4272e+00, 5.0178e-02, 
 2DIAGNOSTIC,     9, -4.433002173901e-01, inf, 1.4724e+00, 4.5184e-02, 
 2DIAGNOSTIC,    10, -4.432978034019e-01, 3.167159229633e-05, 1.5189e+00, 4.6431e-02, 
 2DIAGNOSTIC,    11, -4.432968497276e-01, 1.645233714953e-05, 1.5606e+00, 4.1788e-02, 
 2DIAGNOSTIC,    12, -4.432966709137e-01, 9.743862392497e-06, 1.5982e+00, 3.7572e-02, 
 2DIAGNOSTIC,    13, -4.432981610298e-01, 7.848059794924e-06, 1.6596e+00, 6.1411e-02, 
 2DIAGNOSTIC,    14, -4.432953298092e-01, 6.166873845359e-06, 1.7026e+00, 4.2995e-02, 
 2DIAGNOSTIC,    15, -4.432919919491e-01, 4.260471087036e-06, 1.7457e+00, 4.3075e-02, 
 2DIAGNOSTIC,    16, -4.432914853096e-01, 2.622934971441e-06, 1.7962e+00, 5.0534e-02, 
 2DIAGNOSTIC,    17, -4.432919323444e-01, 1.436962293155e-06, 1.8365e+00, 4.0302e-02, 
 2DIAGNOSTIC,    18, -4.432910978794e-01, 1.031164970300e-06, 1.8770e+00, 4.0434e-02, 
 2DIAGNOSTIC,    19, -4.432911872864e-01, 1.045440399139e-06, 1.9179e+00, 4.0889e-02, 
 2DIAGNOSTIC,    20, -4.432919621468e-01, 1.067799416887e-06, 1.9668e+00, 4.8981e-02, 
 2DIAGNOSTIC,    21, -4.432918727398e-01, 1.103712293116e-06, 2.0097e+00, 4.2855e-02, 
 2DIAGNOSTIC,    22, -4.432919621468e-01, 1.168630660686e-06, 2.0492e+00, 3.9556e-02, 
 2DIAGNOSTIC,    23, -4.432907700539e-01, 1.263661033590e-06, 2.0851e+00, 3.5851e-02, 
 2DIAGNOSTIC,    24, -4.432909488678e-01, 1.294564071941e-06, 2.1323e+00, 4.7243e-02, 
 2DIAGNOSTIC,    25, -4.432914555073e-01, 1.252650349670e-06, 2.1736e+00, 4.1260e-02, 
 2DIAGNOSTIC,    26, -4.432913661003e-01, 1.199770622407e-06, 2.2298e+00, 5.6186e-02, 
 2DIAGNOSTIC,    27, -4.432907104492e-01, 1.149338913820e-06, 2.2690e+00, 3.9217e-02, 
 2DIAGNOSTIC,    28, -4.432906806469e-01, 1.086593897526e-06, 2.3078e+00, 3.8782e-02, 
 2DIAGNOSTIC,    29, -4.432906508446e-01, 1.033490320879e-06, 2.3465e+00, 3.8667e-02, 
 2DIAGNOSTIC,    30, -4.432905912399e-01, 1.004467549137e-06, 2.3863e+00, 3.9864e-02, 
DIAGNOSTIC,Iteration,metricValue,convergenceValue,ITERATION_TIME_INDEX,SINCE_LAST
 2DIAGNOSTIC,     1, -4.026039838791e-01, inf, 3.1543e+00, 7.6794e-01, 
 2DIAGNOSTIC,     2, -4.026025235653e-01, inf, 3.4419e+00, 2.8765e-01, 
 2DIAGNOSTIC,     3, -4.026016294956e-01, inf, 3.7047e+00, 2.6276e-01, 
 2DIAGNOSTIC,     4, -4.026003181934e-01, inf, 3.9626e+00, 2.5791e-01, 
 2DIAGNOSTIC,     5, -4.025996923447e-01, inf, 4.2164e+00, 2.5383e-01, 
 2DIAGNOSTIC,     6, -4.025996923447e-01, inf, 4.4762e+00, 2.5981e-01, 
 2DIAGNOSTIC,     7, -4.025998115540e-01, inf, 4.7201e+00, 2.4385e-01, 
 2DIAGNOSTIC,     8, -4.025993645191e-01, inf, 4.9789e+00, 2.5885e-01, 
 2DIAGNOSTIC,     9, -4.025989770889e-01, inf, 5.2167e+00, 2.3778e-01, 
 2DIAGNOSTIC,    10, -4.025993347168e-01, 2.505108341211e-06, 5.4551e+00, 2.3843e-01, 
 2DIAGNOSTIC,    11, -4.025995433331e-01, 2.502903726054e-06, 5.7021e+00, 2.4694e-01, 
 2DIAGNOSTIC,    12, -4.025993049145e-01, 2.435493570374e-06, 5.9514e+00, 2.4938e-01, 
 2DIAGNOSTIC,    13, -4.025994241238e-01, 2.358739038755e-06, 6.1842e+00, 2.3273e-01, 
 2DIAGNOSTIC,    14, -4.025993347168e-01, 2.231532789665e-06, 6.4737e+00, 2.8954e-01, 
 2DIAGNOSTIC,    15, -4.025991559029e-01, 2.086602080453e-06, 6.7159e+00, 2.4218e-01, 
 2DIAGNOSTIC,    16, -4.025995135307e-01, 1.978110276468e-06, 7.0256e+00, 3.0975e-01, 
 2DIAGNOSTIC,    17, -4.025992751122e-01, 1.878475245576e-06, 7.2533e+00, 2.2769e-01, 
 2DIAGNOSTIC,    18, -4.025991857052e-01, 1.769227310433e-06, 7.5092e+00, 2.5585e-01, 
 2DIAGNOSTIC,    19, -4.025990962982e-01, 1.653413164604e-06, 7.7650e+00, 2.5580e-01, 
 2DIAGNOSTIC,    20, -4.025990664959e-01, 1.562425495649e-06, 7.9976e+00, 2.3260e-01, 
 2DIAGNOSTIC,    21, -4.025989770889e-01, 1.486748146817e-06, 8.2297e+00, 2.3212e-01, 
 2DIAGNOSTIC,    22, -4.025989174843e-01, 1.410885147379e-06, 8.4717e+00, 2.4203e-01, 
 2DIAGNOSTIC,    23, -4.025990664959e-01, 1.353407583338e-06, 8.7060e+00, 2.3426e-01, 
 2DIAGNOSTIC,    24, -4.025991559029e-01, 1.303528733843e-06, 8.9442e+00, 2.3822e-01, 
 2DIAGNOSTIC,    25, -4.025991261005e-01, 1.253376467503e-06, 9.1802e+00, 2.3597e-01, 
 2DIAGNOSTIC,    26, -4.025989770889e-01, 1.214820485984e-06, 9.4162e+00, 2.3607e-01, 
 2DIAGNOSTIC,    27, -4.025989472866e-01, 1.173107648356e-06, 9.6613e+00, 2.4507e-01, 
 2DIAGNOSTIC,    28, -4.025989770889e-01, 1.133263253905e-06, 9.9065e+00, 2.4518e-01, 
 2DIAGNOSTIC,    29, -4.025990664959e-01, 1.096266032619e-06, 1.0142e+01, 2.3555e-01, 
 2DIAGNOSTIC,    30, -4.025988876820e-01, 1.056940277522e-06, 1.0389e+01, 2.4706e-01, 
 2DIAGNOSTIC,    31, -4.025989174843e-01, 1.019442493089e-06, 1.0634e+01, 2.4443e-01, 
  Elapsed time (stage 0): 1.0874e+01


Stage 1
  iterations = 1000x500x250x100
  convergence threshold = 1.0000e-06
  convergence window size = 10
  number of levels = 4
  using the Mattes MI metric (number of bins = 32, weight = 1.0000e+00, use gradient filter = 0)
  preprocessing:  winsorizing the image intensities
  Shrink factors (level 1 out of 4): [8, 8, 8]
  Shrink factors (level 2 out of 4): [4, 4, 4]
  Shrink factors (level 3 out of 4): [2, 2, 2]
  Shrink factors (level 4 out of 4): [1, 1, 1]
  smoothing sigmas per level: [3, 2, 1, 0]
  regular sampling (percentage = 2.5000e-01)

*** Running AffineTransform registration ***

DIAGNOSTIC,Iteration,metricValue,convergenceValue,ITERATION_TIME_INDEX,SINCE_LAST
 2DIAGNOSTIC,     1, -6.079236268997e-01, inf, 1.1163e-01, 1.1163e-01, 
 2DIAGNOSTIC,     2, -6.107888817787e-01, inf, 1.1835e-01, 6.7122e-03, 
 2DIAGNOSTIC,     3, -6.156526207924e-01, inf, 1.2509e-01, 6.7410e-03, 
 2DIAGNOSTIC,     4, -6.251009702682e-01, inf, 1.3187e-01, 6.7809e-03, 
 2DIAGNOSTIC,     5, -6.412931084633e-01, inf, 1.3843e-01, 6.5620e-03, 
 2DIAGNOSTIC,     6, -6.659131646156e-01, inf, 1.4616e-01, 7.7260e-03, 
 2DIAGNOSTIC,     7, -7.315571308136e-01, inf, 1.5547e-01, 9.3091e-03, 
 2DIAGNOSTIC,     8, -8.217910528183e-01, inf, 1.6293e-01, 7.4680e-03, 
 2DIAGNOSTIC,     9, -8.450587987900e-01, inf, 1.6985e-01, 6.9180e-03, 
 2DIAGNOSTIC,    10, -8.919911980629e-01, 2.768001519144e-02, 1.8261e-01, 1.2756e-02, 
 2DIAGNOSTIC,    11, -8.975083827972e-01, 2.778848074377e-02, 1.9010e-01, 7.4930e-03, 
 2DIAGNOSTIC,    12, -9.110289216042e-01, 2.590270526707e-02, 1.9856e-01, 8.4610e-03, 
 2DIAGNOSTIC,    13, -9.201534986496e-01, 2.242523059249e-02, 2.0747e-01, 8.9080e-03, 
 2DIAGNOSTIC,    14, -9.205545186996e-01, 1.780122704804e-02, 2.1702e-01, 9.5530e-03, 
 2DIAGNOSTIC,    15, -9.199086427689e-01, 1.271089818329e-02, 2.2762e-01, 1.0597e-02, 
 2DIAGNOSTIC,    16, -9.199793934822e-01, 7.761621847749e-03, 2.3610e-01, 8.4791e-03, 
 2DIAGNOSTIC,    17, -9.199613332748e-01, 4.127953667194e-03, 2.4536e-01, 9.2571e-03, 
 2DIAGNOSTIC,    18, -9.197282791138e-01, 2.354862168431e-03, 2.5389e-01, 8.5340e-03, 
 2DIAGNOSTIC,    19, -9.196273088455e-01, 9.885012404993e-04, 2.6288e-01, 8.9891e-03, 
 2DIAGNOSTIC,    20, -9.193557500839e-01, 5.061929696240e-04, 2.7075e-01, 7.8740e-03, 
 2DIAGNOSTIC,    21, -9.192588329315e-01, 1.143477420555e-04, 2.7759e-01, 6.8359e-03, 
DIAGNOSTIC,Iteration,metricValue,convergenceValue,ITERATION_TIME_INDEX,SINCE_LAST
 2DIAGNOSTIC,     1, -7.530049085617e-01, inf, 4.1565e-01, 1.3806e-01, 
 2DIAGNOSTIC,     2, -7.541849017143e-01, inf, 4.2747e-01, 1.1820e-02, 
 2DIAGNOSTIC,     3, -7.549962401390e-01, inf, 4.3873e-01, 1.1258e-02, 
 2DIAGNOSTIC,     4, -7.556774020195e-01, inf, 4.4911e-01, 1.0379e-02, 
 2DIAGNOSTIC,     5, -7.569530606270e-01, inf, 4.6115e-01, 1.2037e-02, 
 2DIAGNOSTIC,     6, -7.579116821289e-01, inf, 5.0097e-01, 3.9823e-02, 
 2DIAGNOSTIC,     7, -7.579119205475e-01, inf, 5.1255e-01, 1.1578e-02, 
 2DIAGNOSTIC,     8, -7.579119205475e-01, inf, 5.2589e-01, 1.3342e-02, 
 2DIAGNOSTIC,     9, -7.579119205475e-01, inf, 5.3802e-01, 1.2128e-02, 
 2DIAGNOSTIC,    10, -7.579119205475e-01, 4.319429572206e-04, 5.5002e-01, 1.2005e-02, 
 2DIAGNOSTIC,    11, -7.579118609428e-01, 2.860265376512e-04, 5.6163e-01, 1.1607e-02, 
 2DIAGNOSTIC,    12, -7.579117417336e-01, 1.760834275046e-04, 5.7412e-01, 1.2491e-02, 
 2DIAGNOSTIC,    13, -7.579120397568e-01, 9.120182221523e-05, 5.8634e-01, 1.2218e-02, 
 2DIAGNOSTIC,    14, -7.579121589661e-01, 2.800485890475e-05, 5.9779e-01, 1.1456e-02, 
 2DIAGNOSTIC,    15, -7.579121589661e-01, 2.140324795619e-06, 6.0914e-01, 1.1347e-02, 
 2DIAGNOSTIC,    16, -7.579116821289e-01, 1.994605327127e-06, 6.2326e-01, 1.4123e-02, 
 2DIAGNOSTIC,    17, -7.579120993614e-01, 1.880522177089e-06, 6.3909e-01, 1.5827e-02, 
 2DIAGNOSTIC,    18, -7.579120993614e-01, 1.777969259820e-06, 6.5178e-01, 1.2687e-02, 
 2DIAGNOSTIC,    19, -7.579119801521e-01, 1.682879542386e-06, 6.6473e-01, 1.2948e-02, 
 2DIAGNOSTIC,    20, -7.579120993614e-01, 1.599212055226e-06, 6.8102e-01, 1.6292e-02, 
 2DIAGNOSTIC,    21, -7.579120397568e-01, 1.520911155239e-06, 6.9483e-01, 1.3811e-02, 
 2DIAGNOSTIC,    22, -7.579122185707e-01, 1.450117906643e-06, 7.0815e-01, 1.3325e-02, 
 2DIAGNOSTIC,    23, -7.579120993614e-01, 1.387864926983e-06, 7.2192e-01, 1.3766e-02, 
 2DIAGNOSTIC,    24, -7.579120993614e-01, 1.332438273494e-06, 7.3517e-01, 1.3249e-02, 
 2DIAGNOSTIC,    25, -7.579120993614e-01, 1.281173467760e-06, 7.5392e-01, 1.8751e-02, 
 2DIAGNOSTIC,    26, -7.579120993614e-01, 1.226009885613e-06, 7.6808e-01, 1.4165e-02, 
 2DIAGNOSTIC,    27, -7.579120993614e-01, 1.180554818347e-06, 7.8199e-01, 1.3910e-02, 
 2DIAGNOSTIC,    28, -7.579120993614e-01, 1.138271727541e-06, 7.9455e-01, 1.2553e-02, 
 2DIAGNOSTIC,    29, -7.579120397568e-01, 1.096449523175e-06, 8.0663e-01, 1.2086e-02, 
 2DIAGNOSTIC,    30, -7.579120397568e-01, 1.059065198206e-06, 8.1969e-01, 1.3054e-02, 
 2DIAGNOSTIC,    31, -7.579119205475e-01, 1.022026822284e-06, 8.3152e-01, 1.1832e-02, 
DIAGNOSTIC,Iteration,metricValue,convergenceValue,ITERATION_TIME_INDEX,SINCE_LAST
 2DIAGNOSTIC,     1, -6.269456744194e-01, inf, 1.0864e+00, 2.5489e-01, 
 2DIAGNOSTIC,     2, -6.277706027031e-01, inf, 1.1422e+00, 5.5826e-02, 
 2DIAGNOSTIC,     3, -6.287966370583e-01, inf, 1.1960e+00, 5.3778e-02, 
 2DIAGNOSTIC,     4, -6.299740076065e-01, inf, 1.2542e+00, 5.8176e-02, 
 2DIAGNOSTIC,     5, -6.320926547050e-01, inf, 1.3073e+00, 5.3116e-02, 
 2DIAGNOSTIC,     6, -6.325745582581e-01, inf, 1.3761e+00, 6.8767e-02, 
 2DIAGNOSTIC,     7, -6.326159238815e-01, inf, 1.4333e+00, 5.7241e-02, 
 2DIAGNOSTIC,     8, -6.327311992645e-01, inf, 1.5075e+00, 7.4174e-02, 
 2DIAGNOSTIC,     9, -6.327276825905e-01, inf, 1.5659e+00, 5.8407e-02, 
 2DIAGNOSTIC,    10, -6.327310204506e-01, 6.424844032153e-04, 1.6183e+00, 5.2442e-02, 
 2DIAGNOSTIC,    11, -6.327480077744e-01, 4.390529938973e-04, 1.6718e+00, 5.3470e-02, 
 2DIAGNOSTIC,    12, -6.327719092369e-01, 2.629561349750e-04, 1.7260e+00, 5.4149e-02, 
 2DIAGNOSTIC,    13, -6.328103542328e-01, 1.272769295610e-04, 1.7758e+00, 4.9849e-02, 
 2DIAGNOSTIC,    14, -6.328948736191e-01, 3.848173582810e-05, 1.8878e+00, 1.1199e-01, 
 2DIAGNOSTIC,    15, -6.328966021538e-01, 2.146844963136e-05, 1.9514e+00, 6.3574e-02, 
 2DIAGNOSTIC,    16, -6.328964233398e-01, 1.839811011450e-05, 2.0103e+00, 5.8892e-02, 
 2DIAGNOSTIC,    17, -6.328961849213e-01, 1.520171736047e-05, 2.0707e+00, 6.0489e-02, 
 2DIAGNOSTIC,    18, -6.328940987587e-01, 1.394384526066e-05, 2.1380e+00, 6.7245e-02, 
 2DIAGNOSTIC,    19, -6.328941583633e-01, 1.158455233963e-05, 2.1983e+00, 6.0307e-02, 
 2DIAGNOSTIC,    20, -6.328940987587e-01, 8.615869774076e-06, 2.2632e+00, 6.4902e-02, 
 2DIAGNOSTIC,    21, -6.328939795494e-01, 5.661476734531e-06, 2.3238e+00, 6.0564e-02, 
 2DIAGNOSTIC,    22, -6.328939199448e-01, 3.075699623878e-06, 2.3864e+00, 6.2614e-02, 
 2DIAGNOSTIC,    23, -6.328938603401e-01, 1.266955678147e-06, 2.4436e+00, 5.7223e-02, 
 2DIAGNOSTIC,    24, -6.328935623169e-01, 1.197258029606e-06, 2.5043e+00, 6.0701e-02, 
 2DIAGNOSTIC,    25, -6.328935027122e-01, 1.174934027404e-06, 2.5591e+00, 5.4838e-02, 
 2DIAGNOSTIC,    26, -6.328936219215e-01, 1.162311832559e-06, 2.6171e+00, 5.7951e-02, 
 2DIAGNOSTIC,    27, -6.328926682472e-01, 1.137547997132e-06, 2.6819e+00, 6.4784e-02, 
 2DIAGNOSTIC,    28, -6.328926086426e-01, 1.084475911739e-06, 2.7421e+00, 6.0268e-02, 
 2DIAGNOSTIC,    29, -6.328926086426e-01, 1.040939878294e-06, 2.8036e+00, 6.1414e-02, 
 2DIAGNOSTIC,    30, -6.328924298286e-01, 1.001949499368e-06, 2.8622e+00, 5.8618e-02, 
DIAGNOSTIC,Iteration,metricValue,convergenceValue,ITERATION_TIME_INDEX,SINCE_LAST
 2DIAGNOSTIC,     1, -5.564872026443e-01, inf, 3.7599e+00, 8.9767e-01, 
 2DIAGNOSTIC,     2, -5.569008588791e-01, inf, 4.1087e+00, 3.4883e-01, 
 2DIAGNOSTIC,     3, -5.573908090591e-01, inf, 4.4498e+00, 3.4114e-01, 
 2DIAGNOSTIC,     4, -5.579190850258e-01, inf, 4.7907e+00, 3.4088e-01, 
 2DIAGNOSTIC,     5, -5.582075715065e-01, inf, 5.2196e+00, 4.2889e-01, 
 2DIAGNOSTIC,     6, -5.582668781281e-01, inf, 5.5872e+00, 3.6764e-01, 
 2DIAGNOSTIC,     7, -5.582729578018e-01, inf, 5.9370e+00, 3.4980e-01, 
 2DIAGNOSTIC,     8, -5.582795143127e-01, inf, 6.3069e+00, 3.6990e-01, 
 2DIAGNOSTIC,     9, -5.582793354988e-01, inf, 6.6676e+00, 3.6064e-01, 
 2DIAGNOSTIC,    10, -5.582820773125e-01, 1.966927811736e-04, 7.0015e+00, 3.3396e-01, 
 2DIAGNOSTIC,    11, -5.582836270332e-01, 1.163118504337e-04, 7.3954e+00, 3.9382e-01, 
 2DIAGNOSTIC,    12, -5.582860708237e-01, 5.669043821399e-05, 7.8216e+00, 4.2621e-01, 
 2DIAGNOSTIC,    13, -5.582857728004e-01, 2.013029188674e-05, 8.1880e+00, 3.6639e-01, 
 2DIAGNOSTIC,    14, -5.582855343819e-01, 6.131952886790e-06, 8.5950e+00, 4.0702e-01, 
 2DIAGNOSTIC,    15, -5.582851767540e-01, 3.380911266504e-06, 9.0008e+00, 4.0587e-01, 
 2DIAGNOSTIC,    16, -5.582848191261e-01, 2.730528876782e-06, 9.3607e+00, 3.5988e-01, 
 2DIAGNOSTIC,    17, -5.582846403122e-01, 2.259564780616e-06, 9.7264e+00, 3.6563e-01, 
 2DIAGNOSTIC,    18, -5.582847595215e-01, 1.995608272409e-06, 1.0091e+01, 3.6488e-01, 
 2DIAGNOSTIC,    19, -5.582839846611e-01, 1.712126845632e-06, 1.0462e+01, 3.7117e-01, 
 2DIAGNOSTIC,    20, -5.582844018936e-01, 1.534222747068e-06, 1.0841e+01, 3.7875e-01, 
 2DIAGNOSTIC,    21, -5.582842826843e-01, 1.411108428329e-06, 1.1187e+01, 3.4571e-01, 
 2DIAGNOSTIC,    22, -5.582843422890e-01, 1.366862306895e-06, 1.1561e+01, 3.7376e-01, 
 2DIAGNOSTIC,    23, -5.582851171494e-01, 1.344510678791e-06, 1.1932e+01, 3.7108e-01, 
 2DIAGNOSTIC,    24, -5.582852959633e-01, 1.326217557107e-06, 1.2297e+01, 3.6512e-01, 
 2DIAGNOSTIC,    25, -5.582856535912e-01, 1.309590402343e-06, 1.2668e+01, 3.7097e-01, 
 2DIAGNOSTIC,    26, -5.582854747772e-01, 1.280251694880e-06, 1.3029e+01, 3.6103e-01, 
 2DIAGNOSTIC,    27, -5.582854747772e-01, 1.244456029781e-06, 1.3407e+01, 3.7798e-01, 
 2DIAGNOSTIC,    28, -5.582861304283e-01, 1.219361934091e-06, 1.3777e+01, 3.7021e-01, 
 2DIAGNOSTIC,    29, -5.582861304283e-01, 1.173831606138e-06, 1.4145e+01, 3.6776e-01, 
 2DIAGNOSTIC,    30, -5.582861900330e-01, 1.132502234213e-06, 1.4512e+01, 3.6725e-01, 
 2DIAGNOSTIC,    31, -5.582858920097e-01, 1.080530864783e-06, 1.4880e+01, 3.6848e-01, 
 2DIAGNOSTIC,    32, -5.582858324051e-01, 1.026570998874e-06, 1.5242e+01, 3.6181e-01, 
  Elapsed time (stage 1): 1.5529e+01


Stage 2
  iterations = 100x70x50x20
  convergence threshold = 1.0000e-06
  convergence window size = 10
  number of levels = 4
  using the CC metric (radius = 4, weight = 1.0000e+00, use gradient filter = 0)
  preprocessing:  winsorizing the image intensities
  Shrink factors (level 1 out of 4): [8, 8, 8]
  Shrink factors (level 2 out of 4): [4, 4, 4]
  Shrink factors (level 3 out of 4): [2, 2, 2]
  Shrink factors (level 4 out of 4): [1, 1, 1]
  smoothing sigmas per level: [3, 2, 1, 0]
  Using default NONE metricSamplingStrategy 

*** Running SyN registration (varianceForUpdateField = 3.0000e+00, varianceForTotalField = 0.0000e+00) ***

XXDIAGNOSTIC,Iteration,metricValue,convergenceValue,ITERATION_TIME_INDEX,SINCE_LAST
 1DIAGNOSTIC,     1, -9.587514996529e-01, inf, 1.6774e-01, 1.6774e-01, 
 1DIAGNOSTIC,     2, -9.674075245857e-01, inf, 2.5324e-01, 8.5497e-02, 
 1DIAGNOSTIC,     3, -9.735267758369e-01, inf, 3.4148e-01, 8.8238e-02, 
 1DIAGNOSTIC,     4, -9.771543145180e-01, inf, 4.3863e-01, 9.7158e-02, 
 1DIAGNOSTIC,     5, -9.795687198639e-01, inf, 5.3461e-01, 9.5979e-02, 
 1DIAGNOSTIC,     6, -9.819104075432e-01, inf, 6.1675e-01, 8.2135e-02, 
 1DIAGNOSTIC,     7, -9.837467670441e-01, inf, 7.0823e-01, 9.1478e-02, 
 1DIAGNOSTIC,     8, -9.850644469261e-01, inf, 8.0160e-01, 9.3374e-02, 
 1DIAGNOSTIC,     9, -9.860066771507e-01, inf, 8.9647e-01, 9.4866e-02, 
 1DIAGNOSTIC,    10, -9.868034720421e-01, 1.626664772630e-03, 9.9896e-01, 1.0250e-01, 
 1DIAGNOSTIC,    11, -9.867914319038e-01, 1.060548122041e-03, 1.1016e+00, 1.0262e-01, 
 1DIAGNOSTIC,    12, -9.870181083679e-01, 7.067970582284e-04, 1.1914e+00, 8.9801e-02, 
 1DIAGNOSTIC,    13, -9.869714379311e-01, 4.783744807355e-04, 1.2816e+00, 9.0186e-02, 
 1DIAGNOSTIC,    14, -9.872861504555e-01, 3.205609682482e-04, 1.3700e+00, 8.8452e-02, 
 1DIAGNOSTIC,    15, -9.872199892998e-01, 1.993404584937e-04, 1.4619e+00, 9.1830e-02, 
 1DIAGNOSTIC,    16, -9.874377846718e-01, 1.212449788000e-04, 1.5543e+00, 9.2463e-02, 
 1DIAGNOSTIC,    17, -9.873315095901e-01, 7.055557216518e-05, 1.6400e+00, 8.5669e-02, 
 1DIAGNOSTIC,    18, -9.875447154045e-01, 4.356915087556e-05, 1.7321e+00, 9.2107e-02, 
 1DIAGNOSTIC,    19, -9.874413609505e-01, 2.791388214973e-05, 1.8274e+00, 9.5352e-02, 
 1DIAGNOSTIC,    20, -9.875861406326e-01, 2.508707439119e-05, 1.9141e+00, 8.6653e-02, 
 1DIAGNOSTIC,    21, -9.874672889709e-01, 1.844646794780e-05, 2.0022e+00, 8.8059e-02, 
 1DIAGNOSTIC,    22, -9.876227378845e-01, 1.595467801963e-05, 2.0915e+00, 8.9307e-02, 
 1DIAGNOSTIC,    23, -9.875073432922e-01, 1.012906795950e-05, 2.1831e+00, 9.1601e-02, 
 1DIAGNOSTIC,    24, -9.876527786255e-01, 9.589823093847e-06, 2.2742e+00, 9.1136e-02, 
 1DIAGNOSTIC,    25, -9.875343441963e-01, 6.084868800826e-06, 2.3551e+00, 8.0891e-02, 
 1DIAGNOSTIC,    26, -9.876695275307e-01, 6.410142304958e-06, 2.4404e+00, 8.5279e-02, 
 1DIAGNOSTIC,    27, -9.875501394272e-01, 3.705683866428e-06, 2.5300e+00, 8.9668e-02, 
 1DIAGNOSTIC,    28, -9.876764416695e-01, 4.528159479378e-06, 2.6291e+00, 9.9025e-02, 
 1DIAGNOSTIC,    29, -9.875565171242e-01, 2.676063331819e-06, 2.7187e+00, 8.9627e-02, 
 1DIAGNOSTIC,    30, -9.876706600189e-01, 3.361692051840e-06, 2.8034e+00, 8.4706e-02, 
 1DIAGNOSTIC,    31, -9.875512123108e-01, 1.496162440162e-06, 2.8954e+00, 9.1980e-02, 
 1DIAGNOSTIC,    32, -9.876627326012e-01, 2.174909923269e-06, 2.9834e+00, 8.8003e-02, 
 1DIAGNOSTIC,    33, -9.875440001488e-01, 5.881269089514e-07, 3.0712e+00, 8.7838e-02, 
XXDIAGNOSTIC,Iteration,metricValue,convergenceValue,ITERATION_TIME_INDEX,SINCE_LAST
 1DIAGNOSTIC,     1, -9.539115428925e-01, inf, 3.5643e+00, 4.9309e-01, 
 1DIAGNOSTIC,     2, -9.559093713760e-01, inf, 3.9669e+00, 4.0261e-01, 
 1DIAGNOSTIC,     3, -9.580256938934e-01, inf, 4.3885e+00, 4.2158e-01, 
 1DIAGNOSTIC,     4, -9.598038196564e-01, inf, 4.7953e+00, 4.0679e-01, 
 1DIAGNOSTIC,     5, -9.612671136856e-01, inf, 5.1980e+00, 4.0272e-01, 
 1DIAGNOSTIC,     6, -9.625127315521e-01, inf, 5.6120e+00, 4.1398e-01, 
 1DIAGNOSTIC,     7, -9.636004567146e-01, inf, 6.0176e+00, 4.0556e-01, 
 1DIAGNOSTIC,     8, -9.645643234253e-01, inf, 6.4473e+00, 4.2970e-01, 
 1DIAGNOSTIC,     9, -9.653403162956e-01, inf, 6.8763e+00, 4.2901e-01, 
 1DIAGNOSTIC,    10, -9.660209417343e-01, 7.991694146767e-04, 7.2787e+00, 4.0242e-01, 
 1DIAGNOSTIC,    11, -9.666255116463e-01, 6.291346508078e-04, 7.6807e+00, 4.0196e-01, 
 1DIAGNOSTIC,    12, -9.671643972397e-01, 4.929298884235e-04, 8.1124e+00, 4.3171e-01, 
 1DIAGNOSTIC,    13, -9.676525592804e-01, 3.919219307136e-04, 8.5330e+00, 4.2064e-01, 
 1DIAGNOSTIC,    14, -9.680898785591e-01, 3.162037464790e-04, 8.9505e+00, 4.1749e-01, 
 1DIAGNOSTIC,    15, -9.684882164001e-01, 2.581740263849e-04, 9.3494e+00, 3.9895e-01, 
 1DIAGNOSTIC,    16, -9.688472151756e-01, 2.131717337761e-04, 9.7486e+00, 3.9913e-01, 
 1DIAGNOSTIC,    17, -9.691686630249e-01, 1.781683095032e-04, 1.0160e+01, 4.1173e-01, 
 1DIAGNOSTIC,    18, -9.694595336914e-01, 1.511002046755e-04, 1.0592e+01, 4.3195e-01, 
 1DIAGNOSTIC,    19, -9.697210788727e-01, 1.289535866817e-04, 1.0993e+01, 4.0105e-01, 
 1DIAGNOSTIC,    20, -9.699542522430e-01, 1.105005721911e-04, 1.1418e+01, 4.2503e-01, 
 1DIAGNOSTIC,    21, -9.701648950577e-01, 9.496293205302e-05, 1.1838e+01, 4.1972e-01, 
 1DIAGNOSTIC,    22, -9.703561663628e-01, 8.177240670193e-05, 1.2259e+01, 4.2120e-01, 
 1DIAGNOSTIC,    23, -9.705298542976e-01, 7.058746996336e-05, 1.2690e+01, 4.3086e-01, 
 1DIAGNOSTIC,    24, -9.706853628159e-01, 6.103144187364e-05, 1.3104e+01, 4.1419e-01, 
 1DIAGNOSTIC,    25, -9.708218574524e-01, 5.285512452247e-05, 1.3504e+01, 3.9979e-01, 
 1DIAGNOSTIC,    26, -9.709454774857e-01, 4.585547139868e-05, 1.3936e+01, 4.3147e-01, 
 1DIAGNOSTIC,    27, -9.710600972176e-01, 3.986509909737e-05, 1.4346e+01, 4.1052e-01, 
 1DIAGNOSTIC,    28, -9.711724519730e-01, 3.483831460471e-05, 1.4761e+01, 4.1457e-01, 
 1DIAGNOSTIC,    29, -9.712633490562e-01, 3.050401392102e-05, 1.5160e+01, 3.9941e-01, 
 1DIAGNOSTIC,    30, -9.713466167450e-01, 2.674539973668e-05, 1.5570e+01, 4.0999e-01, 
 1DIAGNOSTIC,    31, -9.714227914810e-01, 2.348751149839e-05, 1.5966e+01, 3.9585e-01, 
 1DIAGNOSTIC,    32, -9.714976549149e-01, 2.071932613035e-05, 1.6383e+01, 4.1704e-01, 
 1DIAGNOSTIC,    33, -9.715589880943e-01, 1.831229383242e-05, 1.6802e+01, 4.1870e-01, 
 1DIAGNOSTIC,    34, -9.716159105301e-01, 1.621561386855e-05, 1.7215e+01, 4.1338e-01, 
 1DIAGNOSTIC,    35, -9.716631174088e-01, 1.431264081475e-05, 1.7624e+01, 4.0881e-01, 
 1DIAGNOSTIC,    36, -9.717115163803e-01, 1.262887508346e-05, 1.8028e+01, 4.0395e-01, 
 1DIAGNOSTIC,    37, -9.717482328415e-01, 1.110104858526e-05, 1.8482e+01, 4.5390e-01, 
 1DIAGNOSTIC,    38, -9.717804789543e-01, 9.784166650206e-06, 1.8881e+01, 3.9902e-01, 
 1DIAGNOSTIC,    39, -9.718084335327e-01, 8.567737495468e-06, 1.9308e+01, 4.2682e-01, 
 1DIAGNOSTIC,    40, -9.718333482742e-01, 7.458029813279e-06, 1.9735e+01, 4.2720e-01, 
 1DIAGNOSTIC,    41, -9.718565940857e-01, 6.468590981967e-06, 2.0144e+01, 4.0889e-01, 
 1DIAGNOSTIC,    42, -9.718749523163e-01, 5.626799520542e-06, 2.0543e+01, 3.9914e-01, 
 1DIAGNOSTIC,    43, -9.718907475471e-01, 4.879717380391e-06, 2.0954e+01, 4.1082e-01, 
 1DIAGNOSTIC,    44, -9.719041585922e-01, 4.235667802277e-06, 2.1360e+01, 4.0594e-01, 
 1DIAGNOSTIC,    45, -9.719148874283e-01, 3.656442913780e-06, 2.1772e+01, 4.1267e-01, 
 1DIAGNOSTIC,    46, -9.719257950783e-01, 3.194686996721e-06, 2.2174e+01, 4.0222e-01, 
 1DIAGNOSTIC,    47, -9.719350337982e-01, 2.796396529448e-06, 2.2607e+01, 4.3211e-01, 
 1DIAGNOSTIC,    48, -9.719403386116e-01, 2.438665887894e-06, 2.3016e+01, 4.0902e-01, 
 1DIAGNOSTIC,    49, -9.719438552856e-01, 2.112132051479e-06, 2.3426e+01, 4.1073e-01, 
 1DIAGNOSTIC,    50, -9.719477295876e-01, 1.825559024837e-06, 2.3845e+01, 4.1894e-01, 
 1DIAGNOSTIC,    51, -9.719511866570e-01, 1.587936480973e-06, 2.4277e+01, 4.3160e-01, 
 1DIAGNOSTIC,    52, -9.719524383545e-01, 1.375943156745e-06, 2.4698e+01, 4.2136e-01, 
 1DIAGNOSTIC,    53, -9.719536900520e-01, 1.192352783619e-06, 2.5120e+01, 4.2146e-01, 
 1DIAGNOSTIC,    54, -9.719529151917e-01, 1.027088728733e-06, 2.5544e+01, 4.2414e-01, 
 1DIAGNOSTIC,    55, -9.719503521919e-01, 8.687081276548e-07, 2.5961e+01, 4.1727e-01, 
XXDIAGNOSTIC,Iteration,metricValue,convergenceValue,ITERATION_TIME_INDEX,SINCE_LAST
 1DIAGNOSTIC,     1, -9.137420654297e-01, inf, 2.8817e+01, 2.8559e+00, 
 1DIAGNOSTIC,     2, -9.149550199509e-01, inf, 3.1387e+01, 2.5704e+00, 
 1DIAGNOSTIC,     3, -9.166721105576e-01, inf, 3.3837e+01, 2.4493e+00, 
 1DIAGNOSTIC,     4, -9.183714985847e-01, inf, 3.6444e+01, 2.6070e+00, 
 1DIAGNOSTIC,     5, -9.200723171234e-01, inf, 3.8941e+01, 2.4977e+00, 
 1DIAGNOSTIC,     6, -9.218295812607e-01, inf, 4.1620e+01, 2.6788e+00, 
 1DIAGNOSTIC,     7, -9.237038493156e-01, inf, 4.4146e+01, 2.5258e+00, 
 1DIAGNOSTIC,     8, -9.252811074257e-01, inf, 4.6611e+01, 2.4650e+00, 
 1DIAGNOSTIC,     9, -9.266434907913e-01, inf, 4.9033e+01, 2.4225e+00, 
 1DIAGNOSTIC,    10, -9.278915524483e-01, 1.027318765409e-03, 5.1477e+01, 2.4438e+00, 
 1DIAGNOSTIC,    11, -9.289305210114e-01, 9.091207175516e-04, 5.3951e+01, 2.4735e+00, 
 1DIAGNOSTIC,    12, -9.300168156624e-01, 7.875654264353e-04, 5.6420e+01, 2.4689e+00, 
 1DIAGNOSTIC,    13, -9.309117197990e-01, 6.749862222932e-04, 5.8994e+01, 2.5747e+00, 
 1DIAGNOSTIC,    14, -9.318748116493e-01, 5.754747544415e-04, 6.1443e+01, 2.4486e+00, 
 1DIAGNOSTIC,    15, -9.326550960541e-01, 4.872432327829e-04, 6.3856e+01, 2.4134e+00, 
 1DIAGNOSTIC,    16, -9.335255026817e-01, 4.154517664574e-04, 6.6374e+01, 2.5180e+00, 
 1DIAGNOSTIC,    17, -9.342294931412e-01, 3.600938944146e-04, 6.8884e+01, 2.5100e+00, 
 1DIAGNOSTIC,    18, -9.350182414055e-01, 3.177449980285e-04, 7.1444e+01, 2.5594e+00, 
 1DIAGNOSTIC,    19, -9.356284141541e-01, 2.820202789735e-04, 7.3891e+01, 2.4476e+00, 
 1DIAGNOSTIC,    20, -9.362132549286e-01, 2.516723470762e-04, 7.6354e+01, 2.4626e+00, 
 1DIAGNOSTIC,    21, -9.367838501930e-01, 2.241280744784e-04, 7.8979e+01, 2.6256e+00, 
 1DIAGNOSTIC,    22, -9.373434782028e-01, 2.009881864069e-04, 8.1558e+01, 2.5786e+00, 
 1DIAGNOSTIC,    23, -9.378954768181e-01, 1.801855687518e-04, 8.4055e+01, 2.4972e+00, 
 1DIAGNOSTIC,    24, -9.384209513664e-01, 1.631599297980e-04, 8.6498e+01, 2.4430e+00, 
 1DIAGNOSTIC,    25, -9.388875365257e-01, 1.473645243095e-04, 8.8889e+01, 2.3910e+00, 
 1DIAGNOSTIC,    26, -9.393093585968e-01, 1.341085153399e-04, 9.1378e+01, 2.4890e+00, 
 1DIAGNOSTIC,    27, -9.396957159042e-01, 1.214793155668e-04, 9.3747e+01, 2.3687e+00, 
 1DIAGNOSTIC,    28, -9.400519132614e-01, 1.107707357733e-04, 9.6196e+01, 2.4493e+00, 
 1DIAGNOSTIC,    29, -9.403889179230e-01, 1.003051074804e-04, 9.8597e+01, 2.4004e+00, 
 1DIAGNOSTIC,    30, -9.407061934471e-01, 9.023457823787e-05, 1.0108e+02, 2.4865e+00, 
 1DIAGNOSTIC,    31, -9.410104751587e-01, 8.089328912320e-05, 1.0358e+02, 2.4923e+00, 
 1DIAGNOSTIC,    32, -9.413046836853e-01, 7.261474092957e-05, 1.0602e+02, 2.4410e+00, 
 1DIAGNOSTIC,    33, -9.415901303291e-01, 6.569147808477e-05, 1.0846e+02, 2.4400e+00, 
 1DIAGNOSTIC,    34, -9.418660402298e-01, 6.013459278620e-05, 1.1090e+02, 2.4396e+00, 
 1DIAGNOSTIC,    35, -9.421309828758e-01, 5.556717587751e-05, 1.1332e+02, 2.4223e+00, 
 1DIAGNOSTIC,    36, -9.423837661743e-01, 5.169964060769e-05, 1.1574e+02, 2.4181e+00, 
 1DIAGNOSTIC,    37, -9.426258802414e-01, 4.831970363739e-05, 1.1813e+02, 2.3949e+00, 
 1DIAGNOSTIC,    38, -9.428612589836e-01, 4.528271892923e-05, 1.2061e+02, 2.4786e+00, 
 1DIAGNOSTIC,    39, -9.430913925171e-01, 4.254101804690e-05, 1.2298e+02, 2.3713e+00, 
 1DIAGNOSTIC,    40, -9.433180689812e-01, 4.004749644082e-05, 1.2539e+02, 2.4120e+00, 
 1DIAGNOSTIC,    41, -9.435411095619e-01, 3.779762118938e-05, 1.2779e+02, 2.3957e+00, 
 1DIAGNOSTIC,    42, -9.437619447708e-01, 3.580686461646e-05, 1.3022e+02, 2.4329e+00, 
 1DIAGNOSTIC,    43, -9.439803361893e-01, 3.408162956475e-05, 1.3263e+02, 2.4087e+00, 
 1DIAGNOSTIC,    44, -9.441984891891e-01, 3.262133395765e-05, 1.3507e+02, 2.4392e+00, 
 1DIAGNOSTIC,    45, -9.444144368172e-01, 3.138497049804e-05, 1.3748e+02, 2.4063e+00, 
 1DIAGNOSTIC,    46, -9.446280598640e-01, 3.031195046788e-05, 1.3990e+02, 2.4225e+00, 
 1DIAGNOSTIC,    47, -9.448398351669e-01, 2.934867552540e-05, 1.4228e+02, 2.3816e+00, 
 1DIAGNOSTIC,    48, -9.450494647026e-01, 2.846245479304e-05, 1.4470e+02, 2.4224e+00, 
 1DIAGNOSTIC,    49, -9.452558755875e-01, 2.762207441265e-05, 1.4713e+02, 2.4270e+00, 
 1DIAGNOSTIC,    50, -9.454604387283e-01, 2.681760270207e-05, 1.4955e+02, 2.4159e+00, 
XXDIAGNOSTIC,Iteration,metricValue,convergenceValue,ITERATION_TIME_INDEX,SINCE_LAST
 1DIAGNOSTIC,     1, -8.731287717819e-01, inf, 1.6830e+02, 1.8750e+01, 
 1DIAGNOSTIC,     2, -8.743549585342e-01, inf, 1.8667e+02, 1.8373e+01, 
 1DIAGNOSTIC,     3, -8.758753538132e-01, inf, 2.0522e+02, 1.8551e+01, 
 1DIAGNOSTIC,     4, -8.773336410522e-01, inf, 2.2379e+02, 1.8565e+01, 
 1DIAGNOSTIC,     5, -8.787945508957e-01, inf, 2.4226e+02, 1.8472e+01, 
 1DIAGNOSTIC,     6, -8.801046609879e-01, inf, 2.6090e+02, 1.8647e+01, 
 1DIAGNOSTIC,     7, -8.814703822136e-01, inf, 2.7928e+02, 1.8370e+01, 
 1DIAGNOSTIC,     8, -8.826776742935e-01, inf, 2.9781e+02, 1.8532e+01, 
 1DIAGNOSTIC,     9, -8.838587999344e-01, inf, 3.1634e+02, 1.8535e+01, 
 1DIAGNOSTIC,    10, -8.849149942398e-01, 8.763347868808e-04, 3.3485e+02, 1.8512e+01, 
 1DIAGNOSTIC,    11, -8.858886957169e-01, 7.678826805204e-04, 3.5350e+02, 1.8647e+01, 
 1DIAGNOSTIC,    12, -8.867859840393e-01, 6.653157179244e-04, 3.7214e+02, 1.8639e+01, 
 1DIAGNOSTIC,    13, -8.876098394394e-01, 5.762393702753e-04, 3.9069e+02, 1.8547e+01, 
 1DIAGNOSTIC,    14, -8.883780241013e-01, 4.984643892385e-04, 4.0920e+02, 1.8512e+01, 
 1DIAGNOSTIC,    15, -8.890815973282e-01, 4.318042483646e-04, 4.2771e+02, 1.8507e+01, 
 1DIAGNOSTIC,    16, -8.897252082825e-01, 3.729320887942e-04, 4.4631e+02, 1.8606e+01, 
 1DIAGNOSTIC,    17, -8.903174400330e-01, 3.235430340283e-04, 4.6487e+02, 1.8553e+01, 
 1DIAGNOSTIC,    18, -8.908670544624e-01, 2.809630532283e-04, 4.8342e+02, 1.8555e+01, 
 1DIAGNOSTIC,    19, -8.913769721985e-01, 2.453046326991e-04, 5.0204e+02, 1.8623e+01, 
 1DIAGNOSTIC,    20, -8.918610811234e-01, 2.150538348360e-04, 5.2093e+02, 1.8887e+01, 
  Elapsed time (stage 2): 521.2


Total elapsed time: 547.6
 Registration finished. The antsRegistration call was:
--------------------------------------------------------------------------------------
/opt/ants/bin/antsRegistration --verbose 1 --dimensionality 3 --float 1 --collapse-output-transforms 1 --output [ /data/derivatives/ants/registrationSyN-fp/sub-s030/ses-open/anat/,/data/derivatives/ants/registrationSyN-fp/sub-s030/ses-open/anat/Warped.nii.gz,/data/derivatives/ants/registrationSyN-fp/sub-s030/ses-open/anat/InverseWarped.nii.gz ] --interpolation Linear --use-histogram-matching 0 --winsorize-image-intensities [ 0.005,0.995 ] --initial-moving-transform [ /templateflow/tpl-MNI152NLin2009cAsym//tpl-MNI152NLin2009cAsym_res-01_desc-brain_T1w.nii.gz,/data/derivatives/fsl/fast/sub-s030/ses-open/anat/BrainExtractionBrain_seg.nii.gz,1 ] --transform Rigid[ 0.1 ] --metric MI[ /templateflow/tpl-MNI152NLin2009cAsym//tpl-MNI152NLin2009cAsym_res-01_desc-brain_T1w.nii.gz,/data/derivatives/fsl/fast/sub-s030/ses-open/anat/BrainExtractionBrain_seg.nii.gz,1,32,Regular,0.25 ] --convergence [ 1000x500x250x100,1e-6,10 ] --shrink-factors 8x4x2x1 --smoothing-sigmas 3x2x1x0vox --transform Affine[ 0.1 ] --metric MI[ /templateflow/tpl-MNI152NLin2009cAsym//tpl-MNI152NLin2009cAsym_res-01_desc-brain_T1w.nii.gz,/data/derivatives/fsl/fast/sub-s030/ses-open/anat/BrainExtractionBrain_seg.nii.gz,1,32,Regular,0.25 ] --convergence [ 1000x500x250x100,1e-6,10 ] --shrink-factors 8x4x2x1 --smoothing-sigmas 3x2x1x0vox --transform SyN[ 0.1,3,0 ] --metric CC[ /templateflow/tpl-MNI152NLin2009cAsym//tpl-MNI152NLin2009cAsym_res-01_desc-brain_T1w.nii.gz,/data/derivatives/fsl/fast/sub-s030/ses-open/anat/BrainExtractionBrain_seg.nii.gz,1,4 ] --convergence [ 100x70x50x20,1e-6,10 ] --shrink-factors 8x4x2x1 --smoothing-sigmas 3x2x1x0vox
--------------------------------------------------------------------------------------
Moving image resampled into fixed space: /data/derivatives/ants/registrationSyN-fp/sub-s030/ses-open/anat/Warped.nii.gz
Fixed image resampled into moving space: /data/derivatives/ants/registrationSyN-fp/sub-s030/ses-open/anat/InverseWarped.nii.gz
--------------------------------------------------------------------------------------
Elapsed Time: 551.535s
    SP GFLOPS: 3.143
    DP GFLOPS: 11.689
    x87 GFLOPS: 0.000
    CPI Rate: 0.540
    Average CPU Frequency: 2.771 GHz
    Total Thread Count: 77
Effective Physical Core Utilization: 81.4% (26.061 out of 32)
    Effective Logical Core Utilization: 42.5% (27.176 out of 64)
     | The metric value is low, which may signal a poor utilization of logical
     | CPU cores while the utilization of physical cores is acceptable. Consider
     | using logical cores, which in some cases can improve processor throughput
     | and overall performance of multi-threaded applications.
     |
Memory Bound: 18.8% of Pipeline Slots
    Cache Bound: 11.5% of Clockticks
    DRAM Bound: 0.1% of Clockticks
        DRAM Bandwidth Bound: 0.0% of Elapsed Time
    NUMA: % of Remote Accesses: 33.3%

    Bandwidth Utilization
    Bandwidth Domain             Platform Maximum  Observed Maximum  Average  % of Elapsed Time with High BW Utilization(%)
    ---------------------------  ----------------  ----------------  -------  ---------------------------------------------
    DRAM, GB/sec                 214                         70.100    1.474                                           0.0%
    DRAM Single-Package, GB/sec  107                         69.300    1.138                                           0.0%
Vectorization: 0.0% of Packed FP Operations
 | This code has floating point operations and is not vectorized. Consider
 | either recompiling the code with optimization options that allow
 | vectorization or using Intel Advisor to vectorize the loops.
 |
    Instruction Mix
        SP FLOPs: 2.8% of uOps
            Packed: 0.0% from SP FP
                128-bit: 0.0% from SP FP
                256-bit: 0.0% from SP FP
                512-bit: 0.0% from SP FP
            Scalar: 100.0% from SP FP
             | This code has floating point operations and is not vectorized.
             | Consider either recompiling the code with optimization options
             | that allow vectorization or using Intel Advisor to vectorize the
             | loops.
             |
        DP FLOPs: 10.3% of uOps
            Packed: 0.0% from DP FP
                128-bit: 0.0% from DP FP
                256-bit: 0.0% from DP FP
                512-bit: 0.0% from DP FP
            Scalar: 100.0% from DP FP
             | This code has floating point operations and is not vectorized.
             | Consider either recompiling the code with optimization options
             | that allow vectorization or using Intel Advisor to vectorize the
             | loops.
             |
        x87 FLOPs: 0.0% of uOps
        Non-FP: 87.0% of uOps
    FP Arith/Mem Rd Instr. Ratio: 0.492
     | The metric value is low. This can be a result of unaligned access to data
     | for vector operations. Use Intel Advisor to find possible data access
     | inefficiencies for vector operations.
     |
    FP Arith/Mem Wr Instr. Ratio: 1.031
Collection and Platform Info
    Application Command Line: bash "tmp-scripts/pnBCSnxkLcAqRytN93hbCWMzbzfdsrWd.sh" 
    Operating System: 4.18.0-477.10.1.el8_lustre.x86_64 DISTRIB_ID=Ubuntu DISTRIB_RELEASE=20.04 DISTRIB_CODENAME=focal DISTRIB_DESCRIPTION="Ubuntu 20.04.5 LTS"
    Computer Name: comp04
    Result Size: 5.1 GB 
    Collection start time: 09:09:12 26/11/2023 UTC
    Collection stop time: 09:18:24 26/11/2023 UTC
    Collector Type: Driverless Perf per-process sampling
    CPU
        Name: Intel(R) Xeon(R) Processor code named Skylake
        Frequency: 2.095 GHz
        Logical CPU Count: 64
        Max DRAM Single-Package Bandwidth: 107.000 GB/s
        LLC size: 23.1 MB 

If you want to skip descriptions of detected performance issues in the report,
enter: vtune -report summary -report-knob show-issues=false -r <my_result_dir>.
Alternatively, you may view the report in the csv format: vtune -report
<report_name> -format=csv.
