---------------------
Profiling information

Pipeline: ants registrationSyN-fp
NTHREAD: 32

DATASET: ds004513
SUBJECT_ID: s028

SIF_IMG: /mnt/lustre/mathdugre/containers/ants-debug.simg
DATA_DIR: /mnt/lustre/mathdugre/mri-bottleneck/datasets/ds004513

PROJECT_DIR: /mnt/lustre/mathdugre/mri-bottleneck
PROFILING_DIR: /mnt/lustre/mathdugre/mri-bottleneck/vtune_output/32-threads/ants/registrationSyN-fp/ds004513/sub-s028/BimzIi6gB1g5JRnbBqEKlGYRPnpWPubb
---------------------

Command to profile: bash tmp-scripts/BimzIi6gB1g5JRnbBqEKlGYRPnpWPubb.sh

--------------------------------------------------------------------------------------
 Mapping parameters
--------------------------------------------------------------------------------------
 ANTSPATH is /opt/ants/bin

 Dimensionality:           3
 Output name prefix:       /data/derivatives/ants/registrationSyN-fp/sub-s028/ses-open/anat/
 Fixed images:             /templateflow/tpl-MNI152NLin2009cAsym//tpl-MNI152NLin2009cAsym_res-01_desc-brain_T1w.nii.gz
 Moving images:            /data/derivatives/fsl/fast/sub-s028/ses-open/anat/BrainExtractionBrain_seg.nii.gz
 Mask images:              
 Initial transforms:       
 Number of threads:        32
 Spline distance:          26
 SyN gradient step:        0.1
 Transform type:           s
 CC radius:                4
 Precision:                f
 Use histogram matching    0
 Repro                     0
======================================================================================
 antsRegistration call:
--------------------------------------------------------------------------------------
/opt/ants/bin/antsRegistration --verbose 1 --dimensionality 3 --float 1 --collapse-output-transforms 1 --output [ /data/derivatives/ants/registrationSyN-fp/sub-s028/ses-open/anat/,/data/derivatives/ants/registrationSyN-fp/sub-s028/ses-open/anat/Warped.nii.gz,/data/derivatives/ants/registrationSyN-fp/sub-s028/ses-open/anat/InverseWarped.nii.gz ] --interpolation Linear --use-histogram-matching 0 --winsorize-image-intensities [ 0.005,0.995 ] --initial-moving-transform [ /templateflow/tpl-MNI152NLin2009cAsym//tpl-MNI152NLin2009cAsym_res-01_desc-brain_T1w.nii.gz,/data/derivatives/fsl/fast/sub-s028/ses-open/anat/BrainExtractionBrain_seg.nii.gz,1 ] --transform Rigid[ 0.1 ] --metric MI[ /templateflow/tpl-MNI152NLin2009cAsym//tpl-MNI152NLin2009cAsym_res-01_desc-brain_T1w.nii.gz,/data/derivatives/fsl/fast/sub-s028/ses-open/anat/BrainExtractionBrain_seg.nii.gz,1,32,Regular,0.25 ] --convergence [ 1000x500x250x100,1e-6,10 ] --shrink-factors 8x4x2x1 --smoothing-sigmas 3x2x1x0vox --transform Affine[ 0.1 ] --metric MI[ /templateflow/tpl-MNI152NLin2009cAsym//tpl-MNI152NLin2009cAsym_res-01_desc-brain_T1w.nii.gz,/data/derivatives/fsl/fast/sub-s028/ses-open/anat/BrainExtractionBrain_seg.nii.gz,1,32,Regular,0.25 ] --convergence [ 1000x500x250x100,1e-6,10 ] --shrink-factors 8x4x2x1 --smoothing-sigmas 3x2x1x0vox --transform SyN[ 0.1,3,0 ] --metric CC[ /templateflow/tpl-MNI152NLin2009cAsym//tpl-MNI152NLin2009cAsym_res-01_desc-brain_T1w.nii.gz,/data/derivatives/fsl/fast/sub-s028/ses-open/anat/BrainExtractionBrain_seg.nii.gz,1,4 ] --convergence [ 100x70x50x20,1e-6,10 ] --shrink-factors 8x4x2x1 --smoothing-sigmas 3x2x1x0vox
--------------------------------------------------------------------------------------
All_Command_lines_OK
Using single precision for computations.
=============================================================================
The composite transform comprises the following transforms (in order): 
  1. Center of mass alignment using fixed image: /templateflow/tpl-MNI152NLin2009cAsym//tpl-MNI152NLin2009cAsym_res-01_desc-brain_T1w.nii.gz and moving image: /data/derivatives/fsl/fast/sub-s028/ses-open/anat/BrainExtractionBrain_seg.nii.gz (type = Euler3DTransform)
=============================================================================
  number of levels = 4
  number of levels = 4
  number of levels = 4
  fixed image: /templateflow/tpl-MNI152NLin2009cAsym//tpl-MNI152NLin2009cAsym_res-01_desc-brain_T1w.nii.gz
  moving image: /data/derivatives/fsl/fast/sub-s028/ses-open/anat/BrainExtractionBrain_seg.nii.gz
  fixed image: /templateflow/tpl-MNI152NLin2009cAsym//tpl-MNI152NLin2009cAsym_res-01_desc-brain_T1w.nii.gz
  moving image: /data/derivatives/fsl/fast/sub-s028/ses-open/anat/BrainExtractionBrain_seg.nii.gz
  fixed image: /templateflow/tpl-MNI152NLin2009cAsym//tpl-MNI152NLin2009cAsym_res-01_desc-brain_T1w.nii.gz
  moving image: /data/derivatives/fsl/fast/sub-s028/ses-open/anat/BrainExtractionBrain_seg.nii.gz
Dimension = 3
Number of stages = 3
Use histogram matching = false
Winsorize image intensities = true
  Lower quantile = 0.005
  Upper quantile = 0.995


Stage 1 State
   Image metric = Mattes
     Fixed image = Image (0x55621065b2b0)
  RTTI typeinfo:   itk::Image<float, 3u>
  Reference Count: 2
  Modified Time: 1717
  Debug: Off
  Object Name: 
  Observers: 
    none
  Source: (none)
  Source output name: (none)
  Release Data: Off
  Data Released: False
  Global Release Data: Off
  PipelineMTime: 0
  UpdateMTime: 1502
  RealTimeStamp: 0 seconds 
  LargestPossibleRegion: 
    Dimension: 3
    Index: [0, 0, 0]
    Size: [193, 229, 193]
  BufferedRegion: 
    Dimension: 3
    Index: [0, 0, 0]
    Size: [193, 229, 193]
  RequestedRegion: 
    Dimension: 3
    Index: [0, 0, 0]
    Size: [193, 229, 193]
  Spacing: [1, 1, 1]
  Origin: [96, 132, -78]
  Direction: 
-1 0 0
0 -1 0
0 0 1

  IndexToPointMatrix: 
-1 0 0
0 -1 0
0 0 1

  PointToIndexMatrix: 
-1 0 0
0 -1 0
0 0 1

  Inverse Direction: 
-1 0 0
0 -1 0
0 0 1

  PixelContainer: 
    ImportImageContainer (0x556210663e50)
      RTTI typeinfo:   itk::ImportImageContainer<unsigned long, float>
      Reference Count: 1
      Modified Time: 1499
      Debug: Off
      Object Name: 
      Observers: 
        none
      Pointer: 0x7f3bc5db6010
      Container manages memory: true
      Size: 8530021
      Capacity: 8530021

     Moving image = Image (0x55621065c630)
  RTTI typeinfo:   itk::Image<float, 3u>
  Reference Count: 2
  Modified Time: 1718
  Debug: Off
  Object Name: 
  Observers: 
    none
  Source: (none)
  Source output name: (none)
  Release Data: Off
  Data Released: False
  Global Release Data: Off
  PipelineMTime: 0
  UpdateMTime: 1715
  RealTimeStamp: 0 seconds 
  LargestPossibleRegion: 
    Dimension: 3
    Index: [0, 0, 0]
    Size: [160, 240, 256]
  BufferedRegion: 
    Dimension: 3
    Index: [0, 0, 0]
    Size: [160, 240, 256]
  RequestedRegion: 
    Dimension: 3
    Index: [0, 0, 0]
    Size: [160, 240, 256]
  Spacing: [1, 1, 1]
  Origin: [89.0741, 91.3517, -127]
  Direction: 
-0.99863 -0.052336 0
0.052336 -0.99863 0
0 0 1

  IndexToPointMatrix: 
-0.99863 -0.052336 0
0.052336 -0.99863 0
0 0 1

  PointToIndexMatrix: 
-0.99863 0.052336 0
-0.052336 -0.99863 0
0 0 1

  Inverse Direction: 
-0.99863 0.052336 0
-0.052336 -0.99863 0
0 0 1

  PixelContainer: 
    ImportImageContainer (0x556210660400)
      RTTI typeinfo:   itk::ImportImageContainer<unsigned long, float>
      Reference Count: 1
      Modified Time: 1712
      Debug: Off
      Object Name: 
      Observers: 
        none
      Pointer: 0x7f3bc3835010
      Container manages memory: true
      Size: 9830400
      Capacity: 9830400

     Weighting = 1
     Sampling strategy = regular
     Number of bins = 32
     Radius = 4
     Sampling percentage  = 0.25
   Transform = Rigid
     Gradient step = 0.1
     Update field sigma (voxel space) = 0
     Total field sigma (voxel space) = 0
     Update field time sigma = 0
     Total field time sigma  = 0
     Number of time indices = 0
     Number of time point samples = 0
Stage 2 State
   Image metric = Mattes
     Fixed image = Image (0x55621066bf10)
  RTTI typeinfo:   itk::Image<float, 3u>
  Reference Count: 2
  Modified Time: 2145
  Debug: Off
  Object Name: 
  Observers: 
    none
  Source: (none)
  Source output name: (none)
  Release Data: Off
  Data Released: False
  Global Release Data: Off
  PipelineMTime: 0
  UpdateMTime: 1930
  RealTimeStamp: 0 seconds 
  LargestPossibleRegion: 
    Dimension: 3
    Index: [0, 0, 0]
    Size: [193, 229, 193]
  BufferedRegion: 
    Dimension: 3
    Index: [0, 0, 0]
    Size: [193, 229, 193]
  RequestedRegion: 
    Dimension: 3
    Index: [0, 0, 0]
    Size: [193, 229, 193]
  Spacing: [1, 1, 1]
  Origin: [96, 132, -78]
  Direction: 
-1 0 0
0 -1 0
0 0 1

  IndexToPointMatrix: 
-1 0 0
0 -1 0
0 0 1

  PointToIndexMatrix: 
-1 0 0
0 -1 0
0 0 1

  Inverse Direction: 
-1 0 0
0 -1 0
0 0 1

  PixelContainer: 
    ImportImageContainer (0x5562106ba410)
      RTTI typeinfo:   itk::ImportImageContainer<unsigned long, float>
      Reference Count: 1
      Modified Time: 1927
      Debug: Off
      Object Name: 
      Observers: 
        none
      Pointer: 0x7f3bc17aa010
      Container manages memory: true
      Size: 8530021
      Capacity: 8530021

     Moving image = Image (0x5562106b70b0)
  RTTI typeinfo:   itk::Image<float, 3u>
  Reference Count: 2
  Modified Time: 2146
  Debug: Off
  Object Name: 
  Observers: 
    none
  Source: (none)
  Source output name: (none)
  Release Data: Off
  Data Released: False
  Global Release Data: Off
  PipelineMTime: 0
  UpdateMTime: 2143
  RealTimeStamp: 0 seconds 
  LargestPossibleRegion: 
    Dimension: 3
    Index: [0, 0, 0]
    Size: [160, 240, 256]
  BufferedRegion: 
    Dimension: 3
    Index: [0, 0, 0]
    Size: [160, 240, 256]
  RequestedRegion: 
    Dimension: 3
    Index: [0, 0, 0]
    Size: [160, 240, 256]
  Spacing: [1, 1, 1]
  Origin: [89.0741, 91.3517, -127]
  Direction: 
-0.99863 -0.052336 0
0.052336 -0.99863 0
0 0 1

  IndexToPointMatrix: 
-0.99863 -0.052336 0
0.052336 -0.99863 0
0 0 1

  PointToIndexMatrix: 
-0.99863 0.052336 0
-0.052336 -0.99863 0
0 0 1

  Inverse Direction: 
-0.99863 0.052336 0
-0.052336 -0.99863 0
0 0 1

  PixelContainer: 
    ImportImageContainer (0x5562106b8200)
      RTTI typeinfo:   itk::ImportImageContainer<unsigned long, float>
      Reference Count: 1
      Modified Time: 2140
      Debug: Off
      Object Name: 
      Observers: 
        none
      Pointer: 0x7f3bbf229010
      Container manages memory: true
      Size: 9830400
      Capacity: 9830400

     Weighting = 1
     Sampling strategy = regular
     Number of bins = 32
     Radius = 4
     Sampling percentage  = 0.25
   Transform = Affine
     Gradient step = 0.1
     Update field sigma (voxel space) = 0
     Total field sigma (voxel space) = 0
     Update field time sigma = 0
     Total field time sigma  = 0
     Number of time indices = 0
     Number of time point samples = 0
Stage 3 State
   Image metric = CC
     Fixed image = Image (0x55621066b060)
  RTTI typeinfo:   itk::Image<float, 3u>
  Reference Count: 2
  Modified Time: 2573
  Debug: Off
  Object Name: 
  Observers: 
    none
  Source: (none)
  Source output name: (none)
  Release Data: Off
  Data Released: False
  Global Release Data: Off
  PipelineMTime: 0
  UpdateMTime: 2358
  RealTimeStamp: 0 seconds 
  LargestPossibleRegion: 
    Dimension: 3
    Index: [0, 0, 0]
    Size: [193, 229, 193]
  BufferedRegion: 
    Dimension: 3
    Index: [0, 0, 0]
    Size: [193, 229, 193]
  RequestedRegion: 
    Dimension: 3
    Index: [0, 0, 0]
    Size: [193, 229, 193]
  Spacing: [1, 1, 1]
  Origin: [96, 132, -78]
  Direction: 
-1 0 0
0 -1 0
0 0 1

  IndexToPointMatrix: 
-1 0 0
0 -1 0
0 0 1

  PointToIndexMatrix: 
-1 0 0
0 -1 0
0 0 1

  Inverse Direction: 
-1 0 0
0 -1 0
0 0 1

  PixelContainer: 
    ImportImageContainer (0x55621066b780)
      RTTI typeinfo:   itk::ImportImageContainer<unsigned long, float>
      Reference Count: 1
      Modified Time: 2355
      Debug: Off
      Object Name: 
      Observers: 
        none
      Pointer: 0x7f3bbd19e010
      Container manages memory: true
      Size: 8530021
      Capacity: 8530021

     Moving image = Image (0x5562106c0180)
  RTTI typeinfo:   itk::Image<float, 3u>
  Reference Count: 2
  Modified Time: 2574
  Debug: Off
  Object Name: 
  Observers: 
    none
  Source: (none)
  Source output name: (none)
  Release Data: Off
  Data Released: False
  Global Release Data: Off
  PipelineMTime: 0
  UpdateMTime: 2571
  RealTimeStamp: 0 seconds 
  LargestPossibleRegion: 
    Dimension: 3
    Index: [0, 0, 0]
    Size: [160, 240, 256]
  BufferedRegion: 
    Dimension: 3
    Index: [0, 0, 0]
    Size: [160, 240, 256]
  RequestedRegion: 
    Dimension: 3
    Index: [0, 0, 0]
    Size: [160, 240, 256]
  Spacing: [1, 1, 1]
  Origin: [89.0741, 91.3517, -127]
  Direction: 
-0.99863 -0.052336 0
0.052336 -0.99863 0
0 0 1

  IndexToPointMatrix: 
-0.99863 -0.052336 0
0.052336 -0.99863 0
0 0 1

  PointToIndexMatrix: 
-0.99863 0.052336 0
-0.052336 -0.99863 0
0 0 1

  Inverse Direction: 
-0.99863 0.052336 0
-0.052336 -0.99863 0
0 0 1

  PixelContainer: 
    ImportImageContainer (0x5562106bcac0)
      RTTI typeinfo:   itk::ImportImageContainer<unsigned long, float>
      Reference Count: 1
      Modified Time: 2568
      Debug: Off
      Object Name: 
      Observers: 
        none
      Pointer: 0x7f3bbac1d010
      Container manages memory: true
      Size: 9830400
      Capacity: 9830400

     Weighting = 1
     Sampling strategy = none
     Number of bins = 32
     Radius = 4
     Sampling percentage  = 1
   Transform = SyN
     Gradient step = 0.1
     Update field sigma (voxel space) = 3
     Total field sigma (voxel space) = 0
     Update field time sigma = 0
     Total field time sigma  = 0
     Number of time indices = 0
     Number of time point samples = 0
Registration using 3 total stages.

Stage 0
  iterations = 1000x500x250x100
  convergence threshold = 1e-06
  convergence window size = 10
  number of levels = 4
  using the Mattes MI metric (number of bins = 32, weight = 1, use gradient filter = 0)
  preprocessing:  winsorizing the image intensities
  Shrink factors (level 1 out of 4): [8, 8, 8]
  Shrink factors (level 2 out of 4): [4, 4, 4]
  Shrink factors (level 3 out of 4): [2, 2, 2]
  Shrink factors (level 4 out of 4): [1, 1, 1]
  smoothing sigmas per level: [3, 2, 1, 0]
  regular sampling (percentage = 0.25)

*** Running Euler3DTransform registration ***

DIAGNOSTIC,Iteration,metricValue,convergenceValue,ITERATION_TIME_INDEX,SINCE_LAST
 2DIAGNOSTIC,     1, -6.003196835518e-01, inf, 1.3457e-01, 1.3457e-01, 
 2DIAGNOSTIC,     2, -6.020718216896e-01, inf, 1.4027e-01, 5.6989e-03, 
 2DIAGNOSTIC,     3, -6.039590239525e-01, inf, 1.4619e-01, 5.9199e-03, 
 2DIAGNOSTIC,     4, -6.062594056129e-01, inf, 1.5187e-01, 5.6810e-03, 
 2DIAGNOSTIC,     5, -6.103486418724e-01, inf, 1.5731e-01, 5.4371e-03, 
 2DIAGNOSTIC,     6, -6.238358020782e-01, inf, 1.6314e-01, 5.8291e-03, 
 2DIAGNOSTIC,     7, -6.303144693375e-01, inf, 1.6967e-01, 6.5379e-03, 
 2DIAGNOSTIC,     8, -6.382523179054e-01, inf, 1.7707e-01, 7.3972e-03, 
 2DIAGNOSTIC,     9, -6.392542719841e-01, inf, 1.8269e-01, 5.6200e-03, 
 2DIAGNOSTIC,    10, -6.438484787941e-01, 5.209576338530e-03, 2.0112e-01, 1.8429e-02, 
 2DIAGNOSTIC,    11, -6.493541598320e-01, 4.958128090948e-03, 2.1079e-01, 9.6729e-03, 
 2DIAGNOSTIC,    12, -6.517502665520e-01, 4.454435780644e-03, 2.2161e-01, 1.0820e-02, 
 2DIAGNOSTIC,    13, -6.525397896767e-01, 3.727605100721e-03, 2.2786e-01, 6.2490e-03, 
 2DIAGNOSTIC,    14, -6.559389233589e-01, 2.959882840514e-03, 2.3626e-01, 8.4021e-03, 
 2DIAGNOSTIC,    15, -6.591573953629e-01, 2.238125074655e-03, 2.4414e-01, 7.8750e-03, 
 2DIAGNOSTIC,    16, -6.595895290375e-01, 1.789959962480e-03, 2.5088e-01, 6.7458e-03, 
 2DIAGNOSTIC,    17, -6.607431173325e-01, 1.430125674233e-03, 2.5682e-01, 5.9400e-03, 
 2DIAGNOSTIC,    18, -6.682142019272e-01, 1.364461495541e-03, 2.6630e-01, 9.4779e-03, 
 2DIAGNOSTIC,    19, -6.699771881104e-01, 1.237899181433e-03, 2.7243e-01, 6.1300e-03, 
 2DIAGNOSTIC,    20, -6.734272241592e-01, 1.185549073853e-03, 2.7965e-01, 7.2210e-03, 
 2DIAGNOSTIC,    21, -6.751194596291e-01, 1.180467777885e-03, 2.8688e-01, 7.2229e-03, 
 2DIAGNOSTIC,    22, -6.786832213402e-01, 1.186345238239e-03, 2.9392e-01, 7.0438e-03, 
 2DIAGNOSTIC,    23, -6.860609054565e-01, 1.232879352756e-03, 3.0215e-01, 8.2340e-03, 
 2DIAGNOSTIC,    24, -6.931404471397e-01, 1.346262288280e-03, 3.0790e-01, 5.7499e-03, 
 2DIAGNOSTIC,    25, -6.962395310402e-01, 1.434357138351e-03, 3.1558e-01, 7.6811e-03, 
 2DIAGNOSTIC,    26, -6.977005600929e-01, 1.414949074388e-03, 3.2275e-01, 7.1609e-03, 
 2DIAGNOSTIC,    27, -6.981069445610e-01, 1.287466497160e-03, 3.2875e-01, 6.0072e-03, 
 2DIAGNOSTIC,    28, -6.984946131706e-01, 1.169172697701e-03, 3.3748e-01, 8.7321e-03, 
 2DIAGNOSTIC,    29, -6.987068653107e-01, 9.766055736691e-04, 3.4869e-01, 1.1206e-02, 
 2DIAGNOSTIC,    30, -6.997093558311e-01, 7.702963193879e-04, 3.5646e-01, 7.7660e-03, 
 2DIAGNOSTIC,    31, -7.011749148369e-01, 5.499963881448e-04, 3.6284e-01, 6.3860e-03, 
 2DIAGNOSTIC,    32, -7.023956179619e-01, 3.552061098162e-04, 3.6901e-01, 6.1631e-03, 
 2DIAGNOSTIC,    33, -7.027323842049e-01, 2.378976496402e-04, 3.7605e-01, 7.0400e-03, 
 2DIAGNOSTIC,    34, -7.028639316559e-01, 1.958628563443e-04, 3.8328e-01, 7.2300e-03, 
 2DIAGNOSTIC,    35, -7.028306126595e-01, 1.749779185047e-04, 3.9033e-01, 7.0570e-03, 
 2DIAGNOSTIC,    36, -7.027674317360e-01, 1.550567540107e-04, 4.0061e-01, 1.0274e-02, 
 2DIAGNOSTIC,    37, -7.027794718742e-01, 1.262681471417e-04, 4.0658e-01, 5.9781e-03, 
 2DIAGNOSTIC,    38, -7.027924656868e-01, 9.184379450744e-05, 4.1330e-01, 6.7141e-03, 
 2DIAGNOSTIC,    39, -7.028171420097e-01, 5.325139863999e-05, 4.1944e-01, 6.1390e-03, 
 2DIAGNOSTIC,    40, -7.028437256813e-01, 2.239935565740e-05, 4.2539e-01, 5.9512e-03, 
 2DIAGNOSTIC,    41, -7.027582526207e-01, 5.072158273833e-06, 4.3338e-01, 7.9949e-03, 
 2DIAGNOSTIC,    42, -7.029286026955e-01, 2.191859721279e-06, 4.4222e-01, 8.8382e-03, 
 2DIAGNOSTIC,    43, -7.027754187584e-01, 1.018103830575e-06, 4.4946e-01, 7.2329e-03, 
 2DIAGNOSTIC,    44, -7.027779817581e-01, 1.213197492689e-06, 4.5635e-01, 6.8922e-03, 
 2DIAGNOSTIC,    45, -7.027814388275e-01, 1.101494490285e-06, 4.6385e-01, 7.5030e-03, 
DIAGNOSTIC,Iteration,metricValue,convergenceValue,ITERATION_TIME_INDEX,SINCE_LAST
 2DIAGNOSTIC,     1, -5.870888233185e-01, inf, 5.9658e-01, 1.3273e-01, 
 2DIAGNOSTIC,     2, -5.875403881073e-01, inf, 6.1406e-01, 1.7475e-02, 
 2DIAGNOSTIC,     3, -5.881029963493e-01, inf, 6.3650e-01, 2.2445e-02, 
 2DIAGNOSTIC,     4, -5.884293913841e-01, inf, 6.4946e-01, 1.2962e-02, 
 2DIAGNOSTIC,     5, -5.888240337372e-01, inf, 6.6035e-01, 1.0883e-02, 
 2DIAGNOSTIC,     6, -5.892872214317e-01, inf, 6.7344e-01, 1.3091e-02, 
 2DIAGNOSTIC,     7, -5.892826914787e-01, inf, 6.8439e-01, 1.0950e-02, 
 2DIAGNOSTIC,     8, -5.892910361290e-01, inf, 6.9200e-01, 7.6120e-03, 
 2DIAGNOSTIC,     9, -5.892910957336e-01, inf, 7.0038e-01, 8.3821e-03, 
 2DIAGNOSTIC,    10, -5.892832279205e-01, 2.461797266733e-04, 7.0810e-01, 7.7162e-03, 
 2DIAGNOSTIC,    11, -5.892909169197e-01, 1.610620383872e-04, 7.1697e-01, 8.8692e-03, 
 2DIAGNOSTIC,    12, -5.892935395241e-01, 9.392121137353e-05, 7.2593e-01, 8.9638e-03, 
 2DIAGNOSTIC,    13, -5.892876386642e-01, 4.965042171534e-05, 7.3495e-01, 9.0191e-03, 
 2DIAGNOSTIC,    14, -5.893112421036e-01, 1.929958671099e-05, 7.4381e-01, 8.8630e-03, 
 2DIAGNOSTIC,    15, -5.893111824989e-01, 3.696455223690e-06, 7.5295e-01, 9.1431e-03, 
 2DIAGNOSTIC,    16, -5.893103480339e-01, 3.856504918076e-06, 7.6176e-01, 8.8091e-03, 
 2DIAGNOSTIC,    17, -5.893214941025e-01, 4.013362286059e-06, 7.7114e-01, 9.3789e-03, 
 2DIAGNOSTIC,    18, -5.893168449402e-01, 4.046040885441e-06, 7.8085e-01, 9.7110e-03, 
 2DIAGNOSTIC,    19, -5.893319249153e-01, 4.254787654645e-06, 7.9073e-01, 9.8729e-03, 
 2DIAGNOSTIC,    20, -5.893390774727e-01, 4.169390649622e-06, 7.9962e-01, 8.8952e-03, 
 2DIAGNOSTIC,    21, -5.893240571022e-01, 3.686123136504e-06, 8.0788e-01, 8.2550e-03, 
 2DIAGNOSTIC,    22, -5.893118381500e-01, 2.856662831618e-06, 8.1567e-01, 7.7941e-03, 
 2DIAGNOSTIC,    23, -5.893340706825e-01, 2.301094127688e-06, 8.2409e-01, 8.4178e-03, 
 2DIAGNOSTIC,    24, -5.894199013710e-01, 3.883372301061e-06, 8.3263e-01, 8.5440e-03, 
 2DIAGNOSTIC,    25, -5.894906520844e-01, 6.416292762879e-06, 8.4330e-01, 1.0668e-02, 
 2DIAGNOSTIC,    26, -5.895088911057e-01, 8.584477654949e-06, 8.5330e-01, 9.9950e-03, 
 2DIAGNOSTIC,    27, -5.894973278046e-01, 9.933058208844e-06, 8.6203e-01, 8.7299e-03, 
 2DIAGNOSTIC,    28, -5.895019769669e-01, 1.036748017214e-05, 8.7102e-01, 8.9960e-03, 
 2DIAGNOSTIC,    29, -5.894968509674e-01, 1.002654607873e-05, 8.7893e-01, 7.9072e-03, 
 2DIAGNOSTIC,    30, -5.894940495491e-01, 8.919207175495e-06, 8.8849e-01, 9.5651e-03, 
 2DIAGNOSTIC,    31, -5.895118117332e-01, 7.206785539893e-06, 8.9709e-01, 8.5940e-03, 
 2DIAGNOSTIC,    32, -5.895357131958e-01, 5.207551566855e-06, 9.0727e-01, 1.0182e-02, 
 2DIAGNOSTIC,    33, -5.895573496819e-01, 3.544306082404e-06, 9.1633e-01, 9.0611e-03, 
 2DIAGNOSTIC,    34, -5.895754098892e-01, 3.180210114806e-06, 9.2458e-01, 8.2500e-03, 
 2DIAGNOSTIC,    35, -5.895765423775e-01, 3.608161705415e-06, 9.3236e-01, 7.7810e-03, 
 2DIAGNOSTIC,    36, -5.895949602127e-01, 4.253037332091e-06, 9.4255e-01, 1.0186e-02, 
 2DIAGNOSTIC,    37, -5.896114706993e-01, 4.593721314450e-06, 9.5203e-01, 9.4771e-03, 
 2DIAGNOSTIC,    38, -5.896120071411e-01, 4.622249889508e-06, 9.6154e-01, 9.5150e-03, 
 2DIAGNOSTIC,    39, -5.895990729332e-01, 4.074887328898e-06, 9.7122e-01, 9.6841e-03, 
 2DIAGNOSTIC,    40, -5.896053910255e-01, 3.294014959465e-06, 9.7938e-01, 8.1599e-03, 
 2DIAGNOSTIC,    41, -5.896056294441e-01, 2.514789684938e-06, 9.8833e-01, 8.9459e-03, 
 2DIAGNOSTIC,    42, -5.896078944206e-01, 1.897127390293e-06, 1.0030e+00, 1.4640e-02, 
 2DIAGNOSTIC,    43, -5.896558165550e-01, 1.977464989977e-06, 1.0137e+00, 1.0680e-02, 
 2DIAGNOSTIC,    44, -5.896982550621e-01, 2.591465317892e-06, 1.0236e+00, 9.9649e-03, 
 2DIAGNOSTIC,    45, -5.897002816200e-01, 3.022864575541e-06, 1.0326e+00, 8.9850e-03, 
 2DIAGNOSTIC,    46, -5.897335410118e-01, 3.761171001315e-06, 1.0405e+00, 7.9470e-03, 
 2DIAGNOSTIC,    47, -5.897563099861e-01, 4.571893896355e-06, 1.0504e+00, 9.8550e-03, 
 2DIAGNOSTIC,    48, -5.897555351257e-01, 4.965942025592e-06, 1.0593e+00, 8.8849e-03, 
 2DIAGNOSTIC,    49, -5.897426605225e-01, 4.675577656599e-06, 1.0684e+00, 9.1250e-03, 
 2DIAGNOSTIC,    50, -5.897394418716e-01, 4.052515123476e-06, 1.0774e+00, 8.9910e-03, 
 2DIAGNOSTIC,    51, -5.897266268730e-01, 3.011911076101e-06, 1.0873e+00, 9.8729e-03, 
 2DIAGNOSTIC,    52, -5.897191166878e-01, 1.722355136735e-06, 1.0963e+00, 9.0530e-03, 
DIAGNOSTIC,Iteration,metricValue,convergenceValue,ITERATION_TIME_INDEX,SINCE_LAST
 2DIAGNOSTIC,     1, -5.133018493652e-01, inf, 1.4073e+00, 3.1100e-01, 
 2DIAGNOSTIC,     2, -5.136142969131e-01, inf, 1.4706e+00, 6.3296e-02, 
 2DIAGNOSTIC,     3, -5.139579772949e-01, inf, 1.5253e+00, 5.4722e-02, 
 2DIAGNOSTIC,     4, -5.143563747406e-01, inf, 1.5761e+00, 5.0763e-02, 
 2DIAGNOSTIC,     5, -5.147190093994e-01, inf, 1.6165e+00, 4.0397e-02, 
 2DIAGNOSTIC,     6, -5.151395201683e-01, inf, 1.6554e+00, 3.8938e-02, 
 2DIAGNOSTIC,     7, -5.157669186592e-01, inf, 1.7070e+00, 5.1542e-02, 
 2DIAGNOSTIC,     8, -5.162805914879e-01, inf, 1.7445e+00, 3.7525e-02, 
 2DIAGNOSTIC,     9, -5.166003704071e-01, inf, 1.7808e+00, 3.6267e-02, 
 2DIAGNOSTIC,    10, -5.187863111496e-01, 5.796927725896e-04, 1.8282e+00, 4.7468e-02, 
 2DIAGNOSTIC,    11, -5.193701982498e-01, 6.233335589059e-04, 1.8695e+00, 4.1246e-02, 
 2DIAGNOSTIC,    12, -5.194203853607e-01, 6.207716069184e-04, 1.9099e+00, 4.0402e-02, 
 2DIAGNOSTIC,    13, -5.196212530136e-01, 5.870902095921e-04, 1.9463e+00, 3.6405e-02, 
 2DIAGNOSTIC,    14, -5.198485255241e-01, 5.295030423440e-04, 1.9837e+00, 3.7418e-02, 
 2DIAGNOSTIC,    15, -5.199192166328e-01, 4.459616902750e-04, 2.0250e+00, 4.1272e-02, 
 2DIAGNOSTIC,    16, -5.200613737106e-01, 3.508522931952e-04, 2.0660e+00, 4.1042e-02, 
 2DIAGNOSTIC,    17, -5.202106237411e-01, 2.606905763969e-04, 2.1110e+00, 4.4983e-02, 
 2DIAGNOSTIC,    18, -5.204643607140e-01, 1.807583466871e-04, 2.1515e+00, 4.0457e-02, 
 2DIAGNOSTIC,    19, -5.204861164093e-01, 1.007646642393e-04, 2.1928e+00, 4.1322e-02, 
 2DIAGNOSTIC,    20, -5.205395221710e-01, 8.079731924227e-05, 2.2305e+00, 3.7670e-02, 
 2DIAGNOSTIC,    21, -5.207868218422e-01, 7.720365829300e-05, 2.2832e+00, 5.2714e-02, 
 2DIAGNOSTIC,    22, -5.208324193954e-01, 6.896499689901e-05, 2.3222e+00, 3.9040e-02, 
 2DIAGNOSTIC,    23, -5.209095478058e-01, 6.162574572954e-05, 2.3591e+00, 3.6885e-02, 
 2DIAGNOSTIC,    24, -5.210438370705e-01, 5.758654151578e-05, 2.4000e+00, 4.0877e-02, 
 2DIAGNOSTIC,    25, -5.213192105293e-01, 5.613163011731e-05, 2.4555e+00, 5.5542e-02, 
 2DIAGNOSTIC,    26, -5.213997960091e-01, 5.410823359853e-05, 2.4921e+00, 3.6619e-02, 
 2DIAGNOSTIC,    27, -5.214506387711e-01, 5.121751382831e-05, 2.5314e+00, 3.9224e-02, 
 2DIAGNOSTIC,    28, -5.215848088264e-01, 5.152648373041e-05, 2.5670e+00, 3.5623e-02, 
 2DIAGNOSTIC,    29, -5.217524170876e-01, 5.057093949290e-05, 2.6104e+00, 4.3440e-02, 
 2DIAGNOSTIC,    30, -5.221076011658e-01, 5.222305844654e-05, 2.6662e+00, 5.5770e-02, 
 2DIAGNOSTIC,    31, -5.221649408340e-01, 5.418922955869e-05, 2.7032e+00, 3.6959e-02, 
 2DIAGNOSTIC,    32, -5.223520398140e-01, 5.510662231245e-05, 2.7441e+00, 4.0907e-02, 
 2DIAGNOSTIC,    33, -5.225289463997e-01, 5.503100692295e-05, 2.7887e+00, 4.4676e-02, 
 2DIAGNOSTIC,    34, -5.225340127945e-01, 5.186823545955e-05, 2.8338e+00, 4.5042e-02, 
 2DIAGNOSTIC,    35, -5.225337147713e-01, 4.832939157495e-05, 2.8775e+00, 4.3675e-02, 
 2DIAGNOSTIC,    36, -5.225357413292e-01, 4.177868686384e-05, 2.9209e+00, 4.3482e-02, 
 2DIAGNOSTIC,    37, -5.225356221199e-01, 3.244239997002e-05, 2.9607e+00, 3.9726e-02, 
 2DIAGNOSTIC,    38, -5.225361585617e-01, 2.248505734315e-05, 3.0019e+00, 4.1286e-02, 
 2DIAGNOSTIC,    39, -5.225350856781e-01, 1.321331728832e-05, 3.0477e+00, 4.5800e-02, 
 2DIAGNOSTIC,    40, -5.225355029106e-01, 8.135010830301e-06, 3.0932e+00, 4.5491e-02, 
 2DIAGNOSTIC,    41, -5.225403308868e-01, 3.392131702640e-06, 3.1378e+00, 4.4558e-02, 
DIAGNOSTIC,Iteration,metricValue,convergenceValue,ITERATION_TIME_INDEX,SINCE_LAST
 2DIAGNOSTIC,     1, -4.772073924541e-01, inf, 3.8854e+00, 7.4764e-01, 
 2DIAGNOSTIC,     2, -4.773200750351e-01, inf, 4.1096e+00, 2.2415e-01, 
 2DIAGNOSTIC,     3, -4.774052202702e-01, inf, 4.3227e+00, 2.1306e-01, 
 2DIAGNOSTIC,     4, -4.774912893772e-01, inf, 4.6746e+00, 3.5195e-01, 
 2DIAGNOSTIC,     5, -4.774922430515e-01, inf, 4.9092e+00, 2.3461e-01, 
 2DIAGNOSTIC,     6, -4.774924218655e-01, inf, 5.1170e+00, 2.0775e-01, 
 2DIAGNOSTIC,     7, -4.774935841560e-01, inf, 5.3287e+00, 2.1170e-01, 
 2DIAGNOSTIC,     8, -4.775003492832e-01, inf, 5.5439e+00, 2.1527e-01, 
 2DIAGNOSTIC,     9, -4.775167107582e-01, inf, 5.7590e+00, 2.1501e-01, 
 2DIAGNOSTIC,    10, -4.775413572788e-01, 3.732830373337e-05, 5.9669e+00, 2.0793e-01, 
 2DIAGNOSTIC,    11, -4.775781631470e-01, 2.447459701216e-05, 6.2248e+00, 2.5789e-01, 
 2DIAGNOSTIC,    12, -4.775822758675e-01, 1.752661592036e-05, 6.4581e+00, 2.3336e-01, 
 2DIAGNOSTIC,    13, -4.776005744934e-01, 1.495372816862e-05, 6.7233e+00, 2.6518e-01, 
 2DIAGNOSTIC,    14, -4.776055514812e-01, 1.547179272166e-05, 6.9295e+00, 2.0616e-01, 
 2DIAGNOSTIC,    15, -4.776165485382e-01, 1.517600139778e-05, 7.1438e+00, 2.1436e-01, 
 2DIAGNOSTIC,    16, -4.776267707348e-01, 1.409317610523e-05, 7.4277e+00, 2.8390e-01, 
 2DIAGNOSTIC,    17, -4.776364862919e-01, 1.240598339791e-05, 7.6355e+00, 2.0773e-01, 
 2DIAGNOSTIC,    18, -4.776437878609e-01, 1.040188362822e-05, 7.8692e+00, 2.3371e-01, 
 2DIAGNOSTIC,    19, -4.776467978954e-01, 8.405620064877e-06, 8.1032e+00, 2.3399e-01, 
 2DIAGNOSTIC,    20, -4.776590764523e-01, 7.058853952913e-06, 8.3645e+00, 2.6130e-01, 
 2DIAGNOSTIC,    21, -4.776682257652e-01, 6.625962669204e-06, 8.5806e+00, 2.1613e-01, 
 2DIAGNOSTIC,    22, -4.776747822762e-01, 6.028174993844e-06, 8.7916e+00, 2.1103e-01, 
 2DIAGNOSTIC,    23, -4.776848554611e-01, 5.790623163193e-06, 8.9955e+00, 2.0383e-01, 
 2DIAGNOSTIC,    24, -4.777159988880e-01, 6.049974217603e-06, 9.2085e+00, 2.1304e-01, 
 2DIAGNOSTIC,    25, -4.777595400810e-01, 7.120031568775e-06, 9.4399e+00, 2.3145e-01, 
 2DIAGNOSTIC,    26, -4.777667522430e-01, 7.932297194202e-06, 9.6753e+00, 2.3532e-01, 
 2DIAGNOSTIC,    27, -4.778000712395e-01, 9.015732757689e-06, 9.9904e+00, 3.1516e-01, 
 2DIAGNOSTIC,    28, -4.778099954128e-01, 9.643166777096e-06, 1.0283e+01, 2.9293e-01, 
 2DIAGNOSTIC,    29, -4.778098165989e-01, 9.469169526710e-06, 1.0567e+01, 2.8404e-01, 
 2DIAGNOSTIC,    30, -4.778099358082e-01, 8.756553143030e-06, 1.0882e+01, 3.1484e-01, 
 2DIAGNOSTIC,    31, -4.778100550175e-01, 7.542958883278e-06, 1.1118e+01, 2.3568e-01, 
 2DIAGNOSTIC,    32, -4.778100252151e-01, 5.912213509873e-06, 1.1363e+01, 2.4480e-01, 
 2DIAGNOSTIC,    33, -4.778097569942e-01, 4.080986400368e-06, 1.1597e+01, 2.3423e-01, 
 2DIAGNOSTIC,    34, -4.778094589710e-01, 2.590197482277e-06, 1.1832e+01, 2.3478e-01, 
 2DIAGNOSTIC,    35, -4.778094589710e-01, 1.773805365701e-06, 1.2051e+01, 2.1974e-01, 
 2DIAGNOSTIC,    36, -4.778096079826e-01, 1.028196493280e-06, 1.2292e+01, 2.4061e-01, 
  Elapsed time (stage 0): 1.2516e+01


Stage 1
  iterations = 1000x500x250x100
  convergence threshold = 1.0000e-06
  convergence window size = 10
  number of levels = 4
  using the Mattes MI metric (number of bins = 32, weight = 1.0000e+00, use gradient filter = 0)
  preprocessing:  winsorizing the image intensities
  Shrink factors (level 1 out of 4): [8, 8, 8]
  Shrink factors (level 2 out of 4): [4, 4, 4]
  Shrink factors (level 3 out of 4): [2, 2, 2]
  Shrink factors (level 4 out of 4): [1, 1, 1]
  smoothing sigmas per level: [3, 2, 1, 0]
  regular sampling (percentage = 2.5000e-01)

*** Running AffineTransform registration ***

DIAGNOSTIC,Iteration,metricValue,convergenceValue,ITERATION_TIME_INDEX,SINCE_LAST
 2DIAGNOSTIC,     1, -7.175040841103e-01, inf, 1.1377e-01, 1.1377e-01, 
 2DIAGNOSTIC,     2, -7.197776436806e-01, inf, 1.1988e-01, 6.1109e-03, 
 2DIAGNOSTIC,     3, -7.236909270287e-01, inf, 1.2853e-01, 8.6429e-03, 
 2DIAGNOSTIC,     4, -7.302414178848e-01, inf, 1.3797e-01, 9.4411e-03, 
 2DIAGNOSTIC,     5, -7.414454221725e-01, inf, 1.4489e-01, 6.9170e-03, 
 2DIAGNOSTIC,     6, -7.568637132645e-01, inf, 1.5433e-01, 9.4469e-03, 
 2DIAGNOSTIC,     7, -7.917134165764e-01, inf, 1.6269e-01, 8.3621e-03, 
 2DIAGNOSTIC,     8, -8.078514933586e-01, inf, 1.7352e-01, 1.0829e-02, 
 2DIAGNOSTIC,     9, -8.124652504921e-01, inf, 1.8669e-01, 1.3169e-02, 
 2DIAGNOSTIC,    10, -8.129823207855e-01, 9.960904717445e-03, 1.9517e-01, 8.4820e-03, 
 2DIAGNOSTIC,    11, -8.139024376869e-01, 8.993491530418e-03, 2.0249e-01, 7.3171e-03, 
 2DIAGNOSTIC,    12, -8.149859309196e-01, 7.481426000595e-03, 2.0962e-01, 7.1290e-03, 
 2DIAGNOSTIC,    13, -8.155738711357e-01, 5.662401206791e-03, 2.1736e-01, 7.7429e-03, 
 2DIAGNOSTIC,    14, -8.163741230965e-01, 3.803900210187e-03, 2.2471e-01, 7.3490e-03, 
 2DIAGNOSTIC,    15, -8.170524239540e-01, 2.152964938432e-03, 2.3180e-01, 7.0870e-03, 
 2DIAGNOSTIC,    16, -8.179323077202e-01, 8.742102654651e-04, 2.4034e-01, 8.5359e-03, 
 2DIAGNOSTIC,    17, -8.180118799210e-01, 4.080584330950e-04, 2.5404e-01, 1.3701e-02, 
 2DIAGNOSTIC,    18, -8.181522488594e-01, 2.832486061379e-04, 2.6307e-01, 9.0332e-03, 
 2DIAGNOSTIC,    19, -8.180211186409e-01, 2.313336590305e-04, 2.7037e-01, 7.3040e-03, 
 2DIAGNOSTIC,    20, -8.180655837059e-01, 1.733521494316e-04, 2.7810e-01, 7.7229e-03, 
 2DIAGNOSTIC,    21, -8.183215260506e-01, 1.247504842468e-04, 2.8649e-01, 8.3890e-03, 
 2DIAGNOSTIC,    22, -8.185470700264e-01, 9.042168676388e-05, 2.9574e-01, 9.2559e-03, 
 2DIAGNOSTIC,    23, -8.185039162636e-01, 5.927449092269e-05, 3.0386e-01, 8.1148e-03, 
 2DIAGNOSTIC,    24, -8.184881210327e-01, 3.711835233844e-05, 3.1267e-01, 8.8110e-03, 
 2DIAGNOSTIC,    25, -8.184266090393e-01, 2.197386129410e-05, 3.2389e-01, 1.1220e-02, 
 2DIAGNOSTIC,    26, -8.182068467140e-01, 1.505383715994e-05, 3.3288e-01, 8.9929e-03, 
 2DIAGNOSTIC,    27, -8.181076645851e-01, 7.047639428492e-06, 3.4121e-01, 8.3320e-03, 
DIAGNOSTIC,Iteration,metricValue,convergenceValue,ITERATION_TIME_INDEX,SINCE_LAST
 2DIAGNOSTIC,     1, -6.530783772469e-01, inf, 4.9936e-01, 1.5815e-01, 
 2DIAGNOSTIC,     2, -6.537296772003e-01, inf, 5.1494e-01, 1.5574e-02, 
 2DIAGNOSTIC,     3, -6.545222401619e-01, inf, 5.2666e-01, 1.1724e-02, 
 2DIAGNOSTIC,     4, -6.552945971489e-01, inf, 5.3835e-01, 1.1687e-02, 
 2DIAGNOSTIC,     5, -6.559395194054e-01, inf, 5.5159e-01, 1.3245e-02, 
 2DIAGNOSTIC,     6, -6.565508842468e-01, inf, 5.6517e-01, 1.3575e-02, 
 2DIAGNOSTIC,     7, -6.574785113335e-01, inf, 5.9130e-01, 2.6137e-02, 
 2DIAGNOSTIC,     8, -6.574890017509e-01, inf, 6.0169e-01, 1.0389e-02, 
 2DIAGNOSTIC,     9, -6.574957370758e-01, inf, 6.1155e-01, 9.8531e-03, 
 2DIAGNOSTIC,    10, -6.575175523758e-01, 4.769063380081e-04, 6.2183e-01, 1.0285e-02, 
 2DIAGNOSTIC,    11, -6.575579047203e-01, 3.521011676639e-04, 6.3194e-01, 1.0105e-02, 
 2DIAGNOSTIC,    12, -6.575867533684e-01, 2.406018611509e-04, 6.4200e-01, 1.0062e-02, 
 2DIAGNOSTIC,    13, -6.576790809631e-01, 1.540156808915e-04, 6.5216e-01, 1.0162e-02, 
 2DIAGNOSTIC,    14, -6.577778458595e-01, 9.306526044384e-05, 6.6388e-01, 1.1718e-02, 
 2DIAGNOSTIC,    15, -6.579407453537e-01, 5.505383887794e-05, 6.7536e-01, 1.1485e-02, 
 2DIAGNOSTIC,    16, -6.582233309746e-01, 4.034336234326e-05, 6.8727e-01, 1.1911e-02, 
 2DIAGNOSTIC,    17, -6.585984230042e-01, 5.686267832061e-05, 6.9817e-01, 1.0892e-02, 
 2DIAGNOSTIC,    18, -6.588808894157e-01, 7.335918053286e-05, 7.0825e-01, 1.0084e-02, 
 2DIAGNOSTIC,    19, -6.590867638588e-01, 8.629229705548e-05, 7.1987e-01, 1.1621e-02, 
 2DIAGNOSTIC,    20, -6.593991518021e-01, 9.729499288369e-05, 7.3632e-01, 1.6445e-02, 
 2DIAGNOSTIC,    21, -6.594824194908e-01, 1.007388200378e-04, 7.5541e-01, 1.9095e-02, 
 2DIAGNOSTIC,    22, -6.594778299332e-01, 9.503335604677e-05, 7.6822e-01, 1.2811e-02, 
 2DIAGNOSTIC,    23, -6.594651341438e-01, 8.262460323749e-05, 7.8131e-01, 1.3086e-02, 
 2DIAGNOSTIC,    24, -6.594608426094e-01, 6.535500142490e-05, 7.9341e-01, 1.2105e-02, 
 2DIAGNOSTIC,    25, -6.594561338425e-01, 4.610043833964e-05, 8.0551e-01, 1.2094e-02, 
 2DIAGNOSTIC,    26, -6.594481468201e-01, 2.856900573533e-05, 8.1619e-01, 1.0687e-02, 
 2DIAGNOSTIC,    27, -6.594431996346e-01, 1.567874278408e-05, 8.2814e-01, 1.1942e-02, 
 2DIAGNOSTIC,    28, -6.594498753548e-01, 6.797464720876e-06, 8.3916e-01, 1.1026e-02, 
DIAGNOSTIC,Iteration,metricValue,convergenceValue,ITERATION_TIME_INDEX,SINCE_LAST
 2DIAGNOSTIC,     1, -5.709593892097e-01, inf, 1.0832e+00, 2.4406e-01, 
 2DIAGNOSTIC,     2, -5.713916420937e-01, inf, 1.1419e+00, 5.8678e-02, 
 2DIAGNOSTIC,     3, -5.719630718231e-01, inf, 1.1957e+00, 5.3853e-02, 
 2DIAGNOSTIC,     4, -5.727351903915e-01, inf, 1.2525e+00, 5.6737e-02, 
 2DIAGNOSTIC,     5, -5.735961794853e-01, inf, 1.3136e+00, 6.1139e-02, 
 2DIAGNOSTIC,     6, -5.742440819740e-01, inf, 1.3675e+00, 5.3874e-02, 
 2DIAGNOSTIC,     7, -5.747064948082e-01, inf, 1.4641e+00, 9.6570e-02, 
 2DIAGNOSTIC,     8, -5.747085213661e-01, inf, 1.5528e+00, 8.8711e-02, 
 2DIAGNOSTIC,     9, -5.747072696686e-01, inf, 1.6119e+00, 5.9105e-02, 
 2DIAGNOSTIC,    10, -5.747070908546e-01, 4.789982049260e-04, 1.6849e+00, 7.3049e-02, 
 2DIAGNOSTIC,    11, -5.747063159943e-01, 3.494471311569e-04, 1.7649e+00, 7.9920e-02, 
 2DIAGNOSTIC,    12, -5.747051835060e-01, 2.281283232151e-04, 1.8269e+00, 6.2011e-02, 
 2DIAGNOSTIC,    13, -5.747051835060e-01, 1.268166670343e-04, 1.8930e+00, 6.6161e-02, 
 2DIAGNOSTIC,    14, -5.747051835060e-01, 5.569619679591e-05, 1.9510e+00, 5.7945e-02, 
 2DIAGNOSTIC,    15, -5.747050642967e-01, 1.719394276734e-05, 2.0109e+00, 5.9933e-02, 
 2DIAGNOSTIC,    16, -5.747051239014e-01, 1.776405724740e-06, 2.0697e+00, 5.8809e-02, 
 2DIAGNOSTIC,    17, -5.747050642967e-01, 1.661570991018e-06, 2.1291e+00, 5.9353e-02, 
 2DIAGNOSTIC,    18, -5.747041702271e-01, 1.610976255506e-06, 2.1882e+00, 5.9170e-02, 
 2DIAGNOSTIC,    19, -5.747040510178e-01, 1.544770270812e-06, 2.2488e+00, 6.0552e-02, 
 2DIAGNOSTIC,    20, -5.747044682503e-01, 1.503361318100e-06, 2.3041e+00, 5.5323e-02, 
 2DIAGNOSTIC,    21, -5.747042894363e-01, 1.451805587749e-06, 2.3647e+00, 6.0590e-02, 
 2DIAGNOSTIC,    22, -5.747045278549e-01, 1.391090336256e-06, 2.4251e+00, 6.0363e-02, 
 2DIAGNOSTIC,    23, -5.747033953667e-01, 1.316839757237e-06, 2.4843e+00, 5.9224e-02, 
 2DIAGNOSTIC,    24, -5.747031569481e-01, 1.251012349712e-06, 2.5499e+00, 6.5647e-02, 
 2DIAGNOSTIC,    25, -5.747030377388e-01, 1.192329705191e-06, 2.6098e+00, 5.9860e-02, 
 2DIAGNOSTIC,    26, -5.747032761574e-01, 1.150939169747e-06, 2.6749e+00, 6.5086e-02, 
 2DIAGNOSTIC,    27, -5.747033953667e-01, 1.121005880123e-06, 2.7340e+00, 5.9103e-02, 
 2DIAGNOSTIC,    28, -5.747033953667e-01, 1.083284473680e-06, 2.7936e+00, 5.9641e-02, 
 2DIAGNOSTIC,    29, -5.747033953667e-01, 1.051271055985e-06, 2.8536e+00, 5.9937e-02, 
 2DIAGNOSTIC,    30, -5.747035145760e-01, 1.034532147060e-06, 2.9136e+00, 6.0012e-02, 
 2DIAGNOSTIC,    31, -5.747036337852e-01, 1.019933961288e-06, 2.9725e+00, 5.8901e-02, 
 2DIAGNOSTIC,    32, -5.747035741806e-01, 1.010026039694e-06, 3.0414e+00, 6.8900e-02, 
DIAGNOSTIC,Iteration,metricValue,convergenceValue,ITERATION_TIME_INDEX,SINCE_LAST
 2DIAGNOSTIC,     1, -5.158733129501e-01, inf, 3.9046e+00, 8.6326e-01, 
 2DIAGNOSTIC,     2, -5.162072181702e-01, inf, 4.2104e+00, 3.0575e-01, 
 2DIAGNOSTIC,     3, -5.164797306061e-01, inf, 4.5211e+00, 3.1072e-01, 
 2DIAGNOSTIC,     4, -5.167587399483e-01, inf, 4.8249e+00, 3.0378e-01, 
 2DIAGNOSTIC,     5, -5.170671343803e-01, inf, 5.1272e+00, 3.0236e-01, 
 2DIAGNOSTIC,     6, -5.173566341400e-01, inf, 5.5172e+00, 3.8993e-01, 
 2DIAGNOSTIC,     7, -5.173976421356e-01, inf, 5.8534e+00, 3.3624e-01, 
 2DIAGNOSTIC,     8, -5.174020528793e-01, inf, 6.1663e+00, 3.1293e-01, 
 2DIAGNOSTIC,     9, -5.174141526222e-01, inf, 6.7690e+00, 6.0263e-01, 
 2DIAGNOSTIC,    10, -5.174144506454e-01, 2.005146670854e-04, 7.1123e+00, 3.4335e-01, 
 2DIAGNOSTIC,    11, -5.174140334129e-01, 1.351677638013e-04, 7.4479e+00, 3.3561e-01, 
 2DIAGNOSTIC,    12, -5.174140930176e-01, 8.411370072281e-05, 7.8186e+00, 3.7068e-01, 
 2DIAGNOSTIC,    13, -5.174140334129e-01, 4.509195059654e-05, 8.2150e+00, 3.9639e-01, 
 2DIAGNOSTIC,    14, -5.174139142036e-01, 1.853203502833e-05, 8.5498e+00, 3.3482e-01, 
 2DIAGNOSTIC,    15, -5.174139738083e-01, 5.048573711974e-06, 8.8843e+00, 3.3451e-01, 
 2DIAGNOSTIC,    16, -5.174139738083e-01, 2.895855004681e-06, 9.2210e+00, 3.3665e-01, 
 2DIAGNOSTIC,    17, -5.174138545990e-01, 2.235728743472e-06, 9.5634e+00, 3.4241e-01, 
 2DIAGNOSTIC,    18, -5.174139738083e-01, 1.743188931869e-06, 9.9043e+00, 3.4092e-01, 
 2DIAGNOSTIC,    19, -5.174137949944e-01, 1.649186401664e-06, 1.0241e+01, 3.3661e-01, 
 2DIAGNOSTIC,    20, -5.174137949944e-01, 1.575610781401e-06, 1.0579e+01, 3.3804e-01, 
 2DIAGNOSTIC,    21, -5.174137949944e-01, 1.499468112343e-06, 1.0915e+01, 3.3573e-01, 
 2DIAGNOSTIC,    22, -5.174137353897e-01, 1.431737359781e-06, 1.1248e+01, 3.3374e-01, 
 2DIAGNOSTIC,    23, -5.174136757851e-01, 1.368551124870e-06, 1.1590e+01, 3.4167e-01, 
 2DIAGNOSTIC,    24, -5.174137353897e-01, 1.310675543209e-06, 1.1929e+01, 3.3853e-01, 
 2DIAGNOSTIC,    25, -5.174136757851e-01, 1.258814791072e-06, 1.2251e+01, 3.2192e-01, 
 2DIAGNOSTIC,    26, -5.174137949944e-01, 1.214861867993e-06, 1.2638e+01, 3.8791e-01, 
 2DIAGNOSTIC,    27, -5.174136757851e-01, 1.170011728391e-06, 1.2973e+01, 3.3491e-01, 
 2DIAGNOSTIC,    28, -5.174137353897e-01, 1.132876718657e-06, 1.3306e+01, 3.3286e-01, 
 2DIAGNOSTIC,    29, -5.174137949944e-01, 1.096329924621e-06, 1.3672e+01, 3.6541e-01, 
 2DIAGNOSTIC,    30, -5.174137949944e-01, 1.062228079718e-06, 1.4010e+01, 3.3867e-01, 
 2DIAGNOSTIC,    31, -5.174137353897e-01, 1.029162831401e-06, 1.4344e+01, 3.3347e-01, 
  Elapsed time (stage 1): 1.4610e+01


Stage 2
  iterations = 100x70x50x20
  convergence threshold = 1.0000e-06
  convergence window size = 10
  number of levels = 4
  using the CC metric (radius = 4, weight = 1.0000e+00, use gradient filter = 0)
  preprocessing:  winsorizing the image intensities
  Shrink factors (level 1 out of 4): [8, 8, 8]
  Shrink factors (level 2 out of 4): [4, 4, 4]
  Shrink factors (level 3 out of 4): [2, 2, 2]
  Shrink factors (level 4 out of 4): [1, 1, 1]
  smoothing sigmas per level: [3, 2, 1, 0]
  Using default NONE metricSamplingStrategy 

*** Running SyN registration (varianceForUpdateField = 3.0000e+00, varianceForTotalField = 0.0000e+00) ***

XXDIAGNOSTIC,Iteration,metricValue,convergenceValue,ITERATION_TIME_INDEX,SINCE_LAST
 1DIAGNOSTIC,     1, -8.945940732956e-01, inf, 1.5292e-01, 1.5292e-01, 
 1DIAGNOSTIC,     2, -9.013630747795e-01, inf, 2.4819e-01, 9.5269e-02, 
 1DIAGNOSTIC,     3, -9.075796604156e-01, inf, 3.3078e-01, 8.2592e-02, 
 1DIAGNOSTIC,     4, -9.119222760201e-01, inf, 4.2007e-01, 8.9284e-02, 
 1DIAGNOSTIC,     5, -9.156999588013e-01, inf, 5.1345e-01, 9.3379e-02, 
 1DIAGNOSTIC,     6, -9.188593029976e-01, inf, 5.9502e-01, 8.1578e-02, 
 1DIAGNOSTIC,     7, -9.215142130852e-01, inf, 6.8855e-01, 9.3525e-02, 
 1DIAGNOSTIC,     8, -9.235785603523e-01, inf, 7.8284e-01, 9.4287e-02, 
 1DIAGNOSTIC,     9, -9.253444671631e-01, inf, 8.7349e-01, 9.0654e-02, 
 1DIAGNOSTIC,    10, -9.268621802330e-01, 2.161056501791e-03, 9.6898e-01, 9.5493e-02, 
 1DIAGNOSTIC,    11, -9.281751513481e-01, 1.616346067749e-03, 1.0582e+00, 8.9263e-02, 
 1DIAGNOSTIC,    12, -9.293181896210e-01, 1.220174948685e-03, 1.1509e+00, 9.2645e-02, 
 1DIAGNOSTIC,    13, -9.303164482117e-01, 9.459370630793e-04, 1.2487e+00, 9.7815e-02, 
 1DIAGNOSTIC,    14, -9.311919212341e-01, 7.395654101856e-04, 1.3489e+00, 1.0017e-01, 
 1DIAGNOSTIC,    15, -9.319638609886e-01, 5.863200640306e-04, 1.4360e+00, 8.7094e-02, 
 1DIAGNOSTIC,    16, -9.326454997063e-01, 4.720649158116e-04, 1.5271e+00, 9.1149e-02, 
 1DIAGNOSTIC,    17, -9.332486391068e-01, 3.866035840474e-04, 1.6220e+00, 9.4929e-02, 
 1DIAGNOSTIC,    18, -9.337835311890e-01, 3.191916330252e-04, 1.7182e+00, 9.6124e-02, 
 1DIAGNOSTIC,    19, -9.342609047890e-01, 2.654819691088e-04, 1.8140e+00, 9.5796e-02, 
 1DIAGNOSTIC,    20, -9.346869587898e-01, 2.222531475127e-04, 1.8994e+00, 8.5444e-02, 
 1DIAGNOSTIC,    21, -9.350692629814e-01, 1.871712738648e-04, 1.9942e+00, 9.4837e-02, 
 1DIAGNOSTIC,    22, -9.354118704796e-01, 1.584959536558e-04, 2.0994e+00, 1.0510e-01, 
 1DIAGNOSTIC,    23, -9.357213973999e-01, 1.349138328806e-04, 2.2065e+00, 1.0717e-01, 
 1DIAGNOSTIC,    24, -9.360010623932e-01, 1.154079363914e-04, 2.3010e+00, 9.4489e-02, 
 1DIAGNOSTIC,    25, -9.361947774887e-01, 9.847474575508e-05, 2.3885e+00, 8.7482e-02, 
 1DIAGNOSTIC,    26, -9.364246129990e-01, 8.436507050646e-05, 2.4868e+00, 9.8340e-02, 
 1DIAGNOSTIC,    27, -9.366346597672e-01, 7.260044367285e-05, 2.5847e+00, 9.7890e-02, 
 1DIAGNOSTIC,    28, -9.368265867233e-01, 6.280113302637e-05, 2.6842e+00, 9.9443e-02, 
 1DIAGNOSTIC,    29, -9.370023608208e-01, 5.468354356708e-05, 2.7854e+00, 1.0125e-01, 
 1DIAGNOSTIC,    30, -9.371609687805e-01, 4.795521454071e-05, 2.8887e+00, 1.0333e-01, 
 1DIAGNOSTIC,    31, -9.373087286949e-01, 4.240395719535e-05, 2.9817e+00, 9.2953e-02, 
 1DIAGNOSTIC,    32, -9.374448060989e-01, 3.779794496950e-05, 3.0779e+00, 9.6215e-02, 
 1DIAGNOSTIC,    33, -9.375715851784e-01, 3.397446926101e-05, 3.1702e+00, 9.2238e-02, 
 1DIAGNOSTIC,    34, -9.376897215843e-01, 3.079686939600e-05, 3.2674e+00, 9.7294e-02, 
 1DIAGNOSTIC,    35, -9.377995133400e-01, 2.758039954642e-05, 3.3560e+00, 8.8523e-02, 
 1DIAGNOSTIC,    36, -9.379018545151e-01, 2.479635259078e-05, 3.4398e+00, 8.3873e-02, 
 1DIAGNOSTIC,    37, -9.379977583885e-01, 2.238639171992e-05, 3.5405e+00, 1.0061e-01, 
 1DIAGNOSTIC,    38, -9.380873441696e-01, 2.029143070104e-05, 3.6376e+00, 9.7100e-02, 
 1DIAGNOSTIC,    39, -9.381712675095e-01, 1.846195300459e-05, 3.7425e+00, 1.0499e-01, 
 1DIAGNOSTIC,    40, -9.382503032684e-01, 1.683536720520e-05, 3.8415e+00, 9.8989e-02, 
 1DIAGNOSTIC,    41, -9.383238554001e-01, 1.538754258945e-05, 3.9524e+00, 1.1089e-01, 
 1DIAGNOSTIC,    42, -9.383894205093e-01, 1.406267620041e-05, 4.0514e+00, 9.9014e-02, 
 1DIAGNOSTIC,    43, -9.384539127350e-01, 1.287159830099e-05, 4.1398e+00, 8.8377e-02, 
 1DIAGNOSTIC,    44, -9.384589195251e-01, 1.141495977208e-05, 4.2315e+00, 9.1699e-02, 
 1DIAGNOSTIC,    45, -9.385163784027e-01, 1.013249220705e-05, 4.3245e+00, 9.2941e-02, 
 1DIAGNOSTIC,    46, -9.385710358620e-01, 9.029197826749e-06, 4.4145e+00, 9.0000e-02, 
 1DIAGNOSTIC,    47, -9.386100769043e-01, 8.034321581363e-06, 4.5125e+00, 9.8015e-02, 
 1DIAGNOSTIC,    48, -9.386590123177e-01, 7.250378075696e-06, 4.6204e+00, 1.0789e-01, 
 1DIAGNOSTIC,    49, -9.387052655220e-01, 6.672835752397e-06, 4.7231e+00, 1.0273e-01, 
 1DIAGNOSTIC,    50, -9.387490153313e-01, 6.281148216658e-06, 4.8125e+00, 8.9434e-02, 
 1DIAGNOSTIC,    51, -9.387907385826e-01, 6.040213520464e-06, 4.9060e+00, 9.3474e-02, 
 1DIAGNOSTIC,    52, -9.388304352760e-01, 5.896056336496e-06, 4.9948e+00, 8.8766e-02, 
 1DIAGNOSTIC,    53, -9.388680458069e-01, 5.840182438988e-06, 5.0953e+00, 1.0051e-01, 
 1DIAGNOSTIC,    54, -9.389033317566e-01, 5.503346528712e-06, 5.1949e+00, 9.9562e-02, 
 1DIAGNOSTIC,    55, -9.389369487762e-01, 5.204959961702e-06, 5.2959e+00, 1.0108e-01, 
 1DIAGNOSTIC,    56, -9.389680624008e-01, 4.936117875332e-06, 5.3912e+00, 9.5240e-02, 
 1DIAGNOSTIC,    57, -9.389978647232e-01, 4.620036634151e-06, 5.4828e+00, 9.1623e-02, 
 1DIAGNOSTIC,    58, -9.390260577202e-01, 4.324939709477e-06, 5.5858e+00, 1.0303e-01, 
 1DIAGNOSTIC,    59, -9.390530586243e-01, 4.050708412251e-06, 5.6750e+00, 8.9140e-02, 
 1DIAGNOSTIC,    60, -9.390785098076e-01, 3.795196562351e-06, 5.7670e+00, 9.2063e-02, 
 1DIAGNOSTIC,    61, -9.391025304794e-01, 3.558522848834e-06, 5.8683e+00, 1.0132e-01, 
 1DIAGNOSTIC,    62, -9.391252994537e-01, 3.340639750604e-06, 5.9639e+00, 9.5517e-02, 
 1DIAGNOSTIC,    63, -9.391471743584e-01, 3.141828074149e-06, 6.0634e+00, 9.9525e-02, 
 1DIAGNOSTIC,    64, -9.391681551933e-01, 2.959954827020e-06, 6.1581e+00, 9.4673e-02, 
 1DIAGNOSTIC,    65, -9.391878843307e-01, 2.793594831019e-06, 6.2501e+00, 9.2010e-02, 
 1DIAGNOSTIC,    66, -9.392068982124e-01, 2.639008016558e-06, 6.3591e+00, 1.0901e-01, 
 1DIAGNOSTIC,    67, -9.392246603966e-01, 2.494936097719e-06, 6.4499e+00, 9.0839e-02, 
 1DIAGNOSTIC,    68, -9.392415881157e-01, 2.360139433222e-06, 6.5453e+00, 9.5363e-02, 
 1DIAGNOSTIC,    69, -9.392572641373e-01, 2.232989800177e-06, 6.6439e+00, 9.8631e-02, 
 1DIAGNOSTIC,    70, -9.392724037170e-01, 2.113221626132e-06, 6.7591e+00, 1.1516e-01, 
 1DIAGNOSTIC,    71, -9.392870664597e-01, 2.000883114306e-06, 6.8608e+00, 1.0175e-01, 
 1DIAGNOSTIC,    72, -9.393013715744e-01, 1.896845333249e-06, 6.9469e+00, 8.6060e-02, 
 1DIAGNOSTIC,    73, -9.393151998520e-01, 1.802468318601e-06, 7.0483e+00, 1.0136e-01, 
 1DIAGNOSTIC,    74, -9.393284916878e-01, 1.718205680845e-06, 7.1321e+00, 8.3834e-02, 
 1DIAGNOSTIC,    75, -9.393411874771e-01, 1.641970470700e-06, 7.2340e+00, 1.0195e-01, 
 1DIAGNOSTIC,    76, -9.393535256386e-01, 1.574364205226e-06, 7.3281e+00, 9.4104e-02, 
 1DIAGNOSTIC,    77, -9.393653869629e-01, 1.512667381576e-06, 7.4218e+00, 9.3684e-02, 
 1DIAGNOSTIC,    78, -9.393773078918e-01, 1.457730490984e-06, 7.5242e+00, 1.0240e-01, 
 1DIAGNOSTIC,    79, -9.393882751465e-01, 1.404243107572e-06, 7.6177e+00, 9.3463e-02, 
 1DIAGNOSTIC,    80, -9.393989443779e-01, 1.352487515760e-06, 7.7120e+00, 9.4315e-02, 
 1DIAGNOSTIC,    81, -9.394096136093e-01, 1.303919361817e-06, 7.8009e+00, 8.8898e-02, 
 1DIAGNOSTIC,    82, -9.394195079803e-01, 1.257247618014e-06, 7.8966e+00, 9.5723e-02, 
 1DIAGNOSTIC,    83, -9.394291639328e-01, 1.212837332787e-06, 7.9929e+00, 9.6253e-02, 
 1DIAGNOSTIC,    84, -9.394385218620e-01, 1.170478981294e-06, 8.0816e+00, 8.8769e-02, 
 1DIAGNOSTIC,    85, -9.394475221634e-01, 1.129406541622e-06, 8.1688e+00, 8.7127e-02, 
 1DIAGNOSTIC,    86, -9.394563436508e-01, 1.090332034437e-06, 8.2700e+00, 1.0120e-01, 
 1DIAGNOSTIC,    87, -9.394645094872e-01, 1.051703293342e-06, 8.3739e+00, 1.0398e-01, 
 1DIAGNOSTIC,    88, -9.394726157188e-01, 1.016170244839e-06, 8.4702e+00, 9.6229e-02, 
 1DIAGNOSTIC,    89, -9.394801855087e-01, 9.807945389184e-07, 8.5760e+00, 1.0581e-01, 
XXDIAGNOSTIC,Iteration,metricValue,convergenceValue,ITERATION_TIME_INDEX,SINCE_LAST
 1DIAGNOSTIC,     1, -8.843028545380e-01, inf, 9.0540e+00, 4.7798e-01, 
 1DIAGNOSTIC,     2, -8.886001110077e-01, inf, 9.4968e+00, 4.4289e-01, 
 1DIAGNOSTIC,     3, -8.934053778648e-01, inf, 9.9168e+00, 4.1994e-01, 
 1DIAGNOSTIC,     4, -8.975583314896e-01, inf, 1.0322e+01, 4.0518e-01, 
 1DIAGNOSTIC,     5, -9.011017680168e-01, inf, 1.0723e+01, 4.0099e-01, 
 1DIAGNOSTIC,     6, -9.039937257767e-01, inf, 1.1133e+01, 4.0957e-01, 
 1DIAGNOSTIC,     7, -9.067137837410e-01, inf, 1.1551e+01, 4.1869e-01, 
 1DIAGNOSTIC,     8, -9.089195728302e-01, inf, 1.1961e+01, 4.0992e-01, 
 1DIAGNOSTIC,     9, -9.108293056488e-01, inf, 1.2358e+01, 3.9692e-01, 
 1DIAGNOSTIC,    10, -9.125009775162e-01, 1.999180298299e-03, 1.2764e+01, 4.0595e-01, 
 1DIAGNOSTIC,    11, -9.139896035194e-01, 1.592344953679e-03, 1.3166e+01, 4.0239e-01, 
 1DIAGNOSTIC,    12, -9.153320789337e-01, 1.257286523469e-03, 1.3614e+01, 4.4756e-01, 
 1DIAGNOSTIC,    13, -9.165529012680e-01, 1.005016500130e-03, 1.4040e+01, 4.2582e-01, 
 1DIAGNOSTIC,    14, -9.176940917969e-01, 8.155250689015e-04, 1.4440e+01, 4.0030e-01, 
 1DIAGNOSTIC,    15, -9.187224507332e-01, 6.719469674863e-04, 1.4853e+01, 4.1256e-01, 
 1DIAGNOSTIC,    16, -9.196653366089e-01, 5.592381930910e-04, 1.5283e+01, 4.3021e-01, 
 1DIAGNOSTIC,    17, -9.205141067505e-01, 4.736499395221e-04, 1.5707e+01, 4.2434e-01, 
 1DIAGNOSTIC,    18, -9.212995767593e-01, 4.054922319483e-04, 1.6122e+01, 4.1483e-01, 
 1DIAGNOSTIC,    19, -9.218465685844e-01, 3.470972005744e-04, 1.6537e+01, 4.1521e-01, 
 1DIAGNOSTIC,    20, -9.223569631577e-01, 2.962436119560e-04, 1.6943e+01, 4.0583e-01, 
 1DIAGNOSTIC,    21, -9.228297472000e-01, 2.516723761801e-04, 1.7357e+01, 4.1368e-01, 
 1DIAGNOSTIC,    22, -9.232671856880e-01, 2.127643820131e-04, 1.7781e+01, 4.2439e-01, 
 1DIAGNOSTIC,    23, -9.236726760864e-01, 1.792705879780e-04, 1.8194e+01, 4.1263e-01, 
 1DIAGNOSTIC,    24, -9.240525960922e-01, 1.514657342341e-04, 1.8616e+01, 4.2210e-01, 
 1DIAGNOSTIC,    25, -9.244068861008e-01, 1.288558269152e-04, 1.9035e+01, 4.1896e-01, 
 1DIAGNOSTIC,    26, -9.247376918793e-01, 1.110654993681e-04, 1.9453e+01, 4.1838e-01, 
 1DIAGNOSTIC,    27, -9.250465035439e-01, 9.740803943714e-05, 1.9858e+01, 4.0522e-01, 
 1DIAGNOSTIC,    28, -9.253271818161e-01, 8.738721226109e-05, 2.0268e+01, 4.0953e-01, 
 1DIAGNOSTIC,    29, -9.255921840668e-01, 7.852073031245e-05, 2.0679e+01, 4.1057e-01, 
 1DIAGNOSTIC,    30, -9.258424043655e-01, 7.071482832544e-05, 2.1092e+01, 4.1369e-01, 
 1DIAGNOSTIC,    31, -9.260796308517e-01, 6.385248707375e-05, 2.1497e+01, 4.0439e-01, 
 1DIAGNOSTIC,    32, -9.262975454330e-01, 5.775221143267e-05, 2.1925e+01, 4.2792e-01, 
 1DIAGNOSTIC,    33, -9.265061616898e-01, 5.235078788246e-05, 2.2344e+01, 4.1905e-01, 
 1DIAGNOSTIC,    34, -9.267023801804e-01, 4.758722570841e-05, 2.2763e+01, 4.1973e-01, 
 1DIAGNOSTIC,    35, -9.268718361855e-01, 4.324873225414e-05, 2.3174e+01, 4.1057e-01, 
 1DIAGNOSTIC,    36, -9.270505905151e-01, 3.946640208596e-05, 2.3582e+01, 4.0785e-01, 
 1DIAGNOSTIC,    37, -9.272124767303e-01, 3.611342253862e-05, 2.3992e+01, 4.1077e-01, 
 1DIAGNOSTIC,    38, -9.273630380630e-01, 3.305443897261e-05, 2.4387e+01, 3.9447e-01, 
 1DIAGNOSTIC,    39, -9.275139570236e-01, 3.034940164071e-05, 2.4792e+01, 4.0549e-01, 
 1DIAGNOSTIC,    40, -9.276583790779e-01, 2.798324385367e-05, 2.5212e+01, 4.1985e-01, 
 1DIAGNOSTIC,    41, -9.277971982956e-01, 2.594500256237e-05, 2.5633e+01, 4.2038e-01, 
 1DIAGNOSTIC,    42, -9.279286861420e-01, 2.414387563476e-05, 2.6055e+01, 4.2266e-01, 
 1DIAGNOSTIC,    43, -9.280545711517e-01, 2.257177038700e-05, 2.6465e+01, 4.0996e-01, 
 1DIAGNOSTIC,    44, -9.281722307205e-01, 2.116850555467e-05, 2.6866e+01, 4.0105e-01, 
 1DIAGNOSTIC,    45, -9.282831549644e-01, 1.977384090424e-05, 2.7269e+01, 4.0278e-01, 
 1DIAGNOSTIC,    46, -9.283943176270e-01, 1.854267065937e-05, 2.7690e+01, 4.2083e-01, 
 1DIAGNOSTIC,    47, -9.285000562668e-01, 1.739522122080e-05, 2.8097e+01, 4.0721e-01, 
 1DIAGNOSTIC,    48, -9.285998344421e-01, 1.628677637200e-05, 2.8511e+01, 4.1433e-01, 
 1DIAGNOSTIC,    49, -9.286986589432e-01, 1.528415850771e-05, 2.8935e+01, 4.2361e-01, 
 1DIAGNOSTIC,    50, -9.287962317467e-01, 1.439696097805e-05, 2.9343e+01, 4.0806e-01, 
 1DIAGNOSTIC,    51, -9.288878440857e-01, 1.360363785352e-05, 2.9746e+01, 4.0294e-01, 
 1DIAGNOSTIC,    52, -9.289790391922e-01, 1.290268119192e-05, 3.0156e+01, 4.1022e-01, 
 1DIAGNOSTIC,    53, -9.290654659271e-01, 1.227149914484e-05, 3.0564e+01, 4.0813e-01, 
 1DIAGNOSTIC,    54, -9.291477799416e-01, 1.167370191979e-05, 3.0982e+01, 4.1793e-01, 
 1DIAGNOSTIC,    55, -9.292271733284e-01, 1.108825563279e-05, 3.1398e+01, 4.1566e-01, 
 1DIAGNOSTIC,    56, -9.293034076691e-01, 1.053478627000e-05, 3.1821e+01, 4.2254e-01, 
 1DIAGNOSTIC,    57, -9.293773174286e-01, 1.000457905320e-05, 3.2218e+01, 3.9790e-01, 
 1DIAGNOSTIC,    58, -9.294487833977e-01, 9.484719157626e-06, 3.2635e+01, 4.1627e-01, 
 1DIAGNOSTIC,    59, -9.295162558556e-01, 8.982304279925e-06, 3.3053e+01, 4.1839e-01, 
 1DIAGNOSTIC,    60, -9.295821785927e-01, 8.515866284142e-06, 3.3460e+01, 4.0661e-01, 
 1DIAGNOSTIC,    61, -9.296449422836e-01, 8.067441740423e-06, 3.3861e+01, 4.0104e-01, 
 1DIAGNOSTIC,    62, -9.297052621841e-01, 7.652056410734e-06, 3.4268e+01, 4.0736e-01, 
 1DIAGNOSTIC,    63, -9.297612309456e-01, 7.251350325532e-06, 3.4693e+01, 4.2494e-01, 
 1DIAGNOSTIC,    64, -9.298156499863e-01, 6.864785973448e-06, 3.5096e+01, 4.0253e-01, 
 1DIAGNOSTIC,    65, -9.298683404922e-01, 6.496017704194e-06, 3.5513e+01, 4.1693e-01, 
 1DIAGNOSTIC,    66, -9.299232959747e-01, 6.165319973661e-06, 3.5902e+01, 3.8909e-01, 
 1DIAGNOSTIC,    67, -9.299737215042e-01, 5.861545560037e-06, 3.6307e+01, 4.0543e-01, 
 1DIAGNOSTIC,    68, -9.300285577774e-01, 5.613928351522e-06, 3.6705e+01, 3.9804e-01, 
 1DIAGNOSTIC,    69, -9.300755262375e-01, 5.381969913287e-06, 3.7121e+01, 4.1614e-01, 
 1DIAGNOSTIC,    70, -9.301214218140e-01, 5.168882125872e-06, 3.7521e+01, 3.9940e-01, 
XXDIAGNOSTIC,Iteration,metricValue,convergenceValue,ITERATION_TIME_INDEX,SINCE_LAST
 1DIAGNOSTIC,     1, -8.647132515907e-01, inf, 4.0275e+01, 2.7540e+00, 
 1DIAGNOSTIC,     2, -8.677161931992e-01, inf, 4.2832e+01, 2.5573e+00, 
 1DIAGNOSTIC,     3, -8.710052371025e-01, inf, 4.5342e+01, 2.5102e+00, 
 1DIAGNOSTIC,     4, -8.742061853409e-01, inf, 4.7871e+01, 2.5294e+00, 
 1DIAGNOSTIC,     5, -8.771847486496e-01, inf, 5.0391e+01, 2.5195e+00, 
 1DIAGNOSTIC,     6, -8.799898624420e-01, inf, 5.2990e+01, 2.5986e+00, 
 1DIAGNOSTIC,     7, -8.825737237930e-01, inf, 5.5431e+01, 2.4412e+00, 
 1DIAGNOSTIC,     8, -8.847973942757e-01, inf, 5.7879e+01, 2.4481e+00, 
 1DIAGNOSTIC,     9, -8.871232271194e-01, inf, 6.0368e+01, 2.4895e+00, 
 1DIAGNOSTIC,    10, -8.889484405518e-01, 1.791751827113e-03, 6.2844e+01, 2.4755e+00, 
 1DIAGNOSTIC,    11, -8.906282186508e-01, 1.520741614513e-03, 6.5334e+01, 2.4904e+00, 
 1DIAGNOSTIC,    12, -8.921881914139e-01, 1.280568540096e-03, 6.7871e+01, 2.5368e+00, 
 1DIAGNOSTIC,    13, -8.936537504196e-01, 1.078891335055e-03, 7.0361e+01, 2.4897e+00, 
 1DIAGNOSTIC,    14, -8.950464725494e-01, 9.129854734056e-04, 7.2793e+01, 2.4323e+00, 
 1DIAGNOSTIC,    15, -8.963550329208e-01, 7.771656964906e-04, 7.5305e+01, 2.5116e+00, 
 1DIAGNOSTIC,    16, -8.975886702538e-01, 6.677149212919e-04, 7.7755e+01, 2.4506e+00, 
 1DIAGNOSTIC,    17, -8.987674713135e-01, 5.803743260913e-04, 8.0269e+01, 2.5136e+00, 
 1DIAGNOSTIC,    18, -8.997335433960e-01, 5.054228822701e-04, 8.2749e+01, 2.4804e+00, 
 1DIAGNOSTIC,    19, -9.008399844170e-01, 4.491664003581e-04, 8.5193e+01, 2.4439e+00, 
 1DIAGNOSTIC,    20, -9.017462134361e-01, 4.001925117336e-04, 8.7670e+01, 2.4772e+00, 
 1DIAGNOSTIC,    21, -9.026025533676e-01, 3.570143016987e-04, 9.0138e+01, 2.4673e+00, 
 1DIAGNOSTIC,    22, -9.033952355385e-01, 3.184448287357e-04, 9.2548e+01, 2.4106e+00, 
 1DIAGNOSTIC,    23, -9.040978550911e-01, 2.833947364707e-04, 9.5040e+01, 2.4918e+00, 
 1DIAGNOSTIC,    24, -9.047340154648e-01, 2.515433880035e-04, 9.7587e+01, 2.5465e+00, 
 1DIAGNOSTIC,    25, -9.053156375885e-01, 2.226068900200e-04, 1.0023e+02, 2.6451e+00, 
 1DIAGNOSTIC,    26, -9.058516025543e-01, 1.965553674381e-04, 1.0276e+02, 2.5260e+00, 
 1DIAGNOSTIC,    27, -9.063563942909e-01, 1.737502898322e-04, 1.0536e+02, 2.6010e+00, 
 1DIAGNOSTIC,    28, -9.068257212639e-01, 1.524029939901e-04, 1.0793e+02, 2.5682e+00, 
 1DIAGNOSTIC,    29, -9.072639346123e-01, 1.350428356091e-04, 1.1044e+02, 2.5169e+00, 
 1DIAGNOSTIC,    30, -9.076784253120e-01, 1.200320766657e-04, 1.1290e+02, 2.4521e+00, 
 1DIAGNOSTIC,    31, -9.080727100372e-01, 1.074139217963e-04, 1.1545e+02, 2.5496e+00, 
 1DIAGNOSTIC,    32, -9.084520936012e-01, 9.701841918286e-05, 1.1809e+02, 2.6470e+00, 
 1DIAGNOSTIC,    33, -9.088201522827e-01, 8.833802712616e-05, 1.2066e+02, 2.5666e+00, 
 1DIAGNOSTIC,    34, -9.091797471046e-01, 8.107008761726e-05, 1.2309e+02, 2.4344e+00, 
 1DIAGNOSTIC,    35, -9.095392227173e-01, 7.504333916586e-05, 1.2565e+02, 2.5608e+00, 
 1DIAGNOSTIC,    36, -9.098880887032e-01, 7.000790355960e-05, 1.2821e+02, 2.5589e+00, 
 1DIAGNOSTIC,    37, -9.102390408516e-01, 6.591747660423e-05, 1.3075e+02, 2.5322e+00, 
 1DIAGNOSTIC,    38, -9.105883836746e-01, 6.259678775677e-05, 1.3325e+02, 2.5067e+00, 
 1DIAGNOSTIC,    39, -9.109392166138e-01, 5.989599958411e-05, 1.3577e+02, 2.5206e+00, 
 1DIAGNOSTIC,    40, -9.112741947174e-01, 5.755884558312e-05, 1.3825e+02, 2.4806e+00, 
 1DIAGNOSTIC,    41, -9.115966558456e-01, 5.538959885598e-05, 1.4075e+02, 2.4968e+00, 
 1DIAGNOSTIC,    42, -9.119079113007e-01, 5.325365782483e-05, 1.4332e+02, 2.5718e+00, 
 1DIAGNOSTIC,    43, -9.122031927109e-01, 5.102397699375e-05, 1.4590e+02, 2.5745e+00, 
 1DIAGNOSTIC,    44, -9.124852418900e-01, 4.864460424869e-05, 1.4853e+02, 2.6351e+00, 
 1DIAGNOSTIC,    45, -9.127625226974e-01, 4.621064726962e-05, 1.5115e+02, 2.6214e+00, 
 1DIAGNOSTIC,    46, -9.130298495293e-01, 4.371220347821e-05, 1.5369e+02, 2.5389e+00, 
 1DIAGNOSTIC,    47, -9.132882952690e-01, 4.125012492295e-05, 1.5623e+02, 2.5412e+00, 
 1DIAGNOSTIC,    48, -9.135398268700e-01, 3.891129381373e-05, 1.5874e+02, 2.5053e+00, 
 1DIAGNOSTIC,    49, -9.137824773788e-01, 3.678323264467e-05, 1.6131e+02, 2.5677e+00, 
 1DIAGNOSTIC,    50, -9.140217304230e-01, 3.485930938041e-05, 1.6377e+02, 2.4684e+00, 
XXDIAGNOSTIC,Iteration,metricValue,convergenceValue,ITERATION_TIME_INDEX,SINCE_LAST
 1DIAGNOSTIC,     1, -8.476139307022e-01, inf, 1.8336e+02, 1.9587e+01, 
 1DIAGNOSTIC,     2, -8.490939736366e-01, inf, 2.0273e+02, 1.9367e+01, 
 1DIAGNOSTIC,     3, -8.507020473480e-01, inf, 2.2163e+02, 1.8903e+01, 
 1DIAGNOSTIC,     4, -8.523042798042e-01, inf, 2.4027e+02, 1.8639e+01, 
 1DIAGNOSTIC,     5, -8.538458943367e-01, inf, 2.5875e+02, 1.8483e+01, 
 1DIAGNOSTIC,     6, -8.552564382553e-01, inf, 2.7727e+02, 1.8516e+01, 
 1DIAGNOSTIC,     7, -8.565459847450e-01, inf, 2.9576e+02, 1.8493e+01, 
 1DIAGNOSTIC,     8, -8.577410578728e-01, inf, 3.1429e+02, 1.8529e+01, 
 1DIAGNOSTIC,     9, -8.588751554489e-01, inf, 3.3288e+02, 1.8586e+01, 
 1DIAGNOSTIC,    10, -8.599538803101e-01, 9.361469419673e-04, 3.5146e+02, 1.8585e+01, 
 1DIAGNOSTIC,    11, -8.608713150024e-01, 8.040305692703e-04, 3.7052e+02, 1.9060e+01, 
 1DIAGNOSTIC,    12, -8.618353009224e-01, 6.891245720908e-04, 3.8917e+02, 1.8645e+01, 
 1DIAGNOSTIC,    13, -8.625597953796e-01, 5.887856241316e-04, 4.0777e+02, 1.8602e+01, 
 1DIAGNOSTIC,    14, -8.632540106773e-01, 5.034005735070e-04, 4.2658e+02, 1.8809e+01, 
 1DIAGNOSTIC,    15, -8.639379739761e-01, 4.323550965637e-04, 4.4526e+02, 1.8682e+01, 
 1DIAGNOSTIC,    16, -8.645796775818e-01, 3.727742296178e-04, 4.6408e+02, 1.8818e+01, 
 1DIAGNOSTIC,    17, -8.651782870293e-01, 3.224518732168e-04, 4.8281e+02, 1.8730e+01, 
 1DIAGNOSTIC,    18, -8.657246828079e-01, 2.798007044476e-04, 5.0166e+02, 1.8856e+01, 
 1DIAGNOSTIC,    19, -8.662144541740e-01, 2.438705414534e-04, 5.2032e+02, 1.8654e+01, 
 1DIAGNOSTIC,    20, -8.666642904282e-01, 2.140630967915e-04, 5.3897e+02, 1.8651e+01, 
  Elapsed time (stage 2): 539.3


Total elapsed time: 566.4
 Registration finished. The antsRegistration call was:
--------------------------------------------------------------------------------------
/opt/ants/bin/antsRegistration --verbose 1 --dimensionality 3 --float 1 --collapse-output-transforms 1 --output [ /data/derivatives/ants/registrationSyN-fp/sub-s028/ses-open/anat/,/data/derivatives/ants/registrationSyN-fp/sub-s028/ses-open/anat/Warped.nii.gz,/data/derivatives/ants/registrationSyN-fp/sub-s028/ses-open/anat/InverseWarped.nii.gz ] --interpolation Linear --use-histogram-matching 0 --winsorize-image-intensities [ 0.005,0.995 ] --initial-moving-transform [ /templateflow/tpl-MNI152NLin2009cAsym//tpl-MNI152NLin2009cAsym_res-01_desc-brain_T1w.nii.gz,/data/derivatives/fsl/fast/sub-s028/ses-open/anat/BrainExtractionBrain_seg.nii.gz,1 ] --transform Rigid[ 0.1 ] --metric MI[ /templateflow/tpl-MNI152NLin2009cAsym//tpl-MNI152NLin2009cAsym_res-01_desc-brain_T1w.nii.gz,/data/derivatives/fsl/fast/sub-s028/ses-open/anat/BrainExtractionBrain_seg.nii.gz,1,32,Regular,0.25 ] --convergence [ 1000x500x250x100,1e-6,10 ] --shrink-factors 8x4x2x1 --smoothing-sigmas 3x2x1x0vox --transform Affine[ 0.1 ] --metric MI[ /templateflow/tpl-MNI152NLin2009cAsym//tpl-MNI152NLin2009cAsym_res-01_desc-brain_T1w.nii.gz,/data/derivatives/fsl/fast/sub-s028/ses-open/anat/BrainExtractionBrain_seg.nii.gz,1,32,Regular,0.25 ] --convergence [ 1000x500x250x100,1e-6,10 ] --shrink-factors 8x4x2x1 --smoothing-sigmas 3x2x1x0vox --transform SyN[ 0.1,3,0 ] --metric CC[ /templateflow/tpl-MNI152NLin2009cAsym//tpl-MNI152NLin2009cAsym_res-01_desc-brain_T1w.nii.gz,/data/derivatives/fsl/fast/sub-s028/ses-open/anat/BrainExtractionBrain_seg.nii.gz,1,4 ] --convergence [ 100x70x50x20,1e-6,10 ] --shrink-factors 8x4x2x1 --smoothing-sigmas 3x2x1x0vox
--------------------------------------------------------------------------------------
Moving image resampled into fixed space: /data/derivatives/ants/registrationSyN-fp/sub-s028/ses-open/anat/Warped.nii.gz
Fixed image resampled into moving space: /data/derivatives/ants/registrationSyN-fp/sub-s028/ses-open/anat/InverseWarped.nii.gz
--------------------------------------------------------------------------------------
Elapsed Time: 570.328s
    SP GFLOPS: 3.064
    DP GFLOPS: 11.423
    x87 GFLOPS: 0.000
    CPI Rate: 0.547
    Average CPU Frequency: 2.768 GHz
    Total Thread Count: 77
Effective Physical Core Utilization: 80.1% (25.648 out of 32)
    Effective Logical Core Utilization: 42.0% (26.898 out of 64)
     | The metric value is low, which may signal a poor utilization of logical
     | CPU cores while the utilization of physical cores is acceptable. Consider
     | using logical cores, which in some cases can improve processor throughput
     | and overall performance of multi-threaded applications.
     |
Memory Bound: 19.3% of Pipeline Slots
    Cache Bound: 11.9% of Clockticks
    DRAM Bound: 0.1% of Clockticks
        DRAM Bandwidth Bound: 0.0% of Elapsed Time
    NUMA: % of Remote Accesses: 0.0%

    Bandwidth Utilization
    Bandwidth Domain             Platform Maximum  Observed Maximum  Average  % of Elapsed Time with High BW Utilization(%)
    ---------------------------  ----------------  ----------------  -------  ---------------------------------------------
    DRAM, GB/sec                 214                         74.500    1.436                                           0.0%
    DRAM Single-Package, GB/sec  107                         74.000    1.106                                           0.0%
Vectorization: 0.0% of Packed FP Operations
 | This code has floating point operations and is not vectorized. Consider
 | either recompiling the code with optimization options that allow
 | vectorization or using Intel Advisor to vectorize the loops.
 |
    Instruction Mix
        SP FLOPs: 2.8% of uOps
            Packed: 0.0% from SP FP
                128-bit: 0.0% from SP FP
                256-bit: 0.0% from SP FP
                512-bit: 0.0% from SP FP
            Scalar: 100.0% from SP FP
             | This code has floating point operations and is not vectorized.
             | Consider either recompiling the code with optimization options
             | that allow vectorization or using Intel Advisor to vectorize the
             | loops.
             |
        DP FLOPs: 10.3% of uOps
            Packed: 0.0% from DP FP
                128-bit: 0.0% from DP FP
                256-bit: 0.0% from DP FP
                512-bit: 0.0% from DP FP
            Scalar: 100.0% from DP FP
             | This code has floating point operations and is not vectorized.
             | Consider either recompiling the code with optimization options
             | that allow vectorization or using Intel Advisor to vectorize the
             | loops.
             |
        x87 FLOPs: 0.0% of uOps
        Non-FP: 87.0% of uOps
    FP Arith/Mem Rd Instr. Ratio: 0.491
     | The metric value is low. This can be a result of unaligned access to data
     | for vector operations. Use Intel Advisor to find possible data access
     | inefficiencies for vector operations.
     |
    FP Arith/Mem Wr Instr. Ratio: 1.030
Collection and Platform Info
    Application Command Line: bash "tmp-scripts/BimzIi6gB1g5JRnbBqEKlGYRPnpWPubb.sh" 
    Operating System: 4.18.0-477.10.1.el8_lustre.x86_64 DISTRIB_ID=Ubuntu DISTRIB_RELEASE=20.04 DISTRIB_CODENAME=focal DISTRIB_DESCRIPTION="Ubuntu 20.04.5 LTS"
    Computer Name: comp01
    Result Size: 5.2 GB 
    Collection start time: 08:36:37 26/11/2023 UTC
    Collection stop time: 08:46:08 26/11/2023 UTC
    Collector Type: Driverless Perf per-process sampling
    CPU
        Name: Intel(R) Xeon(R) Processor code named Skylake
        Frequency: 2.095 GHz
        Logical CPU Count: 64
        Max DRAM Single-Package Bandwidth: 107.000 GB/s
        LLC size: 23.1 MB 

If you want to skip descriptions of detected performance issues in the report,
enter: vtune -report summary -report-knob show-issues=false -r <my_result_dir>.
Alternatively, you may view the report in the csv format: vtune -report
<report_name> -format=csv.
