---------------------
Profiling information

Pipeline: ants registrationSyN-fp
NTHREAD: 32

DATASET: ds004513
SUBJECT_ID: s029

SIF_IMG: /mnt/lustre/mathdugre/containers/ants-debug.simg
DATA_DIR: /mnt/lustre/mathdugre/mri-bottleneck/datasets/ds004513

PROJECT_DIR: /mnt/lustre/mathdugre/mri-bottleneck
PROFILING_DIR: /mnt/lustre/mathdugre/mri-bottleneck/vtune_output/32-threads/ants/registrationSyN-fp/ds004513/sub-s029/j7e6tXcqexZO5czlxB0ISUSFtobcVVU2
---------------------

Command to profile: bash tmp-scripts/j7e6tXcqexZO5czlxB0ISUSFtobcVVU2.sh

--------------------------------------------------------------------------------------
 Mapping parameters
--------------------------------------------------------------------------------------
 ANTSPATH is /opt/ants/bin

 Dimensionality:           3
 Output name prefix:       /data/derivatives/ants/registrationSyN-fp/sub-s029/ses-open/anat/
 Fixed images:             /templateflow/tpl-MNI152NLin2009cAsym//tpl-MNI152NLin2009cAsym_res-01_desc-brain_T1w.nii.gz
 Moving images:            /data/derivatives/fsl/fast/sub-s029/ses-open/anat/BrainExtractionBrain_seg.nii.gz
 Mask images:              
 Initial transforms:       
 Number of threads:        32
 Spline distance:          26
 SyN gradient step:        0.1
 Transform type:           s
 CC radius:                4
 Precision:                f
 Use histogram matching    0
 Repro                     0
======================================================================================
 antsRegistration call:
--------------------------------------------------------------------------------------
/opt/ants/bin/antsRegistration --verbose 1 --dimensionality 3 --float 1 --collapse-output-transforms 1 --output [ /data/derivatives/ants/registrationSyN-fp/sub-s029/ses-open/anat/,/data/derivatives/ants/registrationSyN-fp/sub-s029/ses-open/anat/Warped.nii.gz,/data/derivatives/ants/registrationSyN-fp/sub-s029/ses-open/anat/InverseWarped.nii.gz ] --interpolation Linear --use-histogram-matching 0 --winsorize-image-intensities [ 0.005,0.995 ] --initial-moving-transform [ /templateflow/tpl-MNI152NLin2009cAsym//tpl-MNI152NLin2009cAsym_res-01_desc-brain_T1w.nii.gz,/data/derivatives/fsl/fast/sub-s029/ses-open/anat/BrainExtractionBrain_seg.nii.gz,1 ] --transform Rigid[ 0.1 ] --metric MI[ /templateflow/tpl-MNI152NLin2009cAsym//tpl-MNI152NLin2009cAsym_res-01_desc-brain_T1w.nii.gz,/data/derivatives/fsl/fast/sub-s029/ses-open/anat/BrainExtractionBrain_seg.nii.gz,1,32,Regular,0.25 ] --convergence [ 1000x500x250x100,1e-6,10 ] --shrink-factors 8x4x2x1 --smoothing-sigmas 3x2x1x0vox --transform Affine[ 0.1 ] --metric MI[ /templateflow/tpl-MNI152NLin2009cAsym//tpl-MNI152NLin2009cAsym_res-01_desc-brain_T1w.nii.gz,/data/derivatives/fsl/fast/sub-s029/ses-open/anat/BrainExtractionBrain_seg.nii.gz,1,32,Regular,0.25 ] --convergence [ 1000x500x250x100,1e-6,10 ] --shrink-factors 8x4x2x1 --smoothing-sigmas 3x2x1x0vox --transform SyN[ 0.1,3,0 ] --metric CC[ /templateflow/tpl-MNI152NLin2009cAsym//tpl-MNI152NLin2009cAsym_res-01_desc-brain_T1w.nii.gz,/data/derivatives/fsl/fast/sub-s029/ses-open/anat/BrainExtractionBrain_seg.nii.gz,1,4 ] --convergence [ 100x70x50x20,1e-6,10 ] --shrink-factors 8x4x2x1 --smoothing-sigmas 3x2x1x0vox
--------------------------------------------------------------------------------------
All_Command_lines_OK
Using single precision for computations.
=============================================================================
The composite transform comprises the following transforms (in order): 
  1. Center of mass alignment using fixed image: /templateflow/tpl-MNI152NLin2009cAsym//tpl-MNI152NLin2009cAsym_res-01_desc-brain_T1w.nii.gz and moving image: /data/derivatives/fsl/fast/sub-s029/ses-open/anat/BrainExtractionBrain_seg.nii.gz (type = Euler3DTransform)
=============================================================================
  number of levels = 4
  number of levels = 4
  number of levels = 4
  fixed image: /templateflow/tpl-MNI152NLin2009cAsym//tpl-MNI152NLin2009cAsym_res-01_desc-brain_T1w.nii.gz
  moving image: /data/derivatives/fsl/fast/sub-s029/ses-open/anat/BrainExtractionBrain_seg.nii.gz
  fixed image: /templateflow/tpl-MNI152NLin2009cAsym//tpl-MNI152NLin2009cAsym_res-01_desc-brain_T1w.nii.gz
  moving image: /data/derivatives/fsl/fast/sub-s029/ses-open/anat/BrainExtractionBrain_seg.nii.gz
  fixed image: /templateflow/tpl-MNI152NLin2009cAsym//tpl-MNI152NLin2009cAsym_res-01_desc-brain_T1w.nii.gz
  moving image: /data/derivatives/fsl/fast/sub-s029/ses-open/anat/BrainExtractionBrain_seg.nii.gz
Dimension = 3
Number of stages = 3
Use histogram matching = false
Winsorize image intensities = true
  Lower quantile = 0.005
  Upper quantile = 0.995


Stage 1 State
   Image metric = Mattes
     Fixed image = Image (0x56246f3072b0)
  RTTI typeinfo:   itk::Image<float, 3u>
  Reference Count: 2
  Modified Time: 1717
  Debug: Off
  Object Name: 
  Observers: 
    none
  Source: (none)
  Source output name: (none)
  Release Data: Off
  Data Released: False
  Global Release Data: Off
  PipelineMTime: 0
  UpdateMTime: 1502
  RealTimeStamp: 0 seconds 
  LargestPossibleRegion: 
    Dimension: 3
    Index: [0, 0, 0]
    Size: [193, 229, 193]
  BufferedRegion: 
    Dimension: 3
    Index: [0, 0, 0]
    Size: [193, 229, 193]
  RequestedRegion: 
    Dimension: 3
    Index: [0, 0, 0]
    Size: [193, 229, 193]
  Spacing: [1, 1, 1]
  Origin: [96, 132, -78]
  Direction: 
-1 0 0
0 -1 0
0 0 1

  IndexToPointMatrix: 
-1 0 0
0 -1 0
0 0 1

  PointToIndexMatrix: 
-1 0 0
0 -1 0
0 0 1

  Inverse Direction: 
-1 0 0
0 -1 0
0 0 1

  PixelContainer: 
    ImportImageContainer (0x56246f30fe50)
      RTTI typeinfo:   itk::ImportImageContainer<unsigned long, float>
      Reference Count: 1
      Modified Time: 1499
      Debug: Off
      Object Name: 
      Observers: 
        none
      Pointer: 0x7fdda69dc010
      Container manages memory: true
      Size: 8530021
      Capacity: 8530021

     Moving image = Image (0x56246f308630)
  RTTI typeinfo:   itk::Image<float, 3u>
  Reference Count: 2
  Modified Time: 1718
  Debug: Off
  Object Name: 
  Observers: 
    none
  Source: (none)
  Source output name: (none)
  Release Data: Off
  Data Released: False
  Global Release Data: Off
  PipelineMTime: 0
  UpdateMTime: 1715
  RealTimeStamp: 0 seconds 
  LargestPossibleRegion: 
    Dimension: 3
    Index: [0, 0, 0]
    Size: [160, 240, 256]
  BufferedRegion: 
    Dimension: 3
    Index: [0, 0, 0]
    Size: [160, 240, 256]
  RequestedRegion: 
    Dimension: 3
    Index: [0, 0, 0]
    Size: [160, 240, 256]
  Spacing: [1, 1, 1]
  Origin: [72.4486, 104.7, -127]
  Direction: 
-0.997053 0.076719 0
-0.076719 -0.997053 0
0 0 1

  IndexToPointMatrix: 
-0.997053 0.076719 0
-0.076719 -0.997053 0
0 0 1

  PointToIndexMatrix: 
-0.997053 -0.076719 0
0.076719 -0.997053 0
0 0 1

  Inverse Direction: 
-0.997053 -0.076719 0
0.076719 -0.997053 0
0 0 1

  PixelContainer: 
    ImportImageContainer (0x56246f30c400)
      RTTI typeinfo:   itk::ImportImageContainer<unsigned long, float>
      Reference Count: 1
      Modified Time: 1712
      Debug: Off
      Object Name: 
      Observers: 
        none
      Pointer: 0x7fdda445b010
      Container manages memory: true
      Size: 9830400
      Capacity: 9830400

     Weighting = 1
     Sampling strategy = regular
     Number of bins = 32
     Radius = 4
     Sampling percentage  = 0.25
   Transform = Rigid
     Gradient step = 0.1
     Update field sigma (voxel space) = 0
     Total field sigma (voxel space) = 0
     Update field time sigma = 0
     Total field time sigma  = 0
     Number of time indices = 0
     Number of time point samples = 0
Stage 2 State
   Image metric = Mattes
     Fixed image = Image (0x56246f317f10)
  RTTI typeinfo:   itk::Image<float, 3u>
  Reference Count: 2
  Modified Time: 2145
  Debug: Off
  Object Name: 
  Observers: 
    none
  Source: (none)
  Source output name: (none)
  Release Data: Off
  Data Released: False
  Global Release Data: Off
  PipelineMTime: 0
  UpdateMTime: 1930
  RealTimeStamp: 0 seconds 
  LargestPossibleRegion: 
    Dimension: 3
    Index: [0, 0, 0]
    Size: [193, 229, 193]
  BufferedRegion: 
    Dimension: 3
    Index: [0, 0, 0]
    Size: [193, 229, 193]
  RequestedRegion: 
    Dimension: 3
    Index: [0, 0, 0]
    Size: [193, 229, 193]
  Spacing: [1, 1, 1]
  Origin: [96, 132, -78]
  Direction: 
-1 0 0
0 -1 0
0 0 1

  IndexToPointMatrix: 
-1 0 0
0 -1 0
0 0 1

  PointToIndexMatrix: 
-1 0 0
0 -1 0
0 0 1

  Inverse Direction: 
-1 0 0
0 -1 0
0 0 1

  PixelContainer: 
    ImportImageContainer (0x56246f366410)
      RTTI typeinfo:   itk::ImportImageContainer<unsigned long, float>
      Reference Count: 1
      Modified Time: 1927
      Debug: Off
      Object Name: 
      Observers: 
        none
      Pointer: 0x7fdda23d0010
      Container manages memory: true
      Size: 8530021
      Capacity: 8530021

     Moving image = Image (0x56246f3630b0)
  RTTI typeinfo:   itk::Image<float, 3u>
  Reference Count: 2
  Modified Time: 2146
  Debug: Off
  Object Name: 
  Observers: 
    none
  Source: (none)
  Source output name: (none)
  Release Data: Off
  Data Released: False
  Global Release Data: Off
  PipelineMTime: 0
  UpdateMTime: 2143
  RealTimeStamp: 0 seconds 
  LargestPossibleRegion: 
    Dimension: 3
    Index: [0, 0, 0]
    Size: [160, 240, 256]
  BufferedRegion: 
    Dimension: 3
    Index: [0, 0, 0]
    Size: [160, 240, 256]
  RequestedRegion: 
    Dimension: 3
    Index: [0, 0, 0]
    Size: [160, 240, 256]
  Spacing: [1, 1, 1]
  Origin: [72.4486, 104.7, -127]
  Direction: 
-0.997053 0.076719 0
-0.076719 -0.997053 0
0 0 1

  IndexToPointMatrix: 
-0.997053 0.076719 0
-0.076719 -0.997053 0
0 0 1

  PointToIndexMatrix: 
-0.997053 -0.076719 0
0.076719 -0.997053 0
0 0 1

  Inverse Direction: 
-0.997053 -0.076719 0
0.076719 -0.997053 0
0 0 1

  PixelContainer: 
    ImportImageContainer (0x56246f364200)
      RTTI typeinfo:   itk::ImportImageContainer<unsigned long, float>
      Reference Count: 1
      Modified Time: 2140
      Debug: Off
      Object Name: 
      Observers: 
        none
      Pointer: 0x7fdd9fe4f010
      Container manages memory: true
      Size: 9830400
      Capacity: 9830400

     Weighting = 1
     Sampling strategy = regular
     Number of bins = 32
     Radius = 4
     Sampling percentage  = 0.25
   Transform = Affine
     Gradient step = 0.1
     Update field sigma (voxel space) = 0
     Total field sigma (voxel space) = 0
     Update field time sigma = 0
     Total field time sigma  = 0
     Number of time indices = 0
     Number of time point samples = 0
Stage 3 State
   Image metric = CC
     Fixed image = Image (0x56246f317060)
  RTTI typeinfo:   itk::Image<float, 3u>
  Reference Count: 2
  Modified Time: 2573
  Debug: Off
  Object Name: 
  Observers: 
    none
  Source: (none)
  Source output name: (none)
  Release Data: Off
  Data Released: False
  Global Release Data: Off
  PipelineMTime: 0
  UpdateMTime: 2358
  RealTimeStamp: 0 seconds 
  LargestPossibleRegion: 
    Dimension: 3
    Index: [0, 0, 0]
    Size: [193, 229, 193]
  BufferedRegion: 
    Dimension: 3
    Index: [0, 0, 0]
    Size: [193, 229, 193]
  RequestedRegion: 
    Dimension: 3
    Index: [0, 0, 0]
    Size: [193, 229, 193]
  Spacing: [1, 1, 1]
  Origin: [96, 132, -78]
  Direction: 
-1 0 0
0 -1 0
0 0 1

  IndexToPointMatrix: 
-1 0 0
0 -1 0
0 0 1

  PointToIndexMatrix: 
-1 0 0
0 -1 0
0 0 1

  Inverse Direction: 
-1 0 0
0 -1 0
0 0 1

  PixelContainer: 
    ImportImageContainer (0x56246f317780)
      RTTI typeinfo:   itk::ImportImageContainer<unsigned long, float>
      Reference Count: 1
      Modified Time: 2355
      Debug: Off
      Object Name: 
      Observers: 
        none
      Pointer: 0x7fdd9ddc4010
      Container manages memory: true
      Size: 8530021
      Capacity: 8530021

     Moving image = Image (0x56246f36c180)
  RTTI typeinfo:   itk::Image<float, 3u>
  Reference Count: 2
  Modified Time: 2574
  Debug: Off
  Object Name: 
  Observers: 
    none
  Source: (none)
  Source output name: (none)
  Release Data: Off
  Data Released: False
  Global Release Data: Off
  PipelineMTime: 0
  UpdateMTime: 2571
  RealTimeStamp: 0 seconds 
  LargestPossibleRegion: 
    Dimension: 3
    Index: [0, 0, 0]
    Size: [160, 240, 256]
  BufferedRegion: 
    Dimension: 3
    Index: [0, 0, 0]
    Size: [160, 240, 256]
  RequestedRegion: 
    Dimension: 3
    Index: [0, 0, 0]
    Size: [160, 240, 256]
  Spacing: [1, 1, 1]
  Origin: [72.4486, 104.7, -127]
  Direction: 
-0.997053 0.076719 0
-0.076719 -0.997053 0
0 0 1

  IndexToPointMatrix: 
-0.997053 0.076719 0
-0.076719 -0.997053 0
0 0 1

  PointToIndexMatrix: 
-0.997053 -0.076719 0
0.076719 -0.997053 0
0 0 1

  Inverse Direction: 
-0.997053 -0.076719 0
0.076719 -0.997053 0
0 0 1

  PixelContainer: 
    ImportImageContainer (0x56246f368ac0)
      RTTI typeinfo:   itk::ImportImageContainer<unsigned long, float>
      Reference Count: 1
      Modified Time: 2568
      Debug: Off
      Object Name: 
      Observers: 
        none
      Pointer: 0x7fdd9b843010
      Container manages memory: true
      Size: 9830400
      Capacity: 9830400

     Weighting = 1
     Sampling strategy = none
     Number of bins = 32
     Radius = 4
     Sampling percentage  = 1
   Transform = SyN
     Gradient step = 0.1
     Update field sigma (voxel space) = 3
     Total field sigma (voxel space) = 0
     Update field time sigma = 0
     Total field time sigma  = 0
     Number of time indices = 0
     Number of time point samples = 0
Registration using 3 total stages.

Stage 0
  iterations = 1000x500x250x100
  convergence threshold = 1e-06
  convergence window size = 10
  number of levels = 4
  using the Mattes MI metric (number of bins = 32, weight = 1, use gradient filter = 0)
  preprocessing:  winsorizing the image intensities
  Shrink factors (level 1 out of 4): [8, 8, 8]
  Shrink factors (level 2 out of 4): [4, 4, 4]
  Shrink factors (level 3 out of 4): [2, 2, 2]
  Shrink factors (level 4 out of 4): [1, 1, 1]
  smoothing sigmas per level: [3, 2, 1, 0]
  regular sampling (percentage = 0.25)

*** Running Euler3DTransform registration ***

DIAGNOSTIC,Iteration,metricValue,convergenceValue,ITERATION_TIME_INDEX,SINCE_LAST
 2DIAGNOSTIC,     1, -5.154231190681e-01, inf, 1.6221e-01, 1.6221e-01, 
 2DIAGNOSTIC,     2, -5.171465277672e-01, inf, 1.6999e-01, 7.7841e-03, 
 2DIAGNOSTIC,     3, -5.190635323524e-01, inf, 1.7607e-01, 6.0780e-03, 
 2DIAGNOSTIC,     4, -5.210267305374e-01, inf, 1.8173e-01, 5.6570e-03, 
 2DIAGNOSTIC,     5, -5.224906802177e-01, inf, 1.8763e-01, 5.9011e-03, 
 2DIAGNOSTIC,     6, -5.249809026718e-01, inf, 1.9337e-01, 5.7411e-03, 
 2DIAGNOSTIC,     7, -5.272338390350e-01, inf, 2.0006e-01, 6.6891e-03, 
 2DIAGNOSTIC,     8, -5.338544249535e-01, inf, 2.0539e-01, 5.3329e-03, 
 2DIAGNOSTIC,     9, -5.370926856995e-01, inf, 2.1203e-01, 6.6361e-03, 
 2DIAGNOSTIC,    10, -5.356727838516e-01, 2.781963208690e-03, 2.3568e-01, 2.3653e-02, 
 2DIAGNOSTIC,    11, -5.358617901802e-01, 2.466259989887e-03, 2.4293e-01, 7.2451e-03, 
 2DIAGNOSTIC,    12, -5.361562371254e-01, 2.071847207844e-03, 2.5242e-01, 9.4912e-03, 
 2DIAGNOSTIC,    13, -5.361375808716e-01, 1.624502590857e-03, 2.5955e-01, 7.1268e-03, 
 2DIAGNOSTIC,    14, -5.358744859695e-01, 1.158564817160e-03, 2.6644e-01, 6.8941e-03, 
 2DIAGNOSTIC,    15, -5.359244942665e-01, 7.074488094077e-04, 2.7274e-01, 6.2990e-03, 
 2DIAGNOSTIC,    16, -5.358266830444e-01, 3.312330227345e-04, 2.7839e-01, 5.6479e-03, 
 2DIAGNOSTIC,    17, -5.358889102936e-01, 3.686827039928e-05, 2.8551e-01, 7.1211e-03, 
DIAGNOSTIC,Iteration,metricValue,convergenceValue,ITERATION_TIME_INDEX,SINCE_LAST
 2DIAGNOSTIC,     1, -4.435186982155e-01, inf, 4.2250e-01, 1.3699e-01, 
 2DIAGNOSTIC,     2, -4.441801905632e-01, inf, 4.3837e-01, 1.5872e-02, 
 2DIAGNOSTIC,     3, -4.450254142284e-01, inf, 4.5813e-01, 1.9765e-02, 
 2DIAGNOSTIC,     4, -4.464024901390e-01, inf, 4.7214e-01, 1.4005e-02, 
 2DIAGNOSTIC,     5, -4.491906166077e-01, inf, 4.8230e-01, 1.0166e-02, 
 2DIAGNOSTIC,     6, -4.532890021801e-01, inf, 4.9075e-01, 8.4410e-03, 
 2DIAGNOSTIC,     7, -4.544793367386e-01, inf, 4.9874e-01, 7.9951e-03, 
 2DIAGNOSTIC,     8, -4.556327760220e-01, inf, 5.0987e-01, 1.1128e-02, 
 2DIAGNOSTIC,     9, -4.561941623688e-01, inf, 5.1768e-01, 7.8101e-03, 
 2DIAGNOSTIC,    10, -4.567486643791e-01, 2.250594785437e-03, 5.2601e-01, 8.3339e-03, 
 2DIAGNOSTIC,    11, -4.575160443783e-01, 1.930577680469e-03, 5.3542e-01, 9.4121e-03, 
 2DIAGNOSTIC,    12, -4.583165645599e-01, 1.567963976413e-03, 5.4351e-01, 8.0869e-03, 
 2DIAGNOSTIC,    13, -4.601422548294e-01, 1.250916393474e-03, 5.5125e-01, 7.7388e-03, 
 2DIAGNOSTIC,    14, -4.609093666077e-01, 9.600619669072e-04, 5.5995e-01, 8.6949e-03, 
 2DIAGNOSTIC,    15, -4.619079828262e-01, 7.758053834550e-04, 5.7112e-01, 1.1178e-02, 
 2DIAGNOSTIC,    16, -4.621350467205e-01, 7.125659612939e-04, 5.8061e-01, 9.4862e-03, 
 2DIAGNOSTIC,    17, -4.635806679726e-01, 6.875315448269e-04, 5.8963e-01, 9.0170e-03, 
 2DIAGNOSTIC,    18, -4.641598761082e-01, 6.601792410947e-04, 5.9883e-01, 9.1999e-03, 
 2DIAGNOSTIC,    19, -4.644827842712e-01, 6.034058751538e-04, 6.0731e-01, 8.4879e-03, 
 2DIAGNOSTIC,    20, -4.652706384659e-01, 5.388947902247e-04, 6.1532e-01, 8.0020e-03, 
 2DIAGNOSTIC,    21, -4.673500955105e-01, 5.145943141542e-04, 6.2731e-01, 1.1998e-02, 
 2DIAGNOSTIC,    22, -4.677530229092e-01, 4.758909926750e-04, 6.3535e-01, 8.0359e-03, 
 2DIAGNOSTIC,    23, -4.682087004185e-01, 4.579629166983e-04, 6.4535e-01, 9.9969e-03, 
 2DIAGNOSTIC,    24, -4.687445759773e-01, 4.327973583713e-04, 6.5438e-01, 9.0361e-03, 
 2DIAGNOSTIC,    25, -4.694889187813e-01, 4.122673708480e-04, 6.6263e-01, 8.2481e-03, 
 2DIAGNOSTIC,    26, -4.706929326057e-01, 3.869622305501e-04, 6.7309e-01, 1.0457e-02, 
 2DIAGNOSTIC,    27, -4.707971811295e-01, 3.620289207902e-04, 6.8242e-01, 9.3329e-03, 
 2DIAGNOSTIC,    28, -4.713929295540e-01, 3.318603558000e-04, 6.9129e-01, 8.8639e-03, 
 2DIAGNOSTIC,    29, -4.715602397919e-01, 2.830369630828e-04, 7.0021e-01, 8.9259e-03, 
 2DIAGNOSTIC,    30, -4.715697467327e-01, 2.260251494590e-04, 7.0815e-01, 7.9341e-03, 
 2DIAGNOSTIC,    31, -4.717856347561e-01, 1.969540899154e-04, 7.2047e-01, 1.2324e-02, 
 2DIAGNOSTIC,    32, -4.717893600464e-01, 1.588969898876e-04, 7.2952e-01, 9.0480e-03, 
 2DIAGNOSTIC,    33, -4.717934429646e-01, 1.168981398223e-04, 7.4113e-01, 1.1611e-02, 
 2DIAGNOSTIC,    34, -4.717941880226e-01, 7.601139077451e-05, 7.5126e-01, 1.0132e-02, 
 2DIAGNOSTIC,    35, -4.717809259892e-01, 4.278338019503e-05, 7.6008e-01, 8.8241e-03, 
 2DIAGNOSTIC,    36, -4.717684388161e-01, 2.786042387015e-05, 7.7019e-01, 1.0107e-02, 
 2DIAGNOSTIC,    37, -4.717615544796e-01, 1.255263214262e-05, 7.8008e-01, 9.8848e-03, 
 2DIAGNOSTIC,    38, -4.717539846897e-01, 6.432200734707e-06, 7.9070e-01, 1.0628e-02, 
 2DIAGNOSTIC,    39, -4.717543125153e-01, 2.773932919808e-06, 7.9938e-01, 8.6751e-03, 
DIAGNOSTIC,Iteration,metricValue,convergenceValue,ITERATION_TIME_INDEX,SINCE_LAST
 2DIAGNOSTIC,     1, -4.031239449978e-01, inf, 1.0792e+00, 2.7978e-01, 
 2DIAGNOSTIC,     2, -4.032230675220e-01, inf, 1.1471e+00, 6.7965e-02, 
 2DIAGNOSTIC,     3, -4.033075869083e-01, inf, 1.2030e+00, 5.5887e-02, 
 2DIAGNOSTIC,     4, -4.034134745598e-01, inf, 1.2482e+00, 4.5196e-02, 
 2DIAGNOSTIC,     5, -4.035369157791e-01, inf, 1.2975e+00, 4.9326e-02, 
 2DIAGNOSTIC,     6, -4.035549163818e-01, inf, 1.3423e+00, 4.4727e-02, 
 2DIAGNOSTIC,     7, -4.036277532578e-01, inf, 1.3888e+00, 4.6585e-02, 
 2DIAGNOSTIC,     8, -4.036830365658e-01, inf, 1.4545e+00, 6.5689e-02, 
 2DIAGNOSTIC,     9, -4.036925435066e-01, inf, 1.5056e+00, 5.1087e-02, 
 2DIAGNOSTIC,    10, -4.036911427975e-01, 9.784766734811e-05, 1.5642e+00, 5.8634e-02, 
 2DIAGNOSTIC,    11, -4.036920666695e-01, 7.206443842733e-05, 1.6085e+00, 4.4295e-02, 
 2DIAGNOSTIC,    12, -4.036917984486e-01, 5.014958151150e-05, 1.6686e+00, 6.0099e-02, 
 2DIAGNOSTIC,    13, -4.036918580532e-01, 3.176587051712e-05, 1.7146e+00, 4.5935e-02, 
 2DIAGNOSTIC,    14, -4.036918282509e-01, 1.854665970313e-05, 1.7622e+00, 4.7603e-02, 
 2DIAGNOSTIC,    15, -4.036917090416e-01, 1.145354508481e-05, 1.8082e+00, 4.5969e-02, 
 2DIAGNOSTIC,    16, -4.036911427975e-01, 5.102970590087e-06, 1.8561e+00, 4.7961e-02, 
 2DIAGNOSTIC,    17, -4.036909341812e-01, 2.160488747904e-06, 1.9008e+00, 4.4706e-02, 
 2DIAGNOSTIC,    18, -4.036908745766e-01, 1.668084678386e-06, 1.9493e+00, 4.8434e-02, 
 2DIAGNOSTIC,    19, -4.036910831928e-01, 1.598251969881e-06, 1.9950e+00, 4.5717e-02, 
 2DIAGNOSTIC,    20, -4.036907255650e-01, 1.479374759583e-06, 2.0434e+00, 4.8478e-02, 
 2DIAGNOSTIC,    21, -4.036909043789e-01, 1.420209741809e-06, 2.0878e+00, 4.4313e-02, 
 2DIAGNOSTIC,    22, -4.036908447742e-01, 1.364660192849e-06, 2.1309e+00, 4.3169e-02, 
 2DIAGNOSTIC,    23, -4.036908149719e-01, 1.322157004324e-06, 2.1758e+00, 4.4896e-02, 
 2DIAGNOSTIC,    24, -4.036909341812e-01, 1.291387775382e-06, 2.2241e+00, 4.8285e-02, 
 2DIAGNOSTIC,    25, -4.036908745766e-01, 1.261620013793e-06, 2.2692e+00, 4.5089e-02, 
 2DIAGNOSTIC,    26, -4.036908447742e-01, 1.219304863298e-06, 2.3082e+00, 3.8979e-02, 
 2DIAGNOSTIC,    27, -4.036908447742e-01, 1.175121724373e-06, 2.3579e+00, 4.9675e-02, 
 2DIAGNOSTIC,    28, -4.036909043789e-01, 1.134189005825e-06, 2.4022e+00, 4.4320e-02, 
 2DIAGNOSTIC,    29, -4.036909043789e-01, 1.101526095226e-06, 2.4481e+00, 4.5910e-02, 
 2DIAGNOSTIC,    30, -4.036909639835e-01, 1.063510012500e-06, 2.4902e+00, 4.2160e-02, 
 2DIAGNOSTIC,    31, -4.036909937859e-01, 1.032476347973e-06, 2.5356e+00, 4.5360e-02, 
 2DIAGNOSTIC,    32, -4.036910235882e-01, 1.002164594865e-06, 2.5782e+00, 4.2614e-02, 
DIAGNOSTIC,Iteration,metricValue,convergenceValue,ITERATION_TIME_INDEX,SINCE_LAST
 2DIAGNOSTIC,     1, -3.675755262375e-01, inf, 3.3571e+00, 7.7884e-01, 
 2DIAGNOSTIC,     2, -3.676578700542e-01, inf, 3.6344e+00, 2.7732e-01, 
 2DIAGNOSTIC,     3, -3.676727414131e-01, inf, 3.9122e+00, 2.7784e-01, 
 2DIAGNOSTIC,     4, -3.676785528660e-01, inf, 4.1567e+00, 2.4453e-01, 
 2DIAGNOSTIC,     5, -3.676953017712e-01, inf, 4.4483e+00, 2.9152e-01, 
 2DIAGNOSTIC,     6, -3.676934838295e-01, inf, 4.7931e+00, 3.4481e-01, 
 2DIAGNOSTIC,     7, -3.676933348179e-01, inf, 5.0662e+00, 2.7312e-01, 
 2DIAGNOSTIC,     8, -3.676936030388e-01, inf, 5.3485e+00, 2.8233e-01, 
 2DIAGNOSTIC,     9, -3.676935136318e-01, inf, 5.6188e+00, 2.7026e-01, 
 2DIAGNOSTIC,    10, -3.676929473877e-01, 1.630698170629e-05, 5.9128e+00, 2.9402e-01, 
 2DIAGNOSTIC,    11, -3.676934838295e-01, 7.315801667573e-06, 6.1880e+00, 2.7516e-01, 
 2DIAGNOSTIC,    12, -3.676931858063e-01, 4.705245828518e-06, 6.4696e+00, 2.8160e-01, 
 2DIAGNOSTIC,    13, -3.676933646202e-01, 3.206195060557e-06, 6.7316e+00, 2.6201e-01, 
 2DIAGNOSTIC,    14, -3.676933944225e-01, 2.147141231035e-06, 6.9748e+00, 2.4321e-01, 
 2DIAGNOSTIC,    15, -3.676938712597e-01, 2.131437440767e-06, 7.2485e+00, 2.7372e-01, 
 2DIAGNOSTIC,    16, -3.676944673061e-01, 2.057194251393e-06, 7.5133e+00, 2.6479e-01, 
 2DIAGNOSTIC,    17, -3.676950037479e-01, 2.001743268920e-06, 7.7706e+00, 2.5734e-01, 
 2DIAGNOSTIC,    18, -3.676950335503e-01, 1.953284709089e-06, 8.0929e+00, 3.2225e-01, 
 2DIAGNOSTIC,    19, -3.676947355270e-01, 1.878157604551e-06, 8.3518e+00, 2.5892e-01, 
 2DIAGNOSTIC,    20, -3.676944673061e-01, 1.759003907864e-06, 8.6197e+00, 2.6787e-01, 
 2DIAGNOSTIC,    21, -3.676945865154e-01, 1.659707663748e-06, 8.8741e+00, 2.5448e-01, 
 2DIAGNOSTIC,    22, -3.676945865154e-01, 1.544738665871e-06, 9.1421e+00, 2.6800e-01, 
 2DIAGNOSTIC,    23, -3.676945567131e-01, 1.435877152289e-06, 9.4137e+00, 2.7159e-01, 
 2DIAGNOSTIC,    24, -3.676946759224e-01, 1.336290551990e-06, 9.6740e+00, 2.6028e-01, 
 2DIAGNOSTIC,    25, -3.676944375038e-01, 1.250755190085e-06, 9.9505e+00, 2.7651e-01, 
 2DIAGNOSTIC,    26, -3.676943480968e-01, 1.188509827443e-06, 1.0179e+01, 2.2848e-01, 
 2DIAGNOSTIC,    27, -3.676944673061e-01, 1.152724280473e-06, 1.0430e+01, 2.5067e-01, 
 2DIAGNOSTIC,    28, -3.676944673061e-01, 1.122688217947e-06, 1.0683e+01, 2.5364e-01, 
 2DIAGNOSTIC,    29, -3.676945865154e-01, 1.091439344236e-06, 1.0956e+01, 2.7271e-01, 
 2DIAGNOSTIC,    30, -3.676944375038e-01, 1.052003767654e-06, 1.1222e+01, 2.6555e-01, 
 2DIAGNOSTIC,    31, -3.676945865154e-01, 1.022820697472e-06, 1.1495e+01, 2.7387e-01, 
  Elapsed time (stage 0): 1.1748e+01


Stage 1
  iterations = 1000x500x250x100
  convergence threshold = 1.0000e-06
  convergence window size = 10
  number of levels = 4
  using the Mattes MI metric (number of bins = 32, weight = 1.0000e+00, use gradient filter = 0)
  preprocessing:  winsorizing the image intensities
  Shrink factors (level 1 out of 4): [8, 8, 8]
  Shrink factors (level 2 out of 4): [4, 4, 4]
  Shrink factors (level 3 out of 4): [2, 2, 2]
  Shrink factors (level 4 out of 4): [1, 1, 1]
  smoothing sigmas per level: [3, 2, 1, 0]
  regular sampling (percentage = 2.5000e-01)

*** Running AffineTransform registration ***

DIAGNOSTIC,Iteration,metricValue,convergenceValue,ITERATION_TIME_INDEX,SINCE_LAST
 2DIAGNOSTIC,     1, -5.714542269707e-01, inf, 1.1703e-01, 1.1703e-01, 
 2DIAGNOSTIC,     2, -5.735939145088e-01, inf, 1.2407e-01, 7.0379e-03, 
 2DIAGNOSTIC,     3, -5.775933265686e-01, inf, 1.2999e-01, 5.9180e-03, 
 2DIAGNOSTIC,     4, -5.835211873055e-01, inf, 1.3731e-01, 7.3268e-03, 
 2DIAGNOSTIC,     5, -5.925769805908e-01, inf, 1.4362e-01, 6.3100e-03, 
 2DIAGNOSTIC,     6, -6.066371202469e-01, inf, 1.5042e-01, 6.7952e-03, 
 2DIAGNOSTIC,     7, -6.388315558434e-01, inf, 1.5652e-01, 6.1059e-03, 
 2DIAGNOSTIC,     8, -7.474195361137e-01, inf, 1.6562e-01, 9.0940e-03, 
 2DIAGNOSTIC,     9, -8.087771534920e-01, inf, 1.7270e-01, 7.0860e-03, 
 2DIAGNOSTIC,    10, -8.245295882225e-01, 2.639546245337e-02, 1.8275e-01, 1.0049e-02, 
 2DIAGNOSTIC,    11, -8.261224031448e-01, 2.722195908427e-02, 1.8988e-01, 7.1249e-03, 
 2DIAGNOSTIC,    12, -8.325327634811e-01, 2.577347680926e-02, 1.9656e-01, 6.6850e-03, 
 2DIAGNOSTIC,    13, -8.360101580620e-01, 2.247094921768e-02, 2.0716e-01, 1.0594e-02, 
 2DIAGNOSTIC,    14, -8.408053517342e-01, 1.798719912767e-02, 2.1722e-01, 1.0067e-02, 
 2DIAGNOSTIC,    15, -8.525295257568e-01, 1.315809786320e-02, 2.2640e-01, 9.1791e-03, 
 2DIAGNOSTIC,    16, -8.778806924820e-01, 8.824044838548e-03, 2.3728e-01, 1.0877e-02, 
 2DIAGNOSTIC,    17, -8.791417479515e-01, 4.997527692467e-03, 2.4345e-01, 6.1681e-03, 
 2DIAGNOSTIC,    18, -8.808277249336e-01, 3.540720324963e-03, 2.4962e-01, 6.1760e-03, 
 2DIAGNOSTIC,    19, -8.857322931290e-01, 3.259969409555e-03, 2.5916e-01, 9.5351e-03, 
 2DIAGNOSTIC,    20, -8.863567709923e-01, 3.013697918504e-03, 2.6783e-01, 8.6710e-03, 
 2DIAGNOSTIC,    21, -8.860579729080e-01, 2.531055128202e-03, 2.7548e-01, 7.6549e-03, 
 2DIAGNOSTIC,    22, -8.859502077103e-01, 1.972702797502e-03, 2.8324e-01, 7.7591e-03, 
 2DIAGNOSTIC,    23, -8.856588006020e-01, 1.343747484498e-03, 2.8953e-01, 6.2890e-03, 
 2DIAGNOSTIC,    24, -8.860257863998e-01, 7.264952291735e-04, 2.9818e-01, 8.6470e-03, 
 2DIAGNOSTIC,    25, -8.865468502045e-01, 2.648872614373e-04, 3.0706e-01, 8.8830e-03, 
 2DIAGNOSTIC,    26, -8.866347670555e-01, 1.731208612910e-04, 3.1446e-01, 7.3972e-03, 
 2DIAGNOSTIC,    27, -8.867536187172e-01, 9.173642320093e-05, 3.2139e-01, 6.9311e-03, 
 2DIAGNOSTIC,    28, -8.868866562843e-01, 2.999557909789e-05, 3.2901e-01, 7.6201e-03, 
 2DIAGNOSTIC,    29, -8.873448371887e-01, 3.588768959162e-05, 3.3757e-01, 8.5580e-03, 
 2DIAGNOSTIC,    30, -8.876315951347e-01, 4.866615199717e-05, 3.4431e-01, 6.7461e-03, 
 2DIAGNOSTIC,    31, -8.877090215683e-01, 5.353708183975e-05, 3.5261e-01, 8.2910e-03, 
 2DIAGNOSTIC,    32, -8.882340788841e-01, 5.802464511362e-05, 3.6033e-01, 7.7271e-03, 
 2DIAGNOSTIC,    33, -8.884100317955e-01, 5.542123108171e-05, 3.6792e-01, 7.5879e-03, 
 2DIAGNOSTIC,    34, -8.886093497276e-01, 5.349046841729e-05, 3.7497e-01, 7.0469e-03, 
 2DIAGNOSTIC,    35, -8.888968825340e-01, 5.478382445290e-05, 3.8308e-01, 8.1091e-03, 
 2DIAGNOSTIC,    36, -8.895323276520e-01, 5.789138594992e-05, 3.8968e-01, 6.6059e-03, 
 2DIAGNOSTIC,    37, -8.906358480453e-01, 6.676882912870e-05, 3.9937e-01, 9.6900e-03, 
 2DIAGNOSTIC,    38, -8.905625939369e-01, 6.912479148014e-05, 4.0720e-01, 7.8311e-03, 
 2DIAGNOSTIC,    39, -8.900526762009e-01, 6.459916039603e-05, 4.1378e-01, 6.5761e-03, 
 2DIAGNOSTIC,    40, -8.902807831764e-01, 5.896995207877e-05, 4.2033e-01, 6.5460e-03, 
 2DIAGNOSTIC,    41, -8.904674649239e-01, 4.999334487366e-05, 4.2773e-01, 7.4081e-03, 
 2DIAGNOSTIC,    42, -8.906825184822e-01, 4.261901267455e-05, 4.3508e-01, 7.3471e-03, 
 2DIAGNOSTIC,    43, -8.910253643990e-01, 3.583000943763e-05, 4.4262e-01, 7.5340e-03, 
 2DIAGNOSTIC,    44, -8.916787505150e-01, 3.284473496024e-05, 4.5017e-01, 7.5562e-03, 
 2DIAGNOSTIC,    45, -8.969868421555e-01, 6.937231228221e-05, 4.7648e-01, 2.6309e-02, 
 2DIAGNOSTIC,    46, -8.969857096672e-01, 1.009793559206e-04, 4.8329e-01, 6.8059e-03, 
 2DIAGNOSTIC,    47, -8.969960808754e-01, 1.301455777138e-04, 4.9012e-01, 6.8290e-03, 
 2DIAGNOSTIC,    48, -8.970139026642e-01, 1.459285704186e-04, 4.9656e-01, 6.4430e-03, 
 2DIAGNOSTIC,    49, -8.970438838005e-01, 1.435614249203e-04, 5.0501e-01, 8.4510e-03, 
 2DIAGNOSTIC,    50, -8.970640897751e-01, 1.286995102419e-04, 5.1239e-01, 7.3800e-03, 
 2DIAGNOSTIC,    51, -8.969524502754e-01, 1.026270037983e-04, 5.2096e-01, 8.5719e-03, 
 2DIAGNOSTIC,    52, -8.969748020172e-01, 6.998077878961e-05, 5.2943e-01, 8.4710e-03, 
 2DIAGNOSTIC,    53, -8.968539834023e-01, 3.369853584445e-05, 5.3681e-01, 7.3750e-03, 
DIAGNOSTIC,Iteration,metricValue,convergenceValue,ITERATION_TIME_INDEX,SINCE_LAST
 2DIAGNOSTIC,     1, -7.386552095413e-01, inf, 6.7589e-01, 1.3909e-01, 
 2DIAGNOSTIC,     2, -7.405245304108e-01, inf, 6.9049e-01, 1.4598e-02, 
 2DIAGNOSTIC,     3, -7.426416873932e-01, inf, 7.0303e-01, 1.2542e-02, 
 2DIAGNOSTIC,     4, -7.444010972977e-01, inf, 7.1345e-01, 1.0413e-02, 
 2DIAGNOSTIC,     5, -7.455530166626e-01, inf, 7.2416e-01, 1.0716e-02, 
 2DIAGNOSTIC,     6, -7.466599941254e-01, inf, 7.3914e-01, 1.4979e-02, 
 2DIAGNOSTIC,     7, -7.486523389816e-01, inf, 7.5690e-01, 1.7759e-02, 
 2DIAGNOSTIC,     8, -7.490265369415e-01, inf, 7.7344e-01, 1.6535e-02, 
 2DIAGNOSTIC,     9, -7.490894198418e-01, inf, 7.8449e-01, 1.1054e-02, 
 2DIAGNOSTIC,    10, -7.491778731346e-01, 9.432101505809e-04, 7.9676e-01, 1.2273e-02, 
 2DIAGNOSTIC,    11, -7.492448687553e-01, 6.844534073025e-04, 8.0967e-01, 1.2913e-02, 
 2DIAGNOSTIC,    12, -7.493580579758e-01, 4.689528723247e-04, 8.2293e-01, 1.3253e-02, 
 2DIAGNOSTIC,    13, -7.494669556618e-01, 3.088745579589e-04, 8.3743e-01, 1.4504e-02, 
 2DIAGNOSTIC,    14, -7.496454119682e-01, 1.968757424038e-04, 8.5308e-01, 1.5647e-02, 
 2DIAGNOSTIC,    15, -7.496682405472e-01, 1.117715000873e-04, 8.6435e-01, 1.1271e-02, 
 2DIAGNOSTIC,    16, -7.496752142906e-01, 5.258771852823e-05, 8.7459e-01, 1.0243e-02, 
 2DIAGNOSTIC,    17, -7.497379183769e-01, 4.153740883339e-05, 8.8591e-01, 1.1314e-02, 
 2DIAGNOSTIC,    18, -7.497839331627e-01, 3.685181582114e-05, 8.9686e-01, 1.0952e-02, 
 2DIAGNOSTIC,    19, -7.498095035553e-01, 3.110439138254e-05, 9.0755e-01, 1.0689e-02, 
 2DIAGNOSTIC,    20, -7.498733401299e-01, 2.611314994283e-05, 9.1973e-01, 1.2183e-02, 
 2DIAGNOSTIC,    21, -7.500396966934e-01, 2.353461059101e-05, 9.3254e-01, 1.2811e-02, 
 2DIAGNOSTIC,    22, -7.501280903816e-01, 2.252463491459e-05, 9.5040e-01, 1.7853e-02, 
 2DIAGNOSTIC,    23, -7.501546740532e-01, 2.178182876378e-05, 9.6168e-01, 1.1280e-02, 
 2DIAGNOSTIC,    24, -7.501482963562e-01, 2.195553133788e-05, 9.7560e-01, 1.3926e-02, 
 2DIAGNOSTIC,    25, -7.501926422119e-01, 2.122149817296e-05, 9.8810e-01, 1.2501e-02, 
 2DIAGNOSTIC,    26, -7.501957416534e-01, 1.874076951935e-05, 1.0002e+00, 1.2145e-02, 
 2DIAGNOSTIC,    27, -7.502143979073e-01, 1.591341788298e-05, 1.0145e+00, 1.4301e-02, 
 2DIAGNOSTIC,    28, -7.502160072327e-01, 1.257523308595e-05, 1.0251e+00, 1.0517e-02, 
 2DIAGNOSTIC,    29, -7.502174973488e-01, 8.764342055656e-06, 1.0364e+00, 1.1287e-02, 
 2DIAGNOSTIC,    30, -7.502411007881e-01, 5.543108272832e-06, 1.0553e+00, 1.8907e-02, 
 2DIAGNOSTIC,    31, -7.502352595329e-01, 4.032618562633e-06, 1.0687e+00, 1.3482e-02, 
 2DIAGNOSTIC,    32, -7.502359747887e-01, 3.389745188542e-06, 1.0801e+00, 1.1404e-02, 
 2DIAGNOSTIC,    33, -7.502222061157e-01, 2.717398729146e-06, 1.0915e+00, 1.1400e-02, 
 2DIAGNOSTIC,    34, -7.502220869064e-01, 1.837585841713e-06, 1.1042e+00, 1.2694e-02, 
 2DIAGNOSTIC,    35, -7.502223253250e-01, 1.402197767675e-06, 1.1213e+00, 1.7015e-02, 
DIAGNOSTIC,Iteration,metricValue,convergenceValue,ITERATION_TIME_INDEX,SINCE_LAST
 2DIAGNOSTIC,     1, -6.284071207047e-01, inf, 1.3843e+00, 2.6309e-01, 
 2DIAGNOSTIC,     2, -6.291567683220e-01, inf, 1.4399e+00, 5.5537e-02, 
 2DIAGNOSTIC,     3, -6.301305294037e-01, inf, 1.4940e+00, 5.4105e-02, 
 2DIAGNOSTIC,     4, -6.312938332558e-01, inf, 1.5472e+00, 5.3205e-02, 
 2DIAGNOSTIC,     5, -6.322162151337e-01, inf, 1.5998e+00, 5.2576e-02, 
 2DIAGNOSTIC,     6, -6.326956748962e-01, inf, 1.6820e+00, 8.2225e-02, 
 2DIAGNOSTIC,     7, -6.327098608017e-01, inf, 1.7522e+00, 7.0229e-02, 
 2DIAGNOSTIC,     8, -6.327139139175e-01, inf, 1.8107e+00, 5.8495e-02, 
 2DIAGNOSTIC,     9, -6.327103972435e-01, inf, 1.8671e+00, 5.6339e-02, 
 2DIAGNOSTIC,    10, -6.327087283134e-01, 4.514662141446e-04, 1.9527e+00, 8.5625e-02, 
 2DIAGNOSTIC,    11, -6.327087283134e-01, 2.906272129621e-04, 2.0306e+00, 7.7916e-02, 
 2DIAGNOSTIC,    12, -6.327088475227e-01, 1.589177554706e-04, 2.0945e+00, 6.3956e-02, 
 2DIAGNOSTIC,    13, -6.327087283134e-01, 6.658392521786e-05, 2.1530e+00, 5.8442e-02, 
 2DIAGNOSTIC,    14, -6.327089071274e-01, 1.836249248299e-05, 2.2108e+00, 5.7858e-02, 
 2DIAGNOSTIC,    15, -6.327076554298e-01, 2.326799176444e-06, 2.2690e+00, 5.8171e-02, 
 2DIAGNOSTIC,    16, -6.327074766159e-01, 1.741001142364e-06, 2.3268e+00, 5.7792e-02, 
 2DIAGNOSTIC,    17, -6.327074170113e-01, 1.615719497750e-06, 2.3868e+00, 5.9951e-02, 
 2DIAGNOSTIC,    18, -6.327074170113e-01, 1.630943984310e-06, 2.4478e+00, 6.1003e-02, 
 2DIAGNOSTIC,    19, -6.327074766159e-01, 1.576696831762e-06, 2.5056e+00, 5.7795e-02, 
 2DIAGNOSTIC,    20, -6.327075958252e-01, 1.502662485109e-06, 2.5658e+00, 6.0268e-02, 
 2DIAGNOSTIC,    21, -6.327075958252e-01, 1.444082954549e-06, 2.6272e+00, 6.1369e-02, 
 2DIAGNOSTIC,    22, -6.327077746391e-01, 1.403433998348e-06, 2.6860e+00, 5.8759e-02, 
 2DIAGNOSTIC,    23, -6.327074766159e-01, 1.361746626571e-06, 2.7438e+00, 5.7818e-02, 
 2DIAGNOSTIC,    24, -6.327075362206e-01, 1.330894406237e-06, 2.8044e+00, 6.0602e-02, 
 2DIAGNOSTIC,    25, -6.327073574066e-01, 1.276372017855e-06, 2.8630e+00, 5.8593e-02, 
 2DIAGNOSTIC,    26, -6.327071785927e-01, 1.219626938109e-06, 2.9247e+00, 6.1715e-02, 
 2DIAGNOSTIC,    27, -6.327072978020e-01, 1.168605990642e-06, 2.9848e+00, 6.0117e-02, 
 2DIAGNOSTIC,    28, -6.327072978020e-01, 1.122137746279e-06, 3.0422e+00, 5.7427e-02, 
 2DIAGNOSTIC,    29, -6.327074170113e-01, 1.083019697035e-06, 3.1007e+00, 5.8431e-02, 
 2DIAGNOSTIC,    30, -6.327074170113e-01, 1.049668298947e-06, 3.1589e+00, 5.8199e-02, 
 2DIAGNOSTIC,    31, -6.327074766159e-01, 1.020364038595e-06, 3.2372e+00, 7.8358e-02, 
DIAGNOSTIC,Iteration,metricValue,convergenceValue,ITERATION_TIME_INDEX,SINCE_LAST
 2DIAGNOSTIC,     1, -5.581060051918e-01, inf, 4.0976e+00, 8.6039e-01, 
 2DIAGNOSTIC,     2, -5.585367679596e-01, inf, 4.4414e+00, 3.4381e-01, 
 2DIAGNOSTIC,     3, -5.590434670448e-01, inf, 4.7733e+00, 3.3192e-01, 
 2DIAGNOSTIC,     4, -5.595462918282e-01, inf, 5.1079e+00, 3.3456e-01, 
 2DIAGNOSTIC,     5, -5.597541332245e-01, inf, 5.5548e+00, 4.4692e-01, 
 2DIAGNOSTIC,     6, -5.598983764648e-01, inf, 5.8864e+00, 3.3157e-01, 
 2DIAGNOSTIC,     7, -5.599042773247e-01, inf, 6.2530e+00, 3.6662e-01, 
 2DIAGNOSTIC,     8, -5.599197745323e-01, inf, 6.6170e+00, 3.6400e-01, 
 2DIAGNOSTIC,     9, -5.599326491356e-01, inf, 6.9805e+00, 3.6349e-01, 
 2DIAGNOSTIC,    10, -5.599465370178e-01, 1.995891070692e-04, 7.3645e+00, 3.8400e-01, 
 2DIAGNOSTIC,    11, -5.599520802498e-01, 1.208241665154e-04, 7.7302e+00, 3.6571e-01, 
 2DIAGNOSTIC,    12, -5.599560737610e-01, 6.278989167186e-05, 8.0888e+00, 3.5863e-01, 
 2DIAGNOSTIC,    13, -5.599560737610e-01, 2.767753721855e-05, 8.4542e+00, 3.6539e-01, 
 2DIAGNOSTIC,    14, -5.599559545517e-01, 1.337325647910e-05, 8.8211e+00, 3.6692e-01, 
 2DIAGNOSTIC,    15, -5.599558949471e-01, 6.861923793622e-06, 9.1851e+00, 3.6393e-01, 
 2DIAGNOSTIC,    16, -5.599551796913e-01, 5.288026386552e-06, 9.5797e+00, 3.9468e-01, 
 2DIAGNOSTIC,    17, -5.599538683891e-01, 3.728833007699e-06, 9.9660e+00, 3.8622e-01, 
 2DIAGNOSTIC,    18, -5.599533319473e-01, 2.590753865661e-06, 1.0352e+01, 3.8572e-01, 
 2DIAGNOSTIC,    19, -5.599526166916e-01, 1.813887024582e-06, 1.0775e+01, 4.2357e-01, 
 2DIAGNOSTIC,    20, -5.599532723427e-01, 1.468186610509e-06, 1.1131e+01, 3.5602e-01, 
 2DIAGNOSTIC,    21, -5.599532723427e-01, 1.297643621001e-06, 1.1492e+01, 3.6105e-01, 
 2DIAGNOSTIC,    22, -5.599529743195e-01, 1.248711214430e-06, 1.1970e+01, 4.7766e-01, 
 2DIAGNOSTIC,    23, -5.599527955055e-01, 1.219186060553e-06, 1.2338e+01, 3.6822e-01, 
 2DIAGNOSTIC,    24, -5.599527359009e-01, 1.203427359542e-06, 1.2721e+01, 3.8302e-01, 
 2DIAGNOSTIC,    25, -5.599528551102e-01, 1.201280497298e-06, 1.3088e+01, 3.6715e-01, 
 2DIAGNOSTIC,    26, -5.599528551102e-01, 1.192278546114e-06, 1.3454e+01, 3.6516e-01, 
 2DIAGNOSTIC,    27, -5.599528551102e-01, 1.162704961644e-06, 1.3810e+01, 3.5615e-01, 
 2DIAGNOSTIC,    28, -5.599527955055e-01, 1.126558572651e-06, 1.4254e+01, 4.4441e-01, 
 2DIAGNOSTIC,    29, -5.599527359009e-01, 1.079908997781e-06, 1.4623e+01, 3.6932e-01, 
 2DIAGNOSTIC,    30, -5.599526762962e-01, 1.047971295520e-06, 1.4986e+01, 3.6263e-01, 
 2DIAGNOSTIC,    31, -5.599526762962e-01, 1.019375758915e-06, 1.5353e+01, 3.6693e-01, 
  Elapsed time (stage 1): 1.5631e+01


Stage 2
  iterations = 100x70x50x20
  convergence threshold = 1.0000e-06
  convergence window size = 10
  number of levels = 4
  using the CC metric (radius = 4, weight = 1.0000e+00, use gradient filter = 0)
  preprocessing:  winsorizing the image intensities
  Shrink factors (level 1 out of 4): [8, 8, 8]
  Shrink factors (level 2 out of 4): [4, 4, 4]
  Shrink factors (level 3 out of 4): [2, 2, 2]
  Shrink factors (level 4 out of 4): [1, 1, 1]
  smoothing sigmas per level: [3, 2, 1, 0]
  Using default NONE metricSamplingStrategy 

*** Running SyN registration (varianceForUpdateField = 3.0000e+00, varianceForTotalField = 0.0000e+00) ***

XXDIAGNOSTIC,Iteration,metricValue,convergenceValue,ITERATION_TIME_INDEX,SINCE_LAST
 1DIAGNOSTIC,     1, -9.510328173637e-01, inf, 1.8106e-01, 1.8106e-01, 
 1DIAGNOSTIC,     2, -9.581115245819e-01, inf, 2.8342e-01, 1.0237e-01, 
 1DIAGNOSTIC,     3, -9.641194343567e-01, inf, 3.7190e-01, 8.8472e-02, 
 1DIAGNOSTIC,     4, -9.684368968010e-01, inf, 4.5641e-01, 8.4511e-02, 
 1DIAGNOSTIC,     5, -9.711343050003e-01, inf, 5.4267e-01, 8.6258e-02, 
 1DIAGNOSTIC,     6, -9.732919931412e-01, inf, 6.3663e-01, 9.3963e-02, 
 1DIAGNOSTIC,     7, -9.751616716385e-01, inf, 7.2491e-01, 8.8285e-02, 
 1DIAGNOSTIC,     8, -9.767806529999e-01, inf, 8.0441e-01, 7.9501e-02, 
 1DIAGNOSTIC,     9, -9.780967235565e-01, inf, 8.9622e-01, 9.1810e-02, 
 1DIAGNOSTIC,    10, -9.791908264160e-01, 1.703476882540e-03, 9.9419e-01, 9.7966e-02, 
 1DIAGNOSTIC,    11, -9.801056385040e-01, 1.197931938805e-03, 1.0827e+00, 8.8513e-02, 
 1DIAGNOSTIC,    12, -9.808662533760e-01, 8.586768526584e-04, 1.1760e+00, 9.3288e-02, 
 1DIAGNOSTIC,    13, -9.814280271530e-01, 6.405920139514e-04, 1.2737e+00, 9.7736e-02, 
 1DIAGNOSTIC,    14, -9.818886518478e-01, 4.947679117322e-04, 1.3636e+00, 8.9893e-02, 
 1DIAGNOSTIC,    15, -9.822723269463e-01, 3.829269844573e-04, 1.4484e+00, 8.4795e-02, 
 1DIAGNOSTIC,    16, -9.825930595398e-01, 2.949074259959e-04, 1.5448e+00, 9.6350e-02, 
 1DIAGNOSTIC,    17, -9.828581213951e-01, 2.265126822749e-04, 1.6306e+00, 8.5803e-02, 
 1DIAGNOSTIC,    18, -9.830850362778e-01, 1.745846238919e-04, 1.7328e+00, 1.0227e-01, 
 1DIAGNOSTIC,    19, -9.832781553268e-01, 1.350351667497e-04, 1.8240e+00, 9.1172e-02, 
 1DIAGNOSTIC,    20, -9.834434986115e-01, 1.051939179888e-04, 1.9127e+00, 8.8720e-02, 
 1DIAGNOSTIC,    21, -9.835835099220e-01, 8.299665933009e-05, 1.9976e+00, 8.4858e-02, 
 1DIAGNOSTIC,    22, -9.837042689323e-01, 6.675834447378e-05, 2.0941e+00, 9.6508e-02, 
 1DIAGNOSTIC,    23, -9.838111400604e-01, 5.419084845926e-05, 2.1837e+00, 8.9583e-02, 
 1DIAGNOSTIC,    24, -9.839013218880e-01, 4.432161586010e-05, 2.2757e+00, 9.2035e-02, 
 1DIAGNOSTIC,    25, -9.839850068092e-01, 3.658131390694e-05, 2.3714e+00, 9.5696e-02, 
 1DIAGNOSTIC,    26, -9.840512275696e-01, 3.039444709430e-05, 2.4554e+00, 8.3968e-02, 
 1DIAGNOSTIC,    27, -9.841195344925e-01, 2.546907307988e-05, 2.5608e+00, 1.0546e-01, 
 1DIAGNOSTIC,    28, -9.841653108597e-01, 2.139949901903e-05, 2.6687e+00, 1.0789e-01, 
 1DIAGNOSTIC,    29, -9.842317104340e-01, 1.827178130043e-05, 2.7622e+00, 9.3443e-02, 
 1DIAGNOSTIC,    30, -9.842525720596e-01, 1.550389242766e-05, 2.8502e+00, 8.8005e-02, 
 1DIAGNOSTIC,    31, -9.843161702156e-01, 1.344285374216e-05, 2.9399e+00, 8.9749e-02, 
 1DIAGNOSTIC,    32, -9.843034744263e-01, 1.129171141656e-05, 3.0389e+00, 9.9006e-02, 
 1DIAGNOSTIC,    33, -9.843589067459e-01, 9.720515663503e-06, 3.1331e+00, 9.4181e-02, 
 1DIAGNOSTIC,    34, -9.843002557755e-01, 7.658853974135e-06, 3.2269e+00, 9.3806e-02, 
 1DIAGNOSTIC,    35, -9.843395948410e-01, 6.105319698690e-06, 3.3201e+00, 9.3223e-02, 
 1DIAGNOSTIC,    36, -9.842551946640e-01, 3.979384018749e-06, 3.4083e+00, 8.8145e-02, 
 1DIAGNOSTIC,    37, -9.842891097069e-01, 2.488183554306e-06, 3.5116e+00, 1.0336e-01, 
 1DIAGNOSTIC,    38, -9.842097163200e-01, 6.444971063502e-07, 3.6130e+00, 1.0135e-01, 
XXDIAGNOSTIC,Iteration,metricValue,convergenceValue,ITERATION_TIME_INDEX,SINCE_LAST
 1DIAGNOSTIC,     1, -9.496402740479e-01, inf, 4.1234e+00, 5.1037e-01, 
 1DIAGNOSTIC,     2, -9.516257047653e-01, inf, 4.5326e+00, 4.0921e-01, 
 1DIAGNOSTIC,     3, -9.541454315186e-01, inf, 4.9515e+00, 4.1890e-01, 
 1DIAGNOSTIC,     4, -9.566506743431e-01, inf, 5.3719e+00, 4.2038e-01, 
 1DIAGNOSTIC,     5, -9.584937095642e-01, inf, 5.7988e+00, 4.2698e-01, 
 1DIAGNOSTIC,     6, -9.601247906685e-01, inf, 6.2108e+00, 4.1199e-01, 
 1DIAGNOSTIC,     7, -9.615090489388e-01, inf, 6.6240e+00, 4.1322e-01, 
 1DIAGNOSTIC,     8, -9.627651572227e-01, inf, 7.0332e+00, 4.0914e-01, 
 1DIAGNOSTIC,     9, -9.638877511024e-01, inf, 7.4465e+00, 4.1328e-01, 
 1DIAGNOSTIC,    10, -9.648965001106e-01, 1.028016558848e-03, 7.8771e+00, 4.3068e-01, 
 1DIAGNOSTIC,    11, -9.658262729645e-01, 8.352684089914e-04, 8.2872e+00, 4.1008e-01, 
 1DIAGNOSTIC,    12, -9.666705131531e-01, 6.690078298561e-04, 8.6971e+00, 4.0985e-01, 
 1DIAGNOSTIC,    13, -9.674123525620e-01, 5.414513288997e-04, 9.1067e+00, 4.0962e-01, 
 1DIAGNOSTIC,    14, -9.680804014206e-01, 4.496219626162e-04, 9.5309e+00, 4.2420e-01, 
 1DIAGNOSTIC,    15, -9.686512351036e-01, 3.762593551073e-04, 9.9357e+00, 4.0476e-01, 
 1DIAGNOSTIC,    16, -9.691553711891e-01, 3.168006078340e-04, 1.0341e+01, 4.0580e-01, 
 1DIAGNOSTIC,    17, -9.694792032242e-01, 2.646860957611e-04, 1.0764e+01, 4.2245e-01, 
 1DIAGNOSTIC,    18, -9.698867797852e-01, 2.211381506640e-04, 1.1190e+01, 4.2580e-01, 
 1DIAGNOSTIC,    19, -9.702558517456e-01, 1.847453531809e-04, 1.1598e+01, 4.0864e-01, 
 1DIAGNOSTIC,    20, -9.704673886299e-01, 1.527324639028e-04, 1.2020e+01, 4.2157e-01, 
 1DIAGNOSTIC,    21, -9.706166386604e-01, 1.247086620424e-04, 1.2426e+01, 4.0597e-01, 
 1DIAGNOSTIC,    22, -9.708431959152e-01, 1.019844712573e-04, 1.2846e+01, 4.1995e-01, 
 1DIAGNOSTIC,    23, -9.710102081299e-01, 8.330144919455e-05, 1.3268e+01, 4.2180e-01, 
 1DIAGNOSTIC,    24, -9.712513089180e-01, 6.950697570574e-05, 1.3692e+01, 4.2395e-01, 
 1DIAGNOSTIC,    25, -9.713847041130e-01, 5.859438169864e-05, 1.4117e+01, 4.2520e-01, 
 1DIAGNOSTIC,    26, -9.714971780777e-01, 5.011213579564e-05, 1.4556e+01, 4.3969e-01, 
 1DIAGNOSTIC,    27, -9.716019630432e-01, 4.226126111462e-05, 1.4971e+01, 4.1487e-01, 
 1DIAGNOSTIC,    28, -9.716915488243e-01, 3.622524673119e-05, 1.5406e+01, 4.3484e-01, 
 1DIAGNOSTIC,    29, -9.717663526535e-01, 3.174593075528e-05, 1.5823e+01, 4.1635e-01, 
 1DIAGNOSTIC,    30, -9.718288779259e-01, 2.734034387686e-05, 1.6253e+01, 4.3041e-01, 
 1DIAGNOSTIC,    31, -9.718818664551e-01, 2.262648740725e-05, 1.6666e+01, 4.1261e-01, 
 1DIAGNOSTIC,    32, -9.719297289848e-01, 1.866847196652e-05, 1.7064e+01, 3.9821e-01, 
 1DIAGNOSTIC,    33, -9.719725847244e-01, 1.509801495558e-05, 1.7494e+01, 4.3051e-01, 
 1DIAGNOSTIC,    34, -9.720095396042e-01, 1.278110266867e-05, 1.7922e+01, 4.2799e-01, 
 1DIAGNOSTIC,    35, -9.720302820206e-01, 1.075169438991e-05, 1.8348e+01, 4.2586e-01, 
 1DIAGNOSTIC,    36, -9.720538854599e-01, 8.999059900816e-06, 1.8783e+01, 4.3497e-01, 
 1DIAGNOSTIC,    37, -9.720683693886e-01, 7.503993856517e-06, 1.9198e+01, 4.1491e-01, 
 1DIAGNOSTIC,    38, -9.720838665962e-01, 6.257624136197e-06, 1.9601e+01, 4.0273e-01, 
 1DIAGNOSTIC,    39, -9.720971584320e-01, 5.214452357905e-06, 2.0015e+01, 4.1426e-01, 
 1DIAGNOSTIC,    40, -9.721071720123e-01, 4.331541731517e-06, 2.0424e+01, 4.0924e-01, 
 1DIAGNOSTIC,    41, -9.721140861511e-01, 3.579214990168e-06, 2.0834e+01, 4.0971e-01, 
 1DIAGNOSTIC,    42, -9.721218347549e-01, 2.979516693813e-06, 2.1242e+01, 4.0806e-01, 
 1DIAGNOSTIC,    43, -9.721279144287e-01, 2.524809588067e-06, 2.1657e+01, 4.1506e-01, 
 1DIAGNOSTIC,    44, -9.721360206604e-01, 2.218817371613e-06, 2.2063e+01, 4.0624e-01, 
 1DIAGNOSTIC,    45, -9.721390604973e-01, 1.935440877787e-06, 2.2470e+01, 4.0648e-01, 
 1DIAGNOSTIC,    46, -9.721366167068e-01, 1.681657636254e-06, 2.2890e+01, 4.2057e-01, 
 1DIAGNOSTIC,    47, -9.721158742905e-01, 1.304740067098e-06, 2.3321e+01, 4.3023e-01, 
 1DIAGNOSTIC,    48, -9.720857739449e-01, 7.962813128870e-07, 2.3747e+01, 4.2621e-01, 
XXDIAGNOSTIC,Iteration,metricValue,convergenceValue,ITERATION_TIME_INDEX,SINCE_LAST
 1DIAGNOSTIC,     1, -9.197340607643e-01, inf, 2.6262e+01, 2.5153e+00, 
 1DIAGNOSTIC,     2, -9.216849803925e-01, inf, 2.8639e+01, 2.3764e+00, 
 1DIAGNOSTIC,     3, -9.239741563797e-01, inf, 3.1060e+01, 2.4210e+00, 
 1DIAGNOSTIC,     4, -9.260715246201e-01, inf, 3.3423e+01, 2.3632e+00, 
 1DIAGNOSTIC,     5, -9.281158447266e-01, inf, 3.5845e+01, 2.4224e+00, 
 1DIAGNOSTIC,     6, -9.298596382141e-01, inf, 3.8248e+01, 2.4028e+00, 
 1DIAGNOSTIC,     7, -9.315277934074e-01, inf, 4.0739e+01, 2.4911e+00, 
 1DIAGNOSTIC,     8, -9.331411123276e-01, inf, 4.3200e+01, 2.4605e+00, 
 1DIAGNOSTIC,     9, -9.347152113914e-01, inf, 4.5715e+01, 2.5154e+00, 
 1DIAGNOSTIC,    10, -9.362167716026e-01, 1.139940810390e-03, 4.8147e+01, 2.4322e+00, 
 1DIAGNOSTIC,    11, -9.376002550125e-01, 9.843329899013e-04, 5.0693e+01, 2.5456e+00, 
 1DIAGNOSTIC,    12, -9.387783408165e-01, 8.454214548692e-04, 5.3188e+01, 2.4948e+00, 
 1DIAGNOSTIC,    13, -9.399487972260e-01, 7.322977180593e-04, 5.5694e+01, 2.5062e+00, 
 1DIAGNOSTIC,    14, -9.409165382385e-01, 6.349981995299e-04, 5.8195e+01, 2.5014e+00, 
 1DIAGNOSTIC,    15, -9.417831897736e-01, 5.515006487258e-04, 6.0691e+01, 2.4960e+00, 
 1DIAGNOSTIC,    16, -9.426239728928e-01, 4.768067738041e-04, 6.3177e+01, 2.4860e+00, 
 1DIAGNOSTIC,    17, -9.432782530785e-01, 4.083392559551e-04, 6.6101e+01, 2.9236e+00, 
 1DIAGNOSTIC,    18, -9.439235925674e-01, 3.477420541458e-04, 6.8783e+01, 2.6825e+00, 
 1DIAGNOSTIC,    19, -9.445648193359e-01, 2.965419844259e-04, 7.1336e+01, 2.5524e+00, 
 1DIAGNOSTIC,    20, -9.452177286148e-01, 2.554379752837e-04, 7.3842e+01, 2.5068e+00, 
 1DIAGNOSTIC,    21, -9.458307027817e-01, 2.231743565062e-04, 7.6340e+01, 2.4975e+00, 
 1DIAGNOSTIC,    22, -9.463974237442e-01, 1.969359727809e-04, 7.9176e+01, 2.8357e+00, 
 1DIAGNOSTIC,    23, -9.468996524811e-01, 1.765547785908e-04, 8.1925e+01, 2.7489e+00, 
 1DIAGNOSTIC,    24, -9.473503232002e-01, 1.591811451362e-04, 8.4748e+01, 2.8238e+00, 
 1DIAGNOSTIC,    25, -9.477587938309e-01, 1.436257443856e-04, 8.7435e+01, 2.6866e+00, 
 1DIAGNOSTIC,    26, -9.481328129768e-01, 1.298961142311e-04, 8.9918e+01, 2.4829e+00, 
 1DIAGNOSTIC,    27, -9.484722018242e-01, 1.160878236988e-04, 9.2448e+01, 2.5296e+00, 
 1DIAGNOSTIC,    28, -9.487847685814e-01, 1.026770551107e-04, 9.5306e+01, 2.8585e+00, 
 1DIAGNOSTIC,    29, -9.490756392479e-01, 9.021859295899e-05, 9.8066e+01, 2.7599e+00, 
 1DIAGNOSTIC,    30, -9.493433237076e-01, 7.934311724966e-05, 1.0077e+02, 2.7010e+00, 
 1DIAGNOSTIC,    31, -9.495879411697e-01, 7.002842176007e-05, 1.0330e+02, 2.5309e+00, 
 1DIAGNOSTIC,    32, -9.498118162155e-01, 6.214441964403e-05, 1.0579e+02, 2.4903e+00, 
 1DIAGNOSTIC,    33, -9.500178098679e-01, 5.535267700907e-05, 1.0837e+02, 2.5822e+00, 
 1DIAGNOSTIC,    34, -9.502103328705e-01, 4.944812462782e-05, 1.1119e+02, 2.8235e+00, 
 1DIAGNOSTIC,    35, -9.503934979439e-01, 4.431832712726e-05, 1.1391e+02, 2.7116e+00, 
 1DIAGNOSTIC,    36, -9.505677223206e-01, 3.989198739873e-05, 1.1646e+02, 2.5566e+00, 
 1DIAGNOSTIC,    37, -9.507325887680e-01, 3.606009340729e-05, 1.1903e+02, 2.5647e+00, 
 1DIAGNOSTIC,    38, -9.508916139603e-01, 3.278030635556e-05, 1.2153e+02, 2.5039e+00, 
 1DIAGNOSTIC,    39, -9.510437250137e-01, 3.001189179486e-05, 1.2407e+02, 2.5390e+00, 
 1DIAGNOSTIC,    40, -9.511942267418e-01, 2.771476829366e-05, 1.2663e+02, 2.5602e+00, 
 1DIAGNOSTIC,    41, -9.513398408890e-01, 2.579726060503e-05, 1.2914e+02, 2.5089e+00, 
 1DIAGNOSTIC,    42, -9.514811038971e-01, 2.417281029921e-05, 1.3163e+02, 2.4922e+00, 
 1DIAGNOSTIC,    43, -9.516175389290e-01, 2.275984297739e-05, 1.3416e+02, 2.5334e+00, 
 1DIAGNOSTIC,    44, -9.517515897751e-01, 2.151713124476e-05, 1.3662e+02, 2.4576e+00, 
 1DIAGNOSTIC,    45, -9.518862962723e-01, 2.044427674264e-05, 1.3913e+02, 2.5053e+00, 
 1DIAGNOSTIC,    46, -9.520236253738e-01, 1.954563231266e-05, 1.4160e+02, 2.4708e+00, 
 1DIAGNOSTIC,    47, -9.521527886391e-01, 1.874118242995e-05, 1.4411e+02, 2.5138e+00, 
 1DIAGNOSTIC,    48, -9.522806406021e-01, 1.802000042517e-05, 1.4655e+02, 2.4385e+00, 
 1DIAGNOSTIC,    49, -9.524048566818e-01, 1.734320176183e-05, 1.4906e+02, 2.5124e+00, 
 1DIAGNOSTIC,    50, -9.525310993195e-01, 1.673963561188e-05, 1.5157e+02, 2.5023e+00, 
XXDIAGNOSTIC,Iteration,metricValue,convergenceValue,ITERATION_TIME_INDEX,SINCE_LAST
 1DIAGNOSTIC,     1, -8.815425634384e-01, inf, 1.7105e+02, 1.9484e+01, 
 1DIAGNOSTIC,     2, -8.825716972351e-01, inf, 1.9039e+02, 1.9345e+01, 
 1DIAGNOSTIC,     3, -8.840394020081e-01, inf, 2.0937e+02, 1.8976e+01, 
 1DIAGNOSTIC,     4, -8.856494426727e-01, inf, 2.2792e+02, 1.8550e+01, 
 1DIAGNOSTIC,     5, -8.875026702881e-01, inf, 2.4664e+02, 1.8717e+01, 
 1DIAGNOSTIC,     6, -8.890673518181e-01, inf, 2.6522e+02, 1.8587e+01, 
 1DIAGNOSTIC,     7, -8.905483484268e-01, inf, 2.8392e+02, 1.8693e+01, 
 1DIAGNOSTIC,     8, -8.920103311539e-01, inf, 3.0274e+02, 1.8829e+01, 
 1DIAGNOSTIC,     9, -8.931934237480e-01, inf, 3.2132e+02, 1.8575e+01, 
 1DIAGNOSTIC,    10, -8.942853212357e-01, 9.685545810498e-04, 3.3984e+02, 1.8516e+01, 
 1DIAGNOSTIC,    11, -8.953000903130e-01, 8.554655360058e-04, 3.5841e+02, 1.8574e+01, 
 1DIAGNOSTIC,    12, -8.962732553482e-01, 7.375405402854e-04, 3.7705e+02, 1.8640e+01, 
 1DIAGNOSTIC,    13, -8.972253799438e-01, 6.302169640549e-04, 3.9568e+02, 1.8630e+01, 
 1DIAGNOSTIC,    14, -8.982232213020e-01, 5.398864741437e-04, 4.1425e+02, 1.8571e+01, 
 1DIAGNOSTIC,    15, -8.989757299423e-01, 4.673672374338e-04, 4.3302e+02, 1.8772e+01, 
 1DIAGNOSTIC,    16, -8.996638059616e-01, 4.057244223077e-04, 4.5199e+02, 1.8966e+01, 
 1DIAGNOSTIC,    17, -9.002927541733e-01, 3.532485279720e-04, 4.7068e+02, 1.8691e+01, 
 1DIAGNOSTIC,    18, -9.008808732033e-01, 3.100199101027e-04, 4.8947e+02, 1.8787e+01, 
 1DIAGNOSTIC,    19, -9.014109969139e-01, 2.711088454816e-04, 5.0816e+02, 1.8693e+01, 
 1DIAGNOSTIC,    20, -9.019042253494e-01, 2.360052894801e-04, 5.2699e+02, 1.8830e+01, 
  Elapsed time (stage 2): 527.3


Total elapsed time: 554.7
 Registration finished. The antsRegistration call was:
--------------------------------------------------------------------------------------
/opt/ants/bin/antsRegistration --verbose 1 --dimensionality 3 --float 1 --collapse-output-transforms 1 --output [ /data/derivatives/ants/registrationSyN-fp/sub-s029/ses-open/anat/,/data/derivatives/ants/registrationSyN-fp/sub-s029/ses-open/anat/Warped.nii.gz,/data/derivatives/ants/registrationSyN-fp/sub-s029/ses-open/anat/InverseWarped.nii.gz ] --interpolation Linear --use-histogram-matching 0 --winsorize-image-intensities [ 0.005,0.995 ] --initial-moving-transform [ /templateflow/tpl-MNI152NLin2009cAsym//tpl-MNI152NLin2009cAsym_res-01_desc-brain_T1w.nii.gz,/data/derivatives/fsl/fast/sub-s029/ses-open/anat/BrainExtractionBrain_seg.nii.gz,1 ] --transform Rigid[ 0.1 ] --metric MI[ /templateflow/tpl-MNI152NLin2009cAsym//tpl-MNI152NLin2009cAsym_res-01_desc-brain_T1w.nii.gz,/data/derivatives/fsl/fast/sub-s029/ses-open/anat/BrainExtractionBrain_seg.nii.gz,1,32,Regular,0.25 ] --convergence [ 1000x500x250x100,1e-6,10 ] --shrink-factors 8x4x2x1 --smoothing-sigmas 3x2x1x0vox --transform Affine[ 0.1 ] --metric MI[ /templateflow/tpl-MNI152NLin2009cAsym//tpl-MNI152NLin2009cAsym_res-01_desc-brain_T1w.nii.gz,/data/derivatives/fsl/fast/sub-s029/ses-open/anat/BrainExtractionBrain_seg.nii.gz,1,32,Regular,0.25 ] --convergence [ 1000x500x250x100,1e-6,10 ] --shrink-factors 8x4x2x1 --smoothing-sigmas 3x2x1x0vox --transform SyN[ 0.1,3,0 ] --metric CC[ /templateflow/tpl-MNI152NLin2009cAsym//tpl-MNI152NLin2009cAsym_res-01_desc-brain_T1w.nii.gz,/data/derivatives/fsl/fast/sub-s029/ses-open/anat/BrainExtractionBrain_seg.nii.gz,1,4 ] --convergence [ 100x70x50x20,1e-6,10 ] --shrink-factors 8x4x2x1 --smoothing-sigmas 3x2x1x0vox
--------------------------------------------------------------------------------------
Moving image resampled into fixed space: /data/derivatives/ants/registrationSyN-fp/sub-s029/ses-open/anat/Warped.nii.gz
Fixed image resampled into moving space: /data/derivatives/ants/registrationSyN-fp/sub-s029/ses-open/anat/InverseWarped.nii.gz
--------------------------------------------------------------------------------------
Elapsed Time: 558.495s
    SP GFLOPS: 3.088
    DP GFLOPS: 11.492
    x87 GFLOPS: 0.000
    CPI Rate: 0.550
    Average CPU Frequency: 2.769 GHz
    Total Thread Count: 77
Effective Physical Core Utilization: 81.6% (26.127 out of 32)
    Effective Logical Core Utilization: 42.5% (27.196 out of 64)
     | The metric value is low, which may signal a poor utilization of logical
     | CPU cores while the utilization of physical cores is acceptable. Consider
     | using logical cores, which in some cases can improve processor throughput
     | and overall performance of multi-threaded applications.
     |
Memory Bound: 20.4% of Pipeline Slots
 | The metric value is high. This can indicate that the significant fraction of
 | execution pipeline slots could be stalled due to demand memory load and
 | stores. Use Memory Access analysis to have the metric breakdown by memory
 | hierarchy, memory bandwidth information, correlation by memory objects.
 |
    Cache Bound: 12.5% of Clockticks
    DRAM Bound: 0.2% of Clockticks
        DRAM Bandwidth Bound: 0.0% of Elapsed Time
    NUMA: % of Remote Accesses: 33.3%

    Bandwidth Utilization
    Bandwidth Domain             Platform Maximum  Observed Maximum  Average  % of Elapsed Time with High BW Utilization(%)
    ---------------------------  ----------------  ----------------  -------  ---------------------------------------------
    DRAM, GB/sec                 214                         94.600    1.551                                           0.0%
    DRAM Single-Package, GB/sec  107                         68.800    1.193                                           0.0%
Vectorization: 0.0% of Packed FP Operations
 | This code has floating point operations and is not vectorized. Consider
 | either recompiling the code with optimization options that allow
 | vectorization or using Intel Advisor to vectorize the loops.
 |
    Instruction Mix
        SP FLOPs: 2.8% of uOps
            Packed: 0.0% from SP FP
                128-bit: 0.0% from SP FP
                256-bit: 0.0% from SP FP
                512-bit: 0.0% from SP FP
            Scalar: 100.0% from SP FP
             | This code has floating point operations and is not vectorized.
             | Consider either recompiling the code with optimization options
             | that allow vectorization or using Intel Advisor to vectorize the
             | loops.
             |
        DP FLOPs: 10.3% of uOps
            Packed: 0.0% from DP FP
                128-bit: 0.0% from DP FP
                256-bit: 0.0% from DP FP
                512-bit: 0.0% from DP FP
            Scalar: 100.0% from DP FP
             | This code has floating point operations and is not vectorized.
             | Consider either recompiling the code with optimization options
             | that allow vectorization or using Intel Advisor to vectorize the
             | loops.
             |
        x87 FLOPs: 0.0% of uOps
        Non-FP: 87.0% of uOps
    FP Arith/Mem Rd Instr. Ratio: 0.499
     | The metric value is low. This can be a result of unaligned access to data
     | for vector operations. Use Intel Advisor to find possible data access
     | inefficiencies for vector operations.
     |
    FP Arith/Mem Wr Instr. Ratio: 1.045
Collection and Platform Info
    Application Command Line: bash "tmp-scripts/j7e6tXcqexZO5czlxB0ISUSFtobcVVU2.sh" 
    Operating System: 4.18.0-477.10.1.el8_lustre.x86_64 DISTRIB_ID=Ubuntu DISTRIB_RELEASE=20.04 DISTRIB_CODENAME=focal DISTRIB_DESCRIPTION="Ubuntu 20.04.5 LTS"
    Computer Name: comp05
    Result Size: 5.2 GB 
    Collection start time: 09:11:00 26/11/2023 UTC
    Collection stop time: 09:20:18 26/11/2023 UTC
    Collector Type: Driverless Perf per-process sampling
    CPU
        Name: Intel(R) Xeon(R) Processor code named Skylake
        Frequency: 2.095 GHz
        Logical CPU Count: 64
        Max DRAM Single-Package Bandwidth: 107.000 GB/s
        LLC size: 23.1 MB 

If you want to skip descriptions of detected performance issues in the report,
enter: vtune -report summary -report-knob show-issues=false -r <my_result_dir>.
Alternatively, you may view the report in the csv format: vtune -report
<report_name> -format=csv.
