---------------------
Profiling information

Pipeline: ants registrationSyN
NTHREAD: 32

DATASET: ds004513
SUBJECT_ID: s038

SIF_IMG: /mnt/lustre/mathdugre/containers/ants-debug.simg
DATA_DIR: /mnt/lustre/mathdugre/mri-bottleneck/datasets/ds004513

PROJECT_DIR: /mnt/lustre/mathdugre/mri-bottleneck
PROFILING_DIR: /mnt/lustre/mathdugre/mri-bottleneck/vtune_output/32-threads/ants/registrationSyN/ds004513/sub-s038/X3kmUy77Es6KdzjxD4gi0I7AbR8RaPIu
---------------------

Command to profile: bash tmp-scripts/X3kmUy77Es6KdzjxD4gi0I7AbR8RaPIu.sh

--------------------------------------------------------------------------------------
 Mapping parameters
--------------------------------------------------------------------------------------
 ANTSPATH is /opt/ants/bin

 Dimensionality:           3
 Output name prefix:       /data/derivatives/ants/registrationSyN/sub-s038/ses-open/anat/
 Fixed images:             /templateflow/tpl-MNI152NLin2009cAsym//tpl-MNI152NLin2009cAsym_res-01_desc-brain_T1w.nii.gz
 Moving images:            /data/derivatives/fsl/fast/sub-s038/ses-open/anat/BrainExtractionBrain_seg.nii.gz
 Mask images:              
 Initial transforms:       
 Number of threads:        32
 Spline distance:          26
 SyN gradient step:        0.1
 Transform type:           s
 CC radius:                4
 Precision:                d
 Use histogram matching    0
 Repro                     0
======================================================================================
 antsRegistration call:
--------------------------------------------------------------------------------------
/opt/ants/bin/antsRegistration --verbose 1 --dimensionality 3 --float 0 --collapse-output-transforms 1 --output [ /data/derivatives/ants/registrationSyN/sub-s038/ses-open/anat/,/data/derivatives/ants/registrationSyN/sub-s038/ses-open/anat/Warped.nii.gz,/data/derivatives/ants/registrationSyN/sub-s038/ses-open/anat/InverseWarped.nii.gz ] --interpolation Linear --use-histogram-matching 0 --winsorize-image-intensities [ 0.005,0.995 ] --initial-moving-transform [ /templateflow/tpl-MNI152NLin2009cAsym//tpl-MNI152NLin2009cAsym_res-01_desc-brain_T1w.nii.gz,/data/derivatives/fsl/fast/sub-s038/ses-open/anat/BrainExtractionBrain_seg.nii.gz,1 ] --transform Rigid[ 0.1 ] --metric MI[ /templateflow/tpl-MNI152NLin2009cAsym//tpl-MNI152NLin2009cAsym_res-01_desc-brain_T1w.nii.gz,/data/derivatives/fsl/fast/sub-s038/ses-open/anat/BrainExtractionBrain_seg.nii.gz,1,32,Regular,0.25 ] --convergence [ 1000x500x250x100,1e-6,10 ] --shrink-factors 8x4x2x1 --smoothing-sigmas 3x2x1x0vox --transform Affine[ 0.1 ] --metric MI[ /templateflow/tpl-MNI152NLin2009cAsym//tpl-MNI152NLin2009cAsym_res-01_desc-brain_T1w.nii.gz,/data/derivatives/fsl/fast/sub-s038/ses-open/anat/BrainExtractionBrain_seg.nii.gz,1,32,Regular,0.25 ] --convergence [ 1000x500x250x100,1e-6,10 ] --shrink-factors 8x4x2x1 --smoothing-sigmas 3x2x1x0vox --transform SyN[ 0.1,3,0 ] --metric CC[ /templateflow/tpl-MNI152NLin2009cAsym//tpl-MNI152NLin2009cAsym_res-01_desc-brain_T1w.nii.gz,/data/derivatives/fsl/fast/sub-s038/ses-open/anat/BrainExtractionBrain_seg.nii.gz,1,4 ] --convergence [ 100x70x50x20,1e-6,10 ] --shrink-factors 8x4x2x1 --smoothing-sigmas 3x2x1x0vox
--------------------------------------------------------------------------------------
All_Command_lines_OK
Using double precision for computations.
=============================================================================
The composite transform comprises the following transforms (in order): 
  1. Center of mass alignment using fixed image: /templateflow/tpl-MNI152NLin2009cAsym//tpl-MNI152NLin2009cAsym_res-01_desc-brain_T1w.nii.gz and moving image: /data/derivatives/fsl/fast/sub-s038/ses-open/anat/BrainExtractionBrain_seg.nii.gz (type = Euler3DTransform)
=============================================================================
  number of levels = 4
  number of levels = 4
  number of levels = 4
  fixed image: /templateflow/tpl-MNI152NLin2009cAsym//tpl-MNI152NLin2009cAsym_res-01_desc-brain_T1w.nii.gz
  moving image: /data/derivatives/fsl/fast/sub-s038/ses-open/anat/BrainExtractionBrain_seg.nii.gz
  fixed image: /templateflow/tpl-MNI152NLin2009cAsym//tpl-MNI152NLin2009cAsym_res-01_desc-brain_T1w.nii.gz
  moving image: /data/derivatives/fsl/fast/sub-s038/ses-open/anat/BrainExtractionBrain_seg.nii.gz
  fixed image: /templateflow/tpl-MNI152NLin2009cAsym//tpl-MNI152NLin2009cAsym_res-01_desc-brain_T1w.nii.gz
  moving image: /data/derivatives/fsl/fast/sub-s038/ses-open/anat/BrainExtractionBrain_seg.nii.gz
Dimension = 3
Number of stages = 3
Use histogram matching = false
Winsorize image intensities = true
  Lower quantile = 0.005
  Upper quantile = 0.995


Stage 1 State
   Image metric = Mattes
     Fixed image = Image (0x55b434c19f70)
  RTTI typeinfo:   itk::Image<double, 3u>
  Reference Count: 2
  Modified Time: 1717
  Debug: Off
  Object Name: 
  Observers: 
    none
  Source: (none)
  Source output name: (none)
  Release Data: Off
  Data Released: False
  Global Release Data: Off
  PipelineMTime: 0
  UpdateMTime: 1502
  RealTimeStamp: 0 seconds 
  LargestPossibleRegion: 
    Dimension: 3
    Index: [0, 0, 0]
    Size: [193, 229, 193]
  BufferedRegion: 
    Dimension: 3
    Index: [0, 0, 0]
    Size: [193, 229, 193]
  RequestedRegion: 
    Dimension: 3
    Index: [0, 0, 0]
    Size: [193, 229, 193]
  Spacing: [1, 1, 1]
  Origin: [96, 132, -78]
  Direction: 
-1 0 0
0 -1 0
0 0 1

  IndexToPointMatrix: 
-1 0 0
0 -1 0
0 0 1

  PointToIndexMatrix: 
-1 0 0
0 -1 0
0 0 1

  Inverse Direction: 
-1 0 0
0 -1 0
0 0 1

  PixelContainer: 
    ImportImageContainer (0x55b434c22cf0)
      RTTI typeinfo:   itk::ImportImageContainer<unsigned long, double>
      Reference Count: 1
      Modified Time: 1499
      Debug: Off
      Object Name: 
      Observers: 
        none
      Pointer: 0x7fd693327010
      Container manages memory: true
      Size: 8530021
      Capacity: 8530021

     Moving image = Image (0x55b434c23bc0)
  RTTI typeinfo:   itk::Image<double, 3u>
  Reference Count: 2
  Modified Time: 1718
  Debug: Off
  Object Name: 
  Observers: 
    none
  Source: (none)
  Source output name: (none)
  Release Data: Off
  Data Released: False
  Global Release Data: Off
  PipelineMTime: 0
  UpdateMTime: 1715
  RealTimeStamp: 0 seconds 
  LargestPossibleRegion: 
    Dimension: 3
    Index: [0, 0, 0]
    Size: [160, 240, 256]
  BufferedRegion: 
    Dimension: 3
    Index: [0, 0, 0]
    Size: [160, 240, 256]
  RequestedRegion: 
    Dimension: 3
    Index: [0, 0, 0]
    Size: [160, 240, 256]
  Spacing: [1, 1, 1]
  Origin: [79.5, 93.5195, -127]
  Direction: 
-1 0 0
0 -1 0
0 0 1

  IndexToPointMatrix: 
-1 0 0
0 -1 0
0 0 1

  PointToIndexMatrix: 
-1 0 0
0 -1 0
0 0 1

  Inverse Direction: 
-1 0 0
0 -1 0
0 0 1

  PixelContainer: 
    ImportImageContainer (0x55b434c23750)
      RTTI typeinfo:   itk::ImportImageContainer<unsigned long, double>
      Reference Count: 1
      Modified Time: 1712
      Debug: Off
      Object Name: 
      Observers: 
        none
      Pointer: 0x7fd68e826010
      Container manages memory: true
      Size: 9830400
      Capacity: 9830400

     Weighting = 1
     Sampling strategy = regular
     Number of bins = 32
     Radius = 4
     Sampling percentage  = 0.25
   Transform = Rigid
     Gradient step = 0.1
     Update field sigma (voxel space) = 0
     Total field sigma (voxel space) = 0
     Update field time sigma = 0
     Total field time sigma  = 0
     Number of time indices = 0
     Number of time point samples = 0
Stage 2 State
   Image metric = Mattes
     Fixed image = Image (0x55b434c4cb10)
  RTTI typeinfo:   itk::Image<double, 3u>
  Reference Count: 2
  Modified Time: 2145
  Debug: Off
  Object Name: 
  Observers: 
    none
  Source: (none)
  Source output name: (none)
  Release Data: Off
  Data Released: False
  Global Release Data: Off
  PipelineMTime: 0
  UpdateMTime: 1930
  RealTimeStamp: 0 seconds 
  LargestPossibleRegion: 
    Dimension: 3
    Index: [0, 0, 0]
    Size: [193, 229, 193]
  BufferedRegion: 
    Dimension: 3
    Index: [0, 0, 0]
    Size: [193, 229, 193]
  RequestedRegion: 
    Dimension: 3
    Index: [0, 0, 0]
    Size: [193, 229, 193]
  Spacing: [1, 1, 1]
  Origin: [96, 132, -78]
  Direction: 
-1 0 0
0 -1 0
0 0 1

  IndexToPointMatrix: 
-1 0 0
0 -1 0
0 0 1

  PointToIndexMatrix: 
-1 0 0
0 -1 0
0 0 1

  Inverse Direction: 
-1 0 0
0 -1 0
0 0 1

  PixelContainer: 
    ImportImageContainer (0x55b434c45940)
      RTTI typeinfo:   itk::ImportImageContainer<unsigned long, double>
      Reference Count: 1
      Modified Time: 1927
      Debug: Off
      Object Name: 
      Observers: 
        none
      Pointer: 0x7fd68a711010
      Container manages memory: true
      Size: 8530021
      Capacity: 8530021

     Moving image = Image (0x55b434c461d0)
  RTTI typeinfo:   itk::Image<double, 3u>
  Reference Count: 2
  Modified Time: 2146
  Debug: Off
  Object Name: 
  Observers: 
    none
  Source: (none)
  Source output name: (none)
  Release Data: Off
  Data Released: False
  Global Release Data: Off
  PipelineMTime: 0
  UpdateMTime: 2143
  RealTimeStamp: 0 seconds 
  LargestPossibleRegion: 
    Dimension: 3
    Index: [0, 0, 0]
    Size: [160, 240, 256]
  BufferedRegion: 
    Dimension: 3
    Index: [0, 0, 0]
    Size: [160, 240, 256]
  RequestedRegion: 
    Dimension: 3
    Index: [0, 0, 0]
    Size: [160, 240, 256]
  Spacing: [1, 1, 1]
  Origin: [79.5, 93.5195, -127]
  Direction: 
-1 0 0
0 -1 0
0 0 1

  IndexToPointMatrix: 
-1 0 0
0 -1 0
0 0 1

  PointToIndexMatrix: 
-1 0 0
0 -1 0
0 0 1

  Inverse Direction: 
-1 0 0
0 -1 0
0 0 1

  PixelContainer: 
    ImportImageContainer (0x55b434db5d10)
      RTTI typeinfo:   itk::ImportImageContainer<unsigned long, double>
      Reference Count: 1
      Modified Time: 2140
      Debug: Off
      Object Name: 
      Observers: 
        none
      Pointer: 0x7fd685c10010
      Container manages memory: true
      Size: 9830400
      Capacity: 9830400

     Weighting = 1
     Sampling strategy = regular
     Number of bins = 32
     Radius = 4
     Sampling percentage  = 0.25
   Transform = Affine
     Gradient step = 0.1
     Update field sigma (voxel space) = 0
     Total field sigma (voxel space) = 0
     Update field time sigma = 0
     Total field time sigma  = 0
     Number of time indices = 0
     Number of time point samples = 0
Stage 3 State
   Image metric = CC
     Fixed image = Image (0x55b434c4b1e0)
  RTTI typeinfo:   itk::Image<double, 3u>
  Reference Count: 2
  Modified Time: 2573
  Debug: Off
  Object Name: 
  Observers: 
    none
  Source: (none)
  Source output name: (none)
  Release Data: Off
  Data Released: False
  Global Release Data: Off
  PipelineMTime: 0
  UpdateMTime: 2358
  RealTimeStamp: 0 seconds 
  LargestPossibleRegion: 
    Dimension: 3
    Index: [0, 0, 0]
    Size: [193, 229, 193]
  BufferedRegion: 
    Dimension: 3
    Index: [0, 0, 0]
    Size: [193, 229, 193]
  RequestedRegion: 
    Dimension: 3
    Index: [0, 0, 0]
    Size: [193, 229, 193]
  Spacing: [1, 1, 1]
  Origin: [96, 132, -78]
  Direction: 
-1 0 0
0 -1 0
0 0 1

  IndexToPointMatrix: 
-1 0 0
0 -1 0
0 0 1

  PointToIndexMatrix: 
-1 0 0
0 -1 0
0 0 1

  Inverse Direction: 
-1 0 0
0 -1 0
0 0 1

  PixelContainer: 
    ImportImageContainer (0x55b434c4bc80)
      RTTI typeinfo:   itk::ImportImageContainer<unsigned long, double>
      Reference Count: 1
      Modified Time: 2355
      Debug: Off
      Object Name: 
      Observers: 
        none
      Pointer: 0x7fd681afb010
      Container manages memory: true
      Size: 8530021
      Capacity: 8530021

     Moving image = Image (0x55b434c49b20)
  RTTI typeinfo:   itk::Image<double, 3u>
  Reference Count: 2
  Modified Time: 2574
  Debug: Off
  Object Name: 
  Observers: 
    none
  Source: (none)
  Source output name: (none)
  Release Data: Off
  Data Released: False
  Global Release Data: Off
  PipelineMTime: 0
  UpdateMTime: 2571
  RealTimeStamp: 0 seconds 
  LargestPossibleRegion: 
    Dimension: 3
    Index: [0, 0, 0]
    Size: [160, 240, 256]
  BufferedRegion: 
    Dimension: 3
    Index: [0, 0, 0]
    Size: [160, 240, 256]
  RequestedRegion: 
    Dimension: 3
    Index: [0, 0, 0]
    Size: [160, 240, 256]
  Spacing: [1, 1, 1]
  Origin: [79.5, 93.5195, -127]
  Direction: 
-1 0 0
0 -1 0
0 0 1

  IndexToPointMatrix: 
-1 0 0
0 -1 0
0 0 1

  PointToIndexMatrix: 
-1 0 0
0 -1 0
0 0 1

  Inverse Direction: 
-1 0 0
0 -1 0
0 0 1

  PixelContainer: 
    ImportImageContainer (0x55b434c6d910)
      RTTI typeinfo:   itk::ImportImageContainer<unsigned long, double>
      Reference Count: 1
      Modified Time: 2568
      Debug: Off
      Object Name: 
      Observers: 
        none
      Pointer: 0x7fd67cffa010
      Container manages memory: true
      Size: 9830400
      Capacity: 9830400

     Weighting = 1
     Sampling strategy = none
     Number of bins = 32
     Radius = 4
     Sampling percentage  = 1
   Transform = SyN
     Gradient step = 0.1
     Update field sigma (voxel space) = 3
     Total field sigma (voxel space) = 0
     Update field time sigma = 0
     Total field time sigma  = 0
     Number of time indices = 0
     Number of time point samples = 0
Registration using 3 total stages.

Stage 0
  iterations = 1000x500x250x100
  convergence threshold = 1e-06
  convergence window size = 10
  number of levels = 4
  using the Mattes MI metric (number of bins = 32, weight = 1, use gradient filter = 0)
  preprocessing:  winsorizing the image intensities
  Shrink factors (level 1 out of 4): [8, 8, 8]
  Shrink factors (level 2 out of 4): [4, 4, 4]
  Shrink factors (level 3 out of 4): [2, 2, 2]
  Shrink factors (level 4 out of 4): [1, 1, 1]
  smoothing sigmas per level: [3, 2, 1, 0]
  regular sampling (percentage = 0.25)

*** Running Euler3DTransform registration ***

DIAGNOSTIC,Iteration,metricValue,convergenceValue,ITERATION_TIME_INDEX,SINCE_LAST
 2DIAGNOSTIC,     1, -6.081962659152e-01, 1.797693134862e+308, 1.6580e-01, 1.6580e-01, 
 2DIAGNOSTIC,     2, -6.099980077536e-01, 1.797693134862e+308, 1.7160e-01, 5.7940e-03, 
 2DIAGNOSTIC,     3, -6.141654946802e-01, 1.797693134862e+308, 1.7751e-01, 5.9152e-03, 
 2DIAGNOSTIC,     4, -6.204477328562e-01, 1.797693134862e+308, 1.8361e-01, 6.1030e-03, 
 2DIAGNOSTIC,     5, -6.247082550589e-01, 1.797693134862e+308, 1.8926e-01, 5.6410e-03, 
 2DIAGNOSTIC,     6, -6.287715659742e-01, 1.797693134862e+308, 1.9506e-01, 5.8069e-03, 
 2DIAGNOSTIC,     7, -6.355783603669e-01, 1.797693134862e+308, 2.0099e-01, 5.9249e-03, 
 2DIAGNOSTIC,     8, -6.399662136534e-01, 1.797693134862e+308, 2.0671e-01, 5.7189e-03, 
 2DIAGNOSTIC,     9, -6.534283731605e-01, 1.797693134862e+308, 2.1419e-01, 7.4849e-03, 
 2DIAGNOSTIC,    10, -6.719258119578e-01, 5.749343511988e-03, 2.2409e-01, 9.8970e-03, 
 2DIAGNOSTIC,    11, -6.793396770740e-01, 6.153857482566e-03, 2.3151e-01, 7.4182e-03, 
 2DIAGNOSTIC,    12, -6.816570060300e-01, 6.093269659163e-03, 2.3893e-01, 7.4191e-03, 
 2DIAGNOSTIC,    13, -6.880531388568e-01, 5.854337439296e-03, 2.4795e-01, 9.0261e-03, 
 2DIAGNOSTIC,    14, -6.896579281869e-01, 5.360078195229e-03, 2.5440e-01, 6.4440e-03, 
 2DIAGNOSTIC,    15, -6.931381899316e-01, 4.664907749975e-03, 2.6170e-01, 7.3011e-03, 
 2DIAGNOSTIC,    16, -6.956994897912e-01, 3.813099667841e-03, 2.6818e-01, 6.4790e-03, 
 2DIAGNOSTIC,    17, -6.989789105974e-01, 2.981145334687e-03, 2.8200e-01, 1.3825e-02, 
 2DIAGNOSTIC,    18, -7.029429416370e-01, 2.169055752054e-03, 2.8962e-01, 7.6151e-03, 
 2DIAGNOSTIC,    19, -7.049541861036e-01, 1.587038460742e-03, 2.9974e-01, 1.0122e-02, 
 2DIAGNOSTIC,    20, -7.065020528058e-01, 1.347696934702e-03, 3.0524e-01, 5.5060e-03, 
 2DIAGNOSTIC,    21, -7.068102465388e-01, 1.165103842254e-03, 3.1164e-01, 6.3970e-03, 
 2DIAGNOSTIC,    22, -7.118954984396e-01, 1.032124810089e-03, 3.1891e-01, 7.2670e-03, 
 2DIAGNOSTIC,    23, -7.142099073983e-01, 9.730867801216e-04, 3.2461e-01, 5.7058e-03, 
 2DIAGNOSTIC,    24, -7.148566228291e-01, 8.669521980942e-04, 3.3145e-01, 6.8400e-03, 
 2DIAGNOSTIC,    25, -7.157715157180e-01, 7.645361221824e-04, 3.3822e-01, 6.7661e-03, 
 2DIAGNOSTIC,    26, -7.190701191154e-01, 6.933751974522e-04, 3.4417e-01, 5.9478e-03, 
 2DIAGNOSTIC,    27, -7.219409858579e-01, 6.548471825681e-04, 3.5013e-01, 5.9669e-03, 
 2DIAGNOSTIC,    28, -7.253100003976e-01, 6.656414067124e-04, 3.5950e-01, 9.3620e-03, 
 2DIAGNOSTIC,    29, -7.301152323854e-01, 7.113514786330e-04, 3.6581e-01, 6.3100e-03, 
 2DIAGNOSTIC,    30, -7.323245114036e-01, 7.391135054870e-04, 3.7320e-01, 7.3919e-03, 
 2DIAGNOSTIC,    31, -7.338999911932e-01, 7.187833596966e-04, 3.8075e-01, 7.5510e-03, 
 2DIAGNOSTIC,    32, -7.348259211147e-01, 7.091744008638e-04, 3.8776e-01, 7.0069e-03, 
 2DIAGNOSTIC,    33, -7.355568820546e-01, 6.712369224336e-04, 4.0000e-01, 1.2240e-02, 
 2DIAGNOSTIC,    34, -7.378283394522e-01, 6.072929278178e-04, 4.1160e-01, 1.1606e-02, 
 2DIAGNOSTIC,    35, -7.380095141683e-01, 5.014165775676e-04, 4.1834e-01, 6.7370e-03, 
 2DIAGNOSTIC,    36, -7.381776488572e-01, 3.943321342530e-04, 4.2519e-01, 6.8550e-03, 
 2DIAGNOSTIC,    37, -7.382109152272e-01, 2.883822544584e-04, 4.3301e-01, 7.8180e-03, 
 2DIAGNOSTIC,    38, -7.382296829219e-01, 1.964609525983e-04, 4.3953e-01, 6.5231e-03, 
 2DIAGNOSTIC,    39, -7.381508141107e-01, 1.398433674055e-04, 4.4618e-01, 6.6431e-03, 
 2DIAGNOSTIC,    40, -7.382001254435e-01, 9.575886645167e-05, 4.5408e-01, 7.8971e-03, 
 2DIAGNOSTIC,    41, -7.382486106346e-01, 6.121193504326e-05, 4.6276e-01, 8.6811e-03, 
 2DIAGNOSTIC,    42, -7.383060539475e-01, 3.224966534864e-05, 4.7768e-01, 1.4924e-02, 
 2DIAGNOSTIC,    43, -7.384151481284e-01, 9.088806798264e-06, 4.8483e-01, 7.1478e-03, 
 2DIAGNOSTIC,    44, -7.384157103391e-01, 7.206520230150e-06, 4.9080e-01, 5.9719e-03, 
 2DIAGNOSTIC,    45, -7.383035064080e-01, 5.395861702451e-06, 4.9703e-01, 6.2320e-03, 
 2DIAGNOSTIC,    46, -7.383050155285e-01, 4.734602773872e-06, 5.0297e-01, 5.9340e-03, 
 2DIAGNOSTIC,    47, -7.383073146222e-01, 3.995048960381e-06, 5.0944e-01, 6.4721e-03, 
 2DIAGNOSTIC,    48, -7.383105364609e-01, 3.156725762472e-06, 5.1588e-01, 6.4430e-03, 
 2DIAGNOSTIC,    49, -7.383146849072e-01, 1.503096794173e-06, 5.2278e-01, 6.8982e-03, 
DIAGNOSTIC,Iteration,metricValue,convergenceValue,ITERATION_TIME_INDEX,SINCE_LAST
 2DIAGNOSTIC,     1, -6.049384053114e-01, 1.797693134862e+308, 6.6920e-01, 1.4642e-01, 
 2DIAGNOSTIC,     2, -6.053276167194e-01, 1.797693134862e+308, 7.0201e-01, 3.2810e-02, 
 2DIAGNOSTIC,     3, -6.057124717204e-01, 1.797693134862e+308, 7.3898e-01, 3.6968e-02, 
 2DIAGNOSTIC,     4, -6.063711683113e-01, 1.797693134862e+308, 7.6228e-01, 2.3296e-02, 
 2DIAGNOSTIC,     5, -6.072322386205e-01, 1.797693134862e+308, 7.7630e-01, 1.4026e-02, 
 2DIAGNOSTIC,     6, -6.084897727115e-01, 1.797693134862e+308, 7.8622e-01, 9.9139e-03, 
 2DIAGNOSTIC,     7, -6.121384797616e-01, 1.797693134862e+308, 7.9825e-01, 1.2039e-02, 
 2DIAGNOSTIC,     8, -6.134439300561e-01, 1.797693134862e+308, 8.0771e-01, 9.4509e-03, 
 2DIAGNOSTIC,     9, -6.141676235554e-01, 1.797693134862e+308, 8.1827e-01, 1.0565e-02, 
 2DIAGNOSTIC,    10, -6.146965722887e-01, 1.207162597258e-03, 8.2651e-01, 8.2440e-03, 
 2DIAGNOSTIC,    11, -6.174372380093e-01, 1.228475608902e-03, 8.3509e-01, 8.5731e-03, 
 2DIAGNOSTIC,    12, -6.185407674769e-01, 1.189467132084e-03, 8.4402e-01, 8.9300e-03, 
 2DIAGNOSTIC,    13, -6.188608774518e-01, 1.074061994283e-03, 8.5311e-01, 9.0899e-03, 
 2DIAGNOSTIC,    14, -6.212844254740e-01, 9.827114305699e-04, 8.6413e-01, 1.1022e-02, 
 2DIAGNOSTIC,    15, -6.218591099987e-01, 8.574011311461e-04, 8.7211e-01, 7.9799e-03, 
 2DIAGNOSTIC,    16, -6.230011615546e-01, 7.358053449589e-04, 8.7998e-01, 7.8752e-03, 
 2DIAGNOSTIC,    17, -6.235806207743e-01, 6.753477542793e-04, 8.8998e-01, 9.9990e-03, 
 2DIAGNOSTIC,    18, -6.237888214973e-01, 5.988975349612e-04, 8.9904e-01, 9.0611e-03, 
 2DIAGNOSTIC,    19, -6.237988516399e-01, 4.934424899737e-04, 9.0840e-01, 9.3522e-03, 
 2DIAGNOSTIC,    20, -6.238397816211e-01, 3.645202352966e-04, 9.1712e-01, 8.7271e-03, 
 2DIAGNOSTIC,    21, -6.238162941461e-01, 2.737564405833e-04, 9.2546e-01, 8.3320e-03, 
 2DIAGNOSTIC,    22, -6.238273521231e-01, 1.896447668321e-04, 9.3474e-01, 9.2831e-03, 
 2DIAGNOSTIC,    23, -6.239353228329e-01, 1.029214741674e-04, 9.4361e-01, 8.8718e-03, 
 2DIAGNOSTIC,    24, -6.239565210513e-01, 6.097515773940e-05, 9.5255e-01, 8.9419e-03, 
 2DIAGNOSTIC,    25, -6.239368421903e-01, 2.664088799268e-05, 9.6204e-01, 9.4891e-03, 
 2DIAGNOSTIC,    26, -6.239363968128e-01, 1.260733281306e-05, 9.7122e-01, 9.1791e-03, 
 2DIAGNOSTIC,    27, -6.239262814338e-01, 8.161895496531e-06, 9.8134e-01, 1.0123e-02, 
 2DIAGNOSTIC,    28, -6.239164556444e-01, 6.603369797978e-06, 9.9521e-01, 1.3862e-02, 
 2DIAGNOSTIC,    29, -6.238856541121e-01, 4.280127795499e-06, 1.0048e+00, 9.5620e-03, 
 2DIAGNOSTIC,    30, -6.238761505001e-01, 2.347229874737e-06, 1.0150e+00, 1.0208e-02, 
DIAGNOSTIC,Iteration,metricValue,convergenceValue,ITERATION_TIME_INDEX,SINCE_LAST
 2DIAGNOSTIC,     1, -5.470972725881e-01, 1.797693134862e+308, 1.3551e+00, 3.4014e-01, 
 2DIAGNOSTIC,     2, -5.474023820765e-01, 1.797693134862e+308, 1.4144e+00, 5.9313e-02, 
 2DIAGNOSTIC,     3, -5.475607660930e-01, 1.797693134862e+308, 1.4617e+00, 4.7245e-02, 
 2DIAGNOSTIC,     4, -5.476748776288e-01, 1.797693134862e+308, 1.5073e+00, 4.5598e-02, 
 2DIAGNOSTIC,     5, -5.478690970055e-01, 1.797693134862e+308, 1.5486e+00, 4.1376e-02, 
 2DIAGNOSTIC,     6, -5.482117039049e-01, 1.797693134862e+308, 1.5901e+00, 4.1484e-02, 
 2DIAGNOSTIC,     7, -5.487025340487e-01, 1.797693134862e+308, 1.6448e+00, 5.4628e-02, 
 2DIAGNOSTIC,     8, -5.489043053977e-01, 1.797693134862e+308, 1.6841e+00, 3.9348e-02, 
 2DIAGNOSTIC,     9, -5.490384094905e-01, 1.797693134862e+308, 1.7303e+00, 4.6236e-02, 
 2DIAGNOSTIC,    10, -5.492933973055e-01, 2.678592553203e-04, 1.7773e+00, 4.6936e-02, 
 2DIAGNOSTIC,    11, -5.496492447341e-01, 2.517994877606e-04, 1.8214e+00, 4.4121e-02, 
 2DIAGNOSTIC,    12, -5.498190944382e-01, 2.359562587652e-04, 1.8976e+00, 7.6229e-02, 
 2DIAGNOSTIC,    13, -5.498204393109e-01, 2.079605098445e-04, 1.9357e+00, 3.8058e-02, 
 2DIAGNOSTIC,    14, -5.498195911053e-01, 1.698854994203e-04, 1.9843e+00, 4.8567e-02, 
 2DIAGNOSTIC,    15, -5.498196839660e-01, 1.281711299996e-04, 2.0460e+00, 6.1729e-02, 
 2DIAGNOSTIC,    16, -5.498192708622e-01, 9.064816858681e-05, 2.0899e+00, 4.3897e-02, 
 2DIAGNOSTIC,    17, -5.498203654950e-01, 6.424258454158e-05, 2.1389e+00, 4.8975e-02, 
 2DIAGNOSTIC,    18, -5.498188252982e-01, 4.089949189493e-05, 2.1820e+00, 4.3111e-02, 
 2DIAGNOSTIC,    19, -5.498170655553e-01, 1.999286903914e-05, 2.2200e+00, 3.7993e-02, 
 2DIAGNOSTIC,    20, -5.498144942658e-01, 5.802747458629e-06, 2.2656e+00, 4.5652e-02, 
 2DIAGNOSTIC,    21, -5.498150594616e-01, 1.240322867871e-06, 2.3042e+00, 3.8622e-02, 
 2DIAGNOSTIC,    22, -5.498149450380e-01, 1.109520132658e-06, 2.3570e+00, 5.2733e-02, 
 2DIAGNOSTIC,    23, -5.498152102114e-01, 1.058341090786e-06, 2.3992e+00, 4.2224e-02, 
 2DIAGNOSTIC,    24, -5.498143302886e-01, 1.005970103961e-06, 2.4409e+00, 4.1738e-02, 
DIAGNOSTIC,Iteration,metricValue,convergenceValue,ITERATION_TIME_INDEX,SINCE_LAST
 2DIAGNOSTIC,     1, -4.975388898848e-01, 1.797693134862e+308, 3.2115e+00, 7.7053e-01, 
 2DIAGNOSTIC,     2, -4.976789707844e-01, 1.797693134862e+308, 3.4256e+00, 2.1415e-01, 
 2DIAGNOSTIC,     3, -4.976972133377e-01, 1.797693134862e+308, 3.7028e+00, 2.7720e-01, 
 2DIAGNOSTIC,     4, -4.976980550769e-01, 1.797693134862e+308, 3.9453e+00, 2.4252e-01, 
 2DIAGNOSTIC,     5, -4.976976453442e-01, 1.797693134862e+308, 4.1765e+00, 2.3112e-01, 
 2DIAGNOSTIC,     6, -4.976976270373e-01, 1.797693134862e+308, 4.4715e+00, 2.9506e-01, 
 2DIAGNOSTIC,     7, -4.976972775235e-01, 1.797693134862e+308, 4.6909e+00, 2.1938e-01, 
 2DIAGNOSTIC,     8, -4.976971794934e-01, 1.797693134862e+308, 4.9363e+00, 2.4538e-01, 
 2DIAGNOSTIC,     9, -4.976972656597e-01, 1.797693134862e+308, 5.1689e+00, 2.3263e-01, 
 2DIAGNOSTIC,    10, -4.976970446636e-01, 1.310322570595e-05, 5.4063e+00, 2.3743e-01, 
 2DIAGNOSTIC,    11, -4.976971586793e-01, 3.785418020097e-06, 5.6447e+00, 2.3839e-01, 
 2DIAGNOSTIC,    12, -4.976966800533e-01, 2.559391939258e-06, 5.8940e+00, 2.4922e-01, 
 2DIAGNOSTIC,    13, -4.976966160561e-01, 2.328133043863e-06, 6.1012e+00, 2.0721e-01, 
 2DIAGNOSTIC,    14, -4.976964740885e-01, 2.169393862952e-06, 6.3310e+00, 2.2984e-01, 
 2DIAGNOSTIC,    15, -4.976964241619e-01, 2.023445773741e-06, 6.5659e+00, 2.3490e-01, 
 2DIAGNOSTIC,    16, -4.976967387447e-01, 1.915578618852e-06, 6.7984e+00, 2.3248e-01, 
 2DIAGNOSTIC,    17, -4.976967006502e-01, 1.813936627973e-06, 7.0570e+00, 2.5858e-01, 
 2DIAGNOSTIC,    18, -4.976966163924e-01, 1.723229541520e-06, 7.2975e+00, 2.4051e-01, 
 2DIAGNOSTIC,    19, -4.976964111615e-01, 1.642866570895e-06, 7.5419e+00, 2.4445e-01, 
 2DIAGNOSTIC,    20, -4.976963135498e-01, 1.564196272001e-06, 7.7854e+00, 2.4346e-01, 
 2DIAGNOSTIC,    21, -4.976960973514e-01, 1.492818016958e-06, 8.0028e+00, 2.1743e-01, 
 2DIAGNOSTIC,    22, -4.976961145450e-01, 1.418021379318e-06, 8.2436e+00, 2.4080e-01, 
 2DIAGNOSTIC,    23, -4.976961256366e-01, 1.351181423276e-06, 8.4503e+00, 2.0674e-01, 
 2DIAGNOSTIC,    24, -4.976962576339e-01, 1.292784105926e-06, 8.6598e+00, 2.0945e-01, 
 2DIAGNOSTIC,    25, -4.976962897696e-01, 1.241466960122e-06, 8.8909e+00, 2.3108e-01, 
 2DIAGNOSTIC,    26, -4.976964234442e-01, 1.206886828982e-06, 9.1298e+00, 2.3890e-01, 
 2DIAGNOSTIC,    27, -4.976963304145e-01, 1.173605496146e-06, 9.3707e+00, 2.4087e-01, 
 2DIAGNOSTIC,    28, -4.976961324196e-01, 1.137481263375e-06, 9.6030e+00, 2.3236e-01, 
 2DIAGNOSTIC,    29, -4.976959267491e-01, 1.095719686449e-06, 9.8387e+00, 2.3573e-01, 
 2DIAGNOSTIC,    30, -4.976961829804e-01, 1.060007319045e-06, 1.0079e+01, 2.3989e-01, 
 2DIAGNOSTIC,    31, -4.976959923633e-01, 1.018892497207e-06, 1.0312e+01, 2.3341e-01, 
  Elapsed time (stage 0): 1.0544e+01


Stage 1
  iterations = 1000x500x250x100
  convergence threshold = 1.0000e-06
  convergence window size = 10
  number of levels = 4
  using the Mattes MI metric (number of bins = 32, weight = 1.0000e+00, use gradient filter = 0)
  preprocessing:  winsorizing the image intensities
  Shrink factors (level 1 out of 4): [8, 8, 8]
  Shrink factors (level 2 out of 4): [4, 4, 4]
  Shrink factors (level 3 out of 4): [2, 2, 2]
  Shrink factors (level 4 out of 4): [1, 1, 1]
  smoothing sigmas per level: [3, 2, 1, 0]
  regular sampling (percentage = 2.5000e-01)

*** Running AffineTransform registration ***

DIAGNOSTIC,Iteration,metricValue,convergenceValue,ITERATION_TIME_INDEX,SINCE_LAST
 2DIAGNOSTIC,     1, -7.320378148228e-01, 1.797693134862e+308, 1.3719e-01, 1.3719e-01, 
 2DIAGNOSTIC,     2, -7.347182090092e-01, 1.797693134862e+308, 1.4439e-01, 7.2000e-03, 
 2DIAGNOSTIC,     3, -7.390779867639e-01, 1.797693134862e+308, 1.5113e-01, 6.7320e-03, 
 2DIAGNOSTIC,     4, -7.461336533877e-01, 1.797693134862e+308, 1.5847e-01, 7.3428e-03, 
 2DIAGNOSTIC,     5, -7.576215337883e-01, 1.797693134862e+308, 1.6544e-01, 6.9699e-03, 
 2DIAGNOSTIC,     6, -8.048334215519e-01, 1.797693134862e+308, 1.7332e-01, 7.8778e-03, 
 2DIAGNOSTIC,     7, -8.102189739836e-01, 1.797693134862e+308, 1.8090e-01, 7.5860e-03, 
 2DIAGNOSTIC,     8, -8.146061616774e-01, 1.797693134862e+308, 1.8811e-01, 7.2050e-03, 
 2DIAGNOSTIC,     9, -8.169198102559e-01, 1.797693134862e+308, 2.0182e-01, 1.3712e-02, 
 2DIAGNOSTIC,    10, -8.171891268546e-01, 9.060089254664e-03, 2.1117e-01, 9.3491e-03, 
 2DIAGNOSTIC,    11, -8.172731269800e-01, 7.545511475511e-03, 2.1920e-01, 8.0280e-03, 
 2DIAGNOSTIC,    12, -8.174186134663e-01, 5.702691698313e-03, 2.2561e-01, 6.4161e-03, 
 2DIAGNOSTIC,    13, -8.176415941591e-01, 3.785623987747e-03, 2.3706e-01, 1.1449e-02, 
 2DIAGNOSTIC,    14, -8.174750019552e-01, 1.994009164406e-03, 2.4970e-01, 1.2633e-02, 
 2DIAGNOSTIC,    15, -8.172626748433e-01, 5.089098652456e-04, 2.6141e-01, 1.1719e-02, 
 2DIAGNOSTIC,    16, -8.171234285333e-01, 2.228736561830e-04, 2.6842e-01, 7.0100e-03, 
 2DIAGNOSTIC,    17, -8.171544835145e-01, 6.319089339955e-05, 2.7605e-01, 7.6299e-03, 
 2DIAGNOSTIC,    18, -8.171994171323e-01, 2.688259146344e-06, 2.8480e-01, 8.7500e-03, 
DIAGNOSTIC,Iteration,metricValue,convergenceValue,ITERATION_TIME_INDEX,SINCE_LAST
 2DIAGNOSTIC,     1, -6.482487219762e-01, 1.797693134862e+308, 4.3121e-01, 1.4641e-01, 
 2DIAGNOSTIC,     2, -6.491270428953e-01, 1.797693134862e+308, 4.4593e-01, 1.4721e-02, 
 2DIAGNOSTIC,     3, -6.501899989656e-01, 1.797693134862e+308, 4.5765e-01, 1.1719e-02, 
 2DIAGNOSTIC,     4, -6.515020292966e-01, 1.797693134862e+308, 4.6845e-01, 1.0797e-02, 
 2DIAGNOSTIC,     5, -6.530934040890e-01, 1.797693134862e+308, 4.7939e-01, 1.0944e-02, 
 2DIAGNOSTIC,     6, -6.539375183748e-01, 1.797693134862e+308, 4.9057e-01, 1.1176e-02, 
 2DIAGNOSTIC,     7, -6.544651732127e-01, 1.797693134862e+308, 5.0556e-01, 1.4990e-02, 
 2DIAGNOSTIC,     8, -6.546755242931e-01, 1.797693134862e+308, 5.1639e-01, 1.0832e-02, 
 2DIAGNOSTIC,     9, -6.548750648633e-01, 1.797693134862e+308, 5.2812e-01, 1.1731e-02, 
 2DIAGNOSTIC,    10, -6.549285793536e-01, 7.163605759653e-04, 5.4015e-01, 1.2027e-02, 
 2DIAGNOSTIC,    11, -6.549139973637e-01, 5.222634071790e-04, 5.5354e-01, 1.3388e-02, 
 2DIAGNOSTIC,    12, -6.548801310128e-01, 3.447937997030e-04, 5.6892e-01, 1.5385e-02, 
 2DIAGNOSTIC,    13, -6.548846484192e-01, 1.992437037612e-04, 5.8348e-01, 1.4560e-02, 
 2DIAGNOSTIC,    14, -6.548719373024e-01, 9.605824828018e-05, 5.9628e-01, 1.2792e-02, 
 2DIAGNOSTIC,    15, -6.548750997317e-01, 4.388134832055e-05, 6.0918e-01, 1.2903e-02, 
 2DIAGNOSTIC,    16, -6.549169803587e-01, 1.824535362997e-05, 6.2131e-01, 1.2127e-02, 
 2DIAGNOSTIC,    17, -6.550386204997e-01, 1.065680289758e-05, 6.4147e-01, 2.0162e-02, 
 2DIAGNOSTIC,    18, -6.551379328237e-01, 1.038632642836e-05, 6.6037e-01, 1.8900e-02, 
 2DIAGNOSTIC,    19, -6.552473215369e-01, 1.635199058828e-05, 6.7441e-01, 1.4040e-02, 
 2DIAGNOSTIC,    20, -6.552775502631e-01, 2.217590785375e-05, 6.8887e-01, 1.4461e-02, 
 2DIAGNOSTIC,    21, -6.553363077209e-01, 2.647650506995e-05, 7.0341e-01, 1.4543e-02, 
 2DIAGNOSTIC,    22, -6.553605017178e-01, 2.781764175065e-05, 7.1702e-01, 1.3606e-02, 
 2DIAGNOSTIC,    23, -6.554335819219e-01, 2.802313816213e-05, 7.3029e-01, 1.3272e-02, 
 2DIAGNOSTIC,    24, -6.556844909302e-01, 3.001297086810e-05, 7.4320e-01, 1.2915e-02, 
 2DIAGNOSTIC,    25, -6.558656720443e-01, 3.226373142773e-05, 7.5575e-01, 1.2548e-02, 
 2DIAGNOSTIC,    26, -6.574067635098e-01, 5.782680000845e-05, 7.6933e-01, 1.3578e-02, 
 2DIAGNOSTIC,    27, -6.590842727964e-01, 1.044489860881e-04, 7.8100e-01, 1.1673e-02, 
 2DIAGNOSTIC,    28, -6.620950247227e-01, 1.857009002225e-04, 7.9412e-01, 1.3119e-02, 
 2DIAGNOSTIC,    29, -6.631147681157e-01, 2.600619508152e-04, 8.0947e-01, 1.5344e-02, 
 2DIAGNOSTIC,    30, -6.639597485538e-01, 3.179237508005e-04, 8.2564e-01, 1.6170e-02, 
 2DIAGNOSTIC,    31, -6.652120040138e-01, 3.604546198392e-04, 8.4739e-01, 2.1752e-02, 
 2DIAGNOSTIC,    32, -6.653115599416e-01, 3.672367912112e-04, 8.5870e-01, 1.1310e-02, 
 2DIAGNOSTIC,    33, -6.656391578479e-01, 3.439393590802e-04, 8.6881e-01, 1.0111e-02, 
 2DIAGNOSTIC,    34, -6.659462568812e-01, 2.968570854632e-04, 8.7943e-01, 1.0618e-02, 
 2DIAGNOSTIC,    35, -6.661418931808e-01, 2.290431868412e-04, 8.9046e-01, 1.1035e-02, 
 2DIAGNOSTIC,    36, -6.664693292378e-01, 1.656162122917e-04, 9.0135e-01, 1.0883e-02, 
 2DIAGNOSTIC,    37, -6.669775759078e-01, 1.147192908800e-04, 9.1301e-01, 1.1665e-02, 
 2DIAGNOSTIC,    38, -6.677894706330e-01, 9.902814966373e-05, 9.2621e-01, 1.3201e-02, 
 2DIAGNOSTIC,    39, -6.698915743479e-01, 1.090812390095e-04, 9.4040e-01, 1.4186e-02, 
 2DIAGNOSTIC,    40, -6.791005292399e-01, 2.159245589720e-04, 9.5757e-01, 1.7177e-02, 
 2DIAGNOSTIC,    41, -6.845248412765e-01, 3.646598780129e-04, 9.6881e-01, 1.1237e-02, 
 2DIAGNOSTIC,    42, -6.870378959695e-01, 4.978283202535e-04, 9.8024e-01, 1.1431e-02, 
 2DIAGNOSTIC,    43, -6.878733005068e-01, 5.899235368234e-04, 9.9405e-01, 1.3806e-02, 
 2DIAGNOSTIC,    44, -6.880132918260e-01, 6.260385594583e-04, 1.0062e+00, 1.2117e-02, 
 2DIAGNOSTIC,    45, -6.882189392332e-01, 6.033527002713e-04, 1.0185e+00, 1.2383e-02, 
 2DIAGNOSTIC,    46, -6.884152867079e-01, 5.280603209923e-04, 1.0322e+00, 1.3666e-02, 
 2DIAGNOSTIC,    47, -6.887421588900e-01, 4.140490859454e-04, 1.0445e+00, 1.2243e-02, 
 2DIAGNOSTIC,    48, -6.889872398288e-01, 2.758422455515e-04, 1.0571e+00, 1.2676e-02, 
 2DIAGNOSTIC,    49, -6.890351499366e-01, 1.344997964376e-04, 1.0700e+00, 1.2891e-02, 
 2DIAGNOSTIC,    50, -6.891988449970e-01, 6.546008659054e-05, 1.0817e+00, 1.1716e-02, 
 2DIAGNOSTIC,    51, -6.895256098667e-01, 4.067796714961e-05, 1.0944e+00, 1.2680e-02, 
 2DIAGNOSTIC,    52, -6.905852884839e-01, 4.212635714073e-05, 1.1113e+00, 1.6904e-02, 
 2DIAGNOSTIC,    53, -6.906431911811e-01, 4.651152859464e-05, 1.1286e+00, 1.7248e-02, 
 2DIAGNOSTIC,    54, -6.906402392467e-01, 4.753387671051e-05, 1.1444e+00, 1.5782e-02, 
 2DIAGNOSTIC,    55, -6.906328547878e-01, 4.567650036270e-05, 1.1579e+00, 1.3557e-02, 
 2DIAGNOSTIC,    56, -6.906041701976e-01, 4.072421179244e-05, 1.1721e+00, 1.4179e-02, 
 2DIAGNOSTIC,    57, -6.906097232588e-01, 3.441258358202e-05, 1.1852e+00, 1.3118e-02, 
 2DIAGNOSTIC,    58, -6.905929817074e-01, 2.675314252029e-05, 1.1980e+00, 1.2831e-02, 
 2DIAGNOSTIC,    59, -6.906001972619e-01, 1.736147410238e-05, 1.2112e+00, 1.3202e-02, 
 2DIAGNOSTIC,    60, -6.905819497680e-01, 7.738290400620e-06, 1.2243e+00, 1.3085e-02, 
DIAGNOSTIC,Iteration,metricValue,convergenceValue,ITERATION_TIME_INDEX,SINCE_LAST
 2DIAGNOSTIC,     1, -5.885489630804e-01, 1.797693134862e+308, 1.5037e+00, 2.7935e-01, 
 2DIAGNOSTIC,     2, -5.887844956230e-01, 1.797693134862e+308, 1.5580e+00, 5.4288e-02, 
 2DIAGNOSTIC,     3, -5.890476626533e-01, 1.797693134862e+308, 1.6170e+00, 5.8996e-02, 
 2DIAGNOSTIC,     4, -5.894143900940e-01, 1.797693134862e+308, 1.6718e+00, 5.4835e-02, 
 2DIAGNOSTIC,     5, -5.898856963510e-01, 1.797693134862e+308, 1.7244e+00, 5.2631e-02, 
 2DIAGNOSTIC,     6, -5.902273988138e-01, 1.797693134862e+308, 1.7940e+00, 6.9527e-02, 
 2DIAGNOSTIC,     7, -5.903071536665e-01, 1.797693134862e+308, 1.8596e+00, 6.5620e-02, 
 2DIAGNOSTIC,     8, -5.903270925994e-01, 1.797693134862e+308, 1.9218e+00, 6.2249e-02, 
 2DIAGNOSTIC,     9, -5.903730586015e-01, 1.797693134862e+308, 1.9799e+00, 5.8060e-02, 
 2DIAGNOSTIC,    10, -5.905196917853e-01, 2.311328431825e-04, 2.0325e+00, 5.2647e-02, 
 2DIAGNOSTIC,    11, -5.905516724887e-01, 1.757271767030e-04, 2.0842e+00, 5.1673e-02, 
 2DIAGNOSTIC,    12, -5.906504475051e-01, 1.276307728943e-04, 2.1402e+00, 5.5975e-02, 
 2DIAGNOSTIC,    13, -5.910703240430e-01, 1.009612523005e-04, 2.2039e+00, 6.3693e-02, 
 2DIAGNOSTIC,    14, -5.912898473585e-01, 8.864792506501e-05, 2.2994e+00, 9.5567e-02, 
 2DIAGNOSTIC,    15, -5.912910121986e-01, 8.491479083304e-05, 2.3615e+00, 6.2058e-02, 
 2DIAGNOSTIC,    16, -5.912913799207e-01, 8.455428724524e-05, 2.4205e+00, 5.8961e-02, 
 2DIAGNOSTIC,    17, -5.912924102293e-01, 7.899752801651e-05, 2.4894e+00, 6.8947e-02, 
 2DIAGNOSTIC,    18, -5.912889185046e-01, 6.717943819591e-05, 2.5468e+00, 5.7440e-02, 
 2DIAGNOSTIC,    19, -5.912877862602e-01, 5.149551851039e-05, 2.6162e+00, 6.9366e-02, 
 2DIAGNOSTIC,    20, -5.912871917114e-01, 3.641926965513e-05, 2.6760e+00, 5.9755e-02, 
 2DIAGNOSTIC,    21, -5.912853324693e-01, 2.035871960601e-05, 2.7301e+00, 5.4131e-02, 
 2DIAGNOSTIC,    22, -5.912862204997e-01, 5.976668279499e-06, 2.7843e+00, 5.4225e-02, 
 2DIAGNOSTIC,    23, -5.912841391429e-01, 1.034005428120e-06, 2.8367e+00, 5.2342e-02, 
DIAGNOSTIC,Iteration,metricValue,convergenceValue,ITERATION_TIME_INDEX,SINCE_LAST
 2DIAGNOSTIC,     1, -5.181489500122e-01, 1.797693134862e+308, 3.7391e+00, 9.0241e-01, 
 2DIAGNOSTIC,     2, -5.183305487510e-01, 1.797693134862e+308, 4.0620e+00, 3.2298e-01, 
 2DIAGNOSTIC,     3, -5.185375929649e-01, 1.797693134862e+308, 4.3837e+00, 3.2161e-01, 
 2DIAGNOSTIC,     4, -5.187873001636e-01, 1.797693134862e+308, 4.7268e+00, 3.4318e-01, 
 2DIAGNOSTIC,     5, -5.192750091403e-01, 1.797693134862e+308, 5.0801e+00, 3.5327e-01, 
 2DIAGNOSTIC,     6, -5.194856504613e-01, 1.797693134862e+308, 5.7188e+00, 6.3866e-01, 
 2DIAGNOSTIC,     7, -5.194860054351e-01, 1.797693134862e+308, 6.0753e+00, 3.5651e-01, 
 2DIAGNOSTIC,     8, -5.194858770692e-01, 1.797693134862e+308, 6.4784e+00, 4.0313e-01, 
 2DIAGNOSTIC,     9, -5.194858747643e-01, 1.797693134862e+308, 6.8556e+00, 3.7718e-01, 
 2DIAGNOSTIC,    10, -5.194858629536e-01, 1.878727792456e-04, 7.2086e+00, 3.5298e-01, 
 2DIAGNOSTIC,    11, -5.194858127258e-01, 1.309460269309e-04, 7.5604e+00, 3.5186e-01, 
 2DIAGNOSTIC,    12, -5.194856426788e-01, 8.050323265961e-05, 7.9114e+00, 3.5090e-01, 
 2DIAGNOSTIC,    13, -5.194856053420e-01, 3.960541137278e-05, 8.3066e+00, 3.9523e-01, 
 2DIAGNOSTIC,    14, -5.194855579314e-01, 1.049360943887e-05, 8.6681e+00, 3.6153e-01, 
 2DIAGNOSTIC,    15, -5.194855018995e-01, 2.090939064531e-06, 9.0182e+00, 3.5013e-01, 
 2DIAGNOSTIC,    16, -5.194854232259e-01, 1.945343715754e-06, 9.3736e+00, 3.5532e-01, 
 2DIAGNOSTIC,    17, -5.194853523499e-01, 1.830307112607e-06, 9.6953e+00, 3.2177e-01, 
 2DIAGNOSTIC,    18, -5.194853149414e-01, 1.726899345418e-06, 1.0047e+01, 3.5142e-01, 
 2DIAGNOSTIC,    19, -5.194853873010e-01, 1.640126467528e-06, 1.0403e+01, 3.5581e-01, 
 2DIAGNOSTIC,    20, -5.194853535393e-01, 1.563927612074e-06, 1.0750e+01, 3.4737e-01, 
 2DIAGNOSTIC,    21, -5.194851775601e-01, 1.491804535764e-06, 1.1105e+01, 3.5542e-01, 
 2DIAGNOSTIC,    22, -5.194851213815e-01, 1.422986842255e-06, 1.1463e+01, 3.5729e-01, 
 2DIAGNOSTIC,    23, -5.194849724820e-01, 1.357895039904e-06, 1.1808e+01, 3.4557e-01, 
 2DIAGNOSTIC,    24, -5.194847994966e-01, 1.295591109368e-06, 1.2129e+01, 3.2082e-01, 
 2DIAGNOSTIC,    25, -5.194847914459e-01, 1.239801303718e-06, 1.2485e+01, 3.5610e-01, 
 2DIAGNOSTIC,    26, -5.194846239194e-01, 1.186265541790e-06, 1.2805e+01, 3.1959e-01, 
 2DIAGNOSTIC,    27, -5.194846252620e-01, 1.138937697015e-06, 1.3153e+01, 3.4791e-01, 
 2DIAGNOSTIC,    28, -5.194845298828e-01, 1.096047127676e-06, 1.3487e+01, 3.3439e-01, 
 2DIAGNOSTIC,    29, -5.194847734996e-01, 1.065916932323e-06, 1.3836e+01, 3.4903e-01, 
 2DIAGNOSTIC,    30, -5.194848810541e-01, 1.042014421998e-06, 1.4240e+01, 4.0356e-01, 
 2DIAGNOSTIC,    31, -5.194849183202e-01, 1.018934686875e-06, 1.4593e+01, 3.5297e-01, 
  Elapsed time (stage 1): 1.4877e+01


Stage 2
  iterations = 100x70x50x20
  convergence threshold = 1.0000e-06
  convergence window size = 10
  number of levels = 4
  using the CC metric (radius = 4, weight = 1.0000e+00, use gradient filter = 0)
  preprocessing:  winsorizing the image intensities
  Shrink factors (level 1 out of 4): [8, 8, 8]
  Shrink factors (level 2 out of 4): [4, 4, 4]
  Shrink factors (level 3 out of 4): [2, 2, 2]
  Shrink factors (level 4 out of 4): [1, 1, 1]
  smoothing sigmas per level: [3, 2, 1, 0]
  Using default NONE metricSamplingStrategy 

*** Running SyN registration (varianceForUpdateField = 3.0000e+00, varianceForTotalField = 0.0000e+00) ***

XXDIAGNOSTIC,Iteration,metricValue,convergenceValue,ITERATION_TIME_INDEX,SINCE_LAST
 1DIAGNOSTIC,     1, -8.822834882627e-01, 1.797693134862e+308, 1.6594e-01, 1.6594e-01, 
 1DIAGNOSTIC,     2, -8.901131394075e-01, 1.797693134862e+308, 2.4634e-01, 8.0396e-02, 
 1DIAGNOSTIC,     3, -8.964955590055e-01, 1.797693134862e+308, 3.3626e-01, 8.9928e-02, 
 1DIAGNOSTIC,     4, -9.014224682619e-01, 1.797693134862e+308, 4.2383e-01, 8.7569e-02, 
 1DIAGNOSTIC,     5, -9.046525335264e-01, 1.797693134862e+308, 5.0014e-01, 7.6308e-02, 
 1DIAGNOSTIC,     6, -9.072454699069e-01, 1.797693134862e+308, 5.8849e-01, 8.8350e-02, 
 1DIAGNOSTIC,     7, -9.093134571046e-01, 1.797693134862e+308, 6.7841e-01, 8.9915e-02, 
 1DIAGNOSTIC,     8, -9.109762557902e-01, 1.797693134862e+308, 7.6719e-01, 8.8785e-02, 
 1DIAGNOSTIC,     9, -9.122482094980e-01, 1.797693134862e+308, 8.4920e-01, 8.2005e-02, 
 1DIAGNOSTIC,    10, -9.132369185282e-01, 2.035916799602e-03, 9.3066e-01, 8.1462e-02, 
 1DIAGNOSTIC,    11, -9.140698357645e-01, 1.417275312236e-03, 1.0076e+00, 7.6933e-02, 
 1DIAGNOSTIC,    12, -9.147760325307e-01, 9.965559146341e-04, 1.0940e+00, 8.6408e-02, 
 1DIAGNOSTIC,    13, -9.153777637657e-01, 7.178624387019e-04, 1.1838e+00, 8.9770e-02, 
 1DIAGNOSTIC,    14, -9.158961264091e-01, 5.351968041962e-04, 1.2813e+00, 9.7538e-02, 
 1DIAGNOSTIC,    15, -9.163484311731e-01, 4.045300546793e-04, 1.3666e+00, 8.5315e-02, 
 1DIAGNOSTIC,    16, -9.167472528938e-01, 3.113256492436e-04, 1.4465e+00, 7.9865e-02, 
 1DIAGNOSTIC,    17, -9.170996982367e-01, 2.447137851054e-04, 1.5342e+00, 8.7719e-02, 
 1DIAGNOSTIC,    18, -9.174135470094e-01, 1.970859105681e-04, 1.6225e+00, 8.8310e-02, 
 1DIAGNOSTIC,    19, -9.176935617444e-01, 1.616697075430e-04, 1.7114e+00, 8.8900e-02, 
 1DIAGNOSTIC,    20, -9.179449292890e-01, 1.341039171744e-04, 1.7924e+00, 8.0997e-02, 
 1DIAGNOSTIC,    21, -9.181715778001e-01, 1.124125854736e-04, 1.8735e+00, 8.1076e-02, 
 1DIAGNOSTIC,    22, -9.183764968535e-01, 9.513143290350e-05, 1.9522e+00, 7.8715e-02, 
 1DIAGNOSTIC,    23, -9.185640618035e-01, 8.118302145123e-05, 2.0314e+00, 7.9178e-02, 
 1DIAGNOSTIC,    24, -9.187383258059e-01, 6.982227150187e-05, 2.1043e+00, 7.2948e-02, 
 1DIAGNOSTIC,    25, -9.188995411806e-01, 6.050672954897e-05, 2.1866e+00, 8.2295e-02, 
 1DIAGNOSTIC,    26, -9.190469983178e-01, 5.281382695747e-05, 2.2754e+00, 8.8747e-02, 
 1DIAGNOSTIC,    27, -9.191810543843e-01, 4.638449481002e-05, 2.3564e+00, 8.1061e-02, 
 1DIAGNOSTIC,    28, -9.193039101327e-01, 4.095593535718e-05, 2.4478e+00, 9.1380e-02, 
 1DIAGNOSTIC,    29, -9.194160139002e-01, 3.630474008790e-05, 2.5441e+00, 9.6274e-02, 
 1DIAGNOSTIC,    30, -9.195176605495e-01, 3.225650839333e-05, 2.6262e+00, 8.2156e-02, 
 1DIAGNOSTIC,    31, -9.196104578124e-01, 2.868832414144e-05, 2.7147e+00, 8.8463e-02, 
 1DIAGNOSTIC,    32, -9.196898779848e-01, 2.545604952529e-05, 2.8124e+00, 9.7742e-02, 
 1DIAGNOSTIC,    33, -9.197778567478e-01, 2.267053996605e-05, 2.9043e+00, 9.1838e-02, 
 1DIAGNOSTIC,    34, -9.198482843142e-01, 2.019777941347e-05, 2.9867e+00, 8.2369e-02, 
 1DIAGNOSTIC,    35, -9.199121853065e-01, 1.801408065483e-05, 3.0780e+00, 9.1345e-02, 
 1DIAGNOSTIC,    36, -9.199708601623e-01, 1.608729672550e-05, 3.1671e+00, 8.9111e-02, 
 1DIAGNOSTIC,    37, -9.200236222915e-01, 1.436985550025e-05, 3.2592e+00, 9.2046e-02, 
 1DIAGNOSTIC,    38, -9.200717807834e-01, 1.283779477608e-05, 3.3450e+00, 8.5804e-02, 
 1DIAGNOSTIC,    39, -9.201158888972e-01, 1.147043040984e-05, 3.4260e+00, 8.1070e-02, 
 1DIAGNOSTIC,    40, -9.201567229776e-01, 1.025050265565e-05, 3.5119e+00, 8.5918e-02, 
 1DIAGNOSTIC,    41, -9.201936684036e-01, 9.161810131806e-06, 3.6010e+00, 8.9017e-02, 
 1DIAGNOSTIC,    42, -9.202279244093e-01, 8.152890977348e-06, 3.6968e+00, 9.5833e-02, 
 1DIAGNOSTIC,    43, -9.202600596869e-01, 7.343195782748e-06, 3.7791e+00, 8.2313e-02, 
 1DIAGNOSTIC,    44, -9.202883537164e-01, 6.627856110046e-06, 3.8647e+00, 8.5634e-02, 
 1DIAGNOSTIC,    45, -9.203052669699e-01, 5.930214233677e-06, 3.9438e+00, 7.9049e-02, 
 1DIAGNOSTIC,    46, -9.203295287370e-01, 5.318583010880e-06, 4.0230e+00, 7.9210e-02, 
 1DIAGNOSTIC,    47, -9.203517593663e-01, 4.779043938474e-06, 4.0983e+00, 7.5344e-02, 
 1DIAGNOSTIC,    48, -9.203721860381e-01, 4.306624978877e-06, 4.1869e+00, 8.8581e-02, 
 1DIAGNOSTIC,    49, -9.203907270185e-01, 3.896946716739e-06, 4.2756e+00, 8.8716e-02, 
 1DIAGNOSTIC,    50, -9.204077659936e-01, 3.548757379915e-06, 4.3604e+00, 8.4715e-02, 
 1DIAGNOSTIC,    51, -9.204233351212e-01, 3.251119343406e-06, 4.4475e+00, 8.7151e-02, 
 1DIAGNOSTIC,    52, -9.204369940183e-01, 2.994513960769e-06, 4.5356e+00, 8.8082e-02, 
 1DIAGNOSTIC,    53, -9.204490729202e-01, 2.774417226077e-06, 4.6248e+00, 8.9254e-02, 
 1DIAGNOSTIC,    54, -9.204602134236e-01, 2.579445697877e-06, 4.7071e+00, 8.2219e-02, 
 1DIAGNOSTIC,    55, -9.204704787493e-01, 2.351445225760e-06, 4.7944e+00, 8.7359e-02, 
 1DIAGNOSTIC,    56, -9.204794974977e-01, 2.143545563486e-06, 4.8898e+00, 9.5377e-02, 
 1DIAGNOSTIC,    57, -9.204871735925e-01, 1.952564205165e-06, 4.9726e+00, 8.2798e-02, 
 1DIAGNOSTIC,    58, -9.204943947305e-01, 1.780581478546e-06, 5.0703e+00, 9.7738e-02, 
 1DIAGNOSTIC,    59, -9.205005815281e-01, 1.624540647546e-06, 5.1769e+00, 1.0655e-01, 
 1DIAGNOSTIC,    60, -9.205052622880e-01, 1.480282421310e-06, 5.2714e+00, 9.4508e-02, 
 1DIAGNOSTIC,    61, -9.205084227718e-01, 1.343658260627e-06, 5.3605e+00, 8.9081e-02, 
 1DIAGNOSTIC,    62, -9.205110543756e-01, 1.213187538613e-06, 5.4443e+00, 8.3811e-02, 
 1DIAGNOSTIC,    63, -9.205125687380e-01, 1.085691490814e-06, 5.5288e+00, 8.4494e-02, 
 1DIAGNOSTIC,    64, -9.205131203021e-01, 9.623009460391e-07, 5.6173e+00, 8.8524e-02, 
XXDIAGNOSTIC,Iteration,metricValue,convergenceValue,ITERATION_TIME_INDEX,SINCE_LAST
 1DIAGNOSTIC,     1, -8.414214066793e-01, 1.797693134862e+308, 6.0644e+00, 4.4711e-01, 
 1DIAGNOSTIC,     2, -8.450002774646e-01, 1.797693134862e+308, 6.4108e+00, 3.4640e-01, 
 1DIAGNOSTIC,     3, -8.481373066566e-01, 1.797693134862e+308, 6.7544e+00, 3.4358e-01, 
 1DIAGNOSTIC,     4, -8.510503032012e-01, 1.797693134862e+308, 7.0907e+00, 3.3635e-01, 
 1DIAGNOSTIC,     5, -8.535679283859e-01, 1.797693134862e+308, 7.4307e+00, 3.3995e-01, 
 1DIAGNOSTIC,     6, -8.557573805608e-01, 1.797693134862e+308, 7.7672e+00, 3.3648e-01, 
 1DIAGNOSTIC,     7, -8.576414297049e-01, 1.797693134862e+308, 8.1023e+00, 3.3512e-01, 
 1DIAGNOSTIC,     8, -8.593090395839e-01, 1.797693134862e+308, 8.4741e+00, 3.7178e-01, 
 1DIAGNOSTIC,     9, -8.607037465295e-01, 1.797693134862e+308, 8.8248e+00, 3.5072e-01, 
 1DIAGNOSTIC,    10, -8.619067162865e-01, 1.517945435147e-03, 9.1600e+00, 3.3524e-01, 
 1DIAGNOSTIC,    11, -8.629815398551e-01, 1.205960485274e-03, 9.5040e+00, 3.4394e-01, 
 1DIAGNOSTIC,    12, -8.639713186488e-01, 9.636487622297e-04, 9.8630e+00, 3.5905e-01, 
 1DIAGNOSTIC,    13, -8.647657114902e-01, 7.712781133971e-04, 1.0215e+01, 3.5235e-01, 
 1DIAGNOSTIC,    14, -8.654678568105e-01, 6.215139424124e-04, 1.0576e+01, 3.6055e-01, 
 1DIAGNOSTIC,    15, -8.661164340016e-01, 5.045695631432e-04, 1.0919e+01, 3.4286e-01, 
 1DIAGNOSTIC,    16, -8.666953389659e-01, 4.129360319993e-04, 1.1246e+01, 3.2730e-01, 
 1DIAGNOSTIC,    17, -8.672288971399e-01, 3.408271393685e-04, 1.1597e+01, 3.5088e-01, 
 1DIAGNOSTIC,    18, -8.677128607818e-01, 2.845945567943e-04, 1.1944e+01, 3.4703e-01, 
 1DIAGNOSTIC,    19, -8.681505643247e-01, 2.396770252793e-04, 1.2293e+01, 3.4887e-01, 
 1DIAGNOSTIC,    20, -8.685595432881e-01, 2.035032170001e-04, 1.2664e+01, 3.7151e-01, 
 1DIAGNOSTIC,    21, -8.689318561515e-01, 1.744563377975e-04, 1.3029e+01, 3.6434e-01, 
 1DIAGNOSTIC,    22, -8.692857727793e-01, 1.518734693920e-04, 1.3388e+01, 3.5880e-01, 
 1DIAGNOSTIC,    23, -8.696250010909e-01, 1.332767249035e-04, 1.3750e+01, 3.6270e-01, 
 1DIAGNOSTIC,    24, -8.699368196405e-01, 1.176455814330e-04, 1.4108e+01, 3.5735e-01, 
 1DIAGNOSTIC,    25, -8.702158266607e-01, 1.044460135496e-04, 1.4475e+01, 3.6726e-01, 
 1DIAGNOSTIC,    26, -8.704692758983e-01, 9.299630270532e-05, 1.4847e+01, 3.7190e-01, 
 1DIAGNOSTIC,    27, -8.707274053577e-01, 8.331002332702e-05, 1.5192e+01, 3.4517e-01, 
 1DIAGNOSTIC,    28, -8.709549412100e-01, 7.483685914138e-05, 1.5553e+01, 3.6131e-01, 
 1DIAGNOSTIC,    29, -8.711797721511e-01, 6.742481038705e-05, 1.5913e+01, 3.6005e-01, 
 1DIAGNOSTIC,    30, -8.714111875337e-01, 6.119079885045e-05, 1.6263e+01, 3.4996e-01, 
 1DIAGNOSTIC,    31, -8.716040064381e-01, 5.559332408595e-05, 1.6608e+01, 3.4446e-01, 
 1DIAGNOSTIC,    32, -8.717838903188e-01, 5.060022873558e-05, 1.6955e+01, 3.4774e-01, 
 1DIAGNOSTIC,    33, -8.719546837686e-01, 4.623134175256e-05, 1.7310e+01, 3.5500e-01, 
 1DIAGNOSTIC,    34, -8.721242565045e-01, 4.242519269225e-05, 1.7654e+01, 3.4340e-01, 
 1DIAGNOSTIC,    35, -8.722725737496e-01, 3.885710033205e-05, 1.7996e+01, 3.4259e-01, 
 1DIAGNOSTIC,    36, -8.724192496927e-01, 3.548699466808e-05, 1.8336e+01, 3.3939e-01, 
 1DIAGNOSTIC,    37, -8.725647902454e-01, 3.255723055230e-05, 1.8684e+01, 3.4796e-01, 
 1DIAGNOSTIC,    38, -8.726946685553e-01, 2.981460134856e-05, 1.9050e+01, 3.6672e-01, 
 1DIAGNOSTIC,    39, -8.728181072839e-01, 2.734389945773e-05, 1.9403e+01, 3.5261e-01, 
 1DIAGNOSTIC,    40, -8.729352643834e-01, 2.529858051457e-05, 1.9749e+01, 3.4618e-01, 
 1DIAGNOSTIC,    41, -8.730457526702e-01, 2.341582442268e-05, 2.0107e+01, 3.5786e-01, 
 1DIAGNOSTIC,    42, -8.731476542598e-01, 2.163605882451e-05, 2.0452e+01, 3.4468e-01, 
 1DIAGNOSTIC,    43, -8.732526277229e-01, 2.002325572551e-05, 2.0797e+01, 3.4536e-01, 
 1DIAGNOSTIC,    44, -8.733487161352e-01, 1.859971627049e-05, 2.1143e+01, 3.4574e-01, 
 1DIAGNOSTIC,    45, -8.734390468271e-01, 1.724869460547e-05, 2.1488e+01, 3.4532e-01, 
 1DIAGNOSTIC,    46, -8.735228505060e-01, 1.599670144687e-05, 2.1829e+01, 3.4062e-01, 
 1DIAGNOSTIC,    47, -8.736211442083e-01, 1.501699420482e-05, 2.2182e+01, 3.5312e-01, 
 1DIAGNOSTIC,    48, -8.737089362103e-01, 1.417078417620e-05, 2.2530e+01, 3.4806e-01, 
 1DIAGNOSTIC,    49, -8.737852773047e-01, 1.338429216707e-05, 2.2878e+01, 3.4778e-01, 
 1DIAGNOSTIC,    50, -8.738475921634e-01, 1.257303585184e-05, 2.3215e+01, 3.3695e-01, 
 1DIAGNOSTIC,    51, -8.739114199638e-01, 1.175925749987e-05, 2.3565e+01, 3.5010e-01, 
 1DIAGNOSTIC,    52, -8.739775161256e-01, 1.095205663475e-05, 2.3930e+01, 3.6509e-01, 
 1DIAGNOSTIC,    53, -8.740382209571e-01, 1.019213409326e-05, 2.4268e+01, 3.3777e-01, 
 1DIAGNOSTIC,    54, -8.741082627796e-01, 9.537488884187e-06, 2.4610e+01, 3.4210e-01, 
 1DIAGNOSTIC,    55, -8.741731706598e-01, 8.963099402796e-06, 2.4946e+01, 3.3671e-01, 
 1DIAGNOSTIC,    56, -8.742361782075e-01, 8.450602871871e-06, 2.5292e+01, 3.4522e-01, 
 1DIAGNOSTIC,    57, -8.742855805894e-01, 8.035883491419e-06, 2.5629e+01, 3.3707e-01, 
 1DIAGNOSTIC,    58, -8.743369899108e-01, 7.694308993660e-06, 2.5963e+01, 3.3373e-01, 
 1DIAGNOSTIC,    59, -8.743860114776e-01, 7.365266838363e-06, 2.6312e+01, 3.4995e-01, 
 1DIAGNOSTIC,    60, -8.744393638484e-01, 7.013298512045e-06, 2.6657e+01, 3.4496e-01, 
 1DIAGNOSTIC,    61, -8.744858659343e-01, 6.632903848527e-06, 2.7000e+01, 3.4216e-01, 
 1DIAGNOSTIC,    62, -8.745340525462e-01, 6.275078867045e-06, 2.7341e+01, 3.4132e-01, 
 1DIAGNOSTIC,    63, -8.745770748157e-01, 5.905948011219e-06, 2.7692e+01, 3.5154e-01, 
 1DIAGNOSTIC,    64, -8.746186076217e-01, 5.591921234817e-06, 2.8030e+01, 3.3781e-01, 
 1DIAGNOSTIC,    65, -8.746570427246e-01, 5.309768150597e-06, 2.8375e+01, 3.4501e-01, 
 1DIAGNOSTIC,    66, -8.747021592847e-01, 5.102816001024e-06, 2.8715e+01, 3.4007e-01, 
 1DIAGNOSTIC,    67, -8.747383479370e-01, 4.868591678257e-06, 2.9053e+01, 3.3773e-01, 
 1DIAGNOSTIC,    68, -8.747728243762e-01, 4.626740588938e-06, 2.9392e+01, 3.3922e-01, 
 1DIAGNOSTIC,    69, -8.748069886209e-01, 4.380823601892e-06, 2.9729e+01, 3.3688e-01, 
 1DIAGNOSTIC,    70, -8.748400476810e-01, 4.163324765256e-06, 3.0089e+01, 3.6007e-01, 
XXDIAGNOSTIC,Iteration,metricValue,convergenceValue,ITERATION_TIME_INDEX,SINCE_LAST
 1DIAGNOSTIC,     1, -8.393801801830e-01, 1.797693134862e+308, 3.2622e+01, 2.5325e+00, 
 1DIAGNOSTIC,     2, -8.427109680443e-01, 1.797693134862e+308, 3.4974e+01, 2.3523e+00, 
 1DIAGNOSTIC,     3, -8.462086077291e-01, 1.797693134862e+308, 3.7300e+01, 2.3257e+00, 
 1DIAGNOSTIC,     4, -8.496796770956e-01, 1.797693134862e+308, 3.9636e+01, 2.3366e+00, 
 1DIAGNOSTIC,     5, -8.524723034541e-01, 1.797693134862e+308, 4.1803e+01, 2.1662e+00, 
 1DIAGNOSTIC,     6, -8.552609706970e-01, 1.797693134862e+308, 4.4187e+01, 2.3845e+00, 
 1DIAGNOSTIC,     7, -8.575355812366e-01, 1.797693134862e+308, 4.6515e+01, 2.3283e+00, 
 1DIAGNOSTIC,     8, -8.596051418701e-01, 1.797693134862e+308, 4.8892e+01, 2.3765e+00, 
 1DIAGNOSTIC,     9, -8.614932723039e-01, 1.797693134862e+308, 5.1195e+01, 2.3033e+00, 
 1DIAGNOSTIC,    10, -8.632282484310e-01, 1.795932335469e-03, 5.3630e+01, 2.4345e+00, 
 1DIAGNOSTIC,    11, -8.649667523712e-01, 1.489358449788e-03, 5.5969e+01, 2.3394e+00, 
 1DIAGNOSTIC,    12, -8.663170879249e-01, 1.229018999077e-03, 5.8286e+01, 2.3167e+00, 
 1DIAGNOSTIC,    13, -8.674823772097e-01, 1.016083412582e-03, 6.0578e+01, 2.2919e+00, 
 1DIAGNOSTIC,    14, -8.685961901159e-01, 8.494913056609e-04, 6.2755e+01, 2.1769e+00, 
 1DIAGNOSTIC,    15, -8.696193406343e-01, 7.111030504912e-04, 6.4998e+01, 2.2438e+00, 
 1DIAGNOSTIC,    16, -8.705398216684e-01, 6.010205937441e-04, 6.7128e+01, 2.1298e+00, 
 1DIAGNOSTIC,    17, -8.713826573415e-01, 5.088568156477e-04, 6.9129e+01, 2.0004e+00, 
 1DIAGNOSTIC,    18, -8.721681876861e-01, 4.321239244180e-04, 7.1170e+01, 2.0415e+00, 
 1DIAGNOSTIC,    19, -8.729029152770e-01, 3.687620516119e-04, 7.3243e+01, 2.0727e+00, 
 1DIAGNOSTIC,    20, -8.735976057968e-01, 3.171990818231e-04, 7.5329e+01, 2.0857e+00, 
 1DIAGNOSTIC,    21, -8.742640955466e-01, 2.785620683887e-04, 7.7372e+01, 2.0430e+00, 
 1DIAGNOSTIC,    22, -8.748915634840e-01, 2.469148083019e-04, 7.9497e+01, 2.1256e+00, 
 1DIAGNOSTIC,    23, -8.754963673910e-01, 2.201245687222e-04, 8.1563e+01, 2.0655e+00, 
 1DIAGNOSTIC,    24, -8.760658585998e-01, 1.978922467036e-04, 8.3591e+01, 2.0281e+00, 
 1DIAGNOSTIC,    25, -8.766129770766e-01, 1.794197001825e-04, 8.5664e+01, 2.0728e+00, 
 1DIAGNOSTIC,    26, -8.771407357639e-01, 1.637241553865e-04, 8.7795e+01, 2.1314e+00, 
 1DIAGNOSTIC,    27, -8.776459017452e-01, 1.501042649618e-04, 8.9976e+01, 2.1814e+00, 
 1DIAGNOSTIC,    28, -8.781155204366e-01, 1.379651544005e-04, 9.2149e+01, 2.1721e+00, 
 1DIAGNOSTIC,    29, -8.785612595252e-01, 1.269551332914e-04, 9.4285e+01, 2.1368e+00, 
 1DIAGNOSTIC,    30, -8.789830782162e-01, 1.168503198519e-04, 9.6402e+01, 2.1169e+00, 
 1DIAGNOSTIC,    31, -8.793727341951e-01, 1.074801637666e-04, 9.8452e+01, 2.0500e+00, 
 1DIAGNOSTIC,    32, -8.797323112577e-01, 9.860010412260e-05, 1.0054e+02, 2.0900e+00, 
 1DIAGNOSTIC,    33, -8.800761985762e-01, 9.031632391349e-05, 1.0260e+02, 2.0529e+00, 
 1DIAGNOSTIC,    34, -8.804072518963e-01, 8.261288973955e-05, 1.0468e+02, 2.0874e+00, 
 1DIAGNOSTIC,    35, -8.807298887626e-01, 7.562758869391e-05, 1.0679e+02, 2.1051e+00, 
 1DIAGNOSTIC,    36, -8.810389769268e-01, 6.944111475284e-05, 1.0897e+02, 2.1842e+00, 
 1DIAGNOSTIC,    37, -8.813299210297e-01, 6.402363428533e-05, 1.1109e+02, 2.1205e+00, 
 1DIAGNOSTIC,    38, -8.816160094303e-01, 5.930522436462e-05, 1.1334e+02, 2.2511e+00, 
 1DIAGNOSTIC,    39, -8.818928485102e-01, 5.523915410824e-05, 1.1549e+02, 2.1445e+00, 
 1DIAGNOSTIC,    40, -8.821567787938e-01, 5.171956560540e-05, 1.1770e+02, 2.2132e+00, 
 1DIAGNOSTIC,    41, -8.824128854678e-01, 4.859748053376e-05, 1.1991e+02, 2.2043e+00, 
 1DIAGNOSTIC,    42, -8.826631969930e-01, 4.574482600161e-05, 1.2201e+02, 2.1023e+00, 
 1DIAGNOSTIC,    43, -8.829055935385e-01, 4.312461058740e-05, 1.2411e+02, 2.1031e+00, 
 1DIAGNOSTIC,    44, -8.831353331322e-01, 4.067944385372e-05, 1.2618e+02, 2.0710e+00, 
 1DIAGNOSTIC,    45, -8.833619995482e-01, 3.845703644876e-05, 1.2830e+02, 2.1161e+00, 
 1DIAGNOSTIC,    46, -8.835805613316e-01, 3.641646594233e-05, 1.3036e+02, 2.0644e+00, 
 1DIAGNOSTIC,    47, -8.837950619701e-01, 3.450597160353e-05, 1.3242e+02, 2.0574e+00, 
 1DIAGNOSTIC,    48, -8.840021981538e-01, 3.274319151865e-05, 1.3452e+02, 2.0966e+00, 
 1DIAGNOSTIC,    49, -8.841993739678e-01, 3.109347296639e-05, 1.3660e+02, 2.0829e+00, 
 1DIAGNOSTIC,    50, -8.843903533104e-01, 2.952060532740e-05, 1.3864e+02, 2.0386e+00, 
XXDIAGNOSTIC,Iteration,metricValue,convergenceValue,ITERATION_TIME_INDEX,SINCE_LAST
 1DIAGNOSTIC,     1, -8.594333037054e-01, 1.797693134862e+308, 1.5544e+02, 1.6807e+01, 
 1DIAGNOSTIC,     2, -8.608344327086e-01, 1.797693134862e+308, 1.7187e+02, 1.6430e+01, 
 1DIAGNOSTIC,     3, -8.623752417741e-01, 1.797693134862e+308, 1.8842e+02, 1.6541e+01, 
 1DIAGNOSTIC,     4, -8.638265371152e-01, 1.797693134862e+308, 2.0464e+02, 1.6222e+01, 
 1DIAGNOSTIC,     5, -8.652731747156e-01, 1.797693134862e+308, 2.2095e+02, 1.6314e+01, 
 1DIAGNOSTIC,     6, -8.666367354655e-01, 1.797693134862e+308, 2.3756e+02, 1.6610e+01, 
 1DIAGNOSTIC,     7, -8.679476235873e-01, 1.797693134862e+308, 2.5383e+02, 1.6267e+01, 
 1DIAGNOSTIC,     8, -8.692487430903e-01, 1.797693134862e+308, 2.7023e+02, 1.6404e+01, 
 1DIAGNOSTIC,     9, -8.705065320216e-01, 1.797693134862e+308, 2.8680e+02, 1.6570e+01, 
 1DIAGNOSTIC,    10, -8.716875732248e-01, 9.118045645905e-04, 3.0351e+02, 1.6708e+01, 
 1DIAGNOSTIC,    11, -8.727357586758e-01, 8.020782668592e-04, 3.2003e+02, 1.6518e+01, 
 1DIAGNOSTIC,    12, -8.738059294908e-01, 7.057567364533e-04, 3.3660e+02, 1.6570e+01, 
 1DIAGNOSTIC,    13, -8.747268392900e-01, 6.220868704487e-04, 3.5364e+02, 1.7041e+01, 
 1DIAGNOSTIC,    14, -8.756623744098e-01, 5.492708608627e-04, 3.7048e+02, 1.6838e+01, 
 1DIAGNOSTIC,    15, -8.765718516703e-01, 4.870590042927e-04, 3.8701e+02, 1.6537e+01, 
 1DIAGNOSTIC,    16, -8.774195450003e-01, 4.328491354559e-04, 4.0355e+02, 1.6539e+01, 
 1DIAGNOSTIC,    17, -8.781233255958e-01, 3.836294746553e-04, 4.2009e+02, 1.6534e+01, 
 1DIAGNOSTIC,    18, -8.787864506585e-01, 3.398878822802e-04, 4.3657e+02, 1.6486e+01, 
 1DIAGNOSTIC,    19, -8.794384707655e-01, 3.018764671125e-04, 4.5333e+02, 1.6758e+01, 
 1DIAGNOSTIC,    20, -8.800592643689e-01, 2.688195761521e-04, 4.6996e+02, 1.6630e+01, 
  Elapsed time (stage 2): 470.3


Total elapsed time: 495.8
 Registration finished. The antsRegistration call was:
--------------------------------------------------------------------------------------
/opt/ants/bin/antsRegistration --verbose 1 --dimensionality 3 --float 0 --collapse-output-transforms 1 --output [ /data/derivatives/ants/registrationSyN/sub-s038/ses-open/anat/,/data/derivatives/ants/registrationSyN/sub-s038/ses-open/anat/Warped.nii.gz,/data/derivatives/ants/registrationSyN/sub-s038/ses-open/anat/InverseWarped.nii.gz ] --interpolation Linear --use-histogram-matching 0 --winsorize-image-intensities [ 0.005,0.995 ] --initial-moving-transform [ /templateflow/tpl-MNI152NLin2009cAsym//tpl-MNI152NLin2009cAsym_res-01_desc-brain_T1w.nii.gz,/data/derivatives/fsl/fast/sub-s038/ses-open/anat/BrainExtractionBrain_seg.nii.gz,1 ] --transform Rigid[ 0.1 ] --metric MI[ /templateflow/tpl-MNI152NLin2009cAsym//tpl-MNI152NLin2009cAsym_res-01_desc-brain_T1w.nii.gz,/data/derivatives/fsl/fast/sub-s038/ses-open/anat/BrainExtractionBrain_seg.nii.gz,1,32,Regular,0.25 ] --convergence [ 1000x500x250x100,1e-6,10 ] --shrink-factors 8x4x2x1 --smoothing-sigmas 3x2x1x0vox --transform Affine[ 0.1 ] --metric MI[ /templateflow/tpl-MNI152NLin2009cAsym//tpl-MNI152NLin2009cAsym_res-01_desc-brain_T1w.nii.gz,/data/derivatives/fsl/fast/sub-s038/ses-open/anat/BrainExtractionBrain_seg.nii.gz,1,32,Regular,0.25 ] --convergence [ 1000x500x250x100,1e-6,10 ] --shrink-factors 8x4x2x1 --smoothing-sigmas 3x2x1x0vox --transform SyN[ 0.1,3,0 ] --metric CC[ /templateflow/tpl-MNI152NLin2009cAsym//tpl-MNI152NLin2009cAsym_res-01_desc-brain_T1w.nii.gz,/data/derivatives/fsl/fast/sub-s038/ses-open/anat/BrainExtractionBrain_seg.nii.gz,1,4 ] --convergence [ 100x70x50x20,1e-6,10 ] --shrink-factors 8x4x2x1 --smoothing-sigmas 3x2x1x0vox
--------------------------------------------------------------------------------------
Moving image resampled into fixed space: /data/derivatives/ants/registrationSyN/sub-s038/ses-open/anat/Warped.nii.gz
Fixed image resampled into moving space: /data/derivatives/ants/registrationSyN/sub-s038/ses-open/anat/InverseWarped.nii.gz
--------------------------------------------------------------------------------------
Elapsed Time: 499.956s
    SP GFLOPS: 0.000
    DP GFLOPS: 16.727
    x87 GFLOPS: 0.000
    CPI Rate: 0.486
    Average CPU Frequency: 2.762 GHz
    Total Thread Count: 77
Effective Physical Core Utilization: 75.3% (24.108 out of 32)
 | The metric value is low, which may signal a poor physical CPU cores
 | utilization caused by:
 |     - load imbalance
 |     - threading runtime overhead
 |     - contended synchronization
 |     - thread/process underutilization
 |     - incorrect affinity that utilizes logical cores instead of physical
 |       cores
 | Explore sub-metrics to estimate the efficiency of MPI and OpenMP parallelism
 | or run the Locks and Waits analysis to identify parallel bottlenecks for
 | other parallel runtimes.
 |
    Effective Logical Core Utilization: 39.6% (25.337 out of 64)
     | The metric value is low, which may signal a poor logical CPU cores
     | utilization. Consider improving physical core utilization as the first
     | step and then look at opportunities to utilize logical cores, which in
     | some cases can improve processor throughput and overall performance of
     | multi-threaded applications.
     |
Memory Bound: 16.7% of Pipeline Slots
    Cache Bound: 9.3% of Clockticks
    DRAM Bound: 0.5% of Clockticks
        DRAM Bandwidth Bound: 0.1% of Elapsed Time
    NUMA: % of Remote Accesses: 71.4%

    Bandwidth Utilization
    Bandwidth Domain             Platform Maximum  Observed Maximum  Average  % of Elapsed Time with High BW Utilization(%)
    ---------------------------  ----------------  ----------------  -------  ---------------------------------------------
    DRAM, GB/sec                 214                        142.100    3.041                                           0.0%
    DRAM Single-Package, GB/sec  107                        141.200    2.517                                           0.1%
Vectorization: 0.0% of Packed FP Operations
 | This code has floating point operations and is not vectorized. Consider
 | either recompiling the code with optimization options that allow
 | vectorization or using Intel Advisor to vectorize the loops.
 |
    Instruction Mix
        SP FLOPs: 0.0% of uOps
            Packed: 0.0% from SP FP
                128-bit: 0.0% from SP FP
                256-bit: 0.0% from SP FP
                512-bit: 0.0% from SP FP
            Scalar: 0.0% from SP FP
        DP FLOPs: 14.8% of uOps
            Packed: 0.0% from DP FP
                128-bit: 0.0% from DP FP
                256-bit: 0.0% from DP FP
                512-bit: 0.0% from DP FP
            Scalar: 100.0% from DP FP
             | This code has floating point operations and is not vectorized.
             | Consider either recompiling the code with optimization options
             | that allow vectorization or using Intel Advisor to vectorize the
             | loops.
             |
        x87 FLOPs: 0.0% of uOps
        Non-FP: 85.2% of uOps
    FP Arith/Mem Rd Instr. Ratio: 0.492
     | The metric value is low. This can be a result of unaligned access to data
     | for vector operations. Use Intel Advisor to find possible data access
     | inefficiencies for vector operations.
     |
    FP Arith/Mem Wr Instr. Ratio: 1.104
Collection and Platform Info
    Application Command Line: bash "tmp-scripts/X3kmUy77Es6KdzjxD4gi0I7AbR8RaPIu.sh" 
    Operating System: 4.18.0-477.10.1.el8_lustre.x86_64 DISTRIB_ID=Ubuntu DISTRIB_RELEASE=20.04 DISTRIB_CODENAME=focal DISTRIB_DESCRIPTION="Ubuntu 20.04.5 LTS"
    Computer Name: comp07
    Result Size: 4.8 GB 
    Collection start time: 08:01:49 26/11/2023 UTC
    Collection stop time: 08:10:09 26/11/2023 UTC
    Collector Type: Driverless Perf per-process sampling
    CPU
        Name: Intel(R) Xeon(R) Processor code named Skylake
        Frequency: 2.095 GHz
        Logical CPU Count: 64
        Max DRAM Single-Package Bandwidth: 107.000 GB/s
        LLC size: 23.1 MB 

If you want to skip descriptions of detected performance issues in the report,
enter: vtune -report summary -report-knob show-issues=false -r <my_result_dir>.
Alternatively, you may view the report in the csv format: vtune -report
<report_name> -format=csv.
