---------------------
Profiling information

Pipeline: ants registrationSyN
NTHREAD: 32

DATASET: ds004513
SUBJECT_ID: s030

SIF_IMG: /mnt/lustre/mathdugre/containers/ants-debug.simg
DATA_DIR: /mnt/lustre/mathdugre/mri-bottleneck/datasets/ds004513

PROJECT_DIR: /mnt/lustre/mathdugre/mri-bottleneck
PROFILING_DIR: /mnt/lustre/mathdugre/mri-bottleneck/vtune_output/32-threads/ants/registrationSyN/ds004513/sub-s030/fGBdK2a54c4opEGbvvE1PB2q7RKSko1L
---------------------

Command to profile: bash tmp-scripts/fGBdK2a54c4opEGbvvE1PB2q7RKSko1L.sh

--------------------------------------------------------------------------------------
 Mapping parameters
--------------------------------------------------------------------------------------
 ANTSPATH is /opt/ants/bin

 Dimensionality:           3
 Output name prefix:       /data/derivatives/ants/registrationSyN/sub-s030/ses-open/anat/
 Fixed images:             /templateflow/tpl-MNI152NLin2009cAsym//tpl-MNI152NLin2009cAsym_res-01_desc-brain_T1w.nii.gz
 Moving images:            /data/derivatives/fsl/fast/sub-s030/ses-open/anat/BrainExtractionBrain_seg.nii.gz
 Mask images:              
 Initial transforms:       
 Number of threads:        32
 Spline distance:          26
 SyN gradient step:        0.1
 Transform type:           s
 CC radius:                4
 Precision:                d
 Use histogram matching    0
 Repro                     0
======================================================================================
 antsRegistration call:
--------------------------------------------------------------------------------------
/opt/ants/bin/antsRegistration --verbose 1 --dimensionality 3 --float 0 --collapse-output-transforms 1 --output [ /data/derivatives/ants/registrationSyN/sub-s030/ses-open/anat/,/data/derivatives/ants/registrationSyN/sub-s030/ses-open/anat/Warped.nii.gz,/data/derivatives/ants/registrationSyN/sub-s030/ses-open/anat/InverseWarped.nii.gz ] --interpolation Linear --use-histogram-matching 0 --winsorize-image-intensities [ 0.005,0.995 ] --initial-moving-transform [ /templateflow/tpl-MNI152NLin2009cAsym//tpl-MNI152NLin2009cAsym_res-01_desc-brain_T1w.nii.gz,/data/derivatives/fsl/fast/sub-s030/ses-open/anat/BrainExtractionBrain_seg.nii.gz,1 ] --transform Rigid[ 0.1 ] --metric MI[ /templateflow/tpl-MNI152NLin2009cAsym//tpl-MNI152NLin2009cAsym_res-01_desc-brain_T1w.nii.gz,/data/derivatives/fsl/fast/sub-s030/ses-open/anat/BrainExtractionBrain_seg.nii.gz,1,32,Regular,0.25 ] --convergence [ 1000x500x250x100,1e-6,10 ] --shrink-factors 8x4x2x1 --smoothing-sigmas 3x2x1x0vox --transform Affine[ 0.1 ] --metric MI[ /templateflow/tpl-MNI152NLin2009cAsym//tpl-MNI152NLin2009cAsym_res-01_desc-brain_T1w.nii.gz,/data/derivatives/fsl/fast/sub-s030/ses-open/anat/BrainExtractionBrain_seg.nii.gz,1,32,Regular,0.25 ] --convergence [ 1000x500x250x100,1e-6,10 ] --shrink-factors 8x4x2x1 --smoothing-sigmas 3x2x1x0vox --transform SyN[ 0.1,3,0 ] --metric CC[ /templateflow/tpl-MNI152NLin2009cAsym//tpl-MNI152NLin2009cAsym_res-01_desc-brain_T1w.nii.gz,/data/derivatives/fsl/fast/sub-s030/ses-open/anat/BrainExtractionBrain_seg.nii.gz,1,4 ] --convergence [ 100x70x50x20,1e-6,10 ] --shrink-factors 8x4x2x1 --smoothing-sigmas 3x2x1x0vox
--------------------------------------------------------------------------------------
All_Command_lines_OK
Using double precision for computations.
=============================================================================
The composite transform comprises the following transforms (in order): 
  1. Center of mass alignment using fixed image: /templateflow/tpl-MNI152NLin2009cAsym//tpl-MNI152NLin2009cAsym_res-01_desc-brain_T1w.nii.gz and moving image: /data/derivatives/fsl/fast/sub-s030/ses-open/anat/BrainExtractionBrain_seg.nii.gz (type = Euler3DTransform)
=============================================================================
  number of levels = 4
  number of levels = 4
  number of levels = 4
  fixed image: /templateflow/tpl-MNI152NLin2009cAsym//tpl-MNI152NLin2009cAsym_res-01_desc-brain_T1w.nii.gz
  moving image: /data/derivatives/fsl/fast/sub-s030/ses-open/anat/BrainExtractionBrain_seg.nii.gz
  fixed image: /templateflow/tpl-MNI152NLin2009cAsym//tpl-MNI152NLin2009cAsym_res-01_desc-brain_T1w.nii.gz
  moving image: /data/derivatives/fsl/fast/sub-s030/ses-open/anat/BrainExtractionBrain_seg.nii.gz
  fixed image: /templateflow/tpl-MNI152NLin2009cAsym//tpl-MNI152NLin2009cAsym_res-01_desc-brain_T1w.nii.gz
  moving image: /data/derivatives/fsl/fast/sub-s030/ses-open/anat/BrainExtractionBrain_seg.nii.gz
Dimension = 3
Number of stages = 3
Use histogram matching = false
Winsorize image intensities = true
  Lower quantile = 0.005
  Upper quantile = 0.995


Stage 1 State
   Image metric = Mattes
     Fixed image = Image (0x55a40e26cf70)
  RTTI typeinfo:   itk::Image<double, 3u>
  Reference Count: 2
  Modified Time: 1717
  Debug: Off
  Object Name: 
  Observers: 
    none
  Source: (none)
  Source output name: (none)
  Release Data: Off
  Data Released: False
  Global Release Data: Off
  PipelineMTime: 0
  UpdateMTime: 1502
  RealTimeStamp: 0 seconds 
  LargestPossibleRegion: 
    Dimension: 3
    Index: [0, 0, 0]
    Size: [193, 229, 193]
  BufferedRegion: 
    Dimension: 3
    Index: [0, 0, 0]
    Size: [193, 229, 193]
  RequestedRegion: 
    Dimension: 3
    Index: [0, 0, 0]
    Size: [193, 229, 193]
  Spacing: [1, 1, 1]
  Origin: [96, 132, -78]
  Direction: 
-1 0 0
0 -1 0
0 0 1

  IndexToPointMatrix: 
-1 0 0
0 -1 0
0 0 1

  PointToIndexMatrix: 
-1 0 0
0 -1 0
0 0 1

  Inverse Direction: 
-1 0 0
0 -1 0
0 0 1

  PixelContainer: 
    ImportImageContainer (0x55a40e275cf0)
      RTTI typeinfo:   itk::ImportImageContainer<unsigned long, double>
      Reference Count: 1
      Modified Time: 1499
      Debug: Off
      Object Name: 
      Observers: 
        none
      Pointer: 0x7fdfa81b3010
      Container manages memory: true
      Size: 8530021
      Capacity: 8530021

     Moving image = Image (0x55a40e26ede0)
  RTTI typeinfo:   itk::Image<double, 3u>
  Reference Count: 2
  Modified Time: 1718
  Debug: Off
  Object Name: 
  Observers: 
    none
  Source: (none)
  Source output name: (none)
  Release Data: Off
  Data Released: False
  Global Release Data: Off
  PipelineMTime: 0
  UpdateMTime: 1715
  RealTimeStamp: 0 seconds 
  LargestPossibleRegion: 
    Dimension: 3
    Index: [0, 0, 0]
    Size: [160, 240, 256]
  BufferedRegion: 
    Dimension: 3
    Index: [0, 0, 0]
    Size: [160, 240, 256]
  RequestedRegion: 
    Dimension: 3
    Index: [0, 0, 0]
    Size: [160, 240, 256]
  Spacing: [1, 1, 1]
  Origin: [74.5645, 103.784, -122.692]
  Direction: 
-0.99889 0.0471064 0
-0.0471064 -0.99889 0
0 0 1

  IndexToPointMatrix: 
-0.99889 0.0471064 0
-0.0471064 -0.99889 0
0 0 1

  PointToIndexMatrix: 
-0.99889 -0.0471064 0
0.0471064 -0.99889 0
0 0 1

  Inverse Direction: 
-0.99889 -0.0471064 0
0.0471064 -0.99889 0
0 0 1

  PixelContainer: 
    ImportImageContainer (0x55a40e274b40)
      RTTI typeinfo:   itk::ImportImageContainer<unsigned long, double>
      Reference Count: 1
      Modified Time: 1712
      Debug: Off
      Object Name: 
      Observers: 
        none
      Pointer: 0x7fdfa36b2010
      Container manages memory: true
      Size: 9830400
      Capacity: 9830400

     Weighting = 1
     Sampling strategy = regular
     Number of bins = 32
     Radius = 4
     Sampling percentage  = 0.25
   Transform = Rigid
     Gradient step = 0.1
     Update field sigma (voxel space) = 0
     Total field sigma (voxel space) = 0
     Update field time sigma = 0
     Total field time sigma  = 0
     Number of time indices = 0
     Number of time point samples = 0
Stage 2 State
   Image metric = Mattes
     Fixed image = Image (0x55a40e29de10)
  RTTI typeinfo:   itk::Image<double, 3u>
  Reference Count: 2
  Modified Time: 2145
  Debug: Off
  Object Name: 
  Observers: 
    none
  Source: (none)
  Source output name: (none)
  Release Data: Off
  Data Released: False
  Global Release Data: Off
  PipelineMTime: 0
  UpdateMTime: 1930
  RealTimeStamp: 0 seconds 
  LargestPossibleRegion: 
    Dimension: 3
    Index: [0, 0, 0]
    Size: [193, 229, 193]
  BufferedRegion: 
    Dimension: 3
    Index: [0, 0, 0]
    Size: [193, 229, 193]
  RequestedRegion: 
    Dimension: 3
    Index: [0, 0, 0]
    Size: [193, 229, 193]
  Spacing: [1, 1, 1]
  Origin: [96, 132, -78]
  Direction: 
-1 0 0
0 -1 0
0 0 1

  IndexToPointMatrix: 
-1 0 0
0 -1 0
0 0 1

  PointToIndexMatrix: 
-1 0 0
0 -1 0
0 0 1

  Inverse Direction: 
-1 0 0
0 -1 0
0 0 1

  PixelContainer: 
    ImportImageContainer (0x55a40e30d740)
      RTTI typeinfo:   itk::ImportImageContainer<unsigned long, double>
      Reference Count: 1
      Modified Time: 1927
      Debug: Off
      Object Name: 
      Observers: 
        none
      Pointer: 0x7fdf9f59d010
      Container manages memory: true
      Size: 8530021
      Capacity: 8530021

     Moving image = Image (0x55a40e30ddb0)
  RTTI typeinfo:   itk::Image<double, 3u>
  Reference Count: 2
  Modified Time: 2146
  Debug: Off
  Object Name: 
  Observers: 
    none
  Source: (none)
  Source output name: (none)
  Release Data: Off
  Data Released: False
  Global Release Data: Off
  PipelineMTime: 0
  UpdateMTime: 2143
  RealTimeStamp: 0 seconds 
  LargestPossibleRegion: 
    Dimension: 3
    Index: [0, 0, 0]
    Size: [160, 240, 256]
  BufferedRegion: 
    Dimension: 3
    Index: [0, 0, 0]
    Size: [160, 240, 256]
  RequestedRegion: 
    Dimension: 3
    Index: [0, 0, 0]
    Size: [160, 240, 256]
  Spacing: [1, 1, 1]
  Origin: [74.5645, 103.784, -122.692]
  Direction: 
-0.99889 0.0471064 0
-0.0471064 -0.99889 0
0 0 1

  IndexToPointMatrix: 
-0.99889 0.0471064 0
-0.0471064 -0.99889 0
0 0 1

  PointToIndexMatrix: 
-0.99889 -0.0471064 0
0.0471064 -0.99889 0
0 0 1

  Inverse Direction: 
-0.99889 -0.0471064 0
0.0471064 -0.99889 0
0 0 1

  PixelContainer: 
    ImportImageContainer (0x55a40e30ccc0)
      RTTI typeinfo:   itk::ImportImageContainer<unsigned long, double>
      Reference Count: 1
      Modified Time: 2140
      Debug: Off
      Object Name: 
      Observers: 
        none
      Pointer: 0x7fdf9aa9c010
      Container manages memory: true
      Size: 9830400
      Capacity: 9830400

     Weighting = 1
     Sampling strategy = regular
     Number of bins = 32
     Radius = 4
     Sampling percentage  = 0.25
   Transform = Affine
     Gradient step = 0.1
     Update field sigma (voxel space) = 0
     Total field sigma (voxel space) = 0
     Update field time sigma = 0
     Total field time sigma  = 0
     Number of time indices = 0
     Number of time point samples = 0
Stage 3 State
   Image metric = CC
     Fixed image = Image (0x55a40e3105b0)
  RTTI typeinfo:   itk::Image<double, 3u>
  Reference Count: 2
  Modified Time: 2573
  Debug: Off
  Object Name: 
  Observers: 
    none
  Source: (none)
  Source output name: (none)
  Release Data: Off
  Data Released: False
  Global Release Data: Off
  PipelineMTime: 0
  UpdateMTime: 2358
  RealTimeStamp: 0 seconds 
  LargestPossibleRegion: 
    Dimension: 3
    Index: [0, 0, 0]
    Size: [193, 229, 193]
  BufferedRegion: 
    Dimension: 3
    Index: [0, 0, 0]
    Size: [193, 229, 193]
  RequestedRegion: 
    Dimension: 3
    Index: [0, 0, 0]
    Size: [193, 229, 193]
  Spacing: [1, 1, 1]
  Origin: [96, 132, -78]
  Direction: 
-1 0 0
0 -1 0
0 0 1

  IndexToPointMatrix: 
-1 0 0
0 -1 0
0 0 1

  PointToIndexMatrix: 
-1 0 0
0 -1 0
0 0 1

  Inverse Direction: 
-1 0 0
0 -1 0
0 0 1

  PixelContainer: 
    ImportImageContainer (0x55a40e310d80)
      RTTI typeinfo:   itk::ImportImageContainer<unsigned long, double>
      Reference Count: 1
      Modified Time: 2355
      Debug: Off
      Object Name: 
      Observers: 
        none
      Pointer: 0x7fdf96987010
      Container manages memory: true
      Size: 8530021
      Capacity: 8530021

     Moving image = Image (0x55a40e323b40)
  RTTI typeinfo:   itk::Image<double, 3u>
  Reference Count: 2
  Modified Time: 2574
  Debug: Off
  Object Name: 
  Observers: 
    none
  Source: (none)
  Source output name: (none)
  Release Data: Off
  Data Released: False
  Global Release Data: Off
  PipelineMTime: 0
  UpdateMTime: 2571
  RealTimeStamp: 0 seconds 
  LargestPossibleRegion: 
    Dimension: 3
    Index: [0, 0, 0]
    Size: [160, 240, 256]
  BufferedRegion: 
    Dimension: 3
    Index: [0, 0, 0]
    Size: [160, 240, 256]
  RequestedRegion: 
    Dimension: 3
    Index: [0, 0, 0]
    Size: [160, 240, 256]
  Spacing: [1, 1, 1]
  Origin: [74.5645, 103.784, -122.692]
  Direction: 
-0.99889 0.0471064 0
-0.0471064 -0.99889 0
0 0 1

  IndexToPointMatrix: 
-0.99889 0.0471064 0
-0.0471064 -0.99889 0
0 0 1

  PointToIndexMatrix: 
-0.99889 -0.0471064 0
0.0471064 -0.99889 0
0 0 1

  Inverse Direction: 
-0.99889 -0.0471064 0
0.0471064 -0.99889 0
0 0 1

  PixelContainer: 
    ImportImageContainer (0x55a40e311cd0)
      RTTI typeinfo:   itk::ImportImageContainer<unsigned long, double>
      Reference Count: 1
      Modified Time: 2568
      Debug: Off
      Object Name: 
      Observers: 
        none
      Pointer: 0x7fdf91e86010
      Container manages memory: true
      Size: 9830400
      Capacity: 9830400

     Weighting = 1
     Sampling strategy = none
     Number of bins = 32
     Radius = 4
     Sampling percentage  = 1
   Transform = SyN
     Gradient step = 0.1
     Update field sigma (voxel space) = 3
     Total field sigma (voxel space) = 0
     Update field time sigma = 0
     Total field time sigma  = 0
     Number of time indices = 0
     Number of time point samples = 0
Registration using 3 total stages.

Stage 0
  iterations = 1000x500x250x100
  convergence threshold = 1e-06
  convergence window size = 10
  number of levels = 4
  using the Mattes MI metric (number of bins = 32, weight = 1, use gradient filter = 0)
  preprocessing:  winsorizing the image intensities
  Shrink factors (level 1 out of 4): [8, 8, 8]
  Shrink factors (level 2 out of 4): [4, 4, 4]
  Shrink factors (level 3 out of 4): [2, 2, 2]
  Shrink factors (level 4 out of 4): [1, 1, 1]
  smoothing sigmas per level: [3, 2, 1, 0]
  regular sampling (percentage = 0.25)

*** Running Euler3DTransform registration ***

DIAGNOSTIC,Iteration,metricValue,convergenceValue,ITERATION_TIME_INDEX,SINCE_LAST
 2DIAGNOSTIC,     1, -6.032944951323e-01, 1.797693134862e+308, 1.5646e-01, 1.5646e-01, 
 2DIAGNOSTIC,     2, -6.042585243374e-01, 1.797693134862e+308, 1.6221e-01, 5.7509e-03, 
 2DIAGNOSTIC,     3, -6.058309857079e-01, 1.797693134862e+308, 1.6925e-01, 7.0369e-03, 
 2DIAGNOSTIC,     4, -6.061177745393e-01, 1.797693134862e+308, 1.7473e-01, 5.4851e-03, 
 2DIAGNOSTIC,     5, -6.064077950362e-01, 1.797693134862e+308, 1.8124e-01, 6.5038e-03, 
 2DIAGNOSTIC,     6, -6.088163271972e-01, 1.797693134862e+308, 1.8854e-01, 7.3061e-03, 
 2DIAGNOSTIC,     7, -6.096320802642e-01, 1.797693134862e+308, 1.9409e-01, 5.5439e-03, 
 2DIAGNOSTIC,     8, -6.107869258094e-01, 1.797693134862e+308, 1.9974e-01, 5.6489e-03, 
 2DIAGNOSTIC,     9, -6.121483750301e-01, 1.797693134862e+308, 2.1101e-01, 1.1273e-02, 
 2DIAGNOSTIC,    10, -6.124410477984e-01, 1.010924209820e-03, 2.1983e-01, 8.8172e-03, 
 2DIAGNOSTIC,    11, -6.124822155411e-01, 8.697506727365e-04, 2.2559e-01, 5.7678e-03, 
 2DIAGNOSTIC,    12, -6.125440309646e-01, 7.129394316341e-04, 2.3169e-01, 6.0971e-03, 
 2DIAGNOSTIC,    13, -6.126968828464e-01, 5.785876630423e-04, 2.3903e-01, 7.3349e-03, 
 2DIAGNOSTIC,    14, -6.127017819881e-01, 4.210371677830e-04, 2.4670e-01, 7.6690e-03, 
 2DIAGNOSTIC,    15, -6.127084405548e-01, 2.541204717122e-04, 2.5410e-01, 7.4000e-03, 
 2DIAGNOSTIC,    16, -6.127931692877e-01, 1.580859574388e-04, 2.6161e-01, 7.5121e-03, 
 2DIAGNOSTIC,    17, -6.129986057238e-01, 8.658988062142e-05, 2.6895e-01, 7.3419e-03, 
 2DIAGNOSTIC,    18, -6.133212200282e-01, 5.238986816836e-05, 2.7588e-01, 6.9258e-03, 
 2DIAGNOSTIC,    19, -6.134094492588e-01, 5.233394975836e-05, 2.8270e-01, 6.8231e-03, 
 2DIAGNOSTIC,    20, -6.132089541760e-01, 4.987200416412e-05, 2.8925e-01, 6.5491e-03, 
 2DIAGNOSTIC,    21, -6.130874330518e-01, 4.158994527128e-05, 2.9716e-01, 7.9110e-03, 
 2DIAGNOSTIC,    22, -6.131764567221e-01, 3.337189966784e-05, 3.0390e-01, 6.7389e-03, 
 2DIAGNOSTIC,    23, -6.128974478748e-01, 2.008069144248e-05, 3.1111e-01, 7.2100e-03, 
 2DIAGNOSTIC,    24, -6.128604428235e-01, 5.706855310247e-06, 3.1665e-01, 5.5380e-03, 
DIAGNOSTIC,Iteration,metricValue,convergenceValue,ITERATION_TIME_INDEX,SINCE_LAST
 2DIAGNOSTIC,     1, -5.097389348412e-01, 1.797693134862e+308, 4.7407e-01, 1.5743e-01, 
 2DIAGNOSTIC,     2, -5.099876159103e-01, 1.797693134862e+308, 5.0998e-01, 3.5901e-02, 
 2DIAGNOSTIC,     3, -5.103196419790e-01, 1.797693134862e+308, 5.4100e-01, 3.1025e-02, 
 2DIAGNOSTIC,     4, -5.105346443075e-01, 1.797693134862e+308, 5.6802e-01, 2.7015e-02, 
 2DIAGNOSTIC,     5, -5.112872105737e-01, 1.797693134862e+308, 5.8345e-01, 1.5430e-02, 
 2DIAGNOSTIC,     6, -5.156853957666e-01, 1.797693134862e+308, 5.9566e-01, 1.2210e-02, 
 2DIAGNOSTIC,     7, -5.159005373380e-01, 1.797693134862e+308, 6.0465e-01, 8.9910e-03, 
 2DIAGNOSTIC,     8, -5.160410369658e-01, 1.797693134862e+308, 6.1360e-01, 8.9569e-03, 
 2DIAGNOSTIC,     9, -5.160876852664e-01, 1.797693134862e+308, 6.2098e-01, 7.3740e-03, 
 2DIAGNOSTIC,    10, -5.161123584858e-01, 1.052774446952e-03, 6.2967e-01, 8.6918e-03, 
 2DIAGNOSTIC,    11, -5.161308780917e-01, 8.763548440990e-04, 6.3806e-01, 8.3880e-03, 
 2DIAGNOSTIC,    12, -5.164994196372e-01, 6.789314459344e-04, 6.4609e-01, 8.0321e-03, 
 2DIAGNOSTIC,    13, -5.167423037560e-01, 4.780494372733e-04, 6.5993e-01, 1.3845e-02, 
 2DIAGNOSTIC,    14, -5.167580490920e-01, 2.731788123879e-04, 6.6905e-01, 9.1150e-03, 
 2DIAGNOSTIC,    15, -5.167553003545e-01, 9.447650135405e-05, 6.7900e-01, 9.9540e-03, 
 2DIAGNOSTIC,    16, -5.167674677292e-01, 8.198161552321e-05, 6.8733e-01, 8.3249e-03, 
 2DIAGNOSTIC,    17, -5.167619171612e-01, 7.007313412882e-05, 6.9587e-01, 8.5418e-03, 
 2DIAGNOSTIC,    18, -5.167387634973e-01, 5.660996172527e-05, 7.0553e-01, 9.6631e-03, 
 2DIAGNOSTIC,    19, -5.167723576811e-01, 4.196983522600e-05, 7.1526e-01, 9.7251e-03, 
 2DIAGNOSTIC,    20, -5.167556831442e-01, 2.545563073714e-05, 7.2322e-01, 7.9570e-03, 
 2DIAGNOSTIC,    21, -5.167399173959e-01, 8.184262594253e-06, 7.3079e-01, 7.5769e-03, 
 2DIAGNOSTIC,    22, -5.167438851663e-01, 1.061007395491e-06, 7.3883e-01, 8.0409e-03, 
DIAGNOSTIC,Iteration,metricValue,convergenceValue,ITERATION_TIME_INDEX,SINCE_LAST
 2DIAGNOSTIC,     1, -4.447471361630e-01, 1.797693134862e+308, 1.0903e+00, 3.5146e-01, 
 2DIAGNOSTIC,     2, -4.448635870040e-01, 1.797693134862e+308, 1.1486e+00, 5.8332e-02, 
 2DIAGNOSTIC,     3, -4.449720202482e-01, 1.797693134862e+308, 1.2018e+00, 5.3151e-02, 
 2DIAGNOSTIC,     4, -4.450960135121e-01, 1.797693134862e+308, 1.2461e+00, 4.4327e-02, 
 2DIAGNOSTIC,     5, -4.452395701957e-01, 1.797693134862e+308, 1.2878e+00, 4.1663e-02, 
 2DIAGNOSTIC,     6, -4.455932011403e-01, 1.797693134862e+308, 1.3474e+00, 5.9675e-02, 
 2DIAGNOSTIC,     7, -4.456459484224e-01, 1.797693134862e+308, 1.4080e+00, 6.0511e-02, 
 2DIAGNOSTIC,     8, -4.456328855348e-01, 1.797693134862e+308, 1.4741e+00, 6.6151e-02, 
 2DIAGNOSTIC,     9, -4.456342827383e-01, 1.797693134862e+308, 1.5345e+00, 6.0405e-02, 
 2DIAGNOSTIC,    10, -4.456339579893e-01, 1.524826014386e-04, 1.5837e+00, 4.9154e-02, 
 2DIAGNOSTIC,    11, -4.456326555828e-01, 1.141465563603e-04, 1.6289e+00, 4.5265e-02, 
 2DIAGNOSTIC,    12, -4.456323505032e-01, 7.833179032028e-05, 1.6730e+00, 4.4069e-02, 
 2DIAGNOSTIC,    13, -4.456294532266e-01, 4.657146895383e-05, 1.7205e+00, 4.7483e-02, 
 2DIAGNOSTIC,    14, -4.456299769868e-01, 2.106831571144e-05, 1.7670e+00, 4.6557e-02, 
 2DIAGNOSTIC,    15, -4.456286375793e-01, 2.885600452973e-06, 1.8165e+00, 4.9477e-02, 
DIAGNOSTIC,Iteration,metricValue,convergenceValue,ITERATION_TIME_INDEX,SINCE_LAST
 2DIAGNOSTIC,     1, -4.030135079356e-01, 1.797693134862e+308, 2.6038e+00, 7.8731e-01, 
 2DIAGNOSTIC,     2, -4.030709202894e-01, 1.797693134862e+308, 2.8328e+00, 2.2898e-01, 
 2DIAGNOSTIC,     3, -4.030867907498e-01, 1.797693134862e+308, 3.0667e+00, 2.3392e-01, 
 2DIAGNOSTIC,     4, -4.031046283720e-01, 1.797693134862e+308, 3.3342e+00, 2.6745e-01, 
 2DIAGNOSTIC,     5, -4.031062483455e-01, 1.797693134862e+308, 3.6822e+00, 3.4799e-01, 
 2DIAGNOSTIC,     6, -4.031072367547e-01, 1.797693134862e+308, 3.9639e+00, 2.8177e-01, 
 2DIAGNOSTIC,     7, -4.031071903977e-01, 1.797693134862e+308, 4.1963e+00, 2.3233e-01, 
 2DIAGNOSTIC,     8, -4.031070448408e-01, 1.797693134862e+308, 4.4861e+00, 2.8987e-01, 
 2DIAGNOSTIC,     9, -4.031069116646e-01, 1.797693134862e+308, 4.7678e+00, 2.8168e-01, 
 2DIAGNOSTIC,    10, -4.031067781831e-01, 1.307280312045e-05, 5.0168e+00, 2.4895e-01, 
 2DIAGNOSTIC,    11, -4.031066444000e-01, 6.426949551011e-06, 5.2575e+00, 2.4068e-01, 
 2DIAGNOSTIC,    12, -4.031064904256e-01, 3.923391251423e-06, 5.4966e+00, 2.3919e-01, 
 2DIAGNOSTIC,    13, -4.031063433569e-01, 2.517280794243e-06, 5.7404e+00, 2.4381e-01, 
 2DIAGNOSTIC,    14, -4.031064665004e-01, 2.208601880757e-06, 5.9590e+00, 2.1852e-01, 
 2DIAGNOSTIC,    15, -4.031063229803e-01, 2.014603264169e-06, 6.1926e+00, 2.3366e-01, 
 2DIAGNOSTIC,    16, -4.031064649566e-01, 1.904570687231e-06, 6.4267e+00, 2.3406e-01, 
 2DIAGNOSTIC,    17, -4.031064111892e-01, 1.811037688690e-06, 6.6637e+00, 2.3704e-01, 
 2DIAGNOSTIC,    18, -4.031060717074e-01, 1.714596283280e-06, 6.8729e+00, 2.0915e-01, 
 2DIAGNOSTIC,    19, -4.031061416785e-01, 1.631215384552e-06, 7.0844e+00, 2.1152e-01, 
 2DIAGNOSTIC,    20, -4.031063561221e-01, 1.562814173482e-06, 7.3341e+00, 2.4971e-01, 
 2DIAGNOSTIC,    21, -4.031061476940e-01, 1.491757031784e-06, 7.5601e+00, 2.2599e-01, 
 2DIAGNOSTIC,    22, -4.031063346742e-01, 1.430838242417e-06, 7.8107e+00, 2.5060e-01, 
 2DIAGNOSTIC,    23, -4.031061807195e-01, 1.367350714564e-06, 8.0429e+00, 2.3223e-01, 
 2DIAGNOSTIC,    24, -4.031061373378e-01, 1.313190137603e-06, 8.3080e+00, 2.6502e-01, 
 2DIAGNOSTIC,    25, -4.031060701690e-01, 1.258262349230e-06, 8.5108e+00, 2.0281e-01, 
 2DIAGNOSTIC,    26, -4.031060220823e-01, 1.211423018704e-06, 8.7453e+00, 2.3456e-01, 
 2DIAGNOSTIC,    27, -4.031059937965e-01, 1.167363087626e-06, 8.9887e+00, 2.4340e-01, 
 2DIAGNOSTIC,    28, -4.031058463639e-01, 1.115167047094e-06, 9.2179e+00, 2.2912e-01, 
 2DIAGNOSTIC,    29, -4.031057788801e-01, 1.068583319018e-06, 9.4231e+00, 2.0527e-01, 
 2DIAGNOSTIC,    30, -4.031058261001e-01, 1.034094826637e-06, 9.6421e+00, 2.1894e-01, 
 2DIAGNOSTIC,    31, -4.031059065146e-01, 1.001146897828e-06, 9.8681e+00, 2.2603e-01, 
  Elapsed time (stage 0): 1.0105e+01


Stage 1
  iterations = 1000x500x250x100
  convergence threshold = 1.0000e-06
  convergence window size = 10
  number of levels = 4
  using the Mattes MI metric (number of bins = 32, weight = 1.0000e+00, use gradient filter = 0)
  preprocessing:  winsorizing the image intensities
  Shrink factors (level 1 out of 4): [8, 8, 8]
  Shrink factors (level 2 out of 4): [4, 4, 4]
  Shrink factors (level 3 out of 4): [2, 2, 2]
  Shrink factors (level 4 out of 4): [1, 1, 1]
  smoothing sigmas per level: [3, 2, 1, 0]
  regular sampling (percentage = 2.5000e-01)

*** Running AffineTransform registration ***

DIAGNOSTIC,Iteration,metricValue,convergenceValue,ITERATION_TIME_INDEX,SINCE_LAST
 2DIAGNOSTIC,     1, -6.178431113060e-01, 1.797693134862e+308, 1.2220e-01, 1.2219e-01, 
 2DIAGNOSTIC,     2, -6.200429371323e-01, 1.797693134862e+308, 1.3032e-01, 8.1270e-03, 
 2DIAGNOSTIC,     3, -6.242366514483e-01, 1.797693134862e+308, 1.3733e-01, 7.0100e-03, 
 2DIAGNOSTIC,     4, -6.306411289659e-01, 1.797693134862e+308, 1.4405e-01, 6.7201e-03, 
 2DIAGNOSTIC,     5, -6.701210276130e-01, 1.797693134862e+308, 1.5068e-01, 6.6299e-03, 
 2DIAGNOSTIC,     6, -6.958245899418e-01, 1.797693134862e+308, 1.5902e-01, 8.3351e-03, 
 2DIAGNOSTIC,     7, -7.864576246180e-01, 1.797693134862e+308, 1.6672e-01, 7.7021e-03, 
 2DIAGNOSTIC,     8, -8.787527819003e-01, 1.797693134862e+308, 1.7481e-01, 8.0929e-03, 
 2DIAGNOSTIC,     9, -9.104128545477e-01, 1.797693134862e+308, 1.8419e-01, 9.3739e-03, 
 2DIAGNOSTIC,    10, -9.147599617830e-01, 3.118413003356e-02, 1.9045e-01, 6.2621e-03, 
 2DIAGNOSTIC,    11, -9.230726063160e-01, 2.974419172118e-02, 1.9799e-01, 7.5450e-03, 
 2DIAGNOSTIC,    12, -9.278203334983e-01, 2.614533844313e-02, 2.0680e-01, 8.8120e-03, 
 2DIAGNOSTIC,    13, -9.319077118690e-01, 2.107127926044e-02, 2.2716e-01, 2.0351e-02, 
 2DIAGNOSTIC,    14, -9.322277892776e-01, 1.513282334099e-02, 2.3974e-01, 1.2588e-02, 
 2DIAGNOSTIC,    15, -9.320119977451e-01, 9.724333975439e-03, 2.4793e-01, 8.1890e-03, 
 2DIAGNOSTIC,    16, -9.319119440712e-01, 4.752693095108e-03, 2.5567e-01, 7.7369e-03, 
 2DIAGNOSTIC,    17, -9.318016730701e-01, 1.824975532871e-03, 2.6338e-01, 7.7078e-03, 
 2DIAGNOSTIC,    18, -9.315269045849e-01, 8.516166430182e-04, 2.7093e-01, 7.5481e-03, 
 2DIAGNOSTIC,    19, -9.312375320905e-01, 4.831710527422e-04, 2.7743e-01, 6.5050e-03, 
 2DIAGNOSTIC,    20, -9.312757990297e-01, 1.844731116967e-04, 2.8604e-01, 8.6060e-03, 
 2DIAGNOSTIC,    21, -9.313366843875e-01, 3.440153509398e-05, 2.9378e-01, 7.7481e-03, 
DIAGNOSTIC,Iteration,metricValue,convergenceValue,ITERATION_TIME_INDEX,SINCE_LAST
 2DIAGNOSTIC,     1, -7.511684381038e-01, 1.797693134862e+308, 4.4076e-01, 1.4698e-01, 
 2DIAGNOSTIC,     2, -7.516961605935e-01, 1.797693134862e+308, 4.5604e-01, 1.5274e-02, 
 2DIAGNOSTIC,     3, -7.522794455988e-01, 1.797693134862e+308, 4.6984e-01, 1.3808e-02, 
 2DIAGNOSTIC,     4, -7.528855293703e-01, 1.797693134862e+308, 4.8154e-01, 1.1696e-02, 
 2DIAGNOSTIC,     5, -7.535746779063e-01, 1.797693134862e+308, 4.9293e-01, 1.1385e-02, 
 2DIAGNOSTIC,     6, -7.537789795657e-01, 1.797693134862e+308, 5.0568e-01, 1.2759e-02, 
 2DIAGNOSTIC,     7, -7.541640036376e-01, 1.797693134862e+308, 5.2155e-01, 1.5868e-02, 
 2DIAGNOSTIC,     8, -7.541771373428e-01, 1.797693134862e+308, 5.3234e-01, 1.0784e-02, 
 2DIAGNOSTIC,     9, -7.542759776291e-01, 1.797693134862e+308, 5.4393e-01, 1.1598e-02, 
 2DIAGNOSTIC,    10, -7.543155730714e-01, 2.810351394958e-04, 5.5459e-01, 1.0660e-02, 
 2DIAGNOSTIC,    11, -7.543227556846e-01, 1.992985183975e-04, 5.6441e-01, 9.8131e-03, 
 2DIAGNOSTIC,    12, -7.543239055071e-01, 1.301048843992e-04, 5.7433e-01, 9.9242e-03, 
 2DIAGNOSTIC,    13, -7.543565474736e-01, 7.772701119109e-05, 5.8999e-01, 1.5658e-02, 
 2DIAGNOSTIC,    14, -7.544530110513e-01, 4.456041830049e-05, 6.0357e-01, 1.3578e-02, 
 2DIAGNOSTIC,    15, -7.545368229413e-01, 3.128322355540e-05, 6.1656e-01, 1.2997e-02, 
 2DIAGNOSTIC,    16, -7.548396123081e-01, 2.870257700971e-05, 6.3029e-01, 1.3724e-02, 
 2DIAGNOSTIC,    17, -7.548810074478e-01, 3.331860960253e-05, 6.5138e-01, 2.1087e-02, 
 2DIAGNOSTIC,    18, -7.548951365920e-01, 3.510138199770e-05, 6.6313e-01, 1.1757e-02, 
 2DIAGNOSTIC,    19, -7.548820595655e-01, 3.534782647872e-05, 6.7393e-01, 1.0796e-02, 
 2DIAGNOSTIC,    20, -7.548840566866e-01, 3.319925531097e-05, 6.8451e-01, 1.0585e-02, 
 2DIAGNOSTIC,    21, -7.548868720956e-01, 2.842567056987e-05, 6.9623e-01, 1.1717e-02, 
 2DIAGNOSTIC,    22, -7.548887348161e-01, 2.161612621990e-05, 7.0965e-01, 1.3418e-02, 
 2DIAGNOSTIC,    23, -7.548768134772e-01, 1.389874122159e-05, 7.2301e-01, 1.3359e-02, 
 2DIAGNOSTIC,    24, -7.548795739400e-01, 7.249436387718e-06, 7.4174e-01, 1.8729e-02, 
 2DIAGNOSTIC,    25, -7.548807296038e-01, 1.734628018675e-06, 7.5976e-01, 1.8021e-02, 
DIAGNOSTIC,Iteration,metricValue,convergenceValue,ITERATION_TIME_INDEX,SINCE_LAST
 2DIAGNOSTIC,     1, -6.252468488678e-01, 1.797693134862e+308, 1.0384e+00, 2.7868e-01, 
 2DIAGNOSTIC,     2, -6.260827671232e-01, 1.797693134862e+308, 1.0931e+00, 5.4674e-02, 
 2DIAGNOSTIC,     3, -6.272757574040e-01, 1.797693134862e+308, 1.1518e+00, 5.8719e-02, 
 2DIAGNOSTIC,     4, -6.287420183849e-01, 1.797693134862e+308, 1.2116e+00, 5.9808e-02, 
 2DIAGNOSTIC,     5, -6.304725823634e-01, 1.797693134862e+308, 1.2756e+00, 6.3959e-02, 
 2DIAGNOSTIC,     6, -6.362217710953e-01, 1.797693134862e+308, 1.3926e+00, 1.1696e-01, 
 2DIAGNOSTIC,     7, -6.362293859930e-01, 1.797693134862e+308, 1.4829e+00, 9.0346e-02, 
 2DIAGNOSTIC,     8, -6.362279698146e-01, 1.797693134862e+308, 1.5527e+00, 6.9790e-02, 
 2DIAGNOSTIC,     9, -6.362276825430e-01, 1.797693134862e+308, 1.6168e+00, 6.4073e-02, 
 2DIAGNOSTIC,    10, -6.362267807213e-01, 1.378306599908e-03, 1.6798e+00, 6.3078e-02, 
 2DIAGNOSTIC,    11, -6.362246832599e-01, 1.061468945938e-03, 1.7366e+00, 5.6724e-02, 
 2DIAGNOSTIC,    12, -6.362230902904e-01, 7.337346569802e-04, 1.7993e+00, 6.2776e-02, 
 2DIAGNOSTIC,    13, -6.362239992608e-01, 4.344551444103e-04, 1.8566e+00, 5.7222e-02, 
 2DIAGNOSTIC,    14, -6.362241214592e-01, 1.865673042674e-04, 1.9203e+00, 6.3701e-02, 
 2DIAGNOSTIC,    15, -6.362234840155e-01, 1.886086334155e-06, 1.9874e+00, 6.7130e-02, 
 2DIAGNOSTIC,    16, -6.362206553297e-01, 1.528046783911e-06, 2.0485e+00, 6.1115e-02, 
 2DIAGNOSTIC,    17, -6.362201536119e-01, 1.446493925181e-06, 2.1111e+00, 6.2592e-02, 
 2DIAGNOSTIC,    18, -6.362198257411e-01, 1.368595295224e-06, 2.1700e+00, 5.8889e-02, 
 2DIAGNOSTIC,    19, -6.362188336766e-01, 1.304611044924e-06, 2.2337e+00, 6.3690e-02, 
 2DIAGNOSTIC,    20, -6.362186048314e-01, 1.258686786312e-06, 2.2923e+00, 5.8650e-02, 
 2DIAGNOSTIC,    21, -6.362191942364e-01, 1.218507873268e-06, 2.3554e+00, 6.3074e-02, 
 2DIAGNOSTIC,    22, -6.362206678671e-01, 1.206648766551e-06, 2.4201e+00, 6.4659e-02, 
 2DIAGNOSTIC,    23, -6.362195941313e-01, 1.213761940663e-06, 2.4776e+00, 5.7513e-02, 
 2DIAGNOSTIC,    24, -6.362211450253e-01, 1.268746437112e-06, 2.5410e+00, 6.3412e-02, 
 2DIAGNOSTIC,    25, -6.362166878329e-01, 1.234464950622e-06, 2.6038e+00, 6.2855e-02, 
 2DIAGNOSTIC,    26, -6.362157810791e-01, 1.144237815838e-06, 2.6689e+00, 6.5062e-02, 
 2DIAGNOSTIC,    27, -6.362171064584e-01, 1.081607484736e-06, 2.7351e+00, 6.6155e-02, 
 2DIAGNOSTIC,    28, -6.362170140095e-01, 1.024853724753e-06, 2.8048e+00, 6.9765e-02, 
DIAGNOSTIC,Iteration,metricValue,convergenceValue,ITERATION_TIME_INDEX,SINCE_LAST
 2DIAGNOSTIC,     1, -5.595657602129e-01, 1.797693134862e+308, 3.7577e+00, 9.5285e-01, 
 2DIAGNOSTIC,     2, -5.596917776953e-01, 1.797693134862e+308, 4.1303e+00, 3.7264e-01, 
 2DIAGNOSTIC,     3, -5.597538501344e-01, 1.797693134862e+308, 4.5054e+00, 3.7508e-01, 
 2DIAGNOSTIC,     4, -5.597600117352e-01, 1.797693134862e+308, 4.9528e+00, 4.4742e-01, 
 2DIAGNOSTIC,     5, -5.597610966445e-01, 1.797693134862e+308, 5.3511e+00, 3.9826e-01, 
 2DIAGNOSTIC,     6, -5.597605542257e-01, 1.797693134862e+308, 5.7974e+00, 4.4632e-01, 
 2DIAGNOSTIC,     7, -5.597605513946e-01, 1.797693134862e+308, 6.1561e+00, 3.5873e-01, 
 2DIAGNOSTIC,     8, -5.597605761395e-01, 1.797693134862e+308, 6.5836e+00, 4.2745e-01, 
 2DIAGNOSTIC,     9, -5.597606485327e-01, 1.797693134862e+308, 6.9543e+00, 3.7069e-01, 
 2DIAGNOSTIC,    10, -5.597604470760e-01, 1.636929478750e-05, 7.4226e+00, 4.6839e-01, 
 2DIAGNOSTIC,    11, -5.597604827445e-01, 6.338756161017e-06, 7.7908e+00, 3.6820e-01, 
 2DIAGNOSTIC,    12, -5.597603690440e-01, 2.926909692738e-06, 8.1637e+00, 3.7286e-01, 
 2DIAGNOSTIC,    13, -5.597602516270e-01, 2.428159313769e-06, 8.5063e+00, 3.4256e-01, 
 2DIAGNOSTIC,    14, -5.597601533735e-01, 2.220985327844e-06, 8.8457e+00, 3.3947e-01, 
 2DIAGNOSTIC,    15, -5.597602326704e-01, 2.086145636598e-06, 9.2104e+00, 3.6466e-01, 
 2DIAGNOSTIC,    16, -5.597602215920e-01, 1.953665660817e-06, 9.5558e+00, 3.4538e-01, 
 2DIAGNOSTIC,    17, -5.597603812895e-01, 1.844597738387e-06, 9.9215e+00, 3.6567e-01, 
 2DIAGNOSTIC,    18, -5.597603958564e-01, 1.751089058033e-06, 1.0297e+01, 3.7517e-01, 
 2DIAGNOSTIC,    19, -5.597601200334e-01, 1.663686470366e-06, 1.0666e+01, 3.6955e-01, 
 2DIAGNOSTIC,    20, -5.597600923192e-01, 1.580325666495e-06, 1.1043e+01, 3.7709e-01, 
 2DIAGNOSTIC,    21, -5.597600645734e-01, 1.505979934244e-06, 1.1385e+01, 3.4196e-01, 
 2DIAGNOSTIC,    22, -5.597598275466e-01, 1.431046157969e-06, 1.1749e+01, 3.6336e-01, 
 2DIAGNOSTIC,    23, -5.597599186186e-01, 1.363655843474e-06, 1.2120e+01, 3.7189e-01, 
 2DIAGNOSTIC,    24, -5.597600546080e-01, 1.304477969602e-06, 1.2494e+01, 3.7383e-01, 
 2DIAGNOSTIC,    25, -5.597599458265e-01, 1.251351918176e-06, 1.2879e+01, 3.8495e-01, 
 2DIAGNOSTIC,    26, -5.597596276568e-01, 1.197841118024e-06, 1.3244e+01, 3.6496e-01, 
 2DIAGNOSTIC,    27, -5.597595859407e-01, 1.153107798281e-06, 1.3607e+01, 3.6320e-01, 
 2DIAGNOSTIC,    28, -5.597593990338e-01, 1.110836420695e-06, 1.4001e+01, 3.9381e-01, 
 2DIAGNOSTIC,    29, -5.597593009147e-01, 1.067213392637e-06, 1.4351e+01, 3.4958e-01, 
 2DIAGNOSTIC,    30, -5.597590901251e-01, 1.025300960807e-06, 1.4699e+01, 3.4833e-01, 
  Elapsed time (stage 1): 1.4986e+01


Stage 2
  iterations = 100x70x50x20
  convergence threshold = 1.0000e-06
  convergence window size = 10
  number of levels = 4
  using the CC metric (radius = 4, weight = 1.0000e+00, use gradient filter = 0)
  preprocessing:  winsorizing the image intensities
  Shrink factors (level 1 out of 4): [8, 8, 8]
  Shrink factors (level 2 out of 4): [4, 4, 4]
  Shrink factors (level 3 out of 4): [2, 2, 2]
  Shrink factors (level 4 out of 4): [1, 1, 1]
  smoothing sigmas per level: [3, 2, 1, 0]
  Using default NONE metricSamplingStrategy 

*** Running SyN registration (varianceForUpdateField = 3.0000e+00, varianceForTotalField = 0.0000e+00) ***

XXDIAGNOSTIC,Iteration,metricValue,convergenceValue,ITERATION_TIME_INDEX,SINCE_LAST
 1DIAGNOSTIC,     1, -9.398065128621e-01, 1.797693134862e+308, 1.6564e-01, 1.6564e-01, 
 1DIAGNOSTIC,     2, -9.488775400357e-01, 1.797693134862e+308, 2.5039e-01, 8.4755e-02, 
 1DIAGNOSTIC,     3, -9.555098466343e-01, 1.797693134862e+308, 3.2629e-01, 7.5894e-02, 
 1DIAGNOSTIC,     4, -9.593706979470e-01, 1.797693134862e+308, 4.0204e-01, 7.5753e-02, 
 1DIAGNOSTIC,     5, -9.623749000758e-01, 1.797693134862e+308, 4.8099e-01, 7.8952e-02, 
 1DIAGNOSTIC,     6, -9.656987393708e-01, 1.797693134862e+308, 5.6453e-01, 8.3544e-02, 
 1DIAGNOSTIC,     7, -9.685977418068e-01, 1.797693134862e+308, 6.4625e-01, 8.1714e-02, 
 1DIAGNOSTIC,     8, -9.709948401269e-01, 1.797693134862e+308, 7.2874e-01, 8.2488e-02, 
 1DIAGNOSTIC,     9, -9.730317141607e-01, 1.797693134862e+308, 8.1610e-01, 8.7362e-02, 
 1DIAGNOSTIC,    10, -9.749272247411e-01, 2.129052194085e-03, 8.9432e-01, 7.8224e-02, 
 1DIAGNOSTIC,    11, -9.752134758978e-01, 1.542571399722e-03, 9.9546e-01, 1.0114e-01, 
 1DIAGNOSTIC,    12, -9.756738999977e-01, 1.148270209246e-03, 1.0786e+00, 8.3113e-02, 
 1DIAGNOSTIC,    13, -9.758131910972e-01, 8.640334090598e-04, 1.1744e+00, 9.5829e-02, 
 1DIAGNOSTIC,    14, -9.764850323810e-01, 6.369636167206e-04, 1.2663e+00, 9.1930e-02, 
 1DIAGNOSTIC,    15, -9.764831583407e-01, 4.400215506103e-04, 1.3563e+00, 9.0007e-02, 
 1DIAGNOSTIC,    16, -9.771198646481e-01, 3.000825441904e-04, 1.4527e+00, 9.6340e-02, 
 1DIAGNOSTIC,    17, -9.770748795049e-01, 1.981242738471e-04, 1.5337e+00, 8.0996e-02, 
 1DIAGNOSTIC,    18, -9.775266336956e-01, 1.354607322271e-04, 1.6218e+00, 8.8168e-02, 
 1DIAGNOSTIC,    19, -9.774205990890e-01, 9.598216948203e-05, 1.7097e+00, 8.7886e-02, 
 1DIAGNOSTIC,    20, -9.778610576748e-01, 8.600795021826e-05, 1.8033e+00, 9.3536e-02, 
 1DIAGNOSTIC,    21, -9.777775620682e-01, 7.171610124784e-05, 1.9063e+00, 1.0301e-01, 
 1DIAGNOSTIC,    22, -9.781767445624e-01, 6.371833651372e-05, 2.0065e+00, 1.0023e-01, 
 1DIAGNOSTIC,    23, -9.780241563965e-01, 5.015961755038e-05, 2.0912e+00, 8.4648e-02, 
 1DIAGNOSTIC,    24, -9.783862860758e-01, 4.594344895302e-05, 2.1733e+00, 8.2144e-02, 
 1DIAGNOSTIC,    25, -9.782138817478e-01, 3.556060747641e-05, 2.2590e+00, 8.5731e-02, 
 1DIAGNOSTIC,    26, -9.785435954831e-01, 3.374748237481e-05, 2.3471e+00, 8.8042e-02, 
 1DIAGNOSTIC,    27, -9.783601317122e-01, 2.633267542351e-05, 2.4318e+00, 8.4747e-02, 
 1DIAGNOSTIC,    28, -9.786603295823e-01, 2.506995636977e-05, 2.5200e+00, 8.8155e-02, 
 1DIAGNOSTIC,    29, -9.784725731375e-01, 1.849835861285e-05, 2.6131e+00, 9.3104e-02, 
 1DIAGNOSTIC,    30, -9.787940106757e-01, 1.825391851410e-05, 2.6971e+00, 8.4030e-02, 
 1DIAGNOSTIC,    31, -9.785616501992e-01, 1.325015764728e-05, 2.7749e+00, 7.7840e-02, 
 1DIAGNOSTIC,    32, -9.788667337086e-01, 1.396264197017e-05, 2.8564e+00, 8.1499e-02, 
 1DIAGNOSTIC,    33, -9.786770788552e-01, 1.022207762288e-05, 2.9489e+00, 9.2452e-02, 
 1DIAGNOSTIC,    34, -9.789242214996e-01, 1.116202121967e-05, 3.0375e+00, 8.8582e-02, 
 1DIAGNOSTIC,    35, -9.787360168709e-01, 7.943167257156e-06, 3.1227e+00, 8.5238e-02, 
 1DIAGNOSTIC,    36, -9.789728661394e-01, 8.933375072896e-06, 3.2035e+00, 8.0829e-02, 
 1DIAGNOSTIC,    37, -9.787876042727e-01, 6.083010453427e-06, 3.2982e+00, 9.4610e-02, 
 1DIAGNOSTIC,    38, -9.790125499887e-01, 7.009914227661e-06, 3.3840e+00, 8.5862e-02, 
 1DIAGNOSTIC,    39, -9.788289068247e-01, 4.412771628295e-06, 3.4652e+00, 8.1207e-02, 
 1DIAGNOSTIC,    40, -9.790434727416e-01, 5.612591952055e-06, 3.5548e+00, 8.9581e-02, 
 1DIAGNOSTIC,    41, -9.788629365201e-01, 3.254410717999e-06, 3.6387e+00, 8.3882e-02, 
 1DIAGNOSTIC,    42, -9.790699134923e-01, 4.409438956243e-06, 3.7247e+00, 8.5976e-02, 
 1DIAGNOSTIC,    43, -9.788929717128e-01, 2.590292280041e-06, 3.8113e+00, 8.6676e-02, 
 1DIAGNOSTIC,    44, -9.790950268727e-01, 3.730168116983e-06, 3.8968e+00, 8.5413e-02, 
 1DIAGNOSTIC,    45, -9.789217278318e-01, 2.110344129388e-06, 4.0006e+00, 1.0381e-01, 
 1DIAGNOSTIC,    46, -9.791195444064e-01, 3.252491986041e-06, 4.0865e+00, 8.5947e-02, 
 1DIAGNOSTIC,    47, -9.789494468150e-01, 1.823399514402e-06, 4.1695e+00, 8.3029e-02, 
 1DIAGNOSTIC,    48, -9.791432855082e-01, 2.953770353569e-06, 4.2519e+00, 8.2365e-02, 
 1DIAGNOSTIC,    49, -9.789767039433e-01, 1.666995761113e-06, 4.3379e+00, 8.6020e-02, 
 1DIAGNOSTIC,    50, -9.791679071929e-01, 2.761677537030e-06, 4.4199e+00, 8.1964e-02, 
 1DIAGNOSTIC,    51, -9.790042242163e-01, 1.578764811487e-06, 4.5147e+00, 9.4796e-02, 
 1DIAGNOSTIC,    52, -9.791907939778e-01, 2.613964828355e-06, 4.6008e+00, 8.6166e-02, 
 1DIAGNOSTIC,    53, -9.790290624399e-01, 1.496104027953e-06, 4.6874e+00, 8.6550e-02, 
 1DIAGNOSTIC,    54, -9.792114690499e-01, 2.463537845096e-06, 4.7727e+00, 8.5254e-02, 
 1DIAGNOSTIC,    55, -9.790523923443e-01, 1.398426707915e-06, 4.8627e+00, 9.0000e-02, 
 1DIAGNOSTIC,    56, -9.792314076501e-01, 2.305367922256e-06, 4.9527e+00, 9.0060e-02, 
 1DIAGNOSTIC,    57, -9.790743512709e-01, 1.288082930005e-06, 5.0483e+00, 9.5601e-02, 
 1DIAGNOSTIC,    58, -9.792499837402e-01, 2.141136375713e-06, 5.1367e+00, 8.8383e-02, 
 1DIAGNOSTIC,    59, -9.790943514504e-01, 1.170534053681e-06, 5.2245e+00, 8.7756e-02, 
 1DIAGNOSTIC,    60, -9.792667213588e-01, 1.983761805380e-06, 5.3102e+00, 8.5784e-02, 
 1DIAGNOSTIC,    61, -9.791119640478e-01, 1.061793716648e-06, 5.4003e+00, 9.0028e-02, 
 1DIAGNOSTIC,    62, -9.792837128554e-01, 1.845882000039e-06, 5.4784e+00, 7.8129e-02, 
 1DIAGNOSTIC,    63, -9.791308786644e-01, 9.765149130356e-07, 5.5753e+00, 9.6903e-02, 
XXDIAGNOSTIC,Iteration,metricValue,convergenceValue,ITERATION_TIME_INDEX,SINCE_LAST
 1DIAGNOSTIC,     1, -9.237313039169e-01, 1.797693134862e+308, 6.0433e+00, 4.6801e-01, 
 1DIAGNOSTIC,     2, -9.260498059176e-01, 1.797693134862e+308, 6.3920e+00, 3.4869e-01, 
 1DIAGNOSTIC,     3, -9.286070155498e-01, 1.797693134862e+308, 6.7465e+00, 3.5452e-01, 
 1DIAGNOSTIC,     4, -9.307812473247e-01, 1.797693134862e+308, 7.1096e+00, 3.6309e-01, 
 1DIAGNOSTIC,     5, -9.325617596831e-01, 1.797693134862e+308, 7.4578e+00, 3.4820e-01, 
 1DIAGNOSTIC,     6, -9.341051044933e-01, 1.797693134862e+308, 7.7934e+00, 3.3558e-01, 
 1DIAGNOSTIC,     7, -9.354597952176e-01, 1.797693134862e+308, 8.1499e+00, 3.5657e-01, 
 1DIAGNOSTIC,     8, -9.366652752492e-01, 1.797693134862e+308, 8.5019e+00, 3.5201e-01, 
 1DIAGNOSTIC,     9, -9.375992994174e-01, 1.797693134862e+308, 8.8464e+00, 3.4448e-01, 
 1DIAGNOSTIC,    10, -9.384310198398e-01, 1.005611043654e-03, 9.2136e+00, 3.6721e-01, 
 1DIAGNOSTIC,    11, -9.391693441330e-01, 7.956803732300e-04, 9.5502e+00, 3.3655e-01, 
 1DIAGNOSTIC,    12, -9.398314147518e-01, 6.242908597337e-04, 9.8971e+00, 3.4695e-01, 
 1DIAGNOSTIC,    13, -9.404450459103e-01, 4.965604437009e-04, 1.0271e+01, 3.7361e-01, 
 1DIAGNOSTIC,    14, -9.409980082577e-01, 4.008784297316e-04, 1.0642e+01, 3.7082e-01, 
 1DIAGNOSTIC,    15, -9.415065605888e-01, 3.275047369423e-04, 1.0993e+01, 3.5107e-01, 
 1DIAGNOSTIC,    16, -9.419664518952e-01, 2.710922086397e-04, 1.1345e+01, 3.5204e-01, 
 1DIAGNOSTIC,    17, -9.423829024377e-01, 2.278008235270e-04, 1.1696e+01, 3.5091e-01, 
 1DIAGNOSTIC,    18, -9.427521475695e-01, 1.947420229534e-04, 1.2050e+01, 3.5484e-01, 
 1DIAGNOSTIC,    19, -9.430849716867e-01, 1.672885399016e-04, 1.2408e+01, 3.5785e-01, 
 1DIAGNOSTIC,    20, -9.433799904017e-01, 1.440912570600e-04, 1.2771e+01, 3.6303e-01, 
 1DIAGNOSTIC,    21, -9.436432294286e-01, 1.241317116687e-04, 1.3134e+01, 3.6318e-01, 
 1DIAGNOSTIC,    22, -9.438787484542e-01, 1.067643497164e-04, 1.3485e+01, 3.5031e-01, 
 1DIAGNOSTIC,    23, -9.440890202330e-01, 9.178906129490e-05, 1.3823e+01, 3.3798e-01, 
 1DIAGNOSTIC,    24, -9.442792631420e-01, 7.886220121395e-05, 1.4197e+01, 3.7431e-01, 
 1DIAGNOSTIC,    25, -9.444505566834e-01, 6.783124207182e-05, 1.4557e+01, 3.6033e-01, 
 1DIAGNOSTIC,    26, -9.446084736200e-01, 5.850137409597e-05, 1.4912e+01, 3.5427e-01, 
 1DIAGNOSTIC,    27, -9.447456490132e-01, 5.060348521251e-05, 1.5252e+01, 3.3985e-01, 
 1DIAGNOSTIC,    28, -9.448675239556e-01, 4.385558311815e-05, 1.5627e+01, 3.7520e-01, 
 1DIAGNOSTIC,    29, -9.449769794088e-01, 3.810151876491e-05, 1.5981e+01, 3.5445e-01, 
 1DIAGNOSTIC,    30, -9.450743529564e-01, 3.314296429173e-05, 1.6351e+01, 3.7015e-01, 
 1DIAGNOSTIC,    31, -9.451606874653e-01, 2.883789618363e-05, 1.6711e+01, 3.6015e-01, 
 1DIAGNOSTIC,    32, -9.452472527682e-01, 2.517661381945e-05, 1.7111e+01, 3.9985e-01, 
 1DIAGNOSTIC,    33, -9.453145326732e-01, 2.195516253622e-05, 1.7490e+01, 3.7849e-01, 
 1DIAGNOSTIC,    34, -9.453765574703e-01, 1.914920406910e-05, 1.7849e+01, 3.5909e-01, 
 1DIAGNOSTIC,    35, -9.454276773089e-01, 1.667088418303e-05, 1.8231e+01, 3.8225e-01, 
 1DIAGNOSTIC,    36, -9.454721637069e-01, 1.451127099644e-05, 1.8591e+01, 3.5947e-01, 
 1DIAGNOSTIC,    37, -9.455091333105e-01, 1.257626544038e-05, 1.8995e+01, 4.0442e-01, 
 1DIAGNOSTIC,    38, -9.455407209042e-01, 1.083298304578e-05, 1.9356e+01, 3.6081e-01, 
 1DIAGNOSTIC,    39, -9.455667259026e-01, 9.264502152898e-06, 1.9715e+01, 3.5911e-01, 
 1DIAGNOSTIC,    40, -9.455851083629e-01, 7.833368702012e-06, 2.0085e+01, 3.6978e-01, 
 1DIAGNOSTIC,    41, -9.456000631176e-01, 6.536681004275e-06, 2.0448e+01, 3.6294e-01, 
 1DIAGNOSTIC,    42, -9.456128794691e-01, 5.459421369758e-06, 2.0798e+01, 3.5014e-01, 
 1DIAGNOSTIC,    43, -9.456210576395e-01, 4.505825474472e-06, 2.1157e+01, 3.5884e-01, 
 1DIAGNOSTIC,    44, -9.456278620629e-01, 3.702984835284e-06, 2.1529e+01, 3.7199e-01, 
 1DIAGNOSTIC,    45, -9.456342981380e-01, 3.032944231141e-06, 2.1891e+01, 3.6201e-01, 
 1DIAGNOSTIC,    46, -9.456336873510e-01, 2.453916689939e-06, 2.2255e+01, 3.6405e-01, 
 1DIAGNOSTIC,    47, -9.456305672233e-01, 1.946082055719e-06, 2.2606e+01, 3.5097e-01, 
 1DIAGNOSTIC,    48, -9.456267523234e-01, 1.510910936142e-06, 2.2977e+01, 3.7089e-01, 
 1DIAGNOSTIC,    49, -9.456209681278e-01, 1.135586362212e-06, 2.3373e+01, 3.9610e-01, 
 1DIAGNOSTIC,    50, -9.456104962302e-01, 7.754736217648e-07, 2.3754e+01, 3.8091e-01, 
XXDIAGNOSTIC,Iteration,metricValue,convergenceValue,ITERATION_TIME_INDEX,SINCE_LAST
 1DIAGNOSTIC,     1, -8.939798317321e-01, 1.797693134862e+308, 2.6279e+01, 2.5258e+00, 
 1DIAGNOSTIC,     2, -8.952112926480e-01, 1.797693134862e+308, 2.8654e+01, 2.3746e+00, 
 1DIAGNOSTIC,     3, -8.970651627724e-01, 1.797693134862e+308, 3.0967e+01, 2.3127e+00, 
 1DIAGNOSTIC,     4, -8.989081349456e-01, 1.797693134862e+308, 3.3331e+01, 2.3639e+00, 
 1DIAGNOSTIC,     5, -9.007584333556e-01, 1.797693134862e+308, 3.5503e+01, 2.1724e+00, 
 1DIAGNOSTIC,     6, -9.025329090768e-01, 1.797693134862e+308, 3.7652e+01, 2.1489e+00, 
 1DIAGNOSTIC,     7, -9.044028680563e-01, 1.797693134862e+308, 3.9879e+01, 2.2267e+00, 
 1DIAGNOSTIC,     8, -9.061338386282e-01, 1.797693134862e+308, 4.1963e+01, 2.0845e+00, 
 1DIAGNOSTIC,     9, -9.076021141442e-01, 1.797693134862e+308, 4.4078e+01, 2.1147e+00, 
 1DIAGNOSTIC,    10, -9.089496029496e-01, 1.107168872540e-03, 4.6124e+01, 2.0459e+00, 
 1DIAGNOSTIC,    11, -9.100642083164e-01, 9.809704677998e-04, 4.8177e+01, 2.0531e+00, 
 1DIAGNOSTIC,    12, -9.112336846709e-01, 8.502417812094e-04, 5.0325e+01, 2.1479e+00, 
 1DIAGNOSTIC,    13, -9.121741446279e-01, 7.298574416068e-04, 5.2562e+01, 2.2372e+00, 
 1DIAGNOSTIC,    14, -9.130461982500e-01, 6.209750196171e-04, 5.4777e+01, 2.2149e+00, 
 1DIAGNOSTIC,    15, -9.138632337681e-01, 5.255366246108e-04, 5.6917e+01, 2.1398e+00, 
 1DIAGNOSTIC,    16, -9.146391394545e-01, 4.434906016189e-04, 5.9013e+01, 2.0965e+00, 
 1DIAGNOSTIC,    17, -9.153687613433e-01, 3.778523050153e-04, 6.1171e+01, 2.1577e+00, 
 1DIAGNOSTIC,    18, -9.160556208507e-01, 3.264401507273e-04, 6.3276e+01, 2.1048e+00, 
 1DIAGNOSTIC,    19, -9.168536198832e-01, 2.873514927361e-04, 6.5435e+01, 2.1592e+00, 
 1DIAGNOSTIC,    20, -9.174712904196e-01, 2.560394966978e-04, 6.7562e+01, 2.1274e+00, 
 1DIAGNOSTIC,    21, -9.180722032685e-01, 2.292502983773e-04, 6.9724e+01, 2.1614e+00, 
 1DIAGNOSTIC,    22, -9.186698886117e-01, 2.085336466385e-04, 7.1893e+01, 2.1692e+00, 
 1DIAGNOSTIC,    23, -9.192521795074e-01, 1.906953963222e-04, 7.4031e+01, 2.1384e+00, 
 1DIAGNOSTIC,    24, -9.197875856426e-01, 1.746779642095e-04, 7.6106e+01, 2.0744e+00, 
 1DIAGNOSTIC,    25, -9.202757479616e-01, 1.597803857409e-04, 7.8305e+01, 2.1990e+00, 
 1DIAGNOSTIC,    26, -9.207278706257e-01, 1.457327643203e-04, 8.0422e+01, 2.1177e+00, 
 1DIAGNOSTIC,    27, -9.211481215283e-01, 1.322692139849e-04, 8.2681e+01, 2.2586e+00, 
 1DIAGNOSTIC,    28, -9.215449030529e-01, 1.192833156082e-04, 8.4809e+01, 2.1278e+00, 
 1DIAGNOSTIC,    29, -9.219281479113e-01, 1.086106797952e-04, 8.7012e+01, 2.2036e+00, 
 1DIAGNOSTIC,    30, -9.222944294328e-01, 9.859338184081e-05, 8.9275e+01, 2.2630e+00, 
 1DIAGNOSTIC,    31, -9.226382420546e-01, 8.937494866579e-05, 9.1459e+01, 2.1841e+00, 
 1DIAGNOSTIC,    32, -9.229652909655e-01, 8.125491350186e-05, 9.3655e+01, 2.1959e+00, 
 1DIAGNOSTIC,    33, -9.232783259169e-01, 7.436384536587e-05, 9.5934e+01, 2.2788e+00, 
 1DIAGNOSTIC,    34, -9.235792510407e-01, 6.847574638218e-05, 9.8049e+01, 2.1146e+00, 
 1DIAGNOSTIC,    35, -9.238732357355e-01, 6.337680261227e-05, 1.0021e+02, 2.1621e+00, 
 1DIAGNOSTIC,    36, -9.241561642716e-01, 5.889694266984e-05, 1.0247e+02, 2.2613e+00, 
 1DIAGNOSTIC,    37, -9.244287294557e-01, 5.489334063718e-05, 1.0462e+02, 2.1508e+00, 
 1DIAGNOSTIC,    38, -9.246994467416e-01, 5.135071618588e-05, 1.0681e+02, 2.1824e+00, 
 1DIAGNOSTIC,    39, -9.249691647334e-01, 4.831567165990e-05, 1.0894e+02, 2.1357e+00, 
 1DIAGNOSTIC,    40, -9.252402612098e-01, 4.579320078235e-05, 1.1105e+02, 2.1103e+00, 
 1DIAGNOSTIC,    41, -9.255104017774e-01, 4.369432968379e-05, 1.1313e+02, 2.0766e+00, 
 1DIAGNOSTIC,    42, -9.257758456870e-01, 4.192537265603e-05, 1.1519e+02, 2.0632e+00, 
 1DIAGNOSTIC,    43, -9.260395053307e-01, 4.041975542077e-05, 1.1724e+02, 2.0535e+00, 
 1DIAGNOSTIC,    44, -9.263001786947e-01, 3.910184111090e-05, 1.1932e+02, 2.0763e+00, 
 1DIAGNOSTIC,    45, -9.265582567897e-01, 3.793140373960e-05, 1.2142e+02, 2.0958e+00, 
 1DIAGNOSTIC,    46, -9.268147405183e-01, 3.684337977198e-05, 1.2349e+02, 2.0729e+00, 
 1DIAGNOSTIC,    47, -9.270601266618e-01, 3.571603330123e-05, 1.2558e+02, 2.0923e+00, 
 1DIAGNOSTIC,    48, -9.272913611102e-01, 3.448284184594e-05, 1.2764e+02, 2.0581e+00, 
 1DIAGNOSTIC,    49, -9.275098835558e-01, 3.311090256273e-05, 1.2972e+02, 2.0826e+00, 
 1DIAGNOSTIC,    50, -9.277191301425e-01, 3.162310781129e-05, 1.3180e+02, 2.0725e+00, 
XXDIAGNOSTIC,Iteration,metricValue,convergenceValue,ITERATION_TIME_INDEX,SINCE_LAST
 1DIAGNOSTIC,     1, -8.730333935945e-01, 1.797693134862e+308, 1.4852e+02, 1.6730e+01, 
 1DIAGNOSTIC,     2, -8.743175131829e-01, 1.797693134862e+308, 1.6551e+02, 1.6981e+01, 
 1DIAGNOSTIC,     3, -8.758704125890e-01, 1.797693134862e+308, 1.8255e+02, 1.7048e+01, 
 1DIAGNOSTIC,     4, -8.775082099884e-01, 1.797693134862e+308, 1.9924e+02, 1.6689e+01, 
 1DIAGNOSTIC,     5, -8.791343951487e-01, 1.797693134862e+308, 2.1560e+02, 1.6357e+01, 
 1DIAGNOSTIC,     6, -8.805151326131e-01, 1.797693134862e+308, 2.3221e+02, 1.6607e+01, 
 1DIAGNOSTIC,     7, -8.819116379966e-01, 1.797693134862e+308, 2.4854e+02, 1.6329e+01, 
 1DIAGNOSTIC,     8, -8.831423467474e-01, 1.797693134862e+308, 2.6541e+02, 1.6873e+01, 
 1DIAGNOSTIC,     9, -8.843776333771e-01, 1.797693134862e+308, 2.8218e+02, 1.6768e+01, 
 1DIAGNOSTIC,    10, -8.853772421734e-01, 9.248477890799e-04, 2.9878e+02, 1.6601e+01, 
 1DIAGNOSTIC,    11, -8.862896065377e-01, 8.014460093011e-04, 3.1556e+02, 1.6784e+01, 
 1DIAGNOSTIC,    12, -8.871107972993e-01, 6.830635236706e-04, 3.3257e+02, 1.7013e+01, 
 1DIAGNOSTIC,    13, -8.878609570050e-01, 5.779289145263e-04, 3.4911e+02, 1.6536e+01, 
 1DIAGNOSTIC,    14, -8.885484716977e-01, 4.884235017292e-04, 3.6580e+02, 1.6694e+01, 
 1DIAGNOSTIC,    15, -8.891792892644e-01, 4.144969228517e-04, 3.8232e+02, 1.6515e+01, 
 1DIAGNOSTIC,    16, -8.897610034524e-01, 3.510596297349e-04, 3.9892e+02, 1.6597e+01, 
 1DIAGNOSTIC,    17, -8.903131367996e-01, 2.994809429375e-04, 4.1563e+02, 1.6719e+01, 
 1DIAGNOSTIC,    18, -8.908323317871e-01, 2.570059235281e-04, 4.3228e+02, 1.6647e+01, 
 1DIAGNOSTIC,    19, -8.913334324062e-01, 2.244360207305e-04, 4.4881e+02, 1.6531e+01, 
 1DIAGNOSTIC,    20, -8.917935431039e-01, 1.976104098258e-04, 4.6538e+02, 1.6566e+01, 
  Elapsed time (stage 2): 465.7


Total elapsed time: 490.8
 Registration finished. The antsRegistration call was:
--------------------------------------------------------------------------------------
/opt/ants/bin/antsRegistration --verbose 1 --dimensionality 3 --float 0 --collapse-output-transforms 1 --output [ /data/derivatives/ants/registrationSyN/sub-s030/ses-open/anat/,/data/derivatives/ants/registrationSyN/sub-s030/ses-open/anat/Warped.nii.gz,/data/derivatives/ants/registrationSyN/sub-s030/ses-open/anat/InverseWarped.nii.gz ] --interpolation Linear --use-histogram-matching 0 --winsorize-image-intensities [ 0.005,0.995 ] --initial-moving-transform [ /templateflow/tpl-MNI152NLin2009cAsym//tpl-MNI152NLin2009cAsym_res-01_desc-brain_T1w.nii.gz,/data/derivatives/fsl/fast/sub-s030/ses-open/anat/BrainExtractionBrain_seg.nii.gz,1 ] --transform Rigid[ 0.1 ] --metric MI[ /templateflow/tpl-MNI152NLin2009cAsym//tpl-MNI152NLin2009cAsym_res-01_desc-brain_T1w.nii.gz,/data/derivatives/fsl/fast/sub-s030/ses-open/anat/BrainExtractionBrain_seg.nii.gz,1,32,Regular,0.25 ] --convergence [ 1000x500x250x100,1e-6,10 ] --shrink-factors 8x4x2x1 --smoothing-sigmas 3x2x1x0vox --transform Affine[ 0.1 ] --metric MI[ /templateflow/tpl-MNI152NLin2009cAsym//tpl-MNI152NLin2009cAsym_res-01_desc-brain_T1w.nii.gz,/data/derivatives/fsl/fast/sub-s030/ses-open/anat/BrainExtractionBrain_seg.nii.gz,1,32,Regular,0.25 ] --convergence [ 1000x500x250x100,1e-6,10 ] --shrink-factors 8x4x2x1 --smoothing-sigmas 3x2x1x0vox --transform SyN[ 0.1,3,0 ] --metric CC[ /templateflow/tpl-MNI152NLin2009cAsym//tpl-MNI152NLin2009cAsym_res-01_desc-brain_T1w.nii.gz,/data/derivatives/fsl/fast/sub-s030/ses-open/anat/BrainExtractionBrain_seg.nii.gz,1,4 ] --convergence [ 100x70x50x20,1e-6,10 ] --shrink-factors 8x4x2x1 --smoothing-sigmas 3x2x1x0vox
--------------------------------------------------------------------------------------
Moving image resampled into fixed space: /data/derivatives/ants/registrationSyN/sub-s030/ses-open/anat/Warped.nii.gz
Fixed image resampled into moving space: /data/derivatives/ants/registrationSyN/sub-s030/ses-open/anat/InverseWarped.nii.gz
--------------------------------------------------------------------------------------
Elapsed Time: 494.890s
    SP GFLOPS: 0.000
    DP GFLOPS: 16.744
    x87 GFLOPS: 0.000
    CPI Rate: 0.484
    Average CPU Frequency: 2.762 GHz
    Total Thread Count: 77
Effective Physical Core Utilization: 75.0% (23.990 out of 32)
 | The metric value is low, which may signal a poor physical CPU cores
 | utilization caused by:
 |     - load imbalance
 |     - threading runtime overhead
 |     - contended synchronization
 |     - thread/process underutilization
 |     - incorrect affinity that utilizes logical cores instead of physical
 |       cores
 | Explore sub-metrics to estimate the efficiency of MPI and OpenMP parallelism
 | or run the Locks and Waits analysis to identify parallel bottlenecks for
 | other parallel runtimes.
 |
    Effective Logical Core Utilization: 39.4% (25.245 out of 64)
     | The metric value is low, which may signal a poor logical CPU cores
     | utilization. Consider improving physical core utilization as the first
     | step and then look at opportunities to utilize logical cores, which in
     | some cases can improve processor throughput and overall performance of
     | multi-threaded applications.
     |
Memory Bound: 16.1% of Pipeline Slots
    Cache Bound: 8.9% of Clockticks
    DRAM Bound: 0.5% of Clockticks
        DRAM Bandwidth Bound: 0.1% of Elapsed Time
    NUMA: % of Remote Accesses: 100.0%

    Bandwidth Utilization
    Bandwidth Domain             Platform Maximum  Observed Maximum  Average  % of Elapsed Time with High BW Utilization(%)
    ---------------------------  ----------------  ----------------  -------  ---------------------------------------------
    DRAM, GB/sec                 214                        141.600    3.043                                           0.0%
    DRAM Single-Package, GB/sec  107                        141.100    2.473                                           0.1%
Vectorization: 0.0% of Packed FP Operations
 | This code has floating point operations and is not vectorized. Consider
 | either recompiling the code with optimization options that allow
 | vectorization or using Intel Advisor to vectorize the loops.
 |
    Instruction Mix
        SP FLOPs: 0.0% of uOps
            Packed: 0.0% from SP FP
                128-bit: 0.0% from SP FP
                256-bit: 0.0% from SP FP
                512-bit: 0.0% from SP FP
            Scalar: 0.0% from SP FP
        DP FLOPs: 14.9% of uOps
            Packed: 0.0% from DP FP
                128-bit: 0.0% from DP FP
                256-bit: 0.0% from DP FP
                512-bit: 0.0% from DP FP
            Scalar: 100.0% from DP FP
             | This code has floating point operations and is not vectorized.
             | Consider either recompiling the code with optimization options
             | that allow vectorization or using Intel Advisor to vectorize the
             | loops.
             |
        x87 FLOPs: 0.0% of uOps
        Non-FP: 85.1% of uOps
    FP Arith/Mem Rd Instr. Ratio: 0.493
     | The metric value is low. This can be a result of unaligned access to data
     | for vector operations. Use Intel Advisor to find possible data access
     | inefficiencies for vector operations.
     |
    FP Arith/Mem Wr Instr. Ratio: 1.105
Collection and Platform Info
    Application Command Line: bash "tmp-scripts/fGBdK2a54c4opEGbvvE1PB2q7RKSko1L.sh" 
    Operating System: 4.18.0-477.10.1.el8_lustre.x86_64 DISTRIB_ID=Ubuntu DISTRIB_RELEASE=20.04 DISTRIB_CODENAME=focal DISTRIB_DESCRIPTION="Ubuntu 20.04.5 LTS"
    Computer Name: comp08
    Result Size: 4.7 GB 
    Collection start time: 08:03:01 26/11/2023 UTC
    Collection stop time: 08:11:16 26/11/2023 UTC
    Collector Type: Driverless Perf per-process sampling
    CPU
        Name: Intel(R) Xeon(R) Processor code named Skylake
        Frequency: 2.095 GHz
        Logical CPU Count: 64
        Max DRAM Single-Package Bandwidth: 107.000 GB/s
        LLC size: 23.1 MB 

If you want to skip descriptions of detected performance issues in the report,
enter: vtune -report summary -report-knob show-issues=false -r <my_result_dir>.
Alternatively, you may view the report in the csv format: vtune -report
<report_name> -format=csv.
