---------------------
Profiling information

Pipeline: ants registrationSyN
NTHREAD: 32

DATASET: ds004513
SUBJECT_ID: s020

SIF_IMG: /mnt/lustre/mathdugre/containers/ants-debug.simg
DATA_DIR: /mnt/lustre/mathdugre/mri-bottleneck/datasets/ds004513

PROJECT_DIR: /mnt/lustre/mathdugre/mri-bottleneck
PROFILING_DIR: /mnt/lustre/mathdugre/mri-bottleneck/vtune_output/32-threads/ants/registrationSyN/ds004513/sub-s020/pMFATtgxYC6DPIU690FPdIqc9eCCfwo5
---------------------

Command to profile: bash tmp-scripts/pMFATtgxYC6DPIU690FPdIqc9eCCfwo5.sh

--------------------------------------------------------------------------------------
 Mapping parameters
--------------------------------------------------------------------------------------
 ANTSPATH is /opt/ants/bin

 Dimensionality:           3
 Output name prefix:       /data/derivatives/ants/registrationSyN/sub-s020/ses-open/anat/
 Fixed images:             /templateflow/tpl-MNI152NLin2009cAsym//tpl-MNI152NLin2009cAsym_res-01_desc-brain_T1w.nii.gz
 Moving images:            /data/derivatives/fsl/fast/sub-s020/ses-open/anat/BrainExtractionBrain_seg.nii.gz
 Mask images:              
 Initial transforms:       
 Number of threads:        32
 Spline distance:          26
 SyN gradient step:        0.1
 Transform type:           s
 CC radius:                4
 Precision:                d
 Use histogram matching    0
 Repro                     0
======================================================================================
 antsRegistration call:
--------------------------------------------------------------------------------------
/opt/ants/bin/antsRegistration --verbose 1 --dimensionality 3 --float 0 --collapse-output-transforms 1 --output [ /data/derivatives/ants/registrationSyN/sub-s020/ses-open/anat/,/data/derivatives/ants/registrationSyN/sub-s020/ses-open/anat/Warped.nii.gz,/data/derivatives/ants/registrationSyN/sub-s020/ses-open/anat/InverseWarped.nii.gz ] --interpolation Linear --use-histogram-matching 0 --winsorize-image-intensities [ 0.005,0.995 ] --initial-moving-transform [ /templateflow/tpl-MNI152NLin2009cAsym//tpl-MNI152NLin2009cAsym_res-01_desc-brain_T1w.nii.gz,/data/derivatives/fsl/fast/sub-s020/ses-open/anat/BrainExtractionBrain_seg.nii.gz,1 ] --transform Rigid[ 0.1 ] --metric MI[ /templateflow/tpl-MNI152NLin2009cAsym//tpl-MNI152NLin2009cAsym_res-01_desc-brain_T1w.nii.gz,/data/derivatives/fsl/fast/sub-s020/ses-open/anat/BrainExtractionBrain_seg.nii.gz,1,32,Regular,0.25 ] --convergence [ 1000x500x250x100,1e-6,10 ] --shrink-factors 8x4x2x1 --smoothing-sigmas 3x2x1x0vox --transform Affine[ 0.1 ] --metric MI[ /templateflow/tpl-MNI152NLin2009cAsym//tpl-MNI152NLin2009cAsym_res-01_desc-brain_T1w.nii.gz,/data/derivatives/fsl/fast/sub-s020/ses-open/anat/BrainExtractionBrain_seg.nii.gz,1,32,Regular,0.25 ] --convergence [ 1000x500x250x100,1e-6,10 ] --shrink-factors 8x4x2x1 --smoothing-sigmas 3x2x1x0vox --transform SyN[ 0.1,3,0 ] --metric CC[ /templateflow/tpl-MNI152NLin2009cAsym//tpl-MNI152NLin2009cAsym_res-01_desc-brain_T1w.nii.gz,/data/derivatives/fsl/fast/sub-s020/ses-open/anat/BrainExtractionBrain_seg.nii.gz,1,4 ] --convergence [ 100x70x50x20,1e-6,10 ] --shrink-factors 8x4x2x1 --smoothing-sigmas 3x2x1x0vox
--------------------------------------------------------------------------------------
All_Command_lines_OK
Using double precision for computations.
=============================================================================
The composite transform comprises the following transforms (in order): 
  1. Center of mass alignment using fixed image: /templateflow/tpl-MNI152NLin2009cAsym//tpl-MNI152NLin2009cAsym_res-01_desc-brain_T1w.nii.gz and moving image: /data/derivatives/fsl/fast/sub-s020/ses-open/anat/BrainExtractionBrain_seg.nii.gz (type = Euler3DTransform)
=============================================================================
  number of levels = 4
  number of levels = 4
  number of levels = 4
  fixed image: /templateflow/tpl-MNI152NLin2009cAsym//tpl-MNI152NLin2009cAsym_res-01_desc-brain_T1w.nii.gz
  moving image: /data/derivatives/fsl/fast/sub-s020/ses-open/anat/BrainExtractionBrain_seg.nii.gz
  fixed image: /templateflow/tpl-MNI152NLin2009cAsym//tpl-MNI152NLin2009cAsym_res-01_desc-brain_T1w.nii.gz
  moving image: /data/derivatives/fsl/fast/sub-s020/ses-open/anat/BrainExtractionBrain_seg.nii.gz
  fixed image: /templateflow/tpl-MNI152NLin2009cAsym//tpl-MNI152NLin2009cAsym_res-01_desc-brain_T1w.nii.gz
  moving image: /data/derivatives/fsl/fast/sub-s020/ses-open/anat/BrainExtractionBrain_seg.nii.gz
Dimension = 3
Number of stages = 3
Use histogram matching = false
Winsorize image intensities = true
  Lower quantile = 0.005
  Upper quantile = 0.995


Stage 1 State
   Image metric = Mattes
     Fixed image = Image (0x5599be7bbf70)
  RTTI typeinfo:   itk::Image<double, 3u>
  Reference Count: 2
  Modified Time: 1721
  Debug: Off
  Object Name: 
  Observers: 
    none
  Source: (none)
  Source output name: (none)
  Release Data: Off
  Data Released: False
  Global Release Data: Off
  PipelineMTime: 0
  UpdateMTime: 1504
  RealTimeStamp: 0 seconds 
  LargestPossibleRegion: 
    Dimension: 3
    Index: [0, 0, 0]
    Size: [193, 229, 193]
  BufferedRegion: 
    Dimension: 3
    Index: [0, 0, 0]
    Size: [193, 229, 193]
  RequestedRegion: 
    Dimension: 3
    Index: [0, 0, 0]
    Size: [193, 229, 193]
  Spacing: [1, 1, 1]
  Origin: [96, 132, -78]
  Direction: 
-1 0 0
0 -1 0
0 0 1

  IndexToPointMatrix: 
-1 0 0
0 -1 0
0 0 1

  PointToIndexMatrix: 
-1 0 0
0 -1 0
0 0 1

  Inverse Direction: 
-1 0 0
0 -1 0
0 0 1

  PixelContainer: 
    ImportImageContainer (0x5599be7c4cf0)
      RTTI typeinfo:   itk::ImportImageContainer<unsigned long, double>
      Reference Count: 1
      Modified Time: 1501
      Debug: Off
      Object Name: 
      Observers: 
        none
      Pointer: 0x7f3cea412010
      Container manages memory: true
      Size: 8530021
      Capacity: 8530021

     Moving image = Image (0x5599be7c5bc0)
  RTTI typeinfo:   itk::Image<double, 3u>
  Reference Count: 2
  Modified Time: 1722
  Debug: Off
  Object Name: 
  Observers: 
    none
  Source: (none)
  Source output name: (none)
  Release Data: Off
  Data Released: False
  Global Release Data: Off
  PipelineMTime: 0
  UpdateMTime: 1719
  RealTimeStamp: 0 seconds 
  LargestPossibleRegion: 
    Dimension: 3
    Index: [0, 0, 0]
    Size: [160, 240, 256]
  BufferedRegion: 
    Dimension: 3
    Index: [0, 0, 0]
    Size: [160, 240, 256]
  RequestedRegion: 
    Dimension: 3
    Index: [0, 0, 0]
    Size: [160, 240, 256]
  Spacing: [0.999995, 1, 1]
  Origin: [87.0906, 98.7205, -152.377]
  Direction: 
-0.996975 0.0261379 -0.0731913
-0.0260677 -0.999658 -0.00191374
-0.0732163 -2.46403e-08 0.997316

  IndexToPointMatrix: 
-0.996971 0.0261379 -0.0731913
-0.0260676 -0.999658 -0.00191374
-0.0732159 -2.46403e-08 0.997316

  PointToIndexMatrix: 
-0.99698 -0.0260679 -0.0732166
0.0261379 -0.999658 -2.46993e-08
-0.0731913 -0.00191374 0.997316

  Inverse Direction: 
-0.996975 -0.0260677 -0.0732163
0.0261379 -0.999658 -2.46993e-08
-0.0731913 -0.00191374 0.997316

  PixelContainer: 
    ImportImageContainer (0x5599be7acd30)
      RTTI typeinfo:   itk::ImportImageContainer<unsigned long, double>
      Reference Count: 1
      Modified Time: 1716
      Debug: Off
      Object Name: 
      Observers: 
        none
      Pointer: 0x7f3ce5911010
      Container manages memory: true
      Size: 9830400
      Capacity: 9830400

     Weighting = 1
     Sampling strategy = regular
     Number of bins = 32
     Radius = 4
     Sampling percentage  = 0.25
   Transform = Rigid
     Gradient step = 0.1
     Update field sigma (voxel space) = 0
     Total field sigma (voxel space) = 0
     Update field time sigma = 0
     Total field time sigma  = 0
     Number of time indices = 0
     Number of time point samples = 0
Stage 2 State
   Image metric = Mattes
     Fixed image = Image (0x5599be7ece50)
  RTTI typeinfo:   itk::Image<double, 3u>
  Reference Count: 2
  Modified Time: 2151
  Debug: Off
  Object Name: 
  Observers: 
    none
  Source: (none)
  Source output name: (none)
  Release Data: Off
  Data Released: False
  Global Release Data: Off
  PipelineMTime: 0
  UpdateMTime: 1934
  RealTimeStamp: 0 seconds 
  LargestPossibleRegion: 
    Dimension: 3
    Index: [0, 0, 0]
    Size: [193, 229, 193]
  BufferedRegion: 
    Dimension: 3
    Index: [0, 0, 0]
    Size: [193, 229, 193]
  RequestedRegion: 
    Dimension: 3
    Index: [0, 0, 0]
    Size: [193, 229, 193]
  Spacing: [1, 1, 1]
  Origin: [96, 132, -78]
  Direction: 
-1 0 0
0 -1 0
0 0 1

  IndexToPointMatrix: 
-1 0 0
0 -1 0
0 0 1

  PointToIndexMatrix: 
-1 0 0
0 -1 0
0 0 1

  Inverse Direction: 
-1 0 0
0 -1 0
0 0 1

  PixelContainer: 
    ImportImageContainer (0x5599be85c940)
      RTTI typeinfo:   itk::ImportImageContainer<unsigned long, double>
      Reference Count: 1
      Modified Time: 1931
      Debug: Off
      Object Name: 
      Observers: 
        none
      Pointer: 0x7f3ce17fc010
      Container manages memory: true
      Size: 8530021
      Capacity: 8530021

     Moving image = Image (0x5599be7eef00)
  RTTI typeinfo:   itk::Image<double, 3u>
  Reference Count: 2
  Modified Time: 2152
  Debug: Off
  Object Name: 
  Observers: 
    none
  Source: (none)
  Source output name: (none)
  Release Data: Off
  Data Released: False
  Global Release Data: Off
  PipelineMTime: 0
  UpdateMTime: 2149
  RealTimeStamp: 0 seconds 
  LargestPossibleRegion: 
    Dimension: 3
    Index: [0, 0, 0]
    Size: [160, 240, 256]
  BufferedRegion: 
    Dimension: 3
    Index: [0, 0, 0]
    Size: [160, 240, 256]
  RequestedRegion: 
    Dimension: 3
    Index: [0, 0, 0]
    Size: [160, 240, 256]
  Spacing: [0.999995, 1, 1]
  Origin: [87.0906, 98.7205, -152.377]
  Direction: 
-0.996975 0.0261379 -0.0731913
-0.0260677 -0.999658 -0.00191374
-0.0732163 -2.46403e-08 0.997316

  IndexToPointMatrix: 
-0.996971 0.0261379 -0.0731913
-0.0260676 -0.999658 -0.00191374
-0.0732159 -2.46403e-08 0.997316

  PointToIndexMatrix: 
-0.99698 -0.0260679 -0.0732166
0.0261379 -0.999658 -2.46993e-08
-0.0731913 -0.00191374 0.997316

  Inverse Direction: 
-0.996975 -0.0260677 -0.0732163
0.0261379 -0.999658 -2.46993e-08
-0.0731913 -0.00191374 0.997316

  PixelContainer: 
    ImportImageContainer (0x5599be862990)
      RTTI typeinfo:   itk::ImportImageContainer<unsigned long, double>
      Reference Count: 1
      Modified Time: 2146
      Debug: Off
      Object Name: 
      Observers: 
        none
      Pointer: 0x7f3cdccfb010
      Container manages memory: true
      Size: 9830400
      Capacity: 9830400

     Weighting = 1
     Sampling strategy = regular
     Number of bins = 32
     Radius = 4
     Sampling percentage  = 0.25
   Transform = Affine
     Gradient step = 0.1
     Update field sigma (voxel space) = 0
     Total field sigma (voxel space) = 0
     Update field time sigma = 0
     Total field time sigma  = 0
     Number of time indices = 0
     Number of time point samples = 0
Stage 3 State
   Image metric = CC
     Fixed image = Image (0x5599be861400)
  RTTI typeinfo:   itk::Image<double, 3u>
  Reference Count: 2
  Modified Time: 2581
  Debug: Off
  Object Name: 
  Observers: 
    none
  Source: (none)
  Source output name: (none)
  Release Data: Off
  Data Released: False
  Global Release Data: Off
  PipelineMTime: 0
  UpdateMTime: 2364
  RealTimeStamp: 0 seconds 
  LargestPossibleRegion: 
    Dimension: 3
    Index: [0, 0, 0]
    Size: [193, 229, 193]
  BufferedRegion: 
    Dimension: 3
    Index: [0, 0, 0]
    Size: [193, 229, 193]
  RequestedRegion: 
    Dimension: 3
    Index: [0, 0, 0]
    Size: [193, 229, 193]
  Spacing: [1, 1, 1]
  Origin: [96, 132, -78]
  Direction: 
-1 0 0
0 -1 0
0 0 1

  IndexToPointMatrix: 
-1 0 0
0 -1 0
0 0 1

  PointToIndexMatrix: 
-1 0 0
0 -1 0
0 0 1

  Inverse Direction: 
-1 0 0
0 -1 0
0 0 1

  PixelContainer: 
    ImportImageContainer (0x5599be861b80)
      RTTI typeinfo:   itk::ImportImageContainer<unsigned long, double>
      Reference Count: 1
      Modified Time: 2361
      Debug: Off
      Object Name: 
      Observers: 
        none
      Pointer: 0x7f3cd8be6010
      Container manages memory: true
      Size: 8530021
      Capacity: 8530021

     Moving image = Image (0x5599be860d40)
  RTTI typeinfo:   itk::Image<double, 3u>
  Reference Count: 2
  Modified Time: 2582
  Debug: Off
  Object Name: 
  Observers: 
    none
  Source: (none)
  Source output name: (none)
  Release Data: Off
  Data Released: False
  Global Release Data: Off
  PipelineMTime: 0
  UpdateMTime: 2579
  RealTimeStamp: 0 seconds 
  LargestPossibleRegion: 
    Dimension: 3
    Index: [0, 0, 0]
    Size: [160, 240, 256]
  BufferedRegion: 
    Dimension: 3
    Index: [0, 0, 0]
    Size: [160, 240, 256]
  RequestedRegion: 
    Dimension: 3
    Index: [0, 0, 0]
    Size: [160, 240, 256]
  Spacing: [0.999995, 1, 1]
  Origin: [87.0906, 98.7205, -152.377]
  Direction: 
-0.996975 0.0261379 -0.0731913
-0.0260677 -0.999658 -0.00191374
-0.0732163 -2.46403e-08 0.997316

  IndexToPointMatrix: 
-0.996971 0.0261379 -0.0731913
-0.0260676 -0.999658 -0.00191374
-0.0732159 -2.46403e-08 0.997316

  PointToIndexMatrix: 
-0.99698 -0.0260679 -0.0732166
0.0261379 -0.999658 -2.46993e-08
-0.0731913 -0.00191374 0.997316

  Inverse Direction: 
-0.996975 -0.0260677 -0.0732163
0.0261379 -0.999658 -2.46993e-08
-0.0731913 -0.00191374 0.997316

  PixelContainer: 
    ImportImageContainer (0x5599be7eea40)
      RTTI typeinfo:   itk::ImportImageContainer<unsigned long, double>
      Reference Count: 1
      Modified Time: 2576
      Debug: Off
      Object Name: 
      Observers: 
        none
      Pointer: 0x7f3cd40e5010
      Container manages memory: true
      Size: 9830400
      Capacity: 9830400

     Weighting = 1
     Sampling strategy = none
     Number of bins = 32
     Radius = 4
     Sampling percentage  = 1
   Transform = SyN
     Gradient step = 0.1
     Update field sigma (voxel space) = 3
     Total field sigma (voxel space) = 0
     Update field time sigma = 0
     Total field time sigma  = 0
     Number of time indices = 0
     Number of time point samples = 0
Registration using 3 total stages.

Stage 0
  iterations = 1000x500x250x100
  convergence threshold = 1e-06
  convergence window size = 10
  number of levels = 4
  using the Mattes MI metric (number of bins = 32, weight = 1, use gradient filter = 0)
  preprocessing:  winsorizing the image intensities
  Shrink factors (level 1 out of 4): [8, 8, 8]
  Shrink factors (level 2 out of 4): [4, 4, 4]
  Shrink factors (level 3 out of 4): [2, 2, 2]
  Shrink factors (level 4 out of 4): [1, 1, 1]
  smoothing sigmas per level: [3, 2, 1, 0]
  regular sampling (percentage = 0.25)

*** Running Euler3DTransform registration ***

DIAGNOSTIC,Iteration,metricValue,convergenceValue,ITERATION_TIME_INDEX,SINCE_LAST
 2DIAGNOSTIC,     1, -4.096459685806e-01, 1.797693134862e+308, 1.6551e-01, 1.6551e-01, 
 2DIAGNOSTIC,     2, -4.109870046545e-01, 1.797693134862e+308, 1.7289e-01, 7.3860e-03, 
 2DIAGNOSTIC,     3, -4.142508200828e-01, 1.797693134862e+308, 1.7892e-01, 6.0248e-03, 
 2DIAGNOSTIC,     4, -4.174917966224e-01, 1.797693134862e+308, 1.8609e-01, 7.1750e-03, 
 2DIAGNOSTIC,     5, -4.204149158822e-01, 1.797693134862e+308, 1.9208e-01, 5.9841e-03, 
 2DIAGNOSTIC,     6, -4.253217565883e-01, 1.797693134862e+308, 1.9839e-01, 6.3128e-03, 
 2DIAGNOSTIC,     7, -4.367355061567e-01, 1.797693134862e+308, 2.0601e-01, 7.6201e-03, 
 2DIAGNOSTIC,     8, -4.459187443181e-01, 1.797693134862e+308, 2.1306e-01, 7.0469e-03, 
 2DIAGNOSTIC,     9, -4.470433772317e-01, 1.797693134862e+308, 2.2720e-01, 1.4141e-02, 
 2DIAGNOSTIC,    10, -4.470954232091e-01, 6.716547380169e-03, 2.3508e-01, 7.8800e-03, 
 2DIAGNOSTIC,    11, -4.477948157221e-01, 6.023383432801e-03, 2.4106e-01, 5.9791e-03, 
 2DIAGNOSTIC,    12, -4.487147043955e-01, 5.021851974899e-03, 2.4840e-01, 7.3419e-03, 
 2DIAGNOSTIC,    13, -4.489688564104e-01, 3.896278062687e-03, 2.5889e-01, 1.0491e-02, 
 2DIAGNOSTIC,    14, -4.493211339847e-01, 2.758396772579e-03, 2.6806e-01, 9.1691e-03, 
 2DIAGNOSTIC,    15, -4.507330741699e-01, 1.721395162753e-03, 2.7541e-01, 7.3540e-03, 
 2DIAGNOSTIC,    16, -4.551226444268e-01, 1.029535893279e-03, 2.8365e-01, 8.2350e-03, 
 2DIAGNOSTIC,    17, -4.593160495938e-01, 9.103223007163e-04, 2.9517e-01, 1.1525e-02, 
 2DIAGNOSTIC,    18, -4.601389067715e-01, 1.078788790807e-03, 3.0173e-01, 6.5560e-03, 
 2DIAGNOSTIC,    19, -4.615721925573e-01, 1.219640753748e-03, 3.0834e-01, 6.6099e-03, 
 2DIAGNOSTIC,    20, -4.630530343199e-01, 1.281745160698e-03, 3.1420e-01, 5.8570e-03, 
 2DIAGNOSTIC,    21, -4.646366314030e-01, 1.284557555089e-03, 3.2212e-01, 7.9269e-03, 
 2DIAGNOSTIC,    22, -4.658456769195e-01, 1.227330261649e-03, 3.2775e-01, 5.6281e-03, 
 2DIAGNOSTIC,    23, -4.682493930712e-01, 1.136008130035e-03, 3.3354e-01, 5.7919e-03, 
 2DIAGNOSTIC,    24, -4.747928641110e-01, 1.129789373702e-03, 3.4193e-01, 8.3840e-03, 
 2DIAGNOSTIC,    25, -4.824910945992e-01, 1.243371032742e-03, 3.4804e-01, 6.1152e-03, 
 2DIAGNOSTIC,    26, -4.877326793357e-01, 1.459715653009e-03, 3.5829e-01, 1.0243e-02, 
 2DIAGNOSTIC,    27, -4.923936900726e-01, 1.728944651640e-03, 3.6577e-01, 7.4871e-03, 
 2DIAGNOSTIC,    28, -4.935431199534e-01, 1.858679695808e-03, 3.7265e-01, 6.8729e-03, 
 2DIAGNOSTIC,    29, -4.947908887893e-01, 1.860668854644e-03, 3.8001e-01, 7.3669e-03, 
 2DIAGNOSTIC,    30, -4.947381043290e-01, 1.714664566986e-03, 3.8669e-01, 6.6719e-03, 
 2DIAGNOSTIC,    31, -4.946863948707e-01, 1.447979318862e-03, 3.9597e-01, 9.2850e-03, 
 2DIAGNOSTIC,    32, -4.946918930012e-01, 1.087238857979e-03, 4.0256e-01, 6.5892e-03, 
 2DIAGNOSTIC,    33, -4.946222103273e-01, 6.902100772716e-04, 4.0875e-01, 6.1910e-03, 
 2DIAGNOSTIC,    34, -4.946227641535e-01, 3.702232575856e-04, 4.1456e-01, 5.8129e-03, 
 2DIAGNOSTIC,    35, -4.946252416049e-01, 1.693069912766e-04, 4.2055e-01, 5.9841e-03, 
 2DIAGNOSTIC,    36, -4.946285339239e-01, 5.244115871356e-05, 4.2767e-01, 7.1261e-03, 
 2DIAGNOSTIC,    37, -4.948111501494e-01, 1.763422078884e-05, 4.3532e-01, 7.6489e-03, 
 2DIAGNOSTIC,    38, -4.950908942239e-01, 5.612820344485e-06, 4.4734e-01, 1.2014e-02, 
 2DIAGNOSTIC,    39, -4.951301070015e-01, 1.394710259860e-05, 4.5322e-01, 5.8789e-03, 
 2DIAGNOSTIC,    40, -4.950698982565e-01, 1.894998728440e-05, 4.6003e-01, 6.8150e-03, 
 2DIAGNOSTIC,    41, -4.950768261442e-01, 2.137613666444e-05, 4.6620e-01, 6.1738e-03, 
 2DIAGNOSTIC,    42, -4.950878770314e-01, 2.192584126899e-05, 4.7226e-01, 6.0580e-03, 
 2DIAGNOSTIC,    43, -4.951083063572e-01, 1.964111402967e-05, 4.7851e-01, 6.2468e-03, 
 2DIAGNOSTIC,    44, -4.953626992461e-01, 1.920447013940e-05, 4.8790e-01, 9.3861e-03, 
 2DIAGNOSTIC,    45, -4.953808062145e-01, 1.731389323080e-05, 4.9369e-01, 5.7981e-03, 
 2DIAGNOSTIC,    46, -4.954263898318e-01, 1.459403832838e-05, 5.0394e-01, 1.0242e-02, 
 2DIAGNOSTIC,    47, -4.954787006880e-01, 1.362406989461e-05, 5.1072e-01, 6.7852e-03, 
 2DIAGNOSTIC,    48, -4.955045831491e-01, 1.526675000571e-05, 5.1710e-01, 6.3789e-03, 
 2DIAGNOSTIC,    49, -4.956260204208e-01, 1.740326880643e-05, 5.2299e-01, 5.8861e-03, 
 2DIAGNOSTIC,    50, -4.970224020789e-01, 3.393612036381e-05, 5.2998e-01, 6.9971e-03, 
 2DIAGNOSTIC,    51, -4.978567969619e-01, 5.612939421918e-05, 5.4073e-01, 1.0752e-02, 
 2DIAGNOSTIC,    52, -4.978711072002e-01, 7.236005738421e-05, 5.4710e-01, 6.3620e-03, 
 2DIAGNOSTIC,    53, -4.984196692608e-01, 8.781051080475e-05, 5.5349e-01, 6.3949e-03, 
 2DIAGNOSTIC,    54, -4.986620686301e-01, 9.973145863965e-05, 5.5957e-01, 6.0790e-03, 
 2DIAGNOSTIC,    55, -4.988804233974e-01, 1.039672257599e-04, 5.6674e-01, 7.1650e-03, 
 2DIAGNOSTIC,    56, -4.992859755828e-01, 1.028156211665e-04, 5.7545e-01, 8.7111e-03, 
 2DIAGNOSTIC,    57, -4.993450088108e-01, 9.320026907069e-05, 5.8262e-01, 7.1759e-03, 
 2DIAGNOSTIC,    58, -4.994536173054e-01, 7.666967854006e-05, 5.8930e-01, 6.6788e-03, 
 2DIAGNOSTIC,    59, -4.995335887517e-01, 5.513001249698e-05, 5.9511e-01, 5.8050e-03, 
 2DIAGNOSTIC,    60, -5.006236494746e-01, 5.365854622798e-05, 6.0495e-01, 9.8429e-03, 
 2DIAGNOSTIC,    61, -5.010764887592e-01, 5.947730431520e-05, 6.1234e-01, 7.3948e-03, 
 2DIAGNOSTIC,    62, -5.012296059579e-01, 6.094012918263e-05, 6.1948e-01, 7.1352e-03, 
 2DIAGNOSTIC,    63, -5.014755428473e-01, 6.423968854489e-05, 6.2608e-01, 6.5970e-03, 
 2DIAGNOSTIC,    64, -5.027701464544e-01, 7.556477021984e-05, 6.3478e-01, 8.7020e-03, 
 2DIAGNOSTIC,    65, -5.030328105281e-01, 8.314555773894e-05, 6.4125e-01, 6.4740e-03, 
 2DIAGNOSTIC,    66, -5.033864179042e-01, 8.937596063268e-05, 6.4808e-01, 6.8328e-03, 
 2DIAGNOSTIC,    67, -5.090477353488e-01, 1.377751721497e-04, 6.5422e-01, 6.1371e-03, 
 2DIAGNOSTIC,    68, -5.123797913503e-01, 2.001890586947e-04, 6.6238e-01, 8.1580e-03, 
 2DIAGNOSTIC,    69, -5.197104377051e-01, 3.044530096798e-04, 6.7721e-01, 1.4834e-02, 
 2DIAGNOSTIC,    70, -5.197927711958e-01, 3.853309248772e-04, 6.8354e-01, 6.3219e-03, 
 2DIAGNOSTIC,    71, -5.201701981156e-01, 4.346812209564e-04, 6.8985e-01, 6.3119e-03, 
 2DIAGNOSTIC,    72, -5.206983066906e-01, 4.464054086217e-04, 6.9594e-01, 6.0890e-03, 
 2DIAGNOSTIC,    73, -5.213726329714e-01, 4.210868780076e-04, 7.0280e-01, 6.8600e-03, 
 2DIAGNOSTIC,    74, -5.217383268552e-01, 3.687529631022e-04, 7.1255e-01, 9.7558e-03, 
 2DIAGNOSTIC,    75, -5.222086854912e-01, 2.888647949372e-04, 7.2343e-01, 1.0880e-02, 
 2DIAGNOSTIC,    76, -5.225966433131e-01, 1.891015369134e-04, 7.3190e-01, 8.4631e-03, 
 2DIAGNOSTIC,    77, -5.232129449338e-01, 1.216901695351e-04, 7.3881e-01, 6.9151e-03, 
 2DIAGNOSTIC,    78, -5.239058751585e-01, 7.304895201584e-05, 7.4847e-01, 9.6622e-03, 
 2DIAGNOSTIC,    79, -5.240473987814e-01, 7.413052933874e-05, 7.6076e-01, 1.2289e-02, 
 2DIAGNOSTIC,    80, -5.241304014640e-01, 6.935567021871e-05, 7.6965e-01, 8.8890e-03, 
 2DIAGNOSTIC,    81, -5.242504667570e-01, 6.164069702660e-05, 7.7884e-01, 9.1870e-03, 
 2DIAGNOSTIC,    82, -5.242453910822e-01, 5.179124559944e-05, 7.8528e-01, 6.4449e-03, 
 2DIAGNOSTIC,    83, -5.241767559970e-01, 4.142741967810e-05, 7.9287e-01, 7.5841e-03, 
 2DIAGNOSTIC,    84, -5.243497045322e-01, 3.110751007928e-05, 8.0255e-01, 9.6829e-03, 
 2DIAGNOSTIC,    85, -5.243405203451e-01, 2.124146458195e-05, 8.0926e-01, 6.7139e-03, 
 2DIAGNOSTIC,    86, -5.243651858329e-01, 1.234792187885e-05, 8.1499e-01, 5.7240e-03, 
 2DIAGNOSTIC,    87, -5.243980455270e-01, 6.760686526084e-06, 8.2086e-01, 5.8711e-03, 
 2DIAGNOSTIC,    88, -5.247249482875e-01, 7.421972400111e-06, 8.3159e-01, 1.0736e-02, 
 2DIAGNOSTIC,    89, -5.248056718594e-01, 8.758393410333e-06, 8.3782e-01, 6.2220e-03, 
 2DIAGNOSTIC,    90, -5.248383584537e-01, 9.979864217488e-06, 8.4495e-01, 7.1321e-03, 
 2DIAGNOSTIC,    91, -5.250327200409e-01, 1.229269919017e-05, 8.5093e-01, 5.9791e-03, 
 2DIAGNOSTIC,    92, -5.251867150094e-01, 1.432585900090e-05, 8.5694e-01, 6.0141e-03, 
 2DIAGNOSTIC,    93, -5.254905092389e-01, 1.635116478815e-05, 8.6655e-01, 9.6061e-03, 
 2DIAGNOSTIC,    94, -5.256327614203e-01, 1.869203026602e-05, 8.7527e-01, 8.7230e-03, 
 2DIAGNOSTIC,    95, -5.257639020523e-01, 1.998320381483e-05, 8.8320e-01, 7.9339e-03, 
 2DIAGNOSTIC,    96, -5.266664654715e-01, 2.494621214164e-05, 8.9218e-01, 8.9731e-03, 
 2DIAGNOSTIC,    97, -5.271375649543e-01, 3.021583088808e-05, 9.0004e-01, 7.8659e-03, 
 2DIAGNOSTIC,    98, -5.273000589458e-01, 3.532955277953e-05, 9.0774e-01, 7.6950e-03, 
 2DIAGNOSTIC,    99, -5.275411817939e-01, 3.891269176549e-05, 9.2051e-01, 1.2770e-02, 
 2DIAGNOSTIC,   100, -5.284477719923e-01, 4.408409268493e-05, 9.3414e-01, 1.3630e-02, 
 2DIAGNOSTIC,   101, -5.285364130160e-01, 4.631839749744e-05, 9.4084e-01, 6.6979e-03, 
 2DIAGNOSTIC,   102, -5.285961322163e-01, 4.523515315578e-05, 9.4725e-01, 6.4170e-03, 
 2DIAGNOSTIC,   103, -5.286650968667e-01, 4.202509367318e-05, 9.5378e-01, 6.5281e-03, 
 2DIAGNOSTIC,   104, -5.287303636246e-01, 3.602885197451e-05, 9.6148e-01, 7.7012e-03, 
 2DIAGNOSTIC,   105, -5.287792798904e-01, 2.749563771659e-05, 9.6832e-01, 6.8390e-03, 
 2DIAGNOSTIC,   106, -5.289040452586e-01, 2.199724315572e-05, 9.7461e-01, 6.2881e-03, 
 2DIAGNOSTIC,   107, -5.289612300322e-01, 1.739108318120e-05, 9.8099e-01, 6.3820e-03, 
 2DIAGNOSTIC,   108, -5.290574900781e-01, 1.261891790970e-05, 9.8727e-01, 6.2790e-03, 
 2DIAGNOSTIC,   109, -5.292093166583e-01, 8.678479273317e-06, 9.9312e-01, 5.8520e-03, 
 2DIAGNOSTIC,   110, -5.315846223709e-01, 2.105388632970e-05, 9.9967e-01, 6.5479e-03, 
 2DIAGNOSTIC,   111, -5.341354440751e-01, 4.443357236393e-05, 1.0095e+00, 9.8541e-03, 
 2DIAGNOSTIC,   112, -5.345077959634e-01, 6.506939022702e-05, 1.0169e+00, 7.3700e-03, 
 2DIAGNOSTIC,   113, -5.355291645314e-01, 8.483585904623e-05, 1.0309e+00, 1.4051e-02, 
 2DIAGNOSTIC,   114, -5.361376879907e-01, 9.944090752895e-05, 1.0386e+00, 7.6110e-03, 
 2DIAGNOSTIC,   115, -5.362810334339e-01, 1.048682355738e-04, 1.0486e+00, 1.0027e-02, 
 2DIAGNOSTIC,   116, -5.366710480514e-01, 1.024350852123e-04, 1.0551e+00, 6.5520e-03, 
 2DIAGNOSTIC,   117, -5.367961116420e-01, 9.112514528037e-05, 1.0613e+00, 6.1419e-03, 
 2DIAGNOSTIC,   118, -5.371600092388e-01, 7.367031361347e-05, 1.0672e+00, 5.9202e-03, 
 2DIAGNOSTIC,   119, -5.374767324841e-01, 5.142575287706e-05, 1.0731e+00, 5.8751e-03, 
 2DIAGNOSTIC,   120, -5.403352268278e-01, 4.912652487319e-05, 1.0832e+00, 1.0079e-02, 
 2DIAGNOSTIC,   121, -5.406024879716e-01, 5.504479070967e-05, 1.0892e+00, 6.0530e-03, 
 2DIAGNOSTIC,   122, -5.406858449628e-01, 5.770405993004e-05, 1.0952e+00, 6.0000e-03, 
 2DIAGNOSTIC,   123, -5.407435124663e-01, 5.986577120655e-05, 1.1039e+00, 8.7039e-03, 
 2DIAGNOSTIC,   124, -5.407815914471e-01, 5.911765962862e-05, 1.1096e+00, 5.7089e-03, 
 2DIAGNOSTIC,   125, -5.408367534372e-01, 5.333526153665e-05, 1.1156e+00, 5.9390e-03, 
 2DIAGNOSTIC,   126, -5.413355493245e-01, 4.645607573229e-05, 1.1210e+00, 5.4259e-03, 
 2DIAGNOSTIC,   127, -5.435265425017e-01, 4.564170439426e-05, 1.1300e+00, 9.0292e-03, 
 2DIAGNOSTIC,   128, -5.442164972888e-01, 4.497493659195e-05, 1.1397e+00, 9.6560e-03, 
 2DIAGNOSTIC,   129, -5.445299574052e-01, 4.246472948707e-05, 1.1465e+00, 6.7990e-03, 
 2DIAGNOSTIC,   130, -5.451909907956e-01, 5.130812126937e-05, 1.1534e+00, 6.8870e-03, 
 2DIAGNOSTIC,   131, -5.452732775024e-01, 5.646571676129e-05, 1.1616e+00, 8.2359e-03, 
 2DIAGNOSTIC,   132, -5.455691081306e-01, 5.757392202816e-05, 1.1684e+00, 6.8271e-03, 
 2DIAGNOSTIC,   133, -5.455719190263e-01, 5.331738515852e-05, 1.1767e+00, 8.2440e-03, 
 2DIAGNOSTIC,   134, -5.454864203346e-01, 4.392776161946e-05, 1.1833e+00, 6.6350e-03, 
 2DIAGNOSTIC,   135, -5.454864704297e-01, 3.075644025470e-05, 1.1898e+00, 6.4750e-03, 
 2DIAGNOSTIC,   136, -5.454864921464e-01, 1.666922747501e-05, 1.1960e+00, 6.2501e-03, 
 2DIAGNOSTIC,   137, -5.454865265397e-01, 1.015602820137e-05, 1.2021e+00, 6.0482e-03, 
 2DIAGNOSTIC,   138, -5.454866668051e-01, 5.591924264517e-06, 1.2086e+00, 6.5041e-03, 
 2DIAGNOSTIC,   139, -5.454871246948e-01, 1.801326599842e-06, 1.2144e+00, 5.8410e-03, 
DIAGNOSTIC,Iteration,metricValue,convergenceValue,ITERATION_TIME_INDEX,SINCE_LAST
 2DIAGNOSTIC,     1, -4.443248009416e-01, 1.797693134862e+308, 1.3899e+00, 1.7545e-01, 
 2DIAGNOSTIC,     2, -4.450093470720e-01, 1.797693134862e+308, 1.4176e+00, 2.7703e-02, 
 2DIAGNOSTIC,     3, -4.456073172991e-01, 1.797693134862e+308, 1.4477e+00, 3.0089e-02, 
 2DIAGNOSTIC,     4, -4.460095650426e-01, 1.797693134862e+308, 1.4725e+00, 2.4816e-02, 
 2DIAGNOSTIC,     5, -4.462443773033e-01, 1.797693134862e+308, 1.4850e+00, 1.2523e-02, 
 2DIAGNOSTIC,     6, -4.465925798493e-01, 1.797693134862e+308, 1.4944e+00, 9.4571e-03, 
 2DIAGNOSTIC,     7, -4.470340528886e-01, 1.797693134862e+308, 1.5027e+00, 8.2080e-03, 
 2DIAGNOSTIC,     8, -4.481364342260e-01, 1.797693134862e+308, 1.5144e+00, 1.1739e-02, 
 2DIAGNOSTIC,     9, -4.484314537663e-01, 1.797693134862e+308, 1.5231e+00, 8.7230e-03, 
 2DIAGNOSTIC,    10, -4.484423765277e-01, 6.026009374178e-04, 1.5309e+00, 7.7469e-03, 
 2DIAGNOSTIC,    11, -4.485560348194e-01, 5.048815821810e-04, 1.5397e+00, 8.8339e-03, 
 2DIAGNOSTIC,    12, -4.486618406176e-01, 4.193472892649e-04, 1.5548e+00, 1.5070e-02, 
 2DIAGNOSTIC,    13, -4.486700221819e-01, 3.377848554931e-04, 1.5636e+00, 8.8739e-03, 
 2DIAGNOSTIC,    14, -4.486657527818e-01, 2.554585333323e-04, 1.5721e+00, 8.4450e-03, 
 2DIAGNOSTIC,    15, -4.486887875427e-01, 1.725306506313e-04, 1.5801e+00, 7.9660e-03, 
 2DIAGNOSTIC,    16, -4.486884041798e-01, 9.828672711652e-05, 1.5900e+00, 9.9061e-03, 
 2DIAGNOSTIC,    17, -4.486720610434e-01, 3.870593898170e-05, 1.5990e+00, 9.0120e-03, 
 2DIAGNOSTIC,    18, -4.486608703460e-01, 2.064422398071e-05, 1.6070e+00, 7.9920e-03, 
 2DIAGNOSTIC,    19, -4.486586612447e-01, 1.262142647510e-05, 1.6170e+00, 1.0002e-02, 
 2DIAGNOSTIC,    20, -4.486655260911e-01, 4.869443873651e-06, 1.6271e+00, 1.0170e-02, 
DIAGNOSTIC,Iteration,metricValue,convergenceValue,ITERATION_TIME_INDEX,SINCE_LAST
 2DIAGNOSTIC,     1, -3.864320448109e-01, 1.797693134862e+308, 1.9589e+00, 3.3178e-01, 
 2DIAGNOSTIC,     2, -3.866738467602e-01, 1.797693134862e+308, 2.0194e+00, 6.0507e-02, 
 2DIAGNOSTIC,     3, -3.868634787717e-01, 1.797693134862e+308, 2.0741e+00, 5.4645e-02, 
 2DIAGNOSTIC,     4, -3.870917057170e-01, 1.797693134862e+308, 2.1226e+00, 4.8523e-02, 
 2DIAGNOSTIC,     5, -3.872755061334e-01, 1.797693134862e+308, 2.1647e+00, 4.2075e-02, 
 2DIAGNOSTIC,     6, -3.873713166403e-01, 1.797693134862e+308, 2.2202e+00, 5.5537e-02, 
 2DIAGNOSTIC,     7, -3.874509458976e-01, 1.797693134862e+308, 2.2552e+00, 3.5008e-02, 
 2DIAGNOSTIC,     8, -3.875256119254e-01, 1.797693134862e+308, 2.2987e+00, 4.3444e-02, 
 2DIAGNOSTIC,     9, -3.875447275442e-01, 1.797693134862e+308, 2.3448e+00, 4.6126e-02, 
 2DIAGNOSTIC,    10, -3.875937895748e-01, 1.919043412133e-04, 2.4074e+00, 6.2606e-02, 
 2DIAGNOSTIC,    11, -3.876108786872e-01, 1.378784895189e-04, 2.4563e+00, 4.8934e-02, 
 2DIAGNOSTIC,    12, -3.876116576314e-01, 9.552211837505e-05, 2.4981e+00, 4.1742e-02, 
 2DIAGNOSTIC,    13, -3.876135366032e-01, 6.192123646491e-05, 2.5376e+00, 3.9514e-02, 
 2DIAGNOSTIC,    14, -3.876190552639e-01, 3.979797097765e-05, 2.5754e+00, 3.7838e-02, 
 2DIAGNOSTIC,    15, -3.876313467812e-01, 2.671256300274e-05, 2.6139e+00, 3.8528e-02, 
 2DIAGNOSTIC,    16, -3.876515963815e-01, 1.824880229763e-05, 2.6515e+00, 3.7515e-02, 
 2DIAGNOSTIC,    17, -3.877055346605e-01, 1.498283783894e-05, 2.6942e+00, 4.2745e-02, 
 2DIAGNOSTIC,    18, -3.878803986562e-01, 2.100481502199e-05, 2.7418e+00, 4.7616e-02, 
 2DIAGNOSTIC,    19, -3.879247420909e-01, 2.685287601539e-05, 2.8050e+00, 6.3190e-02, 
 2DIAGNOSTIC,    20, -3.879209465120e-01, 3.147158304196e-05, 2.8596e+00, 5.4565e-02, 
 2DIAGNOSTIC,    21, -3.879218686814e-01, 3.360019626013e-05, 2.9039e+00, 4.4359e-02, 
 2DIAGNOSTIC,    22, -3.879207693655e-01, 3.250290478440e-05, 2.9472e+00, 4.3217e-02, 
 2DIAGNOSTIC,    23, -3.879206936105e-01, 2.855691892334e-05, 2.9897e+00, 4.2532e-02, 
 2DIAGNOSTIC,    24, -3.879204432704e-01, 2.253525426813e-05, 3.0295e+00, 3.9765e-02, 
 2DIAGNOSTIC,    25, -3.879190614059e-01, 1.540662332838e-05, 3.0738e+00, 4.4388e-02, 
 2DIAGNOSTIC,    26, -3.879195011710e-01, 8.118519834129e-06, 3.1203e+00, 4.6476e-02, 
 2DIAGNOSTIC,    27, -3.879190227250e-01, 2.049521863529e-06, 3.1584e+00, 3.8113e-02, 
DIAGNOSTIC,Iteration,metricValue,convergenceValue,ITERATION_TIME_INDEX,SINCE_LAST
 2DIAGNOSTIC,     1, -3.546160805180e-01, 1.797693134862e+308, 3.9514e+00, 7.9293e-01, 
 2DIAGNOSTIC,     2, -3.547217458118e-01, 1.797693134862e+308, 4.1568e+00, 2.0546e-01, 
 2DIAGNOSTIC,     3, -3.547730740964e-01, 1.797693134862e+308, 4.3572e+00, 2.0034e-01, 
 2DIAGNOSTIC,     4, -3.548395488897e-01, 1.797693134862e+308, 4.5645e+00, 2.0734e-01, 
 2DIAGNOSTIC,     5, -3.549267400274e-01, 1.797693134862e+308, 4.7926e+00, 2.2807e-01, 
 2DIAGNOSTIC,     6, -3.551066474996e-01, 1.797693134862e+308, 5.0220e+00, 2.2942e-01, 
 2DIAGNOSTIC,     7, -3.551855152307e-01, 1.797693134862e+308, 5.2516e+00, 2.2965e-01, 
 2DIAGNOSTIC,     8, -3.552425811543e-01, 1.797693134862e+308, 5.4899e+00, 2.3829e-01, 
 2DIAGNOSTIC,     9, -3.553065594654e-01, 1.797693134862e+308, 5.7598e+00, 2.6984e-01, 
 2DIAGNOSTIC,    10, -3.553828280614e-01, 1.471657724347e-04, 5.9730e+00, 2.1322e-01, 
 2DIAGNOSTIC,    11, -3.554642346383e-01, 1.312260150708e-04, 6.1880e+00, 2.1500e-01, 
 2DIAGNOSTIC,    12, -3.555140135413e-01, 1.166842287947e-04, 6.4225e+00, 2.3447e-01, 
 2DIAGNOSTIC,    13, -3.555300314183e-01, 9.831765129713e-05, 6.6568e+00, 2.3435e-01, 
 2DIAGNOSTIC,    14, -3.555535579956e-01, 7.906306515278e-05, 6.9826e+00, 3.2577e-01, 
 2DIAGNOSTIC,    15, -3.555590577143e-01, 6.005820379869e-05, 7.1862e+00, 2.0358e-01, 
 2DIAGNOSTIC,    16, -3.555727112290e-01, 4.769884500280e-05, 7.3879e+00, 2.0179e-01, 
 2DIAGNOSTIC,    17, -3.555886154243e-01, 3.701121788553e-05, 7.5881e+00, 2.0019e-01, 
 2DIAGNOSTIC,    18, -3.555988911608e-01, 2.724448905554e-05, 7.8163e+00, 2.2816e-01, 
 2DIAGNOSTIC,    19, -3.556000243713e-01, 1.885603410708e-05, 8.0436e+00, 2.2727e-01, 
 2DIAGNOSTIC,    20, -3.556003354050e-01, 1.271956700161e-05, 8.2384e+00, 1.9485e-01, 
 2DIAGNOSTIC,    21, -3.556022636544e-01, 9.268084293593e-06, 8.4428e+00, 2.0443e-01, 
 2DIAGNOSTIC,    22, -3.556113695073e-01, 7.530444729585e-06, 8.6597e+00, 2.1690e-01, 
 2DIAGNOSTIC,    23, -3.556194783402e-01, 6.184154357686e-06, 8.8855e+00, 2.2580e-01, 
 2DIAGNOSTIC,    24, -3.556278365833e-01, 5.566677174572e-06, 9.1159e+00, 2.3036e-01, 
 2DIAGNOSTIC,    25, -3.556305690389e-01, 4.862499865414e-06, 9.3424e+00, 2.2646e-01, 
 2DIAGNOSTIC,    26, -3.556291634962e-01, 4.244747136221e-06, 9.7944e+00, 4.5198e-01, 
 2DIAGNOSTIC,    27, -3.556291735130e-01, 3.852044497453e-06, 1.0063e+01, 2.6908e-01, 
 2DIAGNOSTIC,    28, -3.556290669921e-01, 3.520818687527e-06, 1.0267e+01, 2.0322e-01, 
 2DIAGNOSTIC,    29, -3.556289154130e-01, 3.013315461355e-06, 1.0531e+01, 2.6445e-01, 
 2DIAGNOSTIC,    30, -3.556288648908e-01, 2.368618634715e-06, 1.0756e+01, 2.2509e-01, 
 2DIAGNOSTIC,    31, -3.556288251347e-01, 1.690075873292e-06, 1.0990e+01, 2.3401e-01, 
 2DIAGNOSTIC,    32, -3.556287811845e-01, 1.215478525704e-06, 1.1192e+01, 2.0132e-01, 
  Elapsed time (stage 0): 1.1440e+01


Stage 1
  iterations = 1000x500x250x100
  convergence threshold = 1.0000e-06
  convergence window size = 10
  number of levels = 4
  using the Mattes MI metric (number of bins = 32, weight = 1.0000e+00, use gradient filter = 0)
  preprocessing:  winsorizing the image intensities
  Shrink factors (level 1 out of 4): [8, 8, 8]
  Shrink factors (level 2 out of 4): [4, 4, 4]
  Shrink factors (level 3 out of 4): [2, 2, 2]
  Shrink factors (level 4 out of 4): [1, 1, 1]
  smoothing sigmas per level: [3, 2, 1, 0]
  regular sampling (percentage = 2.5000e-01)

*** Running AffineTransform registration ***

DIAGNOSTIC,Iteration,metricValue,convergenceValue,ITERATION_TIME_INDEX,SINCE_LAST
 2DIAGNOSTIC,     1, -5.535815900564e-01, 1.797693134862e+308, 1.2052e-01, 1.2051e-01, 
 2DIAGNOSTIC,     2, -5.554651934433e-01, 1.797693134862e+308, 1.2741e-01, 6.8970e-03, 
 2DIAGNOSTIC,     3, -5.588094970117e-01, 1.797693134862e+308, 1.3435e-01, 6.9330e-03, 
 2DIAGNOSTIC,     4, -5.644432520971e-01, 1.797693134862e+308, 1.4208e-01, 7.7379e-03, 
 2DIAGNOSTIC,     5, -5.736126746325e-01, 1.797693134862e+308, 1.5179e-01, 9.7110e-03, 
 2DIAGNOSTIC,     6, -5.876650565724e-01, 1.797693134862e+308, 1.5937e-01, 7.5769e-03, 
 2DIAGNOSTIC,     7, -6.622564256221e-01, 1.797693134862e+308, 1.6670e-01, 7.3299e-03, 
 2DIAGNOSTIC,     8, -7.090330846831e-01, 1.797693134862e+308, 1.7487e-01, 8.1720e-03, 
 2DIAGNOSTIC,     9, -7.209646577066e-01, 1.797693134862e+308, 1.8291e-01, 8.0380e-03, 
 2DIAGNOSTIC,    10, -7.439513691956e-01, 2.228502765113e-02, 1.9224e-01, 9.3291e-03, 
 2DIAGNOSTIC,    11, -7.930910068019e-01, 2.366950807601e-02, 2.0038e-01, 8.1410e-03, 
 2DIAGNOSTIC,    12, -8.109180937924e-01, 2.327302632480e-02, 2.0977e-01, 9.3892e-03, 
 2DIAGNOSTIC,    13, -8.259789609192e-01, 2.144026278373e-02, 2.1821e-01, 8.4362e-03, 
 2DIAGNOSTIC,    14, -8.540765839401e-01, 1.900397895398e-02, 2.2627e-01, 8.0612e-03, 
 2DIAGNOSTIC,    15, -8.685393822799e-01, 1.589770635299e-02, 2.3647e-01, 1.0203e-02, 
 2DIAGNOSTIC,    16, -8.689819219754e-01, 1.214655531750e-02, 2.4500e-01, 8.5258e-03, 
 2DIAGNOSTIC,    17, -8.687966911360e-01, 9.557993761669e-03, 2.5468e-01, 9.6879e-03, 
 2DIAGNOSTIC,    18, -8.689091795662e-01, 7.481617579105e-03, 2.6440e-01, 9.7189e-03, 
 2DIAGNOSTIC,    19, -8.688397278713e-01, 5.215825440252e-03, 2.7289e-01, 8.4889e-03, 
 2DIAGNOSTIC,    20, -8.686535153766e-01, 3.152464370767e-03, 2.8040e-01, 7.5128e-03, 
 2DIAGNOSTIC,    21, -8.681703576803e-01, 1.916081610446e-03, 2.8858e-01, 8.1720e-03, 
 2DIAGNOSTIC,    22, -8.682974113398e-01, 9.453357866097e-04, 2.9756e-01, 8.9869e-03, 
 2DIAGNOSTIC,    23, -8.677180097358e-01, 2.112058635403e-04, 3.0859e-01, 1.1031e-02, 
DIAGNOSTIC,Iteration,metricValue,convergenceValue,ITERATION_TIME_INDEX,SINCE_LAST
 2DIAGNOSTIC,     1, -7.154366350520e-01, 1.797693134862e+308, 4.6488e-01, 1.5629e-01, 
 2DIAGNOSTIC,     2, -7.156753631749e-01, 1.797693134862e+308, 4.8032e-01, 1.5439e-02, 
 2DIAGNOSTIC,     3, -7.158442723865e-01, 1.797693134862e+308, 4.9484e-01, 1.4515e-02, 
 2DIAGNOSTIC,     4, -7.158250327955e-01, 1.797693134862e+308, 5.0705e-01, 1.2215e-02, 
 2DIAGNOSTIC,     5, -7.158054410551e-01, 1.797693134862e+308, 5.2021e-01, 1.3155e-02, 
 2DIAGNOSTIC,     6, -7.157799144755e-01, 1.797693134862e+308, 5.3404e-01, 1.3838e-02, 
 2DIAGNOSTIC,     7, -7.157841634042e-01, 1.797693134862e+308, 5.4873e-01, 1.4690e-02, 
 2DIAGNOSTIC,     8, -7.157695079103e-01, 1.797693134862e+308, 5.6182e-01, 1.3087e-02, 
 2DIAGNOSTIC,     9, -7.157591073482e-01, 1.797693134862e+308, 5.7268e-01, 1.0856e-02, 
 2DIAGNOSTIC,    10, -7.157592919388e-01, 1.588816386519e-05, 5.8561e-01, 1.2932e-02, 
 2DIAGNOSTIC,    11, -7.157638910978e-01, 1.156682375728e-06, 5.9867e-01, 1.3058e-02, 
DIAGNOSTIC,Iteration,metricValue,convergenceValue,ITERATION_TIME_INDEX,SINCE_LAST
 2DIAGNOSTIC,     1, -5.925926402200e-01, 1.797693134862e+308, 8.8413e-01, 2.8546e-01, 
 2DIAGNOSTIC,     2, -5.930320534682e-01, 1.797693134862e+308, 9.3600e-01, 5.1875e-02, 
 2DIAGNOSTIC,     3, -5.935395766314e-01, 1.797693134862e+308, 9.8923e-01, 5.3230e-02, 
 2DIAGNOSTIC,     4, -5.940878994140e-01, 1.797693134862e+308, 1.0446e+00, 5.5368e-02, 
 2DIAGNOSTIC,     5, -5.946678995878e-01, 1.797693134862e+308, 1.1082e+00, 6.3603e-02, 
 2DIAGNOSTIC,     6, -5.953201082477e-01, 1.797693134862e+308, 1.1991e+00, 9.0861e-02, 
 2DIAGNOSTIC,     7, -5.953341883978e-01, 1.797693134862e+308, 1.2540e+00, 5.4936e-02, 
 2DIAGNOSTIC,     8, -5.953584237337e-01, 1.797693134862e+308, 1.3120e+00, 5.8041e-02, 
 2DIAGNOSTIC,     9, -5.953903402898e-01, 1.797693134862e+308, 1.3694e+00, 5.7346e-02, 
 2DIAGNOSTIC,    10, -5.954320659306e-01, 3.314487417384e-04, 1.4266e+00, 5.7250e-02, 
 2DIAGNOSTIC,    11, -5.954825046907e-01, 2.350719238402e-04, 1.4821e+00, 5.5423e-02, 
 2DIAGNOSTIC,    12, -5.955359512493e-01, 1.535273246498e-04, 1.5390e+00, 5.6926e-02, 
 2DIAGNOSTIC,    13, -5.955951928924e-01, 9.179829929484e-05, 1.5977e+00, 5.8721e-02, 
 2DIAGNOSTIC,    14, -5.956366351102e-01, 5.058827742761e-05, 1.6607e+00, 6.3007e-02, 
 2DIAGNOSTIC,    15, -5.956347948690e-01, 2.828855953206e-05, 1.7240e+00, 6.3257e-02, 
 2DIAGNOSTIC,    16, -5.956340168026e-01, 2.585338245104e-05, 1.7851e+00, 6.1096e-02, 
 2DIAGNOSTIC,    17, -5.956355496823e-01, 2.193954631873e-05, 1.8512e+00, 6.6133e-02, 
 2DIAGNOSTIC,    18, -5.956296339145e-01, 1.706632592253e-05, 1.9147e+00, 6.3512e-02, 
 2DIAGNOSTIC,    19, -5.956272516751e-01, 1.202016831804e-05, 1.9916e+00, 7.6849e-02, 
 2DIAGNOSTIC,    20, -5.956278975478e-01, 7.531375794234e-06, 2.0575e+00, 6.5987e-02, 
 2DIAGNOSTIC,    21, -5.956260028610e-01, 4.015099800955e-06, 2.1167e+00, 5.9106e-02, 
 2DIAGNOSTIC,    22, -5.956257068578e-01, 1.713086872156e-06, 2.1786e+00, 6.1990e-02, 
DIAGNOSTIC,Iteration,metricValue,convergenceValue,ITERATION_TIME_INDEX,SINCE_LAST
 2DIAGNOSTIC,     1, -5.210955030624e-01, 1.797693134862e+308, 3.0998e+00, 9.2117e-01, 
 2DIAGNOSTIC,     2, -5.215099299235e-01, 1.797693134862e+308, 3.4427e+00, 3.4290e-01, 
 2DIAGNOSTIC,     3, -5.219100189211e-01, 1.797693134862e+308, 3.7824e+00, 3.3968e-01, 
 2DIAGNOSTIC,     4, -5.222120703567e-01, 1.797693134862e+308, 4.1276e+00, 3.4515e-01, 
 2DIAGNOSTIC,     5, -5.227197581128e-01, 1.797693134862e+308, 4.4893e+00, 3.6175e-01, 
 2DIAGNOSTIC,     6, -5.236683062339e-01, 1.797693134862e+308, 4.9513e+00, 4.6199e-01, 
 2DIAGNOSTIC,     7, -5.236977019062e-01, 1.797693134862e+308, 5.3146e+00, 3.6328e-01, 
 2DIAGNOSTIC,     8, -5.236963417190e-01, 1.797693134862e+308, 5.8528e+00, 5.3824e-01, 
 2DIAGNOSTIC,     9, -5.236964678767e-01, 1.797693134862e+308, 6.2663e+00, 4.1347e-01, 
 2DIAGNOSTIC,    10, -5.236965122879e-01, 3.628373873834e-04, 6.6580e+00, 3.9172e-01, 
 2DIAGNOSTIC,    11, -5.236964525277e-01, 2.623270474786e-04, 7.0262e+00, 3.6817e-01, 
 2DIAGNOSTIC,    12, -5.236963252500e-01, 1.739345984185e-04, 7.3948e+00, 3.6859e-01, 
 2DIAGNOSTIC,    13, -5.236962907762e-01, 1.009558091587e-04, 7.7267e+00, 3.3190e-01, 
 2DIAGNOSTIC,    14, -5.236961483044e-01, 4.108444100312e-05, 8.0578e+00, 3.3118e-01, 
 2DIAGNOSTIC,    15, -5.236962058243e-01, 3.080464631794e-06, 8.4005e+00, 3.4266e-01, 
 2DIAGNOSTIC,    16, -5.236962645035e-01, 1.925588226384e-06, 8.7650e+00, 3.6451e-01, 
 2DIAGNOSTIC,    17, -5.236964921118e-01, 1.860609728351e-06, 9.1478e+00, 3.8279e-01, 
 2DIAGNOSTIC,    18, -5.236963323417e-01, 1.757918085411e-06, 9.5121e+00, 3.6429e-01, 
 2DIAGNOSTIC,    19, -5.236962871841e-01, 1.669567201032e-06, 9.8725e+00, 3.6038e-01, 
 2DIAGNOSTIC,    20, -5.236959629122e-01, 1.583087109756e-06, 1.0208e+01, 3.3504e-01, 
 2DIAGNOSTIC,    21, -5.236960504222e-01, 1.506514649190e-06, 1.0540e+01, 3.3284e-01, 
 2DIAGNOSTIC,    22, -5.236961983574e-01, 1.438048293827e-06, 1.0903e+01, 3.6229e-01, 
 2DIAGNOSTIC,    23, -5.236962497868e-01, 1.376764971840e-06, 1.1240e+01, 3.3712e-01, 
 2DIAGNOSTIC,    24, -5.236962979178e-01, 1.319303665946e-06, 1.1678e+01, 4.3839e-01, 
 2DIAGNOSTIC,    25, -5.236960927315e-01, 1.264016070715e-06, 1.2045e+01, 3.6641e-01, 
 2DIAGNOSTIC,    26, -5.236961328703e-01, 1.215862452136e-06, 1.2416e+01, 3.7121e-01, 
 2DIAGNOSTIC,    27, -5.236959223181e-01, 1.172270620367e-06, 1.2755e+01, 3.3920e-01, 
 2DIAGNOSTIC,    28, -5.236958648327e-01, 1.128213412423e-06, 1.3122e+01, 3.6729e-01, 
 2DIAGNOSTIC,    29, -5.236958362967e-01, 1.086854986426e-06, 1.3486e+01, 3.6351e-01, 
 2DIAGNOSTIC,    30, -5.236958077338e-01, 1.042878762764e-06, 1.3864e+01, 3.7839e-01, 
 2DIAGNOSTIC,    31, -5.236956195509e-01, 1.001645586529e-06, 1.4229e+01, 3.6531e-01, 
  Elapsed time (stage 1): 1.4522e+01


Stage 2
  iterations = 100x70x50x20
  convergence threshold = 1.0000e-06
  convergence window size = 10
  number of levels = 4
  using the CC metric (radius = 4, weight = 1.0000e+00, use gradient filter = 0)
  preprocessing:  winsorizing the image intensities
  Shrink factors (level 1 out of 4): [8, 8, 8]
  Shrink factors (level 2 out of 4): [4, 4, 4]
  Shrink factors (level 3 out of 4): [2, 2, 2]
  Shrink factors (level 4 out of 4): [1, 1, 1]
  smoothing sigmas per level: [3, 2, 1, 0]
  Using default NONE metricSamplingStrategy 

*** Running SyN registration (varianceForUpdateField = 3.0000e+00, varianceForTotalField = 0.0000e+00) ***

XXDIAGNOSTIC,Iteration,metricValue,convergenceValue,ITERATION_TIME_INDEX,SINCE_LAST
 1DIAGNOSTIC,     1, -8.963715701051e-01, 1.797693134862e+308, 1.6691e-01, 1.6691e-01, 
 1DIAGNOSTIC,     2, -9.032861159311e-01, 1.797693134862e+308, 2.5190e-01, 8.4993e-02, 
 1DIAGNOSTIC,     3, -9.085323298603e-01, 1.797693134862e+308, 3.4041e-01, 8.8503e-02, 
 1DIAGNOSTIC,     4, -9.123310410828e-01, 1.797693134862e+308, 4.2492e-01, 8.4513e-02, 
 1DIAGNOSTIC,     5, -9.153752275166e-01, 1.797693134862e+308, 5.0540e-01, 8.0483e-02, 
 1DIAGNOSTIC,     6, -9.176137518717e-01, 1.797693134862e+308, 5.9460e-01, 8.9198e-02, 
 1DIAGNOSTIC,     7, -9.194664272052e-01, 1.797693134862e+308, 6.8228e-01, 8.7681e-02, 
 1DIAGNOSTIC,     8, -9.209876776101e-01, 1.797693134862e+308, 7.7641e-01, 9.4129e-02, 
 1DIAGNOSTIC,     9, -9.222064989829e-01, 1.797693134862e+308, 8.5386e-01, 7.7452e-02, 
 1DIAGNOSTIC,    10, -9.232529935632e-01, 1.740157840139e-03, 9.5309e-01, 9.9229e-02, 
 1DIAGNOSTIC,    11, -9.241697436343e-01, 1.234327000065e-03, 1.0484e+00, 9.5278e-02, 
 1DIAGNOSTIC,    12, -9.248780668403e-01, 8.979463911292e-04, 1.1323e+00, 8.3976e-02, 
 1DIAGNOSTIC,    13, -9.254940761515e-01, 6.712855880214e-04, 1.2095e+00, 7.7149e-02, 
 1DIAGNOSTIC,    14, -9.260309622735e-01, 5.113404429331e-04, 1.2963e+00, 8.6765e-02, 
 1DIAGNOSTIC,    15, -9.265104626834e-01, 3.983982130566e-04, 1.3963e+00, 1.0006e-01, 
 1DIAGNOSTIC,    16, -9.269407933621e-01, 3.143373087881e-04, 1.4875e+00, 9.1144e-02, 
 1DIAGNOSTIC,    17, -9.273104023046e-01, 2.514452754362e-04, 1.5740e+00, 8.6549e-02, 
 1DIAGNOSTIC,    18, -9.276625834908e-01, 2.043864540450e-04, 1.6571e+00, 8.3072e-02, 
 1DIAGNOSTIC,    19, -9.279856896588e-01, 1.683184574532e-04, 1.7572e+00, 1.0013e-01, 
 1DIAGNOSTIC,    20, -9.282812431535e-01, 1.408485188894e-04, 1.8632e+00, 1.0597e-01, 
 1DIAGNOSTIC,    21, -9.285538040600e-01, 1.203352114805e-04, 1.9532e+00, 9.0003e-02, 
 1DIAGNOSTIC,    22, -9.288062784953e-01, 1.039274123280e-04, 2.0433e+00, 9.0077e-02, 
 1DIAGNOSTIC,    23, -9.290407152663e-01, 9.064149402736e-05, 2.1286e+00, 8.5379e-02, 
 1DIAGNOSTIC,    24, -9.292582990918e-01, 7.967749959419e-05, 2.2268e+00, 9.8111e-02, 
 1DIAGNOSTIC,    25, -9.294592211736e-01, 7.052596789677e-05, 2.3088e+00, 8.1994e-02, 
 1DIAGNOSTIC,    26, -9.296505650161e-01, 6.285751002311e-05, 2.4007e+00, 9.1976e-02, 
 1DIAGNOSTIC,    27, -9.298311658388e-01, 5.615543986798e-05, 2.4902e+00, 8.9445e-02, 
 1DIAGNOSTIC,    28, -9.300016346924e-01, 5.042859378043e-05, 2.5839e+00, 9.3749e-02, 
 1DIAGNOSTIC,    29, -9.301634596035e-01, 4.553131582861e-05, 2.6687e+00, 8.4811e-02, 
 1DIAGNOSTIC,    30, -9.303164275435e-01, 4.130853277385e-05, 2.7630e+00, 9.4241e-02, 
 1DIAGNOSTIC,    31, -9.304614206277e-01, 3.764539088776e-05, 2.8590e+00, 9.5990e-02, 
 1DIAGNOSTIC,    32, -9.306006635081e-01, 3.446324173492e-05, 2.9657e+00, 1.0674e-01, 
 1DIAGNOSTIC,    33, -9.307349233282e-01, 3.169565567432e-05, 3.0582e+00, 9.2451e-02, 
 1DIAGNOSTIC,    34, -9.308632767933e-01, 2.926598449954e-05, 3.1469e+00, 8.8786e-02, 
 1DIAGNOSTIC,    35, -9.309865002896e-01, 2.709711549772e-05, 3.2367e+00, 8.9752e-02, 
 1DIAGNOSTIC,    36, -9.311063036164e-01, 2.518431021319e-05, 3.3316e+00, 9.4937e-02, 
 1DIAGNOSTIC,    37, -9.312231635309e-01, 2.350395280366e-05, 3.4225e+00, 9.0857e-02, 
 1DIAGNOSTIC,    38, -9.313324219952e-01, 2.198973999504e-05, 3.5150e+00, 9.2494e-02, 
 1DIAGNOSTIC,    39, -9.314431132728e-01, 2.065954635773e-05, 3.5928e+00, 7.7805e-02, 
 1DIAGNOSTIC,    40, -9.315519366563e-01, 1.948999467271e-05, 3.6796e+00, 8.6830e-02, 
 1DIAGNOSTIC,    41, -9.316592931034e-01, 1.846084719485e-05, 3.7635e+00, 8.3906e-02, 
 1DIAGNOSTIC,    42, -9.317650288000e-01, 1.756159229957e-05, 3.8727e+00, 1.0917e-01, 
 1DIAGNOSTIC,    43, -9.318689592655e-01, 1.677960203077e-05, 3.9527e+00, 7.9977e-02, 
 1DIAGNOSTIC,    44, -9.319700052457e-01, 1.608150147663e-05, 4.0398e+00, 8.7172e-02, 
 1DIAGNOSTIC,    45, -9.320685354612e-01, 1.543960749926e-05, 4.1236e+00, 8.3804e-02, 
 1DIAGNOSTIC,    46, -9.321624812054e-01, 1.482425352886e-05, 4.2046e+00, 8.0922e-02, 
 1DIAGNOSTIC,    47, -9.322585040687e-01, 1.425660048752e-05, 4.2919e+00, 8.7365e-02, 
 1DIAGNOSTIC,    48, -9.323482228126e-01, 1.366749212913e-05, 4.3845e+00, 9.2574e-02, 
 1DIAGNOSTIC,    49, -9.324388710476e-01, 1.310213268545e-05, 4.4816e+00, 9.7053e-02, 
 1DIAGNOSTIC,    50, -9.325257209372e-01, 1.255159255539e-05, 4.5766e+00, 9.5048e-02, 
 1DIAGNOSTIC,    51, -9.326087343678e-01, 1.201106022761e-05, 4.6644e+00, 8.7834e-02, 
 1DIAGNOSTIC,    52, -9.326901085464e-01, 1.148919212805e-05, 4.7490e+00, 8.4566e-02, 
 1DIAGNOSTIC,    53, -9.327687741835e-01, 1.098666161909e-05, 4.8449e+00, 9.5876e-02, 
 1DIAGNOSTIC,    54, -9.328457191518e-01, 1.050393936904e-05, 4.9284e+00, 8.3555e-02, 
 1DIAGNOSTIC,    55, -9.328941082878e-01, 9.894142281624e-06, 5.0163e+00, 8.7902e-02, 
 1DIAGNOSTIC,    56, -9.329674394449e-01, 9.319573739595e-06, 5.1092e+00, 9.2822e-02, 
 1DIAGNOSTIC,    57, -9.330319727959e-01, 8.775518232085e-06, 5.1893e+00, 8.0149e-02, 
 1DIAGNOSTIC,    58, -9.331005759434e-01, 8.285122254630e-06, 5.2790e+00, 8.9654e-02, 
 1DIAGNOSTIC,    59, -9.331669167693e-01, 7.873146370959e-06, 5.3722e+00, 9.3247e-02, 
 1DIAGNOSTIC,    60, -9.332316093141e-01, 7.535971660689e-06, 5.4553e+00, 8.3051e-02, 
 1DIAGNOSTIC,    61, -9.332944571843e-01, 7.260068203226e-06, 5.5424e+00, 8.7120e-02, 
 1DIAGNOSTIC,    62, -9.333553726260e-01, 7.037558262413e-06, 5.6332e+00, 9.0812e-02, 
 1DIAGNOSTIC,    63, -9.334148258733e-01, 6.856134513185e-06, 5.7163e+00, 8.3095e-02, 
 1DIAGNOSTIC,    64, -9.334731643107e-01, 6.711699914418e-06, 5.8105e+00, 9.4260e-02, 
 1DIAGNOSTIC,    65, -9.335297214033e-01, 6.459716941926e-06, 5.8976e+00, 8.7062e-02, 
 1DIAGNOSTIC,    66, -9.335844229398e-01, 6.227977607649e-06, 5.9873e+00, 8.9696e-02, 
 1DIAGNOSTIC,    67, -9.336368878568e-01, 5.977479555615e-06, 6.0677e+00, 8.0412e-02, 
 1DIAGNOSTIC,    68, -9.336871248236e-01, 5.732768164478e-06, 6.1576e+00, 8.9851e-02, 
 1DIAGNOSTIC,    69, -9.337353271928e-01, 5.489734629797e-06, 6.2450e+00, 8.7383e-02, 
 1DIAGNOSTIC,    70, -9.337690135759e-01, 5.193189476518e-06, 6.3320e+00, 8.7003e-02, 
 1DIAGNOSTIC,    71, -9.338133623830e-01, 4.906220132097e-06, 6.4309e+00, 9.8944e-02, 
 1DIAGNOSTIC,    72, -9.338564485410e-01, 4.633474084878e-06, 6.5238e+00, 9.2913e-02, 
 1DIAGNOSTIC,    73, -9.338983774324e-01, 4.382926259662e-06, 6.6132e+00, 8.9410e-02, 
 1DIAGNOSTIC,    74, -9.339395182667e-01, 4.164985132128e-06, 6.7066e+00, 9.3375e-02, 
 1DIAGNOSTIC,    75, -9.339803955872e-01, 3.986059989051e-06, 6.7849e+00, 7.8341e-02, 
 1DIAGNOSTIC,    76, -9.340203330244e-01, 3.844679406853e-06, 6.8751e+00, 9.0132e-02, 
 1DIAGNOSTIC,    77, -9.340594036633e-01, 3.734803804131e-06, 6.9676e+00, 9.2528e-02, 
 1DIAGNOSTIC,    78, -9.340978360400e-01, 3.650104922148e-06, 7.0503e+00, 8.2685e-02, 
 1DIAGNOSTIC,    79, -9.341356520210e-01, 3.584962471638e-06, 7.1412e+00, 9.0950e-02, 
 1DIAGNOSTIC,    80, -9.341726656112e-01, 3.480605359638e-06, 7.2371e+00, 9.5881e-02, 
 1DIAGNOSTIC,    81, -9.342081990662e-01, 3.379026575805e-06, 7.3298e+00, 9.2701e-02, 
 1DIAGNOSTIC,    82, -9.342426612399e-01, 3.277294952775e-06, 7.4222e+00, 9.2398e-02, 
 1DIAGNOSTIC,    83, -9.342763762053e-01, 3.174302593497e-06, 7.5098e+00, 8.7540e-02, 
 1DIAGNOSTIC,    84, -9.343083133643e-01, 3.066808929293e-06, 7.6017e+00, 9.1923e-02, 
 1DIAGNOSTIC,    85, -9.343387901177e-01, 2.955679056253e-06, 7.6929e+00, 9.1250e-02, 
 1DIAGNOSTIC,    86, -9.343682522956e-01, 2.841498691715e-06, 7.7868e+00, 9.3893e-02, 
 1DIAGNOSTIC,    87, -9.343964761363e-01, 2.724700246733e-06, 7.8766e+00, 8.9778e-02, 
 1DIAGNOSTIC,    88, -9.344231461781e-01, 2.605902236448e-06, 7.9635e+00, 8.6878e-02, 
 1DIAGNOSTIC,    89, -9.344477642843e-01, 2.484621956445e-06, 8.0456e+00, 8.2112e-02, 
 1DIAGNOSTIC,    90, -9.344710818004e-01, 2.362930860185e-06, 8.1356e+00, 9.0042e-02, 
 1DIAGNOSTIC,    91, -9.344932456263e-01, 2.241108700283e-06, 8.2264e+00, 9.0770e-02, 
 1DIAGNOSTIC,    92, -9.345143521181e-01, 2.121319103784e-06, 8.3235e+00, 9.7060e-02, 
 1DIAGNOSTIC,    93, -9.345344917072e-01, 2.007252139171e-06, 8.4103e+00, 8.6886e-02, 
 1DIAGNOSTIC,    94, -9.345537200746e-01, 1.898968211485e-06, 8.5048e+00, 9.4498e-02, 
 1DIAGNOSTIC,    95, -9.345724377829e-01, 1.798411466058e-06, 8.5959e+00, 9.1023e-02, 
 1DIAGNOSTIC,    96, -9.345904958529e-01, 1.707798100145e-06, 8.6794e+00, 8.3509e-02, 
 1DIAGNOSTIC,    97, -9.346078169139e-01, 1.627616775234e-06, 8.7665e+00, 8.7148e-02, 
 1DIAGNOSTIC,    98, -9.346244811826e-01, 1.556869750998e-06, 8.8623e+00, 9.5788e-02, 
 1DIAGNOSTIC,    99, -9.346405090438e-01, 1.492288781707e-06, 8.9483e+00, 8.6020e-02, 
 1DIAGNOSTIC,   100, -9.346560053300e-01, 1.432867610259e-06, 9.0323e+00, 8.3999e-02, 
XXDIAGNOSTIC,Iteration,metricValue,convergenceValue,ITERATION_TIME_INDEX,SINCE_LAST
 1DIAGNOSTIC,     1, -8.621364186906e-01, 1.797693134862e+308, 9.5052e+00, 4.7287e-01, 
 1DIAGNOSTIC,     2, -8.647720905222e-01, 1.797693134862e+308, 9.8560e+00, 3.5081e-01, 
 1DIAGNOSTIC,     3, -8.672447680717e-01, 1.797693134862e+308, 1.0212e+01, 3.5627e-01, 
 1DIAGNOSTIC,     4, -8.695094046639e-01, 1.797693134862e+308, 1.0588e+01, 3.7600e-01, 
 1DIAGNOSTIC,     5, -8.717086438259e-01, 1.797693134862e+308, 1.0950e+01, 3.6150e-01, 
 1DIAGNOSTIC,     6, -8.734731397694e-01, 1.797693134862e+308, 1.1293e+01, 3.4354e-01, 
 1DIAGNOSTIC,     7, -8.750370767268e-01, 1.797693134862e+308, 1.1638e+01, 3.4452e-01, 
 1DIAGNOSTIC,     8, -8.765336730873e-01, 1.797693134862e+308, 1.1999e+01, 3.6095e-01, 
 1DIAGNOSTIC,     9, -8.778753779540e-01, 1.797693134862e+308, 1.2360e+01, 3.6116e-01, 
 1DIAGNOSTIC,    10, -8.789872178183e-01, 1.232052045814e-03, 1.2713e+01, 3.5300e-01, 
 1DIAGNOSTIC,    11, -8.799170265170e-01, 1.003490043583e-03, 1.3074e+01, 3.6094e-01, 
 1DIAGNOSTIC,    12, -8.807706137129e-01, 8.172291523385e-04, 1.3442e+01, 3.6767e-01, 
 1DIAGNOSTIC,    13, -8.815500432262e-01, 6.666576669286e-04, 1.3783e+01, 3.4137e-01, 
 1DIAGNOSTIC,    14, -8.822530911466e-01, 5.452965204426e-04, 1.4149e+01, 3.6637e-01, 
 1DIAGNOSTIC,    15, -8.828979187384e-01, 4.515952124552e-04, 1.4505e+01, 3.5549e-01, 
 1DIAGNOSTIC,    16, -8.834910959379e-01, 3.758207099980e-04, 1.4886e+01, 3.8086e-01, 
 1DIAGNOSTIC,    17, -8.840405193752e-01, 3.144449745980e-04, 1.5248e+01, 3.6237e-01, 
 1DIAGNOSTIC,    18, -8.845531952886e-01, 2.667903449419e-04, 1.5608e+01, 3.5953e-01, 
 1DIAGNOSTIC,    19, -8.850351632046e-01, 2.303703070327e-04, 1.5958e+01, 3.5016e-01, 
 1DIAGNOSTIC,    20, -8.854539310448e-01, 2.008778149872e-04, 1.6348e+01, 3.9029e-01, 
 1DIAGNOSTIC,    21, -8.858691751073e-01, 1.761524333147e-04, 1.6711e+01, 3.6297e-01, 
 1DIAGNOSTIC,    22, -8.862575840378e-01, 1.554332379543e-04, 1.7076e+01, 3.6531e-01, 
 1DIAGNOSTIC,    23, -8.866346213128e-01, 1.381908349873e-04, 1.7455e+01, 3.7830e-01, 
 1DIAGNOSTIC,    24, -8.870016688829e-01, 1.238164121694e-04, 1.7826e+01, 3.7170e-01, 
 1DIAGNOSTIC,    25, -8.873493114218e-01, 1.117800307724e-04, 1.8207e+01, 3.8044e-01, 
 1DIAGNOSTIC,    26, -8.876790718771e-01, 1.016196419295e-04, 1.8580e+01, 3.7320e-01, 
 1DIAGNOSTIC,    27, -8.879919285661e-01, 9.295124128992e-05, 1.8941e+01, 3.6072e-01, 
 1DIAGNOSTIC,    28, -8.883006197862e-01, 8.560524750388e-05, 1.9292e+01, 3.5171e-01, 
 1DIAGNOSTIC,    29, -8.886073061933e-01, 7.947086039404e-05, 1.9652e+01, 3.5975e-01, 
 1DIAGNOSTIC,    30, -8.888993825108e-01, 7.388476623721e-05, 2.0015e+01, 3.6314e-01, 
 1DIAGNOSTIC,    31, -8.891946234927e-01, 6.907834330386e-05, 2.0379e+01, 3.6417e-01, 
 1DIAGNOSTIC,    32, -8.894759359761e-01, 6.479424982907e-05, 2.0742e+01, 3.6258e-01, 
 1DIAGNOSTIC,    33, -8.897357955996e-01, 6.086470040401e-05, 2.1135e+01, 3.9324e-01, 
 1DIAGNOSTIC,    34, -8.900048801975e-01, 5.744218047764e-05, 2.1494e+01, 3.5865e-01, 
 1DIAGNOSTIC,    35, -8.902776935658e-01, 5.448965094654e-05, 2.1862e+01, 3.6778e-01, 
 1DIAGNOSTIC,    36, -8.905350170514e-01, 5.179329850243e-05, 2.2208e+01, 3.4679e-01, 
 1DIAGNOSTIC,    37, -8.907955835134e-01, 4.933147580469e-05, 2.2577e+01, 3.6897e-01, 
 1DIAGNOSTIC,    38, -8.910525864630e-01, 4.712075776097e-05, 2.2942e+01, 3.6453e-01, 
 1DIAGNOSTIC,    39, -8.913052540272e-01, 4.517542354074e-05, 2.3314e+01, 3.7240e-01, 
 1DIAGNOSTIC,    40, -8.915527053513e-01, 4.338100006959e-05, 2.3682e+01, 3.6763e-01, 
 1DIAGNOSTIC,    41, -8.917923998828e-01, 4.175723447409e-05, 2.4040e+01, 3.5836e-01, 
 1DIAGNOSTIC,    42, -8.920359904111e-01, 4.027490932945e-05, 2.4393e+01, 3.5260e-01, 
 1DIAGNOSTIC,    43, -8.922771216089e-01, 3.878577324531e-05, 2.4750e+01, 3.5685e-01, 
 1DIAGNOSTIC,    44, -8.925090018065e-01, 3.734105418163e-05, 2.5100e+01, 3.5056e-01, 
 1DIAGNOSTIC,    45, -8.927453746035e-01, 3.605569283197e-05, 2.5451e+01, 3.5048e-01, 
 1DIAGNOSTIC,    46, -8.929916536683e-01, 3.492057673585e-05, 2.5810e+01, 3.5908e-01, 
 1DIAGNOSTIC,    47, -8.932139523085e-01, 3.381418671999e-05, 2.6171e+01, 3.6114e-01, 
 1DIAGNOSTIC,    48, -8.934335555218e-01, 3.273281482940e-05, 2.6531e+01, 3.5957e-01, 
 1DIAGNOSTIC,    49, -8.936561521088e-01, 3.170301802129e-05, 2.6883e+01, 3.5248e-01, 
 1DIAGNOSTIC,    50, -8.938503316121e-01, 3.053747168474e-05, 2.7237e+01, 3.5367e-01, 
 1DIAGNOSTIC,    51, -8.940503504905e-01, 2.928518528140e-05, 2.7581e+01, 3.4449e-01, 
 1DIAGNOSTIC,    52, -8.942387608649e-01, 2.796544219411e-05, 2.7947e+01, 3.6597e-01, 
 1DIAGNOSTIC,    53, -8.944031280019e-01, 2.649702327871e-05, 2.8295e+01, 3.4796e-01, 
 1DIAGNOSTIC,    54, -8.945932454553e-01, 2.507794712773e-05, 2.8652e+01, 3.5673e-01, 
 1DIAGNOSTIC,    55, -8.947325498841e-01, 2.351597141664e-05, 2.8990e+01, 3.3823e-01, 
 1DIAGNOSTIC,    56, -8.948657332166e-01, 2.195851846419e-05, 2.9341e+01, 3.5126e-01, 
 1DIAGNOSTIC,    57, -8.949825122324e-01, 2.028648750159e-05, 2.9689e+01, 3.4737e-01, 
 1DIAGNOSTIC,    58, -8.950934399784e-01, 1.857966078447e-05, 3.0040e+01, 3.5089e-01, 
 1DIAGNOSTIC,    59, -8.951973206688e-01, 1.695020834643e-05, 3.0394e+01, 3.5459e-01, 
 1DIAGNOSTIC,    60, -8.952929287462e-01, 1.532408455351e-05, 3.0753e+01, 3.5900e-01, 
 1DIAGNOSTIC,    61, -8.953773887144e-01, 1.380684090005e-05, 3.1113e+01, 3.5977e-01, 
 1DIAGNOSTIC,    62, -8.954578449676e-01, 1.243716129264e-05, 3.1470e+01, 3.5650e-01, 
 1DIAGNOSTIC,    63, -8.955367302620e-01, 1.118068236500e-05, 3.1825e+01, 3.5565e-01, 
 1DIAGNOSTIC,    64, -8.956109109761e-01, 1.024469560608e-05, 3.2190e+01, 3.6503e-01, 
 1DIAGNOSTIC,    65, -8.956752823069e-01, 9.389415141545e-06, 3.2534e+01, 3.4354e-01, 
 1DIAGNOSTIC,    66, -8.957394564003e-01, 8.651026612946e-06, 3.2876e+01, 3.4241e-01, 
 1DIAGNOSTIC,    67, -8.958014195826e-01, 7.991995886650e-06, 3.3232e+01, 3.5604e-01, 
 1DIAGNOSTIC,    68, -8.958660924297e-01, 7.444391921397e-06, 3.3608e+01, 3.7599e-01, 
 1DIAGNOSTIC,    69, -8.959194969104e-01, 6.959958063917e-06, 3.3969e+01, 3.6042e-01, 
 1DIAGNOSTIC,    70, -8.959707599861e-01, 6.527980269105e-06, 3.4345e+01, 3.7658e-01, 
XXDIAGNOSTIC,Iteration,metricValue,convergenceValue,ITERATION_TIME_INDEX,SINCE_LAST
 1DIAGNOSTIC,     1, -8.598483600690e-01, 1.797693134862e+308, 3.6700e+01, 2.3544e+00, 
 1DIAGNOSTIC,     2, -8.631259707095e-01, 1.797693134862e+308, 3.8831e+01, 2.1318e+00, 
 1DIAGNOSTIC,     3, -8.664013940879e-01, 1.797693134862e+308, 4.1003e+01, 2.1712e+00, 
 1DIAGNOSTIC,     4, -8.692929426887e-01, 1.797693134862e+308, 4.3206e+01, 2.2036e+00, 
 1DIAGNOSTIC,     5, -8.719092630627e-01, 1.797693134862e+308, 4.5321e+01, 2.1149e+00, 
 1DIAGNOSTIC,     6, -8.742530918569e-01, 1.797693134862e+308, 4.7525e+01, 2.2040e+00, 
 1DIAGNOSTIC,     7, -8.763710050528e-01, 1.797693134862e+308, 4.9629e+01, 2.1045e+00, 
 1DIAGNOSTIC,     8, -8.781272919710e-01, 1.797693134862e+308, 5.1696e+01, 2.0670e+00, 
 1DIAGNOSTIC,     9, -8.798427118322e-01, 1.797693134862e+308, 5.3905e+01, 2.2089e+00, 
 1DIAGNOSTIC,    10, -8.812361584340e-01, 1.564833933819e-03, 5.6148e+01, 2.2431e+00, 
 1DIAGNOSTIC,    11, -8.824967251250e-01, 1.275252493368e-03, 5.8270e+01, 2.1218e+00, 
 1DIAGNOSTIC,    12, -8.836593430347e-01, 1.039078926061e-03, 6.0501e+01, 2.2309e+00, 
 1DIAGNOSTIC,    13, -8.847297984155e-01, 8.533520541940e-04, 6.2718e+01, 2.2174e+00, 
 1DIAGNOSTIC,    14, -8.857322912825e-01, 7.063222889851e-04, 6.4856e+01, 2.1377e+00, 
 1DIAGNOSTIC,    15, -8.866606123825e-01, 5.905327734062e-04, 6.7037e+01, 2.1812e+00, 
 1DIAGNOSTIC,    16, -8.875246344450e-01, 4.996112477371e-04, 6.9250e+01, 2.2129e+00, 
 1DIAGNOSTIC,    17, -8.883326616388e-01, 4.288275731336e-04, 7.1441e+01, 2.1911e+00, 
 1DIAGNOSTIC,    18, -8.889753480782e-01, 3.690608817499e-04, 7.3581e+01, 2.1393e+00, 
 1DIAGNOSTIC,    19, -8.895743529143e-01, 3.206060149883e-04, 7.5740e+01, 2.1596e+00, 
 1DIAGNOSTIC,    20, -8.901501393167e-01, 2.788676881008e-04, 7.7822e+01, 2.0817e+00, 
 1DIAGNOSTIC,    21, -8.906876332680e-01, 2.426162953911e-04, 7.9948e+01, 2.1264e+00, 
 1DIAGNOSTIC,    22, -8.912065183426e-01, 2.115536236528e-04, 8.2058e+01, 2.1098e+00, 
 1DIAGNOSTIC,    23, -8.916954625663e-01, 1.851860460849e-04, 8.4252e+01, 2.1941e+00, 
 1DIAGNOSTIC,    24, -8.921491810688e-01, 1.631591950730e-04, 8.6514e+01, 2.2618e+00, 
 1DIAGNOSTIC,    25, -8.925835957736e-01, 1.450707208067e-04, 8.8659e+01, 2.1445e+00, 
 1DIAGNOSTIC,    26, -8.929984151120e-01, 1.304940160711e-04, 9.0852e+01, 2.1931e+00, 
 1DIAGNOSTIC,    27, -8.933965055764e-01, 1.190583112506e-04, 9.2972e+01, 2.1201e+00, 
 1DIAGNOSTIC,    28, -8.937753698056e-01, 1.089306984278e-04, 9.5223e+01, 2.2508e+00, 
 1DIAGNOSTIC,    29, -8.941288709900e-01, 9.976665275436e-05, 9.7384e+01, 2.1610e+00, 
 1DIAGNOSTIC,    30, -8.944732991456e-01, 9.164206441750e-05, 9.9584e+01, 2.2002e+00, 
 1DIAGNOSTIC,    31, -8.947983762027e-01, 8.430514223844e-05, 1.0171e+02, 2.1231e+00, 
 1DIAGNOSTIC,    32, -8.951095005285e-01, 7.777197103667e-05, 1.0385e+02, 2.1419e+00, 
 1DIAGNOSTIC,    33, -8.953858914369e-01, 7.171550288181e-05, 1.0594e+02, 2.0888e+00, 
 1DIAGNOSTIC,    34, -8.956306808165e-01, 6.582113857906e-05, 1.0809e+02, 2.1557e+00, 
 1DIAGNOSTIC,    35, -8.958564488026e-01, 6.008649115298e-05, 1.1035e+02, 2.2615e+00, 
 1DIAGNOSTIC,    36, -8.960682188455e-01, 5.456177941997e-05, 1.1252e+02, 2.1603e+00, 
 1DIAGNOSTIC,    37, -8.962660874543e-01, 4.933106533851e-05, 1.1475e+02, 2.2324e+00, 
 1DIAGNOSTIC,    38, -8.964633812875e-01, 4.456816788027e-05, 1.1697e+02, 2.2184e+00, 
 1DIAGNOSTIC,    39, -8.966531862335e-01, 4.029676343717e-05, 1.1913e+02, 2.1665e+00, 
 1DIAGNOSTIC,    40, -8.968352821366e-01, 3.664463187853e-05, 1.2125e+02, 2.1220e+00, 
 1DIAGNOSTIC,    41, -8.970225480482e-01, 3.370603162493e-05, 1.2349e+02, 2.2310e+00, 
 1DIAGNOSTIC,    42, -8.972123237262e-01, 3.153824444227e-05, 1.2572e+02, 2.2312e+00, 
 1DIAGNOSTIC,    43, -8.974046423526e-01, 2.997979940645e-05, 1.2790e+02, 2.1825e+00, 
 1DIAGNOSTIC,    44, -8.975869236320e-01, 2.876641192503e-05, 1.3010e+02, 2.2012e+00, 
 1DIAGNOSTIC,    45, -8.977727192328e-01, 2.781985679177e-05, 1.3222e+02, 2.1205e+00, 
 1DIAGNOSTIC,    46, -8.979554920612e-01, 2.703306278872e-05, 1.3441e+02, 2.1930e+00, 
 1DIAGNOSTIC,    47, -8.981452360211e-01, 2.636327914256e-05, 1.3654e+02, 2.1254e+00, 
 1DIAGNOSTIC,    48, -8.983195522340e-01, 2.570507504987e-05, 1.3870e+02, 2.1599e+00, 
 1DIAGNOSTIC,    49, -8.984820382441e-01, 2.494774454211e-05, 1.4076e+02, 2.0630e+00, 
 1DIAGNOSTIC,    50, -8.986381401435e-01, 2.403012745962e-05, 1.4291e+02, 2.1488e+00, 
XXDIAGNOSTIC,Iteration,metricValue,convergenceValue,ITERATION_TIME_INDEX,SINCE_LAST
 1DIAGNOSTIC,     1, -8.589084835647e-01, 1.797693134862e+308, 1.5976e+02, 1.6853e+01, 
 1DIAGNOSTIC,     2, -8.601224952965e-01, 1.797693134862e+308, 1.7633e+02, 1.6571e+01, 
 1DIAGNOSTIC,     3, -8.616687990841e-01, 1.797693134862e+308, 1.9272e+02, 1.6388e+01, 
 1DIAGNOSTIC,     4, -8.630357626686e-01, 1.797693134862e+308, 2.0899e+02, 1.6267e+01, 
 1DIAGNOSTIC,     5, -8.643446959653e-01, 1.797693134862e+308, 2.2553e+02, 1.6543e+01, 
 1DIAGNOSTIC,     6, -8.657801078226e-01, 1.797693134862e+308, 2.4183e+02, 1.6295e+01, 
 1DIAGNOSTIC,     7, -8.670464806155e-01, 1.797693134862e+308, 2.5854e+02, 1.6712e+01, 
 1DIAGNOSTIC,     8, -8.683460087379e-01, 1.797693134862e+308, 2.7526e+02, 1.6717e+01, 
 1DIAGNOSTIC,     9, -8.694321810369e-01, 1.797693134862e+308, 2.9165e+02, 1.6393e+01, 
 1DIAGNOSTIC,    10, -8.703608576278e-01, 8.701359821720e-04, 3.0839e+02, 1.6738e+01, 
 1DIAGNOSTIC,    11, -8.712726576771e-01, 7.585276807857e-04, 3.2505e+02, 1.6660e+01, 
 1DIAGNOSTIC,    12, -8.721663992323e-01, 6.545435106678e-04, 3.4171e+02, 1.6661e+01, 
 1DIAGNOSTIC,    13, -8.729298826441e-01, 5.653097277454e-04, 3.5836e+02, 1.6655e+01, 
 1DIAGNOSTIC,    14, -8.736270101854e-01, 4.855887487629e-04, 3.7511e+02, 1.6743e+01, 
 1DIAGNOSTIC,    15, -8.743000703414e-01, 4.152130561863e-04, 3.9169e+02, 1.6585e+01, 
 1DIAGNOSTIC,    16, -8.749330307061e-01, 3.576666766960e-04, 4.0823e+02, 1.6535e+01, 
 1DIAGNOSTIC,    17, -8.755346534162e-01, 3.096027730813e-04, 4.2485e+02, 1.6626e+01, 
 1DIAGNOSTIC,    18, -8.761185358789e-01, 2.723122375887e-04, 4.4148e+02, 1.6626e+01, 
 1DIAGNOSTIC,    19, -8.766629742242e-01, 2.416722380350e-04, 4.5805e+02, 1.6566e+01, 
 1DIAGNOSTIC,    20, -8.771819824622e-01, 2.151843694575e-04, 4.7471e+02, 1.6663e+01, 
  Elapsed time (stage 2): 475.1


Total elapsed time: 501.1
 Registration finished. The antsRegistration call was:
--------------------------------------------------------------------------------------
/opt/ants/bin/antsRegistration --verbose 1 --dimensionality 3 --float 0 --collapse-output-transforms 1 --output [ /data/derivatives/ants/registrationSyN/sub-s020/ses-open/anat/,/data/derivatives/ants/registrationSyN/sub-s020/ses-open/anat/Warped.nii.gz,/data/derivatives/ants/registrationSyN/sub-s020/ses-open/anat/InverseWarped.nii.gz ] --interpolation Linear --use-histogram-matching 0 --winsorize-image-intensities [ 0.005,0.995 ] --initial-moving-transform [ /templateflow/tpl-MNI152NLin2009cAsym//tpl-MNI152NLin2009cAsym_res-01_desc-brain_T1w.nii.gz,/data/derivatives/fsl/fast/sub-s020/ses-open/anat/BrainExtractionBrain_seg.nii.gz,1 ] --transform Rigid[ 0.1 ] --metric MI[ /templateflow/tpl-MNI152NLin2009cAsym//tpl-MNI152NLin2009cAsym_res-01_desc-brain_T1w.nii.gz,/data/derivatives/fsl/fast/sub-s020/ses-open/anat/BrainExtractionBrain_seg.nii.gz,1,32,Regular,0.25 ] --convergence [ 1000x500x250x100,1e-6,10 ] --shrink-factors 8x4x2x1 --smoothing-sigmas 3x2x1x0vox --transform Affine[ 0.1 ] --metric MI[ /templateflow/tpl-MNI152NLin2009cAsym//tpl-MNI152NLin2009cAsym_res-01_desc-brain_T1w.nii.gz,/data/derivatives/fsl/fast/sub-s020/ses-open/anat/BrainExtractionBrain_seg.nii.gz,1,32,Regular,0.25 ] --convergence [ 1000x500x250x100,1e-6,10 ] --shrink-factors 8x4x2x1 --smoothing-sigmas 3x2x1x0vox --transform SyN[ 0.1,3,0 ] --metric CC[ /templateflow/tpl-MNI152NLin2009cAsym//tpl-MNI152NLin2009cAsym_res-01_desc-brain_T1w.nii.gz,/data/derivatives/fsl/fast/sub-s020/ses-open/anat/BrainExtractionBrain_seg.nii.gz,1,4 ] --convergence [ 100x70x50x20,1e-6,10 ] --shrink-factors 8x4x2x1 --smoothing-sigmas 3x2x1x0vox
--------------------------------------------------------------------------------------
Moving image resampled into fixed space: /data/derivatives/ants/registrationSyN/sub-s020/ses-open/anat/Warped.nii.gz
Fixed image resampled into moving space: /data/derivatives/ants/registrationSyN/sub-s020/ses-open/anat/InverseWarped.nii.gz
--------------------------------------------------------------------------------------
Elapsed Time: 505.128s
    SP GFLOPS: 0.000
    DP GFLOPS: 16.616
    x87 GFLOPS: 0.000
    CPI Rate: 0.483
    Average CPU Frequency: 2.752 GHz
    Total Thread Count: 77
Effective Physical Core Utilization: 75.1% (24.038 out of 32)
 | The metric value is low, which may signal a poor physical CPU cores
 | utilization caused by:
 |     - load imbalance
 |     - threading runtime overhead
 |     - contended synchronization
 |     - thread/process underutilization
 |     - incorrect affinity that utilizes logical cores instead of physical
 |       cores
 | Explore sub-metrics to estimate the efficiency of MPI and OpenMP parallelism
 | or run the Locks and Waits analysis to identify parallel bottlenecks for
 | other parallel runtimes.
 |
    Effective Logical Core Utilization: 39.3% (25.127 out of 64)
     | The metric value is low, which may signal a poor logical CPU cores
     | utilization. Consider improving physical core utilization as the first
     | step and then look at opportunities to utilize logical cores, which in
     | some cases can improve processor throughput and overall performance of
     | multi-threaded applications.
     |
Memory Bound: 16.6% of Pipeline Slots
    Cache Bound: 9.1% of Clockticks
    DRAM Bound: 0.5% of Clockticks
        DRAM Bandwidth Bound: 0.1% of Elapsed Time
    NUMA: % of Remote Accesses: 0.0%

    Bandwidth Utilization
    Bandwidth Domain             Platform Maximum  Observed Maximum  Average  % of Elapsed Time with High BW Utilization(%)
    ---------------------------  ----------------  ----------------  -------  ---------------------------------------------
    DRAM, GB/sec                 214                        148.300    3.035                                           0.0%
    DRAM Single-Package, GB/sec  107                        144.900    2.394                                           0.1%
Vectorization: 0.0% of Packed FP Operations
 | This code has floating point operations and is not vectorized. Consider
 | either recompiling the code with optimization options that allow
 | vectorization or using Intel Advisor to vectorize the loops.
 |
    Instruction Mix
        SP FLOPs: 0.0% of uOps
            Packed: 0.0% from SP FP
                128-bit: 0.0% from SP FP
                256-bit: 0.0% from SP FP
                512-bit: 0.0% from SP FP
            Scalar: 0.0% from SP FP
        DP FLOPs: 14.8% of uOps
            Packed: 0.0% from DP FP
                128-bit: 0.0% from DP FP
                256-bit: 0.0% from DP FP
                512-bit: 0.0% from DP FP
            Scalar: 100.0% from DP FP
             | This code has floating point operations and is not vectorized.
             | Consider either recompiling the code with optimization options
             | that allow vectorization or using Intel Advisor to vectorize the
             | loops.
             |
        x87 FLOPs: 0.0% of uOps
        Non-FP: 85.2% of uOps
    FP Arith/Mem Rd Instr. Ratio: 0.491
     | The metric value is low. This can be a result of unaligned access to data
     | for vector operations. Use Intel Advisor to find possible data access
     | inefficiencies for vector operations.
     |
    FP Arith/Mem Wr Instr. Ratio: 1.101
Collection and Platform Info
    Application Command Line: bash "tmp-scripts/pMFATtgxYC6DPIU690FPdIqc9eCCfwo5.sh" 
    Operating System: 4.18.0-477.10.1.el8_lustre.x86_64 DISTRIB_ID=Ubuntu DISTRIB_RELEASE=20.04 DISTRIB_CODENAME=focal DISTRIB_DESCRIPTION="Ubuntu 20.04.5 LTS"
    Computer Name: comp06
    Result Size: 4.8 GB 
    Collection start time: 08:24:53 26/11/2023 UTC
    Collection stop time: 08:33:18 26/11/2023 UTC
    Collector Type: Driverless Perf per-process sampling
    CPU
        Name: Intel(R) Xeon(R) Processor code named Skylake
        Frequency: 2.095 GHz
        Logical CPU Count: 64
        Max DRAM Single-Package Bandwidth: 107.000 GB/s
        LLC size: 23.1 MB 

If you want to skip descriptions of detected performance issues in the report,
enter: vtune -report summary -report-knob show-issues=false -r <my_result_dir>.
Alternatively, you may view the report in the csv format: vtune -report
<report_name> -format=csv.
