---------------------
Profiling information

Pipeline: ants registrationSyN
NTHREAD: 32

DATASET: ds004513
SUBJECT_ID: s032

SIF_IMG: /mnt/lustre/mathdugre/containers/ants-debug.simg
DATA_DIR: /mnt/lustre/mathdugre/mri-bottleneck/datasets/ds004513

PROJECT_DIR: /mnt/lustre/mathdugre/mri-bottleneck
PROFILING_DIR: /mnt/lustre/mathdugre/mri-bottleneck/vtune_output/32-threads/ants/registrationSyN/ds004513/sub-s032/Zqot8mb06Q3DhhQxScwtF0Sss3UD0Ao2
---------------------

Command to profile: bash tmp-scripts/Zqot8mb06Q3DhhQxScwtF0Sss3UD0Ao2.sh

--------------------------------------------------------------------------------------
 Mapping parameters
--------------------------------------------------------------------------------------
 ANTSPATH is /opt/ants/bin

 Dimensionality:           3
 Output name prefix:       /data/derivatives/ants/registrationSyN/sub-s032/ses-open/anat/
 Fixed images:             /templateflow/tpl-MNI152NLin2009cAsym//tpl-MNI152NLin2009cAsym_res-01_desc-brain_T1w.nii.gz
 Moving images:            /data/derivatives/fsl/fast/sub-s032/ses-open/anat/BrainExtractionBrain_seg.nii.gz
 Mask images:              
 Initial transforms:       
 Number of threads:        32
 Spline distance:          26
 SyN gradient step:        0.1
 Transform type:           s
 CC radius:                4
 Precision:                d
 Use histogram matching    0
 Repro                     0
======================================================================================
 antsRegistration call:
--------------------------------------------------------------------------------------
/opt/ants/bin/antsRegistration --verbose 1 --dimensionality 3 --float 0 --collapse-output-transforms 1 --output [ /data/derivatives/ants/registrationSyN/sub-s032/ses-open/anat/,/data/derivatives/ants/registrationSyN/sub-s032/ses-open/anat/Warped.nii.gz,/data/derivatives/ants/registrationSyN/sub-s032/ses-open/anat/InverseWarped.nii.gz ] --interpolation Linear --use-histogram-matching 0 --winsorize-image-intensities [ 0.005,0.995 ] --initial-moving-transform [ /templateflow/tpl-MNI152NLin2009cAsym//tpl-MNI152NLin2009cAsym_res-01_desc-brain_T1w.nii.gz,/data/derivatives/fsl/fast/sub-s032/ses-open/anat/BrainExtractionBrain_seg.nii.gz,1 ] --transform Rigid[ 0.1 ] --metric MI[ /templateflow/tpl-MNI152NLin2009cAsym//tpl-MNI152NLin2009cAsym_res-01_desc-brain_T1w.nii.gz,/data/derivatives/fsl/fast/sub-s032/ses-open/anat/BrainExtractionBrain_seg.nii.gz,1,32,Regular,0.25 ] --convergence [ 1000x500x250x100,1e-6,10 ] --shrink-factors 8x4x2x1 --smoothing-sigmas 3x2x1x0vox --transform Affine[ 0.1 ] --metric MI[ /templateflow/tpl-MNI152NLin2009cAsym//tpl-MNI152NLin2009cAsym_res-01_desc-brain_T1w.nii.gz,/data/derivatives/fsl/fast/sub-s032/ses-open/anat/BrainExtractionBrain_seg.nii.gz,1,32,Regular,0.25 ] --convergence [ 1000x500x250x100,1e-6,10 ] --shrink-factors 8x4x2x1 --smoothing-sigmas 3x2x1x0vox --transform SyN[ 0.1,3,0 ] --metric CC[ /templateflow/tpl-MNI152NLin2009cAsym//tpl-MNI152NLin2009cAsym_res-01_desc-brain_T1w.nii.gz,/data/derivatives/fsl/fast/sub-s032/ses-open/anat/BrainExtractionBrain_seg.nii.gz,1,4 ] --convergence [ 100x70x50x20,1e-6,10 ] --shrink-factors 8x4x2x1 --smoothing-sigmas 3x2x1x0vox
--------------------------------------------------------------------------------------
All_Command_lines_OK
Using double precision for computations.
=============================================================================
The composite transform comprises the following transforms (in order): 
  1. Center of mass alignment using fixed image: /templateflow/tpl-MNI152NLin2009cAsym//tpl-MNI152NLin2009cAsym_res-01_desc-brain_T1w.nii.gz and moving image: /data/derivatives/fsl/fast/sub-s032/ses-open/anat/BrainExtractionBrain_seg.nii.gz (type = Euler3DTransform)
=============================================================================
  number of levels = 4
  number of levels = 4
  number of levels = 4
  fixed image: /templateflow/tpl-MNI152NLin2009cAsym//tpl-MNI152NLin2009cAsym_res-01_desc-brain_T1w.nii.gz
  moving image: /data/derivatives/fsl/fast/sub-s032/ses-open/anat/BrainExtractionBrain_seg.nii.gz
  fixed image: /templateflow/tpl-MNI152NLin2009cAsym//tpl-MNI152NLin2009cAsym_res-01_desc-brain_T1w.nii.gz
  moving image: /data/derivatives/fsl/fast/sub-s032/ses-open/anat/BrainExtractionBrain_seg.nii.gz
  fixed image: /templateflow/tpl-MNI152NLin2009cAsym//tpl-MNI152NLin2009cAsym_res-01_desc-brain_T1w.nii.gz
  moving image: /data/derivatives/fsl/fast/sub-s032/ses-open/anat/BrainExtractionBrain_seg.nii.gz
Dimension = 3
Number of stages = 3
Use histogram matching = false
Winsorize image intensities = true
  Lower quantile = 0.005
  Upper quantile = 0.995


Stage 1 State
   Image metric = Mattes
     Fixed image = Image (0x55a4d2edef70)
  RTTI typeinfo:   itk::Image<double, 3u>
  Reference Count: 2
  Modified Time: 1717
  Debug: Off
  Object Name: 
  Observers: 
    none
  Source: (none)
  Source output name: (none)
  Release Data: Off
  Data Released: False
  Global Release Data: Off
  PipelineMTime: 0
  UpdateMTime: 1502
  RealTimeStamp: 0 seconds 
  LargestPossibleRegion: 
    Dimension: 3
    Index: [0, 0, 0]
    Size: [193, 229, 193]
  BufferedRegion: 
    Dimension: 3
    Index: [0, 0, 0]
    Size: [193, 229, 193]
  RequestedRegion: 
    Dimension: 3
    Index: [0, 0, 0]
    Size: [193, 229, 193]
  Spacing: [1, 1, 1]
  Origin: [96, 132, -78]
  Direction: 
-1 0 0
0 -1 0
0 0 1

  IndexToPointMatrix: 
-1 0 0
0 -1 0
0 0 1

  PointToIndexMatrix: 
-1 0 0
0 -1 0
0 0 1

  Inverse Direction: 
-1 0 0
0 -1 0
0 0 1

  PixelContainer: 
    ImportImageContainer (0x55a4d2ee7cf0)
      RTTI typeinfo:   itk::ImportImageContainer<unsigned long, double>
      Reference Count: 1
      Modified Time: 1499
      Debug: Off
      Object Name: 
      Observers: 
        none
      Pointer: 0x7f6d568a8010
      Container manages memory: true
      Size: 8530021
      Capacity: 8530021

     Moving image = Image (0x55a4d2ee0de0)
  RTTI typeinfo:   itk::Image<double, 3u>
  Reference Count: 2
  Modified Time: 1718
  Debug: Off
  Object Name: 
  Observers: 
    none
  Source: (none)
  Source output name: (none)
  Release Data: Off
  Data Released: False
  Global Release Data: Off
  PipelineMTime: 0
  UpdateMTime: 1715
  RealTimeStamp: 0 seconds 
  LargestPossibleRegion: 
    Dimension: 3
    Index: [0, 0, 0]
    Size: [160, 240, 256]
  BufferedRegion: 
    Dimension: 3
    Index: [0, 0, 0]
    Size: [160, 240, 256]
  RequestedRegion: 
    Dimension: 3
    Index: [0, 0, 0]
    Size: [160, 240, 256]
  Spacing: [1, 1, 1]
  Origin: [73.279, 104.707, -131.187]
  Direction: 
-0.997527 0.0645574 -0.0278053
-0.0645323 -0.997914 -0.00179875
-0.0278634 4.01097e-08 0.999612

  IndexToPointMatrix: 
-0.997527 0.0645574 -0.0278053
-0.0645323 -0.997914 -0.00179875
-0.0278634 4.01097e-08 0.999612

  PointToIndexMatrix: 
-0.997527 -0.0645323 -0.0278634
0.0645574 -0.997914 4.01049e-08
-0.0278053 -0.00179875 0.999612

  Inverse Direction: 
-0.997527 -0.0645323 -0.0278634
0.0645574 -0.997914 4.01049e-08
-0.0278053 -0.00179875 0.999612

  PixelContainer: 
    ImportImageContainer (0x55a4d2ee6b40)
      RTTI typeinfo:   itk::ImportImageContainer<unsigned long, double>
      Reference Count: 1
      Modified Time: 1712
      Debug: Off
      Object Name: 
      Observers: 
        none
      Pointer: 0x7f6d51da7010
      Container manages memory: true
      Size: 9830400
      Capacity: 9830400

     Weighting = 1
     Sampling strategy = regular
     Number of bins = 32
     Radius = 4
     Sampling percentage  = 0.25
   Transform = Rigid
     Gradient step = 0.1
     Update field sigma (voxel space) = 0
     Total field sigma (voxel space) = 0
     Update field time sigma = 0
     Total field time sigma  = 0
     Number of time indices = 0
     Number of time point samples = 0
Stage 2 State
   Image metric = Mattes
     Fixed image = Image (0x55a4d2f9a5c0)
  RTTI typeinfo:   itk::Image<double, 3u>
  Reference Count: 2
  Modified Time: 2145
  Debug: Off
  Object Name: 
  Observers: 
    none
  Source: (none)
  Source output name: (none)
  Release Data: Off
  Data Released: False
  Global Release Data: Off
  PipelineMTime: 0
  UpdateMTime: 1930
  RealTimeStamp: 0 seconds 
  LargestPossibleRegion: 
    Dimension: 3
    Index: [0, 0, 0]
    Size: [193, 229, 193]
  BufferedRegion: 
    Dimension: 3
    Index: [0, 0, 0]
    Size: [193, 229, 193]
  RequestedRegion: 
    Dimension: 3
    Index: [0, 0, 0]
    Size: [193, 229, 193]
  Spacing: [1, 1, 1]
  Origin: [96, 132, -78]
  Direction: 
-1 0 0
0 -1 0
0 0 1

  IndexToPointMatrix: 
-1 0 0
0 -1 0
0 0 1

  PointToIndexMatrix: 
-1 0 0
0 -1 0
0 0 1

  Inverse Direction: 
-1 0 0
0 -1 0
0 0 1

  PixelContainer: 
    ImportImageContainer (0x55a4d2ee3e50)
      RTTI typeinfo:   itk::ImportImageContainer<unsigned long, double>
      Reference Count: 1
      Modified Time: 1927
      Debug: Off
      Object Name: 
      Observers: 
        none
      Pointer: 0x7f6d4dc92010
      Container manages memory: true
      Size: 8530021
      Capacity: 8530021

     Moving image = Image (0x55a4d2f11dc0)
  RTTI typeinfo:   itk::Image<double, 3u>
  Reference Count: 2
  Modified Time: 2146
  Debug: Off
  Object Name: 
  Observers: 
    none
  Source: (none)
  Source output name: (none)
  Release Data: Off
  Data Released: False
  Global Release Data: Off
  PipelineMTime: 0
  UpdateMTime: 2143
  RealTimeStamp: 0 seconds 
  LargestPossibleRegion: 
    Dimension: 3
    Index: [0, 0, 0]
    Size: [160, 240, 256]
  BufferedRegion: 
    Dimension: 3
    Index: [0, 0, 0]
    Size: [160, 240, 256]
  RequestedRegion: 
    Dimension: 3
    Index: [0, 0, 0]
    Size: [160, 240, 256]
  Spacing: [1, 1, 1]
  Origin: [73.279, 104.707, -131.187]
  Direction: 
-0.997527 0.0645574 -0.0278053
-0.0645323 -0.997914 -0.00179875
-0.0278634 4.01097e-08 0.999612

  IndexToPointMatrix: 
-0.997527 0.0645574 -0.0278053
-0.0645323 -0.997914 -0.00179875
-0.0278634 4.01097e-08 0.999612

  PointToIndexMatrix: 
-0.997527 -0.0645323 -0.0278634
0.0645574 -0.997914 4.01049e-08
-0.0278053 -0.00179875 0.999612

  Inverse Direction: 
-0.997527 -0.0645323 -0.0278634
0.0645574 -0.997914 4.01049e-08
-0.0278053 -0.00179875 0.999612

  PixelContainer: 
    ImportImageContainer (0x55a4d2f10bc0)
      RTTI typeinfo:   itk::ImportImageContainer<unsigned long, double>
      Reference Count: 1
      Modified Time: 2140
      Debug: Off
      Object Name: 
      Observers: 
        none
      Pointer: 0x7f6d49191010
      Container manages memory: true
      Size: 9830400
      Capacity: 9830400

     Weighting = 1
     Sampling strategy = regular
     Number of bins = 32
     Radius = 4
     Sampling percentage  = 0.25
   Transform = Affine
     Gradient step = 0.1
     Update field sigma (voxel space) = 0
     Total field sigma (voxel space) = 0
     Update field time sigma = 0
     Total field time sigma  = 0
     Number of time indices = 0
     Number of time point samples = 0
Stage 3 State
   Image metric = CC
     Fixed image = Image (0x55a4d2f0f710)
  RTTI typeinfo:   itk::Image<double, 3u>
  Reference Count: 2
  Modified Time: 2573
  Debug: Off
  Object Name: 
  Observers: 
    none
  Source: (none)
  Source output name: (none)
  Release Data: Off
  Data Released: False
  Global Release Data: Off
  PipelineMTime: 0
  UpdateMTime: 2358
  RealTimeStamp: 0 seconds 
  LargestPossibleRegion: 
    Dimension: 3
    Index: [0, 0, 0]
    Size: [193, 229, 193]
  BufferedRegion: 
    Dimension: 3
    Index: [0, 0, 0]
    Size: [193, 229, 193]
  RequestedRegion: 
    Dimension: 3
    Index: [0, 0, 0]
    Size: [193, 229, 193]
  Spacing: [1, 1, 1]
  Origin: [96, 132, -78]
  Direction: 
-1 0 0
0 -1 0
0 0 1

  IndexToPointMatrix: 
-1 0 0
0 -1 0
0 0 1

  PointToIndexMatrix: 
-1 0 0
0 -1 0
0 0 1

  Inverse Direction: 
-1 0 0
0 -1 0
0 0 1

  PixelContainer: 
    ImportImageContainer (0x55a4d2f9a1f0)
      RTTI typeinfo:   itk::ImportImageContainer<unsigned long, double>
      Reference Count: 1
      Modified Time: 2355
      Debug: Off
      Object Name: 
      Observers: 
        none
      Pointer: 0x7f6d4507c010
      Container manages memory: true
      Size: 8530021
      Capacity: 8530021

     Moving image = Image (0x55a4d2f808f0)
  RTTI typeinfo:   itk::Image<double, 3u>
  Reference Count: 2
  Modified Time: 2574
  Debug: Off
  Object Name: 
  Observers: 
    none
  Source: (none)
  Source output name: (none)
  Release Data: Off
  Data Released: False
  Global Release Data: Off
  PipelineMTime: 0
  UpdateMTime: 2571
  RealTimeStamp: 0 seconds 
  LargestPossibleRegion: 
    Dimension: 3
    Index: [0, 0, 0]
    Size: [160, 240, 256]
  BufferedRegion: 
    Dimension: 3
    Index: [0, 0, 0]
    Size: [160, 240, 256]
  RequestedRegion: 
    Dimension: 3
    Index: [0, 0, 0]
    Size: [160, 240, 256]
  Spacing: [1, 1, 1]
  Origin: [73.279, 104.707, -131.187]
  Direction: 
-0.997527 0.0645574 -0.0278053
-0.0645323 -0.997914 -0.00179875
-0.0278634 4.01097e-08 0.999612

  IndexToPointMatrix: 
-0.997527 0.0645574 -0.0278053
-0.0645323 -0.997914 -0.00179875
-0.0278634 4.01097e-08 0.999612

  PointToIndexMatrix: 
-0.997527 -0.0645323 -0.0278634
0.0645574 -0.997914 4.01049e-08
-0.0278053 -0.00179875 0.999612

  Inverse Direction: 
-0.997527 -0.0645323 -0.0278634
0.0645574 -0.997914 4.01049e-08
-0.0278053 -0.00179875 0.999612

  PixelContainer: 
    ImportImageContainer (0x55a4d2f32910)
      RTTI typeinfo:   itk::ImportImageContainer<unsigned long, double>
      Reference Count: 1
      Modified Time: 2568
      Debug: Off
      Object Name: 
      Observers: 
        none
      Pointer: 0x7f6d4057b010
      Container manages memory: true
      Size: 9830400
      Capacity: 9830400

     Weighting = 1
     Sampling strategy = none
     Number of bins = 32
     Radius = 4
     Sampling percentage  = 1
   Transform = SyN
     Gradient step = 0.1
     Update field sigma (voxel space) = 3
     Total field sigma (voxel space) = 0
     Update field time sigma = 0
     Total field time sigma  = 0
     Number of time indices = 0
     Number of time point samples = 0
Registration using 3 total stages.

Stage 0
  iterations = 1000x500x250x100
  convergence threshold = 1e-06
  convergence window size = 10
  number of levels = 4
  using the Mattes MI metric (number of bins = 32, weight = 1, use gradient filter = 0)
  preprocessing:  winsorizing the image intensities
  Shrink factors (level 1 out of 4): [8, 8, 8]
  Shrink factors (level 2 out of 4): [4, 4, 4]
  Shrink factors (level 3 out of 4): [2, 2, 2]
  Shrink factors (level 4 out of 4): [1, 1, 1]
  smoothing sigmas per level: [3, 2, 1, 0]
  regular sampling (percentage = 0.25)

*** Running Euler3DTransform registration ***

DIAGNOSTIC,Iteration,metricValue,convergenceValue,ITERATION_TIME_INDEX,SINCE_LAST
 2DIAGNOSTIC,     1, -5.690044094159e-01, 1.797693134862e+308, 1.4042e-01, 1.4042e-01, 
 2DIAGNOSTIC,     2, -5.715629034679e-01, 1.797693134862e+308, 1.4601e-01, 5.5950e-03, 
 2DIAGNOSTIC,     3, -5.751227799318e-01, 1.797693134862e+308, 1.5155e-01, 5.5401e-03, 
 2DIAGNOSTIC,     4, -5.823546253627e-01, 1.797693134862e+308, 1.5721e-01, 5.6551e-03, 
 2DIAGNOSTIC,     5, -5.955009382023e-01, 1.797693134862e+308, 1.6271e-01, 5.5029e-03, 
 2DIAGNOSTIC,     6, -6.207159054038e-01, 1.797693134862e+308, 1.6819e-01, 5.4810e-03, 
 2DIAGNOSTIC,     7, -6.536482997794e-01, 1.797693134862e+308, 1.7461e-01, 6.4220e-03, 
 2DIAGNOSTIC,     8, -6.560593578627e-01, 1.797693134862e+308, 1.8108e-01, 6.4631e-03, 
 2DIAGNOSTIC,     9, -6.562178006959e-01, 1.797693134862e+308, 1.8728e-01, 6.2041e-03, 
 2DIAGNOSTIC,    10, -6.563542368199e-01, 1.184023862327e-02, 1.9569e-01, 8.4109e-03, 
 2DIAGNOSTIC,    11, -6.564259246833e-01, 1.010289187239e-02, 2.0182e-01, 6.1321e-03, 
 2DIAGNOSTIC,    12, -6.565392832202e-01, 7.855225506862e-03, 2.1406e-01, 1.2235e-02, 
 2DIAGNOSTIC,    13, -6.566621281997e-01, 5.401728244407e-03, 2.2472e-01, 1.0660e-02, 
 2DIAGNOSTIC,    14, -6.567348708603e-01, 3.078918052511e-03, 2.3245e-01, 7.7260e-03, 
 2DIAGNOSTIC,    15, -6.569011642811e-01, 1.192987069649e-03, 2.4046e-01, 8.0121e-03, 
 2DIAGNOSTIC,    16, -6.569187241665e-01, 1.298768956910e-04, 2.4939e-01, 8.9290e-03, 
 2DIAGNOSTIC,    17, -6.568319079192e-01, 5.314046039216e-05, 2.5803e-01, 8.6479e-03, 
 2DIAGNOSTIC,    18, -6.568322784579e-01, 4.072731369704e-05, 2.6470e-01, 6.6671e-03, 
 2DIAGNOSTIC,    19, -6.568326530990e-01, 2.971646354911e-05, 2.7122e-01, 6.5210e-03, 
 2DIAGNOSTIC,    20, -6.568343200354e-01, 2.026549412455e-05, 2.7778e-01, 6.5589e-03, 
 2DIAGNOSTIC,    21, -6.568398975841e-01, 1.162962771321e-05, 2.8400e-01, 6.2232e-03, 
 2DIAGNOSTIC,    22, -6.568615383149e-01, 5.628670948173e-06, 2.9069e-01, 6.6900e-03, 
DIAGNOSTIC,Iteration,metricValue,convergenceValue,ITERATION_TIME_INDEX,SINCE_LAST
 2DIAGNOSTIC,     1, -5.197735968237e-01, 1.797693134862e+308, 4.3864e-01, 1.4795e-01, 
 2DIAGNOSTIC,     2, -5.202069038567e-01, 1.797693134862e+308, 4.7736e-01, 3.8722e-02, 
 2DIAGNOSTIC,     3, -5.205962972789e-01, 1.797693134862e+308, 5.0743e-01, 3.0067e-02, 
 2DIAGNOSTIC,     4, -5.211970122859e-01, 1.797693134862e+308, 5.2268e-01, 1.5253e-02, 
 2DIAGNOSTIC,     5, -5.220131647542e-01, 1.797693134862e+308, 5.3657e-01, 1.3886e-02, 
 2DIAGNOSTIC,     6, -5.233476246776e-01, 1.797693134862e+308, 5.4738e-01, 1.0809e-02, 
 2DIAGNOSTIC,     7, -5.262152174805e-01, 1.797693134862e+308, 5.6125e-01, 1.3870e-02, 
 2DIAGNOSTIC,     8, -5.277750932761e-01, 1.797693134862e+308, 5.7436e-01, 1.3109e-02, 
 2DIAGNOSTIC,     9, -5.287256517453e-01, 1.797693134862e+308, 5.8302e-01, 8.6629e-03, 
 2DIAGNOSTIC,    10, -5.296835529815e-01, 1.356850340085e-03, 5.9146e-01, 8.4429e-03, 
 2DIAGNOSTIC,    11, -5.309586782853e-01, 1.339608305240e-03, 6.0107e-01, 9.6111e-03, 
 2DIAGNOSTIC,    12, -5.314513618316e-01, 1.244531724415e-03, 6.1153e-01, 1.0460e-02, 
 2DIAGNOSTIC,    13, -5.319594291654e-01, 1.089072184777e-03, 6.2134e-01, 9.8031e-03, 
 2DIAGNOSTIC,    14, -5.329743692248e-01, 9.206768219416e-04, 6.2954e-01, 8.2011e-03, 
 2DIAGNOSTIC,    15, -5.353543242089e-01, 8.053363292626e-04, 6.3897e-01, 9.4368e-03, 
 2DIAGNOSTIC,    16, -5.368854279694e-01, 7.233182840661e-04, 6.4794e-01, 8.9650e-03, 
 2DIAGNOSTIC,    17, -5.383887261962e-01, 7.220623361897e-04, 6.5811e-01, 1.0173e-02, 
 2DIAGNOSTIC,    18, -5.388425106873e-01, 7.147502676942e-04, 6.7159e-01, 1.3480e-02, 
 2DIAGNOSTIC,    19, -5.389193738597e-01, 6.712005369041e-04, 6.8007e-01, 8.4789e-03, 
 2DIAGNOSTIC,    20, -5.391180244436e-01, 5.997528042475e-04, 6.8794e-01, 7.8690e-03, 
 2DIAGNOSTIC,    21, -5.392970061388e-01, 5.159155778625e-04, 6.9803e-01, 1.0087e-02, 
 2DIAGNOSTIC,    22, -5.394244055255e-01, 4.069822106515e-04, 7.0717e-01, 9.1438e-03, 
 2DIAGNOSTIC,    23, -5.395065997292e-01, 2.837892043162e-04, 7.1518e-01, 8.0059e-03, 
 2DIAGNOSTIC,    24, -5.396578136640e-01, 1.699553743909e-04, 7.2305e-01, 7.8731e-03, 
 2DIAGNOSTIC,    25, -5.410871815905e-01, 1.304660518237e-04, 7.3540e-01, 1.2353e-02, 
 2DIAGNOSTIC,    26, -5.413718290854e-01, 1.176147304705e-04, 7.4297e-01, 7.5650e-03, 
 2DIAGNOSTIC,    27, -5.415230307041e-01, 1.274757858156e-04, 7.5177e-01, 8.8050e-03, 
 2DIAGNOSTIC,    28, -5.416548204901e-01, 1.363119265483e-04, 7.6030e-01, 8.5220e-03, 
 2DIAGNOSTIC,    29, -5.423514333545e-01, 1.458552244422e-04, 7.6869e-01, 8.3971e-03, 
 2DIAGNOSTIC,    30, -5.430425936432e-01, 1.560905086638e-04, 7.8077e-01, 1.2077e-02, 
 2DIAGNOSTIC,    31, -5.436854948342e-01, 1.647528847697e-04, 7.9069e-01, 9.9208e-03, 
 2DIAGNOSTIC,    32, -5.438738371158e-01, 1.629408877616e-04, 7.9869e-01, 7.9951e-03, 
 2DIAGNOSTIC,    33, -5.449814159438e-01, 1.654687823323e-04, 8.0772e-01, 9.0392e-03, 
 2DIAGNOSTIC,    34, -5.452388659810e-01, 1.575474540436e-04, 8.1782e-01, 1.0099e-02, 
 2DIAGNOSTIC,    35, -5.452979681696e-01, 1.576263955565e-04, 8.2688e-01, 9.0570e-03, 
 2DIAGNOSTIC,    36, -5.453067414384e-01, 1.473394273056e-04, 8.3760e-01, 1.0719e-02, 
 2DIAGNOSTIC,    37, -5.453308895206e-01, 1.263580357298e-04, 8.4758e-01, 9.9769e-03, 
 2DIAGNOSTIC,    38, -5.453221501110e-01, 9.597758003493e-05, 8.5762e-01, 1.0043e-02, 
 2DIAGNOSTIC,    39, -5.453250473399e-01, 6.739702167971e-05, 8.6662e-01, 8.9970e-03, 
 2DIAGNOSTIC,    40, -5.453215109559e-01, 4.303477672970e-05, 8.7710e-01, 1.0487e-02, 
 2DIAGNOSTIC,    41, -5.453188538815e-01, 2.427510687641e-05, 8.8632e-01, 9.2180e-03, 
 2DIAGNOSTIC,    42, -5.453221827509e-01, 6.244354542915e-06, 8.9585e-01, 9.5270e-03, 
 2DIAGNOSTIC,    43, -5.453105223219e-01, 1.950442983178e-06, 9.0575e-01, 9.8999e-03, 
DIAGNOSTIC,Iteration,metricValue,convergenceValue,ITERATION_TIME_INDEX,SINCE_LAST
 2DIAGNOSTIC,     1, -4.849232232532e-01, 1.797693134862e+308, 1.2477e+00, 3.4197e-01, 
 2DIAGNOSTIC,     2, -4.850932198454e-01, 1.797693134862e+308, 1.3136e+00, 6.5859e-02, 
 2DIAGNOSTIC,     3, -4.853062310928e-01, 1.797693134862e+308, 1.3599e+00, 4.6331e-02, 
 2DIAGNOSTIC,     4, -4.854550921774e-01, 1.797693134862e+308, 1.4098e+00, 4.9896e-02, 
 2DIAGNOSTIC,     5, -4.855082555614e-01, 1.797693134862e+308, 1.4500e+00, 4.0234e-02, 
 2DIAGNOSTIC,     6, -4.857211161830e-01, 1.797693134862e+308, 1.4962e+00, 4.6133e-02, 
 2DIAGNOSTIC,     7, -4.858975975834e-01, 1.797693134862e+308, 1.5332e+00, 3.7048e-02, 
 2DIAGNOSTIC,     8, -4.863620391396e-01, 1.797693134862e+308, 1.5713e+00, 3.8119e-02, 
 2DIAGNOSTIC,     9, -4.904202326951e-01, 1.797693134862e+308, 1.6078e+00, 3.6436e-02, 
 2DIAGNOSTIC,    10, -4.967027082718e-01, 1.019248565220e-03, 1.6656e+00, 5.7845e-02, 
 2DIAGNOSTIC,    11, -4.982964682112e-01, 1.435815841903e-03, 1.7052e+00, 3.9563e-02, 
 2DIAGNOSTIC,    12, -4.989274250588e-01, 1.696215024943e-03, 1.7477e+00, 4.2509e-02, 
 2DIAGNOSTIC,    13, -4.996630067685e-01, 1.808817024763e-03, 1.8013e+00, 5.3646e-02, 
 2DIAGNOSTIC,    14, -5.010380795184e-01, 1.800700876723e-03, 1.8413e+00, 3.9945e-02, 
 2DIAGNOSTIC,    15, -5.019677633096e-01, 1.661880820888e-03, 1.8861e+00, 4.4860e-02, 
 2DIAGNOSTIC,    16, -5.032524776725e-01, 1.443159934320e-03, 1.9296e+00, 4.3409e-02, 
 2DIAGNOSTIC,    17, -5.087992364634e-01, 1.315417038318e-03, 1.9710e+00, 4.1429e-02, 
 2DIAGNOSTIC,    18, -5.146623587254e-01, 1.277358555719e-03, 2.0176e+00, 4.6665e-02, 
 2DIAGNOSTIC,    19, -5.147381273934e-01, 1.242477442900e-03, 2.0616e+00, 4.3948e-02, 
 2DIAGNOSTIC,    20, -5.147379259983e-01, 1.279060409351e-03, 2.1049e+00, 4.3330e-02, 
 2DIAGNOSTIC,    21, -5.147519682730e-01, 1.238735611976e-03, 2.1461e+00, 4.1138e-02, 
 2DIAGNOSTIC,    22, -5.147578238312e-01, 1.100561522984e-03, 2.1890e+00, 4.2951e-02, 
 2DIAGNOSTIC,    23, -5.148083776872e-01, 8.884248722948e-04, 2.2270e+00, 3.7983e-02, 
 2DIAGNOSTIC,    24, -5.149133042170e-01, 6.478606530141e-04, 2.2661e+00, 3.9088e-02, 
 2DIAGNOSTIC,    25, -5.150636267507e-01, 3.938256736306e-04, 2.3082e+00, 4.2074e-02, 
 2DIAGNOSTIC,    26, -5.153445547367e-01, 1.552437702545e-04, 2.3742e+00, 6.6053e-02, 
 2DIAGNOSTIC,    27, -5.153430488857e-01, 3.319244868744e-05, 2.4302e+00, 5.6021e-02, 
 2DIAGNOSTIC,    28, -5.153433203739e-01, 3.576263431834e-05, 2.4807e+00, 5.0461e-02, 
 2DIAGNOSTIC,    29, -5.153425815832e-01, 3.639577471314e-05, 2.5247e+00, 4.4000e-02, 
 2DIAGNOSTIC,    30, -5.153406721938e-01, 3.354791600074e-05, 2.5620e+00, 3.7257e-02, 
 2DIAGNOSTIC,    31, -5.153459590937e-01, 2.811395270855e-05, 2.6052e+00, 4.3268e-02, 
 2DIAGNOSTIC,    32, -5.153475364259e-01, 2.061484190836e-05, 2.6469e+00, 4.1665e-02, 
 2DIAGNOSTIC,    33, -5.153463541085e-01, 1.262496070153e-05, 2.7002e+00, 5.3278e-02, 
 2DIAGNOSTIC,    34, -5.153456354192e-01, 5.726160935249e-06, 2.7431e+00, 4.2984e-02, 
 2DIAGNOSTIC,    35, -5.153448665646e-01, 1.055494814783e-06, 2.7816e+00, 3.8410e-02, 
 2DIAGNOSTIC,    36, -5.153441658893e-01, 1.019875607199e-06, 2.8181e+00, 3.6494e-02, 
DIAGNOSTIC,Iteration,metricValue,convergenceValue,ITERATION_TIME_INDEX,SINCE_LAST
 2DIAGNOSTIC,     1, -4.713822512813e-01, 1.797693134862e+308, 3.6810e+00, 8.6299e-01, 
 2DIAGNOSTIC,     2, -4.714301036889e-01, 1.797693134862e+308, 3.9118e+00, 2.3074e-01, 
 2DIAGNOSTIC,     3, -4.714380231974e-01, 1.797693134862e+308, 4.1346e+00, 2.2284e-01, 
 2DIAGNOSTIC,     4, -4.714408165802e-01, 1.797693134862e+308, 4.3527e+00, 2.1805e-01, 
 2DIAGNOSTIC,     5, -4.714451941690e-01, 1.797693134862e+308, 4.5564e+00, 2.0370e-01, 
 2DIAGNOSTIC,     6, -4.714466390453e-01, 1.797693134862e+308, 4.7792e+00, 2.2284e-01, 
 2DIAGNOSTIC,     7, -4.714577342889e-01, 1.797693134862e+308, 4.9812e+00, 2.0203e-01, 
 2DIAGNOSTIC,     8, -4.714812531339e-01, 1.797693134862e+308, 5.1813e+00, 2.0005e-01, 
 2DIAGNOSTIC,     9, -4.715304917041e-01, 1.797693134862e+308, 5.5443e+00, 3.6299e-01, 
 2DIAGNOSTIC,    10, -4.715301086459e-01, 1.970115274011e-05, 5.7684e+00, 2.2409e-01, 
 2DIAGNOSTIC,    11, -4.715296515418e-01, 1.722967513069e-05, 6.0004e+00, 2.3202e-01, 
 2DIAGNOSTIC,    12, -4.715296053984e-01, 1.630664165601e-05, 6.2933e+00, 2.9290e-01, 
 2DIAGNOSTIC,    13, -4.715295435819e-01, 1.462744883504e-05, 6.5128e+00, 2.1949e-01, 
 2DIAGNOSTIC,    14, -4.715293011330e-01, 1.215507021482e-05, 6.7528e+00, 2.3998e-01, 
 2DIAGNOSTIC,    15, -4.715291381368e-01, 9.291754194812e-06, 6.9813e+00, 2.2857e-01, 
 2DIAGNOSTIC,    16, -4.715288909570e-01, 6.203263917662e-06, 7.2139e+00, 2.3256e-01, 
 2DIAGNOSTIC,    17, -4.715288336531e-01, 3.478565171321e-06, 7.4491e+00, 2.3521e-01, 
 2DIAGNOSTIC,    18, -4.715288598293e-01, 1.648886884732e-06, 7.6912e+00, 2.4208e-01, 
 2DIAGNOSTIC,    19, -4.715285068694e-01, 1.573868149890e-06, 7.9039e+00, 2.1271e-01, 
 2DIAGNOSTIC,    20, -4.715285344042e-01, 1.505744499364e-06, 8.1313e+00, 2.2745e-01, 
 2DIAGNOSTIC,    21, -4.715284594568e-01, 1.436657679675e-06, 8.3391e+00, 2.0778e-01, 
 2DIAGNOSTIC,    22, -4.715283946759e-01, 1.377969918739e-06, 8.5448e+00, 2.0569e-01, 
 2DIAGNOSTIC,    23, -4.715283460340e-01, 1.327946886689e-06, 8.7740e+00, 2.2916e-01, 
 2DIAGNOSTIC,    24, -4.715284792772e-01, 1.284670605083e-06, 8.9765e+00, 2.0249e-01, 
 2DIAGNOSTIC,    25, -4.715284554592e-01, 1.244246580989e-06, 9.2030e+00, 2.2652e-01, 
 2DIAGNOSTIC,    26, -4.715283183248e-01, 1.200656385467e-06, 9.4335e+00, 2.3051e-01, 
 2DIAGNOSTIC,    27, -4.715281627337e-01, 1.157759510415e-06, 9.6386e+00, 2.0508e-01, 
 2DIAGNOSTIC,    28, -4.715281218128e-01, 1.119801064334e-06, 9.8386e+00, 2.0001e-01, 
 2DIAGNOSTIC,    29, -4.715280293210e-01, 1.076584485525e-06, 1.0063e+01, 2.2438e-01, 
 2DIAGNOSTIC,    30, -4.715280024442e-01, 1.038200185904e-06, 1.0332e+01, 2.6902e-01, 
  Elapsed time (stage 0): 1.0565e+01


Stage 1
  iterations = 1000x500x250x100
  convergence threshold = 1.0000e-06
  convergence window size = 10
  number of levels = 4
  using the Mattes MI metric (number of bins = 32, weight = 1.0000e+00, use gradient filter = 0)
  preprocessing:  winsorizing the image intensities
  Shrink factors (level 1 out of 4): [8, 8, 8]
  Shrink factors (level 2 out of 4): [4, 4, 4]
  Shrink factors (level 3 out of 4): [2, 2, 2]
  Shrink factors (level 4 out of 4): [1, 1, 1]
  smoothing sigmas per level: [3, 2, 1, 0]
  regular sampling (percentage = 2.5000e-01)

*** Running AffineTransform registration ***

DIAGNOSTIC,Iteration,metricValue,convergenceValue,ITERATION_TIME_INDEX,SINCE_LAST
 2DIAGNOSTIC,     1, -7.082361094755e-01, 1.797693134862e+308, 1.1592e-01, 1.1592e-01, 
 2DIAGNOSTIC,     2, -7.102549249343e-01, 1.797693134862e+308, 1.2279e-01, 6.8622e-03, 
 2DIAGNOSTIC,     3, -7.130646626656e-01, 1.797693134862e+308, 1.2969e-01, 6.9001e-03, 
 2DIAGNOSTIC,     4, -7.168027337433e-01, 1.797693134862e+308, 1.3604e-01, 6.3550e-03, 
 2DIAGNOSTIC,     5, -7.223045283883e-01, 1.797693134862e+308, 1.4224e-01, 6.1951e-03, 
 2DIAGNOSTIC,     6, -7.280329127357e-01, 1.797693134862e+308, 1.5048e-01, 8.2431e-03, 
 2DIAGNOSTIC,     7, -7.522544119079e-01, 1.797693134862e+308, 1.6128e-01, 1.0797e-02, 
 2DIAGNOSTIC,     8, -7.562428386489e-01, 1.797693134862e+308, 1.6982e-01, 8.5480e-03, 
 2DIAGNOSTIC,     9, -7.576466717549e-01, 1.797693134862e+308, 1.7766e-01, 7.8309e-03, 
 2DIAGNOSTIC,    10, -7.581181632602e-01, 5.401613186857e-03, 1.8696e-01, 9.3031e-03, 
 2DIAGNOSTIC,    11, -7.596416614972e-01, 4.829750908189e-03, 1.9849e-01, 1.1533e-02, 
 2DIAGNOSTIC,    12, -7.597712120354e-01, 3.980527568942e-03, 2.0687e-01, 8.3740e-03, 
 2DIAGNOSTIC,    13, -7.598888157180e-01, 2.991373596920e-03, 2.1422e-01, 7.3569e-03, 
 2DIAGNOSTIC,    14, -7.599177314002e-01, 1.987617958580e-03, 2.2107e-01, 6.8481e-03, 
 2DIAGNOSTIC,    15, -7.600001252334e-01, 1.087302809609e-03, 2.2798e-01, 6.9051e-03, 
 2DIAGNOSTIC,    16, -7.602384545515e-01, 3.299275430737e-04, 2.3436e-01, 6.3829e-03, 
 2DIAGNOSTIC,    17, -7.605439809754e-01, 1.825378606114e-04, 2.4163e-01, 7.2701e-03, 
 2DIAGNOSTIC,    18, -7.608297933309e-01, 1.254812241602e-04, 2.4802e-01, 6.3879e-03, 
 2DIAGNOSTIC,    19, -7.610116080887e-01, 9.502328897135e-05, 2.5434e-01, 6.3250e-03, 
 2DIAGNOSTIC,    20, -7.613312259031e-01, 7.332109661827e-05, 2.6239e-01, 8.0519e-03, 
 2DIAGNOSTIC,    21, -7.614048570718e-01, 7.581342695106e-05, 2.6851e-01, 6.1140e-03, 
 2DIAGNOSTIC,    22, -7.620221100566e-01, 8.397566970953e-05, 2.7620e-01, 7.6921e-03, 
 2DIAGNOSTIC,    23, -7.628864246498e-01, 9.967718420274e-05, 2.8586e-01, 9.6619e-03, 
 2DIAGNOSTIC,    24, -7.631494215719e-01, 1.092034752541e-04, 2.9269e-01, 6.8271e-03, 
 2DIAGNOSTIC,    25, -7.631843956095e-01, 1.097365979717e-04, 3.1069e-01, 1.8003e-02, 
 2DIAGNOSTIC,    26, -7.631748410087e-01, 1.035030698509e-04, 3.1800e-01, 7.3090e-03, 
 2DIAGNOSTIC,    27, -7.633617189508e-01, 9.488130320816e-05, 3.2532e-01, 7.3152e-03, 
 2DIAGNOSTIC,    28, -7.635486085351e-01, 8.413238575077e-05, 3.3361e-01, 8.2991e-03, 
 2DIAGNOSTIC,    29, -7.635981478827e-01, 6.920067030070e-05, 3.4050e-01, 6.8841e-03, 
 2DIAGNOSTIC,    30, -7.635639374896e-01, 5.271606271570e-05, 3.4745e-01, 6.9530e-03, 
 2DIAGNOSTIC,    31, -7.636807235332e-01, 3.475740241242e-05, 3.5463e-01, 7.1819e-03, 
 2DIAGNOSTIC,    32, -7.638795003715e-01, 2.404588226748e-05, 3.6350e-01, 8.8670e-03, 
 2DIAGNOSTIC,    33, -7.641178774528e-01, 2.423655826780e-05, 3.7063e-01, 7.1290e-03, 
 2DIAGNOSTIC,    34, -7.644160760612e-01, 2.841353320788e-05, 3.7732e-01, 6.6931e-03, 
 2DIAGNOSTIC,    35, -7.651555154189e-01, 3.811630984372e-05, 3.8751e-01, 1.0186e-02, 
 2DIAGNOSTIC,    36, -7.654757262832e-01, 4.679433438304e-05, 3.9888e-01, 1.1367e-02, 
 2DIAGNOSTIC,    37, -7.655218709177e-01, 5.294787677174e-05, 4.0625e-01, 7.3709e-03, 
 2DIAGNOSTIC,    38, -7.655494566991e-01, 5.602775512620e-05, 4.1323e-01, 6.9859e-03, 
 2DIAGNOSTIC,    39, -7.656550709006e-01, 5.520652447195e-05, 4.2122e-01, 7.9892e-03, 
 2DIAGNOSTIC,    40, -7.657369483442e-01, 4.956115141795e-05, 4.2927e-01, 8.0500e-03, 
 2DIAGNOSTIC,    41, -7.657208302824e-01, 4.040404440117e-05, 4.3842e-01, 9.1469e-03, 
 2DIAGNOSTIC,    42, -7.656731622742e-01, 2.934906114700e-05, 4.4645e-01, 8.0290e-03, 
 2DIAGNOSTIC,    43, -7.655500521335e-01, 1.715479976946e-05, 4.5491e-01, 8.4581e-03, 
 2DIAGNOSTIC,    44, -7.655686423924e-01, 6.522771238866e-06, 4.6363e-01, 8.7252e-03, 
 2DIAGNOSTIC,    45, -7.657309302179e-01, 3.239662360294e-06, 4.7253e-01, 8.9018e-03, 
 2DIAGNOSTIC,    46, -7.658127346130e-01, 3.097555998199e-06, 4.8213e-01, 9.5940e-03, 
 2DIAGNOSTIC,    47, -7.657742342480e-01, 2.817688539145e-06, 4.9006e-01, 7.9298e-03, 
 2DIAGNOSTIC,    48, -7.657248947860e-01, 2.211318716517e-06, 4.9729e-01, 7.2370e-03, 
 2DIAGNOSTIC,    49, -7.657152790740e-01, 2.206353604227e-06, 5.0447e-01, 7.1800e-03, 
 2DIAGNOSTIC,    50, -7.658743807545e-01, 3.815489021539e-06, 5.1143e-01, 6.9571e-03, 
 2DIAGNOSTIC,    51, -7.659949593818e-01, 5.772759481278e-06, 5.2072e-01, 9.2909e-03, 
 2DIAGNOSTIC,    52, -7.662423794711e-01, 8.639512463198e-06, 5.2959e-01, 8.8680e-03, 
 2DIAGNOSTIC,    53, -7.663141536031e-01, 1.026918047186e-05, 5.4027e-01, 1.0684e-02, 
 2DIAGNOSTIC,    54, -7.669168546951e-01, 1.521292250638e-05, 5.4876e-01, 8.4910e-03, 
 2DIAGNOSTIC,    55, -7.669511453782e-01, 1.978137279202e-05, 5.5820e-01, 9.4349e-03, 
 2DIAGNOSTIC,    56, -7.669731922340e-01, 2.306445010762e-05, 5.6579e-01, 7.5932e-03, 
 2DIAGNOSTIC,    57, -7.668907291031e-01, 2.333154862237e-05, 5.7407e-01, 8.2791e-03, 
 2DIAGNOSTIC,    58, -7.669057619650e-01, 2.119847930262e-05, 5.8733e-01, 1.3261e-02, 
 2DIAGNOSTIC,    59, -7.669168925917e-01, 1.709547472768e-05, 5.9810e-01, 1.0767e-02, 
 2DIAGNOSTIC,    60, -7.668915590058e-01, 1.235093786913e-05, 6.0834e-01, 1.0241e-02, 
 2DIAGNOSTIC,    61, -7.668459888071e-01, 7.115231264964e-06, 6.1720e-01, 8.8611e-03, 
 2DIAGNOSTIC,    62, -7.668543253718e-01, 3.010215609878e-06, 6.2757e-01, 1.0364e-02, 
DIAGNOSTIC,Iteration,metricValue,convergenceValue,ITERATION_TIME_INDEX,SINCE_LAST
 2DIAGNOSTIC,     1, -6.076237598451e-01, 1.797693134862e+308, 7.7476e-01, 1.4720e-01, 
 2DIAGNOSTIC,     2, -6.078567795927e-01, 1.797693134862e+308, 7.9061e-01, 1.5848e-02, 
 2DIAGNOSTIC,     3, -6.078756957340e-01, 1.797693134862e+308, 8.1034e-01, 1.9728e-02, 
 2DIAGNOSTIC,     4, -6.078602362354e-01, 1.797693134862e+308, 8.2884e-01, 1.8502e-02, 
 2DIAGNOSTIC,     5, -6.078559954448e-01, 1.797693134862e+308, 8.4042e-01, 1.1577e-02, 
 2DIAGNOSTIC,     6, -6.078526672721e-01, 1.797693134862e+308, 8.5147e-01, 1.1053e-02, 
 2DIAGNOSTIC,     7, -6.078503466049e-01, 1.797693134862e+308, 8.6431e-01, 1.2838e-02, 
 2DIAGNOSTIC,     8, -6.078524599369e-01, 1.797693134862e+308, 8.8177e-01, 1.7456e-02, 
 2DIAGNOSTIC,     9, -6.078229532326e-01, 1.797693134862e+308, 9.0224e-01, 2.0475e-02, 
 2DIAGNOSTIC,    10, -6.078183264992e-01, 9.892612636869e-06, 9.2319e-01, 2.0946e-02, 
DIAGNOSTIC,Iteration,metricValue,convergenceValue,ITERATION_TIME_INDEX,SINCE_LAST
 2DIAGNOSTIC,     1, -5.407648952701e-01, 1.797693134862e+308, 1.1909e+00, 2.6770e-01, 
 2DIAGNOSTIC,     2, -5.413307566581e-01, 1.797693134862e+308, 1.2394e+00, 4.8557e-02, 
 2DIAGNOSTIC,     3, -5.419957450316e-01, 1.797693134862e+308, 1.2927e+00, 5.3278e-02, 
 2DIAGNOSTIC,     4, -5.428291301284e-01, 1.797693134862e+308, 1.3480e+00, 5.5252e-02, 
 2DIAGNOSTIC,     5, -5.436167181286e-01, 1.797693134862e+308, 1.4001e+00, 5.2102e-02, 
 2DIAGNOSTIC,     6, -5.446996452174e-01, 1.797693134862e+308, 1.4547e+00, 5.4602e-02, 
 2DIAGNOSTIC,     7, -5.453271485484e-01, 1.797693134862e+308, 1.5108e+00, 5.6159e-02, 
 2DIAGNOSTIC,     8, -5.455369750637e-01, 1.797693134862e+308, 1.5967e+00, 8.5862e-02, 
 2DIAGNOSTIC,     9, -5.458123990555e-01, 1.797693134862e+308, 1.6580e+00, 6.1304e-02, 
 2DIAGNOSTIC,    10, -5.465233650848e-01, 7.089520476094e-04, 1.7111e+00, 5.3084e-02, 
 2DIAGNOSTIC,    11, -5.467031143756e-01, 5.927833437197e-04, 1.7680e+00, 5.6945e-02, 
 2DIAGNOSTIC,    12, -5.468889308605e-01, 4.757222605109e-04, 1.8347e+00, 6.6631e-02, 
 2DIAGNOSTIC,    13, -5.472528049316e-01, 3.755297308544e-04, 1.9065e+00, 7.1823e-02, 
 2DIAGNOSTIC,    14, -5.474411521425e-01, 2.934395956300e-04, 1.9608e+00, 5.4337e-02, 
 2DIAGNOSTIC,    15, -5.483404479481e-01, 2.532914989105e-04, 2.0185e+00, 5.7698e-02, 
 2DIAGNOSTIC,    16, -5.487081866982e-01, 2.412830396409e-04, 2.0703e+00, 5.1808e-02, 
 2DIAGNOSTIC,    17, -5.492642880025e-01, 2.451561378037e-04, 2.1284e+00, 5.8090e-02, 
 2DIAGNOSTIC,    18, -5.502372934686e-01, 2.603074969981e-04, 2.1839e+00, 5.5445e-02, 
 2DIAGNOSTIC,    19, -5.538823668112e-01, 3.561398613509e-04, 2.2489e+00, 6.5002e-02, 
 2DIAGNOSTIC,    20, -5.543223828782e-01, 4.367144422832e-04, 2.3082e+00, 5.9360e-02, 
 2DIAGNOSTIC,    21, -5.544134066181e-01, 4.766330574828e-04, 2.3618e+00, 5.3539e-02, 
 2DIAGNOSTIC,    22, -5.544699182937e-01, 4.755401534702e-04, 2.4175e+00, 5.5757e-02, 
 2DIAGNOSTIC,    23, -5.545975398358e-01, 4.409802452571e-04, 2.4696e+00, 5.2109e-02, 
 2DIAGNOSTIC,    24, -5.550669018384e-01, 3.806117249618e-04, 2.5326e+00, 6.2954e-02, 
 2DIAGNOSTIC,    25, -5.557130931493e-01, 3.211480716557e-04, 2.6082e+00, 7.5586e-02, 
 2DIAGNOSTIC,    26, -5.557079739602e-01, 2.442959898358e-04, 2.6800e+00, 7.1835e-02, 
 2DIAGNOSTIC,    27, -5.557108099491e-01, 1.617567093304e-04, 2.7349e+00, 5.4854e-02, 
 2DIAGNOSTIC,    28, -5.557076532750e-01, 8.628578710776e-05, 2.8166e+00, 8.1704e-02, 
 2DIAGNOSTIC,    29, -5.557069703358e-01, 7.268830363686e-05, 2.8748e+00, 5.8234e-02, 
 2DIAGNOSTIC,    30, -5.557054062234e-01, 6.058677269993e-05, 2.9356e+00, 6.0825e-02, 
 2DIAGNOSTIC,    31, -5.557057212865e-01, 4.525322507712e-05, 2.9955e+00, 5.9830e-02, 
 2DIAGNOSTIC,    32, -5.557039428121e-01, 2.778552320461e-05, 3.0533e+00, 5.7830e-02, 
 2DIAGNOSTIC,    33, -5.557053632077e-01, 1.077957580156e-05, 3.1068e+00, 5.3529e-02, 
DIAGNOSTIC,Iteration,metricValue,convergenceValue,ITERATION_TIME_INDEX,SINCE_LAST
 2DIAGNOSTIC,     1, -5.051227884824e-01, 1.797693134862e+308, 4.0018e+00, 8.9499e-01, 
 2DIAGNOSTIC,     2, -5.054723899461e-01, 1.797693134862e+308, 4.3043e+00, 3.0251e-01, 
 2DIAGNOSTIC,     3, -5.058855439930e-01, 1.797693134862e+308, 4.6058e+00, 3.0151e-01, 
 2DIAGNOSTIC,     4, -5.076789529336e-01, 1.797693134862e+308, 4.9597e+00, 3.5393e-01, 
 2DIAGNOSTIC,     5, -5.077937611810e-01, 1.797693134862e+308, 5.2642e+00, 3.0444e-01, 
 2DIAGNOSTIC,     6, -5.078972614334e-01, 1.797693134862e+308, 5.5670e+00, 3.0279e-01, 
 2DIAGNOSTIC,     7, -5.080410453212e-01, 1.797693134862e+308, 5.8718e+00, 3.0481e-01, 
 2DIAGNOSTIC,     8, -5.081962064051e-01, 1.797693134862e+308, 6.2202e+00, 3.4839e-01, 
 2DIAGNOSTIC,     9, -5.082176177902e-01, 1.797693134862e+308, 6.6032e+00, 3.8300e-01, 
 2DIAGNOSTIC,    10, -5.082317193718e-01, 4.130834669793e-04, 6.9057e+00, 3.0250e-01, 
 2DIAGNOSTIC,    11, -5.082497321256e-01, 2.787463791066e-04, 7.2068e+00, 3.0117e-01, 
 2DIAGNOSTIC,    12, -5.083810532592e-01, 1.649342012556e-04, 7.5321e+00, 3.2527e-01, 
 2DIAGNOSTIC,    13, -5.084585175549e-01, 7.278018237247e-05, 7.8386e+00, 3.0650e-01, 
 2DIAGNOSTIC,    14, -5.084726801554e-01, 5.967971297925e-05, 8.1667e+00, 3.2810e-01, 
 2DIAGNOSTIC,    15, -5.085359115834e-01, 4.986711748114e-05, 8.5176e+00, 3.5091e-01, 
 2DIAGNOSTIC,    16, -5.085626723972e-01, 4.135331512176e-05, 8.8215e+00, 3.0382e-01, 
 2DIAGNOSTIC,    17, -5.085858801749e-01, 3.550991219930e-05, 9.1254e+00, 3.0400e-01, 
 2DIAGNOSTIC,    18, -5.085974228323e-01, 3.235230935079e-05, 9.4733e+00, 3.4781e-01, 
 2DIAGNOSTIC,    19, -5.086013253588e-01, 2.748574044763e-05, 1.0004e+01, 5.3102e-01, 
 2DIAGNOSTIC,    20, -5.086023238051e-01, 2.117331220653e-05, 1.0358e+01, 3.5422e-01, 
 2DIAGNOSTIC,    21, -5.086024565174e-01, 1.403793452207e-05, 1.0680e+01, 3.2161e-01, 
 2DIAGNOSTIC,    22, -5.086024301818e-01, 9.684574672979e-06, 1.1005e+01, 3.2508e-01, 
 2DIAGNOSTIC,    23, -5.086022674273e-01, 6.832586899513e-06, 1.1305e+01, 3.0006e-01, 
 2DIAGNOSTIC,    24, -5.086023723282e-01, 4.012077203713e-06, 1.1628e+01, 3.2301e-01, 
 2DIAGNOSTIC,    25, -5.086026326775e-01, 2.578604783830e-06, 1.1963e+01, 3.3430e-01, 
 2DIAGNOSTIC,    26, -5.086026128498e-01, 1.697896930261e-06, 1.2278e+01, 3.1579e-01, 
 2DIAGNOSTIC,    27, -5.086023828839e-01, 1.308575342675e-06, 1.2603e+01, 3.2455e-01, 
 2DIAGNOSTIC,    28, -5.086023485609e-01, 1.163123806054e-06, 1.2906e+01, 3.0274e-01, 
 2DIAGNOSTIC,    29, -5.086022545390e-01, 1.098114528801e-06, 1.3234e+01, 3.2825e-01, 
 2DIAGNOSTIC,    30, -5.086023688232e-01, 1.057934309122e-06, 1.3553e+01, 3.1862e-01, 
 2DIAGNOSTIC,    31, -5.086022549648e-01, 1.020934673551e-06, 1.3886e+01, 3.3382e-01, 
  Elapsed time (stage 1): 1.4151e+01


Stage 2
  iterations = 100x70x50x20
  convergence threshold = 1.0000e-06
  convergence window size = 10
  number of levels = 4
  using the CC metric (radius = 4, weight = 1.0000e+00, use gradient filter = 0)
  preprocessing:  winsorizing the image intensities
  Shrink factors (level 1 out of 4): [8, 8, 8]
  Shrink factors (level 2 out of 4): [4, 4, 4]
  Shrink factors (level 3 out of 4): [2, 2, 2]
  Shrink factors (level 4 out of 4): [1, 1, 1]
  smoothing sigmas per level: [3, 2, 1, 0]
  Using default NONE metricSamplingStrategy 

*** Running SyN registration (varianceForUpdateField = 3.0000e+00, varianceForTotalField = 0.0000e+00) ***

XXDIAGNOSTIC,Iteration,metricValue,convergenceValue,ITERATION_TIME_INDEX,SINCE_LAST
 1DIAGNOSTIC,     1, -8.476373679857e-01, 1.797693134862e+308, 1.5674e-01, 1.5674e-01, 
 1DIAGNOSTIC,     2, -8.641638414502e-01, 1.797693134862e+308, 2.3600e-01, 7.9259e-02, 
 1DIAGNOSTIC,     3, -8.793220923933e-01, 1.797693134862e+308, 3.2200e-01, 8.6005e-02, 
 1DIAGNOSTIC,     4, -8.928437975538e-01, 1.797693134862e+308, 4.1119e-01, 8.9182e-02, 
 1DIAGNOSTIC,     5, -9.021565208834e-01, 1.797693134862e+308, 4.9978e-01, 8.8593e-02, 
 1DIAGNOSTIC,     6, -9.102170150115e-01, 1.797693134862e+308, 5.7950e-01, 7.9725e-02, 
 1DIAGNOSTIC,     7, -9.156448917148e-01, 1.797693134862e+308, 6.6060e-01, 8.1096e-02, 
 1DIAGNOSTIC,     8, -9.197433491358e-01, 1.797693134862e+308, 7.5220e-01, 9.1600e-02, 
 1DIAGNOSTIC,     9, -9.225270896228e-01, 1.797693134862e+308, 8.3081e-01, 7.8611e-02, 
 1DIAGNOSTIC,    10, -9.245738705438e-01, 5.329812672010e-03, 9.1489e-01, 8.4076e-02, 
 1DIAGNOSTIC,    11, -9.262288289224e-01, 3.777397877688e-03, 1.0051e+00, 9.0176e-02, 
 1DIAGNOSTIC,    12, -9.276989246765e-01, 2.618583204110e-03, 1.0836e+00, 7.8555e-02, 
 1DIAGNOSTIC,    13, -9.289631975703e-01, 1.797958556186e-03, 1.1677e+00, 8.4075e-02, 
 1DIAGNOSTIC,    14, -9.300814248898e-01, 1.259259082094e-03, 1.2633e+00, 9.5603e-02, 
 1DIAGNOSTIC,    15, -9.310434562590e-01, 8.909004267479e-04, 1.3526e+00, 8.9263e-02, 
 1DIAGNOSTIC,    16, -9.318741827281e-01, 6.600281932123e-04, 1.4416e+00, 8.9074e-02, 
 1DIAGNOSTIC,    17, -9.325462300251e-01, 5.069010295286e-04, 1.5211e+00, 7.9495e-02, 
 1DIAGNOSTIC,    18, -9.330683885276e-01, 4.036289468719e-04, 1.6215e+00, 1.0038e-01, 
 1DIAGNOSTIC,    19, -9.334871051002e-01, 3.261342501081e-04, 1.7144e+00, 9.2880e-02, 
 1DIAGNOSTIC,    20, -9.338353296612e-01, 2.632278807760e-04, 1.8130e+00, 9.8596e-02, 
 1DIAGNOSTIC,    21, -9.341272529251e-01, 2.104982694265e-04, 1.9050e+00, 9.2027e-02, 
 1DIAGNOSTIC,    22, -9.343854720174e-01, 1.672387649239e-04, 1.9904e+00, 8.5438e-02, 
 1DIAGNOSTIC,    23, -9.346207740687e-01, 1.322797534873e-04, 2.0732e+00, 8.2768e-02, 
 1DIAGNOSTIC,    24, -9.348511046988e-01, 1.052259095278e-04, 2.1714e+00, 9.8181e-02, 
 1DIAGNOSTIC,    25, -9.350830908088e-01, 8.521763368010e-05, 2.2538e+00, 8.2439e-02, 
 1DIAGNOSTIC,    26, -9.353247295547e-01, 7.148205925722e-05, 2.3386e+00, 8.4795e-02, 
 1DIAGNOSTIC,    27, -9.355770841190e-01, 6.262403278651e-05, 2.4289e+00, 9.0287e-02, 
 1DIAGNOSTIC,    28, -9.358480289121e-01, 5.726270212818e-05, 2.5122e+00, 8.3300e-02, 
 1DIAGNOSTIC,    29, -9.361361546232e-01, 5.441142891771e-05, 2.5922e+00, 7.9959e-02, 
 1DIAGNOSTIC,    30, -9.364468944185e-01, 5.340983532087e-05, 2.6782e+00, 8.6040e-02, 
 1DIAGNOSTIC,    31, -9.367864429003e-01, 5.372562052358e-05, 2.7596e+00, 8.1347e-02, 
 1DIAGNOSTIC,    32, -9.370765111337e-01, 5.423733946391e-05, 2.8500e+00, 9.0428e-02, 
 1DIAGNOSTIC,    33, -9.374112949189e-01, 5.493900730755e-05, 2.9399e+00, 8.9898e-02, 
 1DIAGNOSTIC,    34, -9.377925983463e-01, 5.595014612522e-05, 3.0288e+00, 8.8915e-02, 
 1DIAGNOSTIC,    35, -9.382241027797e-01, 5.743013188285e-05, 3.1196e+00, 9.0829e-02, 
 1DIAGNOSTIC,    36, -9.387089121277e-01, 5.957915539714e-05, 3.2180e+00, 9.8330e-02, 
 1DIAGNOSTIC,    37, -9.392428268548e-01, 6.248407459054e-05, 3.3053e+00, 8.7375e-02, 
 1DIAGNOSTIC,    38, -9.397463622555e-01, 6.555309719961e-05, 3.3873e+00, 8.1991e-02, 
 1DIAGNOSTIC,    39, -9.404057738662e-01, 6.968505126536e-05, 3.4688e+00, 8.1499e-02, 
 1DIAGNOSTIC,    40, -9.410079126998e-01, 7.393053457534e-05, 3.5630e+00, 9.4155e-02, 
 1DIAGNOSTIC,    41, -9.416575510217e-01, 7.831155249692e-05, 3.6511e+00, 8.8158e-02, 
 1DIAGNOSTIC,    42, -9.422483565726e-01, 8.143156522388e-05, 3.7306e+00, 7.9499e-02, 
 1DIAGNOSTIC,    43, -9.427835074301e-01, 8.283154369037e-05, 3.8229e+00, 9.2243e-02, 
 1DIAGNOSTIC,    44, -9.433486751364e-01, 8.284156300827e-05, 3.9172e+00, 9.4310e-02, 
 1DIAGNOSTIC,    45, -9.436963787184e-01, 8.020809927033e-05, 3.9977e+00, 8.0465e-02, 
 1DIAGNOSTIC,    46, -9.440159134447e-01, 7.538721649669e-05, 4.0717e+00, 7.4081e-02, 
 1DIAGNOSTIC,    47, -9.443110038419e-01, 6.898319985254e-05, 4.1515e+00, 7.9772e-02, 
 1DIAGNOSTIC,    48, -9.445837005683e-01, 6.117567224182e-05, 4.2394e+00, 8.7902e-02, 
 1DIAGNOSTIC,    49, -9.448334133216e-01, 5.350018750377e-05, 4.3328e+00, 9.3407e-02, 
 1DIAGNOSTIC,    50, -9.450586991379e-01, 4.606703601057e-05, 4.4176e+00, 8.4752e-02, 
 1DIAGNOSTIC,    51, -9.452598534419e-01, 3.962789319658e-05, 4.5090e+00, 9.1456e-02, 
 1DIAGNOSTIC,    52, -9.454396778525e-01, 3.417717432636e-05, 4.6036e+00, 9.4530e-02, 
 1DIAGNOSTIC,    53, -9.456897710610e-01, 3.017089856293e-05, 4.6902e+00, 8.6642e-02, 
 1DIAGNOSTIC,    54, -9.458163820942e-01, 2.733981885181e-05, 4.7780e+00, 8.7839e-02, 
 1DIAGNOSTIC,    55, -9.460275131994e-01, 2.512441273426e-05, 4.8650e+00, 8.6926e-02, 
 1DIAGNOSTIC,    56, -9.461207501728e-01, 2.284773717795e-05, 4.9571e+00, 9.2103e-02, 
 1DIAGNOSTIC,    57, -9.462109511925e-01, 2.055442373107e-05, 5.0555e+00, 9.8480e-02, 
 1DIAGNOSTIC,    58, -9.462956119919e-01, 1.827640090390e-05, 5.1422e+00, 8.6687e-02, 
 1DIAGNOSTIC,    59, -9.463778178191e-01, 1.606453526355e-05, 5.2270e+00, 8.4780e-02, 
 1DIAGNOSTIC,    60, -9.464705281510e-01, 1.403233606564e-05, 5.3072e+00, 8.0136e-02, 
 1DIAGNOSTIC,    61, -9.465420665348e-01, 1.211729740569e-05, 5.3972e+00, 9.0027e-02, 
 1DIAGNOSTIC,    62, -9.466017500910e-01, 1.030781922521e-05, 5.4793e+00, 8.2127e-02, 
 1DIAGNOSTIC,    63, -9.466509707961e-01, 9.057664369039e-06, 5.5677e+00, 8.8348e-02, 
 1DIAGNOSTIC,    64, -9.466899452288e-01, 7.788732876966e-06, 5.6494e+00, 8.1713e-02, 
 1DIAGNOSTIC,    65, -9.467172331318e-01, 6.966251101945e-06, 5.7313e+00, 8.1904e-02, 
 1DIAGNOSTIC,    66, -9.467351320296e-01, 6.051679147173e-06, 5.8153e+00, 8.4016e-02, 
 1DIAGNOSTIC,    67, -9.467448753088e-01, 5.078779403069e-06, 5.9003e+00, 8.5057e-02, 
 1DIAGNOSTIC,    68, -9.467509665081e-01, 4.094121393360e-06, 5.9933e+00, 9.2992e-02, 
 1DIAGNOSTIC,    69, -9.467535042628e-01, 3.156502427212e-06, 6.0817e+00, 8.8391e-02, 
 1DIAGNOSTIC,    70, -9.467544313621e-01, 2.389250561306e-06, 6.1813e+00, 9.9531e-02, 
 1DIAGNOSTIC,    71, -9.467512884733e-01, 1.747455007608e-06, 6.2683e+00, 8.7019e-02, 
 1DIAGNOSTIC,    72, -9.467452585666e-01, 1.223048649569e-06, 6.3479e+00, 7.9622e-02, 
 1DIAGNOSTIC,    73, -9.467349602876e-01, 7.984637993008e-07, 6.4241e+00, 7.6220e-02, 
XXDIAGNOSTIC,Iteration,metricValue,convergenceValue,ITERATION_TIME_INDEX,SINCE_LAST
 1DIAGNOSTIC,     1, -8.698167975111e-01, 1.797693134862e+308, 6.9191e+00, 4.9501e-01, 
 1DIAGNOSTIC,     2, -8.725316136368e-01, 1.797693134862e+308, 7.2881e+00, 3.6896e-01, 
 1DIAGNOSTIC,     3, -8.754734180983e-01, 1.797693134862e+308, 7.6456e+00, 3.5755e-01, 
 1DIAGNOSTIC,     4, -8.780883509181e-01, 1.797693134862e+308, 8.0150e+00, 3.6935e-01, 
 1DIAGNOSTIC,     5, -8.803230472539e-01, 1.797693134862e+308, 8.3714e+00, 3.5644e-01, 
 1DIAGNOSTIC,     6, -8.822610090931e-01, 1.797693134862e+308, 8.7349e+00, 3.6344e-01, 
 1DIAGNOSTIC,     7, -8.838325202222e-01, 1.797693134862e+308, 9.1073e+00, 3.7246e-01, 
 1DIAGNOSTIC,     8, -8.852257599543e-01, 1.797693134862e+308, 9.4526e+00, 3.4529e-01, 
 1DIAGNOSTIC,     9, -8.864659497338e-01, 1.797693134862e+308, 9.8137e+00, 3.6109e-01, 
 1DIAGNOSTIC,    10, -8.875890533489e-01, 1.288172394042e-03, 1.0181e+01, 3.6724e-01, 
 1DIAGNOSTIC,    11, -8.886156767957e-01, 1.032329192515e-03, 1.0550e+01, 3.6883e-01, 
 1DIAGNOSTIC,    12, -8.895428442604e-01, 8.236334578886e-04, 1.0904e+01, 3.5420e-01, 
 1DIAGNOSTIC,    13, -8.903754936643e-01, 6.655687406337e-04, 1.1266e+01, 3.6173e-01, 
 1DIAGNOSTIC,    14, -8.910774355068e-01, 5.453697132323e-04, 1.1622e+01, 3.5583e-01, 
 1DIAGNOSTIC,    15, -8.916798469456e-01, 4.518305244907e-04, 1.1980e+01, 3.5854e-01, 
 1DIAGNOSTIC,    16, -8.922011978398e-01, 3.777041061206e-04, 1.2363e+01, 3.8332e-01, 
 1DIAGNOSTIC,    17, -8.926667596821e-01, 3.158139251126e-04, 1.2727e+01, 3.6337e-01, 
 1DIAGNOSTIC,    18, -8.929271317317e-01, 2.609663631813e-04, 1.3078e+01, 3.5082e-01, 
 1DIAGNOSTIC,    19, -8.931728129533e-01, 2.127744302715e-04, 1.3455e+01, 3.7777e-01, 
 1DIAGNOSTIC,    20, -8.933973232176e-01, 1.711979730129e-04, 1.3809e+01, 3.5335e-01, 
 1DIAGNOSTIC,    21, -8.936100966532e-01, 1.364846463715e-04, 1.4155e+01, 3.4655e-01, 
 1DIAGNOSTIC,    22, -8.938178942475e-01, 1.086632965168e-04, 1.4516e+01, 3.6106e-01, 
 1DIAGNOSTIC,    23, -8.940242915308e-01, 8.757374734547e-05, 1.4862e+01, 3.4601e-01, 
 1DIAGNOSTIC,    24, -8.942209278456e-01, 7.204854914140e-05, 1.5213e+01, 3.5098e-01, 
 1DIAGNOSTIC,    25, -8.944197233598e-01, 6.126667343587e-05, 1.5562e+01, 3.4894e-01, 
 1DIAGNOSTIC,    26, -8.946154040646e-01, 5.436868363973e-05, 1.5925e+01, 3.6302e-01, 
 1DIAGNOSTIC,    27, -8.948204884906e-01, 5.086074300054e-05, 1.6295e+01, 3.7015e-01, 
 1DIAGNOSTIC,    28, -8.950214552592e-01, 4.812228727295e-05, 1.6645e+01, 3.4941e-01, 
 1DIAGNOSTIC,    29, -8.952142927639e-01, 4.591529661577e-05, 1.7023e+01, 3.7832e-01, 
 1DIAGNOSTIC,    30, -8.954056448244e-01, 4.400180346020e-05, 1.7374e+01, 3.5094e-01, 
 1DIAGNOSTIC,    31, -8.955728716976e-01, 4.201710120188e-05, 1.7738e+01, 3.6409e-01, 
 1DIAGNOSTIC,    32, -8.957231876823e-01, 3.980559211642e-05, 1.8106e+01, 3.6781e-01, 
 1DIAGNOSTIC,    33, -8.958546332155e-01, 3.728084932557e-05, 1.8477e+01, 3.7056e-01, 
 1DIAGNOSTIC,    34, -8.959631057008e-01, 3.428896768617e-05, 1.8845e+01, 3.6857e-01, 
 1DIAGNOSTIC,    35, -8.960389219050e-01, 3.077532351672e-05, 1.9218e+01, 3.7300e-01, 
 1DIAGNOSTIC,    36, -8.960987558866e-01, 2.685792348833e-05, 1.9580e+01, 3.6162e-01, 
 1DIAGNOSTIC,    37, -8.961393887641e-01, 2.277721384987e-05, 1.9936e+01, 3.5627e-01, 
 1DIAGNOSTIC,    38, -8.961640695585e-01, 1.869755143028e-05, 2.0283e+01, 3.4698e-01, 
 1DIAGNOSTIC,    39, -8.961720135147e-01, 1.474680490574e-05, 2.0645e+01, 3.6183e-01, 
 1DIAGNOSTIC,    40, -8.961600750098e-01, 1.108228074891e-05, 2.1005e+01, 3.6050e-01, 
 1DIAGNOSTIC,    41, -8.961406913384e-01, 7.754996480133e-06, 2.1399e+01, 3.9356e-01, 
 1DIAGNOSTIC,    42, -8.961068521493e-01, 4.793213437583e-06, 2.1755e+01, 3.5603e-01, 
 1DIAGNOSTIC,    43, -8.960711564110e-01, 2.285727900148e-06, 2.2107e+01, 3.5191e-01, 
 1DIAGNOSTIC,    44, -8.960056534917e-01, 5.212405133209e-08, 2.2463e+01, 3.5639e-01, 
XXDIAGNOSTIC,Iteration,metricValue,convergenceValue,ITERATION_TIME_INDEX,SINCE_LAST
 1DIAGNOSTIC,     1, -8.447832869068e-01, 1.797693134862e+308, 2.4972e+01, 2.5092e+00, 
 1DIAGNOSTIC,     2, -8.466388152962e-01, 1.797693134862e+308, 2.7173e+01, 2.2006e+00, 
 1DIAGNOSTIC,     3, -8.489179888254e-01, 1.797693134862e+308, 2.9324e+01, 2.1509e+00, 
 1DIAGNOSTIC,     4, -8.511329010804e-01, 1.797693134862e+308, 3.1577e+01, 2.2526e+00, 
 1DIAGNOSTIC,     5, -8.532513937418e-01, 1.797693134862e+308, 3.3879e+01, 2.3028e+00, 
 1DIAGNOSTIC,     6, -8.549690853042e-01, 1.797693134862e+308, 3.6088e+01, 2.2091e+00, 
 1DIAGNOSTIC,     7, -8.564910290915e-01, 1.797693134862e+308, 3.8352e+01, 2.2630e+00, 
 1DIAGNOSTIC,     8, -8.578581801161e-01, 1.797693134862e+308, 4.0671e+01, 2.3197e+00, 
 1DIAGNOSTIC,     9, -8.590925190692e-01, 1.797693134862e+308, 4.2899e+01, 2.2278e+00, 
 1DIAGNOSTIC,    10, -8.602133821483e-01, 1.181273021145e-03, 4.4981e+01, 2.0824e+00, 
 1DIAGNOSTIC,    11, -8.612366944033e-01, 9.847801017248e-04, 4.7095e+01, 2.1135e+00, 
 1DIAGNOSTIC,    12, -8.621769800524e-01, 8.096882403471e-04, 4.9225e+01, 2.1304e+00, 
 1DIAGNOSTIC,    13, -8.630514011443e-01, 6.684732881819e-04, 5.1413e+01, 2.1871e+00, 
 1DIAGNOSTIC,    14, -8.638647376804e-01, 5.579261431362e-04, 5.3589e+01, 2.1760e+00, 
 1DIAGNOSTIC,    15, -8.646288578029e-01, 4.745505166943e-04, 5.5739e+01, 2.1501e+00, 
 1DIAGNOSTIC,    16, -8.653446336345e-01, 4.081881385202e-04, 5.8002e+01, 2.2629e+00, 
 1DIAGNOSTIC,    17, -8.660151231074e-01, 3.545272541121e-04, 6.0164e+01, 2.1628e+00, 
 1DIAGNOSTIC,    18, -8.666557462198e-01, 3.108017569148e-04, 6.2365e+01, 2.2012e+00, 
 1DIAGNOSTIC,    19, -8.672601276272e-01, 2.747260498246e-04, 6.4502e+01, 2.1370e+00, 
 1DIAGNOSTIC,    20, -8.678387804916e-01, 2.446907978692e-04, 6.6610e+01, 2.1080e+00, 
 1DIAGNOSTIC,    21, -8.683978165806e-01, 2.195123773133e-04, 6.8777e+01, 2.1671e+00, 
 1DIAGNOSTIC,    22, -8.689399754576e-01, 1.982908101041e-04, 7.0942e+01, 2.1649e+00, 
 1DIAGNOSTIC,    23, -8.694714690641e-01, 1.804637987781e-04, 7.3096e+01, 2.1535e+00, 
 1DIAGNOSTIC,    24, -8.699874134084e-01, 1.654135155883e-04, 7.5271e+01, 2.1746e+00, 
 1DIAGNOSTIC,    25, -8.704914166886e-01, 1.527102160583e-04, 7.7393e+01, 2.1225e+00, 
 1DIAGNOSTIC,    26, -8.709873885165e-01, 1.419418293608e-04, 7.9572e+01, 2.1785e+00, 
 1DIAGNOSTIC,    27, -8.714727653040e-01, 1.326670555795e-04, 8.1869e+01, 2.2973e+00, 
 1DIAGNOSTIC,    28, -8.719533476344e-01, 1.246985772934e-04, 8.4103e+01, 2.2337e+00, 
 1DIAGNOSTIC,    29, -8.724241048154e-01, 1.176820487894e-04, 8.6267e+01, 2.1642e+00, 
 1DIAGNOSTIC,    30, -8.728840081266e-01, 1.113780193579e-04, 8.8422e+01, 2.1551e+00, 
 1DIAGNOSTIC,    31, -8.733310785914e-01, 1.055982732686e-04, 9.0667e+01, 2.2450e+00, 
 1DIAGNOSTIC,    32, -8.737653889585e-01, 1.001942119559e-04, 9.2881e+01, 2.2142e+00, 
 1DIAGNOSTIC,    33, -8.741828262611e-01, 9.505656044162e-05, 9.5063e+01, 2.1814e+00, 
 1DIAGNOSTIC,    34, -8.745902982589e-01, 9.011511150234e-05, 9.7252e+01, 2.1892e+00, 
 1DIAGNOSTIC,    35, -8.749851238861e-01, 8.532439355597e-05, 9.9432e+01, 2.1807e+00, 
 1DIAGNOSTIC,    36, -8.753670062503e-01, 8.069146975253e-05, 1.0172e+02, 2.2840e+00, 
 1DIAGNOSTIC,    37, -8.757410691054e-01, 7.625465558220e-05, 1.0388e+02, 2.1650e+00, 
 1DIAGNOSTIC,    38, -8.761047315454e-01, 7.208092584946e-05, 1.0607e+02, 2.1868e+00, 
 1DIAGNOSTIC,    39, -8.764622952078e-01, 6.822189894328e-05, 1.0827e+02, 2.1983e+00, 
 1DIAGNOSTIC,    40, -8.768086264625e-01, 6.466348715453e-05, 1.1042e+02, 2.1552e+00, 
 1DIAGNOSTIC,    41, -8.771514469648e-01, 6.143050511327e-05, 1.1259e+02, 2.1693e+00, 
 1DIAGNOSTIC,    42, -8.774786823406e-01, 5.843628673670e-05, 1.1474e+02, 2.1526e+00, 
 1DIAGNOSTIC,    43, -8.777973075682e-01, 5.561711873980e-05, 1.1697e+02, 2.2220e+00, 
 1DIAGNOSTIC,    44, -8.781126615489e-01, 5.300227614552e-05, 1.1911e+02, 2.1490e+00, 
 1DIAGNOSTIC,    45, -8.784153308848e-01, 5.052172970910e-05, 1.2132e+02, 2.2031e+00, 
 1DIAGNOSTIC,    46, -8.787085235223e-01, 4.813265348278e-05, 1.2347e+02, 2.1494e+00, 
 1DIAGNOSTIC,    47, -8.789921783955e-01, 4.583335014464e-05, 1.2564e+02, 2.1745e+00, 
 1DIAGNOSTIC,    48, -8.792557225024e-01, 4.353197241338e-05, 1.2782e+02, 2.1816e+00, 
 1DIAGNOSTIC,    49, -8.795036577568e-01, 4.121464288417e-05, 1.3002e+02, 2.2000e+00, 
 1DIAGNOSTIC,    50, -8.797403234724e-01, 3.887151040623e-05, 1.3226e+02, 2.2372e+00, 
XXDIAGNOSTIC,Iteration,metricValue,convergenceValue,ITERATION_TIME_INDEX,SINCE_LAST
 1DIAGNOSTIC,     1, -8.433508689777e-01, 1.797693134862e+308, 1.4940e+02, 1.7141e+01, 
 1DIAGNOSTIC,     2, -8.443873001559e-01, 1.797693134862e+308, 1.6598e+02, 1.6580e+01, 
 1DIAGNOSTIC,     3, -8.456553532790e-01, 1.797693134862e+308, 1.8252e+02, 1.6536e+01, 
 1DIAGNOSTIC,     4, -8.469134739083e-01, 1.797693134862e+308, 1.9953e+02, 1.7009e+01, 
 1DIAGNOSTIC,     5, -8.480808513985e-01, 1.797693134862e+308, 2.1626e+02, 1.6731e+01, 
 1DIAGNOSTIC,     6, -8.490704191141e-01, 1.797693134862e+308, 2.3289e+02, 1.6637e+01, 
 1DIAGNOSTIC,     7, -8.499901797363e-01, 1.797693134862e+308, 2.4979e+02, 1.6893e+01, 
 1DIAGNOSTIC,     8, -8.508471232504e-01, 1.797693134862e+308, 2.6643e+02, 1.6645e+01, 
 1DIAGNOSTIC,     9, -8.515883244757e-01, 1.797693134862e+308, 2.8317e+02, 1.6734e+01, 
 1DIAGNOSTIC,    10, -8.523737022669e-01, 6.920308463233e-04, 2.9996e+02, 1.6795e+01, 
 1DIAGNOSTIC,    11, -8.530659399943e-01, 5.896665869683e-04, 3.1683e+02, 1.6869e+01, 
 1DIAGNOSTIC,    12, -8.536714311301e-01, 4.969893000192e-04, 3.3376e+02, 1.6934e+01, 
 1DIAGNOSTIC,    13, -8.542544283787e-01, 4.210595515896e-04, 3.5071e+02, 1.6945e+01, 
 1DIAGNOSTIC,    14, -8.548312905344e-01, 3.612871129160e-04, 3.6743e+02, 1.6725e+01, 
 1DIAGNOSTIC,    15, -8.553814359517e-01, 3.145476599363e-04, 3.8436e+02, 1.6926e+01, 
 1DIAGNOSTIC,    16, -8.558952432605e-01, 2.760107815192e-04, 4.0123e+02, 1.6873e+01, 
 1DIAGNOSTIC,    17, -8.563872350185e-01, 2.442224636079e-04, 4.1825e+02, 1.7015e+01, 
 1DIAGNOSTIC,    18, -8.568554209305e-01, 2.179267063492e-04, 4.3521e+02, 1.6962e+01, 
 1DIAGNOSTIC,    19, -8.572861876642e-01, 1.946692795678e-04, 4.5219e+02, 1.6980e+01, 
 1DIAGNOSTIC,    20, -8.576874578189e-01, 1.753647236064e-04, 4.6908e+02, 1.6891e+01, 
  Elapsed time (stage 2): 469.4


Total elapsed time: 494.2
 Registration finished. The antsRegistration call was:
--------------------------------------------------------------------------------------
/opt/ants/bin/antsRegistration --verbose 1 --dimensionality 3 --float 0 --collapse-output-transforms 1 --output [ /data/derivatives/ants/registrationSyN/sub-s032/ses-open/anat/,/data/derivatives/ants/registrationSyN/sub-s032/ses-open/anat/Warped.nii.gz,/data/derivatives/ants/registrationSyN/sub-s032/ses-open/anat/InverseWarped.nii.gz ] --interpolation Linear --use-histogram-matching 0 --winsorize-image-intensities [ 0.005,0.995 ] --initial-moving-transform [ /templateflow/tpl-MNI152NLin2009cAsym//tpl-MNI152NLin2009cAsym_res-01_desc-brain_T1w.nii.gz,/data/derivatives/fsl/fast/sub-s032/ses-open/anat/BrainExtractionBrain_seg.nii.gz,1 ] --transform Rigid[ 0.1 ] --metric MI[ /templateflow/tpl-MNI152NLin2009cAsym//tpl-MNI152NLin2009cAsym_res-01_desc-brain_T1w.nii.gz,/data/derivatives/fsl/fast/sub-s032/ses-open/anat/BrainExtractionBrain_seg.nii.gz,1,32,Regular,0.25 ] --convergence [ 1000x500x250x100,1e-6,10 ] --shrink-factors 8x4x2x1 --smoothing-sigmas 3x2x1x0vox --transform Affine[ 0.1 ] --metric MI[ /templateflow/tpl-MNI152NLin2009cAsym//tpl-MNI152NLin2009cAsym_res-01_desc-brain_T1w.nii.gz,/data/derivatives/fsl/fast/sub-s032/ses-open/anat/BrainExtractionBrain_seg.nii.gz,1,32,Regular,0.25 ] --convergence [ 1000x500x250x100,1e-6,10 ] --shrink-factors 8x4x2x1 --smoothing-sigmas 3x2x1x0vox --transform SyN[ 0.1,3,0 ] --metric CC[ /templateflow/tpl-MNI152NLin2009cAsym//tpl-MNI152NLin2009cAsym_res-01_desc-brain_T1w.nii.gz,/data/derivatives/fsl/fast/sub-s032/ses-open/anat/BrainExtractionBrain_seg.nii.gz,1,4 ] --convergence [ 100x70x50x20,1e-6,10 ] --shrink-factors 8x4x2x1 --smoothing-sigmas 3x2x1x0vox
--------------------------------------------------------------------------------------
Moving image resampled into fixed space: /data/derivatives/ants/registrationSyN/sub-s032/ses-open/anat/Warped.nii.gz
Fixed image resampled into moving space: /data/derivatives/ants/registrationSyN/sub-s032/ses-open/anat/InverseWarped.nii.gz
--------------------------------------------------------------------------------------
Elapsed Time: 498.299s
    SP GFLOPS: 0.000
    DP GFLOPS: 16.716
    x87 GFLOPS: 0.000
    CPI Rate: 0.486
    Average CPU Frequency: 2.759 GHz
    Total Thread Count: 77
Effective Physical Core Utilization: 74.5% (23.828 out of 32)
 | The metric value is low, which may signal a poor physical CPU cores
 | utilization caused by:
 |     - load imbalance
 |     - threading runtime overhead
 |     - contended synchronization
 |     - thread/process underutilization
 |     - incorrect affinity that utilizes logical cores instead of physical
 |       cores
 | Explore sub-metrics to estimate the efficiency of MPI and OpenMP parallelism
 | or run the Locks and Waits analysis to identify parallel bottlenecks for
 | other parallel runtimes.
 |
    Effective Logical Core Utilization: 39.2% (25.101 out of 64)
     | The metric value is low, which may signal a poor logical CPU cores
     | utilization. Consider improving physical core utilization as the first
     | step and then look at opportunities to utilize logical cores, which in
     | some cases can improve processor throughput and overall performance of
     | multi-threaded applications.
     |
Memory Bound: 16.3% of Pipeline Slots
    Cache Bound: 9.1% of Clockticks
    DRAM Bound: 0.5% of Clockticks
        DRAM Bandwidth Bound: 0.1% of Elapsed Time
    NUMA: % of Remote Accesses: 0.0%

    Bandwidth Utilization
    Bandwidth Domain             Platform Maximum  Observed Maximum  Average  % of Elapsed Time with High BW Utilization(%)
    ---------------------------  ----------------  ----------------  -------  ---------------------------------------------
    DRAM, GB/sec                 214                        136.100    3.171                                           0.0%
    DRAM Single-Package, GB/sec  107                        135.500    2.521                                           0.1%
Vectorization: 0.0% of Packed FP Operations
 | This code has floating point operations and is not vectorized. Consider
 | either recompiling the code with optimization options that allow
 | vectorization or using Intel Advisor to vectorize the loops.
 |
    Instruction Mix
        SP FLOPs: 0.0% of uOps
            Packed: 0.0% from SP FP
                128-bit: 0.0% from SP FP
                256-bit: 0.0% from SP FP
                512-bit: 0.0% from SP FP
            Scalar: 0.0% from SP FP
        DP FLOPs: 14.9% of uOps
            Packed: 0.0% from DP FP
                128-bit: 0.0% from DP FP
                256-bit: 0.0% from DP FP
                512-bit: 0.0% from DP FP
            Scalar: 100.0% from DP FP
             | This code has floating point operations and is not vectorized.
             | Consider either recompiling the code with optimization options
             | that allow vectorization or using Intel Advisor to vectorize the
             | loops.
             |
        x87 FLOPs: 0.0% of uOps
        Non-FP: 85.1% of uOps
    FP Arith/Mem Rd Instr. Ratio: 0.662
    FP Arith/Mem Wr Instr. Ratio: 1.341
Collection and Platform Info
    Application Command Line: bash "tmp-scripts/Zqot8mb06Q3DhhQxScwtF0Sss3UD0Ao2.sh" 
    Operating System: 4.18.0-477.10.1.el8_lustre.x86_64 DISTRIB_ID=Ubuntu DISTRIB_RELEASE=20.04 DISTRIB_CODENAME=focal DISTRIB_DESCRIPTION="Ubuntu 20.04.5 LTS"
    Computer Name: comp03
    Result Size: 4.6 GB 
    Collection start time: 08:02:50 26/11/2023 UTC
    Collection stop time: 08:11:09 26/11/2023 UTC
    Collector Type: Driverless Perf per-process sampling
    CPU
        Name: Intel(R) Xeon(R) Processor code named Skylake
        Frequency: 2.095 GHz
        Logical CPU Count: 64
        Max DRAM Single-Package Bandwidth: 107.000 GB/s
        LLC size: 23.1 MB 

If you want to skip descriptions of detected performance issues in the report,
enter: vtune -report summary -report-knob show-issues=false -r <my_result_dir>.
Alternatively, you may view the report in the csv format: vtune -report
<report_name> -format=csv.
